

================================================================
== Vitis HLS Report for 'video_2dfilter_linebuffer'
================================================================
* Date:           Sat Mar 26 13:59:16 2022

* Version:        2021.2 (Build 3367213 on Tue Oct 19 02:48:09 MDT 2021)
* Project:        labB_opt2
* Solution:       solution1 (Vivado IP Flow Target)
* Product family: zynq
* Target device:  xc7z020-clg400-1


================================================================
== Performance Estimates
================================================================
+ Timing: 
    * Summary: 
    +--------+----------+----------+------------+
    |  Clock |  Target  | Estimated| Uncertainty|
    +--------+----------+----------+------------+
    |ap_clk  |  10.00 ns|  6.992 ns|     2.70 ns|
    +--------+----------+----------+------------+

+ Latency: 
    * Summary: 
    +---------+---------+----------+----------+-----+-----+------------------------------------------+
    |  Latency (cycles) |  Latency (absolute) |  Interval |                 Pipeline                 |
    |   min   |   max   |    min   |    max   | min | max |                   Type                   |
    +---------+---------+----------+----------+-----+-----+------------------------------------------+
    |      403|      404|  4.030 us|  4.040 us|  400|  400|  loop rewind stp(delay=0 clock cycles(s))|
    +---------+---------+----------+----------+-----+-----+------------------------------------------+

    + Detail: 
        * Instance: 
        N/A

        * Loop: 
        +---------------------+---------+---------+----------+-----------+-----------+------+----------+
        |                     |  Latency (cycles) | Iteration|  Initiation Interval  | Trip |          |
        |      Loop Name      |   min   |   max   |  Latency |  achieved |   target  | Count| Pipelined|
        +---------------------+---------+---------+----------+-----------+-----------+------+----------+
        |- row_loop_col_loop  |      403|      403|         5|          1|          1|   400|  yes(flp)|
        +---------------------+---------+---------+----------+-----------+-----------+------+----------+



================================================================
== Utilization Estimates
================================================================
* Summary: 
+-----------------+---------+-----+--------+-------+-----+
|       Name      | BRAM_18K| DSP |   FF   |  LUT  | URAM|
+-----------------+---------+-----+--------+-------+-----+
|DSP              |        -|    -|       -|      -|    -|
|Expression       |        -|    -|       0|    498|    -|
|FIFO             |        -|    -|       -|      -|    -|
|Instance         |        -|    -|       -|      -|    -|
|Memory           |        0|    -|      96|     18|    0|
|Multiplexer      |        -|    -|       -|    170|    -|
|Register         |        -|    -|     784|    192|    -|
+-----------------+---------+-----+--------+-------+-----+
|Total            |        0|    0|     880|    878|    0|
+-----------------+---------+-----+--------+-------+-----+
|Available        |      280|  220|  106400|  53200|    0|
+-----------------+---------+-----+--------+-------+-----+
|Utilization (%)  |        0|    0|      ~0|      1|    0|
+-----------------+---------+-----+--------+-------+-----+

+ Detail: 
    * Instance: 
    N/A

    * DSP: 
    N/A

    * Memory: 
    +-------------------+-------------------------------+---------+----+----+-----+------+-----+------+-------------+
    |       Memory      |             Module            | BRAM_18K| FF | LUT| URAM| Words| Bits| Banks| W*Bits*Banks|
    +-------------------+-------------------------------+---------+----+----+-----+------+-----+------+-------------+
    |line_buffer_R_1_U  |line_buffer_R_1_RAM_AUTO_1R1W  |        0|  16|   3|    0|    20|    8|     1|          160|
    |line_buffer_G_1_U  |line_buffer_R_1_RAM_AUTO_1R1W  |        0|  16|   3|    0|    20|    8|     1|          160|
    |line_buffer_B_1_U  |line_buffer_R_1_RAM_AUTO_1R1W  |        0|  16|   3|    0|    20|    8|     1|          160|
    |line_buffer_R_U    |line_buffer_R_RAM_AUTO_1R1W    |        0|  16|   3|    0|    20|    8|     1|          160|
    |line_buffer_G_U    |line_buffer_R_RAM_AUTO_1R1W    |        0|  16|   3|    0|    20|    8|     1|          160|
    |line_buffer_B_U    |line_buffer_R_RAM_AUTO_1R1W    |        0|  16|   3|    0|    20|    8|     1|          160|
    +-------------------+-------------------------------+---------+----+----+-----+------+-----+------+-------------+
    |Total              |                               |        0|  96|  18|    0|   120|   48|     6|          960|
    +-------------------+-------------------------------+---------+----+----+-----+------+-----+------+-------------+

    * FIFO: 
    N/A

    * Expression: 
    +-------------------------+----------+----+---+----+------------+------------+
    |      Variable Name      | Operation| DSP| FF| LUT| Bitwidth P0| Bitwidth P1|
    +-------------------------+----------+----+---+----+------------+------------+
    |add_ln10_1_fu_689_p2     |         +|   0|  0|  14|           9|           9|
    |add_ln10_2_fu_699_p2     |         +|   0|  0|  13|          10|          10|
    |add_ln10_fu_679_p2       |         +|   0|  0|  14|           9|           9|
    |add_ln11_1_fu_746_p2     |         +|   0|  0|  14|           9|           9|
    |add_ln11_2_fu_756_p2     |         +|   0|  0|  13|          10|          10|
    |add_ln11_fu_736_p2       |         +|   0|  0|  14|           9|           9|
    |add_ln15_1_fu_778_p2     |         +|   0|  0|  12|          11|          11|
    |add_ln15_2_fu_1021_p2    |         +|   0|  0|  12|          12|          12|
    |add_ln15_3_fu_784_p2     |         +|   0|  0|  14|           9|           9|
    |add_ln15_4_fu_794_p2     |         +|   0|  0|  13|          10|          10|
    |add_ln15_fu_1030_p2      |         +|   0|  0|  12|          12|          12|
    |add_ln16_1_fu_800_p2     |         +|   0|  0|  12|          11|          11|
    |add_ln16_2_fu_1049_p2    |         +|   0|  0|  12|          12|          12|
    |add_ln16_3_fu_806_p2     |         +|   0|  0|  14|           9|           9|
    |add_ln16_4_fu_816_p2     |         +|   0|  0|  13|          10|          10|
    |add_ln16_fu_1058_p2      |         +|   0|  0|  12|          12|          12|
    |add_ln17_1_fu_822_p2     |         +|   0|  0|  12|          11|          11|
    |add_ln17_2_fu_1077_p2    |         +|   0|  0|  12|          12|          12|
    |add_ln17_3_fu_828_p2     |         +|   0|  0|  14|           9|           9|
    |add_ln17_4_fu_838_p2     |         +|   0|  0|  13|          10|          10|
    |add_ln17_fu_1086_p2      |         +|   0|  0|  12|          12|          12|
    |add_ln29_1_fu_434_p2     |         +|   0|  0|  14|           9|           1|
    |add_ln29_fu_396_p2       |         +|   0|  0|  13|           5|           1|
    |add_ln39_1_fu_479_p2     |         +|   0|  0|  12|           9|           9|
    |add_ln39_fu_470_p2       |         +|   0|  0|  12|           9|           9|
    |add_ln9_1_fu_632_p2      |         +|   0|  0|  14|           9|           9|
    |add_ln9_2_fu_642_p2      |         +|   0|  0|  13|          10|          10|
    |add_ln9_fu_622_p2        |         +|   0|  0|  14|           9|           9|
    |col_fu_428_p2            |         +|   0|  0|  13|           5|           1|
    |ap_condition_252         |       and|   0|  0|   2|           1|           1|
    |cmp35_fu_1120_p2         |      icmp|   0|  0|   9|           5|           1|
    |cmp35_mid1_fu_931_p2     |      icmp|   0|  0|   9|           5|           1|
    |cmp37_fu_1125_p2         |      icmp|   0|  0|   9|           5|           5|
    |cmp37_mid1_fu_944_p2     |      icmp|   0|  0|   9|           5|           5|
    |icmp_ln29_fu_446_p2      |      icmp|   0|  0|  11|           9|           8|
    |icmp_ln30_fu_440_p2      |      icmp|   0|  0|   9|           5|           5|
    |icmp_ln41_fu_957_p2      |      icmp|   0|  0|   9|           5|           1|
    |icmp_ln43_fu_962_p2      |      icmp|   0|  0|   9|           5|           5|
    |or_ln41_1_fu_973_p2      |        or|   0|  0|   2|           1|           1|
    |or_ln41_2_fu_979_p2      |        or|   0|  0|   2|           1|           1|
    |or_ln41_fu_967_p2        |        or|   0|  0|   2|           1|           1|
    |row_fu_410_p3            |    select|   0|  0|   5|           1|           5|
    |select_ln29_2_fu_936_p3  |    select|   0|  0|   2|           1|           1|
    |select_ln29_3_fu_949_p3  |    select|   0|  0|   2|           1|           1|
    |select_ln29_fu_402_p3    |    select|   0|  0|   5|           1|           1|
    |select_ln41_fu_1112_p3   |    select|   0|  0|  24|           1|           1|
    |ap_enable_pp0            |       xor|   0|  0|   2|           1|           2|
    +-------------------------+----------+----+---+----+------------+------------+
    |Total                    |          |   0|  0| 498|         337|         313|
    +-------------------------+----------+----+---+----+------------+------------+

    * Multiplexer: 
    +------------------------------------------+----+-----------+-----+-----------+
    |                   Name                   | LUT| Input Size| Bits| Total Bits|
    +------------------------------------------+----+-----------+-----+-----------+
    |ap_NS_fsm                                 |  14|          3|    1|          3|
    |ap_enable_reg_pp0_iter1                   |   9|          2|    1|          2|
    |ap_enable_reg_pp0_iter4                   |   9|          2|    1|          2|
    |ap_phi_mux_cmp3523_phi_fu_386_p6          |  14|          3|    1|          3|
    |ap_phi_mux_cmp3724_phi_fu_372_p6          |  14|          3|    1|          3|
    |ap_phi_mux_col4_phi_fu_315_p6             |  14|          3|    5|         15|
    |ap_phi_mux_icmp_ln3025_phi_fu_300_p6      |  14|          3|    1|          3|
    |ap_phi_mux_indvar_flatten2_phi_fu_343_p6  |  14|          3|    9|         27|
    |ap_phi_mux_row3_phi_fu_329_p6             |  14|          3|    5|         15|
    |cmp3523_reg_382                           |   9|          2|    1|          2|
    |cmp3724_reg_368                           |   9|          2|    1|          2|
    |col4_reg_311                              |   9|          2|    5|         10|
    |icmp_ln3025_reg_296                       |   9|          2|    1|          2|
    |indvar_flatten2_reg_339                   |   9|          2|    9|         18|
    |row3_reg_325                              |   9|          2|    5|         10|
    +------------------------------------------+----+-----------+-----+-----------+
    |Total                                     | 170|         37|   47|        117|
    +------------------------------------------+----+-----------+-----+-----------+

    * Register: 
    +---------------------------------------------+----+----+-----+-----------+
    |                     Name                    | FF | LUT| Bits| Const Bits|
    +---------------------------------------------+----+----+-----+-----------+
    |add_ln10_2_reg_1347                          |  10|   0|   10|          0|
    |add_ln11_2_reg_1352                          |  10|   0|   10|          0|
    |add_ln15_1_reg_1357                          |  11|   0|   11|          0|
    |add_ln15_4_reg_1362                          |  10|   0|   10|          0|
    |add_ln16_1_reg_1367                          |  11|   0|   11|          0|
    |add_ln16_4_reg_1372                          |  10|   0|   10|          0|
    |add_ln17_1_reg_1377                          |  11|   0|   11|          0|
    |add_ln17_4_reg_1382                          |  10|   0|   10|          0|
    |add_ln29_1_reg_1300                          |   9|   0|    9|          0|
    |add_ln29_reg_1240                            |   5|   0|    5|          0|
    |add_ln9_2_reg_1342                           |  10|   0|   10|          0|
    |ap_CS_fsm                                    |   2|   0|    2|          0|
    |ap_enable_reg_pp0_iter1                      |   1|   0|    1|          0|
    |ap_enable_reg_pp0_iter2                      |   1|   0|    1|          0|
    |ap_enable_reg_pp0_iter3                      |   1|   0|    1|          0|
    |ap_enable_reg_pp0_iter4                      |   1|   0|    1|          0|
    |cmp3523_reg_382                              |   1|   0|    1|          0|
    |cmp35_reg_1392                               |   1|   0|    1|          0|
    |cmp3724_reg_368                              |   1|   0|    1|          0|
    |cmp37_reg_1397                               |   1|   0|    1|          0|
    |col4_reg_311                                 |   5|   0|    5|          0|
    |col_reg_1295                                 |   5|   0|    5|          0|
    |icmp_ln29_reg_1310                           |   1|   0|    1|          0|
    |icmp_ln3025_reg_296                          |   1|   0|    1|          0|
    |icmp_ln30_reg_1305                           |   1|   0|    1|          0|
    |indvar_flatten2_reg_339                      |   9|   0|    9|          0|
    |line_buffer_B_1_addr_reg_1289                |   5|   0|    5|          0|
    |line_buffer_B_1_addr_reg_1289_pp0_iter1_reg  |   5|   0|    5|          0|
    |line_buffer_B_1_load_reg_1336                |   8|   0|    8|          0|
    |line_buffer_B_addr_reg_1272                  |   5|   0|    5|          0|
    |line_buffer_G_1_addr_reg_1283                |   5|   0|    5|          0|
    |line_buffer_G_1_addr_reg_1283_pp0_iter1_reg  |   5|   0|    5|          0|
    |line_buffer_G_1_load_reg_1330                |   8|   0|    8|          0|
    |line_buffer_G_addr_reg_1267                  |   5|   0|    5|          0|
    |line_buffer_R_1_addr_reg_1277                |   5|   0|    5|          0|
    |line_buffer_R_1_addr_reg_1277_pp0_iter1_reg  |   5|   0|    5|          0|
    |line_buffer_R_1_load_reg_1324                |   8|   0|    8|          0|
    |line_buffer_R_addr_reg_1262                  |   5|   0|    5|          0|
    |p_04112322_fu_122                            |   8|   0|    8|          0|
    |p_04112619_fu_158                            |   8|   0|    8|          0|
    |p_041_112916_fu_110                          |   8|   0|    8|          0|
    |p_041_113213_fu_146                          |   8|   0|    8|          0|
    |p_041_213510_fu_98                           |   8|   0|    8|          0|
    |p_041_21387_fu_134                           |   8|   0|    8|          0|
    |p_14212421_fu_118                            |   8|   0|    8|          0|
    |p_14212718_fu_154                            |   8|   0|    8|          0|
    |p_142_113015_fu_106                          |   8|   0|    8|          0|
    |p_142_113312_fu_142                          |   8|   0|    8|          0|
    |p_142_21369_fu_94                            |   8|   0|    8|          0|
    |p_142_21396_fu_130                           |   8|   0|    8|          0|
    |p_24312520_fu_114                            |   8|   0|    8|          0|
    |p_24312817_fu_150                            |   8|   0|    8|          0|
    |p_243_113114_fu_102                          |   8|   0|    8|          0|
    |p_243_113411_fu_138                          |   8|   0|    8|          0|
    |p_243_21378_fu_90                            |   8|   0|    8|          0|
    |p_243_21405_fu_126                           |   8|   0|    8|          0|
    |row3_reg_325                                 |   5|   0|    5|          0|
    |row_reg_1253                                 |   5|   0|    5|          0|
    |select_ln29_reg_1246                         |   5|   0|    5|          0|
    |select_ln41_reg_1387                         |  24|   0|   24|          0|
    |zext_ln39_2_reg_1314                         |   9|   0|   64|         55|
    |add_ln29_reg_1240                            |  64|  32|    5|          0|
    |icmp_ln29_reg_1310                           |  64|  32|    1|          0|
    |icmp_ln3025_reg_296                          |  64|  32|    1|          0|
    |row_reg_1253                                 |  64|  32|    5|          0|
    |select_ln29_reg_1246                         |  64|  32|    5|          0|
    |zext_ln39_2_reg_1314                         |  64|  32|   64|         55|
    +---------------------------------------------+----+----+-----+-----------+
    |Total                                        | 784| 192|  536|        110|
    +---------------------------------------------+----+----+-----+-----------+



================================================================
== Interface
================================================================
* Summary: 
+--------------------+-----+-----+------------+---------------------------+--------------+
|      RTL Ports     | Dir | Bits|  Protocol  |       Source Object       |    C Type    |
+--------------------+-----+-----+------------+---------------------------+--------------+
|ap_local_block      |  out|    1|  ap_ctrl_hs|  video_2dfilter_linebuffer|  return value|
|ap_local_deadlock   |  out|    1|  ap_ctrl_hs|  video_2dfilter_linebuffer|  return value|
|ap_clk              |   in|    1|  ap_ctrl_hs|  video_2dfilter_linebuffer|  return value|
|ap_rst              |   in|    1|  ap_ctrl_hs|  video_2dfilter_linebuffer|  return value|
|ap_start            |   in|    1|  ap_ctrl_hs|  video_2dfilter_linebuffer|  return value|
|ap_done             |  out|    1|  ap_ctrl_hs|  video_2dfilter_linebuffer|  return value|
|ap_idle             |  out|    1|  ap_ctrl_hs|  video_2dfilter_linebuffer|  return value|
|ap_ready            |  out|    1|  ap_ctrl_hs|  video_2dfilter_linebuffer|  return value|
|pixel_in_address0   |  out|    9|   ap_memory|                   pixel_in|         array|
|pixel_in_ce0        |  out|    1|   ap_memory|                   pixel_in|         array|
|pixel_in_q0         |   in|   24|   ap_memory|                   pixel_in|         array|
|pixel_out_address0  |  out|    9|   ap_memory|                  pixel_out|         array|
|pixel_out_ce0       |  out|    1|   ap_memory|                  pixel_out|         array|
|pixel_out_we0       |  out|    1|   ap_memory|                  pixel_out|         array|
|pixel_out_d0        |  out|   24|   ap_memory|                  pixel_out|         array|
+--------------------+-----+-----+------------+---------------------------+--------------+

