INFO: [v++ 60-1306] Additional information associated with this v++ compile can be found at:
	Reports: /users/course/2022S/HLS17000000/u107012045/Final/test/face_detect_kernels/Hardware/build/reports/face_detect
	Log files: /users/course/2022S/HLS17000000/u107012045/Final/test/face_detect_kernels/Hardware/build/logs/face_detect
INFO: [v++ 60-1548] Creating build summary session with primary output /users/course/2022S/HLS17000000/u107012045/Final/test/face_detect_kernels/Hardware/build/face_detect.xo.compile_summary, at Tue Jun 14 16:07:55 2022
INFO: [v++ 60-1316] Initiating connection to rulecheck server, at Tue Jun 14 16:07:55 2022
INFO: [v++ 60-895]   Target platform: /opt/xilinx/platforms/xilinx_u50_gen3x16_xdma_201920_3/xilinx_u50_gen3x16_xdma_201920_3.xpfm
INFO: [v++ 60-1578]   This platform contains Xilinx Shell Archive '/opt/xilinx/platforms/xilinx_u50_gen3x16_xdma_201920_3/hw/hw.xsa'
INFO: [v++ 74-78] Compiler Version string: 2021.2
INFO: [v++ 60-1302] Platform 'xilinx_u50_gen3x16_xdma_201920_3.xpfm' has been explicitly enabled for this release.
INFO: [v++ 60-585] Compiling for hardware target
INFO: [v++ 60-423]   Target device: xilinx_u50_gen3x16_xdma_201920_3
INFO: [v++ 60-242] Creating kernel: 'face_detect'

===>The following messages were generated while  performing high-level synthesis for kernel: face_detect Log file: /users/course/2022S/HLS17000000/u107012045/Final/test/face_detect_kernels/Hardware/build/face_detect/face_detect/vitis_hls.log :
INFO: [v++ 204-61] Pipelining loop 'VITIS_LOOP_2820_1_VITIS_LOOP_2821_2'.
INFO: [v++ 200-1470] Pipelining result : Target II = NA, Final II = 1, Depth = 3, loop 'VITIS_LOOP_2820_1_VITIS_LOOP_2821_2'
INFO: [v++ 204-61] Pipelining loop 'imageScalerL1_imageScalerL1_1'.
INFO: [v++ 200-1470] Pipelining result : Target II = NA, Final II = 1, Depth = 8, loop 'imageScalerL1_imageScalerL1_1'
INFO: [v++ 204-61] Pipelining loop 'Initialize2x'.
INFO: [v++ 200-1470] Pipelining result : Target II = NA, Final II = 1, Depth = 1, loop 'Initialize2x'
INFO: [v++ 204-61] Pipelining loop 'Initialize2x'.
INFO: [v++ 200-1470] Pipelining result : Target II = NA, Final II = 1, Depth = 1, loop 'Initialize2x'
INFO: [v++ 204-61] Pipelining loop 'Initialize2x'.
INFO: [v++ 200-1470] Pipelining result : Target II = NA, Final II = 1, Depth = 1, loop 'Initialize2x'
INFO: [v++ 204-61] Pipelining loop 'Initialize2x'.
INFO: [v++ 200-1470] Pipelining result : Target II = NA, Final II = 1, Depth = 1, loop 'Initialize2x'
INFO: [v++ 204-61] Pipelining loop 'Initialize2x'.
INFO: [v++ 200-1470] Pipelining result : Target II = NA, Final II = 1, Depth = 1, loop 'Initialize2x'
INFO: [v++ 204-61] Pipelining loop 'Initialize2x'.
INFO: [v++ 200-1470] Pipelining result : Target II = NA, Final II = 1, Depth = 1, loop 'Initialize2x'
INFO: [v++ 204-61] Pipelining loop 'Initialize2x'.
INFO: [v++ 200-1470] Pipelining result : Target II = NA, Final II = 1, Depth = 1, loop 'Initialize2x'
INFO: [v++ 204-61] Pipelining loop 'Initialize2x'.
INFO: [v++ 200-1470] Pipelining result : Target II = NA, Final II = 1, Depth = 1, loop 'Initialize2x'
INFO: [v++ 204-61] Pipelining loop 'Initialize2x'.
INFO: [v++ 200-1470] Pipelining result : Target II = NA, Final II = 1, Depth = 1, loop 'Initialize2x'
INFO: [v++ 204-61] Pipelining loop 'Initialize2x'.
INFO: [v++ 200-1470] Pipelining result : Target II = NA, Final II = 1, Depth = 1, loop 'Initialize2x'
INFO: [v++ 204-61] Pipelining loop 'Initialize2x'.
INFO: [v++ 200-1470] Pipelining result : Target II = NA, Final II = 1, Depth = 1, loop 'Initialize2x'
INFO: [v++ 204-61] Pipelining loop 'Initialize2x'.
INFO: [v++ 200-1470] Pipelining result : Target II = NA, Final II = 1, Depth = 1, loop 'Initialize2x'
INFO: [v++ 204-61] Pipelining loop 'Initialize2x'.
INFO: [v++ 200-1470] Pipelining result : Target II = NA, Final II = 1, Depth = 1, loop 'Initialize2x'
INFO: [v++ 204-61] Pipelining loop 'Initialize2x'.
INFO: [v++ 200-1470] Pipelining result : Target II = NA, Final II = 1, Depth = 1, loop 'Initialize2x'
INFO: [v++ 204-61] Pipelining loop 'Initialize2x'.
INFO: [v++ 200-1470] Pipelining result : Target II = NA, Final II = 1, Depth = 1, loop 'Initialize2x'
INFO: [v++ 204-61] Pipelining loop 'Initialize2x'.
INFO: [v++ 200-1470] Pipelining result : Target II = NA, Final II = 1, Depth = 1, loop 'Initialize2x'
INFO: [v++ 204-61] Pipelining loop 'Initialize2x'.
INFO: [v++ 200-1470] Pipelining result : Target II = NA, Final II = 1, Depth = 1, loop 'Initialize2x'
INFO: [v++ 204-61] Pipelining loop 'Initialize2x'.
INFO: [v++ 200-1470] Pipelining result : Target II = NA, Final II = 1, Depth = 1, loop 'Initialize2x'
INFO: [v++ 204-61] Pipelining loop 'Initialize2x'.
INFO: [v++ 200-1470] Pipelining result : Target II = NA, Final II = 1, Depth = 1, loop 'Initialize2x'
INFO: [v++ 204-61] Pipelining loop 'Initialize2x'.
INFO: [v++ 200-1470] Pipelining result : Target II = NA, Final II = 1, Depth = 1, loop 'Initialize2x'
INFO: [v++ 204-61] Pipelining loop 'Initialize2x'.
INFO: [v++ 200-1470] Pipelining result : Target II = NA, Final II = 1, Depth = 1, loop 'Initialize2x'
INFO: [v++ 204-61] Pipelining loop 'Initialize2x'.
INFO: [v++ 200-1470] Pipelining result : Target II = NA, Final II = 1, Depth = 1, loop 'Initialize2x'
INFO: [v++ 204-61] Pipelining loop 'Initialize2x'.
INFO: [v++ 200-1470] Pipelining result : Target II = NA, Final II = 1, Depth = 1, loop 'Initialize2x'
INFO: [v++ 204-61] Pipelining loop 'Initialize2x'.
INFO: [v++ 200-1470] Pipelining result : Target II = NA, Final II = 1, Depth = 1, loop 'Initialize2x'
INFO: [v++ 204-61] Pipelining loop 'Filters'.
INFO: [v++ 200-1470] Pipelining result : Target II = NA, Final II = 1, Depth = 22, loop 'Filters'
INFO: [v++ 204-61] Pipelining loop 'VITIS_LOOP_2875_3'.
INFO: [v++ 200-1470] Pipelining result : Target II = NA, Final II = 1, Depth = 71, loop 'VITIS_LOOP_2875_3'
INFO: [v++ 200-790] **** Loop Constraint Status: All loop constraints were satisfied.
INFO: [v++ 200-789] **** Estimated Fmax: 371.47 MHz
INFO: [v++ 60-594] Finished kernel compilation
INFO: [v++ 60-244] Generating system estimate report...
INFO: [v++ 60-1092] Generated system estimate report: /users/course/2022S/HLS17000000/u107012045/Final/test/face_detect_kernels/Hardware/build/reports/face_detect/system_estimate_face_detect.xtxt
INFO: [v++ 60-586] Created build/face_detect.xo
INFO: [v++ 60-2343] Use the vitis_analyzer tool to visualize and navigate the relevant reports. Run the following command. 
    vitis_analyzer /users/course/2022S/HLS17000000/u107012045/Final/test/face_detect_kernels/Hardware/build/face_detect.xo.compile_summary 
INFO: [v++ 60-791] Total elapsed time: 0h 10m 33s
INFO: [v++ 60-1653] Closing dispatch client.
