Sat Apr 30 23:11:49 2022: Running xcd server. This server was built by gradle.
Sat Apr 30 23:11:49 2022: Server was asked to start on port: '35480'
Sat Apr 30 23:11:49 2022: Server is using token UUID: '10337c69-357c-4072-8eb7-0937c0d17431'
Sat Apr 30 23:11:49 2022: SESSION_MGR: creating session with session uuid: '6d04a3e9-ade5-4ab9-8d63-1f78fcd2ec76' and name 'default'
Sat Apr 30 23:11:49 2022: Attempting to start server on port '35480'
Sat Apr 30 23:11:49 2022: XCD main fifo: created main fifo '/tmp/xcdmain10337c69-357c-4072-8eb7-0937c0d17431', fd read = 13
Sat Apr 30 23:11:49 2022: Running Dispatch Server
Sat Apr 30 23:11:49 2022: Version 2.2.0
Sat Apr 30 23:11:58 2022: Dispatch Server: Accepted socket connection from client
Sat Apr 30 23:11:58 2022: Starting Socket connection
Sat Apr 30 23:11:58 2022: EXCHANGE_TOKEN received, server token: 10337c69-357c-4072-8eb7-0937c0d17431, passed token: 10337c69-357c-4072-8eb7-0937c0d17431
Sat Apr 30 23:11:59 2022: DISPATCH_HANDLER: Adding handler from function makeHandler in library libxv_system_diagram
Sat Apr 30 23:11:59 2022: SESSION_MGR: creating session with session uuid: 'b4c705d1-33df-4b9a-81f7-350acae3a579' and name 'v++_compile_color_detect'
Sat Apr 30 23:11:59 2022: KERNEL_SVC: creating session with uuid: 'b4c705d1-33df-4b9a-81f7-350acae3a579' and name 'v++_compile_color_detect'
Sat Apr 30 23:11:59 2022: GUIDANCE_SMGR: creating guidance session with uuid: 'b4c705d1-33df-4b9a-81f7-350acae3a579' and name 'v++_compile_color_detect'
Sat Apr 30 23:11:59 2022: SYSTEM_DIAGRAM: creating session with uuid: 'b4c705d1-33df-4b9a-81f7-350acae3a579' and name 'v++_compile_color_detect'
Sat Apr 30 23:12:25 2022: SESSION_MGR: closing session for UUID 'b4c705d1-33df-4b9a-81f7-350acae3a579' with name 'v++_compile_color_detect'
Sat Apr 30 23:12:25 2022: KERNEL_SVC: closing session for UUID 'b4c705d1-33df-4b9a-81f7-350acae3a579' with name 'v++_compile_color_detect'
Sat Apr 30 23:12:25 2022: GUIDANCE_SMGR: closing session for UUID 'b4c705d1-33df-4b9a-81f7-350acae3a579' with name 'v++_compile_color_detect'
Sat Apr 30 23:12:25 2022: SYSTEM_DIAGRAM: closing session for UUID 'b4c705d1-33df-4b9a-81f7-350acae3a579' with name 'v++_compile_color_detect'
Sat Apr 30 23:12:28 2022: Running xcd server. This server was built by gradle.
Sat Apr 30 23:12:28 2022: Server was asked to start on port: '33047'
Sat Apr 30 23:12:28 2022: Server is using token UUID: 'd0776011-a56f-4947-b8f9-41b6819284c5'
Sat Apr 30 23:12:28 2022: SESSION_MGR: creating session with session uuid: '6d04a3e9-ade5-4ab9-8d63-1f78fcd2ec76' and name 'default'
Sat Apr 30 23:12:28 2022: Attempting to start server on port '33047'
Sat Apr 30 23:12:28 2022: XCD main fifo: created main fifo '/tmp/xcdmaind0776011-a56f-4947-b8f9-41b6819284c5', fd read = 13
Sat Apr 30 23:12:28 2022: Running Dispatch Server
Sat Apr 30 23:12:28 2022: Version 2.2.0
Sat Apr 30 23:12:36 2022: Dispatch Server: Accepted socket connection from client
Sat Apr 30 23:12:36 2022: Starting Socket connection
Sat Apr 30 23:12:36 2022: EXCHANGE_TOKEN received, server token: d0776011-a56f-4947-b8f9-41b6819284c5, passed token: d0776011-a56f-4947-b8f9-41b6819284c5
Sat Apr 30 23:12:37 2022: DISPATCH_HANDLER: Adding handler from function makeHandler in library libxv_system_diagram
Sat Apr 30 23:12:37 2022: SESSION_MGR: creating session with session uuid: '9f73a857-3b48-4c4c-b4ba-8b48f758a638' and name 'v++_link_krnl_colordetect'
Sat Apr 30 23:12:37 2022: KERNEL_SVC: creating session with uuid: '9f73a857-3b48-4c4c-b4ba-8b48f758a638' and name 'v++_link_krnl_colordetect'
Sat Apr 30 23:12:37 2022: GUIDANCE_SMGR: creating guidance session with uuid: '9f73a857-3b48-4c4c-b4ba-8b48f758a638' and name 'v++_link_krnl_colordetect'
Sat Apr 30 23:12:37 2022: SYSTEM_DIAGRAM: creating session with uuid: '9f73a857-3b48-4c4c-b4ba-8b48f758a638' and name 'v++_link_krnl_colordetect'
Sat Apr 30 23:12:49 2022: SESSION_MGR: closing session for UUID '9f73a857-3b48-4c4c-b4ba-8b48f758a638' with name 'v++_link_krnl_colordetect'
Sat Apr 30 23:12:49 2022: KERNEL_SVC: closing session for UUID '9f73a857-3b48-4c4c-b4ba-8b48f758a638' with name 'v++_link_krnl_colordetect'
Sat Apr 30 23:12:49 2022: GUIDANCE_SMGR: closing session for UUID '9f73a857-3b48-4c4c-b4ba-8b48f758a638' with name 'v++_link_krnl_colordetect'
Sat Apr 30 23:12:49 2022: SYSTEM_DIAGRAM: closing session for UUID '9f73a857-3b48-4c4c-b4ba-8b48f758a638' with name 'v++_link_krnl_colordetect'
Sat Apr 30 23:15:24 2022: Running xcd server. This server was built by gradle.
Sat Apr 30 23:15:24 2022: Server was asked to start on port: '41753'
Sat Apr 30 23:15:24 2022: Server is using token UUID: '7f027f18-2205-4528-8c5f-7601aa35a418'
Sat Apr 30 23:15:24 2022: SESSION_MGR: creating session with session uuid: '6d04a3e9-ade5-4ab9-8d63-1f78fcd2ec76' and name 'default'
Sat Apr 30 23:15:24 2022: Attempting to start server on port '41753'
Sat Apr 30 23:15:24 2022: XCD main fifo: created main fifo '/tmp/xcdmain7f027f18-2205-4528-8c5f-7601aa35a418', fd read = 13
Sat Apr 30 23:15:24 2022: Running Dispatch Server
Sat Apr 30 23:15:24 2022: Version 2.2.0
Sat Apr 30 23:15:33 2022: Dispatch Server: Accepted socket connection from client
Sat Apr 30 23:15:33 2022: Starting Socket connection
Sat Apr 30 23:15:33 2022: EXCHANGE_TOKEN received, server token: 7f027f18-2205-4528-8c5f-7601aa35a418, passed token: 7f027f18-2205-4528-8c5f-7601aa35a418
Sat Apr 30 23:15:34 2022: DISPATCH_HANDLER: Adding handler from function makeHandler in library libxv_system_diagram
Sat Apr 30 23:15:34 2022: SESSION_MGR: creating session with session uuid: 'fe2fa52e-1b4a-4467-a2dd-904114e7628a' and name 'v++_compile_color_detect'
Sat Apr 30 23:15:34 2022: KERNEL_SVC: creating session with uuid: 'fe2fa52e-1b4a-4467-a2dd-904114e7628a' and name 'v++_compile_color_detect'
Sat Apr 30 23:15:34 2022: GUIDANCE_SMGR: creating guidance session with uuid: 'fe2fa52e-1b4a-4467-a2dd-904114e7628a' and name 'v++_compile_color_detect'
Sat Apr 30 23:15:34 2022: SYSTEM_DIAGRAM: creating session with uuid: 'fe2fa52e-1b4a-4467-a2dd-904114e7628a' and name 'v++_compile_color_detect'
Sat Apr 30 23:17:42 2022: SESSION_MGR: closing session for UUID 'fe2fa52e-1b4a-4467-a2dd-904114e7628a' with name 'v++_compile_color_detect'
Sat Apr 30 23:17:42 2022: KERNEL_SVC: closing session for UUID 'fe2fa52e-1b4a-4467-a2dd-904114e7628a' with name 'v++_compile_color_detect'
Sat Apr 30 23:17:42 2022: GUIDANCE_SMGR: closing session for UUID 'fe2fa52e-1b4a-4467-a2dd-904114e7628a' with name 'v++_compile_color_detect'
Sat Apr 30 23:17:42 2022: SYSTEM_DIAGRAM: closing session for UUID 'fe2fa52e-1b4a-4467-a2dd-904114e7628a' with name 'v++_compile_color_detect'
Sat Apr 30 23:17:45 2022: Running xcd server. This server was built by gradle.
Sat Apr 30 23:17:45 2022: Server was asked to start on port: '37145'
Sat Apr 30 23:17:45 2022: Server is using token UUID: '823477f1-9ece-40c1-b007-85a8e5d0279b'
Sat Apr 30 23:17:45 2022: SESSION_MGR: creating session with session uuid: '6d04a3e9-ade5-4ab9-8d63-1f78fcd2ec76' and name 'default'
Sat Apr 30 23:17:45 2022: Attempting to start server on port '37145'
Sat Apr 30 23:17:45 2022: XCD main fifo: created main fifo '/tmp/xcdmain823477f1-9ece-40c1-b007-85a8e5d0279b', fd read = 13
Sat Apr 30 23:17:45 2022: Running Dispatch Server
Sat Apr 30 23:17:45 2022: Version 2.2.0
Sat Apr 30 23:17:54 2022: Dispatch Server: Accepted socket connection from client
Sat Apr 30 23:17:54 2022: Starting Socket connection
Sat Apr 30 23:17:54 2022: EXCHANGE_TOKEN received, server token: 823477f1-9ece-40c1-b007-85a8e5d0279b, passed token: 823477f1-9ece-40c1-b007-85a8e5d0279b
Sat Apr 30 23:17:55 2022: DISPATCH_HANDLER: Adding handler from function makeHandler in library libxv_system_diagram
Sat Apr 30 23:17:55 2022: SESSION_MGR: creating session with session uuid: 'ed2b8194-c0f4-4b59-ae4a-3d2d3d9a6dc5' and name 'v++_link_krnl_colordetect'
Sat Apr 30 23:17:55 2022: KERNEL_SVC: creating session with uuid: 'ed2b8194-c0f4-4b59-ae4a-3d2d3d9a6dc5' and name 'v++_link_krnl_colordetect'
Sat Apr 30 23:17:55 2022: GUIDANCE_SMGR: creating guidance session with uuid: 'ed2b8194-c0f4-4b59-ae4a-3d2d3d9a6dc5' and name 'v++_link_krnl_colordetect'
Sat Apr 30 23:17:55 2022: SYSTEM_DIAGRAM: creating session with uuid: 'ed2b8194-c0f4-4b59-ae4a-3d2d3d9a6dc5' and name 'v++_link_krnl_colordetect'
Sat Apr 30 23:18:27 2022: Dispatch Server: Accepted socket connection from client
Sat Apr 30 23:18:27 2022: Starting Socket connection
Sat Apr 30 23:18:55 2022: Dispatch Server: Accepted socket connection from client
Sat Apr 30 23:18:55 2022: Starting Socket connection
Sat Apr 30 23:24:04 2022: SESSION_MGR: closing session for UUID 'ed2b8194-c0f4-4b59-ae4a-3d2d3d9a6dc5' with name 'v++_link_krnl_colordetect'
Sat Apr 30 23:24:04 2022: KERNEL_SVC: closing session for UUID 'ed2b8194-c0f4-4b59-ae4a-3d2d3d9a6dc5' with name 'v++_link_krnl_colordetect'
Sat Apr 30 23:24:04 2022: GUIDANCE_SMGR: closing session for UUID 'ed2b8194-c0f4-4b59-ae4a-3d2d3d9a6dc5' with name 'v++_link_krnl_colordetect'
Sat Apr 30 23:24:04 2022: SYSTEM_DIAGRAM: closing session for UUID 'ed2b8194-c0f4-4b59-ae4a-3d2d3d9a6dc5' with name 'v++_link_krnl_colordetect'
