Fri Apr 29 23:31:35 2022: Running xcd server. This server was built by gradle.
Fri Apr 29 23:31:35 2022: Server was asked to start on port: '39699'
Fri Apr 29 23:31:35 2022: Server is using token UUID: '9b3e9644-e8be-4714-83f6-08866abddb50'
Fri Apr 29 23:31:35 2022: SESSION_MGR: creating session with session uuid: '6d04a3e9-ade5-4ab9-8d63-1f78fcd2ec76' and name 'default'
Fri Apr 29 23:31:35 2022: Attempting to start server on port '39699'
Fri Apr 29 23:31:35 2022: XCD main fifo: created main fifo '/tmp/xcdmain9b3e9644-e8be-4714-83f6-08866abddb50', fd read = 13
Fri Apr 29 23:31:35 2022: Running Dispatch Server
Fri Apr 29 23:31:35 2022: Version 2.2.0
Fri Apr 29 23:31:44 2022: Dispatch Server: Accepted socket connection from client
Fri Apr 29 23:31:44 2022: Starting Socket connection
Fri Apr 29 23:31:44 2022: EXCHANGE_TOKEN received, server token: 9b3e9644-e8be-4714-83f6-08866abddb50, passed token: 9b3e9644-e8be-4714-83f6-08866abddb50
Fri Apr 29 23:31:45 2022: DISPATCH_HANDLER: Adding handler from function makeHandler in library libxv_system_diagram
Fri Apr 29 23:31:45 2022: SESSION_MGR: creating session with session uuid: 'a0c1e3c1-adf4-46d5-9dab-06b77821670c' and name 'v++_compile_color_detect'
Fri Apr 29 23:31:45 2022: KERNEL_SVC: creating session with uuid: 'a0c1e3c1-adf4-46d5-9dab-06b77821670c' and name 'v++_compile_color_detect'
Fri Apr 29 23:31:45 2022: GUIDANCE_SMGR: creating guidance session with uuid: 'a0c1e3c1-adf4-46d5-9dab-06b77821670c' and name 'v++_compile_color_detect'
Fri Apr 29 23:31:45 2022: SYSTEM_DIAGRAM: creating session with uuid: 'a0c1e3c1-adf4-46d5-9dab-06b77821670c' and name 'v++_compile_color_detect'
Fri Apr 29 23:32:07 2022: SESSION_MGR: closing session for UUID 'a0c1e3c1-adf4-46d5-9dab-06b77821670c' with name 'v++_compile_color_detect'
Fri Apr 29 23:32:07 2022: KERNEL_SVC: closing session for UUID 'a0c1e3c1-adf4-46d5-9dab-06b77821670c' with name 'v++_compile_color_detect'
Fri Apr 29 23:32:07 2022: GUIDANCE_SMGR: closing session for UUID 'a0c1e3c1-adf4-46d5-9dab-06b77821670c' with name 'v++_compile_color_detect'
Fri Apr 29 23:32:07 2022: SYSTEM_DIAGRAM: closing session for UUID 'a0c1e3c1-adf4-46d5-9dab-06b77821670c' with name 'v++_compile_color_detect'
Fri Apr 29 23:32:11 2022: Running xcd server. This server was built by gradle.
Fri Apr 29 23:32:11 2022: Server was asked to start on port: '38447'
Fri Apr 29 23:32:11 2022: Server is using token UUID: 'bfc772cb-f112-4743-a803-d9c6765272b0'
Fri Apr 29 23:32:11 2022: SESSION_MGR: creating session with session uuid: '6d04a3e9-ade5-4ab9-8d63-1f78fcd2ec76' and name 'default'
Fri Apr 29 23:32:11 2022: Attempting to start server on port '38447'
Fri Apr 29 23:32:11 2022: XCD main fifo: created main fifo '/tmp/xcdmainbfc772cb-f112-4743-a803-d9c6765272b0', fd read = 13
Fri Apr 29 23:32:11 2022: Running Dispatch Server
Fri Apr 29 23:32:11 2022: Version 2.2.0
Fri Apr 29 23:32:19 2022: Dispatch Server: Accepted socket connection from client
Fri Apr 29 23:32:19 2022: Starting Socket connection
Fri Apr 29 23:32:19 2022: EXCHANGE_TOKEN received, server token: bfc772cb-f112-4743-a803-d9c6765272b0, passed token: bfc772cb-f112-4743-a803-d9c6765272b0
Fri Apr 29 23:32:21 2022: DISPATCH_HANDLER: Adding handler from function makeHandler in library libxv_system_diagram
Fri Apr 29 23:32:21 2022: SESSION_MGR: creating session with session uuid: 'd9dca373-eb04-4b9f-b776-0c9a60315944' and name 'v++_link_krnl_colordetect'
Fri Apr 29 23:32:21 2022: KERNEL_SVC: creating session with uuid: 'd9dca373-eb04-4b9f-b776-0c9a60315944' and name 'v++_link_krnl_colordetect'
Fri Apr 29 23:32:21 2022: GUIDANCE_SMGR: creating guidance session with uuid: 'd9dca373-eb04-4b9f-b776-0c9a60315944' and name 'v++_link_krnl_colordetect'
Fri Apr 29 23:32:21 2022: SYSTEM_DIAGRAM: creating session with uuid: 'd9dca373-eb04-4b9f-b776-0c9a60315944' and name 'v++_link_krnl_colordetect'
Fri Apr 29 23:32:32 2022: SESSION_MGR: closing session for UUID 'd9dca373-eb04-4b9f-b776-0c9a60315944' with name 'v++_link_krnl_colordetect'
Fri Apr 29 23:32:32 2022: KERNEL_SVC: closing session for UUID 'd9dca373-eb04-4b9f-b776-0c9a60315944' with name 'v++_link_krnl_colordetect'
Fri Apr 29 23:32:32 2022: GUIDANCE_SMGR: closing session for UUID 'd9dca373-eb04-4b9f-b776-0c9a60315944' with name 'v++_link_krnl_colordetect'
Fri Apr 29 23:32:32 2022: SYSTEM_DIAGRAM: closing session for UUID 'd9dca373-eb04-4b9f-b776-0c9a60315944' with name 'v++_link_krnl_colordetect'
