Copyright 1986-2021 Xilinx, Inc. All Rights Reserved.
---------------------------------------------------------------------------------------------------------------------------------------------------------------------------------------
| Tool Version : Vivado v.2021.2 (lin64) Build 3367213 Tue Oct 19 02:47:39 MDT 2021
| Date         : Sat Apr 30 16:30:16 2022
| Host         : ic21 running 64-bit CentOS Linux release 7.9.2009 (Core)
| Command      : report_accelerator_utilization -kernels { color_detect:level0_i/ulp/color_detect_1/inst:color_detect_1} -file kernel_util_synthed.rpt -name kernel_util_synthed -json
| Design       : level0_wrapper
| Device       : xcu50
| Design State : Synthesized
---------------------------------------------------------------------------------------------------------------------------------------------------------------------------------------

Accelerator Utilization Design Information

Table of Contents
-----------------
1. System Utilization

1. System Utilization
---------------------

+---------------------+------------------+------------------+-------------------+----------------+---------------+----------------+
| Name                | LUT              | LUTAsMem         | REG               | BRAM           | URAM          | DSP            |
+---------------------+------------------+------------------+-------------------+----------------+---------------+----------------+
| Platform            | 118623 [ 13.63%] |  11832 [  2.94%] |  136284 [  7.82%] |  178 [ 13.24%] |   0 [  0.00%] |    4 [  0.07%] |
| User Budget         | 751393 [100.00%] | 390184 [100.00%] | 1607076 [100.00%] | 1166 [100.00%] | 640 [100.00%] | 5936 [100.00%] |
|    Used Resources   |   9113 [  1.21%] |   1607 [  0.41%] |   10386 [  0.65%] |   15 [  1.29%] |   0 [  0.00%] |   13 [  0.22%] |
|    Unused Resources | 742280 [ 98.79%] | 388577 [ 99.59%] | 1596690 [ 99.35%] | 1151 [ 98.71%] | 640 [100.00%] | 5923 [ 99.78%] |
| color_detect        |   9113 [  1.21%] |   1607 [  0.41%] |   10386 [  0.65%] |   15 [  1.29%] |   0 [  0.00%] |   13 [  0.22%] |
|    color_detect_1   |   9113 [  1.21%] |   1607 [  0.41%] |   10386 [  0.65%] |   15 [  1.29%] |   0 [  0.00%] |   13 [  0.22%] |
+---------------------+------------------+------------------+-------------------+----------------+---------------+----------------+


