

================================================================
== Vitis HLS Report for 'channel_mult'
================================================================
* Date:           Fri Jun 17 13:15:17 2022

* Version:        2021.2 (Build 3367213 on Tue Oct 19 02:48:09 MDT 2021)
* Project:        MIMO
* Solution:       solution1 (Vivado IP Flow Target)
* Product family: zynquplus
* Target device:  xczu9eg-ffvb1156-2-e


================================================================
== Performance Estimates
================================================================
+ Timing: 
    * Summary: 
    +--------+----------+----------+------------+
    |  Clock |  Target  | Estimated| Uncertainty|
    +--------+----------+----------+------------+
    |ap_clk  |  40.00 ns|  2.691 ns|    10.80 ns|
    +--------+----------+----------+------------+

+ Latency: 
    * Summary: 
    +---------+---------+----------+----------+-----+-----+---------+
    |  Latency (cycles) |  Latency (absolute) |  Interval | Pipeline|
    |   min   |   max   |    min   |    max   | min | max |   Type  |
    +---------+---------+----------+----------+-----+-----+---------+
    |      163|      163|  6.520 us|  6.520 us|  163|  163|       no|
    +---------+---------+----------+----------+-----+-----+---------+

    + Detail: 
        * Instance: 
        N/A

        * Loop: 
        N/A

============================================================
+ Verbose Summary: Synthesis Manager
============================================================
InlineROM: 1
ExposeGlobal: 0
============================================================
+ Verbose Summary: CDFG Model
============================================================
IsTopModel: 0
ResetActiveHigh: 1
IsCombinational: 2
IsDatapathOnly: 0
HasWiredReturn: 1
HasMFsm: 0
HasVarLatency: 1
IsPipeline: 0
IsRtlPipelined: 0
IsInstanceOverlapped: 0
IsDontTouch: 0
HasImplIP: 0
IsGatedGlobalClock: 0


============================================================
+ Verbose Summary: Schedule
============================================================
* Number of FSM states : 5
* Pipeline : 0
* Dataflow Pipeline: 0

* FSM state transitions: 
1 --> 2 
2 --> 3 
3 --> 4 
4 --> 5 
5 --> 

* FSM state operations: 

State 1 <SV = 0> <Delay = 0.00>
ST_1 : Operation 6 [1/1] (0.00ns)   --->   "%CHANNEL_V_44_loc = alloca i64 1"   --->   Operation 6 'alloca' 'CHANNEL_V_44_loc' <Predicate = true> <Delay = 0.00>
ST_1 : Operation 7 [1/1] (0.00ns)   --->   "%CHANNEL_V_43_loc = alloca i64 1"   --->   Operation 7 'alloca' 'CHANNEL_V_43_loc' <Predicate = true> <Delay = 0.00>
ST_1 : Operation 8 [1/1] (0.00ns)   --->   "%CHANNEL_V_42_loc = alloca i64 1"   --->   Operation 8 'alloca' 'CHANNEL_V_42_loc' <Predicate = true> <Delay = 0.00>
ST_1 : Operation 9 [1/1] (0.00ns)   --->   "%CHANNEL_V_41_loc = alloca i64 1"   --->   Operation 9 'alloca' 'CHANNEL_V_41_loc' <Predicate = true> <Delay = 0.00>
ST_1 : Operation 10 [1/1] (0.00ns)   --->   "%CHANNEL_V_40_loc = alloca i64 1"   --->   Operation 10 'alloca' 'CHANNEL_V_40_loc' <Predicate = true> <Delay = 0.00>
ST_1 : Operation 11 [1/1] (0.00ns)   --->   "%CHANNEL_V_39_loc = alloca i64 1"   --->   Operation 11 'alloca' 'CHANNEL_V_39_loc' <Predicate = true> <Delay = 0.00>
ST_1 : Operation 12 [1/1] (0.00ns)   --->   "%CHANNEL_V_38_loc = alloca i64 1"   --->   Operation 12 'alloca' 'CHANNEL_V_38_loc' <Predicate = true> <Delay = 0.00>
ST_1 : Operation 13 [1/1] (0.00ns)   --->   "%CHANNEL_V_37_loc = alloca i64 1"   --->   Operation 13 'alloca' 'CHANNEL_V_37_loc' <Predicate = true> <Delay = 0.00>
ST_1 : Operation 14 [1/1] (0.00ns)   --->   "%CHANNEL_V_36_loc = alloca i64 1"   --->   Operation 14 'alloca' 'CHANNEL_V_36_loc' <Predicate = true> <Delay = 0.00>
ST_1 : Operation 15 [1/1] (0.00ns)   --->   "%CHANNEL_V_35_loc = alloca i64 1"   --->   Operation 15 'alloca' 'CHANNEL_V_35_loc' <Predicate = true> <Delay = 0.00>
ST_1 : Operation 16 [1/1] (0.00ns)   --->   "%CHANNEL_V_34_loc = alloca i64 1"   --->   Operation 16 'alloca' 'CHANNEL_V_34_loc' <Predicate = true> <Delay = 0.00>
ST_1 : Operation 17 [1/1] (0.00ns)   --->   "%CHANNEL_V_33_loc = alloca i64 1"   --->   Operation 17 'alloca' 'CHANNEL_V_33_loc' <Predicate = true> <Delay = 0.00>
ST_1 : Operation 18 [1/1] (0.00ns)   --->   "%p_0_0_079191_i_loc = alloca i64 1"   --->   Operation 18 'alloca' 'p_0_0_079191_i_loc' <Predicate = true> <Delay = 0.00>
ST_1 : Operation 19 [1/1] (0.00ns)   --->   "%CHANNEL_V_32_loc = alloca i64 1"   --->   Operation 19 'alloca' 'CHANNEL_V_32_loc' <Predicate = true> <Delay = 0.00>
ST_1 : Operation 20 [1/1] (0.00ns)   --->   "%CHANNEL_V_31_loc = alloca i64 1"   --->   Operation 20 'alloca' 'CHANNEL_V_31_loc' <Predicate = true> <Delay = 0.00>
ST_1 : Operation 21 [1/1] (0.00ns)   --->   "%CHANNEL_V_30_loc = alloca i64 1"   --->   Operation 21 'alloca' 'CHANNEL_V_30_loc' <Predicate = true> <Delay = 0.00>
ST_1 : Operation 22 [1/1] (0.00ns)   --->   "%CHANNEL_V_29_loc = alloca i64 1"   --->   Operation 22 'alloca' 'CHANNEL_V_29_loc' <Predicate = true> <Delay = 0.00>
ST_1 : Operation 23 [1/1] (0.00ns)   --->   "%CHANNEL_V_28_loc = alloca i64 1"   --->   Operation 23 'alloca' 'CHANNEL_V_28_loc' <Predicate = true> <Delay = 0.00>
ST_1 : Operation 24 [1/1] (0.00ns)   --->   "%CHANNEL_V_27_loc = alloca i64 1"   --->   Operation 24 'alloca' 'CHANNEL_V_27_loc' <Predicate = true> <Delay = 0.00>
ST_1 : Operation 25 [1/1] (0.00ns)   --->   "%CHANNEL_V_26_loc = alloca i64 1"   --->   Operation 25 'alloca' 'CHANNEL_V_26_loc' <Predicate = true> <Delay = 0.00>
ST_1 : Operation 26 [1/1] (0.00ns)   --->   "%CHANNEL_V_25_loc = alloca i64 1"   --->   Operation 26 'alloca' 'CHANNEL_V_25_loc' <Predicate = true> <Delay = 0.00>
ST_1 : Operation 27 [1/1] (0.00ns)   --->   "%CHANNEL_V_24_loc = alloca i64 1"   --->   Operation 27 'alloca' 'CHANNEL_V_24_loc' <Predicate = true> <Delay = 0.00>
ST_1 : Operation 28 [1/1] (0.00ns)   --->   "%CHANNEL_V_23_loc = alloca i64 1"   --->   Operation 28 'alloca' 'CHANNEL_V_23_loc' <Predicate = true> <Delay = 0.00>
ST_1 : Operation 29 [1/1] (0.00ns)   --->   "%CHANNEL_V_22_loc = alloca i64 1"   --->   Operation 29 'alloca' 'CHANNEL_V_22_loc' <Predicate = true> <Delay = 0.00>
ST_1 : Operation 30 [1/1] (0.00ns)   --->   "%CHANNEL_V_21_loc = alloca i64 1"   --->   Operation 30 'alloca' 'CHANNEL_V_21_loc' <Predicate = true> <Delay = 0.00>
ST_1 : Operation 31 [1/1] (0.00ns)   --->   "%CHANNEL_V_20_loc = alloca i64 1"   --->   Operation 31 'alloca' 'CHANNEL_V_20_loc' <Predicate = true> <Delay = 0.00>
ST_1 : Operation 32 [1/1] (0.00ns)   --->   "%CHANNEL_V_19_loc = alloca i64 1"   --->   Operation 32 'alloca' 'CHANNEL_V_19_loc' <Predicate = true> <Delay = 0.00>
ST_1 : Operation 33 [1/1] (0.00ns)   --->   "%CHANNEL_V_18_loc = alloca i64 1"   --->   Operation 33 'alloca' 'CHANNEL_V_18_loc' <Predicate = true> <Delay = 0.00>
ST_1 : Operation 34 [1/1] (0.00ns)   --->   "%p_0_0_079239_i_loc = alloca i64 1"   --->   Operation 34 'alloca' 'p_0_0_079239_i_loc' <Predicate = true> <Delay = 0.00>
ST_1 : Operation 35 [1/1] (0.00ns)   --->   "%CHANNEL_V_17_loc = alloca i64 1"   --->   Operation 35 'alloca' 'CHANNEL_V_17_loc' <Predicate = true> <Delay = 0.00>
ST_1 : Operation 36 [1/1] (0.00ns)   --->   "%CHANNEL_V_16_loc = alloca i64 1"   --->   Operation 36 'alloca' 'CHANNEL_V_16_loc' <Predicate = true> <Delay = 0.00>
ST_1 : Operation 37 [1/1] (0.00ns)   --->   "%CHANNEL_V_15_loc = alloca i64 1"   --->   Operation 37 'alloca' 'CHANNEL_V_15_loc' <Predicate = true> <Delay = 0.00>
ST_1 : Operation 38 [1/1] (0.00ns)   --->   "%CHANNEL_V_14_loc = alloca i64 1"   --->   Operation 38 'alloca' 'CHANNEL_V_14_loc' <Predicate = true> <Delay = 0.00>
ST_1 : Operation 39 [1/1] (0.00ns)   --->   "%CHANNEL_V_13_loc = alloca i64 1"   --->   Operation 39 'alloca' 'CHANNEL_V_13_loc' <Predicate = true> <Delay = 0.00>
ST_1 : Operation 40 [1/1] (0.00ns)   --->   "%CHANNEL_V_12_loc = alloca i64 1"   --->   Operation 40 'alloca' 'CHANNEL_V_12_loc' <Predicate = true> <Delay = 0.00>
ST_1 : Operation 41 [1/1] (0.00ns)   --->   "%CHANNEL_V_11_loc = alloca i64 1"   --->   Operation 41 'alloca' 'CHANNEL_V_11_loc' <Predicate = true> <Delay = 0.00>
ST_1 : Operation 42 [1/1] (0.00ns)   --->   "%CHANNEL_V_10_loc = alloca i64 1"   --->   Operation 42 'alloca' 'CHANNEL_V_10_loc' <Predicate = true> <Delay = 0.00>
ST_1 : Operation 43 [1/1] (0.00ns)   --->   "%CHANNEL_V_9_loc = alloca i64 1"   --->   Operation 43 'alloca' 'CHANNEL_V_9_loc' <Predicate = true> <Delay = 0.00>
ST_1 : Operation 44 [1/1] (0.00ns)   --->   "%CHANNEL_V_8_loc = alloca i64 1"   --->   Operation 44 'alloca' 'CHANNEL_V_8_loc' <Predicate = true> <Delay = 0.00>
ST_1 : Operation 45 [1/1] (0.00ns)   --->   "%CHANNEL_V_7_loc = alloca i64 1"   --->   Operation 45 'alloca' 'CHANNEL_V_7_loc' <Predicate = true> <Delay = 0.00>
ST_1 : Operation 46 [1/1] (0.00ns)   --->   "%CHANNEL_V_6_loc = alloca i64 1"   --->   Operation 46 'alloca' 'CHANNEL_V_6_loc' <Predicate = true> <Delay = 0.00>
ST_1 : Operation 47 [1/1] (0.00ns)   --->   "%CHANNEL_V_5_loc = alloca i64 1"   --->   Operation 47 'alloca' 'CHANNEL_V_5_loc' <Predicate = true> <Delay = 0.00>
ST_1 : Operation 48 [1/1] (0.00ns)   --->   "%CHANNEL_V_4_loc = alloca i64 1"   --->   Operation 48 'alloca' 'CHANNEL_V_4_loc' <Predicate = true> <Delay = 0.00>
ST_1 : Operation 49 [1/1] (0.00ns)   --->   "%CHANNEL_V_3_loc = alloca i64 1"   --->   Operation 49 'alloca' 'CHANNEL_V_3_loc' <Predicate = true> <Delay = 0.00>
ST_1 : Operation 50 [1/1] (0.00ns)   --->   "%conv_i_i_i35287_i_loc = alloca i64 1"   --->   Operation 50 'alloca' 'conv_i_i_i35287_i_loc' <Predicate = true> <Delay = 0.00>
ST_1 : Operation 51 [1/1] (0.00ns)   --->   "%CHANNEL_V_2_loc = alloca i64 1"   --->   Operation 51 'alloca' 'CHANNEL_V_2_loc' <Predicate = true> <Delay = 0.00>
ST_1 : Operation 52 [1/1] (0.00ns)   --->   "%CHANNEL_V_1_loc = alloca i64 1"   --->   Operation 52 'alloca' 'CHANNEL_V_1_loc' <Predicate = true> <Delay = 0.00>
ST_1 : Operation 53 [1/1] (0.00ns)   --->   "%CHANNEL_V_loc = alloca i64 1"   --->   Operation 53 'alloca' 'CHANNEL_V_loc' <Predicate = true> <Delay = 0.00>
ST_1 : Operation 54 [1/1] (0.00ns)   --->   "%p_0_0_080299_i_loc = alloca i64 1"   --->   Operation 54 'alloca' 'p_0_0_080299_i_loc' <Predicate = true> <Delay = 0.00>
ST_1 : Operation 55 [1/1] (0.00ns)   --->   "%p_0_0_080302_i_loc = alloca i64 1"   --->   Operation 55 'alloca' 'p_0_0_080302_i_loc' <Predicate = true> <Delay = 0.00>
ST_1 : Operation 56 [1/1] (0.00ns)   --->   "%p_0_0_080305_i_loc = alloca i64 1"   --->   Operation 56 'alloca' 'p_0_0_080305_i_loc' <Predicate = true> <Delay = 0.00>
ST_1 : Operation 57 [1/1] (0.00ns)   --->   "%p_0_0_080308_i_loc = alloca i64 1"   --->   Operation 57 'alloca' 'p_0_0_080308_i_loc' <Predicate = true> <Delay = 0.00>
ST_1 : Operation 58 [1/1] (0.00ns)   --->   "%p_0_0_080311_i_loc = alloca i64 1"   --->   Operation 58 'alloca' 'p_0_0_080311_i_loc' <Predicate = true> <Delay = 0.00>
ST_1 : Operation 59 [1/1] (0.00ns)   --->   "%p_0_0_080314_i_loc = alloca i64 1"   --->   Operation 59 'alloca' 'p_0_0_080314_i_loc' <Predicate = true> <Delay = 0.00>
ST_1 : Operation 60 [1/1] (0.00ns)   --->   "%p_0_0_080317_i_loc = alloca i64 1"   --->   Operation 60 'alloca' 'p_0_0_080317_i_loc' <Predicate = true> <Delay = 0.00>
ST_1 : Operation 61 [1/1] (0.00ns)   --->   "%p_0_0_080320_i_loc = alloca i64 1"   --->   Operation 61 'alloca' 'p_0_0_080320_i_loc' <Predicate = true> <Delay = 0.00>
ST_1 : Operation 62 [1/1] (0.00ns)   --->   "%p_0_0_080321_i_loc = alloca i64 1"   --->   Operation 62 'alloca' 'p_0_0_080321_i_loc' <Predicate = true> <Delay = 0.00>
ST_1 : Operation 63 [1/1] (0.00ns)   --->   "%p_0_0_080324_i_loc = alloca i64 1"   --->   Operation 63 'alloca' 'p_0_0_080324_i_loc' <Predicate = true> <Delay = 0.00>
ST_1 : Operation 64 [1/1] (0.00ns)   --->   "%p_0_0_080327_i_loc = alloca i64 1"   --->   Operation 64 'alloca' 'p_0_0_080327_i_loc' <Predicate = true> <Delay = 0.00>
ST_1 : Operation 65 [1/1] (0.00ns)   --->   "%p_0_0_080330_i_loc = alloca i64 1"   --->   Operation 65 'alloca' 'p_0_0_080330_i_loc' <Predicate = true> <Delay = 0.00>
ST_1 : Operation 66 [1/1] (0.00ns)   --->   "%p_0_0_080335_i_loc = alloca i64 1"   --->   Operation 66 'alloca' 'p_0_0_080335_i_loc' <Predicate = true> <Delay = 0.00>
ST_1 : Operation 67 [1/1] (0.00ns)   --->   "%p_0_0_080338_i_loc = alloca i64 1"   --->   Operation 67 'alloca' 'p_0_0_080338_i_loc' <Predicate = true> <Delay = 0.00>
ST_1 : Operation 68 [1/1] (0.00ns)   --->   "%p_0_0_080341_i_loc = alloca i64 1"   --->   Operation 68 'alloca' 'p_0_0_080341_i_loc' <Predicate = true> <Delay = 0.00>
ST_1 : Operation 69 [1/1] (0.00ns)   --->   "%p_0_0_080344_i_loc = alloca i64 1"   --->   Operation 69 'alloca' 'p_0_0_080344_i_loc' <Predicate = true> <Delay = 0.00>
ST_1 : Operation 70 [1/1] (0.00ns)   --->   "%empty = wait i32 @_ssdm_op_Wait"   --->   Operation 70 'wait' 'empty' <Predicate = true> <Delay = 0.00>
ST_1 : Operation 71 [2/2] (0.00ns)   --->   "%call_ln0 = call void @channel_mult_Pipeline_CHANNEL2REAL, i16 %p_0_0_080344_i_loc, i16 %p_0_0_080341_i_loc, i16 %p_0_0_080338_i_loc, i16 %p_0_0_080335_i_loc, i16 %p_0_0_080330_i_loc, i16 %p_0_0_080327_i_loc, i16 %p_0_0_080324_i_loc, i16 %p_0_0_080321_i_loc, i16 %p_0_0_080320_i_loc, i16 %p_0_0_080317_i_loc, i16 %p_0_0_080314_i_loc, i16 %p_0_0_080311_i_loc, i16 %p_0_0_080308_i_loc, i16 %p_0_0_080305_i_loc, i16 %p_0_0_080302_i_loc, i16 %p_0_0_080299_i_loc, i16 %CHANNEL_V_loc, i16 %CHANNEL_V_1_loc, i16 %CHANNEL_V_2_loc, i16 %conv_i_i_i35287_i_loc, i16 %CHANNEL_V_3_loc, i16 %CHANNEL_V_4_loc, i16 %CHANNEL_V_5_loc, i16 %CHANNEL_V_6_loc, i16 %CHANNEL_V_7_loc, i16 %CHANNEL_V_8_loc, i16 %CHANNEL_V_9_loc, i16 %CHANNEL_V_10_loc, i16 %CHANNEL_V_11_loc, i16 %CHANNEL_V_12_loc, i16 %CHANNEL_V_13_loc, i16 %CHANNEL_V_14_loc, i16 %CHANNEL_V_15_loc, i16 %CHANNEL_V_16_loc, i16 %CHANNEL_V_17_loc, i16 %p_0_0_079239_i_loc, i16 %CHANNEL_V_18_loc, i16 %CHANNEL_V_19_loc, i16 %CHANNEL_V_20_loc, i16 %CHANNEL_V_21_loc, i16 %CHANNEL_V_22_loc, i16 %CHANNEL_V_23_loc, i16 %CHANNEL_V_24_loc, i16 %CHANNEL_V_25_loc, i16 %CHANNEL_V_26_loc, i16 %CHANNEL_V_27_loc, i16 %CHANNEL_V_28_loc, i16 %CHANNEL_V_29_loc, i16 %CHANNEL_V_30_loc, i16 %CHANNEL_V_31_loc, i16 %CHANNEL_V_32_loc, i16 %p_0_0_079191_i_loc, i16 %CHANNEL_V_33_loc, i16 %CHANNEL_V_34_loc, i16 %CHANNEL_V_35_loc, i16 %CHANNEL_V_36_loc, i16 %CHANNEL_V_37_loc, i16 %CHANNEL_V_38_loc, i16 %CHANNEL_V_39_loc, i16 %CHANNEL_V_40_loc, i16 %CHANNEL_V_41_loc, i16 %CHANNEL_V_42_loc, i16 %CHANNEL_V_43_loc, i16 %CHANNEL_V_44_loc, i16 %H_real_spl0, i16 %H_imag_spl0"   --->   Operation 71 'call' 'call_ln0' <Predicate = true> <Delay = 0.00> <CoreType = "Generic">   --->   Core 0 '' <Latency = 0> <II = 1> <Delay = 1.00> <Generic> <Opcode : >

State 2 <SV = 1> <Delay = 1.18>
ST_2 : Operation 72 [1/2] (1.18ns)   --->   "%call_ln0 = call void @channel_mult_Pipeline_CHANNEL2REAL, i16 %p_0_0_080344_i_loc, i16 %p_0_0_080341_i_loc, i16 %p_0_0_080338_i_loc, i16 %p_0_0_080335_i_loc, i16 %p_0_0_080330_i_loc, i16 %p_0_0_080327_i_loc, i16 %p_0_0_080324_i_loc, i16 %p_0_0_080321_i_loc, i16 %p_0_0_080320_i_loc, i16 %p_0_0_080317_i_loc, i16 %p_0_0_080314_i_loc, i16 %p_0_0_080311_i_loc, i16 %p_0_0_080308_i_loc, i16 %p_0_0_080305_i_loc, i16 %p_0_0_080302_i_loc, i16 %p_0_0_080299_i_loc, i16 %CHANNEL_V_loc, i16 %CHANNEL_V_1_loc, i16 %CHANNEL_V_2_loc, i16 %conv_i_i_i35287_i_loc, i16 %CHANNEL_V_3_loc, i16 %CHANNEL_V_4_loc, i16 %CHANNEL_V_5_loc, i16 %CHANNEL_V_6_loc, i16 %CHANNEL_V_7_loc, i16 %CHANNEL_V_8_loc, i16 %CHANNEL_V_9_loc, i16 %CHANNEL_V_10_loc, i16 %CHANNEL_V_11_loc, i16 %CHANNEL_V_12_loc, i16 %CHANNEL_V_13_loc, i16 %CHANNEL_V_14_loc, i16 %CHANNEL_V_15_loc, i16 %CHANNEL_V_16_loc, i16 %CHANNEL_V_17_loc, i16 %p_0_0_079239_i_loc, i16 %CHANNEL_V_18_loc, i16 %CHANNEL_V_19_loc, i16 %CHANNEL_V_20_loc, i16 %CHANNEL_V_21_loc, i16 %CHANNEL_V_22_loc, i16 %CHANNEL_V_23_loc, i16 %CHANNEL_V_24_loc, i16 %CHANNEL_V_25_loc, i16 %CHANNEL_V_26_loc, i16 %CHANNEL_V_27_loc, i16 %CHANNEL_V_28_loc, i16 %CHANNEL_V_29_loc, i16 %CHANNEL_V_30_loc, i16 %CHANNEL_V_31_loc, i16 %CHANNEL_V_32_loc, i16 %p_0_0_079191_i_loc, i16 %CHANNEL_V_33_loc, i16 %CHANNEL_V_34_loc, i16 %CHANNEL_V_35_loc, i16 %CHANNEL_V_36_loc, i16 %CHANNEL_V_37_loc, i16 %CHANNEL_V_38_loc, i16 %CHANNEL_V_39_loc, i16 %CHANNEL_V_40_loc, i16 %CHANNEL_V_41_loc, i16 %CHANNEL_V_42_loc, i16 %CHANNEL_V_43_loc, i16 %CHANNEL_V_44_loc, i16 %H_real_spl0, i16 %H_imag_spl0"   --->   Operation 72 'call' 'call_ln0' <Predicate = true> <Delay = 1.18> <CoreType = "Generic">   --->   Core 0 '' <Latency = 0> <II = 1> <Delay = 1.00> <Generic> <Opcode : >

State 3 <SV = 2> <Delay = 0.00>
ST_3 : Operation 73 [1/1] (0.00ns)   --->   "%empty_124 = wait i32 @_ssdm_op_Wait"   --->   Operation 73 'wait' 'empty_124' <Predicate = true> <Delay = 0.00>

State 4 <SV = 3> <Delay = 0.00>
ST_4 : Operation 74 [1/1] (0.00ns)   --->   "%p_0_0_080344_i_loc_load = load i16 %p_0_0_080344_i_loc"   --->   Operation 74 'load' 'p_0_0_080344_i_loc_load' <Predicate = true> <Delay = 0.00>
ST_4 : Operation 75 [1/1] (0.00ns)   --->   "%p_0_0_080341_i_loc_load = load i16 %p_0_0_080341_i_loc"   --->   Operation 75 'load' 'p_0_0_080341_i_loc_load' <Predicate = true> <Delay = 0.00>
ST_4 : Operation 76 [1/1] (0.00ns)   --->   "%p_0_0_080338_i_loc_load = load i16 %p_0_0_080338_i_loc"   --->   Operation 76 'load' 'p_0_0_080338_i_loc_load' <Predicate = true> <Delay = 0.00>
ST_4 : Operation 77 [1/1] (0.00ns)   --->   "%p_0_0_080335_i_loc_load = load i16 %p_0_0_080335_i_loc"   --->   Operation 77 'load' 'p_0_0_080335_i_loc_load' <Predicate = true> <Delay = 0.00>
ST_4 : Operation 78 [1/1] (0.00ns)   --->   "%p_0_0_080330_i_loc_load = load i16 %p_0_0_080330_i_loc"   --->   Operation 78 'load' 'p_0_0_080330_i_loc_load' <Predicate = true> <Delay = 0.00>
ST_4 : Operation 79 [1/1] (0.00ns)   --->   "%p_0_0_080327_i_loc_load = load i16 %p_0_0_080327_i_loc"   --->   Operation 79 'load' 'p_0_0_080327_i_loc_load' <Predicate = true> <Delay = 0.00>
ST_4 : Operation 80 [1/1] (0.00ns)   --->   "%p_0_0_080324_i_loc_load = load i16 %p_0_0_080324_i_loc"   --->   Operation 80 'load' 'p_0_0_080324_i_loc_load' <Predicate = true> <Delay = 0.00>
ST_4 : Operation 81 [1/1] (0.00ns)   --->   "%p_0_0_080321_i_loc_load = load i16 %p_0_0_080321_i_loc"   --->   Operation 81 'load' 'p_0_0_080321_i_loc_load' <Predicate = true> <Delay = 0.00>
ST_4 : Operation 82 [1/1] (0.00ns)   --->   "%p_0_0_080320_i_loc_load = load i16 %p_0_0_080320_i_loc"   --->   Operation 82 'load' 'p_0_0_080320_i_loc_load' <Predicate = true> <Delay = 0.00>
ST_4 : Operation 83 [1/1] (0.00ns)   --->   "%p_0_0_080317_i_loc_load = load i16 %p_0_0_080317_i_loc"   --->   Operation 83 'load' 'p_0_0_080317_i_loc_load' <Predicate = true> <Delay = 0.00>
ST_4 : Operation 84 [1/1] (0.00ns)   --->   "%p_0_0_080314_i_loc_load = load i16 %p_0_0_080314_i_loc"   --->   Operation 84 'load' 'p_0_0_080314_i_loc_load' <Predicate = true> <Delay = 0.00>
ST_4 : Operation 85 [1/1] (0.00ns)   --->   "%p_0_0_080311_i_loc_load = load i16 %p_0_0_080311_i_loc"   --->   Operation 85 'load' 'p_0_0_080311_i_loc_load' <Predicate = true> <Delay = 0.00>
ST_4 : Operation 86 [1/1] (0.00ns)   --->   "%p_0_0_080308_i_loc_load = load i16 %p_0_0_080308_i_loc"   --->   Operation 86 'load' 'p_0_0_080308_i_loc_load' <Predicate = true> <Delay = 0.00>
ST_4 : Operation 87 [1/1] (0.00ns)   --->   "%p_0_0_080305_i_loc_load = load i16 %p_0_0_080305_i_loc"   --->   Operation 87 'load' 'p_0_0_080305_i_loc_load' <Predicate = true> <Delay = 0.00>
ST_4 : Operation 88 [1/1] (0.00ns)   --->   "%p_0_0_080302_i_loc_load = load i16 %p_0_0_080302_i_loc"   --->   Operation 88 'load' 'p_0_0_080302_i_loc_load' <Predicate = true> <Delay = 0.00>
ST_4 : Operation 89 [1/1] (0.00ns)   --->   "%p_0_0_080299_i_loc_load = load i16 %p_0_0_080299_i_loc"   --->   Operation 89 'load' 'p_0_0_080299_i_loc_load' <Predicate = true> <Delay = 0.00>
ST_4 : Operation 90 [1/1] (0.00ns)   --->   "%CHANNEL_V_loc_load = load i16 %CHANNEL_V_loc"   --->   Operation 90 'load' 'CHANNEL_V_loc_load' <Predicate = true> <Delay = 0.00>
ST_4 : Operation 91 [1/1] (0.00ns)   --->   "%CHANNEL_V_1_loc_load = load i16 %CHANNEL_V_1_loc"   --->   Operation 91 'load' 'CHANNEL_V_1_loc_load' <Predicate = true> <Delay = 0.00>
ST_4 : Operation 92 [1/1] (0.00ns)   --->   "%CHANNEL_V_2_loc_load = load i16 %CHANNEL_V_2_loc"   --->   Operation 92 'load' 'CHANNEL_V_2_loc_load' <Predicate = true> <Delay = 0.00>
ST_4 : Operation 93 [1/1] (0.00ns)   --->   "%conv_i_i_i35287_i_loc_load = load i16 %conv_i_i_i35287_i_loc"   --->   Operation 93 'load' 'conv_i_i_i35287_i_loc_load' <Predicate = true> <Delay = 0.00>
ST_4 : Operation 94 [1/1] (0.00ns)   --->   "%CHANNEL_V_3_loc_load = load i16 %CHANNEL_V_3_loc"   --->   Operation 94 'load' 'CHANNEL_V_3_loc_load' <Predicate = true> <Delay = 0.00>
ST_4 : Operation 95 [1/1] (0.00ns)   --->   "%CHANNEL_V_4_loc_load = load i16 %CHANNEL_V_4_loc"   --->   Operation 95 'load' 'CHANNEL_V_4_loc_load' <Predicate = true> <Delay = 0.00>
ST_4 : Operation 96 [1/1] (0.00ns)   --->   "%CHANNEL_V_5_loc_load = load i16 %CHANNEL_V_5_loc"   --->   Operation 96 'load' 'CHANNEL_V_5_loc_load' <Predicate = true> <Delay = 0.00>
ST_4 : Operation 97 [1/1] (0.00ns)   --->   "%CHANNEL_V_6_loc_load = load i16 %CHANNEL_V_6_loc"   --->   Operation 97 'load' 'CHANNEL_V_6_loc_load' <Predicate = true> <Delay = 0.00>
ST_4 : Operation 98 [1/1] (0.00ns)   --->   "%CHANNEL_V_7_loc_load = load i16 %CHANNEL_V_7_loc"   --->   Operation 98 'load' 'CHANNEL_V_7_loc_load' <Predicate = true> <Delay = 0.00>
ST_4 : Operation 99 [1/1] (0.00ns)   --->   "%CHANNEL_V_8_loc_load = load i16 %CHANNEL_V_8_loc"   --->   Operation 99 'load' 'CHANNEL_V_8_loc_load' <Predicate = true> <Delay = 0.00>
ST_4 : Operation 100 [1/1] (0.00ns)   --->   "%CHANNEL_V_9_loc_load = load i16 %CHANNEL_V_9_loc"   --->   Operation 100 'load' 'CHANNEL_V_9_loc_load' <Predicate = true> <Delay = 0.00>
ST_4 : Operation 101 [1/1] (0.00ns)   --->   "%CHANNEL_V_10_loc_load = load i16 %CHANNEL_V_10_loc"   --->   Operation 101 'load' 'CHANNEL_V_10_loc_load' <Predicate = true> <Delay = 0.00>
ST_4 : Operation 102 [1/1] (0.00ns)   --->   "%CHANNEL_V_11_loc_load = load i16 %CHANNEL_V_11_loc"   --->   Operation 102 'load' 'CHANNEL_V_11_loc_load' <Predicate = true> <Delay = 0.00>
ST_4 : Operation 103 [1/1] (0.00ns)   --->   "%CHANNEL_V_12_loc_load = load i16 %CHANNEL_V_12_loc"   --->   Operation 103 'load' 'CHANNEL_V_12_loc_load' <Predicate = true> <Delay = 0.00>
ST_4 : Operation 104 [1/1] (0.00ns)   --->   "%CHANNEL_V_13_loc_load = load i16 %CHANNEL_V_13_loc"   --->   Operation 104 'load' 'CHANNEL_V_13_loc_load' <Predicate = true> <Delay = 0.00>
ST_4 : Operation 105 [1/1] (0.00ns)   --->   "%CHANNEL_V_14_loc_load = load i16 %CHANNEL_V_14_loc"   --->   Operation 105 'load' 'CHANNEL_V_14_loc_load' <Predicate = true> <Delay = 0.00>
ST_4 : Operation 106 [1/1] (0.00ns)   --->   "%CHANNEL_V_15_loc_load = load i16 %CHANNEL_V_15_loc"   --->   Operation 106 'load' 'CHANNEL_V_15_loc_load' <Predicate = true> <Delay = 0.00>
ST_4 : Operation 107 [1/1] (0.00ns)   --->   "%CHANNEL_V_16_loc_load = load i16 %CHANNEL_V_16_loc"   --->   Operation 107 'load' 'CHANNEL_V_16_loc_load' <Predicate = true> <Delay = 0.00>
ST_4 : Operation 108 [1/1] (0.00ns)   --->   "%CHANNEL_V_17_loc_load = load i16 %CHANNEL_V_17_loc"   --->   Operation 108 'load' 'CHANNEL_V_17_loc_load' <Predicate = true> <Delay = 0.00>
ST_4 : Operation 109 [1/1] (0.00ns)   --->   "%p_0_0_079239_i_loc_load = load i16 %p_0_0_079239_i_loc"   --->   Operation 109 'load' 'p_0_0_079239_i_loc_load' <Predicate = true> <Delay = 0.00>
ST_4 : Operation 110 [1/1] (0.00ns)   --->   "%CHANNEL_V_18_loc_load = load i16 %CHANNEL_V_18_loc"   --->   Operation 110 'load' 'CHANNEL_V_18_loc_load' <Predicate = true> <Delay = 0.00>
ST_4 : Operation 111 [1/1] (0.00ns)   --->   "%CHANNEL_V_19_loc_load = load i16 %CHANNEL_V_19_loc"   --->   Operation 111 'load' 'CHANNEL_V_19_loc_load' <Predicate = true> <Delay = 0.00>
ST_4 : Operation 112 [1/1] (0.00ns)   --->   "%CHANNEL_V_20_loc_load = load i16 %CHANNEL_V_20_loc"   --->   Operation 112 'load' 'CHANNEL_V_20_loc_load' <Predicate = true> <Delay = 0.00>
ST_4 : Operation 113 [1/1] (0.00ns)   --->   "%CHANNEL_V_21_loc_load = load i16 %CHANNEL_V_21_loc"   --->   Operation 113 'load' 'CHANNEL_V_21_loc_load' <Predicate = true> <Delay = 0.00>
ST_4 : Operation 114 [1/1] (0.00ns)   --->   "%CHANNEL_V_22_loc_load = load i16 %CHANNEL_V_22_loc"   --->   Operation 114 'load' 'CHANNEL_V_22_loc_load' <Predicate = true> <Delay = 0.00>
ST_4 : Operation 115 [1/1] (0.00ns)   --->   "%CHANNEL_V_23_loc_load = load i16 %CHANNEL_V_23_loc"   --->   Operation 115 'load' 'CHANNEL_V_23_loc_load' <Predicate = true> <Delay = 0.00>
ST_4 : Operation 116 [1/1] (0.00ns)   --->   "%CHANNEL_V_24_loc_load = load i16 %CHANNEL_V_24_loc"   --->   Operation 116 'load' 'CHANNEL_V_24_loc_load' <Predicate = true> <Delay = 0.00>
ST_4 : Operation 117 [1/1] (0.00ns)   --->   "%CHANNEL_V_25_loc_load = load i16 %CHANNEL_V_25_loc"   --->   Operation 117 'load' 'CHANNEL_V_25_loc_load' <Predicate = true> <Delay = 0.00>
ST_4 : Operation 118 [1/1] (0.00ns)   --->   "%CHANNEL_V_26_loc_load = load i16 %CHANNEL_V_26_loc"   --->   Operation 118 'load' 'CHANNEL_V_26_loc_load' <Predicate = true> <Delay = 0.00>
ST_4 : Operation 119 [1/1] (0.00ns)   --->   "%CHANNEL_V_27_loc_load = load i16 %CHANNEL_V_27_loc"   --->   Operation 119 'load' 'CHANNEL_V_27_loc_load' <Predicate = true> <Delay = 0.00>
ST_4 : Operation 120 [1/1] (0.00ns)   --->   "%CHANNEL_V_28_loc_load = load i16 %CHANNEL_V_28_loc"   --->   Operation 120 'load' 'CHANNEL_V_28_loc_load' <Predicate = true> <Delay = 0.00>
ST_4 : Operation 121 [1/1] (0.00ns)   --->   "%CHANNEL_V_29_loc_load = load i16 %CHANNEL_V_29_loc"   --->   Operation 121 'load' 'CHANNEL_V_29_loc_load' <Predicate = true> <Delay = 0.00>
ST_4 : Operation 122 [1/1] (0.00ns)   --->   "%CHANNEL_V_30_loc_load = load i16 %CHANNEL_V_30_loc"   --->   Operation 122 'load' 'CHANNEL_V_30_loc_load' <Predicate = true> <Delay = 0.00>
ST_4 : Operation 123 [1/1] (0.00ns)   --->   "%CHANNEL_V_31_loc_load = load i16 %CHANNEL_V_31_loc"   --->   Operation 123 'load' 'CHANNEL_V_31_loc_load' <Predicate = true> <Delay = 0.00>
ST_4 : Operation 124 [1/1] (0.00ns)   --->   "%CHANNEL_V_32_loc_load = load i16 %CHANNEL_V_32_loc"   --->   Operation 124 'load' 'CHANNEL_V_32_loc_load' <Predicate = true> <Delay = 0.00>
ST_4 : Operation 125 [1/1] (0.00ns)   --->   "%p_0_0_079191_i_loc_load = load i16 %p_0_0_079191_i_loc"   --->   Operation 125 'load' 'p_0_0_079191_i_loc_load' <Predicate = true> <Delay = 0.00>
ST_4 : Operation 126 [1/1] (0.00ns)   --->   "%CHANNEL_V_33_loc_load = load i16 %CHANNEL_V_33_loc"   --->   Operation 126 'load' 'CHANNEL_V_33_loc_load' <Predicate = true> <Delay = 0.00>
ST_4 : Operation 127 [1/1] (0.00ns)   --->   "%CHANNEL_V_34_loc_load = load i16 %CHANNEL_V_34_loc"   --->   Operation 127 'load' 'CHANNEL_V_34_loc_load' <Predicate = true> <Delay = 0.00>
ST_4 : Operation 128 [1/1] (0.00ns)   --->   "%CHANNEL_V_35_loc_load = load i16 %CHANNEL_V_35_loc"   --->   Operation 128 'load' 'CHANNEL_V_35_loc_load' <Predicate = true> <Delay = 0.00>
ST_4 : Operation 129 [1/1] (0.00ns)   --->   "%CHANNEL_V_36_loc_load = load i16 %CHANNEL_V_36_loc"   --->   Operation 129 'load' 'CHANNEL_V_36_loc_load' <Predicate = true> <Delay = 0.00>
ST_4 : Operation 130 [1/1] (0.00ns)   --->   "%CHANNEL_V_37_loc_load = load i16 %CHANNEL_V_37_loc"   --->   Operation 130 'load' 'CHANNEL_V_37_loc_load' <Predicate = true> <Delay = 0.00>
ST_4 : Operation 131 [1/1] (0.00ns)   --->   "%CHANNEL_V_38_loc_load = load i16 %CHANNEL_V_38_loc"   --->   Operation 131 'load' 'CHANNEL_V_38_loc_load' <Predicate = true> <Delay = 0.00>
ST_4 : Operation 132 [1/1] (0.00ns)   --->   "%CHANNEL_V_39_loc_load = load i16 %CHANNEL_V_39_loc"   --->   Operation 132 'load' 'CHANNEL_V_39_loc_load' <Predicate = true> <Delay = 0.00>
ST_4 : Operation 133 [1/1] (0.00ns)   --->   "%CHANNEL_V_40_loc_load = load i16 %CHANNEL_V_40_loc"   --->   Operation 133 'load' 'CHANNEL_V_40_loc_load' <Predicate = true> <Delay = 0.00>
ST_4 : Operation 134 [1/1] (0.00ns)   --->   "%CHANNEL_V_41_loc_load = load i16 %CHANNEL_V_41_loc"   --->   Operation 134 'load' 'CHANNEL_V_41_loc_load' <Predicate = true> <Delay = 0.00>
ST_4 : Operation 135 [1/1] (0.00ns)   --->   "%CHANNEL_V_42_loc_load = load i16 %CHANNEL_V_42_loc"   --->   Operation 135 'load' 'CHANNEL_V_42_loc_load' <Predicate = true> <Delay = 0.00>
ST_4 : Operation 136 [1/1] (0.00ns)   --->   "%CHANNEL_V_43_loc_load = load i16 %CHANNEL_V_43_loc"   --->   Operation 136 'load' 'CHANNEL_V_43_loc_load' <Predicate = true> <Delay = 0.00>
ST_4 : Operation 137 [1/1] (0.00ns)   --->   "%CHANNEL_V_44_loc_load = load i16 %CHANNEL_V_44_loc"   --->   Operation 137 'load' 'CHANNEL_V_44_loc_load' <Predicate = true> <Delay = 0.00>
ST_4 : Operation 138 [1/1] (0.00ns)   --->   "%empty_125 = wait i32 @_ssdm_op_Wait"   --->   Operation 138 'wait' 'empty_125' <Predicate = true> <Delay = 0.00>
ST_4 : Operation 139 [2/2] (0.00ns)   --->   "%call_ln0 = call void @channel_mult_Pipeline_VITIS_LOOP_63_1, i16 %CHANNEL_V_34_loc_load, i16 %CHANNEL_V_4_loc_load, i16 %CHANNEL_V_35_loc_load, i16 %CHANNEL_V_5_loc_load, i16 %CHANNEL_V_36_loc_load, i16 %CHANNEL_V_6_loc_load, i16 %CHANNEL_V_33_loc_load, i16 %CHANNEL_V_3_loc_load, i16 %p_0_0_080327_i_loc_load, i16 %CHANNEL_V_19_loc_load, i16 %p_0_0_080324_i_loc_load, i16 %CHANNEL_V_20_loc_load, i16 %p_0_0_080321_i_loc_load, i16 %CHANNEL_V_21_loc_load, i16 %p_0_0_080330_i_loc_load, i16 %CHANNEL_V_18_loc_load, i16 %CHANNEL_V_38_loc_load, i16 %CHANNEL_V_8_loc_load, i16 %CHANNEL_V_39_loc_load, i16 %CHANNEL_V_9_loc_load, i16 %CHANNEL_V_40_loc_load, i16 %CHANNEL_V_10_loc_load, i16 %CHANNEL_V_37_loc_load, i16 %CHANNEL_V_7_loc_load, i16 %p_0_0_080317_i_loc_load, i16 %CHANNEL_V_23_loc_load, i16 %p_0_0_080314_i_loc_load, i16 %CHANNEL_V_24_loc_load, i16 %p_0_0_080311_i_loc_load, i16 %CHANNEL_V_25_loc_load, i16 %p_0_0_080320_i_loc_load, i16 %CHANNEL_V_22_loc_load, i16 %CHANNEL_V_42_loc_load, i16 %CHANNEL_V_12_loc_load, i16 %CHANNEL_V_43_loc_load, i16 %CHANNEL_V_13_loc_load, i16 %CHANNEL_V_44_loc_load, i16 %CHANNEL_V_14_loc_load, i16 %CHANNEL_V_41_loc_load, i16 %CHANNEL_V_11_loc_load, i16 %p_0_0_080305_i_loc_load, i16 %CHANNEL_V_27_loc_load, i16 %p_0_0_080302_i_loc_load, i16 %CHANNEL_V_28_loc_load, i16 %p_0_0_080299_i_loc_load, i16 %CHANNEL_V_29_loc_load, i16 %p_0_0_080308_i_loc_load, i16 %CHANNEL_V_26_loc_load, i16 %CHANNEL_V_31_loc_load, i16 %CHANNEL_V_1_loc_load, i16 %CHANNEL_V_32_loc_load, i16 %CHANNEL_V_2_loc_load, i16 %p_0_0_079191_i_loc_load, i16 %conv_i_i_i35287_i_loc_load, i16 %CHANNEL_V_30_loc_load, i16 %CHANNEL_V_loc_load, i16 %p_0_0_080341_i_loc_load, i16 %CHANNEL_V_16_loc_load, i16 %p_0_0_080338_i_loc_load, i16 %CHANNEL_V_17_loc_load, i16 %p_0_0_080335_i_loc_load, i16 %p_0_0_079239_i_loc_load, i16 %p_0_0_080344_i_loc_load, i16 %CHANNEL_V_15_loc_load, i16 %xr, i16 %xi, i16 %channel_out"   --->   Operation 139 'call' 'call_ln0' <Predicate = true> <Delay = 0.00> <CoreType = "Generic">   --->   Core 0 '' <Latency = 0> <II = 1> <Delay = 1.00> <Generic> <Opcode : >

State 5 <SV = 4> <Delay = 0.00>
ST_5 : Operation 140 [1/1] (0.00ns)   --->   "%specinterface_ln0 = specinterface void @_ssdm_op_SpecInterface, i16 %H_imag_spl0, void @empty_60, i32 0, i32 0, void @empty_59, i32 0, i32 0, void @empty_59, void @empty_59, void @empty_59, i32 0, i32 0, i32 0, i32 0, void @empty_59, void @empty_59"   --->   Operation 140 'specinterface' 'specinterface_ln0' <Predicate = true> <Delay = 0.00>
ST_5 : Operation 141 [1/1] (0.00ns)   --->   "%specinterface_ln0 = specinterface void @_ssdm_op_SpecInterface, i16 %H_imag_spl0, void @empty_60, i32 0, i32 0, void @empty_59, i32 0, i32 0, void @empty_59, void @empty_59, void @empty_59, i32 0, i32 0, i32 0, i32 0, void @empty_59, void @empty_59"   --->   Operation 141 'specinterface' 'specinterface_ln0' <Predicate = true> <Delay = 0.00>
ST_5 : Operation 142 [1/1] (0.00ns)   --->   "%specinterface_ln0 = specinterface void @_ssdm_op_SpecInterface, i16 %H_imag_spl0, void @empty_60, i32 0, i32 0, void @empty_59, i32 0, i32 0, void @empty_59, void @empty_59, void @empty_59, i32 0, i32 0, i32 0, i32 0, void @empty_59, void @empty_59"   --->   Operation 142 'specinterface' 'specinterface_ln0' <Predicate = true> <Delay = 0.00>
ST_5 : Operation 143 [1/1] (0.00ns)   --->   "%specinterface_ln0 = specinterface void @_ssdm_op_SpecInterface, i16 %H_real_spl0, void @empty_60, i32 0, i32 0, void @empty_59, i32 0, i32 0, void @empty_59, void @empty_59, void @empty_59, i32 0, i32 0, i32 0, i32 0, void @empty_59, void @empty_59"   --->   Operation 143 'specinterface' 'specinterface_ln0' <Predicate = true> <Delay = 0.00>
ST_5 : Operation 144 [1/1] (0.00ns)   --->   "%specinterface_ln0 = specinterface void @_ssdm_op_SpecInterface, i16 %H_real_spl0, void @empty_60, i32 0, i32 0, void @empty_59, i32 0, i32 0, void @empty_59, void @empty_59, void @empty_59, i32 0, i32 0, i32 0, i32 0, void @empty_59, void @empty_59"   --->   Operation 144 'specinterface' 'specinterface_ln0' <Predicate = true> <Delay = 0.00>
ST_5 : Operation 145 [1/1] (0.00ns)   --->   "%specinterface_ln0 = specinterface void @_ssdm_op_SpecInterface, i16 %H_real_spl0, void @empty_60, i32 0, i32 0, void @empty_59, i32 0, i32 0, void @empty_59, void @empty_59, void @empty_59, i32 0, i32 0, i32 0, i32 0, void @empty_59, void @empty_59"   --->   Operation 145 'specinterface' 'specinterface_ln0' <Predicate = true> <Delay = 0.00>
ST_5 : Operation 146 [1/1] (0.00ns)   --->   "%specinterface_ln0 = specinterface void @_ssdm_op_SpecInterface, i16 %channel_out, void @empty_60, i32 0, i32 0, void @empty_59, i32 0, i32 0, void @empty_59, void @empty_59, void @empty_59, i32 0, i32 0, i32 0, i32 0, void @empty_59, void @empty_59"   --->   Operation 146 'specinterface' 'specinterface_ln0' <Predicate = true> <Delay = 0.00>
ST_5 : Operation 147 [1/1] (0.00ns)   --->   "%specinterface_ln0 = specinterface void @_ssdm_op_SpecInterface, i16 %channel_out, void @empty_60, i32 0, i32 0, void @empty_59, i32 0, i32 0, void @empty_59, void @empty_59, void @empty_59, i32 0, i32 0, i32 0, i32 0, void @empty_59, void @empty_59"   --->   Operation 147 'specinterface' 'specinterface_ln0' <Predicate = true> <Delay = 0.00>
ST_5 : Operation 148 [1/1] (0.00ns)   --->   "%specinterface_ln0 = specinterface void @_ssdm_op_SpecInterface, i16 %channel_out, void @empty_60, i32 0, i32 0, void @empty_59, i32 0, i32 0, void @empty_59, void @empty_59, void @empty_59, i32 0, i32 0, i32 0, i32 0, void @empty_59, void @empty_59"   --->   Operation 148 'specinterface' 'specinterface_ln0' <Predicate = true> <Delay = 0.00>
ST_5 : Operation 149 [1/1] (0.00ns)   --->   "%specinterface_ln0 = specinterface void @_ssdm_op_SpecInterface, i16 %xi, void @empty_60, i32 0, i32 0, void @empty_59, i32 0, i32 0, void @empty_59, void @empty_59, void @empty_59, i32 0, i32 0, i32 0, i32 0, void @empty_59, void @empty_59"   --->   Operation 149 'specinterface' 'specinterface_ln0' <Predicate = true> <Delay = 0.00>
ST_5 : Operation 150 [1/1] (0.00ns)   --->   "%specinterface_ln0 = specinterface void @_ssdm_op_SpecInterface, i16 %xi, void @empty_60, i32 0, i32 0, void @empty_59, i32 0, i32 0, void @empty_59, void @empty_59, void @empty_59, i32 0, i32 0, i32 0, i32 0, void @empty_59, void @empty_59"   --->   Operation 150 'specinterface' 'specinterface_ln0' <Predicate = true> <Delay = 0.00>
ST_5 : Operation 151 [1/1] (0.00ns)   --->   "%specinterface_ln0 = specinterface void @_ssdm_op_SpecInterface, i16 %xi, void @empty_60, i32 0, i32 0, void @empty_59, i32 0, i32 0, void @empty_59, void @empty_59, void @empty_59, i32 0, i32 0, i32 0, i32 0, void @empty_59, void @empty_59"   --->   Operation 151 'specinterface' 'specinterface_ln0' <Predicate = true> <Delay = 0.00>
ST_5 : Operation 152 [1/1] (0.00ns)   --->   "%specinterface_ln0 = specinterface void @_ssdm_op_SpecInterface, i16 %xr, void @empty_60, i32 0, i32 0, void @empty_59, i32 0, i32 0, void @empty_59, void @empty_59, void @empty_59, i32 0, i32 0, i32 0, i32 0, void @empty_59, void @empty_59"   --->   Operation 152 'specinterface' 'specinterface_ln0' <Predicate = true> <Delay = 0.00>
ST_5 : Operation 153 [1/1] (0.00ns)   --->   "%specinterface_ln0 = specinterface void @_ssdm_op_SpecInterface, i16 %xr, void @empty_60, i32 0, i32 0, void @empty_59, i32 0, i32 0, void @empty_59, void @empty_59, void @empty_59, i32 0, i32 0, i32 0, i32 0, void @empty_59, void @empty_59"   --->   Operation 153 'specinterface' 'specinterface_ln0' <Predicate = true> <Delay = 0.00>
ST_5 : Operation 154 [1/1] (0.00ns)   --->   "%specinterface_ln0 = specinterface void @_ssdm_op_SpecInterface, i16 %xr, void @empty_60, i32 0, i32 0, void @empty_59, i32 0, i32 0, void @empty_59, void @empty_59, void @empty_59, i32 0, i32 0, i32 0, i32 0, void @empty_59, void @empty_59"   --->   Operation 154 'specinterface' 'specinterface_ln0' <Predicate = true> <Delay = 0.00>
ST_5 : Operation 155 [1/1] (0.00ns)   --->   "%specinterface_ln0 = specinterface void @_ssdm_op_SpecInterface, i16 %channel_out, void @empty_60, i32 0, i32 0, void @empty_59, i32 0, i32 0, void @empty_59, void @empty_59, void @empty_59, i32 0, i32 0, i32 0, i32 0, void @empty_59, void @empty_59"   --->   Operation 155 'specinterface' 'specinterface_ln0' <Predicate = true> <Delay = 0.00>
ST_5 : Operation 156 [1/1] (0.00ns)   --->   "%specinterface_ln0 = specinterface void @_ssdm_op_SpecInterface, i16 %H_imag_spl0, void @empty_60, i32 0, i32 0, void @empty_59, i32 0, i32 0, void @empty_59, void @empty_59, void @empty_59, i32 0, i32 0, i32 0, i32 0, void @empty_59, void @empty_59"   --->   Operation 156 'specinterface' 'specinterface_ln0' <Predicate = true> <Delay = 0.00>
ST_5 : Operation 157 [1/1] (0.00ns)   --->   "%specinterface_ln0 = specinterface void @_ssdm_op_SpecInterface, i16 %H_real_spl0, void @empty_60, i32 0, i32 0, void @empty_59, i32 0, i32 0, void @empty_59, void @empty_59, void @empty_59, i32 0, i32 0, i32 0, i32 0, void @empty_59, void @empty_59"   --->   Operation 157 'specinterface' 'specinterface_ln0' <Predicate = true> <Delay = 0.00>
ST_5 : Operation 158 [1/1] (0.00ns)   --->   "%specinterface_ln0 = specinterface void @_ssdm_op_SpecInterface, i16 %xi, void @empty_60, i32 0, i32 0, void @empty_59, i32 0, i32 0, void @empty_59, void @empty_59, void @empty_59, i32 0, i32 0, i32 0, i32 0, void @empty_59, void @empty_59"   --->   Operation 158 'specinterface' 'specinterface_ln0' <Predicate = true> <Delay = 0.00>
ST_5 : Operation 159 [1/1] (0.00ns)   --->   "%specinterface_ln0 = specinterface void @_ssdm_op_SpecInterface, i16 %xr, void @empty_60, i32 0, i32 0, void @empty_59, i32 0, i32 0, void @empty_59, void @empty_59, void @empty_59, i32 0, i32 0, i32 0, i32 0, void @empty_59, void @empty_59"   --->   Operation 159 'specinterface' 'specinterface_ln0' <Predicate = true> <Delay = 0.00>
ST_5 : Operation 160 [1/2] (0.00ns)   --->   "%call_ln0 = call void @channel_mult_Pipeline_VITIS_LOOP_63_1, i16 %CHANNEL_V_34_loc_load, i16 %CHANNEL_V_4_loc_load, i16 %CHANNEL_V_35_loc_load, i16 %CHANNEL_V_5_loc_load, i16 %CHANNEL_V_36_loc_load, i16 %CHANNEL_V_6_loc_load, i16 %CHANNEL_V_33_loc_load, i16 %CHANNEL_V_3_loc_load, i16 %p_0_0_080327_i_loc_load, i16 %CHANNEL_V_19_loc_load, i16 %p_0_0_080324_i_loc_load, i16 %CHANNEL_V_20_loc_load, i16 %p_0_0_080321_i_loc_load, i16 %CHANNEL_V_21_loc_load, i16 %p_0_0_080330_i_loc_load, i16 %CHANNEL_V_18_loc_load, i16 %CHANNEL_V_38_loc_load, i16 %CHANNEL_V_8_loc_load, i16 %CHANNEL_V_39_loc_load, i16 %CHANNEL_V_9_loc_load, i16 %CHANNEL_V_40_loc_load, i16 %CHANNEL_V_10_loc_load, i16 %CHANNEL_V_37_loc_load, i16 %CHANNEL_V_7_loc_load, i16 %p_0_0_080317_i_loc_load, i16 %CHANNEL_V_23_loc_load, i16 %p_0_0_080314_i_loc_load, i16 %CHANNEL_V_24_loc_load, i16 %p_0_0_080311_i_loc_load, i16 %CHANNEL_V_25_loc_load, i16 %p_0_0_080320_i_loc_load, i16 %CHANNEL_V_22_loc_load, i16 %CHANNEL_V_42_loc_load, i16 %CHANNEL_V_12_loc_load, i16 %CHANNEL_V_43_loc_load, i16 %CHANNEL_V_13_loc_load, i16 %CHANNEL_V_44_loc_load, i16 %CHANNEL_V_14_loc_load, i16 %CHANNEL_V_41_loc_load, i16 %CHANNEL_V_11_loc_load, i16 %p_0_0_080305_i_loc_load, i16 %CHANNEL_V_27_loc_load, i16 %p_0_0_080302_i_loc_load, i16 %CHANNEL_V_28_loc_load, i16 %p_0_0_080299_i_loc_load, i16 %CHANNEL_V_29_loc_load, i16 %p_0_0_080308_i_loc_load, i16 %CHANNEL_V_26_loc_load, i16 %CHANNEL_V_31_loc_load, i16 %CHANNEL_V_1_loc_load, i16 %CHANNEL_V_32_loc_load, i16 %CHANNEL_V_2_loc_load, i16 %p_0_0_079191_i_loc_load, i16 %conv_i_i_i35287_i_loc_load, i16 %CHANNEL_V_30_loc_load, i16 %CHANNEL_V_loc_load, i16 %p_0_0_080341_i_loc_load, i16 %CHANNEL_V_16_loc_load, i16 %p_0_0_080338_i_loc_load, i16 %CHANNEL_V_17_loc_load, i16 %p_0_0_080335_i_loc_load, i16 %p_0_0_079239_i_loc_load, i16 %p_0_0_080344_i_loc_load, i16 %CHANNEL_V_15_loc_load, i16 %xr, i16 %xi, i16 %channel_out"   --->   Operation 160 'call' 'call_ln0' <Predicate = true> <Delay = 0.00> <CoreType = "Generic">   --->   Core 0 '' <Latency = 0> <II = 1> <Delay = 1.00> <Generic> <Opcode : >
ST_5 : Operation 161 [1/1] (0.00ns)   --->   "%ret_ln0 = ret"   --->   Operation 161 'ret' 'ret_ln0' <Predicate = true> <Delay = 0.00>


============================================================
+ Verbose Summary: Timing violations
============================================================
Target clock period: 40ns, clock uncertainty: 10.8ns.

 <State 1>: 0ns
The critical path consists of the following:

 <State 2>: 1.18ns
The critical path consists of the following:
	'call' operation ('call_ln0') to 'channel_mult_Pipeline_CHANNEL2REAL' [91]  (1.18 ns)

 <State 3>: 0ns
The critical path consists of the following:

 <State 4>: 0ns
The critical path consists of the following:

 <State 5>: 0ns
The critical path consists of the following:


============================================================
+ Verbose Summary: Binding
============================================================
N/A
* FSMD analyzer results:
  - Output states:
 - Input state : 
  - Chain level:
	State 1
	State 2
	State 3
	State 4
	State 5


============================================================
+ Verbose Summary: Datapath Resource usage 
============================================================
N/A
