

================================================================
== Vitis HLS Report for 'deAes_return'
================================================================
* Date:           Fri Jun 17 13:15:35 2022

* Version:        2021.2 (Build 3367213 on Tue Oct 19 02:48:09 MDT 2021)
* Project:        MIMO
* Solution:       solution1 (Vivado IP Flow Target)
* Product family: zynquplus
* Target device:  xczu9eg-ffvb1156-2-e


================================================================
== Performance Estimates
================================================================
+ Timing: 
    * Summary: 
    +--------+----------+----------+------------+
    |  Clock |  Target  | Estimated| Uncertainty|
    +--------+----------+----------+------------+
    |ap_clk  |  40.00 ns|  3.912 ns|    10.80 ns|
    +--------+----------+----------+------------+

+ Latency: 
    * Summary: 
    +---------+---------+-----------+-----------+-----+-----+---------+
    |  Latency (cycles) |   Latency (absolute)  |  Interval | Pipeline|
    |   min   |   max   |    min    |    max    | min | max |   Type  |
    +---------+---------+-----------+-----------+-----+-----+---------+
    |      543|      543|  21.720 us|  21.720 us|  543|  543|       no|
    +---------+---------+-----------+-----------+-----+-----+---------+

    + Detail: 
        * Instance: 
        +------------------------------------------------------------------------------------+-------------------------------------------------------------------------+---------+---------+-----------+-----------+-----+-----+---------+
        |                                                                                    |                                                                         |  Latency (cycles) |   Latency (absolute)  |  Interval | Pipeline|
        |                                      Instance                                      |                                  Module                                 |   min   |   max   |    min    |    max    | min | max |   Type  |
        +------------------------------------------------------------------------------------+-------------------------------------------------------------------------+---------+---------+-----------+-----------+-----+-----+---------+
        |grp_deAes_return_Pipeline_convertToIntArray_label0_convertToIntArray_label1_fu_287  |deAes_return_Pipeline_convertToIntArray_label0_convertToIntArray_label1  |       18|       18|   0.720 us|   0.720 us|   18|   18|       no|
        |grp_deAes_return_Pipeline_addRoundKey_label0_fu_325                                 |deAes_return_Pipeline_addRoundKey_label0                                 |       18|       18|   0.720 us|   0.720 us|   18|   18|       no|
        |grp_deAes_return_Pipeline_deAes_return_label22_fu_332                               |deAes_return_Pipeline_deAes_return_label22                               |      452|      452|  18.080 us|  18.080 us|  452|  452|       no|
        |grp_deAes_return_Pipeline_deSubBytes_label1_deSubBytes_label13_fu_342               |deAes_return_Pipeline_deSubBytes_label1_deSubBytes_label13               |       19|       19|   0.760 us|   0.760 us|   19|   19|       no|
        |grp_deAes_return_Pipeline_addRoundKey_label010_fu_349                               |deAes_return_Pipeline_addRoundKey_label010                               |       18|       18|   0.720 us|   0.720 us|   18|   18|       no|
        +------------------------------------------------------------------------------------+-------------------------------------------------------------------------+---------+---------+-----------+-----------+-----+-----+---------+

        * Loop: 
        N/A

============================================================
+ Verbose Summary: Synthesis Manager
============================================================
InlineROM: 1
ExposeGlobal: 0
============================================================
+ Verbose Summary: CDFG Model
============================================================
IsTopModel: 0
ResetActiveHigh: 1
IsCombinational: 0
IsDatapathOnly: 0
HasWiredReturn: 1
HasMFsm: 0
HasVarLatency: 1
IsPipeline: 0
IsRtlPipelined: 0
IsInstanceOverlapped: 0
IsDontTouch: 0
HasImplIP: 0
IsGatedGlobalClock: 0


============================================================
+ Verbose Summary: Schedule
============================================================
* Number of FSM states : 19
* Pipeline : 0
* Dataflow Pipeline: 0

* FSM state transitions: 
1 --> 2 
2 --> 3 
3 --> 4 
4 --> 5 
5 --> 6 
6 --> 7 
7 --> 8 
8 --> 9 
9 --> 10 
10 --> 11 
11 --> 12 
12 --> 13 
13 --> 14 
14 --> 15 
15 --> 16 
16 --> 17 
17 --> 18 
18 --> 19 
19 --> 

* FSM state operations: 

State 1 <SV = 0> <Delay = 1.84>
ST_1 : Operation 20 [1/1] (0.00ns)   --->   "%p_read_16 = read i8 @_ssdm_op_Read.ap_auto.i8, i8 %p_read15"   --->   Operation 20 'read' 'p_read_16' <Predicate = true> <Delay = 0.00>
ST_1 : Operation 21 [1/1] (0.00ns)   --->   "%p_read_17 = read i8 @_ssdm_op_Read.ap_auto.i8, i8 %p_read14"   --->   Operation 21 'read' 'p_read_17' <Predicate = true> <Delay = 0.00>
ST_1 : Operation 22 [1/1] (0.00ns)   --->   "%p_read_18 = read i8 @_ssdm_op_Read.ap_auto.i8, i8 %p_read13"   --->   Operation 22 'read' 'p_read_18' <Predicate = true> <Delay = 0.00>
ST_1 : Operation 23 [1/1] (0.00ns)   --->   "%p_read_19 = read i8 @_ssdm_op_Read.ap_auto.i8, i8 %p_read12"   --->   Operation 23 'read' 'p_read_19' <Predicate = true> <Delay = 0.00>
ST_1 : Operation 24 [1/1] (0.00ns)   --->   "%p_read_20 = read i8 @_ssdm_op_Read.ap_auto.i8, i8 %p_read11"   --->   Operation 24 'read' 'p_read_20' <Predicate = true> <Delay = 0.00>
ST_1 : Operation 25 [1/1] (0.00ns)   --->   "%p_read_21 = read i8 @_ssdm_op_Read.ap_auto.i8, i8 %p_read10"   --->   Operation 25 'read' 'p_read_21' <Predicate = true> <Delay = 0.00>
ST_1 : Operation 26 [1/1] (0.00ns)   --->   "%p_read_22 = read i8 @_ssdm_op_Read.ap_auto.i8, i8 %p_read9"   --->   Operation 26 'read' 'p_read_22' <Predicate = true> <Delay = 0.00>
ST_1 : Operation 27 [1/1] (0.00ns)   --->   "%p_read_23 = read i8 @_ssdm_op_Read.ap_auto.i8, i8 %p_read8"   --->   Operation 27 'read' 'p_read_23' <Predicate = true> <Delay = 0.00>
ST_1 : Operation 28 [1/1] (0.00ns)   --->   "%p_read_24 = read i8 @_ssdm_op_Read.ap_auto.i8, i8 %p_read7"   --->   Operation 28 'read' 'p_read_24' <Predicate = true> <Delay = 0.00>
ST_1 : Operation 29 [1/1] (0.00ns)   --->   "%p_read_25 = read i8 @_ssdm_op_Read.ap_auto.i8, i8 %p_read6"   --->   Operation 29 'read' 'p_read_25' <Predicate = true> <Delay = 0.00>
ST_1 : Operation 30 [1/1] (0.00ns)   --->   "%p_read_26 = read i8 @_ssdm_op_Read.ap_auto.i8, i8 %p_read5"   --->   Operation 30 'read' 'p_read_26' <Predicate = true> <Delay = 0.00>
ST_1 : Operation 31 [1/1] (0.00ns)   --->   "%p_read_27 = read i8 @_ssdm_op_Read.ap_auto.i8, i8 %p_read4"   --->   Operation 31 'read' 'p_read_27' <Predicate = true> <Delay = 0.00>
ST_1 : Operation 32 [1/1] (0.00ns)   --->   "%p_read_28 = read i8 @_ssdm_op_Read.ap_auto.i8, i8 %p_read3"   --->   Operation 32 'read' 'p_read_28' <Predicate = true> <Delay = 0.00>
ST_1 : Operation 33 [1/1] (0.00ns)   --->   "%p_read_29 = read i8 @_ssdm_op_Read.ap_auto.i8, i8 %p_read2"   --->   Operation 33 'read' 'p_read_29' <Predicate = true> <Delay = 0.00>
ST_1 : Operation 34 [1/1] (0.00ns)   --->   "%p_read_30 = read i8 @_ssdm_op_Read.ap_auto.i8, i8 %p_read1"   --->   Operation 34 'read' 'p_read_30' <Predicate = true> <Delay = 0.00>
ST_1 : Operation 35 [1/1] (0.00ns)   --->   "%p_read406 = read i8 @_ssdm_op_Read.ap_auto.i8, i8 %p_read"   --->   Operation 35 'read' 'p_read406' <Predicate = true> <Delay = 0.00>
ST_1 : Operation 36 [1/1] (0.67ns)   --->   "%cArray = alloca i64 1" [src/aes.cpp:447]   --->   Operation 36 'alloca' 'cArray' <Predicate = true> <Delay = 0.67> <CoreInst = "RAM">   --->   Core 83 'RAM' <Latency = 1> <II = 1> <Delay = 0.67> <Storage> <Opcode : 'load' 'store'> <Ports = 2> <Width = 32> <Depth = 16> <RAM>
ST_1 : Operation 37 [1/1] (0.67ns)   --->   "%wArray = alloca i64 1" [src/aes.cpp:453]   --->   Operation 37 'alloca' 'wArray' <Predicate = true> <Delay = 0.67>
ST_1 : Operation 38 [2/2] (1.16ns)   --->   "%call_ln0 = call void @deAes_return_Pipeline_convertToIntArray_label0_convertToIntArray_label1, i32 %cArray, i8 %p_read406, i8 %p_read_30, i8 %p_read_29, i8 %p_read_28, i8 %p_read_27, i8 %p_read_26, i8 %p_read_25, i8 %p_read_24, i8 %p_read_23, i8 %p_read_22, i8 %p_read_21, i8 %p_read_20, i8 %p_read_19, i8 %p_read_18, i8 %p_read_17, i8 %p_read_16"   --->   Operation 38 'call' 'call_ln0' <Predicate = true> <Delay = 1.16> <CoreType = "Generic">   --->   Core 0 '' <Latency = 0> <II = 1> <Delay = 1.00> <Generic> <Opcode : >

State 2 <SV = 1> <Delay = 0.00>
ST_2 : Operation 39 [1/2] (0.00ns)   --->   "%call_ln0 = call void @deAes_return_Pipeline_convertToIntArray_label0_convertToIntArray_label1, i32 %cArray, i8 %p_read406, i8 %p_read_30, i8 %p_read_29, i8 %p_read_28, i8 %p_read_27, i8 %p_read_26, i8 %p_read_25, i8 %p_read_24, i8 %p_read_23, i8 %p_read_22, i8 %p_read_21, i8 %p_read_20, i8 %p_read_19, i8 %p_read_18, i8 %p_read_17, i8 %p_read_16"   --->   Operation 39 'call' 'call_ln0' <Predicate = true> <Delay = 0.00> <CoreType = "Generic">   --->   Core 0 '' <Latency = 0> <II = 1> <Delay = 1.00> <Generic> <Opcode : >

State 3 <SV = 2> <Delay = 0.00>
ST_3 : Operation 40 [2/2] (0.00ns)   --->   "%call_ln0 = call void @deAes_return_Pipeline_addRoundKey_label0, i32 %cArray, i32 %w"   --->   Operation 40 'call' 'call_ln0' <Predicate = true> <Delay = 0.00> <CoreType = "Generic">   --->   Core 0 '' <Latency = 0> <II = 1> <Delay = 1.00> <Generic> <Opcode : >

State 4 <SV = 3> <Delay = 0.00>
ST_4 : Operation 41 [1/2] (0.00ns)   --->   "%call_ln0 = call void @deAes_return_Pipeline_addRoundKey_label0, i32 %cArray, i32 %w"   --->   Operation 41 'call' 'call_ln0' <Predicate = true> <Delay = 0.00> <CoreType = "Generic">   --->   Core 0 '' <Latency = 0> <II = 1> <Delay = 1.00> <Generic> <Opcode : >

State 5 <SV = 4> <Delay = 0.00>
ST_5 : Operation 42 [2/2] (0.00ns)   --->   "%call_ln0 = call void @deAes_return_Pipeline_deAes_return_label22, i32 %wArray, i32 %cArray, i32 %w, i8 %S2"   --->   Operation 42 'call' 'call_ln0' <Predicate = true> <Delay = 0.00> <CoreType = "Generic">   --->   Core 0 '' <Latency = 0> <II = 1> <Delay = 1.00> <Generic> <Opcode : >

State 6 <SV = 5> <Delay = 0.00>
ST_6 : Operation 43 [1/2] (0.00ns)   --->   "%call_ln0 = call void @deAes_return_Pipeline_deAes_return_label22, i32 %wArray, i32 %cArray, i32 %w, i8 %S2"   --->   Operation 43 'call' 'call_ln0' <Predicate = true> <Delay = 0.00> <CoreType = "Generic">   --->   Core 0 '' <Latency = 0> <II = 1> <Delay = 1.00> <Generic> <Opcode : >

State 7 <SV = 6> <Delay = 0.00>
ST_7 : Operation 44 [2/2] (0.00ns)   --->   "%call_ln0 = call void @deAes_return_Pipeline_deSubBytes_label1_deSubBytes_label13, i32 %cArray, i8 %S2"   --->   Operation 44 'call' 'call_ln0' <Predicate = true> <Delay = 0.00> <CoreType = "Generic">   --->   Core 0 '' <Latency = 0> <II = 1> <Delay = 1.00> <Generic> <Opcode : >

State 8 <SV = 7> <Delay = 0.00>
ST_8 : Operation 45 [1/2] (0.00ns)   --->   "%call_ln0 = call void @deAes_return_Pipeline_deSubBytes_label1_deSubBytes_label13, i32 %cArray, i8 %S2"   --->   Operation 45 'call' 'call_ln0' <Predicate = true> <Delay = 0.00> <CoreType = "Generic">   --->   Core 0 '' <Latency = 0> <II = 1> <Delay = 1.00> <Generic> <Opcode : >

State 9 <SV = 8> <Delay = 0.67>
ST_9 : Operation 46 [1/1] (0.00ns)   --->   "%cArray_addr_9 = getelementptr i32 %cArray, i64 0, i64 4" [src/aes.cpp:355]   --->   Operation 46 'getelementptr' 'cArray_addr_9' <Predicate = true> <Delay = 0.00>
ST_9 : Operation 47 [1/1] (0.00ns)   --->   "%cArray_addr_13 = getelementptr i32 %cArray, i64 0, i64 8" [src/aes.cpp:355]   --->   Operation 47 'getelementptr' 'cArray_addr_13' <Predicate = true> <Delay = 0.00>
ST_9 : Operation 48 [2/2] (0.67ns)   --->   "%cArray_load = load i4 %cArray_addr_9" [src/aes.cpp:379->src/aes.cpp:473]   --->   Operation 48 'load' 'cArray_load' <Predicate = true> <Delay = 0.67> <CoreInst = "RAM">   --->   Core 83 'RAM' <Latency = 1> <II = 1> <Delay = 0.67> <Storage> <Opcode : 'load' 'store'> <Ports = 2> <Width = 32> <Depth = 16> <RAM>
ST_9 : Operation 49 [2/2] (0.67ns)   --->   "%cArray_load_35 = load i4 %cArray_addr_13" [src/aes.cpp:380->src/aes.cpp:473]   --->   Operation 49 'load' 'cArray_load_35' <Predicate = true> <Delay = 0.67> <CoreInst = "RAM">   --->   Core 83 'RAM' <Latency = 1> <II = 1> <Delay = 0.67> <Storage> <Opcode : 'load' 'store'> <Ports = 2> <Width = 32> <Depth = 16> <RAM>

State 10 <SV = 9> <Delay = 1.35>
ST_10 : Operation 50 [1/1] (0.00ns)   --->   "%cArray_addr_10 = getelementptr i32 %cArray, i64 0, i64 5" [src/aes.cpp:355]   --->   Operation 50 'getelementptr' 'cArray_addr_10' <Predicate = true> <Delay = 0.00>
ST_10 : Operation 51 [1/1] (0.00ns)   --->   "%cArray_addr_17 = getelementptr i32 %cArray, i64 0, i64 12" [src/aes.cpp:355]   --->   Operation 51 'getelementptr' 'cArray_addr_17' <Predicate = true> <Delay = 0.00>
ST_10 : Operation 52 [1/2] (0.67ns)   --->   "%cArray_load = load i4 %cArray_addr_9" [src/aes.cpp:379->src/aes.cpp:473]   --->   Operation 52 'load' 'cArray_load' <Predicate = true> <Delay = 0.67> <CoreInst = "RAM">   --->   Core 83 'RAM' <Latency = 1> <II = 1> <Delay = 0.67> <Storage> <Opcode : 'load' 'store'> <Ports = 2> <Width = 32> <Depth = 16> <RAM>
ST_10 : Operation 53 [1/2] (0.67ns)   --->   "%cArray_load_35 = load i4 %cArray_addr_13" [src/aes.cpp:380->src/aes.cpp:473]   --->   Operation 53 'load' 'cArray_load_35' <Predicate = true> <Delay = 0.67> <CoreInst = "RAM">   --->   Core 83 'RAM' <Latency = 1> <II = 1> <Delay = 0.67> <Storage> <Opcode : 'load' 'store'> <Ports = 2> <Width = 32> <Depth = 16> <RAM>
ST_10 : Operation 54 [2/2] (0.67ns)   --->   "%cArray_load_36 = load i4 %cArray_addr_17" [src/aes.cpp:381->src/aes.cpp:473]   --->   Operation 54 'load' 'cArray_load_36' <Predicate = true> <Delay = 0.67> <CoreInst = "RAM">   --->   Core 83 'RAM' <Latency = 1> <II = 1> <Delay = 0.67> <Storage> <Opcode : 'load' 'store'> <Ports = 2> <Width = 32> <Depth = 16> <RAM>
ST_10 : Operation 55 [2/2] (0.67ns)   --->   "%cArray_load_37 = load i4 %cArray_addr_10" [src/aes.cpp:379->src/aes.cpp:473]   --->   Operation 55 'load' 'cArray_load_37' <Predicate = true> <Delay = 0.67> <CoreInst = "RAM">   --->   Core 83 'RAM' <Latency = 1> <II = 1> <Delay = 0.67> <Storage> <Opcode : 'load' 'store'> <Ports = 2> <Width = 32> <Depth = 16> <RAM>
ST_10 : Operation 56 [1/1] (0.67ns)   --->   "%store_ln389 = store i32 %cArray_load, i4 %cArray_addr_10" [src/aes.cpp:389->src/aes.cpp:473]   --->   Operation 56 'store' 'store_ln389' <Predicate = true> <Delay = 0.67> <CoreInst = "RAM">   --->   Core 83 'RAM' <Latency = 1> <II = 1> <Delay = 0.67> <Storage> <Opcode : 'load' 'store'> <Ports = 2> <Width = 32> <Depth = 16> <RAM>

State 11 <SV = 10> <Delay = 0.67>
ST_11 : Operation 57 [1/1] (0.00ns)   --->   "%cArray_addr_14 = getelementptr i32 %cArray, i64 0, i64 9" [src/aes.cpp:355]   --->   Operation 57 'getelementptr' 'cArray_addr_14' <Predicate = true> <Delay = 0.00>
ST_11 : Operation 58 [1/1] (0.00ns)   --->   "%cArray_addr_18 = getelementptr i32 %cArray, i64 0, i64 13" [src/aes.cpp:355]   --->   Operation 58 'getelementptr' 'cArray_addr_18' <Predicate = true> <Delay = 0.00>
ST_11 : Operation 59 [1/2] (0.67ns)   --->   "%cArray_load_36 = load i4 %cArray_addr_17" [src/aes.cpp:381->src/aes.cpp:473]   --->   Operation 59 'load' 'cArray_load_36' <Predicate = true> <Delay = 0.67> <CoreInst = "RAM">   --->   Core 83 'RAM' <Latency = 1> <II = 1> <Delay = 0.67> <Storage> <Opcode : 'load' 'store'> <Ports = 2> <Width = 32> <Depth = 16> <RAM>
ST_11 : Operation 60 [1/2] (0.67ns)   --->   "%cArray_load_37 = load i4 %cArray_addr_10" [src/aes.cpp:379->src/aes.cpp:473]   --->   Operation 60 'load' 'cArray_load_37' <Predicate = true> <Delay = 0.67> <CoreInst = "RAM">   --->   Core 83 'RAM' <Latency = 1> <II = 1> <Delay = 0.67> <Storage> <Opcode : 'load' 'store'> <Ports = 2> <Width = 32> <Depth = 16> <RAM>
ST_11 : Operation 61 [2/2] (0.67ns)   --->   "%cArray_load_38 = load i4 %cArray_addr_14" [src/aes.cpp:380->src/aes.cpp:473]   --->   Operation 61 'load' 'cArray_load_38' <Predicate = true> <Delay = 0.67> <CoreInst = "RAM">   --->   Core 83 'RAM' <Latency = 1> <II = 1> <Delay = 0.67> <Storage> <Opcode : 'load' 'store'> <Ports = 2> <Width = 32> <Depth = 16> <RAM>
ST_11 : Operation 62 [2/2] (0.67ns)   --->   "%cArray_load_39 = load i4 %cArray_addr_18" [src/aes.cpp:381->src/aes.cpp:473]   --->   Operation 62 'load' 'cArray_load_39' <Predicate = true> <Delay = 0.67> <CoreInst = "RAM">   --->   Core 83 'RAM' <Latency = 1> <II = 1> <Delay = 0.67> <Storage> <Opcode : 'load' 'store'> <Ports = 2> <Width = 32> <Depth = 16> <RAM>

State 12 <SV = 11> <Delay = 0.67>
ST_12 : Operation 63 [1/1] (0.00ns)   --->   "%cArray_addr_11 = getelementptr i32 %cArray, i64 0, i64 6" [src/aes.cpp:355]   --->   Operation 63 'getelementptr' 'cArray_addr_11' <Predicate = true> <Delay = 0.00>
ST_12 : Operation 64 [1/1] (0.00ns)   --->   "%cArray_addr_15 = getelementptr i32 %cArray, i64 0, i64 10" [src/aes.cpp:355]   --->   Operation 64 'getelementptr' 'cArray_addr_15' <Predicate = true> <Delay = 0.00>
ST_12 : Operation 65 [1/2] (0.67ns)   --->   "%cArray_load_38 = load i4 %cArray_addr_14" [src/aes.cpp:380->src/aes.cpp:473]   --->   Operation 65 'load' 'cArray_load_38' <Predicate = true> <Delay = 0.67> <CoreInst = "RAM">   --->   Core 83 'RAM' <Latency = 1> <II = 1> <Delay = 0.67> <Storage> <Opcode : 'load' 'store'> <Ports = 2> <Width = 32> <Depth = 16> <RAM>
ST_12 : Operation 66 [1/2] (0.67ns)   --->   "%cArray_load_39 = load i4 %cArray_addr_18" [src/aes.cpp:381->src/aes.cpp:473]   --->   Operation 66 'load' 'cArray_load_39' <Predicate = true> <Delay = 0.67> <CoreInst = "RAM">   --->   Core 83 'RAM' <Latency = 1> <II = 1> <Delay = 0.67> <Storage> <Opcode : 'load' 'store'> <Ports = 2> <Width = 32> <Depth = 16> <RAM>
ST_12 : Operation 67 [2/2] (0.67ns)   --->   "%cArray_load_40 = load i4 %cArray_addr_11" [src/aes.cpp:379->src/aes.cpp:473]   --->   Operation 67 'load' 'cArray_load_40' <Predicate = true> <Delay = 0.67> <CoreInst = "RAM">   --->   Core 83 'RAM' <Latency = 1> <II = 1> <Delay = 0.67> <Storage> <Opcode : 'load' 'store'> <Ports = 2> <Width = 32> <Depth = 16> <RAM>
ST_12 : Operation 68 [2/2] (0.67ns)   --->   "%cArray_load_41 = load i4 %cArray_addr_15" [src/aes.cpp:380->src/aes.cpp:473]   --->   Operation 68 'load' 'cArray_load_41' <Predicate = true> <Delay = 0.67> <CoreInst = "RAM">   --->   Core 83 'RAM' <Latency = 1> <II = 1> <Delay = 0.67> <Storage> <Opcode : 'load' 'store'> <Ports = 2> <Width = 32> <Depth = 16> <RAM>
ST_12 : Operation 69 [1/1] (0.67ns)   --->   "%store_ln389 = store i32 %cArray_load_37, i4 %cArray_addr_11" [src/aes.cpp:389->src/aes.cpp:473]   --->   Operation 69 'store' 'store_ln389' <Predicate = true> <Delay = 0.67> <CoreInst = "RAM">   --->   Core 83 'RAM' <Latency = 1> <II = 1> <Delay = 0.67> <Storage> <Opcode : 'load' 'store'> <Ports = 2> <Width = 32> <Depth = 16> <RAM>
ST_12 : Operation 70 [1/1] (0.67ns)   --->   "%store_ln390 = store i32 %cArray_load_35, i4 %cArray_addr_15" [src/aes.cpp:390->src/aes.cpp:473]   --->   Operation 70 'store' 'store_ln390' <Predicate = true> <Delay = 0.67> <CoreInst = "RAM">   --->   Core 83 'RAM' <Latency = 1> <II = 1> <Delay = 0.67> <Storage> <Opcode : 'load' 'store'> <Ports = 2> <Width = 32> <Depth = 16> <RAM>

State 13 <SV = 12> <Delay = 1.35>
ST_13 : Operation 71 [1/1] (0.00ns)   --->   "%cArray_addr_12 = getelementptr i32 %cArray, i64 0, i64 7" [src/aes.cpp:355]   --->   Operation 71 'getelementptr' 'cArray_addr_12' <Predicate = true> <Delay = 0.00>
ST_13 : Operation 72 [1/1] (0.00ns)   --->   "%cArray_addr = getelementptr i32 %cArray, i64 0, i64 14" [src/aes.cpp:355]   --->   Operation 72 'getelementptr' 'cArray_addr' <Predicate = true> <Delay = 0.00>
ST_13 : Operation 73 [1/2] (0.67ns)   --->   "%cArray_load_40 = load i4 %cArray_addr_11" [src/aes.cpp:379->src/aes.cpp:473]   --->   Operation 73 'load' 'cArray_load_40' <Predicate = true> <Delay = 0.67> <CoreInst = "RAM">   --->   Core 83 'RAM' <Latency = 1> <II = 1> <Delay = 0.67> <Storage> <Opcode : 'load' 'store'> <Ports = 2> <Width = 32> <Depth = 16> <RAM>
ST_13 : Operation 74 [1/2] (0.67ns)   --->   "%cArray_load_41 = load i4 %cArray_addr_15" [src/aes.cpp:380->src/aes.cpp:473]   --->   Operation 74 'load' 'cArray_load_41' <Predicate = true> <Delay = 0.67> <CoreInst = "RAM">   --->   Core 83 'RAM' <Latency = 1> <II = 1> <Delay = 0.67> <Storage> <Opcode : 'load' 'store'> <Ports = 2> <Width = 32> <Depth = 16> <RAM>
ST_13 : Operation 75 [2/2] (0.67ns)   --->   "%cArray_load_42 = load i4 %cArray_addr" [src/aes.cpp:381->src/aes.cpp:473]   --->   Operation 75 'load' 'cArray_load_42' <Predicate = true> <Delay = 0.67> <CoreInst = "RAM">   --->   Core 83 'RAM' <Latency = 1> <II = 1> <Delay = 0.67> <Storage> <Opcode : 'load' 'store'> <Ports = 2> <Width = 32> <Depth = 16> <RAM>
ST_13 : Operation 76 [2/2] (0.67ns)   --->   "%cArray_load_43 = load i4 %cArray_addr_12" [src/aes.cpp:379->src/aes.cpp:473]   --->   Operation 76 'load' 'cArray_load_43' <Predicate = true> <Delay = 0.67> <CoreInst = "RAM">   --->   Core 83 'RAM' <Latency = 1> <II = 1> <Delay = 0.67> <Storage> <Opcode : 'load' 'store'> <Ports = 2> <Width = 32> <Depth = 16> <RAM>
ST_13 : Operation 77 [1/1] (0.67ns)   --->   "%store_ln389 = store i32 %cArray_load_40, i4 %cArray_addr_12" [src/aes.cpp:389->src/aes.cpp:473]   --->   Operation 77 'store' 'store_ln389' <Predicate = true> <Delay = 0.67> <CoreInst = "RAM">   --->   Core 83 'RAM' <Latency = 1> <II = 1> <Delay = 0.67> <Storage> <Opcode : 'load' 'store'> <Ports = 2> <Width = 32> <Depth = 16> <RAM>

State 14 <SV = 13> <Delay = 0.67>
ST_14 : Operation 78 [1/1] (0.00ns)   --->   "%cArray_addr_16 = getelementptr i32 %cArray, i64 0, i64 11" [src/aes.cpp:355]   --->   Operation 78 'getelementptr' 'cArray_addr_16' <Predicate = true> <Delay = 0.00>
ST_14 : Operation 79 [1/1] (0.00ns)   --->   "%cArray_addr_19 = getelementptr i32 %cArray, i64 0, i64 15" [src/aes.cpp:355]   --->   Operation 79 'getelementptr' 'cArray_addr_19' <Predicate = true> <Delay = 0.00>
ST_14 : Operation 80 [1/2] (0.67ns)   --->   "%cArray_load_42 = load i4 %cArray_addr" [src/aes.cpp:381->src/aes.cpp:473]   --->   Operation 80 'load' 'cArray_load_42' <Predicate = true> <Delay = 0.67> <CoreInst = "RAM">   --->   Core 83 'RAM' <Latency = 1> <II = 1> <Delay = 0.67> <Storage> <Opcode : 'load' 'store'> <Ports = 2> <Width = 32> <Depth = 16> <RAM>
ST_14 : Operation 81 [1/2] (0.67ns)   --->   "%cArray_load_43 = load i4 %cArray_addr_12" [src/aes.cpp:379->src/aes.cpp:473]   --->   Operation 81 'load' 'cArray_load_43' <Predicate = true> <Delay = 0.67> <CoreInst = "RAM">   --->   Core 83 'RAM' <Latency = 1> <II = 1> <Delay = 0.67> <Storage> <Opcode : 'load' 'store'> <Ports = 2> <Width = 32> <Depth = 16> <RAM>
ST_14 : Operation 82 [2/2] (0.67ns)   --->   "%cArray_load_44 = load i4 %cArray_addr_16" [src/aes.cpp:380->src/aes.cpp:473]   --->   Operation 82 'load' 'cArray_load_44' <Predicate = true> <Delay = 0.67> <CoreInst = "RAM">   --->   Core 83 'RAM' <Latency = 1> <II = 1> <Delay = 0.67> <Storage> <Opcode : 'load' 'store'> <Ports = 2> <Width = 32> <Depth = 16> <RAM>
ST_14 : Operation 83 [2/2] (0.67ns)   --->   "%cArray_load_45 = load i4 %cArray_addr_19" [src/aes.cpp:381->src/aes.cpp:473]   --->   Operation 83 'load' 'cArray_load_45' <Predicate = true> <Delay = 0.67> <CoreInst = "RAM">   --->   Core 83 'RAM' <Latency = 1> <II = 1> <Delay = 0.67> <Storage> <Opcode : 'load' 'store'> <Ports = 2> <Width = 32> <Depth = 16> <RAM>
ST_14 : Operation 84 [1/1] (0.67ns)   --->   "%store_ln390 = store i32 %cArray_load_38, i4 %cArray_addr_16" [src/aes.cpp:390->src/aes.cpp:473]   --->   Operation 84 'store' 'store_ln390' <Predicate = true> <Delay = 0.67> <CoreInst = "RAM">   --->   Core 83 'RAM' <Latency = 1> <II = 1> <Delay = 0.67> <Storage> <Opcode : 'load' 'store'> <Ports = 2> <Width = 32> <Depth = 16> <RAM>
ST_14 : Operation 85 [1/1] (0.67ns)   --->   "%store_ln391 = store i32 %cArray_load_36, i4 %cArray_addr_19" [src/aes.cpp:391->src/aes.cpp:473]   --->   Operation 85 'store' 'store_ln391' <Predicate = true> <Delay = 0.67> <CoreInst = "RAM">   --->   Core 83 'RAM' <Latency = 1> <II = 1> <Delay = 0.67> <Storage> <Opcode : 'load' 'store'> <Ports = 2> <Width = 32> <Depth = 16> <RAM>

State 15 <SV = 14> <Delay = 0.67>
ST_15 : Operation 86 [1/2] (0.67ns)   --->   "%cArray_load_44 = load i4 %cArray_addr_16" [src/aes.cpp:380->src/aes.cpp:473]   --->   Operation 86 'load' 'cArray_load_44' <Predicate = true> <Delay = 0.67> <CoreInst = "RAM">   --->   Core 83 'RAM' <Latency = 1> <II = 1> <Delay = 0.67> <Storage> <Opcode : 'load' 'store'> <Ports = 2> <Width = 32> <Depth = 16> <RAM>
ST_15 : Operation 87 [1/2] (0.67ns)   --->   "%cArray_load_45 = load i4 %cArray_addr_19" [src/aes.cpp:381->src/aes.cpp:473]   --->   Operation 87 'load' 'cArray_load_45' <Predicate = true> <Delay = 0.67> <CoreInst = "RAM">   --->   Core 83 'RAM' <Latency = 1> <II = 1> <Delay = 0.67> <Storage> <Opcode : 'load' 'store'> <Ports = 2> <Width = 32> <Depth = 16> <RAM>
ST_15 : Operation 88 [1/1] (0.67ns)   --->   "%store_ln389 = store i32 %cArray_load_43, i4 %cArray_addr_9" [src/aes.cpp:389->src/aes.cpp:473]   --->   Operation 88 'store' 'store_ln389' <Predicate = true> <Delay = 0.67> <CoreInst = "RAM">   --->   Core 83 'RAM' <Latency = 1> <II = 1> <Delay = 0.67> <Storage> <Opcode : 'load' 'store'> <Ports = 2> <Width = 32> <Depth = 16> <RAM>
ST_15 : Operation 89 [1/1] (0.67ns)   --->   "%store_ln390 = store i32 %cArray_load_41, i4 %cArray_addr_13" [src/aes.cpp:390->src/aes.cpp:473]   --->   Operation 89 'store' 'store_ln390' <Predicate = true> <Delay = 0.67> <CoreInst = "RAM">   --->   Core 83 'RAM' <Latency = 1> <II = 1> <Delay = 0.67> <Storage> <Opcode : 'load' 'store'> <Ports = 2> <Width = 32> <Depth = 16> <RAM>

State 16 <SV = 15> <Delay = 0.67>
ST_16 : Operation 90 [1/1] (0.67ns)   --->   "%store_ln391 = store i32 %cArray_load_39, i4 %cArray_addr_17" [src/aes.cpp:391->src/aes.cpp:473]   --->   Operation 90 'store' 'store_ln391' <Predicate = true> <Delay = 0.67> <CoreInst = "RAM">   --->   Core 83 'RAM' <Latency = 1> <II = 1> <Delay = 0.67> <Storage> <Opcode : 'load' 'store'> <Ports = 2> <Width = 32> <Depth = 16> <RAM>
ST_16 : Operation 91 [1/1] (0.67ns)   --->   "%store_ln390 = store i32 %cArray_load_44, i4 %cArray_addr_14" [src/aes.cpp:390->src/aes.cpp:473]   --->   Operation 91 'store' 'store_ln390' <Predicate = true> <Delay = 0.67> <CoreInst = "RAM">   --->   Core 83 'RAM' <Latency = 1> <II = 1> <Delay = 0.67> <Storage> <Opcode : 'load' 'store'> <Ports = 2> <Width = 32> <Depth = 16> <RAM>

State 17 <SV = 16> <Delay = 0.67>
ST_17 : Operation 92 [1/1] (0.67ns)   --->   "%store_ln391 = store i32 %cArray_load_42, i4 %cArray_addr_18" [src/aes.cpp:391->src/aes.cpp:473]   --->   Operation 92 'store' 'store_ln391' <Predicate = true> <Delay = 0.67> <CoreInst = "RAM">   --->   Core 83 'RAM' <Latency = 1> <II = 1> <Delay = 0.67> <Storage> <Opcode : 'load' 'store'> <Ports = 2> <Width = 32> <Depth = 16> <RAM>
ST_17 : Operation 93 [1/1] (0.67ns)   --->   "%store_ln391 = store i32 %cArray_load_45, i4 %cArray_addr" [src/aes.cpp:391->src/aes.cpp:473]   --->   Operation 93 'store' 'store_ln391' <Predicate = true> <Delay = 0.67> <CoreInst = "RAM">   --->   Core 83 'RAM' <Latency = 1> <II = 1> <Delay = 0.67> <Storage> <Opcode : 'load' 'store'> <Ports = 2> <Width = 32> <Depth = 16> <RAM>

State 18 <SV = 17> <Delay = 0.00>
ST_18 : Operation 94 [2/2] (0.00ns)   --->   "%call_ln0 = call void @deAes_return_Pipeline_addRoundKey_label010, i32 %cArray, i32 %w"   --->   Operation 94 'call' 'call_ln0' <Predicate = true> <Delay = 0.00> <CoreType = "Generic">   --->   Core 0 '' <Latency = 0> <II = 1> <Delay = 1.00> <Generic> <Opcode : >

State 19 <SV = 18> <Delay = 0.00>
ST_19 : Operation 95 [1/2] (0.00ns)   --->   "%call_ln0 = call void @deAes_return_Pipeline_addRoundKey_label010, i32 %cArray, i32 %w"   --->   Operation 95 'call' 'call_ln0' <Predicate = true> <Delay = 0.00> <CoreType = "Generic">   --->   Core 0 '' <Latency = 0> <II = 1> <Delay = 1.00> <Generic> <Opcode : >
ST_19 : Operation 96 [1/1] (0.00ns)   --->   "%ret_ln481 = ret" [src/aes.cpp:481]   --->   Operation 96 'ret' 'ret_ln481' <Predicate = true> <Delay = 0.00>


============================================================
+ Verbose Summary: Binding
============================================================
STG Binding: 
---------------- STG Properties BEGIN ----------------
- Is combinational: 0
- Is one-state seq: 0
- Is datapath-only: 0
- Is pipelined: 0
- Is top level: 0
Port [ Return ] is wired: 1; IO mode=ap_ctrl_hs:ce=0
Port [ p_read]:  wired=1; compound=0; hidden=0; nouse=0; global=0; static=0; extern=0; dir=0; type=0; pingpong=0; private_global=0; IO mode=ap_none:ce=0
Port [ p_read1]:  wired=1; compound=0; hidden=0; nouse=0; global=0; static=0; extern=0; dir=0; type=0; pingpong=0; private_global=0; IO mode=ap_none:ce=0
Port [ p_read2]:  wired=1; compound=0; hidden=0; nouse=0; global=0; static=0; extern=0; dir=0; type=0; pingpong=0; private_global=0; IO mode=ap_none:ce=0
Port [ p_read3]:  wired=1; compound=0; hidden=0; nouse=0; global=0; static=0; extern=0; dir=0; type=0; pingpong=0; private_global=0; IO mode=ap_none:ce=0
Port [ p_read4]:  wired=1; compound=0; hidden=0; nouse=0; global=0; static=0; extern=0; dir=0; type=0; pingpong=0; private_global=0; IO mode=ap_none:ce=0
Port [ p_read5]:  wired=1; compound=0; hidden=0; nouse=0; global=0; static=0; extern=0; dir=0; type=0; pingpong=0; private_global=0; IO mode=ap_none:ce=0
Port [ p_read6]:  wired=1; compound=0; hidden=0; nouse=0; global=0; static=0; extern=0; dir=0; type=0; pingpong=0; private_global=0; IO mode=ap_none:ce=0
Port [ p_read7]:  wired=1; compound=0; hidden=0; nouse=0; global=0; static=0; extern=0; dir=0; type=0; pingpong=0; private_global=0; IO mode=ap_none:ce=0
Port [ p_read8]:  wired=1; compound=0; hidden=0; nouse=0; global=0; static=0; extern=0; dir=0; type=0; pingpong=0; private_global=0; IO mode=ap_none:ce=0
Port [ p_read9]:  wired=1; compound=0; hidden=0; nouse=0; global=0; static=0; extern=0; dir=0; type=0; pingpong=0; private_global=0; IO mode=ap_none:ce=0
Port [ p_read10]:  wired=1; compound=0; hidden=0; nouse=0; global=0; static=0; extern=0; dir=0; type=0; pingpong=0; private_global=0; IO mode=ap_none:ce=0
Port [ p_read11]:  wired=1; compound=0; hidden=0; nouse=0; global=0; static=0; extern=0; dir=0; type=0; pingpong=0; private_global=0; IO mode=ap_none:ce=0
Port [ p_read12]:  wired=1; compound=0; hidden=0; nouse=0; global=0; static=0; extern=0; dir=0; type=0; pingpong=0; private_global=0; IO mode=ap_none:ce=0
Port [ p_read13]:  wired=1; compound=0; hidden=0; nouse=0; global=0; static=0; extern=0; dir=0; type=0; pingpong=0; private_global=0; IO mode=ap_none:ce=0
Port [ p_read14]:  wired=1; compound=0; hidden=0; nouse=0; global=0; static=0; extern=0; dir=0; type=0; pingpong=0; private_global=0; IO mode=ap_none:ce=0
Port [ p_read15]:  wired=1; compound=0; hidden=0; nouse=0; global=0; static=0; extern=0; dir=0; type=0; pingpong=0; private_global=0; IO mode=ap_none:ce=0
Port [ w]:  wired=1; compound=1; hidden=0; nouse=0; global=0; static=0; extern=0; dir=0; type=1; pingpong=0; private_global=0; MemPort=[11]; IO mode=ap_memory:ce=0
Port [ S2]:  wired=0; compound=1; hidden=1; nouse=0; global=1; static=1; extern=0; dir=0; type=1; pingpong=0; private_global=1; MemPort=[1]; IO mode=ap_memory:ce=0
---------------- STG Properties END ------------------

---------------- Datapath Model BEGIN ----------------

<LifeTime>
<method=bitvector/>
p_read_16      (read         ) [ 00100000000000000000]
p_read_17      (read         ) [ 00100000000000000000]
p_read_18      (read         ) [ 00100000000000000000]
p_read_19      (read         ) [ 00100000000000000000]
p_read_20      (read         ) [ 00100000000000000000]
p_read_21      (read         ) [ 00100000000000000000]
p_read_22      (read         ) [ 00100000000000000000]
p_read_23      (read         ) [ 00100000000000000000]
p_read_24      (read         ) [ 00100000000000000000]
p_read_25      (read         ) [ 00100000000000000000]
p_read_26      (read         ) [ 00100000000000000000]
p_read_27      (read         ) [ 00100000000000000000]
p_read_28      (read         ) [ 00100000000000000000]
p_read_29      (read         ) [ 00100000000000000000]
p_read_30      (read         ) [ 00100000000000000000]
p_read406      (read         ) [ 00100000000000000000]
cArray         (alloca       ) [ 00111111111111111111]
wArray         (alloca       ) [ 00111110000000000000]
call_ln0       (call         ) [ 00000000000000000000]
call_ln0       (call         ) [ 00000000000000000000]
call_ln0       (call         ) [ 00000000000000000000]
call_ln0       (call         ) [ 00000000000000000000]
cArray_addr_9  (getelementptr) [ 00000000001111110000]
cArray_addr_13 (getelementptr) [ 00000000001111110000]
cArray_addr_10 (getelementptr) [ 00000000000100000000]
cArray_addr_17 (getelementptr) [ 00000000000111111000]
cArray_load    (load         ) [ 00000000000000000000]
cArray_load_35 (load         ) [ 00000000000110000000]
store_ln389    (store        ) [ 00000000000000000000]
cArray_addr_14 (getelementptr) [ 00000000000011111000]
cArray_addr_18 (getelementptr) [ 00000000000011111100]
cArray_load_36 (load         ) [ 00000000000011100000]
cArray_load_37 (load         ) [ 00000000000010000000]
cArray_addr_11 (getelementptr) [ 00000000000001000000]
cArray_addr_15 (getelementptr) [ 00000000000001000000]
cArray_load_38 (load         ) [ 00000000000001100000]
cArray_load_39 (load         ) [ 00000000000001111000]
store_ln389    (store        ) [ 00000000000000000000]
store_ln390    (store        ) [ 00000000000000000000]
cArray_addr_12 (getelementptr) [ 00000000000000100000]
cArray_addr    (getelementptr) [ 00000000000000111100]
cArray_load_40 (load         ) [ 00000000000000000000]
cArray_load_41 (load         ) [ 00000000000000110000]
store_ln389    (store        ) [ 00000000000000000000]
cArray_addr_16 (getelementptr) [ 00000000000000010000]
cArray_addr_19 (getelementptr) [ 00000000000000010000]
cArray_load_42 (load         ) [ 00000000000000011100]
cArray_load_43 (load         ) [ 00000000000000010000]
store_ln390    (store        ) [ 00000000000000000000]
store_ln391    (store        ) [ 00000000000000000000]
cArray_load_44 (load         ) [ 00000000000000001000]
cArray_load_45 (load         ) [ 00000000000000001100]
store_ln389    (store        ) [ 00000000000000000000]
store_ln390    (store        ) [ 00000000000000000000]
store_ln391    (store        ) [ 00000000000000000000]
store_ln390    (store        ) [ 00000000000000000000]
store_ln391    (store        ) [ 00000000000000000000]
store_ln391    (store        ) [ 00000000000000000000]
call_ln0       (call         ) [ 00000000000000000000]
ret_ln481      (ret          ) [ 00000000000000000000]
</LifeTime>

<model>

<comp_list>
<comp id="0" class="1000" name="p_read">
<pin_list>
<pin id="1" dir="1" index="0" bw="1" slack="0"/>
</pin_list>
<bind>
<StgValue><ssdm name="p_read"/></StgValue>
</bind>
</comp>

<comp id="2" class="1000" name="p_read1">
<pin_list>
<pin id="3" dir="1" index="0" bw="1" slack="0"/>
</pin_list>
<bind>
<StgValue><ssdm name="p_read1"/></StgValue>
</bind>
</comp>

<comp id="4" class="1000" name="p_read2">
<pin_list>
<pin id="5" dir="1" index="0" bw="1" slack="0"/>
</pin_list>
<bind>
<StgValue><ssdm name="p_read2"/></StgValue>
</bind>
</comp>

<comp id="6" class="1000" name="p_read3">
<pin_list>
<pin id="7" dir="1" index="0" bw="1" slack="0"/>
</pin_list>
<bind>
<StgValue><ssdm name="p_read3"/></StgValue>
</bind>
</comp>

<comp id="8" class="1000" name="p_read4">
<pin_list>
<pin id="9" dir="1" index="0" bw="1" slack="0"/>
</pin_list>
<bind>
<StgValue><ssdm name="p_read4"/></StgValue>
</bind>
</comp>

<comp id="10" class="1000" name="p_read5">
<pin_list>
<pin id="11" dir="1" index="0" bw="1" slack="0"/>
</pin_list>
<bind>
<StgValue><ssdm name="p_read5"/></StgValue>
</bind>
</comp>

<comp id="12" class="1000" name="p_read6">
<pin_list>
<pin id="13" dir="1" index="0" bw="1" slack="0"/>
</pin_list>
<bind>
<StgValue><ssdm name="p_read6"/></StgValue>
</bind>
</comp>

<comp id="14" class="1000" name="p_read7">
<pin_list>
<pin id="15" dir="1" index="0" bw="1" slack="0"/>
</pin_list>
<bind>
<StgValue><ssdm name="p_read7"/></StgValue>
</bind>
</comp>

<comp id="16" class="1000" name="p_read8">
<pin_list>
<pin id="17" dir="1" index="0" bw="1" slack="0"/>
</pin_list>
<bind>
<StgValue><ssdm name="p_read8"/></StgValue>
</bind>
</comp>

<comp id="18" class="1000" name="p_read9">
<pin_list>
<pin id="19" dir="1" index="0" bw="1" slack="0"/>
</pin_list>
<bind>
<StgValue><ssdm name="p_read9"/></StgValue>
</bind>
</comp>

<comp id="20" class="1000" name="p_read10">
<pin_list>
<pin id="21" dir="1" index="0" bw="1" slack="0"/>
</pin_list>
<bind>
<StgValue><ssdm name="p_read10"/></StgValue>
</bind>
</comp>

<comp id="22" class="1000" name="p_read11">
<pin_list>
<pin id="23" dir="1" index="0" bw="1" slack="0"/>
</pin_list>
<bind>
<StgValue><ssdm name="p_read11"/></StgValue>
</bind>
</comp>

<comp id="24" class="1000" name="p_read12">
<pin_list>
<pin id="25" dir="1" index="0" bw="1" slack="0"/>
</pin_list>
<bind>
<StgValue><ssdm name="p_read12"/></StgValue>
</bind>
</comp>

<comp id="26" class="1000" name="p_read13">
<pin_list>
<pin id="27" dir="1" index="0" bw="1" slack="0"/>
</pin_list>
<bind>
<StgValue><ssdm name="p_read13"/></StgValue>
</bind>
</comp>

<comp id="28" class="1000" name="p_read14">
<pin_list>
<pin id="29" dir="1" index="0" bw="1" slack="0"/>
</pin_list>
<bind>
<StgValue><ssdm name="p_read14"/></StgValue>
</bind>
</comp>

<comp id="30" class="1000" name="p_read15">
<pin_list>
<pin id="31" dir="1" index="0" bw="1" slack="0"/>
</pin_list>
<bind>
<StgValue><ssdm name="p_read15"/></StgValue>
</bind>
</comp>

<comp id="32" class="1000" name="w">
<pin_list>
<pin id="33" dir="1" index="0" bw="1" slack="0"/>
</pin_list>
<bind>
<StgValue><ssdm name="w"/><MemPortTyVec>1 1 </MemPortTyVec>
</StgValue>
</bind>
</comp>

<comp id="34" class="1000" name="S2">
<pin_list>
<pin id="35" dir="1" index="0" bw="1" slack="0"/>
</pin_list>
<bind>
<StgValue><ssdm name="S2"/><MemPortTyVec>1 </MemPortTyVec>
</StgValue>
</bind>
</comp>

<comp id="36" class="1001" name="const_36">
<pin_list>
<pin id="37" dir="1" index="0" bw="1" slack="0"/>
</pin_list>
<bind>
<StgValue><ssdm name="_ssdm_op_Read.ap_auto.i8"/></StgValue>
</bind>
</comp>

<comp id="38" class="1001" name="const_38">
<pin_list>
<pin id="39" dir="1" index="0" bw="1" slack="0"/>
</pin_list>
<bind>
<StgValue><ssdm name=""/></StgValue>
</bind>
</comp>

<comp id="40" class="1001" name="const_40">
<pin_list>
<pin id="41" dir="1" index="0" bw="1" slack="0"/>
</pin_list>
<bind>
<StgValue><ssdm name="deAes_return_Pipeline_convertToIntArray_label0_convertToIntArray_label1"/></StgValue>
</bind>
</comp>

<comp id="42" class="1001" name="const_42">
<pin_list>
<pin id="43" dir="1" index="0" bw="1" slack="0"/>
</pin_list>
<bind>
<StgValue><ssdm name="deAes_return_Pipeline_addRoundKey_label0"/></StgValue>
</bind>
</comp>

<comp id="44" class="1001" name="const_44">
<pin_list>
<pin id="45" dir="1" index="0" bw="1" slack="0"/>
</pin_list>
<bind>
<StgValue><ssdm name="deAes_return_Pipeline_deAes_return_label22"/></StgValue>
</bind>
</comp>

<comp id="46" class="1001" name="const_46">
<pin_list>
<pin id="47" dir="1" index="0" bw="1" slack="0"/>
</pin_list>
<bind>
<StgValue><ssdm name="deAes_return_Pipeline_deSubBytes_label1_deSubBytes_label13"/></StgValue>
</bind>
</comp>

<comp id="48" class="1001" name="const_48">
<pin_list>
<pin id="49" dir="1" index="0" bw="1" slack="0"/>
</pin_list>
<bind>
<StgValue><ssdm name=""/></StgValue>
</bind>
</comp>

<comp id="50" class="1001" name="const_50">
<pin_list>
<pin id="51" dir="1" index="0" bw="1" slack="0"/>
</pin_list>
<bind>
<StgValue><ssdm name=""/></StgValue>
</bind>
</comp>

<comp id="52" class="1001" name="const_52">
<pin_list>
<pin id="53" dir="1" index="0" bw="1" slack="0"/>
</pin_list>
<bind>
<StgValue><ssdm name=""/></StgValue>
</bind>
</comp>

<comp id="54" class="1001" name="const_54">
<pin_list>
<pin id="55" dir="1" index="0" bw="1" slack="0"/>
</pin_list>
<bind>
<StgValue><ssdm name=""/></StgValue>
</bind>
</comp>

<comp id="56" class="1001" name="const_56">
<pin_list>
<pin id="57" dir="1" index="0" bw="1" slack="0"/>
</pin_list>
<bind>
<StgValue><ssdm name=""/></StgValue>
</bind>
</comp>

<comp id="58" class="1001" name="const_58">
<pin_list>
<pin id="59" dir="1" index="0" bw="1" slack="0"/>
</pin_list>
<bind>
<StgValue><ssdm name=""/></StgValue>
</bind>
</comp>

<comp id="60" class="1001" name="const_60">
<pin_list>
<pin id="61" dir="1" index="0" bw="1" slack="0"/>
</pin_list>
<bind>
<StgValue><ssdm name=""/></StgValue>
</bind>
</comp>

<comp id="62" class="1001" name="const_62">
<pin_list>
<pin id="63" dir="1" index="0" bw="1" slack="0"/>
</pin_list>
<bind>
<StgValue><ssdm name=""/></StgValue>
</bind>
</comp>

<comp id="64" class="1001" name="const_64">
<pin_list>
<pin id="65" dir="1" index="0" bw="1" slack="0"/>
</pin_list>
<bind>
<StgValue><ssdm name=""/></StgValue>
</bind>
</comp>

<comp id="66" class="1001" name="const_66">
<pin_list>
<pin id="67" dir="1" index="0" bw="1" slack="0"/>
</pin_list>
<bind>
<StgValue><ssdm name=""/></StgValue>
</bind>
</comp>

<comp id="68" class="1001" name="const_68">
<pin_list>
<pin id="69" dir="1" index="0" bw="1" slack="0"/>
</pin_list>
<bind>
<StgValue><ssdm name=""/></StgValue>
</bind>
</comp>

<comp id="70" class="1001" name="const_70">
<pin_list>
<pin id="71" dir="1" index="0" bw="1" slack="0"/>
</pin_list>
<bind>
<StgValue><ssdm name=""/></StgValue>
</bind>
</comp>

<comp id="72" class="1001" name="const_72">
<pin_list>
<pin id="73" dir="1" index="0" bw="1" slack="0"/>
</pin_list>
<bind>
<StgValue><ssdm name=""/></StgValue>
</bind>
</comp>

<comp id="74" class="1001" name="const_74">
<pin_list>
<pin id="75" dir="1" index="0" bw="1" slack="0"/>
</pin_list>
<bind>
<StgValue><ssdm name="deAes_return_Pipeline_addRoundKey_label010"/></StgValue>
</bind>
</comp>

<comp id="76" class="1004" name="cArray_alloca_fu_76">
<pin_list>
<pin id="77" dir="0" index="0" bw="1" slack="0"/>
<pin id="78" dir="1" index="1" bw="32" slack="0"/>
</pin_list>
<bind>
<opcode="alloca(26) " fcode="alloca"/>
<opset="cArray/1 "/>
</bind>
</comp>

<comp id="80" class="1004" name="wArray_alloca_fu_80">
<pin_list>
<pin id="81" dir="0" index="0" bw="1" slack="0"/>
<pin id="82" dir="1" index="1" bw="32" slack="2147483647"/>
</pin_list>
<bind>
<opcode="alloca(26) " fcode="alloca"/>
<opset="wArray/1 "/>
</bind>
</comp>

<comp id="84" class="1004" name="p_read_16_read_fu_84">
<pin_list>
<pin id="85" dir="0" index="0" bw="8" slack="0"/>
<pin id="86" dir="0" index="1" bw="8" slack="0"/>
<pin id="87" dir="1" index="2" bw="8" slack="0"/>
</pin_list>
<bind>
<opcode="read(1150) " fcode="read"/>
<opset="p_read_16/1 "/>
</bind>
</comp>

<comp id="90" class="1004" name="p_read_17_read_fu_90">
<pin_list>
<pin id="91" dir="0" index="0" bw="8" slack="0"/>
<pin id="92" dir="0" index="1" bw="8" slack="0"/>
<pin id="93" dir="1" index="2" bw="8" slack="0"/>
</pin_list>
<bind>
<opcode="read(1150) " fcode="read"/>
<opset="p_read_17/1 "/>
</bind>
</comp>

<comp id="96" class="1004" name="p_read_18_read_fu_96">
<pin_list>
<pin id="97" dir="0" index="0" bw="8" slack="0"/>
<pin id="98" dir="0" index="1" bw="8" slack="0"/>
<pin id="99" dir="1" index="2" bw="8" slack="0"/>
</pin_list>
<bind>
<opcode="read(1150) " fcode="read"/>
<opset="p_read_18/1 "/>
</bind>
</comp>

<comp id="102" class="1004" name="p_read_19_read_fu_102">
<pin_list>
<pin id="103" dir="0" index="0" bw="8" slack="0"/>
<pin id="104" dir="0" index="1" bw="8" slack="0"/>
<pin id="105" dir="1" index="2" bw="8" slack="0"/>
</pin_list>
<bind>
<opcode="read(1150) " fcode="read"/>
<opset="p_read_19/1 "/>
</bind>
</comp>

<comp id="108" class="1004" name="p_read_20_read_fu_108">
<pin_list>
<pin id="109" dir="0" index="0" bw="8" slack="0"/>
<pin id="110" dir="0" index="1" bw="8" slack="0"/>
<pin id="111" dir="1" index="2" bw="8" slack="0"/>
</pin_list>
<bind>
<opcode="read(1150) " fcode="read"/>
<opset="p_read_20/1 "/>
</bind>
</comp>

<comp id="114" class="1004" name="p_read_21_read_fu_114">
<pin_list>
<pin id="115" dir="0" index="0" bw="8" slack="0"/>
<pin id="116" dir="0" index="1" bw="8" slack="0"/>
<pin id="117" dir="1" index="2" bw="8" slack="0"/>
</pin_list>
<bind>
<opcode="read(1150) " fcode="read"/>
<opset="p_read_21/1 "/>
</bind>
</comp>

<comp id="120" class="1004" name="p_read_22_read_fu_120">
<pin_list>
<pin id="121" dir="0" index="0" bw="8" slack="0"/>
<pin id="122" dir="0" index="1" bw="8" slack="0"/>
<pin id="123" dir="1" index="2" bw="8" slack="0"/>
</pin_list>
<bind>
<opcode="read(1150) " fcode="read"/>
<opset="p_read_22/1 "/>
</bind>
</comp>

<comp id="126" class="1004" name="p_read_23_read_fu_126">
<pin_list>
<pin id="127" dir="0" index="0" bw="8" slack="0"/>
<pin id="128" dir="0" index="1" bw="8" slack="0"/>
<pin id="129" dir="1" index="2" bw="8" slack="0"/>
</pin_list>
<bind>
<opcode="read(1150) " fcode="read"/>
<opset="p_read_23/1 "/>
</bind>
</comp>

<comp id="132" class="1004" name="p_read_24_read_fu_132">
<pin_list>
<pin id="133" dir="0" index="0" bw="8" slack="0"/>
<pin id="134" dir="0" index="1" bw="8" slack="0"/>
<pin id="135" dir="1" index="2" bw="8" slack="0"/>
</pin_list>
<bind>
<opcode="read(1150) " fcode="read"/>
<opset="p_read_24/1 "/>
</bind>
</comp>

<comp id="138" class="1004" name="p_read_25_read_fu_138">
<pin_list>
<pin id="139" dir="0" index="0" bw="8" slack="0"/>
<pin id="140" dir="0" index="1" bw="8" slack="0"/>
<pin id="141" dir="1" index="2" bw="8" slack="0"/>
</pin_list>
<bind>
<opcode="read(1150) " fcode="read"/>
<opset="p_read_25/1 "/>
</bind>
</comp>

<comp id="144" class="1004" name="p_read_26_read_fu_144">
<pin_list>
<pin id="145" dir="0" index="0" bw="8" slack="0"/>
<pin id="146" dir="0" index="1" bw="8" slack="0"/>
<pin id="147" dir="1" index="2" bw="8" slack="0"/>
</pin_list>
<bind>
<opcode="read(1150) " fcode="read"/>
<opset="p_read_26/1 "/>
</bind>
</comp>

<comp id="150" class="1004" name="p_read_27_read_fu_150">
<pin_list>
<pin id="151" dir="0" index="0" bw="8" slack="0"/>
<pin id="152" dir="0" index="1" bw="8" slack="0"/>
<pin id="153" dir="1" index="2" bw="8" slack="0"/>
</pin_list>
<bind>
<opcode="read(1150) " fcode="read"/>
<opset="p_read_27/1 "/>
</bind>
</comp>

<comp id="156" class="1004" name="p_read_28_read_fu_156">
<pin_list>
<pin id="157" dir="0" index="0" bw="8" slack="0"/>
<pin id="158" dir="0" index="1" bw="8" slack="0"/>
<pin id="159" dir="1" index="2" bw="8" slack="0"/>
</pin_list>
<bind>
<opcode="read(1150) " fcode="read"/>
<opset="p_read_28/1 "/>
</bind>
</comp>

<comp id="162" class="1004" name="p_read_29_read_fu_162">
<pin_list>
<pin id="163" dir="0" index="0" bw="8" slack="0"/>
<pin id="164" dir="0" index="1" bw="8" slack="0"/>
<pin id="165" dir="1" index="2" bw="8" slack="0"/>
</pin_list>
<bind>
<opcode="read(1150) " fcode="read"/>
<opset="p_read_29/1 "/>
</bind>
</comp>

<comp id="168" class="1004" name="p_read_30_read_fu_168">
<pin_list>
<pin id="169" dir="0" index="0" bw="8" slack="0"/>
<pin id="170" dir="0" index="1" bw="8" slack="0"/>
<pin id="171" dir="1" index="2" bw="8" slack="0"/>
</pin_list>
<bind>
<opcode="read(1150) " fcode="read"/>
<opset="p_read_30/1 "/>
</bind>
</comp>

<comp id="174" class="1004" name="p_read406_read_fu_174">
<pin_list>
<pin id="175" dir="0" index="0" bw="8" slack="0"/>
<pin id="176" dir="0" index="1" bw="8" slack="0"/>
<pin id="177" dir="1" index="2" bw="8" slack="0"/>
</pin_list>
<bind>
<opcode="read(1150) " fcode="read"/>
<opset="p_read406/1 "/>
</bind>
</comp>

<comp id="180" class="1004" name="cArray_addr_9_gep_fu_180">
<pin_list>
<pin id="181" dir="0" index="0" bw="32" slack="2147483647"/>
<pin id="182" dir="0" index="1" bw="1" slack="0"/>
<pin id="183" dir="0" index="2" bw="4" slack="0"/>
<pin id="184" dir="1" index="3" bw="4" slack="0"/>
</pin_list>
<bind>
<opcode="getelementptr(29) " fcode="getelementptr"/>
<opset="cArray_addr_9/9 "/>
</bind>
</comp>

<comp id="187" class="1004" name="cArray_addr_13_gep_fu_187">
<pin_list>
<pin id="188" dir="0" index="0" bw="32" slack="2147483647"/>
<pin id="189" dir="0" index="1" bw="1" slack="0"/>
<pin id="190" dir="0" index="2" bw="5" slack="0"/>
<pin id="191" dir="1" index="3" bw="4" slack="0"/>
</pin_list>
<bind>
<opcode="getelementptr(29) " fcode="getelementptr"/>
<opset="cArray_addr_13/9 "/>
</bind>
</comp>

<comp id="194" class="1004" name="grp_access_fu_194">
<pin_list>
<pin id="195" dir="0" index="0" bw="4" slack="0"/>
<pin id="196" dir="0" index="1" bw="32" slack="0"/>
<pin id="197" dir="0" index="2" bw="0" slack="0"/>
<pin id="199" dir="0" index="4" bw="4" slack="0"/>
<pin id="200" dir="0" index="5" bw="32" slack="2147483647"/>
<pin id="201" dir="0" index="6" bw="0" slack="2147483647"/>
<pin id="198" dir="1" index="3" bw="32" slack="0"/>
<pin id="202" dir="1" index="7" bw="32" slack="0"/>
</pin_list>
<bind>
<opcode="load(27) store(28) " fcode="store"/>
<opset="cArray_load/9 cArray_load_35/9 cArray_load_36/10 cArray_load_37/10 store_ln389/10 cArray_load_38/11 cArray_load_39/11 cArray_load_40/12 cArray_load_41/12 store_ln389/12 store_ln390/12 cArray_load_42/13 cArray_load_43/13 store_ln389/13 cArray_load_44/14 cArray_load_45/14 store_ln390/14 store_ln391/14 store_ln389/15 store_ln390/15 store_ln391/16 store_ln390/16 store_ln391/17 store_ln391/17 "/>
</bind>
</comp>

<comp id="205" class="1004" name="cArray_addr_10_gep_fu_205">
<pin_list>
<pin id="206" dir="0" index="0" bw="32" slack="2147483647"/>
<pin id="207" dir="0" index="1" bw="1" slack="0"/>
<pin id="208" dir="0" index="2" bw="4" slack="0"/>
<pin id="209" dir="1" index="3" bw="4" slack="0"/>
</pin_list>
<bind>
<opcode="getelementptr(29) " fcode="getelementptr"/>
<opset="cArray_addr_10/10 "/>
</bind>
</comp>

<comp id="212" class="1004" name="cArray_addr_17_gep_fu_212">
<pin_list>
<pin id="213" dir="0" index="0" bw="32" slack="2147483647"/>
<pin id="214" dir="0" index="1" bw="1" slack="0"/>
<pin id="215" dir="0" index="2" bw="5" slack="0"/>
<pin id="216" dir="1" index="3" bw="4" slack="0"/>
</pin_list>
<bind>
<opcode="getelementptr(29) " fcode="getelementptr"/>
<opset="cArray_addr_17/10 "/>
</bind>
</comp>

<comp id="222" class="1004" name="cArray_addr_14_gep_fu_222">
<pin_list>
<pin id="223" dir="0" index="0" bw="32" slack="2147483647"/>
<pin id="224" dir="0" index="1" bw="1" slack="0"/>
<pin id="225" dir="0" index="2" bw="5" slack="0"/>
<pin id="226" dir="1" index="3" bw="4" slack="0"/>
</pin_list>
<bind>
<opcode="getelementptr(29) " fcode="getelementptr"/>
<opset="cArray_addr_14/11 "/>
</bind>
</comp>

<comp id="229" class="1004" name="cArray_addr_18_gep_fu_229">
<pin_list>
<pin id="230" dir="0" index="0" bw="32" slack="2147483647"/>
<pin id="231" dir="0" index="1" bw="1" slack="0"/>
<pin id="232" dir="0" index="2" bw="5" slack="0"/>
<pin id="233" dir="1" index="3" bw="4" slack="0"/>
</pin_list>
<bind>
<opcode="getelementptr(29) " fcode="getelementptr"/>
<opset="cArray_addr_18/11 "/>
</bind>
</comp>

<comp id="238" class="1004" name="cArray_addr_11_gep_fu_238">
<pin_list>
<pin id="239" dir="0" index="0" bw="32" slack="2147483647"/>
<pin id="240" dir="0" index="1" bw="1" slack="0"/>
<pin id="241" dir="0" index="2" bw="4" slack="0"/>
<pin id="242" dir="1" index="3" bw="4" slack="0"/>
</pin_list>
<bind>
<opcode="getelementptr(29) " fcode="getelementptr"/>
<opset="cArray_addr_11/12 "/>
</bind>
</comp>

<comp id="245" class="1004" name="cArray_addr_15_gep_fu_245">
<pin_list>
<pin id="246" dir="0" index="0" bw="32" slack="2147483647"/>
<pin id="247" dir="0" index="1" bw="1" slack="0"/>
<pin id="248" dir="0" index="2" bw="5" slack="0"/>
<pin id="249" dir="1" index="3" bw="4" slack="0"/>
</pin_list>
<bind>
<opcode="getelementptr(29) " fcode="getelementptr"/>
<opset="cArray_addr_15/12 "/>
</bind>
</comp>

<comp id="254" class="1004" name="cArray_addr_12_gep_fu_254">
<pin_list>
<pin id="255" dir="0" index="0" bw="32" slack="2147483647"/>
<pin id="256" dir="0" index="1" bw="1" slack="0"/>
<pin id="257" dir="0" index="2" bw="4" slack="0"/>
<pin id="258" dir="1" index="3" bw="4" slack="0"/>
</pin_list>
<bind>
<opcode="getelementptr(29) " fcode="getelementptr"/>
<opset="cArray_addr_12/13 "/>
</bind>
</comp>

<comp id="261" class="1004" name="cArray_addr_gep_fu_261">
<pin_list>
<pin id="262" dir="0" index="0" bw="32" slack="2147483647"/>
<pin id="263" dir="0" index="1" bw="1" slack="0"/>
<pin id="264" dir="0" index="2" bw="5" slack="0"/>
<pin id="265" dir="1" index="3" bw="4" slack="0"/>
</pin_list>
<bind>
<opcode="getelementptr(29) " fcode="getelementptr"/>
<opset="cArray_addr/13 "/>
</bind>
</comp>

<comp id="271" class="1004" name="cArray_addr_16_gep_fu_271">
<pin_list>
<pin id="272" dir="0" index="0" bw="32" slack="2147483647"/>
<pin id="273" dir="0" index="1" bw="1" slack="0"/>
<pin id="274" dir="0" index="2" bw="5" slack="0"/>
<pin id="275" dir="1" index="3" bw="4" slack="0"/>
</pin_list>
<bind>
<opcode="getelementptr(29) " fcode="getelementptr"/>
<opset="cArray_addr_16/14 "/>
</bind>
</comp>

<comp id="278" class="1004" name="cArray_addr_19_gep_fu_278">
<pin_list>
<pin id="279" dir="0" index="0" bw="32" slack="2147483647"/>
<pin id="280" dir="0" index="1" bw="1" slack="0"/>
<pin id="281" dir="0" index="2" bw="5" slack="0"/>
<pin id="282" dir="1" index="3" bw="4" slack="0"/>
</pin_list>
<bind>
<opcode="getelementptr(29) " fcode="getelementptr"/>
<opset="cArray_addr_19/14 "/>
</bind>
</comp>

<comp id="287" class="1004" name="grp_deAes_return_Pipeline_convertToIntArray_label0_convertToIntArray_label1_fu_287">
<pin_list>
<pin id="288" dir="0" index="0" bw="0" slack="0"/>
<pin id="289" dir="0" index="1" bw="32" slack="0"/>
<pin id="290" dir="0" index="2" bw="8" slack="0"/>
<pin id="291" dir="0" index="3" bw="8" slack="0"/>
<pin id="292" dir="0" index="4" bw="8" slack="0"/>
<pin id="293" dir="0" index="5" bw="8" slack="0"/>
<pin id="294" dir="0" index="6" bw="8" slack="0"/>
<pin id="295" dir="0" index="7" bw="8" slack="0"/>
<pin id="296" dir="0" index="8" bw="8" slack="0"/>
<pin id="297" dir="0" index="9" bw="8" slack="0"/>
<pin id="298" dir="0" index="10" bw="8" slack="0"/>
<pin id="299" dir="0" index="11" bw="8" slack="0"/>
<pin id="300" dir="0" index="12" bw="8" slack="0"/>
<pin id="301" dir="0" index="13" bw="8" slack="0"/>
<pin id="302" dir="0" index="14" bw="8" slack="0"/>
<pin id="303" dir="0" index="15" bw="8" slack="0"/>
<pin id="304" dir="0" index="16" bw="8" slack="0"/>
<pin id="305" dir="0" index="17" bw="8" slack="0"/>
<pin id="306" dir="1" index="18" bw="0" slack="2147483647"/>
</pin_list>
<bind>
<opcode="call(48) " fcode="call"/>
<opset="call_ln0/1 "/>
</bind>
</comp>

<comp id="325" class="1004" name="grp_deAes_return_Pipeline_addRoundKey_label0_fu_325">
<pin_list>
<pin id="326" dir="0" index="0" bw="0" slack="0"/>
<pin id="327" dir="0" index="1" bw="32" slack="2147483647"/>
<pin id="328" dir="0" index="2" bw="32" slack="0"/>
<pin id="329" dir="1" index="3" bw="0" slack="2147483647"/>
</pin_list>
<bind>
<opcode="call(48) " fcode="call"/>
<opset="call_ln0/3 "/>
</bind>
</comp>

<comp id="332" class="1004" name="grp_deAes_return_Pipeline_deAes_return_label22_fu_332">
<pin_list>
<pin id="333" dir="0" index="0" bw="0" slack="0"/>
<pin id="334" dir="0" index="1" bw="32" slack="2147483647"/>
<pin id="335" dir="0" index="2" bw="32" slack="2147483647"/>
<pin id="336" dir="0" index="3" bw="32" slack="0"/>
<pin id="337" dir="0" index="4" bw="8" slack="0"/>
<pin id="338" dir="1" index="5" bw="0" slack="2147483647"/>
</pin_list>
<bind>
<opcode="call(48) " fcode="call"/>
<opset="call_ln0/5 "/>
</bind>
</comp>

<comp id="342" class="1004" name="grp_deAes_return_Pipeline_deSubBytes_label1_deSubBytes_label13_fu_342">
<pin_list>
<pin id="343" dir="0" index="0" bw="0" slack="0"/>
<pin id="344" dir="0" index="1" bw="32" slack="2147483647"/>
<pin id="345" dir="0" index="2" bw="8" slack="0"/>
<pin id="346" dir="1" index="3" bw="0" slack="2147483647"/>
</pin_list>
<bind>
<opcode="call(48) " fcode="call"/>
<opset="call_ln0/7 "/>
</bind>
</comp>

<comp id="349" class="1004" name="grp_deAes_return_Pipeline_addRoundKey_label010_fu_349">
<pin_list>
<pin id="350" dir="0" index="0" bw="0" slack="0"/>
<pin id="351" dir="0" index="1" bw="32" slack="2147483647"/>
<pin id="352" dir="0" index="2" bw="32" slack="0"/>
<pin id="353" dir="1" index="3" bw="0" slack="2147483647"/>
</pin_list>
<bind>
<opcode="call(48) " fcode="call"/>
<opset="call_ln0/18 "/>
</bind>
</comp>

<comp id="356" class="1005" name="reg_356">
<pin_list>
<pin id="357" dir="0" index="0" bw="32" slack="2"/>
<pin id="358" dir="1" index="1" bw="32" slack="2"/>
</pin_list>
<bind>
<opset="cArray_load_35 cArray_load_38 cArray_load_42 "/>
</bind>
</comp>

<comp id="361" class="1005" name="reg_361">
<pin_list>
<pin id="362" dir="0" index="0" bw="32" slack="1"/>
<pin id="363" dir="1" index="1" bw="32" slack="1"/>
</pin_list>
<bind>
<opset="cArray_load_36 cArray_load_43 cArray_load_44 "/>
</bind>
</comp>

<comp id="367" class="1005" name="reg_367">
<pin_list>
<pin id="368" dir="0" index="0" bw="32" slack="1"/>
<pin id="369" dir="1" index="1" bw="32" slack="1"/>
</pin_list>
<bind>
<opset="cArray_load_37 cArray_load_39 "/>
</bind>
</comp>

<comp id="374" class="1005" name="reg_374">
<pin_list>
<pin id="375" dir="0" index="0" bw="32" slack="2"/>
<pin id="376" dir="1" index="1" bw="32" slack="2"/>
</pin_list>
<bind>
<opset="cArray_load_41 cArray_load_45 "/>
</bind>
</comp>

<comp id="380" class="1005" name="p_read_16_reg_380">
<pin_list>
<pin id="381" dir="0" index="0" bw="8" slack="1"/>
<pin id="382" dir="1" index="1" bw="8" slack="1"/>
</pin_list>
<bind>
<opset="p_read_16 "/>
</bind>
</comp>

<comp id="385" class="1005" name="p_read_17_reg_385">
<pin_list>
<pin id="386" dir="0" index="0" bw="8" slack="1"/>
<pin id="387" dir="1" index="1" bw="8" slack="1"/>
</pin_list>
<bind>
<opset="p_read_17 "/>
</bind>
</comp>

<comp id="390" class="1005" name="p_read_18_reg_390">
<pin_list>
<pin id="391" dir="0" index="0" bw="8" slack="1"/>
<pin id="392" dir="1" index="1" bw="8" slack="1"/>
</pin_list>
<bind>
<opset="p_read_18 "/>
</bind>
</comp>

<comp id="395" class="1005" name="p_read_19_reg_395">
<pin_list>
<pin id="396" dir="0" index="0" bw="8" slack="1"/>
<pin id="397" dir="1" index="1" bw="8" slack="1"/>
</pin_list>
<bind>
<opset="p_read_19 "/>
</bind>
</comp>

<comp id="400" class="1005" name="p_read_20_reg_400">
<pin_list>
<pin id="401" dir="0" index="0" bw="8" slack="1"/>
<pin id="402" dir="1" index="1" bw="8" slack="1"/>
</pin_list>
<bind>
<opset="p_read_20 "/>
</bind>
</comp>

<comp id="405" class="1005" name="p_read_21_reg_405">
<pin_list>
<pin id="406" dir="0" index="0" bw="8" slack="1"/>
<pin id="407" dir="1" index="1" bw="8" slack="1"/>
</pin_list>
<bind>
<opset="p_read_21 "/>
</bind>
</comp>

<comp id="410" class="1005" name="p_read_22_reg_410">
<pin_list>
<pin id="411" dir="0" index="0" bw="8" slack="1"/>
<pin id="412" dir="1" index="1" bw="8" slack="1"/>
</pin_list>
<bind>
<opset="p_read_22 "/>
</bind>
</comp>

<comp id="415" class="1005" name="p_read_23_reg_415">
<pin_list>
<pin id="416" dir="0" index="0" bw="8" slack="1"/>
<pin id="417" dir="1" index="1" bw="8" slack="1"/>
</pin_list>
<bind>
<opset="p_read_23 "/>
</bind>
</comp>

<comp id="420" class="1005" name="p_read_24_reg_420">
<pin_list>
<pin id="421" dir="0" index="0" bw="8" slack="1"/>
<pin id="422" dir="1" index="1" bw="8" slack="1"/>
</pin_list>
<bind>
<opset="p_read_24 "/>
</bind>
</comp>

<comp id="425" class="1005" name="p_read_25_reg_425">
<pin_list>
<pin id="426" dir="0" index="0" bw="8" slack="1"/>
<pin id="427" dir="1" index="1" bw="8" slack="1"/>
</pin_list>
<bind>
<opset="p_read_25 "/>
</bind>
</comp>

<comp id="430" class="1005" name="p_read_26_reg_430">
<pin_list>
<pin id="431" dir="0" index="0" bw="8" slack="1"/>
<pin id="432" dir="1" index="1" bw="8" slack="1"/>
</pin_list>
<bind>
<opset="p_read_26 "/>
</bind>
</comp>

<comp id="435" class="1005" name="p_read_27_reg_435">
<pin_list>
<pin id="436" dir="0" index="0" bw="8" slack="1"/>
<pin id="437" dir="1" index="1" bw="8" slack="1"/>
</pin_list>
<bind>
<opset="p_read_27 "/>
</bind>
</comp>

<comp id="440" class="1005" name="p_read_28_reg_440">
<pin_list>
<pin id="441" dir="0" index="0" bw="8" slack="1"/>
<pin id="442" dir="1" index="1" bw="8" slack="1"/>
</pin_list>
<bind>
<opset="p_read_28 "/>
</bind>
</comp>

<comp id="445" class="1005" name="p_read_29_reg_445">
<pin_list>
<pin id="446" dir="0" index="0" bw="8" slack="1"/>
<pin id="447" dir="1" index="1" bw="8" slack="1"/>
</pin_list>
<bind>
<opset="p_read_29 "/>
</bind>
</comp>

<comp id="450" class="1005" name="p_read_30_reg_450">
<pin_list>
<pin id="451" dir="0" index="0" bw="8" slack="1"/>
<pin id="452" dir="1" index="1" bw="8" slack="1"/>
</pin_list>
<bind>
<opset="p_read_30 "/>
</bind>
</comp>

<comp id="455" class="1005" name="p_read406_reg_455">
<pin_list>
<pin id="456" dir="0" index="0" bw="8" slack="1"/>
<pin id="457" dir="1" index="1" bw="8" slack="1"/>
</pin_list>
<bind>
<opset="p_read406 "/>
</bind>
</comp>

<comp id="460" class="1005" name="cArray_addr_9_reg_460">
<pin_list>
<pin id="461" dir="0" index="0" bw="4" slack="1"/>
<pin id="462" dir="1" index="1" bw="4" slack="1"/>
</pin_list>
<bind>
<opset="cArray_addr_9 "/>
</bind>
</comp>

<comp id="465" class="1005" name="cArray_addr_13_reg_465">
<pin_list>
<pin id="466" dir="0" index="0" bw="4" slack="1"/>
<pin id="467" dir="1" index="1" bw="4" slack="1"/>
</pin_list>
<bind>
<opset="cArray_addr_13 "/>
</bind>
</comp>

<comp id="470" class="1005" name="cArray_addr_10_reg_470">
<pin_list>
<pin id="471" dir="0" index="0" bw="4" slack="1"/>
<pin id="472" dir="1" index="1" bw="4" slack="1"/>
</pin_list>
<bind>
<opset="cArray_addr_10 "/>
</bind>
</comp>

<comp id="475" class="1005" name="cArray_addr_17_reg_475">
<pin_list>
<pin id="476" dir="0" index="0" bw="4" slack="1"/>
<pin id="477" dir="1" index="1" bw="4" slack="1"/>
</pin_list>
<bind>
<opset="cArray_addr_17 "/>
</bind>
</comp>

<comp id="480" class="1005" name="cArray_addr_14_reg_480">
<pin_list>
<pin id="481" dir="0" index="0" bw="4" slack="1"/>
<pin id="482" dir="1" index="1" bw="4" slack="1"/>
</pin_list>
<bind>
<opset="cArray_addr_14 "/>
</bind>
</comp>

<comp id="485" class="1005" name="cArray_addr_18_reg_485">
<pin_list>
<pin id="486" dir="0" index="0" bw="4" slack="1"/>
<pin id="487" dir="1" index="1" bw="4" slack="1"/>
</pin_list>
<bind>
<opset="cArray_addr_18 "/>
</bind>
</comp>

<comp id="490" class="1005" name="cArray_addr_11_reg_490">
<pin_list>
<pin id="491" dir="0" index="0" bw="4" slack="1"/>
<pin id="492" dir="1" index="1" bw="4" slack="1"/>
</pin_list>
<bind>
<opset="cArray_addr_11 "/>
</bind>
</comp>

<comp id="495" class="1005" name="cArray_addr_15_reg_495">
<pin_list>
<pin id="496" dir="0" index="0" bw="4" slack="1"/>
<pin id="497" dir="1" index="1" bw="4" slack="1"/>
</pin_list>
<bind>
<opset="cArray_addr_15 "/>
</bind>
</comp>

<comp id="500" class="1005" name="cArray_addr_12_reg_500">
<pin_list>
<pin id="501" dir="0" index="0" bw="4" slack="1"/>
<pin id="502" dir="1" index="1" bw="4" slack="1"/>
</pin_list>
<bind>
<opset="cArray_addr_12 "/>
</bind>
</comp>

<comp id="505" class="1005" name="cArray_addr_reg_505">
<pin_list>
<pin id="506" dir="0" index="0" bw="4" slack="1"/>
<pin id="507" dir="1" index="1" bw="4" slack="1"/>
</pin_list>
<bind>
<opset="cArray_addr "/>
</bind>
</comp>

<comp id="510" class="1005" name="cArray_addr_16_reg_510">
<pin_list>
<pin id="511" dir="0" index="0" bw="4" slack="1"/>
<pin id="512" dir="1" index="1" bw="4" slack="1"/>
</pin_list>
<bind>
<opset="cArray_addr_16 "/>
</bind>
</comp>

<comp id="515" class="1005" name="cArray_addr_19_reg_515">
<pin_list>
<pin id="516" dir="0" index="0" bw="4" slack="1"/>
<pin id="517" dir="1" index="1" bw="4" slack="1"/>
</pin_list>
<bind>
<opset="cArray_addr_19 "/>
</bind>
</comp>

</comp_list>

<net_list>
<net id="79"><net_src comp="38" pin="0"/><net_sink comp="76" pin=0"/></net>

<net id="83"><net_src comp="38" pin="0"/><net_sink comp="80" pin=0"/></net>

<net id="88"><net_src comp="36" pin="0"/><net_sink comp="84" pin=0"/></net>

<net id="89"><net_src comp="30" pin="0"/><net_sink comp="84" pin=1"/></net>

<net id="94"><net_src comp="36" pin="0"/><net_sink comp="90" pin=0"/></net>

<net id="95"><net_src comp="28" pin="0"/><net_sink comp="90" pin=1"/></net>

<net id="100"><net_src comp="36" pin="0"/><net_sink comp="96" pin=0"/></net>

<net id="101"><net_src comp="26" pin="0"/><net_sink comp="96" pin=1"/></net>

<net id="106"><net_src comp="36" pin="0"/><net_sink comp="102" pin=0"/></net>

<net id="107"><net_src comp="24" pin="0"/><net_sink comp="102" pin=1"/></net>

<net id="112"><net_src comp="36" pin="0"/><net_sink comp="108" pin=0"/></net>

<net id="113"><net_src comp="22" pin="0"/><net_sink comp="108" pin=1"/></net>

<net id="118"><net_src comp="36" pin="0"/><net_sink comp="114" pin=0"/></net>

<net id="119"><net_src comp="20" pin="0"/><net_sink comp="114" pin=1"/></net>

<net id="124"><net_src comp="36" pin="0"/><net_sink comp="120" pin=0"/></net>

<net id="125"><net_src comp="18" pin="0"/><net_sink comp="120" pin=1"/></net>

<net id="130"><net_src comp="36" pin="0"/><net_sink comp="126" pin=0"/></net>

<net id="131"><net_src comp="16" pin="0"/><net_sink comp="126" pin=1"/></net>

<net id="136"><net_src comp="36" pin="0"/><net_sink comp="132" pin=0"/></net>

<net id="137"><net_src comp="14" pin="0"/><net_sink comp="132" pin=1"/></net>

<net id="142"><net_src comp="36" pin="0"/><net_sink comp="138" pin=0"/></net>

<net id="143"><net_src comp="12" pin="0"/><net_sink comp="138" pin=1"/></net>

<net id="148"><net_src comp="36" pin="0"/><net_sink comp="144" pin=0"/></net>

<net id="149"><net_src comp="10" pin="0"/><net_sink comp="144" pin=1"/></net>

<net id="154"><net_src comp="36" pin="0"/><net_sink comp="150" pin=0"/></net>

<net id="155"><net_src comp="8" pin="0"/><net_sink comp="150" pin=1"/></net>

<net id="160"><net_src comp="36" pin="0"/><net_sink comp="156" pin=0"/></net>

<net id="161"><net_src comp="6" pin="0"/><net_sink comp="156" pin=1"/></net>

<net id="166"><net_src comp="36" pin="0"/><net_sink comp="162" pin=0"/></net>

<net id="167"><net_src comp="4" pin="0"/><net_sink comp="162" pin=1"/></net>

<net id="172"><net_src comp="36" pin="0"/><net_sink comp="168" pin=0"/></net>

<net id="173"><net_src comp="2" pin="0"/><net_sink comp="168" pin=1"/></net>

<net id="178"><net_src comp="36" pin="0"/><net_sink comp="174" pin=0"/></net>

<net id="179"><net_src comp="0" pin="0"/><net_sink comp="174" pin=1"/></net>

<net id="185"><net_src comp="48" pin="0"/><net_sink comp="180" pin=1"/></net>

<net id="186"><net_src comp="50" pin="0"/><net_sink comp="180" pin=2"/></net>

<net id="192"><net_src comp="48" pin="0"/><net_sink comp="187" pin=1"/></net>

<net id="193"><net_src comp="52" pin="0"/><net_sink comp="187" pin=2"/></net>

<net id="203"><net_src comp="180" pin="3"/><net_sink comp="194" pin=2"/></net>

<net id="204"><net_src comp="187" pin="3"/><net_sink comp="194" pin=0"/></net>

<net id="210"><net_src comp="48" pin="0"/><net_sink comp="205" pin=1"/></net>

<net id="211"><net_src comp="54" pin="0"/><net_sink comp="205" pin=2"/></net>

<net id="217"><net_src comp="48" pin="0"/><net_sink comp="212" pin=1"/></net>

<net id="218"><net_src comp="56" pin="0"/><net_sink comp="212" pin=2"/></net>

<net id="219"><net_src comp="212" pin="3"/><net_sink comp="194" pin=2"/></net>

<net id="220"><net_src comp="205" pin="3"/><net_sink comp="194" pin=0"/></net>

<net id="221"><net_src comp="194" pin="7"/><net_sink comp="194" pin=1"/></net>

<net id="227"><net_src comp="48" pin="0"/><net_sink comp="222" pin=1"/></net>

<net id="228"><net_src comp="58" pin="0"/><net_sink comp="222" pin=2"/></net>

<net id="234"><net_src comp="48" pin="0"/><net_sink comp="229" pin=1"/></net>

<net id="235"><net_src comp="60" pin="0"/><net_sink comp="229" pin=2"/></net>

<net id="236"><net_src comp="222" pin="3"/><net_sink comp="194" pin=0"/></net>

<net id="237"><net_src comp="229" pin="3"/><net_sink comp="194" pin=2"/></net>

<net id="243"><net_src comp="48" pin="0"/><net_sink comp="238" pin=1"/></net>

<net id="244"><net_src comp="62" pin="0"/><net_sink comp="238" pin=2"/></net>

<net id="250"><net_src comp="48" pin="0"/><net_sink comp="245" pin=1"/></net>

<net id="251"><net_src comp="64" pin="0"/><net_sink comp="245" pin=2"/></net>

<net id="252"><net_src comp="238" pin="3"/><net_sink comp="194" pin=0"/></net>

<net id="253"><net_src comp="245" pin="3"/><net_sink comp="194" pin=2"/></net>

<net id="259"><net_src comp="48" pin="0"/><net_sink comp="254" pin=1"/></net>

<net id="260"><net_src comp="66" pin="0"/><net_sink comp="254" pin=2"/></net>

<net id="266"><net_src comp="48" pin="0"/><net_sink comp="261" pin=1"/></net>

<net id="267"><net_src comp="68" pin="0"/><net_sink comp="261" pin=2"/></net>

<net id="268"><net_src comp="261" pin="3"/><net_sink comp="194" pin=0"/></net>

<net id="269"><net_src comp="254" pin="3"/><net_sink comp="194" pin=2"/></net>

<net id="270"><net_src comp="194" pin="3"/><net_sink comp="194" pin=4"/></net>

<net id="276"><net_src comp="48" pin="0"/><net_sink comp="271" pin=1"/></net>

<net id="277"><net_src comp="70" pin="0"/><net_sink comp="271" pin=2"/></net>

<net id="283"><net_src comp="48" pin="0"/><net_sink comp="278" pin=1"/></net>

<net id="284"><net_src comp="72" pin="0"/><net_sink comp="278" pin=2"/></net>

<net id="285"><net_src comp="271" pin="3"/><net_sink comp="194" pin=2"/></net>

<net id="286"><net_src comp="278" pin="3"/><net_sink comp="194" pin=0"/></net>

<net id="307"><net_src comp="40" pin="0"/><net_sink comp="287" pin=0"/></net>

<net id="308"><net_src comp="76" pin="1"/><net_sink comp="287" pin=1"/></net>

<net id="309"><net_src comp="174" pin="2"/><net_sink comp="287" pin=2"/></net>

<net id="310"><net_src comp="168" pin="2"/><net_sink comp="287" pin=3"/></net>

<net id="311"><net_src comp="162" pin="2"/><net_sink comp="287" pin=4"/></net>

<net id="312"><net_src comp="156" pin="2"/><net_sink comp="287" pin=5"/></net>

<net id="313"><net_src comp="150" pin="2"/><net_sink comp="287" pin=6"/></net>

<net id="314"><net_src comp="144" pin="2"/><net_sink comp="287" pin=7"/></net>

<net id="315"><net_src comp="138" pin="2"/><net_sink comp="287" pin=8"/></net>

<net id="316"><net_src comp="132" pin="2"/><net_sink comp="287" pin=9"/></net>

<net id="317"><net_src comp="126" pin="2"/><net_sink comp="287" pin=10"/></net>

<net id="318"><net_src comp="120" pin="2"/><net_sink comp="287" pin=11"/></net>

<net id="319"><net_src comp="114" pin="2"/><net_sink comp="287" pin=12"/></net>

<net id="320"><net_src comp="108" pin="2"/><net_sink comp="287" pin=13"/></net>

<net id="321"><net_src comp="102" pin="2"/><net_sink comp="287" pin=14"/></net>

<net id="322"><net_src comp="96" pin="2"/><net_sink comp="287" pin=15"/></net>

<net id="323"><net_src comp="90" pin="2"/><net_sink comp="287" pin=16"/></net>

<net id="324"><net_src comp="84" pin="2"/><net_sink comp="287" pin=17"/></net>

<net id="330"><net_src comp="42" pin="0"/><net_sink comp="325" pin=0"/></net>

<net id="331"><net_src comp="32" pin="0"/><net_sink comp="325" pin=2"/></net>

<net id="339"><net_src comp="44" pin="0"/><net_sink comp="332" pin=0"/></net>

<net id="340"><net_src comp="32" pin="0"/><net_sink comp="332" pin=3"/></net>

<net id="341"><net_src comp="34" pin="0"/><net_sink comp="332" pin=4"/></net>

<net id="347"><net_src comp="46" pin="0"/><net_sink comp="342" pin=0"/></net>

<net id="348"><net_src comp="34" pin="0"/><net_sink comp="342" pin=2"/></net>

<net id="354"><net_src comp="74" pin="0"/><net_sink comp="349" pin=0"/></net>

<net id="355"><net_src comp="32" pin="0"/><net_sink comp="349" pin=2"/></net>

<net id="359"><net_src comp="194" pin="3"/><net_sink comp="356" pin=0"/></net>

<net id="360"><net_src comp="356" pin="1"/><net_sink comp="194" pin=4"/></net>

<net id="364"><net_src comp="194" pin="7"/><net_sink comp="361" pin=0"/></net>

<net id="365"><net_src comp="361" pin="1"/><net_sink comp="194" pin=1"/></net>

<net id="366"><net_src comp="361" pin="1"/><net_sink comp="194" pin=4"/></net>

<net id="370"><net_src comp="194" pin="3"/><net_sink comp="367" pin=0"/></net>

<net id="371"><net_src comp="367" pin="1"/><net_sink comp="194" pin=1"/></net>

<net id="372"><net_src comp="194" pin="7"/><net_sink comp="367" pin=0"/></net>

<net id="373"><net_src comp="367" pin="1"/><net_sink comp="194" pin=4"/></net>

<net id="377"><net_src comp="194" pin="7"/><net_sink comp="374" pin=0"/></net>

<net id="378"><net_src comp="374" pin="1"/><net_sink comp="194" pin=1"/></net>

<net id="379"><net_src comp="194" pin="3"/><net_sink comp="374" pin=0"/></net>

<net id="383"><net_src comp="84" pin="2"/><net_sink comp="380" pin=0"/></net>

<net id="384"><net_src comp="380" pin="1"/><net_sink comp="287" pin=17"/></net>

<net id="388"><net_src comp="90" pin="2"/><net_sink comp="385" pin=0"/></net>

<net id="389"><net_src comp="385" pin="1"/><net_sink comp="287" pin=16"/></net>

<net id="393"><net_src comp="96" pin="2"/><net_sink comp="390" pin=0"/></net>

<net id="394"><net_src comp="390" pin="1"/><net_sink comp="287" pin=15"/></net>

<net id="398"><net_src comp="102" pin="2"/><net_sink comp="395" pin=0"/></net>

<net id="399"><net_src comp="395" pin="1"/><net_sink comp="287" pin=14"/></net>

<net id="403"><net_src comp="108" pin="2"/><net_sink comp="400" pin=0"/></net>

<net id="404"><net_src comp="400" pin="1"/><net_sink comp="287" pin=13"/></net>

<net id="408"><net_src comp="114" pin="2"/><net_sink comp="405" pin=0"/></net>

<net id="409"><net_src comp="405" pin="1"/><net_sink comp="287" pin=12"/></net>

<net id="413"><net_src comp="120" pin="2"/><net_sink comp="410" pin=0"/></net>

<net id="414"><net_src comp="410" pin="1"/><net_sink comp="287" pin=11"/></net>

<net id="418"><net_src comp="126" pin="2"/><net_sink comp="415" pin=0"/></net>

<net id="419"><net_src comp="415" pin="1"/><net_sink comp="287" pin=10"/></net>

<net id="423"><net_src comp="132" pin="2"/><net_sink comp="420" pin=0"/></net>

<net id="424"><net_src comp="420" pin="1"/><net_sink comp="287" pin=9"/></net>

<net id="428"><net_src comp="138" pin="2"/><net_sink comp="425" pin=0"/></net>

<net id="429"><net_src comp="425" pin="1"/><net_sink comp="287" pin=8"/></net>

<net id="433"><net_src comp="144" pin="2"/><net_sink comp="430" pin=0"/></net>

<net id="434"><net_src comp="430" pin="1"/><net_sink comp="287" pin=7"/></net>

<net id="438"><net_src comp="150" pin="2"/><net_sink comp="435" pin=0"/></net>

<net id="439"><net_src comp="435" pin="1"/><net_sink comp="287" pin=6"/></net>

<net id="443"><net_src comp="156" pin="2"/><net_sink comp="440" pin=0"/></net>

<net id="444"><net_src comp="440" pin="1"/><net_sink comp="287" pin=5"/></net>

<net id="448"><net_src comp="162" pin="2"/><net_sink comp="445" pin=0"/></net>

<net id="449"><net_src comp="445" pin="1"/><net_sink comp="287" pin=4"/></net>

<net id="453"><net_src comp="168" pin="2"/><net_sink comp="450" pin=0"/></net>

<net id="454"><net_src comp="450" pin="1"/><net_sink comp="287" pin=3"/></net>

<net id="458"><net_src comp="174" pin="2"/><net_sink comp="455" pin=0"/></net>

<net id="459"><net_src comp="455" pin="1"/><net_sink comp="287" pin=2"/></net>

<net id="463"><net_src comp="180" pin="3"/><net_sink comp="460" pin=0"/></net>

<net id="464"><net_src comp="460" pin="1"/><net_sink comp="194" pin=2"/></net>

<net id="468"><net_src comp="187" pin="3"/><net_sink comp="465" pin=0"/></net>

<net id="469"><net_src comp="465" pin="1"/><net_sink comp="194" pin=0"/></net>

<net id="473"><net_src comp="205" pin="3"/><net_sink comp="470" pin=0"/></net>

<net id="474"><net_src comp="470" pin="1"/><net_sink comp="194" pin=0"/></net>

<net id="478"><net_src comp="212" pin="3"/><net_sink comp="475" pin=0"/></net>

<net id="479"><net_src comp="475" pin="1"/><net_sink comp="194" pin=2"/></net>

<net id="483"><net_src comp="222" pin="3"/><net_sink comp="480" pin=0"/></net>

<net id="484"><net_src comp="480" pin="1"/><net_sink comp="194" pin=0"/></net>

<net id="488"><net_src comp="229" pin="3"/><net_sink comp="485" pin=0"/></net>

<net id="489"><net_src comp="485" pin="1"/><net_sink comp="194" pin=2"/></net>

<net id="493"><net_src comp="238" pin="3"/><net_sink comp="490" pin=0"/></net>

<net id="494"><net_src comp="490" pin="1"/><net_sink comp="194" pin=0"/></net>

<net id="498"><net_src comp="245" pin="3"/><net_sink comp="495" pin=0"/></net>

<net id="499"><net_src comp="495" pin="1"/><net_sink comp="194" pin=2"/></net>

<net id="503"><net_src comp="254" pin="3"/><net_sink comp="500" pin=0"/></net>

<net id="504"><net_src comp="500" pin="1"/><net_sink comp="194" pin=2"/></net>

<net id="508"><net_src comp="261" pin="3"/><net_sink comp="505" pin=0"/></net>

<net id="509"><net_src comp="505" pin="1"/><net_sink comp="194" pin=0"/></net>

<net id="513"><net_src comp="271" pin="3"/><net_sink comp="510" pin=0"/></net>

<net id="514"><net_src comp="510" pin="1"/><net_sink comp="194" pin=2"/></net>

<net id="518"><net_src comp="278" pin="3"/><net_sink comp="515" pin=0"/></net>

<net id="519"><net_src comp="515" pin="1"/><net_sink comp="194" pin=0"/></net>

</net_list>

</model> 
---------------- Datapath Model END ------------------

* FSMD analyzer results:
  - Output states:
 - Input state : 
	Port: deAes_return : p_read | {1 }
	Port: deAes_return : p_read1 | {1 }
	Port: deAes_return : p_read2 | {1 }
	Port: deAes_return : p_read3 | {1 }
	Port: deAes_return : p_read4 | {1 }
	Port: deAes_return : p_read5 | {1 }
	Port: deAes_return : p_read6 | {1 }
	Port: deAes_return : p_read7 | {1 }
	Port: deAes_return : p_read8 | {1 }
	Port: deAes_return : p_read9 | {1 }
	Port: deAes_return : p_read10 | {1 }
	Port: deAes_return : p_read11 | {1 }
	Port: deAes_return : p_read12 | {1 }
	Port: deAes_return : p_read13 | {1 }
	Port: deAes_return : p_read14 | {1 }
	Port: deAes_return : p_read15 | {1 }
	Port: deAes_return : w | {3 4 5 6 18 19 }
	Port: deAes_return : S2 | {5 6 7 8 }
  - Chain level:
	State 1
		call_ln0 : 1
	State 2
	State 3
	State 4
	State 5
	State 6
	State 7
	State 8
	State 9
		cArray_load : 1
		cArray_load_35 : 1
	State 10
		cArray_load_36 : 1
		cArray_load_37 : 1
		store_ln389 : 1
	State 11
		cArray_load_38 : 1
		cArray_load_39 : 1
	State 12
		cArray_load_40 : 1
		cArray_load_41 : 1
		store_ln389 : 1
		store_ln390 : 1
	State 13
		cArray_load_42 : 1
		cArray_load_43 : 1
		store_ln389 : 1
	State 14
		cArray_load_44 : 1
		cArray_load_45 : 1
		store_ln390 : 1
		store_ln391 : 1
	State 15
	State 16
	State 17
	State 18
	State 19


============================================================
+ Verbose Summary: Datapath Resource usage 
============================================================

* Functional unit list:
|----------|------------------------------------------------------------------------------------|---------|---------|---------|
| Operation|                                   Functional Unit                                  |  Delay  |    FF   |   LUT   |
|----------|------------------------------------------------------------------------------------|---------|---------|---------|
|          | grp_deAes_return_Pipeline_convertToIntArray_label0_convertToIntArray_label1_fu_287 |    0    |    21   |   166   |
|          |                 grp_deAes_return_Pipeline_addRoundKey_label0_fu_325                |  2.331  |   175   |   216   |
|   call   |                grp_deAes_return_Pipeline_deAes_return_label22_fu_332               | 23.7256 |   5610  |  13869  |
|          |        grp_deAes_return_Pipeline_deSubBytes_label1_deSubBytes_label13_fu_342       |  0.854  |    24   |    85   |
|          |                grp_deAes_return_Pipeline_addRoundKey_label010_fu_349               |  2.331  |   175   |   216   |
|----------|------------------------------------------------------------------------------------|---------|---------|---------|
|          |                                p_read_16_read_fu_84                                |    0    |    0    |    0    |
|          |                                p_read_17_read_fu_90                                |    0    |    0    |    0    |
|          |                                p_read_18_read_fu_96                                |    0    |    0    |    0    |
|          |                                p_read_19_read_fu_102                               |    0    |    0    |    0    |
|          |                                p_read_20_read_fu_108                               |    0    |    0    |    0    |
|          |                                p_read_21_read_fu_114                               |    0    |    0    |    0    |
|          |                                p_read_22_read_fu_120                               |    0    |    0    |    0    |
|   read   |                                p_read_23_read_fu_126                               |    0    |    0    |    0    |
|          |                                p_read_24_read_fu_132                               |    0    |    0    |    0    |
|          |                                p_read_25_read_fu_138                               |    0    |    0    |    0    |
|          |                                p_read_26_read_fu_144                               |    0    |    0    |    0    |
|          |                                p_read_27_read_fu_150                               |    0    |    0    |    0    |
|          |                                p_read_28_read_fu_156                               |    0    |    0    |    0    |
|          |                                p_read_29_read_fu_162                               |    0    |    0    |    0    |
|          |                                p_read_30_read_fu_168                               |    0    |    0    |    0    |
|          |                                p_read406_read_fu_174                               |    0    |    0    |    0    |
|----------|------------------------------------------------------------------------------------|---------|---------|---------|
|   Total  |                                                                                    | 29.2416 |   6005  |  14552  |
|----------|------------------------------------------------------------------------------------|---------|---------|---------|

Memories:
+------+--------+--------+--------+--------+
|      |  BRAM  |   FF   |   LUT  |  URAM  |
+------+--------+--------+--------+--------+
|cArray|    0   |   64   |    8   |    0   |
|wArray|    0   |   64   |    8   |    0   |
+------+--------+--------+--------+--------+
| Total|    0   |   128  |   16   |    0   |
+------+--------+--------+--------+--------+

* Register list:
+----------------------+--------+
|                      |   FF   |
+----------------------+--------+
|cArray_addr_10_reg_470|    4   |
|cArray_addr_11_reg_490|    4   |
|cArray_addr_12_reg_500|    4   |
|cArray_addr_13_reg_465|    4   |
|cArray_addr_14_reg_480|    4   |
|cArray_addr_15_reg_495|    4   |
|cArray_addr_16_reg_510|    4   |
|cArray_addr_17_reg_475|    4   |
|cArray_addr_18_reg_485|    4   |
|cArray_addr_19_reg_515|    4   |
| cArray_addr_9_reg_460|    4   |
|  cArray_addr_reg_505 |    4   |
|   p_read406_reg_455  |    8   |
|   p_read_16_reg_380  |    8   |
|   p_read_17_reg_385  |    8   |
|   p_read_18_reg_390  |    8   |
|   p_read_19_reg_395  |    8   |
|   p_read_20_reg_400  |    8   |
|   p_read_21_reg_405  |    8   |
|   p_read_22_reg_410  |    8   |
|   p_read_23_reg_415  |    8   |
|   p_read_24_reg_420  |    8   |
|   p_read_25_reg_425  |    8   |
|   p_read_26_reg_430  |    8   |
|   p_read_27_reg_435  |    8   |
|   p_read_28_reg_440  |    8   |
|   p_read_29_reg_445  |    8   |
|   p_read_30_reg_450  |    8   |
|        reg_356       |   32   |
|        reg_361       |   32   |
|        reg_367       |   32   |
|        reg_374       |   32   |
+----------------------+--------+
|         Total        |   304  |
+----------------------+--------+

* Multiplexer (MUX) list: 
|------------------------------------------------------------------------------------|------|------|------|--------||---------||---------|
|                                        Comp                                        |  Pin | Size |  BW  | S x BW ||  Delay  ||   LUT   |
|------------------------------------------------------------------------------------|------|------|------|--------||---------||---------|
|                                  grp_access_fu_194                                 |  p0  |  12  |   4  |   48   ||    65   |
|                                  grp_access_fu_194                                 |  p1  |   4  |  32  |   128  ||    20   |
|                                  grp_access_fu_194                                 |  p2  |  12  |   0  |    0   ||    65   |
|                                  grp_access_fu_194                                 |  p4  |   4  |   4  |   16   ||    20   |
| grp_deAes_return_Pipeline_convertToIntArray_label0_convertToIntArray_label1_fu_287 |  p2  |   2  |   8  |   16   ||    9    |
| grp_deAes_return_Pipeline_convertToIntArray_label0_convertToIntArray_label1_fu_287 |  p3  |   2  |   8  |   16   ||    9    |
| grp_deAes_return_Pipeline_convertToIntArray_label0_convertToIntArray_label1_fu_287 |  p4  |   2  |   8  |   16   ||    9    |
| grp_deAes_return_Pipeline_convertToIntArray_label0_convertToIntArray_label1_fu_287 |  p5  |   2  |   8  |   16   ||    9    |
| grp_deAes_return_Pipeline_convertToIntArray_label0_convertToIntArray_label1_fu_287 |  p6  |   2  |   8  |   16   ||    9    |
| grp_deAes_return_Pipeline_convertToIntArray_label0_convertToIntArray_label1_fu_287 |  p7  |   2  |   8  |   16   ||    9    |
| grp_deAes_return_Pipeline_convertToIntArray_label0_convertToIntArray_label1_fu_287 |  p8  |   2  |   8  |   16   ||    9    |
| grp_deAes_return_Pipeline_convertToIntArray_label0_convertToIntArray_label1_fu_287 |  p9  |   2  |   8  |   16   ||    9    |
| grp_deAes_return_Pipeline_convertToIntArray_label0_convertToIntArray_label1_fu_287 |  p10 |   2  |   8  |   16   ||    9    |
| grp_deAes_return_Pipeline_convertToIntArray_label0_convertToIntArray_label1_fu_287 |  p11 |   2  |   8  |   16   ||    9    |
| grp_deAes_return_Pipeline_convertToIntArray_label0_convertToIntArray_label1_fu_287 |  p12 |   2  |   8  |   16   ||    9    |
| grp_deAes_return_Pipeline_convertToIntArray_label0_convertToIntArray_label1_fu_287 |  p13 |   2  |   8  |   16   ||    9    |
| grp_deAes_return_Pipeline_convertToIntArray_label0_convertToIntArray_label1_fu_287 |  p14 |   2  |   8  |   16   ||    9    |
| grp_deAes_return_Pipeline_convertToIntArray_label0_convertToIntArray_label1_fu_287 |  p15 |   2  |   8  |   16   ||    9    |
| grp_deAes_return_Pipeline_convertToIntArray_label0_convertToIntArray_label1_fu_287 |  p16 |   2  |   8  |   16   ||    9    |
| grp_deAes_return_Pipeline_convertToIntArray_label0_convertToIntArray_label1_fu_287 |  p17 |   2  |   8  |   16   ||    9    |
|                                       reg_367                                      |  p0  |   2  |  32  |   64   ||    9    |
|                                       reg_374                                      |  p0  |   2  |  32  |   64   ||    9    |
|------------------------------------------------------------------------------------|------|------|------|--------||---------||---------|
|                                        Total                                       |      |      |      |   576  ||  10.182 ||   332   |
|------------------------------------------------------------------------------------|------|------|------|--------||---------||---------|



* Summary:
+-----------+--------+--------+--------+--------+--------+
|           |  BRAM  |  Delay |   FF   |   LUT  |  URAM  |
+-----------+--------+--------+--------+--------+--------+
|  Function |    -   |   29   |  6005  |  14552 |    -   |
|   Memory  |    0   |    -   |   128  |   16   |    0   |
|Multiplexer|    -   |   10   |    -   |   332  |    -   |
|  Register |    -   |    -   |   304  |    -   |    -   |
+-----------+--------+--------+--------+--------+--------+
|   Total   |    0   |   39   |  6437  |  14900 |    0   |
+-----------+--------+--------+--------+--------+--------+
