

================================================================
== Vitis HLS Report for 'KBEST_Pipeline_VITIS_LOOP_104_12'
================================================================
* Date:           Fri Jun 17 13:15:25 2022

* Version:        2021.2 (Build 3367213 on Tue Oct 19 02:48:09 MDT 2021)
* Project:        MIMO
* Solution:       solution1 (Vivado IP Flow Target)
* Product family: zynquplus
* Target device:  xczu9eg-ffvb1156-2-e


================================================================
== Performance Estimates
================================================================
+ Timing: 
    * Summary: 
    +--------+----------+----------+------------+
    |  Clock |  Target  | Estimated| Uncertainty|
    +--------+----------+----------+------------+
    |ap_clk  |  40.00 ns|  2.515 ns|    10.80 ns|
    +--------+----------+----------+------------+

+ Latency: 
    * Summary: 
    +---------+---------+----------+----------+-----+-----+---------+
    |  Latency (cycles) |  Latency (absolute) |  Interval | Pipeline|
    |   min   |   max   |    min   |    max   | min | max |   Type  |
    +---------+---------+----------+----------+-----+-----+---------+
    |       10|       10|  0.400 us|  0.400 us|   10|   10|       no|
    +---------+---------+----------+----------+-----+-----+---------+

    + Detail: 
        * Instance: 
        N/A

        * Loop: 
        +---------------------+---------+---------+----------+-----------+-----------+------+----------+
        |                     |  Latency (cycles) | Iteration|  Initiation Interval  | Trip |          |
        |      Loop Name      |   min   |   max   |  Latency |  achieved |   target  | Count| Pipelined|
        +---------------------+---------+---------+----------+-----------+-----------+------+----------+
        |- VITIS_LOOP_104_12  |        8|        8|         2|          1|          1|     8|       yes|
        +---------------------+---------+---------+----------+-----------+-----------+------+----------+

============================================================
+ Verbose Summary: Synthesis Manager
============================================================
InlineROM: 1
ExposeGlobal: 0
============================================================
+ Verbose Summary: CDFG Model
============================================================
IsTopModel: 0
ResetActiveHigh: 1
IsCombinational: 0
IsDatapathOnly: 0
HasWiredReturn: 1
HasMFsm: 2
HasVarLatency: 1
IsPipeline: 0
IsRtlPipelined: 0
IsInstanceOverlapped: 0
IsDontTouch: 0
HasImplIP: 0
IsGatedGlobalClock: 0

+ Individual pipeline summary: 
  * Pipeline-0: initiation interval (II) = 1, depth = 2


============================================================
+ Verbose Summary: Schedule
============================================================
* Number of FSM states : 2
* Pipeline : 1
  Pipeline-0 : II = 1, D = 2, States = { 1 2 }
* Dataflow Pipeline: 0

* FSM state transitions: 
1 --> 2 
2 --> 

* FSM state operations: 

State 1 <SV = 0> <Delay = 1.22>
ST_1 : Operation 5 [1/1] (0.00ns)   --->   "%i_26 = alloca i32 1"   --->   Operation 5 'alloca' 'i_26' <Predicate = true> <Delay = 0.00>
ST_1 : Operation 6 [1/1] (0.00ns)   --->   "%specinterface_ln0 = specinterface void @_ssdm_op_SpecInterface, i16 %KB_out, void @empty_60, i32 0, i32 0, void @empty_59, i32 0, i32 0, void @empty_59, void @empty_59, void @empty_59, i32 0, i32 0, i32 0, i32 0, void @empty_59, void @empty_59"   --->   Operation 6 'specinterface' 'specinterface_ln0' <Predicate = true> <Delay = 0.00>
ST_1 : Operation 7 [1/1] (0.42ns)   --->   "%store_ln0 = store i4 0, i4 %i_26"   --->   Operation 7 'store' 'store_ln0' <Predicate = true> <Delay = 0.42>
ST_1 : Operation 8 [1/1] (0.00ns)   --->   "%br_ln0 = br void %.preheader.i"   --->   Operation 8 'br' 'br_ln0' <Predicate = true> <Delay = 0.00>
ST_1 : Operation 9 [1/1] (0.00ns)   --->   "%i = load i4 %i_26" [src/KBEST.cpp:104]   --->   Operation 9 'load' 'i' <Predicate = true> <Delay = 0.00>
ST_1 : Operation 10 [1/1] (0.00ns)   --->   "%specpipeline_ln0 = specpipeline void @_ssdm_op_SpecPipeline, i32 4294967295, i32 0, i32 1, i32 0, void @p_str"   --->   Operation 10 'specpipeline' 'specpipeline_ln0' <Predicate = true> <Delay = 0.00>
ST_1 : Operation 11 [1/1] (0.72ns)   --->   "%icmp_ln104 = icmp_eq  i4 %i, i4 8" [src/KBEST.cpp:104]   --->   Operation 11 'icmp' 'icmp_ln104' <Predicate = true> <Delay = 0.72> <CoreInst = "Cmp">   --->   Core 9 'Cmp' <Latency = 0> <II = 1> <Delay = 0.72> <FuncUnit> <Opcode : 'icmp'> <InPorts = 2> <OutPorts = 1>
ST_1 : Operation 12 [1/1] (0.00ns)   --->   "%empty = speclooptripcount i32 @_ssdm_op_SpecLoopTripCount, i64 8, i64 8, i64 8"   --->   Operation 12 'speclooptripcount' 'empty' <Predicate = true> <Delay = 0.00>
ST_1 : Operation 13 [1/1] (0.79ns)   --->   "%add_ln104 = add i4 %i, i4 1" [src/KBEST.cpp:104]   --->   Operation 13 'add' 'add_ln104' <Predicate = true> <Delay = 0.79> <CoreInst = "Adder">   --->   Core 1 'Adder' <Latency = 0> <II = 1> <Delay = 0.79> <FuncUnit> <Opcode : 'add' 'sub'> <InPorts = 2> <OutPorts = 1>
ST_1 : Operation 14 [1/1] (0.00ns)   --->   "%br_ln104 = br i1 %icmp_ln104, void %.split51.i, void %.exitStub" [src/KBEST.cpp:104]   --->   Operation 14 'br' 'br_ln104' <Predicate = true> <Delay = 0.00>
ST_1 : Operation 15 [1/1] (0.35ns)   --->   "%xor_ln105 = xor i4 %i, i4 8" [src/KBEST.cpp:105]   --->   Operation 15 'xor' 'xor_ln105' <Predicate = (!icmp_ln104)> <Delay = 0.35> <CoreInst = "LogicGate">   --->   Core 74 'LogicGate' <Latency = 0> <II = 1> <Delay = 0.35> <FuncUnit> <Opcode : 'and' 'or' 'xor'> <InPorts = 2> <OutPorts = 1>
ST_1 : Operation 16 [1/1] (0.00ns)   --->   "%zext_ln105 = zext i4 %xor_ln105" [src/KBEST.cpp:105]   --->   Operation 16 'zext' 'zext_ln105' <Predicate = (!icmp_ln104)> <Delay = 0.00>
ST_1 : Operation 17 [1/1] (0.00ns)   --->   "%survival_path_addr = getelementptr i32 %survival_path, i64 0, i64 %zext_ln105" [src/KBEST.cpp:105]   --->   Operation 17 'getelementptr' 'survival_path_addr' <Predicate = (!icmp_ln104)> <Delay = 0.00>
ST_1 : Operation 18 [2/2] (0.67ns)   --->   "%tmp = load i4 %survival_path_addr" [src/KBEST.cpp:105]   --->   Operation 18 'load' 'tmp' <Predicate = (!icmp_ln104)> <Delay = 0.67> <CoreInst = "RAM">   --->   Core 83 'RAM' <Latency = 1> <II = 1> <Delay = 0.67> <Storage> <Opcode : 'load' 'store'> <Ports = 2> <Width = 32> <Depth = 16> <RAM>
ST_1 : Operation 19 [1/1] (0.42ns)   --->   "%store_ln104 = store i4 %add_ln104, i4 %i_26" [src/KBEST.cpp:104]   --->   Operation 19 'store' 'store_ln104' <Predicate = (!icmp_ln104)> <Delay = 0.42>
ST_1 : Operation 26 [1/1] (0.00ns)   --->   "%ret_ln0 = ret"   --->   Operation 26 'ret' 'ret_ln0' <Predicate = (icmp_ln104)> <Delay = 0.00>

State 2 <SV = 1> <Delay = 2.51>
ST_2 : Operation 20 [1/1] (0.00ns)   --->   "%specloopname_ln9 = specloopname void @_ssdm_op_SpecLoopName, void @empty_16" [src/KBEST.cpp:9]   --->   Operation 20 'specloopname' 'specloopname_ln9' <Predicate = true> <Delay = 0.00>
ST_2 : Operation 21 [1/2] (0.67ns)   --->   "%tmp = load i4 %survival_path_addr" [src/KBEST.cpp:105]   --->   Operation 21 'load' 'tmp' <Predicate = true> <Delay = 0.67> <CoreInst = "RAM">   --->   Core 83 'RAM' <Latency = 1> <II = 1> <Delay = 0.67> <Storage> <Opcode : 'load' 'store'> <Ports = 2> <Width = 32> <Depth = 16> <RAM>
ST_2 : Operation 22 [1/1] (0.00ns)   --->   "%trunc_ln740 = trunc i32 %tmp"   --->   Operation 22 'trunc' 'trunc_ln740' <Predicate = true> <Delay = 0.00>
ST_2 : Operation 23 [1/1] (0.00ns)   --->   "%p_0 = bitconcatenate i16 @_ssdm_op_BitConcatenate.i16.i8.i8, i8 %trunc_ln740, i8 0"   --->   Operation 23 'bitconcatenate' 'p_0' <Predicate = true> <Delay = 0.00>
ST_2 : Operation 24 [1/1] (1.83ns)   --->   "%write_ln173 = write void @_ssdm_op_Write.ap_fifo.volatile.i16P0A, i16 %KB_out, i16 %p_0" [D:/Xilinx/Vitis_HLS/2021.2/common/technology/autopilot/hls_stream_39.h:173]   --->   Operation 24 'write' 'write_ln173' <Predicate = true> <Delay = 1.83> <CoreInst = "FIFO_SRL">   --->   Core 81 'FIFO_SRL' <Latency = 0> <II = 1> <Delay = 1.83> <Storage> <Opcode : 'read' 'write' 'nbread' 'nbwrite'> <Ports = 0> <Width = 16> <Depth = 2> <FIFO>
ST_2 : Operation 25 [1/1] (0.00ns)   --->   "%br_ln0 = br void %.preheader.i"   --->   Operation 25 'br' 'br_ln0' <Predicate = true> <Delay = 0.00>


============================================================
+ Verbose Summary: Timing violations
============================================================
Target clock period: 40ns, clock uncertainty: 10.8ns.

 <State 1>: 1.22ns
The critical path consists of the following:
	'alloca' operation ('i') [3]  (0 ns)
	'load' operation ('i', src/KBEST.cpp:104) on local variable 'i' [8]  (0 ns)
	'add' operation ('add_ln104', src/KBEST.cpp:104) [12]  (0.797 ns)
	'store' operation ('store_ln104', src/KBEST.cpp:104) of variable 'add_ln104', src/KBEST.cpp:104 on local variable 'i' [23]  (0.427 ns)

 <State 2>: 2.52ns
The critical path consists of the following:
	'load' operation ('v', src/KBEST.cpp:105) on array 'survival_path' [19]  (0.677 ns)
	fifo write operation ('write_ln173', D:/Xilinx/Vitis_HLS/2021.2/common/technology/autopilot/hls_stream_39.h:173) on port 'KB_out' (D:/Xilinx/Vitis_HLS/2021.2/common/technology/autopilot/hls_stream_39.h:173) [22]  (1.84 ns)


============================================================
+ Verbose Summary: Binding
============================================================
N/A
* FSMD analyzer results:
  - Output states:
 - Input state : 
  - Chain level:
	State 1
	State 2


============================================================
+ Verbose Summary: Datapath Resource usage 
============================================================
N/A
