

================================================================
== Vitis HLS Report for 'matrix_mult'
================================================================
* Date:           Fri Jun 17 13:15:22 2022

* Version:        2021.2 (Build 3367213 on Tue Oct 19 02:48:09 MDT 2021)
* Project:        MIMO
* Solution:       solution1 (Vivado IP Flow Target)
* Product family: zynquplus
* Target device:  xczu9eg-ffvb1156-2-e


================================================================
== Performance Estimates
================================================================
+ Timing: 
    * Summary: 
    +--------+----------+----------+------------+
    |  Clock |  Target  | Estimated| Uncertainty|
    +--------+----------+----------+------------+
    |ap_clk  |  40.00 ns|  3.075 ns|    10.80 ns|
    +--------+----------+----------+------------+

+ Latency: 
    * Summary: 
    +---------+---------+----------+----------+-----+-----+---------+
    |  Latency (cycles) |  Latency (absolute) |  Interval | Pipeline|
    |   min   |   max   |    min   |    max   | min | max |   Type  |
    +---------+---------+----------+----------+-----+-----+---------+
    |      212|      212|  8.480 us|  8.480 us|  212|  212|       no|
    +---------+---------+----------+----------+-----+-----+---------+

    + Detail: 
        * Instance: 
        +------------------------------------------------+--------------------------------------+---------+---------+----------+----------+-----+-----+---------+
        |                                                |                                      |  Latency (cycles) |  Latency (absolute) |  Interval | Pipeline|
        |                    Instance                    |                Module                |   min   |   max   |    min   |    max   | min | max |   Type  |
        +------------------------------------------------+--------------------------------------+---------+---------+----------+----------+-----+-----+---------+
        |grp_matrix_mult_Pipeline_VITIS_LOOP_88_1_fu_26  |matrix_mult_Pipeline_VITIS_LOOP_88_1  |       66|       66|  2.640 us|  2.640 us|   66|   66|       no|
        |grp_matrix_mult_Pipeline_VITIS_LOOP_94_2_fu_34  |matrix_mult_Pipeline_VITIS_LOOP_94_2  |      142|      142|  5.680 us|  5.680 us|  142|  142|       no|
        +------------------------------------------------+--------------------------------------+---------+---------+----------+----------+-----+-----+---------+

        * Loop: 
        N/A

============================================================
+ Verbose Summary: Synthesis Manager
============================================================
InlineROM: 1
ExposeGlobal: 0
============================================================
+ Verbose Summary: CDFG Model
============================================================
IsTopModel: 0
ResetActiveHigh: 1
IsCombinational: 2
IsDatapathOnly: 0
HasWiredReturn: 1
HasMFsm: 0
HasVarLatency: 1
IsPipeline: 0
IsRtlPipelined: 0
IsInstanceOverlapped: 0
IsDontTouch: 0
HasImplIP: 0
IsGatedGlobalClock: 0


============================================================
+ Verbose Summary: Schedule
============================================================
* Number of FSM states : 5
* Pipeline : 0
* Dataflow Pipeline: 0

* FSM state transitions: 
1 --> 2 
2 --> 3 
3 --> 4 
4 --> 5 
5 --> 

* FSM state operations: 

State 1 <SV = 0> <Delay = 1.23>
ST_1 : Operation 6 [1/1] (1.23ns)   --->   "%Q_TEMP_V = alloca i64 1" [src/MIMO.cpp:84]   --->   Operation 6 'alloca' 'Q_TEMP_V' <Predicate = true> <Delay = 1.23>
ST_1 : Operation 7 [1/1] (0.00ns)   --->   "%empty = wait i32 @_ssdm_op_Wait"   --->   Operation 7 'wait' 'empty' <Predicate = true> <Delay = 0.00>
ST_1 : Operation 8 [2/2] (0.00ns)   --->   "%call_ln0 = call void @matrix_mult_Pipeline_VITIS_LOOP_88_1, i16 %Q_TEMP_V, i16 %Q"   --->   Operation 8 'call' 'call_ln0' <Predicate = true> <Delay = 0.00> <CoreType = "Generic">   --->   Core 0 '' <Latency = 0> <II = 1> <Delay = 1.00> <Generic> <Opcode : >

State 2 <SV = 1> <Delay = 0.00>
ST_2 : Operation 9 [1/2] (0.00ns)   --->   "%call_ln0 = call void @matrix_mult_Pipeline_VITIS_LOOP_88_1, i16 %Q_TEMP_V, i16 %Q"   --->   Operation 9 'call' 'call_ln0' <Predicate = true> <Delay = 0.00> <CoreType = "Generic">   --->   Core 0 '' <Latency = 0> <II = 1> <Delay = 1.00> <Generic> <Opcode : >

State 3 <SV = 2> <Delay = 0.00>
ST_3 : Operation 10 [1/1] (0.00ns)   --->   "%empty_115 = wait i32 @_ssdm_op_Wait"   --->   Operation 10 'wait' 'empty_115' <Predicate = true> <Delay = 0.00>

State 4 <SV = 3> <Delay = 0.00>
ST_4 : Operation 11 [1/1] (0.00ns)   --->   "%empty_116 = wait i32 @_ssdm_op_Wait"   --->   Operation 11 'wait' 'empty_116' <Predicate = true> <Delay = 0.00>
ST_4 : Operation 12 [2/2] (0.00ns)   --->   "%call_ln0 = call void @matrix_mult_Pipeline_VITIS_LOOP_94_2, i16 %Q_TEMP_V, i16 %noise_out, i16 %MULQ_out"   --->   Operation 12 'call' 'call_ln0' <Predicate = true> <Delay = 0.00> <CoreType = "Generic">   --->   Core 0 '' <Latency = 0> <II = 1> <Delay = 1.00> <Generic> <Opcode : >

State 5 <SV = 4> <Delay = 0.00>
ST_5 : Operation 13 [1/1] (0.00ns)   --->   "%specinterface_ln0 = specinterface void @_ssdm_op_SpecInterface, i16 %MULQ_out, void @empty_60, i32 0, i32 0, void @empty_59, i32 0, i32 0, void @empty_59, void @empty_59, void @empty_59, i32 0, i32 0, i32 0, i32 0, void @empty_59, void @empty_59"   --->   Operation 13 'specinterface' 'specinterface_ln0' <Predicate = true> <Delay = 0.00>
ST_5 : Operation 14 [1/1] (0.00ns)   --->   "%specinterface_ln0 = specinterface void @_ssdm_op_SpecInterface, i16 %MULQ_out, void @empty_60, i32 0, i32 0, void @empty_59, i32 0, i32 0, void @empty_59, void @empty_59, void @empty_59, i32 0, i32 0, i32 0, i32 0, void @empty_59, void @empty_59"   --->   Operation 14 'specinterface' 'specinterface_ln0' <Predicate = true> <Delay = 0.00>
ST_5 : Operation 15 [1/1] (0.00ns)   --->   "%specinterface_ln0 = specinterface void @_ssdm_op_SpecInterface, i16 %MULQ_out, void @empty_60, i32 0, i32 0, void @empty_59, i32 0, i32 0, void @empty_59, void @empty_59, void @empty_59, i32 0, i32 0, i32 0, i32 0, void @empty_59, void @empty_59"   --->   Operation 15 'specinterface' 'specinterface_ln0' <Predicate = true> <Delay = 0.00>
ST_5 : Operation 16 [1/1] (0.00ns)   --->   "%specinterface_ln0 = specinterface void @_ssdm_op_SpecInterface, i16 %Q, void @empty_60, i32 0, i32 0, void @empty_59, i32 0, i32 0, void @empty_59, void @empty_59, void @empty_59, i32 0, i32 0, i32 0, i32 0, void @empty_59, void @empty_59"   --->   Operation 16 'specinterface' 'specinterface_ln0' <Predicate = true> <Delay = 0.00>
ST_5 : Operation 17 [1/1] (0.00ns)   --->   "%specinterface_ln0 = specinterface void @_ssdm_op_SpecInterface, i16 %Q, void @empty_60, i32 0, i32 0, void @empty_59, i32 0, i32 0, void @empty_59, void @empty_59, void @empty_59, i32 0, i32 0, i32 0, i32 0, void @empty_59, void @empty_59"   --->   Operation 17 'specinterface' 'specinterface_ln0' <Predicate = true> <Delay = 0.00>
ST_5 : Operation 18 [1/1] (0.00ns)   --->   "%specinterface_ln0 = specinterface void @_ssdm_op_SpecInterface, i16 %Q, void @empty_60, i32 0, i32 0, void @empty_59, i32 0, i32 0, void @empty_59, void @empty_59, void @empty_59, i32 0, i32 0, i32 0, i32 0, void @empty_59, void @empty_59"   --->   Operation 18 'specinterface' 'specinterface_ln0' <Predicate = true> <Delay = 0.00>
ST_5 : Operation 19 [1/1] (0.00ns)   --->   "%specinterface_ln0 = specinterface void @_ssdm_op_SpecInterface, i16 %noise_out, void @empty_60, i32 0, i32 0, void @empty_59, i32 0, i32 0, void @empty_59, void @empty_59, void @empty_59, i32 0, i32 0, i32 0, i32 0, void @empty_59, void @empty_59"   --->   Operation 19 'specinterface' 'specinterface_ln0' <Predicate = true> <Delay = 0.00>
ST_5 : Operation 20 [1/1] (0.00ns)   --->   "%specinterface_ln0 = specinterface void @_ssdm_op_SpecInterface, i16 %noise_out, void @empty_60, i32 0, i32 0, void @empty_59, i32 0, i32 0, void @empty_59, void @empty_59, void @empty_59, i32 0, i32 0, i32 0, i32 0, void @empty_59, void @empty_59"   --->   Operation 20 'specinterface' 'specinterface_ln0' <Predicate = true> <Delay = 0.00>
ST_5 : Operation 21 [1/1] (0.00ns)   --->   "%specinterface_ln0 = specinterface void @_ssdm_op_SpecInterface, i16 %noise_out, void @empty_60, i32 0, i32 0, void @empty_59, i32 0, i32 0, void @empty_59, void @empty_59, void @empty_59, i32 0, i32 0, i32 0, i32 0, void @empty_59, void @empty_59"   --->   Operation 21 'specinterface' 'specinterface_ln0' <Predicate = true> <Delay = 0.00>
ST_5 : Operation 22 [1/1] (0.00ns)   --->   "%specinterface_ln0 = specinterface void @_ssdm_op_SpecInterface, i16 %MULQ_out, void @empty_60, i32 0, i32 0, void @empty_59, i32 0, i32 0, void @empty_59, void @empty_59, void @empty_59, i32 0, i32 0, i32 0, i32 0, void @empty_59, void @empty_59"   --->   Operation 22 'specinterface' 'specinterface_ln0' <Predicate = true> <Delay = 0.00>
ST_5 : Operation 23 [1/1] (0.00ns)   --->   "%specinterface_ln0 = specinterface void @_ssdm_op_SpecInterface, i16 %noise_out, void @empty_60, i32 0, i32 0, void @empty_59, i32 0, i32 0, void @empty_59, void @empty_59, void @empty_59, i32 0, i32 0, i32 0, i32 0, void @empty_59, void @empty_59"   --->   Operation 23 'specinterface' 'specinterface_ln0' <Predicate = true> <Delay = 0.00>
ST_5 : Operation 24 [1/1] (0.00ns)   --->   "%specinterface_ln0 = specinterface void @_ssdm_op_SpecInterface, i16 %Q, void @empty_60, i32 0, i32 0, void @empty_59, i32 0, i32 0, void @empty_59, void @empty_59, void @empty_59, i32 0, i32 0, i32 0, i32 0, void @empty_59, void @empty_59"   --->   Operation 24 'specinterface' 'specinterface_ln0' <Predicate = true> <Delay = 0.00>
ST_5 : Operation 25 [1/2] (0.00ns)   --->   "%call_ln0 = call void @matrix_mult_Pipeline_VITIS_LOOP_94_2, i16 %Q_TEMP_V, i16 %noise_out, i16 %MULQ_out"   --->   Operation 25 'call' 'call_ln0' <Predicate = true> <Delay = 0.00> <CoreType = "Generic">   --->   Core 0 '' <Latency = 0> <II = 1> <Delay = 1.00> <Generic> <Opcode : >
ST_5 : Operation 26 [1/1] (0.00ns)   --->   "%ret_ln0 = ret"   --->   Operation 26 'ret' 'ret_ln0' <Predicate = true> <Delay = 0.00>


============================================================
+ Verbose Summary: Binding
============================================================
STG Binding: 
---------------- STG Properties BEGIN ----------------
- Is combinational: 0
- Is one-state seq: 0
- Is datapath-only: 0
- Is pipelined: 0
- Is top level: 0
Port [ Return ] is wired: 1; IO mode=ap_ctrl_hs:ce=0
Port [ Q]:  wired=1; compound=1; hidden=0; nouse=0; global=1; static=1; extern=0; dir=0; type=3; pingpong=0; private_global=0; IO mode=ap_fifo:ce=0
Port [ noise_out]:  wired=1; compound=1; hidden=0; nouse=0; global=1; static=1; extern=0; dir=0; type=3; pingpong=0; private_global=0; IO mode=ap_fifo:ce=0
Port [ MULQ_out]:  wired=1; compound=1; hidden=0; nouse=0; global=1; static=1; extern=0; dir=1; type=3; pingpong=0; private_global=0; IO mode=ap_fifo:ce=0
---------------- STG Properties END ------------------

---------------- Datapath Model BEGIN ----------------

<LifeTime>
<method=bitvector/>
Q_TEMP_V          (alloca       ) [ 001111]
empty             (wait         ) [ 000000]
call_ln0          (call         ) [ 000000]
empty_115         (wait         ) [ 000000]
empty_116         (wait         ) [ 000000]
specinterface_ln0 (specinterface) [ 000000]
specinterface_ln0 (specinterface) [ 000000]
specinterface_ln0 (specinterface) [ 000000]
specinterface_ln0 (specinterface) [ 000000]
specinterface_ln0 (specinterface) [ 000000]
specinterface_ln0 (specinterface) [ 000000]
specinterface_ln0 (specinterface) [ 000000]
specinterface_ln0 (specinterface) [ 000000]
specinterface_ln0 (specinterface) [ 000000]
specinterface_ln0 (specinterface) [ 000000]
specinterface_ln0 (specinterface) [ 000000]
specinterface_ln0 (specinterface) [ 000000]
call_ln0          (call         ) [ 000000]
ret_ln0           (ret          ) [ 000000]
</LifeTime>

<model>

<comp_list>
<comp id="0" class="1000" name="Q">
<pin_list>
<pin id="1" dir="1" index="0" bw="1" slack="0"/>
</pin_list>
<bind>
<StgValue><ssdm name="Q"/></StgValue>
</bind>
</comp>

<comp id="2" class="1000" name="noise_out">
<pin_list>
<pin id="3" dir="1" index="0" bw="1" slack="0"/>
</pin_list>
<bind>
<StgValue><ssdm name="noise_out"/></StgValue>
</bind>
</comp>

<comp id="4" class="1000" name="MULQ_out">
<pin_list>
<pin id="5" dir="1" index="0" bw="1" slack="0"/>
</pin_list>
<bind>
<StgValue><ssdm name="MULQ_out"/></StgValue>
</bind>
</comp>

<comp id="6" class="1001" name="const_6">
<pin_list>
<pin id="7" dir="1" index="0" bw="1" slack="0"/>
</pin_list>
<bind>
<StgValue><ssdm name=""/></StgValue>
</bind>
</comp>

<comp id="8" class="1001" name="const_8">
<pin_list>
<pin id="9" dir="1" index="0" bw="1" slack="2147483647"/>
</pin_list>
<bind>
<StgValue><ssdm name="_ssdm_op_Wait"/></StgValue>
</bind>
</comp>

<comp id="10" class="1001" name="const_10">
<pin_list>
<pin id="11" dir="1" index="0" bw="1" slack="0"/>
</pin_list>
<bind>
<StgValue><ssdm name="matrix_mult_Pipeline_VITIS_LOOP_88_1"/></StgValue>
</bind>
</comp>

<comp id="12" class="1001" name="const_12">
<pin_list>
<pin id="13" dir="1" index="0" bw="1" slack="0"/>
</pin_list>
<bind>
<StgValue><ssdm name="matrix_mult_Pipeline_VITIS_LOOP_94_2"/></StgValue>
</bind>
</comp>

<comp id="14" class="1001" name="const_14">
<pin_list>
<pin id="15" dir="1" index="0" bw="1" slack="2147483647"/>
</pin_list>
<bind>
<StgValue><ssdm name="_ssdm_op_SpecInterface"/></StgValue>
</bind>
</comp>

<comp id="16" class="1001" name="const_16">
<pin_list>
<pin id="17" dir="1" index="0" bw="1" slack="2147483647"/>
</pin_list>
<bind>
<StgValue><ssdm name="empty_60"/></StgValue>
</bind>
</comp>

<comp id="18" class="1001" name="const_18">
<pin_list>
<pin id="19" dir="1" index="0" bw="1" slack="2147483647"/>
</pin_list>
<bind>
<StgValue><ssdm name=""/></StgValue>
</bind>
</comp>

<comp id="20" class="1001" name="const_20">
<pin_list>
<pin id="21" dir="1" index="0" bw="1" slack="2147483647"/>
</pin_list>
<bind>
<StgValue><ssdm name="empty_59"/></StgValue>
</bind>
</comp>

<comp id="22" class="1004" name="Q_TEMP_V_alloca_fu_22">
<pin_list>
<pin id="23" dir="0" index="0" bw="1" slack="0"/>
<pin id="24" dir="1" index="1" bw="16" slack="0"/>
</pin_list>
<bind>
<opcode="alloca(26) " fcode="alloca"/>
<opset="Q_TEMP_V/1 "/>
</bind>
</comp>

<comp id="26" class="1004" name="grp_matrix_mult_Pipeline_VITIS_LOOP_88_1_fu_26">
<pin_list>
<pin id="27" dir="0" index="0" bw="0" slack="0"/>
<pin id="28" dir="0" index="1" bw="16" slack="0"/>
<pin id="29" dir="0" index="2" bw="16" slack="0"/>
<pin id="30" dir="1" index="3" bw="0" slack="2147483647"/>
</pin_list>
<bind>
<opcode="call(48) " fcode="call"/>
<opset="call_ln0/1 "/>
</bind>
</comp>

<comp id="34" class="1004" name="grp_matrix_mult_Pipeline_VITIS_LOOP_94_2_fu_34">
<pin_list>
<pin id="35" dir="0" index="0" bw="0" slack="0"/>
<pin id="36" dir="0" index="1" bw="16" slack="2147483647"/>
<pin id="37" dir="0" index="2" bw="16" slack="0"/>
<pin id="38" dir="0" index="3" bw="16" slack="0"/>
<pin id="39" dir="1" index="4" bw="0" slack="2147483647"/>
</pin_list>
<bind>
<opcode="call(48) " fcode="call"/>
<opset="call_ln0/4 "/>
</bind>
</comp>

</comp_list>

<net_list>
<net id="25"><net_src comp="6" pin="0"/><net_sink comp="22" pin=0"/></net>

<net id="31"><net_src comp="10" pin="0"/><net_sink comp="26" pin=0"/></net>

<net id="32"><net_src comp="22" pin="1"/><net_sink comp="26" pin=1"/></net>

<net id="33"><net_src comp="0" pin="0"/><net_sink comp="26" pin=2"/></net>

<net id="40"><net_src comp="12" pin="0"/><net_sink comp="34" pin=0"/></net>

<net id="41"><net_src comp="2" pin="0"/><net_sink comp="34" pin=2"/></net>

<net id="42"><net_src comp="4" pin="0"/><net_sink comp="34" pin=3"/></net>

</net_list>

</model> 
---------------- Datapath Model END ------------------

* FSMD analyzer results:
  - Output states:
	Port: MULQ_out | {4 5 }
 - Input state : 
	Port: matrix_mult : Q | {1 2 }
	Port: matrix_mult : noise_out | {4 5 }
  - Chain level:
	State 1
		call_ln0 : 1
	State 2
	State 3
	State 4
	State 5


============================================================
+ Verbose Summary: Datapath Resource usage 
============================================================

* Functional unit list:
|----------|------------------------------------------------|---------|---------|---------|---------|
| Operation|                 Functional Unit                |   DSP   |  Delay  |    FF   |   LUT   |
|----------|------------------------------------------------|---------|---------|---------|---------|
|   call   | grp_matrix_mult_Pipeline_VITIS_LOOP_88_1_fu_26 |    0    |    0    |    13   |    24   |
|          | grp_matrix_mult_Pipeline_VITIS_LOOP_94_2_fu_34 |    64   |  49.615 |   3990  |   1788  |
|----------|------------------------------------------------|---------|---------|---------|---------|
|   Total  |                                                |    64   |  49.615 |   4003  |   1812  |
|----------|------------------------------------------------|---------|---------|---------|---------|

Memories:
+--------+--------+--------+--------+--------+
|        |  BRAM  |   FF   |   LUT  |  URAM  |
+--------+--------+--------+--------+--------+
|Q_TEMP_V|    7   |    0   |    0   |    0   |
+--------+--------+--------+--------+--------+
|  Total |    7   |    0   |    0   |    0   |
+--------+--------+--------+--------+--------+

* Register list:
N/A

* Multiplexer (MUX) list: 
|--------|------|------|------|--------|
|  Comp  |  Pin | Size |  BW  | S x BW |
|--------|------|------|------|--------|
|  Total |      |      |      |    0   |
|--------|------|------|------|--------|



* Summary:
+-----------+--------+--------+--------+--------+--------+--------+
|           |  BRAM  |   DSP  |  Delay |   FF   |   LUT  |  URAM  |
+-----------+--------+--------+--------+--------+--------+--------+
|  Function |    -   |   64   |   49   |  4003  |  1812  |    -   |
|   Memory  |    7   |    -   |    -   |    0   |    0   |    0   |
|Multiplexer|    -   |    -   |    -   |    -   |    -   |    -   |
|  Register |    -   |    -   |    -   |    -   |    -   |    -   |
+-----------+--------+--------+--------+--------+--------+--------+
|   Total   |    7   |   64   |   49   |  4003  |  1812  |    0   |
+-----------+--------+--------+--------+--------+--------+--------+
