Sun Jun 19 20:10:33 2022: Running xcd server. This server was built by gradle.
Sun Jun 19 20:10:33 2022: Server was asked to start on port: '42801'
Sun Jun 19 20:10:33 2022: Server is using token UUID: '4bab4b2f-14a4-4b1f-8a9f-bc7589f7a373'
Sun Jun 19 20:10:33 2022: SESSION_MGR: creating session with session uuid: '6d04a3e9-ade5-4ab9-8d63-1f78fcd2ec76' and name 'default'
Sun Jun 19 20:10:33 2022: Attempting to start server on port '42801'
Sun Jun 19 20:10:33 2022: XCD main fifo: created main fifo '/tmp/xcdmain4bab4b2f-14a4-4b1f-8a9f-bc7589f7a373', fd read = 14
Sun Jun 19 20:10:33 2022: Running Dispatch Server
Sun Jun 19 20:10:33 2022: Version 2.2.0
Sun Jun 19 20:10:42 2022: Dispatch Server: Accepted socket connection from client
Sun Jun 19 20:10:42 2022: Starting Socket connection
Sun Jun 19 20:10:42 2022: EXCHANGE_TOKEN received, server token: 4bab4b2f-14a4-4b1f-8a9f-bc7589f7a373, passed token: 4bab4b2f-14a4-4b1f-8a9f-bc7589f7a373
Sun Jun 19 20:10:43 2022: DISPATCH_HANDLER: Adding handler from function makeHandler in library libxv_system_diagram
Sun Jun 19 20:10:43 2022: SESSION_MGR: creating session with session uuid: 'ec7c10dc-ae46-4543-9205-6509fb687fa8' and name 'link'
Sun Jun 19 20:10:43 2022: KERNEL_SVC: creating session with uuid: 'ec7c10dc-ae46-4543-9205-6509fb687fa8' and name 'link'
Sun Jun 19 20:10:43 2022: GUIDANCE_SMGR: creating guidance session with uuid: 'ec7c10dc-ae46-4543-9205-6509fb687fa8' and name 'link'
Sun Jun 19 20:10:43 2022: SYSTEM_DIAGRAM: creating session with uuid: 'ec7c10dc-ae46-4543-9205-6509fb687fa8' and name 'link'
Sun Jun 19 20:11:13 2022: Dispatch Server: Accepted socket connection from client
Sun Jun 19 20:11:13 2022: Starting Socket connection
Sun Jun 19 20:11:41 2022: Dispatch Server: Accepted socket connection from client
Sun Jun 19 20:11:41 2022: Starting Socket connection
Sun Jun 19 20:17:25 2022: SESSION_MGR: closing session for UUID 'ec7c10dc-ae46-4543-9205-6509fb687fa8' with name 'link'
Sun Jun 19 20:17:25 2022: KERNEL_SVC: closing session for UUID 'ec7c10dc-ae46-4543-9205-6509fb687fa8' with name 'link'
Sun Jun 19 20:17:25 2022: GUIDANCE_SMGR: closing session for UUID 'ec7c10dc-ae46-4543-9205-6509fb687fa8' with name 'link'
Sun Jun 19 20:17:25 2022: SYSTEM_DIAGRAM: closing session for UUID 'ec7c10dc-ae46-4543-9205-6509fb687fa8' with name 'link'
