

================================================================
== Vitis HLS Report for 'entry_proc'
================================================================
* Date:           Tue Mar 29 06:54:35 2022

* Version:        2021.2 (Build 3367213 on Tue Oct 19 02:47:39 MDT 2021)
* Project:        conv_filter_prj
* Solution:       solution (Vitis Kernel Flow Target)
* Product family: virtexuplus
* Target device:  xcu200-fsgd2104-2-e


================================================================
== Performance Estimates
================================================================
+ Timing: 
    * Summary: 
    +--------+---------+----------+------------+
    |  Clock |  Target | Estimated| Uncertainty|
    +--------+---------+----------+------------+
    |ap_clk  |  3.33 ns|  1.217 ns|     0.90 ns|
    +--------+---------+----------+------------+

+ Latency: 
    * Summary: 
    +---------+---------+----------+----------+-----+-----+---------+
    |  Latency (cycles) |  Latency (absolute) |  Interval | Pipeline|
    |   min   |   max   |    min   |    max   | min | max |   Type  |
    +---------+---------+----------+----------+-----+-----+---------+
    |        0|        0|      0 ns|      0 ns|    0|    0|       no|
    +---------+---------+----------+----------+-----+-----+---------+

    + Detail: 
        * Instance: 
        N/A

        * Loop: 
        N/A



================================================================
== Utilization Estimates
================================================================
* Summary: 
+---------------------+---------+------+---------+---------+-----+
|         Name        | BRAM_18K|  DSP |    FF   |   LUT   | URAM|
+---------------------+---------+------+---------+---------+-----+
|DSP                  |        -|     -|        -|        -|    -|
|Expression           |        -|     -|        0|        2|    -|
|FIFO                 |        -|     -|        -|        -|    -|
|Instance             |        -|     -|        -|        -|    -|
|Memory               |        -|     -|        -|        -|    -|
|Multiplexer          |        -|     -|        -|       45|    -|
|Register             |        -|     -|        3|        -|    -|
+---------------------+---------+------+---------+---------+-----+
|Total                |        0|     0|        3|       47|    0|
+---------------------+---------+------+---------+---------+-----+
|Available SLR        |     1440|  2280|   788160|   394080|  320|
+---------------------+---------+------+---------+---------+-----+
|Utilization SLR (%)  |        0|     0|       ~0|       ~0|    0|
+---------------------+---------+------+---------+---------+-----+
|Available            |     4320|  6840|  2364480|  1182240|  960|
+---------------------+---------+------+---------+---------+-----+
|Utilization (%)      |        0|     0|       ~0|       ~0|    0|
+---------------------+---------+------+---------+---------+-----+

+ Detail: 
    * Instance: 
    N/A

    * DSP: 
    N/A

    * Memory: 
    N/A

    * FIFO: 
    N/A

    * Expression: 
    +-----------------+----------+----+---+----+------------+------------+
    |  Variable Name  | Operation| DSP| FF| LUT| Bitwidth P0| Bitwidth P1|
    +-----------------+----------+----+---+----+------------+------------+
    |ap_block_state1  |        or|   0|  0|   2|           1|           1|
    +-----------------+----------+----+---+----+------------+------------+
    |Total            |          |   0|  0|   2|           1|           1|
    +-----------------+----------+----+---+----+------------+------------+

    * Multiplexer: 
    +----------------+----+-----------+-----+-----------+
    |      Name      | LUT| Input Size| Bits| Total Bits|
    +----------------+----+-----------+-----+-----------+
    |ap_done         |   9|          2|    1|          2|
    |bias_c_blk_n    |   9|          2|    1|          2|
    |dst_c_blk_n     |   9|          2|    1|          2|
    |factor_c_blk_n  |   9|          2|    1|          2|
    |real_start      |   9|          2|    1|          2|
    +----------------+----+-----------+-----+-----------+
    |Total           |  45|         10|    5|         10|
    +----------------+----+-----------+-----+-----------+

    * Register: 
    +----------------+---+----+-----+-----------+
    |      Name      | FF| LUT| Bits| Const Bits|
    +----------------+---+----+-----+-----------+
    |ap_CS_fsm       |  1|   0|    1|          0|
    |ap_done_reg     |  1|   0|    1|          0|
    |start_once_reg  |  1|   0|    1|          0|
    +----------------+---+----+-----+-----------+
    |Total           |  3|   0|    3|          0|
    +----------------+---+----+-----+-----------+



================================================================
== Interface
================================================================
* Summary: 
+-----------------+-----+-----+------------+--------------+--------------+
|    RTL Ports    | Dir | Bits|  Protocol  | Source Object|    C Type    |
+-----------------+-----+-----+------------+--------------+--------------+
|ap_clk           |   in|    1|  ap_ctrl_hs|    entry_proc|  return value|
|ap_rst           |   in|    1|  ap_ctrl_hs|    entry_proc|  return value|
|ap_start         |   in|    1|  ap_ctrl_hs|    entry_proc|  return value|
|start_full_n     |   in|    1|  ap_ctrl_hs|    entry_proc|  return value|
|ap_done          |  out|    1|  ap_ctrl_hs|    entry_proc|  return value|
|ap_continue      |   in|    1|  ap_ctrl_hs|    entry_proc|  return value|
|ap_idle          |  out|    1|  ap_ctrl_hs|    entry_proc|  return value|
|ap_ready         |  out|    1|  ap_ctrl_hs|    entry_proc|  return value|
|start_out        |  out|    1|  ap_ctrl_hs|    entry_proc|  return value|
|start_write      |  out|    1|  ap_ctrl_hs|    entry_proc|  return value|
|factor           |   in|   32|     ap_none|        factor|        scalar|
|factor_c_din     |  out|   32|     ap_fifo|      factor_c|       pointer|
|factor_c_full_n  |   in|    1|     ap_fifo|      factor_c|       pointer|
|factor_c_write   |  out|    1|     ap_fifo|      factor_c|       pointer|
|bias             |   in|   16|     ap_none|          bias|        scalar|
|bias_c_din       |  out|   16|     ap_fifo|        bias_c|       pointer|
|bias_c_full_n    |   in|    1|     ap_fifo|        bias_c|       pointer|
|bias_c_write     |  out|    1|     ap_fifo|        bias_c|       pointer|
|dst              |   in|   64|     ap_none|           dst|        scalar|
|dst_c_din        |  out|   64|     ap_fifo|         dst_c|       pointer|
|dst_c_full_n     |   in|    1|     ap_fifo|         dst_c|       pointer|
|dst_c_write      |  out|    1|     ap_fifo|         dst_c|       pointer|
+-----------------+-----+-----+------------+--------------+--------------+

