

================================================================
== Vitis HLS Report for 'Filter2D_Pipeline_load_coefs_VITIS_LOOP_158_1'
================================================================
* Date:           Tue Mar 29 06:54:36 2022

* Version:        2021.2 (Build 3367213 on Tue Oct 19 02:47:39 MDT 2021)
* Project:        conv_filter_prj
* Solution:       solution (Vitis Kernel Flow Target)
* Product family: virtexuplus
* Target device:  xcu200-fsgd2104-2-e


================================================================
== Performance Estimates
================================================================
+ Timing: 
    * Summary: 
    +--------+---------+----------+------------+
    |  Clock |  Target | Estimated| Uncertainty|
    +--------+---------+----------+------------+
    |ap_clk  |  3.33 ns|  2.102 ns|     0.90 ns|
    +--------+---------+----------+------------+

+ Latency: 
    * Summary: 
    +---------+---------+----------+----------+-----+-----+---------+
    |  Latency (cycles) |  Latency (absolute) |  Interval | Pipeline|
    |   min   |   max   |    min   |    max   | min | max |   Type  |
    +---------+---------+----------+----------+-----+-----+---------+
    |      227|      227|  0.757 us|  0.757 us|  227|  227|       no|
    +---------+---------+----------+----------+-----+-----+---------+

    + Detail: 
        * Instance: 
        N/A

        * Loop: 
        +-------------------------------+---------+---------+----------+-----------+-----------+------+----------+
        |                               |  Latency (cycles) | Iteration|  Initiation Interval  | Trip |          |
        |           Loop Name           |   min   |   max   |  Latency |  achieved |   target  | Count| Pipelined|
        +-------------------------------+---------+---------+----------+-----------+-----------+------+----------+
        |- load_coefs_VITIS_LOOP_158_1  |      225|      225|         2|          1|          1|   225|       yes|
        +-------------------------------+---------+---------+----------+-----------+-----------+------+----------+



================================================================
== Utilization Estimates
================================================================
* Summary: 
+---------------------+---------+------+---------+---------+-----+
|         Name        | BRAM_18K|  DSP |    FF   |   LUT   | URAM|
+---------------------+---------+------+---------+---------+-----+
|DSP                  |        -|     -|        -|        -|    -|
|Expression           |        -|     -|        0|       71|    -|
|FIFO                 |        -|     -|        -|        -|    -|
|Instance             |        -|     -|        -|        -|    -|
|Memory               |        -|     -|        -|        -|    -|
|Multiplexer          |        -|     -|        -|       81|    -|
|Register             |        -|     -|     1827|        -|    -|
+---------------------+---------+------+---------+---------+-----+
|Total                |        0|     0|     1827|      152|    0|
+---------------------+---------+------+---------+---------+-----+
|Available SLR        |     1440|  2280|   788160|   394080|  320|
+---------------------+---------+------+---------+---------+-----+
|Utilization SLR (%)  |        0|     0|       ~0|       ~0|    0|
+---------------------+---------+------+---------+---------+-----+
|Available            |     4320|  6840|  2364480|  1182240|  960|
+---------------------+---------+------+---------+---------+-----+
|Utilization (%)      |        0|     0|       ~0|       ~0|    0|
+---------------------+---------+------+---------+---------+-----+

+ Detail: 
    * Instance: 
    N/A

    * DSP: 
    N/A

    * Memory: 
    N/A

    * FIFO: 
    N/A

    * Expression: 
    +---------------------------+----------+----+---+----+------------+------------+
    |       Variable Name       | Operation| DSP| FF| LUT| Bitwidth P0| Bitwidth P1|
    +---------------------------+----------+----+---+----+------------+------------+
    |add_ln157_1_fu_3057_p2     |         +|   0|  0|  12|           4|           1|
    |add_ln157_fu_3031_p2       |         +|   0|  0|  15|           8|           1|
    |add_ln158_fu_3071_p2       |         +|   0|  0|  12|           4|           1|
    |ap_block_pp0_stage0_01001  |       and|   0|  0|   2|           1|           1|
    |icmp_ln157_fu_3025_p2      |      icmp|   0|  0|  11|           8|           6|
    |icmp_ln158_fu_3043_p2      |      icmp|   0|  0|   9|           4|           2|
    |select_ln157_1_fu_3063_p3  |    select|   0|  0|   4|           1|           4|
    |select_ln157_fu_3049_p3    |    select|   0|  0|   4|           1|           1|
    |ap_enable_pp0              |       xor|   0|  0|   2|           1|           2|
    +---------------------------+----------+----+---+----+------------+------------+
    |Total                      |          |   0|  0|  71|          32|          19|
    +---------------------------+----------+----+---+----+------------+------------+

    * Multiplexer: 
    +--------------------------------------+----+-----------+-----+-----------+
    |                 Name                 | LUT| Input Size| Bits| Total Bits|
    +--------------------------------------+----+-----------+-----+-----------+
    |ap_done_int                           |   9|          2|    1|          2|
    |ap_enable_reg_pp0_iter1               |   9|          2|    1|          2|
    |ap_sig_allocacmp_i_load               |   9|          2|    4|          8|
    |ap_sig_allocacmp_indvar_flatten_load  |   9|          2|    8|         16|
    |ap_sig_allocacmp_j_load               |   9|          2|    4|          8|
    |coefs_stream19_blk_n                  |   9|          2|    1|          2|
    |i_fu_518                              |   9|          2|    4|          8|
    |indvar_flatten_fu_522                 |   9|          2|    8|         16|
    |j_fu_514                              |   9|          2|    4|          8|
    +--------------------------------------+----+-----------+-----+-----------+
    |Total                                 |  81|         18|   35|         70|
    +--------------------------------------+----+-----------+-----+-----------+

    * Register: 
    +-------------------------+----+----+-----+-----------+
    |           Name          | FF | LUT| Bits| Const Bits|
    +-------------------------+----+----+-----+-----------+
    |ap_CS_fsm                |   1|   0|    1|          0|
    |ap_done_reg              |   1|   0|    1|          0|
    |ap_enable_reg_pp0_iter1  |   1|   0|    1|          0|
    |i_fu_518                 |   4|   0|    4|          0|
    |indvar_flatten_fu_522    |   8|   0|    8|          0|
    |j_fu_514                 |   4|   0|    4|          0|
    |select_ln157_1_reg_6495  |   4|   0|    4|          0|
    |select_ln157_reg_6491    |   4|   0|    4|          0|
    |tmp_100_fu_926           |   8|   0|    8|          0|
    |tmp_101_fu_930           |   8|   0|    8|          0|
    |tmp_102_fu_934           |   8|   0|    8|          0|
    |tmp_103_fu_938           |   8|   0|    8|          0|
    |tmp_104_fu_942           |   8|   0|    8|          0|
    |tmp_105_fu_946           |   8|   0|    8|          0|
    |tmp_106_fu_950           |   8|   0|    8|          0|
    |tmp_107_fu_954           |   8|   0|    8|          0|
    |tmp_108_fu_958           |   8|   0|    8|          0|
    |tmp_109_fu_962           |   8|   0|    8|          0|
    |tmp_10_fu_566            |   8|   0|    8|          0|
    |tmp_110_fu_966           |   8|   0|    8|          0|
    |tmp_111_fu_970           |   8|   0|    8|          0|
    |tmp_112_fu_974           |   8|   0|    8|          0|
    |tmp_113_fu_978           |   8|   0|    8|          0|
    |tmp_114_fu_982           |   8|   0|    8|          0|
    |tmp_115_fu_986           |   8|   0|    8|          0|
    |tmp_116_fu_990           |   8|   0|    8|          0|
    |tmp_117_fu_994           |   8|   0|    8|          0|
    |tmp_118_fu_998           |   8|   0|    8|          0|
    |tmp_119_fu_1002          |   8|   0|    8|          0|
    |tmp_11_fu_570            |   8|   0|    8|          0|
    |tmp_120_fu_1006          |   8|   0|    8|          0|
    |tmp_121_fu_1010          |   8|   0|    8|          0|
    |tmp_122_fu_1014          |   8|   0|    8|          0|
    |tmp_123_fu_1018          |   8|   0|    8|          0|
    |tmp_124_fu_1022          |   8|   0|    8|          0|
    |tmp_125_fu_1026          |   8|   0|    8|          0|
    |tmp_126_fu_1030          |   8|   0|    8|          0|
    |tmp_127_fu_1034          |   8|   0|    8|          0|
    |tmp_128_fu_1038          |   8|   0|    8|          0|
    |tmp_129_fu_1042          |   8|   0|    8|          0|
    |tmp_12_fu_574            |   8|   0|    8|          0|
    |tmp_130_fu_1046          |   8|   0|    8|          0|
    |tmp_131_fu_1050          |   8|   0|    8|          0|
    |tmp_132_fu_1054          |   8|   0|    8|          0|
    |tmp_133_fu_1058          |   8|   0|    8|          0|
    |tmp_134_fu_1062          |   8|   0|    8|          0|
    |tmp_135_fu_1066          |   8|   0|    8|          0|
    |tmp_136_fu_1070          |   8|   0|    8|          0|
    |tmp_137_fu_1074          |   8|   0|    8|          0|
    |tmp_138_fu_1078          |   8|   0|    8|          0|
    |tmp_139_fu_1082          |   8|   0|    8|          0|
    |tmp_13_fu_578            |   8|   0|    8|          0|
    |tmp_140_fu_1086          |   8|   0|    8|          0|
    |tmp_141_fu_1090          |   8|   0|    8|          0|
    |tmp_142_fu_1094          |   8|   0|    8|          0|
    |tmp_143_fu_1098          |   8|   0|    8|          0|
    |tmp_144_fu_1102          |   8|   0|    8|          0|
    |tmp_145_fu_1106          |   8|   0|    8|          0|
    |tmp_146_fu_1110          |   8|   0|    8|          0|
    |tmp_147_fu_1114          |   8|   0|    8|          0|
    |tmp_148_fu_1118          |   8|   0|    8|          0|
    |tmp_149_fu_1122          |   8|   0|    8|          0|
    |tmp_14_fu_582            |   8|   0|    8|          0|
    |tmp_150_fu_1126          |   8|   0|    8|          0|
    |tmp_151_fu_1130          |   8|   0|    8|          0|
    |tmp_152_fu_1134          |   8|   0|    8|          0|
    |tmp_153_fu_1138          |   8|   0|    8|          0|
    |tmp_154_fu_1142          |   8|   0|    8|          0|
    |tmp_155_fu_1146          |   8|   0|    8|          0|
    |tmp_156_fu_1150          |   8|   0|    8|          0|
    |tmp_157_fu_1154          |   8|   0|    8|          0|
    |tmp_158_fu_1158          |   8|   0|    8|          0|
    |tmp_159_fu_1162          |   8|   0|    8|          0|
    |tmp_15_fu_586            |   8|   0|    8|          0|
    |tmp_160_fu_1166          |   8|   0|    8|          0|
    |tmp_161_fu_1170          |   8|   0|    8|          0|
    |tmp_162_fu_1174          |   8|   0|    8|          0|
    |tmp_163_fu_1178          |   8|   0|    8|          0|
    |tmp_164_fu_1182          |   8|   0|    8|          0|
    |tmp_165_fu_1186          |   8|   0|    8|          0|
    |tmp_166_fu_1190          |   8|   0|    8|          0|
    |tmp_167_fu_1194          |   8|   0|    8|          0|
    |tmp_168_fu_1198          |   8|   0|    8|          0|
    |tmp_169_fu_1202          |   8|   0|    8|          0|
    |tmp_16_fu_590            |   8|   0|    8|          0|
    |tmp_170_fu_1206          |   8|   0|    8|          0|
    |tmp_171_fu_1210          |   8|   0|    8|          0|
    |tmp_172_fu_1214          |   8|   0|    8|          0|
    |tmp_173_fu_1218          |   8|   0|    8|          0|
    |tmp_174_fu_1222          |   8|   0|    8|          0|
    |tmp_175_fu_1226          |   8|   0|    8|          0|
    |tmp_176_fu_1230          |   8|   0|    8|          0|
    |tmp_177_fu_1234          |   8|   0|    8|          0|
    |tmp_178_fu_1238          |   8|   0|    8|          0|
    |tmp_179_fu_1242          |   8|   0|    8|          0|
    |tmp_17_fu_594            |   8|   0|    8|          0|
    |tmp_180_fu_1246          |   8|   0|    8|          0|
    |tmp_181_fu_1250          |   8|   0|    8|          0|
    |tmp_182_fu_1254          |   8|   0|    8|          0|
    |tmp_183_fu_1258          |   8|   0|    8|          0|
    |tmp_184_fu_1262          |   8|   0|    8|          0|
    |tmp_185_fu_1266          |   8|   0|    8|          0|
    |tmp_186_fu_1270          |   8|   0|    8|          0|
    |tmp_187_fu_1274          |   8|   0|    8|          0|
    |tmp_188_fu_1278          |   8|   0|    8|          0|
    |tmp_189_fu_1282          |   8|   0|    8|          0|
    |tmp_18_fu_598            |   8|   0|    8|          0|
    |tmp_190_fu_1286          |   8|   0|    8|          0|
    |tmp_191_fu_1290          |   8|   0|    8|          0|
    |tmp_192_fu_1294          |   8|   0|    8|          0|
    |tmp_193_fu_1298          |   8|   0|    8|          0|
    |tmp_194_fu_1302          |   8|   0|    8|          0|
    |tmp_195_fu_1306          |   8|   0|    8|          0|
    |tmp_196_fu_1310          |   8|   0|    8|          0|
    |tmp_197_fu_1314          |   8|   0|    8|          0|
    |tmp_198_fu_1318          |   8|   0|    8|          0|
    |tmp_199_fu_1322          |   8|   0|    8|          0|
    |tmp_19_fu_602            |   8|   0|    8|          0|
    |tmp_1_fu_530             |   8|   0|    8|          0|
    |tmp_200_fu_1326          |   8|   0|    8|          0|
    |tmp_201_fu_1330          |   8|   0|    8|          0|
    |tmp_202_fu_1334          |   8|   0|    8|          0|
    |tmp_203_fu_1338          |   8|   0|    8|          0|
    |tmp_204_fu_1342          |   8|   0|    8|          0|
    |tmp_205_fu_1346          |   8|   0|    8|          0|
    |tmp_206_fu_1350          |   8|   0|    8|          0|
    |tmp_207_fu_1354          |   8|   0|    8|          0|
    |tmp_208_fu_1358          |   8|   0|    8|          0|
    |tmp_209_fu_1362          |   8|   0|    8|          0|
    |tmp_20_fu_606            |   8|   0|    8|          0|
    |tmp_210_fu_1366          |   8|   0|    8|          0|
    |tmp_211_fu_1370          |   8|   0|    8|          0|
    |tmp_212_fu_1374          |   8|   0|    8|          0|
    |tmp_213_fu_1378          |   8|   0|    8|          0|
    |tmp_214_fu_1382          |   8|   0|    8|          0|
    |tmp_215_fu_1386          |   8|   0|    8|          0|
    |tmp_216_fu_1390          |   8|   0|    8|          0|
    |tmp_217_fu_1394          |   8|   0|    8|          0|
    |tmp_218_fu_1398          |   8|   0|    8|          0|
    |tmp_219_fu_1402          |   8|   0|    8|          0|
    |tmp_21_fu_610            |   8|   0|    8|          0|
    |tmp_220_fu_1406          |   8|   0|    8|          0|
    |tmp_221_fu_1410          |   8|   0|    8|          0|
    |tmp_222_fu_1414          |   8|   0|    8|          0|
    |tmp_223_fu_1418          |   8|   0|    8|          0|
    |tmp_224_fu_1422          |   8|   0|    8|          0|
    |tmp_22_fu_614            |   8|   0|    8|          0|
    |tmp_23_fu_618            |   8|   0|    8|          0|
    |tmp_24_fu_622            |   8|   0|    8|          0|
    |tmp_25_fu_626            |   8|   0|    8|          0|
    |tmp_26_fu_630            |   8|   0|    8|          0|
    |tmp_27_fu_634            |   8|   0|    8|          0|
    |tmp_28_fu_638            |   8|   0|    8|          0|
    |tmp_29_fu_642            |   8|   0|    8|          0|
    |tmp_2_fu_534             |   8|   0|    8|          0|
    |tmp_30_fu_646            |   8|   0|    8|          0|
    |tmp_31_fu_650            |   8|   0|    8|          0|
    |tmp_32_fu_654            |   8|   0|    8|          0|
    |tmp_33_fu_658            |   8|   0|    8|          0|
    |tmp_34_fu_662            |   8|   0|    8|          0|
    |tmp_35_fu_666            |   8|   0|    8|          0|
    |tmp_36_fu_670            |   8|   0|    8|          0|
    |tmp_37_fu_674            |   8|   0|    8|          0|
    |tmp_38_fu_678            |   8|   0|    8|          0|
    |tmp_39_fu_682            |   8|   0|    8|          0|
    |tmp_3_fu_538             |   8|   0|    8|          0|
    |tmp_40_fu_686            |   8|   0|    8|          0|
    |tmp_41_fu_690            |   8|   0|    8|          0|
    |tmp_42_fu_694            |   8|   0|    8|          0|
    |tmp_43_fu_698            |   8|   0|    8|          0|
    |tmp_44_fu_702            |   8|   0|    8|          0|
    |tmp_45_fu_706            |   8|   0|    8|          0|
    |tmp_46_fu_710            |   8|   0|    8|          0|
    |tmp_47_fu_714            |   8|   0|    8|          0|
    |tmp_48_fu_718            |   8|   0|    8|          0|
    |tmp_49_fu_722            |   8|   0|    8|          0|
    |tmp_4_fu_542             |   8|   0|    8|          0|
    |tmp_50_fu_726            |   8|   0|    8|          0|
    |tmp_51_fu_730            |   8|   0|    8|          0|
    |tmp_52_fu_734            |   8|   0|    8|          0|
    |tmp_53_fu_738            |   8|   0|    8|          0|
    |tmp_54_fu_742            |   8|   0|    8|          0|
    |tmp_55_fu_746            |   8|   0|    8|          0|
    |tmp_56_fu_750            |   8|   0|    8|          0|
    |tmp_57_fu_754            |   8|   0|    8|          0|
    |tmp_58_fu_758            |   8|   0|    8|          0|
    |tmp_59_fu_762            |   8|   0|    8|          0|
    |tmp_5_fu_546             |   8|   0|    8|          0|
    |tmp_60_fu_766            |   8|   0|    8|          0|
    |tmp_61_fu_770            |   8|   0|    8|          0|
    |tmp_62_fu_774            |   8|   0|    8|          0|
    |tmp_63_fu_778            |   8|   0|    8|          0|
    |tmp_64_fu_782            |   8|   0|    8|          0|
    |tmp_65_fu_786            |   8|   0|    8|          0|
    |tmp_66_fu_790            |   8|   0|    8|          0|
    |tmp_67_fu_794            |   8|   0|    8|          0|
    |tmp_68_fu_798            |   8|   0|    8|          0|
    |tmp_69_fu_802            |   8|   0|    8|          0|
    |tmp_6_fu_550             |   8|   0|    8|          0|
    |tmp_70_fu_806            |   8|   0|    8|          0|
    |tmp_71_fu_810            |   8|   0|    8|          0|
    |tmp_72_fu_814            |   8|   0|    8|          0|
    |tmp_73_fu_818            |   8|   0|    8|          0|
    |tmp_74_fu_822            |   8|   0|    8|          0|
    |tmp_75_fu_826            |   8|   0|    8|          0|
    |tmp_76_fu_830            |   8|   0|    8|          0|
    |tmp_77_fu_834            |   8|   0|    8|          0|
    |tmp_78_fu_838            |   8|   0|    8|          0|
    |tmp_79_fu_842            |   8|   0|    8|          0|
    |tmp_7_fu_554             |   8|   0|    8|          0|
    |tmp_80_fu_846            |   8|   0|    8|          0|
    |tmp_81_fu_850            |   8|   0|    8|          0|
    |tmp_82_fu_854            |   8|   0|    8|          0|
    |tmp_83_fu_858            |   8|   0|    8|          0|
    |tmp_84_fu_862            |   8|   0|    8|          0|
    |tmp_85_fu_866            |   8|   0|    8|          0|
    |tmp_86_fu_870            |   8|   0|    8|          0|
    |tmp_87_fu_874            |   8|   0|    8|          0|
    |tmp_88_fu_878            |   8|   0|    8|          0|
    |tmp_89_fu_882            |   8|   0|    8|          0|
    |tmp_8_fu_558             |   8|   0|    8|          0|
    |tmp_90_fu_886            |   8|   0|    8|          0|
    |tmp_91_fu_890            |   8|   0|    8|          0|
    |tmp_92_fu_894            |   8|   0|    8|          0|
    |tmp_93_fu_898            |   8|   0|    8|          0|
    |tmp_94_fu_902            |   8|   0|    8|          0|
    |tmp_95_fu_906            |   8|   0|    8|          0|
    |tmp_96_fu_910            |   8|   0|    8|          0|
    |tmp_97_fu_914            |   8|   0|    8|          0|
    |tmp_98_fu_918            |   8|   0|    8|          0|
    |tmp_99_fu_922            |   8|   0|    8|          0|
    |tmp_9_fu_562             |   8|   0|    8|          0|
    |tmp_fu_526               |   8|   0|    8|          0|
    +-------------------------+----+----+-----+-----------+
    |Total                    |1827|   0| 1827|          0|
    +-------------------------+----+----+-----+-----------+



================================================================
== Interface
================================================================
* Summary: 
+------------------------+-----+-----+------------+-----------------------------------------------+--------------+
|        RTL Ports       | Dir | Bits|  Protocol  |                 Source Object                 |    C Type    |
+------------------------+-----+-----+------------+-----------------------------------------------+--------------+
|ap_clk                  |   in|    1|  ap_ctrl_hs|  Filter2D_Pipeline_load_coefs_VITIS_LOOP_158_1|  return value|
|ap_rst                  |   in|    1|  ap_ctrl_hs|  Filter2D_Pipeline_load_coefs_VITIS_LOOP_158_1|  return value|
|ap_start                |   in|    1|  ap_ctrl_hs|  Filter2D_Pipeline_load_coefs_VITIS_LOOP_158_1|  return value|
|ap_done                 |  out|    1|  ap_ctrl_hs|  Filter2D_Pipeline_load_coefs_VITIS_LOOP_158_1|  return value|
|ap_idle                 |  out|    1|  ap_ctrl_hs|  Filter2D_Pipeline_load_coefs_VITIS_LOOP_158_1|  return value|
|ap_ready                |  out|    1|  ap_ctrl_hs|  Filter2D_Pipeline_load_coefs_VITIS_LOOP_158_1|  return value|
|coefs_stream19_dout     |   in|    8|     ap_fifo|                                 coefs_stream19|       pointer|
|coefs_stream19_empty_n  |   in|    1|     ap_fifo|                                 coefs_stream19|       pointer|
|coefs_stream19_read     |  out|    1|     ap_fifo|                                 coefs_stream19|       pointer|
|p_out                   |  out|    8|      ap_vld|                                          p_out|       pointer|
|p_out_ap_vld            |  out|    1|      ap_vld|                                          p_out|       pointer|
|p_out1                  |  out|    8|      ap_vld|                                         p_out1|       pointer|
|p_out1_ap_vld           |  out|    1|      ap_vld|                                         p_out1|       pointer|
|p_out2                  |  out|    8|      ap_vld|                                         p_out2|       pointer|
|p_out2_ap_vld           |  out|    1|      ap_vld|                                         p_out2|       pointer|
|p_out3                  |  out|    8|      ap_vld|                                         p_out3|       pointer|
|p_out3_ap_vld           |  out|    1|      ap_vld|                                         p_out3|       pointer|
|p_out4                  |  out|    8|      ap_vld|                                         p_out4|       pointer|
|p_out4_ap_vld           |  out|    1|      ap_vld|                                         p_out4|       pointer|
|p_out5                  |  out|    8|      ap_vld|                                         p_out5|       pointer|
|p_out5_ap_vld           |  out|    1|      ap_vld|                                         p_out5|       pointer|
|p_out6                  |  out|    8|      ap_vld|                                         p_out6|       pointer|
|p_out6_ap_vld           |  out|    1|      ap_vld|                                         p_out6|       pointer|
|p_out7                  |  out|    8|      ap_vld|                                         p_out7|       pointer|
|p_out7_ap_vld           |  out|    1|      ap_vld|                                         p_out7|       pointer|
|p_out8                  |  out|    8|      ap_vld|                                         p_out8|       pointer|
|p_out8_ap_vld           |  out|    1|      ap_vld|                                         p_out8|       pointer|
|p_out9                  |  out|    8|      ap_vld|                                         p_out9|       pointer|
|p_out9_ap_vld           |  out|    1|      ap_vld|                                         p_out9|       pointer|
|p_out10                 |  out|    8|      ap_vld|                                        p_out10|       pointer|
|p_out10_ap_vld          |  out|    1|      ap_vld|                                        p_out10|       pointer|
|p_out11                 |  out|    8|      ap_vld|                                        p_out11|       pointer|
|p_out11_ap_vld          |  out|    1|      ap_vld|                                        p_out11|       pointer|
|p_out12                 |  out|    8|      ap_vld|                                        p_out12|       pointer|
|p_out12_ap_vld          |  out|    1|      ap_vld|                                        p_out12|       pointer|
|p_out13                 |  out|    8|      ap_vld|                                        p_out13|       pointer|
|p_out13_ap_vld          |  out|    1|      ap_vld|                                        p_out13|       pointer|
|p_out14                 |  out|    8|      ap_vld|                                        p_out14|       pointer|
|p_out14_ap_vld          |  out|    1|      ap_vld|                                        p_out14|       pointer|
|p_out15                 |  out|    8|      ap_vld|                                        p_out15|       pointer|
|p_out15_ap_vld          |  out|    1|      ap_vld|                                        p_out15|       pointer|
|p_out16                 |  out|    8|      ap_vld|                                        p_out16|       pointer|
|p_out16_ap_vld          |  out|    1|      ap_vld|                                        p_out16|       pointer|
|p_out17                 |  out|    8|      ap_vld|                                        p_out17|       pointer|
|p_out17_ap_vld          |  out|    1|      ap_vld|                                        p_out17|       pointer|
|p_out18                 |  out|    8|      ap_vld|                                        p_out18|       pointer|
|p_out18_ap_vld          |  out|    1|      ap_vld|                                        p_out18|       pointer|
|p_out19                 |  out|    8|      ap_vld|                                        p_out19|       pointer|
|p_out19_ap_vld          |  out|    1|      ap_vld|                                        p_out19|       pointer|
|p_out20                 |  out|    8|      ap_vld|                                        p_out20|       pointer|
|p_out20_ap_vld          |  out|    1|      ap_vld|                                        p_out20|       pointer|
|p_out21                 |  out|    8|      ap_vld|                                        p_out21|       pointer|
|p_out21_ap_vld          |  out|    1|      ap_vld|                                        p_out21|       pointer|
|p_out22                 |  out|    8|      ap_vld|                                        p_out22|       pointer|
|p_out22_ap_vld          |  out|    1|      ap_vld|                                        p_out22|       pointer|
|p_out23                 |  out|    8|      ap_vld|                                        p_out23|       pointer|
|p_out23_ap_vld          |  out|    1|      ap_vld|                                        p_out23|       pointer|
|p_out24                 |  out|    8|      ap_vld|                                        p_out24|       pointer|
|p_out24_ap_vld          |  out|    1|      ap_vld|                                        p_out24|       pointer|
|p_out25                 |  out|    8|      ap_vld|                                        p_out25|       pointer|
|p_out25_ap_vld          |  out|    1|      ap_vld|                                        p_out25|       pointer|
|p_out26                 |  out|    8|      ap_vld|                                        p_out26|       pointer|
|p_out26_ap_vld          |  out|    1|      ap_vld|                                        p_out26|       pointer|
|p_out27                 |  out|    8|      ap_vld|                                        p_out27|       pointer|
|p_out27_ap_vld          |  out|    1|      ap_vld|                                        p_out27|       pointer|
|p_out28                 |  out|    8|      ap_vld|                                        p_out28|       pointer|
|p_out28_ap_vld          |  out|    1|      ap_vld|                                        p_out28|       pointer|
|p_out29                 |  out|    8|      ap_vld|                                        p_out29|       pointer|
|p_out29_ap_vld          |  out|    1|      ap_vld|                                        p_out29|       pointer|
|p_out30                 |  out|    8|      ap_vld|                                        p_out30|       pointer|
|p_out30_ap_vld          |  out|    1|      ap_vld|                                        p_out30|       pointer|
|p_out31                 |  out|    8|      ap_vld|                                        p_out31|       pointer|
|p_out31_ap_vld          |  out|    1|      ap_vld|                                        p_out31|       pointer|
|p_out32                 |  out|    8|      ap_vld|                                        p_out32|       pointer|
|p_out32_ap_vld          |  out|    1|      ap_vld|                                        p_out32|       pointer|
|p_out33                 |  out|    8|      ap_vld|                                        p_out33|       pointer|
|p_out33_ap_vld          |  out|    1|      ap_vld|                                        p_out33|       pointer|
|p_out34                 |  out|    8|      ap_vld|                                        p_out34|       pointer|
|p_out34_ap_vld          |  out|    1|      ap_vld|                                        p_out34|       pointer|
|p_out35                 |  out|    8|      ap_vld|                                        p_out35|       pointer|
|p_out35_ap_vld          |  out|    1|      ap_vld|                                        p_out35|       pointer|
|p_out36                 |  out|    8|      ap_vld|                                        p_out36|       pointer|
|p_out36_ap_vld          |  out|    1|      ap_vld|                                        p_out36|       pointer|
|p_out37                 |  out|    8|      ap_vld|                                        p_out37|       pointer|
|p_out37_ap_vld          |  out|    1|      ap_vld|                                        p_out37|       pointer|
|p_out38                 |  out|    8|      ap_vld|                                        p_out38|       pointer|
|p_out38_ap_vld          |  out|    1|      ap_vld|                                        p_out38|       pointer|
|p_out39                 |  out|    8|      ap_vld|                                        p_out39|       pointer|
|p_out39_ap_vld          |  out|    1|      ap_vld|                                        p_out39|       pointer|
|p_out40                 |  out|    8|      ap_vld|                                        p_out40|       pointer|
|p_out40_ap_vld          |  out|    1|      ap_vld|                                        p_out40|       pointer|
|p_out41                 |  out|    8|      ap_vld|                                        p_out41|       pointer|
|p_out41_ap_vld          |  out|    1|      ap_vld|                                        p_out41|       pointer|
|p_out42                 |  out|    8|      ap_vld|                                        p_out42|       pointer|
|p_out42_ap_vld          |  out|    1|      ap_vld|                                        p_out42|       pointer|
|p_out43                 |  out|    8|      ap_vld|                                        p_out43|       pointer|
|p_out43_ap_vld          |  out|    1|      ap_vld|                                        p_out43|       pointer|
|p_out44                 |  out|    8|      ap_vld|                                        p_out44|       pointer|
|p_out44_ap_vld          |  out|    1|      ap_vld|                                        p_out44|       pointer|
|p_out45                 |  out|    8|      ap_vld|                                        p_out45|       pointer|
|p_out45_ap_vld          |  out|    1|      ap_vld|                                        p_out45|       pointer|
|p_out46                 |  out|    8|      ap_vld|                                        p_out46|       pointer|
|p_out46_ap_vld          |  out|    1|      ap_vld|                                        p_out46|       pointer|
|p_out47                 |  out|    8|      ap_vld|                                        p_out47|       pointer|
|p_out47_ap_vld          |  out|    1|      ap_vld|                                        p_out47|       pointer|
|p_out48                 |  out|    8|      ap_vld|                                        p_out48|       pointer|
|p_out48_ap_vld          |  out|    1|      ap_vld|                                        p_out48|       pointer|
|p_out49                 |  out|    8|      ap_vld|                                        p_out49|       pointer|
|p_out49_ap_vld          |  out|    1|      ap_vld|                                        p_out49|       pointer|
|p_out50                 |  out|    8|      ap_vld|                                        p_out50|       pointer|
|p_out50_ap_vld          |  out|    1|      ap_vld|                                        p_out50|       pointer|
|p_out51                 |  out|    8|      ap_vld|                                        p_out51|       pointer|
|p_out51_ap_vld          |  out|    1|      ap_vld|                                        p_out51|       pointer|
|p_out52                 |  out|    8|      ap_vld|                                        p_out52|       pointer|
|p_out52_ap_vld          |  out|    1|      ap_vld|                                        p_out52|       pointer|
|p_out53                 |  out|    8|      ap_vld|                                        p_out53|       pointer|
|p_out53_ap_vld          |  out|    1|      ap_vld|                                        p_out53|       pointer|
|p_out54                 |  out|    8|      ap_vld|                                        p_out54|       pointer|
|p_out54_ap_vld          |  out|    1|      ap_vld|                                        p_out54|       pointer|
|p_out55                 |  out|    8|      ap_vld|                                        p_out55|       pointer|
|p_out55_ap_vld          |  out|    1|      ap_vld|                                        p_out55|       pointer|
|p_out56                 |  out|    8|      ap_vld|                                        p_out56|       pointer|
|p_out56_ap_vld          |  out|    1|      ap_vld|                                        p_out56|       pointer|
|p_out57                 |  out|    8|      ap_vld|                                        p_out57|       pointer|
|p_out57_ap_vld          |  out|    1|      ap_vld|                                        p_out57|       pointer|
|p_out58                 |  out|    8|      ap_vld|                                        p_out58|       pointer|
|p_out58_ap_vld          |  out|    1|      ap_vld|                                        p_out58|       pointer|
|p_out59                 |  out|    8|      ap_vld|                                        p_out59|       pointer|
|p_out59_ap_vld          |  out|    1|      ap_vld|                                        p_out59|       pointer|
|p_out60                 |  out|    8|      ap_vld|                                        p_out60|       pointer|
|p_out60_ap_vld          |  out|    1|      ap_vld|                                        p_out60|       pointer|
|p_out61                 |  out|    8|      ap_vld|                                        p_out61|       pointer|
|p_out61_ap_vld          |  out|    1|      ap_vld|                                        p_out61|       pointer|
|p_out62                 |  out|    8|      ap_vld|                                        p_out62|       pointer|
|p_out62_ap_vld          |  out|    1|      ap_vld|                                        p_out62|       pointer|
|p_out63                 |  out|    8|      ap_vld|                                        p_out63|       pointer|
|p_out63_ap_vld          |  out|    1|      ap_vld|                                        p_out63|       pointer|
|p_out64                 |  out|    8|      ap_vld|                                        p_out64|       pointer|
|p_out64_ap_vld          |  out|    1|      ap_vld|                                        p_out64|       pointer|
|p_out65                 |  out|    8|      ap_vld|                                        p_out65|       pointer|
|p_out65_ap_vld          |  out|    1|      ap_vld|                                        p_out65|       pointer|
|p_out66                 |  out|    8|      ap_vld|                                        p_out66|       pointer|
|p_out66_ap_vld          |  out|    1|      ap_vld|                                        p_out66|       pointer|
|p_out67                 |  out|    8|      ap_vld|                                        p_out67|       pointer|
|p_out67_ap_vld          |  out|    1|      ap_vld|                                        p_out67|       pointer|
|p_out68                 |  out|    8|      ap_vld|                                        p_out68|       pointer|
|p_out68_ap_vld          |  out|    1|      ap_vld|                                        p_out68|       pointer|
|p_out69                 |  out|    8|      ap_vld|                                        p_out69|       pointer|
|p_out69_ap_vld          |  out|    1|      ap_vld|                                        p_out69|       pointer|
|p_out70                 |  out|    8|      ap_vld|                                        p_out70|       pointer|
|p_out70_ap_vld          |  out|    1|      ap_vld|                                        p_out70|       pointer|
|p_out71                 |  out|    8|      ap_vld|                                        p_out71|       pointer|
|p_out71_ap_vld          |  out|    1|      ap_vld|                                        p_out71|       pointer|
|p_out72                 |  out|    8|      ap_vld|                                        p_out72|       pointer|
|p_out72_ap_vld          |  out|    1|      ap_vld|                                        p_out72|       pointer|
|p_out73                 |  out|    8|      ap_vld|                                        p_out73|       pointer|
|p_out73_ap_vld          |  out|    1|      ap_vld|                                        p_out73|       pointer|
|p_out74                 |  out|    8|      ap_vld|                                        p_out74|       pointer|
|p_out74_ap_vld          |  out|    1|      ap_vld|                                        p_out74|       pointer|
|p_out75                 |  out|    8|      ap_vld|                                        p_out75|       pointer|
|p_out75_ap_vld          |  out|    1|      ap_vld|                                        p_out75|       pointer|
|p_out76                 |  out|    8|      ap_vld|                                        p_out76|       pointer|
|p_out76_ap_vld          |  out|    1|      ap_vld|                                        p_out76|       pointer|
|p_out77                 |  out|    8|      ap_vld|                                        p_out77|       pointer|
|p_out77_ap_vld          |  out|    1|      ap_vld|                                        p_out77|       pointer|
|p_out78                 |  out|    8|      ap_vld|                                        p_out78|       pointer|
|p_out78_ap_vld          |  out|    1|      ap_vld|                                        p_out78|       pointer|
|p_out79                 |  out|    8|      ap_vld|                                        p_out79|       pointer|
|p_out79_ap_vld          |  out|    1|      ap_vld|                                        p_out79|       pointer|
|p_out80                 |  out|    8|      ap_vld|                                        p_out80|       pointer|
|p_out80_ap_vld          |  out|    1|      ap_vld|                                        p_out80|       pointer|
|p_out81                 |  out|    8|      ap_vld|                                        p_out81|       pointer|
|p_out81_ap_vld          |  out|    1|      ap_vld|                                        p_out81|       pointer|
|p_out82                 |  out|    8|      ap_vld|                                        p_out82|       pointer|
|p_out82_ap_vld          |  out|    1|      ap_vld|                                        p_out82|       pointer|
|p_out83                 |  out|    8|      ap_vld|                                        p_out83|       pointer|
|p_out83_ap_vld          |  out|    1|      ap_vld|                                        p_out83|       pointer|
|p_out84                 |  out|    8|      ap_vld|                                        p_out84|       pointer|
|p_out84_ap_vld          |  out|    1|      ap_vld|                                        p_out84|       pointer|
|p_out85                 |  out|    8|      ap_vld|                                        p_out85|       pointer|
|p_out85_ap_vld          |  out|    1|      ap_vld|                                        p_out85|       pointer|
|p_out86                 |  out|    8|      ap_vld|                                        p_out86|       pointer|
|p_out86_ap_vld          |  out|    1|      ap_vld|                                        p_out86|       pointer|
|p_out87                 |  out|    8|      ap_vld|                                        p_out87|       pointer|
|p_out87_ap_vld          |  out|    1|      ap_vld|                                        p_out87|       pointer|
|p_out88                 |  out|    8|      ap_vld|                                        p_out88|       pointer|
|p_out88_ap_vld          |  out|    1|      ap_vld|                                        p_out88|       pointer|
|p_out89                 |  out|    8|      ap_vld|                                        p_out89|       pointer|
|p_out89_ap_vld          |  out|    1|      ap_vld|                                        p_out89|       pointer|
|p_out90                 |  out|    8|      ap_vld|                                        p_out90|       pointer|
|p_out90_ap_vld          |  out|    1|      ap_vld|                                        p_out90|       pointer|
|p_out91                 |  out|    8|      ap_vld|                                        p_out91|       pointer|
|p_out91_ap_vld          |  out|    1|      ap_vld|                                        p_out91|       pointer|
|p_out92                 |  out|    8|      ap_vld|                                        p_out92|       pointer|
|p_out92_ap_vld          |  out|    1|      ap_vld|                                        p_out92|       pointer|
|p_out93                 |  out|    8|      ap_vld|                                        p_out93|       pointer|
|p_out93_ap_vld          |  out|    1|      ap_vld|                                        p_out93|       pointer|
|p_out94                 |  out|    8|      ap_vld|                                        p_out94|       pointer|
|p_out94_ap_vld          |  out|    1|      ap_vld|                                        p_out94|       pointer|
|p_out95                 |  out|    8|      ap_vld|                                        p_out95|       pointer|
|p_out95_ap_vld          |  out|    1|      ap_vld|                                        p_out95|       pointer|
|p_out96                 |  out|    8|      ap_vld|                                        p_out96|       pointer|
|p_out96_ap_vld          |  out|    1|      ap_vld|                                        p_out96|       pointer|
|p_out97                 |  out|    8|      ap_vld|                                        p_out97|       pointer|
|p_out97_ap_vld          |  out|    1|      ap_vld|                                        p_out97|       pointer|
|p_out98                 |  out|    8|      ap_vld|                                        p_out98|       pointer|
|p_out98_ap_vld          |  out|    1|      ap_vld|                                        p_out98|       pointer|
|p_out99                 |  out|    8|      ap_vld|                                        p_out99|       pointer|
|p_out99_ap_vld          |  out|    1|      ap_vld|                                        p_out99|       pointer|
|p_out100                |  out|    8|      ap_vld|                                       p_out100|       pointer|
|p_out100_ap_vld         |  out|    1|      ap_vld|                                       p_out100|       pointer|
|p_out101                |  out|    8|      ap_vld|                                       p_out101|       pointer|
|p_out101_ap_vld         |  out|    1|      ap_vld|                                       p_out101|       pointer|
|p_out102                |  out|    8|      ap_vld|                                       p_out102|       pointer|
|p_out102_ap_vld         |  out|    1|      ap_vld|                                       p_out102|       pointer|
|p_out103                |  out|    8|      ap_vld|                                       p_out103|       pointer|
|p_out103_ap_vld         |  out|    1|      ap_vld|                                       p_out103|       pointer|
|p_out104                |  out|    8|      ap_vld|                                       p_out104|       pointer|
|p_out104_ap_vld         |  out|    1|      ap_vld|                                       p_out104|       pointer|
|p_out105                |  out|    8|      ap_vld|                                       p_out105|       pointer|
|p_out105_ap_vld         |  out|    1|      ap_vld|                                       p_out105|       pointer|
|p_out106                |  out|    8|      ap_vld|                                       p_out106|       pointer|
|p_out106_ap_vld         |  out|    1|      ap_vld|                                       p_out106|       pointer|
|p_out107                |  out|    8|      ap_vld|                                       p_out107|       pointer|
|p_out107_ap_vld         |  out|    1|      ap_vld|                                       p_out107|       pointer|
|p_out108                |  out|    8|      ap_vld|                                       p_out108|       pointer|
|p_out108_ap_vld         |  out|    1|      ap_vld|                                       p_out108|       pointer|
|p_out109                |  out|    8|      ap_vld|                                       p_out109|       pointer|
|p_out109_ap_vld         |  out|    1|      ap_vld|                                       p_out109|       pointer|
|p_out110                |  out|    8|      ap_vld|                                       p_out110|       pointer|
|p_out110_ap_vld         |  out|    1|      ap_vld|                                       p_out110|       pointer|
|p_out111                |  out|    8|      ap_vld|                                       p_out111|       pointer|
|p_out111_ap_vld         |  out|    1|      ap_vld|                                       p_out111|       pointer|
|p_out112                |  out|    8|      ap_vld|                                       p_out112|       pointer|
|p_out112_ap_vld         |  out|    1|      ap_vld|                                       p_out112|       pointer|
|p_out113                |  out|    8|      ap_vld|                                       p_out113|       pointer|
|p_out113_ap_vld         |  out|    1|      ap_vld|                                       p_out113|       pointer|
|p_out114                |  out|    8|      ap_vld|                                       p_out114|       pointer|
|p_out114_ap_vld         |  out|    1|      ap_vld|                                       p_out114|       pointer|
|p_out115                |  out|    8|      ap_vld|                                       p_out115|       pointer|
|p_out115_ap_vld         |  out|    1|      ap_vld|                                       p_out115|       pointer|
|p_out116                |  out|    8|      ap_vld|                                       p_out116|       pointer|
|p_out116_ap_vld         |  out|    1|      ap_vld|                                       p_out116|       pointer|
|p_out117                |  out|    8|      ap_vld|                                       p_out117|       pointer|
|p_out117_ap_vld         |  out|    1|      ap_vld|                                       p_out117|       pointer|
|p_out118                |  out|    8|      ap_vld|                                       p_out118|       pointer|
|p_out118_ap_vld         |  out|    1|      ap_vld|                                       p_out118|       pointer|
|p_out119                |  out|    8|      ap_vld|                                       p_out119|       pointer|
|p_out119_ap_vld         |  out|    1|      ap_vld|                                       p_out119|       pointer|
|p_out120                |  out|    8|      ap_vld|                                       p_out120|       pointer|
|p_out120_ap_vld         |  out|    1|      ap_vld|                                       p_out120|       pointer|
|p_out121                |  out|    8|      ap_vld|                                       p_out121|       pointer|
|p_out121_ap_vld         |  out|    1|      ap_vld|                                       p_out121|       pointer|
|p_out122                |  out|    8|      ap_vld|                                       p_out122|       pointer|
|p_out122_ap_vld         |  out|    1|      ap_vld|                                       p_out122|       pointer|
|p_out123                |  out|    8|      ap_vld|                                       p_out123|       pointer|
|p_out123_ap_vld         |  out|    1|      ap_vld|                                       p_out123|       pointer|
|p_out124                |  out|    8|      ap_vld|                                       p_out124|       pointer|
|p_out124_ap_vld         |  out|    1|      ap_vld|                                       p_out124|       pointer|
|p_out125                |  out|    8|      ap_vld|                                       p_out125|       pointer|
|p_out125_ap_vld         |  out|    1|      ap_vld|                                       p_out125|       pointer|
|p_out126                |  out|    8|      ap_vld|                                       p_out126|       pointer|
|p_out126_ap_vld         |  out|    1|      ap_vld|                                       p_out126|       pointer|
|p_out127                |  out|    8|      ap_vld|                                       p_out127|       pointer|
|p_out127_ap_vld         |  out|    1|      ap_vld|                                       p_out127|       pointer|
|p_out128                |  out|    8|      ap_vld|                                       p_out128|       pointer|
|p_out128_ap_vld         |  out|    1|      ap_vld|                                       p_out128|       pointer|
|p_out129                |  out|    8|      ap_vld|                                       p_out129|       pointer|
|p_out129_ap_vld         |  out|    1|      ap_vld|                                       p_out129|       pointer|
|p_out130                |  out|    8|      ap_vld|                                       p_out130|       pointer|
|p_out130_ap_vld         |  out|    1|      ap_vld|                                       p_out130|       pointer|
|p_out131                |  out|    8|      ap_vld|                                       p_out131|       pointer|
|p_out131_ap_vld         |  out|    1|      ap_vld|                                       p_out131|       pointer|
|p_out132                |  out|    8|      ap_vld|                                       p_out132|       pointer|
|p_out132_ap_vld         |  out|    1|      ap_vld|                                       p_out132|       pointer|
|p_out133                |  out|    8|      ap_vld|                                       p_out133|       pointer|
|p_out133_ap_vld         |  out|    1|      ap_vld|                                       p_out133|       pointer|
|p_out134                |  out|    8|      ap_vld|                                       p_out134|       pointer|
|p_out134_ap_vld         |  out|    1|      ap_vld|                                       p_out134|       pointer|
|p_out135                |  out|    8|      ap_vld|                                       p_out135|       pointer|
|p_out135_ap_vld         |  out|    1|      ap_vld|                                       p_out135|       pointer|
|p_out136                |  out|    8|      ap_vld|                                       p_out136|       pointer|
|p_out136_ap_vld         |  out|    1|      ap_vld|                                       p_out136|       pointer|
|p_out137                |  out|    8|      ap_vld|                                       p_out137|       pointer|
|p_out137_ap_vld         |  out|    1|      ap_vld|                                       p_out137|       pointer|
|p_out138                |  out|    8|      ap_vld|                                       p_out138|       pointer|
|p_out138_ap_vld         |  out|    1|      ap_vld|                                       p_out138|       pointer|
|p_out139                |  out|    8|      ap_vld|                                       p_out139|       pointer|
|p_out139_ap_vld         |  out|    1|      ap_vld|                                       p_out139|       pointer|
|p_out140                |  out|    8|      ap_vld|                                       p_out140|       pointer|
|p_out140_ap_vld         |  out|    1|      ap_vld|                                       p_out140|       pointer|
|p_out141                |  out|    8|      ap_vld|                                       p_out141|       pointer|
|p_out141_ap_vld         |  out|    1|      ap_vld|                                       p_out141|       pointer|
|p_out142                |  out|    8|      ap_vld|                                       p_out142|       pointer|
|p_out142_ap_vld         |  out|    1|      ap_vld|                                       p_out142|       pointer|
|p_out143                |  out|    8|      ap_vld|                                       p_out143|       pointer|
|p_out143_ap_vld         |  out|    1|      ap_vld|                                       p_out143|       pointer|
|p_out144                |  out|    8|      ap_vld|                                       p_out144|       pointer|
|p_out144_ap_vld         |  out|    1|      ap_vld|                                       p_out144|       pointer|
|p_out145                |  out|    8|      ap_vld|                                       p_out145|       pointer|
|p_out145_ap_vld         |  out|    1|      ap_vld|                                       p_out145|       pointer|
|p_out146                |  out|    8|      ap_vld|                                       p_out146|       pointer|
|p_out146_ap_vld         |  out|    1|      ap_vld|                                       p_out146|       pointer|
|p_out147                |  out|    8|      ap_vld|                                       p_out147|       pointer|
|p_out147_ap_vld         |  out|    1|      ap_vld|                                       p_out147|       pointer|
|p_out148                |  out|    8|      ap_vld|                                       p_out148|       pointer|
|p_out148_ap_vld         |  out|    1|      ap_vld|                                       p_out148|       pointer|
|p_out149                |  out|    8|      ap_vld|                                       p_out149|       pointer|
|p_out149_ap_vld         |  out|    1|      ap_vld|                                       p_out149|       pointer|
|p_out150                |  out|    8|      ap_vld|                                       p_out150|       pointer|
|p_out150_ap_vld         |  out|    1|      ap_vld|                                       p_out150|       pointer|
|p_out151                |  out|    8|      ap_vld|                                       p_out151|       pointer|
|p_out151_ap_vld         |  out|    1|      ap_vld|                                       p_out151|       pointer|
|p_out152                |  out|    8|      ap_vld|                                       p_out152|       pointer|
|p_out152_ap_vld         |  out|    1|      ap_vld|                                       p_out152|       pointer|
|p_out153                |  out|    8|      ap_vld|                                       p_out153|       pointer|
|p_out153_ap_vld         |  out|    1|      ap_vld|                                       p_out153|       pointer|
|p_out154                |  out|    8|      ap_vld|                                       p_out154|       pointer|
|p_out154_ap_vld         |  out|    1|      ap_vld|                                       p_out154|       pointer|
|p_out155                |  out|    8|      ap_vld|                                       p_out155|       pointer|
|p_out155_ap_vld         |  out|    1|      ap_vld|                                       p_out155|       pointer|
|p_out156                |  out|    8|      ap_vld|                                       p_out156|       pointer|
|p_out156_ap_vld         |  out|    1|      ap_vld|                                       p_out156|       pointer|
|p_out157                |  out|    8|      ap_vld|                                       p_out157|       pointer|
|p_out157_ap_vld         |  out|    1|      ap_vld|                                       p_out157|       pointer|
|p_out158                |  out|    8|      ap_vld|                                       p_out158|       pointer|
|p_out158_ap_vld         |  out|    1|      ap_vld|                                       p_out158|       pointer|
|p_out159                |  out|    8|      ap_vld|                                       p_out159|       pointer|
|p_out159_ap_vld         |  out|    1|      ap_vld|                                       p_out159|       pointer|
|p_out160                |  out|    8|      ap_vld|                                       p_out160|       pointer|
|p_out160_ap_vld         |  out|    1|      ap_vld|                                       p_out160|       pointer|
|p_out161                |  out|    8|      ap_vld|                                       p_out161|       pointer|
|p_out161_ap_vld         |  out|    1|      ap_vld|                                       p_out161|       pointer|
|p_out162                |  out|    8|      ap_vld|                                       p_out162|       pointer|
|p_out162_ap_vld         |  out|    1|      ap_vld|                                       p_out162|       pointer|
|p_out163                |  out|    8|      ap_vld|                                       p_out163|       pointer|
|p_out163_ap_vld         |  out|    1|      ap_vld|                                       p_out163|       pointer|
|p_out164                |  out|    8|      ap_vld|                                       p_out164|       pointer|
|p_out164_ap_vld         |  out|    1|      ap_vld|                                       p_out164|       pointer|
|p_out165                |  out|    8|      ap_vld|                                       p_out165|       pointer|
|p_out165_ap_vld         |  out|    1|      ap_vld|                                       p_out165|       pointer|
|p_out166                |  out|    8|      ap_vld|                                       p_out166|       pointer|
|p_out166_ap_vld         |  out|    1|      ap_vld|                                       p_out166|       pointer|
|p_out167                |  out|    8|      ap_vld|                                       p_out167|       pointer|
|p_out167_ap_vld         |  out|    1|      ap_vld|                                       p_out167|       pointer|
|p_out168                |  out|    8|      ap_vld|                                       p_out168|       pointer|
|p_out168_ap_vld         |  out|    1|      ap_vld|                                       p_out168|       pointer|
|p_out169                |  out|    8|      ap_vld|                                       p_out169|       pointer|
|p_out169_ap_vld         |  out|    1|      ap_vld|                                       p_out169|       pointer|
|p_out170                |  out|    8|      ap_vld|                                       p_out170|       pointer|
|p_out170_ap_vld         |  out|    1|      ap_vld|                                       p_out170|       pointer|
|p_out171                |  out|    8|      ap_vld|                                       p_out171|       pointer|
|p_out171_ap_vld         |  out|    1|      ap_vld|                                       p_out171|       pointer|
|p_out172                |  out|    8|      ap_vld|                                       p_out172|       pointer|
|p_out172_ap_vld         |  out|    1|      ap_vld|                                       p_out172|       pointer|
|p_out173                |  out|    8|      ap_vld|                                       p_out173|       pointer|
|p_out173_ap_vld         |  out|    1|      ap_vld|                                       p_out173|       pointer|
|p_out174                |  out|    8|      ap_vld|                                       p_out174|       pointer|
|p_out174_ap_vld         |  out|    1|      ap_vld|                                       p_out174|       pointer|
|p_out175                |  out|    8|      ap_vld|                                       p_out175|       pointer|
|p_out175_ap_vld         |  out|    1|      ap_vld|                                       p_out175|       pointer|
|p_out176                |  out|    8|      ap_vld|                                       p_out176|       pointer|
|p_out176_ap_vld         |  out|    1|      ap_vld|                                       p_out176|       pointer|
|p_out177                |  out|    8|      ap_vld|                                       p_out177|       pointer|
|p_out177_ap_vld         |  out|    1|      ap_vld|                                       p_out177|       pointer|
|p_out178                |  out|    8|      ap_vld|                                       p_out178|       pointer|
|p_out178_ap_vld         |  out|    1|      ap_vld|                                       p_out178|       pointer|
|p_out179                |  out|    8|      ap_vld|                                       p_out179|       pointer|
|p_out179_ap_vld         |  out|    1|      ap_vld|                                       p_out179|       pointer|
|p_out180                |  out|    8|      ap_vld|                                       p_out180|       pointer|
|p_out180_ap_vld         |  out|    1|      ap_vld|                                       p_out180|       pointer|
|p_out181                |  out|    8|      ap_vld|                                       p_out181|       pointer|
|p_out181_ap_vld         |  out|    1|      ap_vld|                                       p_out181|       pointer|
|p_out182                |  out|    8|      ap_vld|                                       p_out182|       pointer|
|p_out182_ap_vld         |  out|    1|      ap_vld|                                       p_out182|       pointer|
|p_out183                |  out|    8|      ap_vld|                                       p_out183|       pointer|
|p_out183_ap_vld         |  out|    1|      ap_vld|                                       p_out183|       pointer|
|p_out184                |  out|    8|      ap_vld|                                       p_out184|       pointer|
|p_out184_ap_vld         |  out|    1|      ap_vld|                                       p_out184|       pointer|
|p_out185                |  out|    8|      ap_vld|                                       p_out185|       pointer|
|p_out185_ap_vld         |  out|    1|      ap_vld|                                       p_out185|       pointer|
|p_out186                |  out|    8|      ap_vld|                                       p_out186|       pointer|
|p_out186_ap_vld         |  out|    1|      ap_vld|                                       p_out186|       pointer|
|p_out187                |  out|    8|      ap_vld|                                       p_out187|       pointer|
|p_out187_ap_vld         |  out|    1|      ap_vld|                                       p_out187|       pointer|
|p_out188                |  out|    8|      ap_vld|                                       p_out188|       pointer|
|p_out188_ap_vld         |  out|    1|      ap_vld|                                       p_out188|       pointer|
|p_out189                |  out|    8|      ap_vld|                                       p_out189|       pointer|
|p_out189_ap_vld         |  out|    1|      ap_vld|                                       p_out189|       pointer|
|p_out190                |  out|    8|      ap_vld|                                       p_out190|       pointer|
|p_out190_ap_vld         |  out|    1|      ap_vld|                                       p_out190|       pointer|
|p_out191                |  out|    8|      ap_vld|                                       p_out191|       pointer|
|p_out191_ap_vld         |  out|    1|      ap_vld|                                       p_out191|       pointer|
|p_out192                |  out|    8|      ap_vld|                                       p_out192|       pointer|
|p_out192_ap_vld         |  out|    1|      ap_vld|                                       p_out192|       pointer|
|p_out193                |  out|    8|      ap_vld|                                       p_out193|       pointer|
|p_out193_ap_vld         |  out|    1|      ap_vld|                                       p_out193|       pointer|
|p_out194                |  out|    8|      ap_vld|                                       p_out194|       pointer|
|p_out194_ap_vld         |  out|    1|      ap_vld|                                       p_out194|       pointer|
|p_out195                |  out|    8|      ap_vld|                                       p_out195|       pointer|
|p_out195_ap_vld         |  out|    1|      ap_vld|                                       p_out195|       pointer|
|p_out196                |  out|    8|      ap_vld|                                       p_out196|       pointer|
|p_out196_ap_vld         |  out|    1|      ap_vld|                                       p_out196|       pointer|
|p_out197                |  out|    8|      ap_vld|                                       p_out197|       pointer|
|p_out197_ap_vld         |  out|    1|      ap_vld|                                       p_out197|       pointer|
|p_out198                |  out|    8|      ap_vld|                                       p_out198|       pointer|
|p_out198_ap_vld         |  out|    1|      ap_vld|                                       p_out198|       pointer|
|p_out199                |  out|    8|      ap_vld|                                       p_out199|       pointer|
|p_out199_ap_vld         |  out|    1|      ap_vld|                                       p_out199|       pointer|
|p_out200                |  out|    8|      ap_vld|                                       p_out200|       pointer|
|p_out200_ap_vld         |  out|    1|      ap_vld|                                       p_out200|       pointer|
|p_out201                |  out|    8|      ap_vld|                                       p_out201|       pointer|
|p_out201_ap_vld         |  out|    1|      ap_vld|                                       p_out201|       pointer|
|p_out202                |  out|    8|      ap_vld|                                       p_out202|       pointer|
|p_out202_ap_vld         |  out|    1|      ap_vld|                                       p_out202|       pointer|
|p_out203                |  out|    8|      ap_vld|                                       p_out203|       pointer|
|p_out203_ap_vld         |  out|    1|      ap_vld|                                       p_out203|       pointer|
|p_out204                |  out|    8|      ap_vld|                                       p_out204|       pointer|
|p_out204_ap_vld         |  out|    1|      ap_vld|                                       p_out204|       pointer|
|p_out205                |  out|    8|      ap_vld|                                       p_out205|       pointer|
|p_out205_ap_vld         |  out|    1|      ap_vld|                                       p_out205|       pointer|
|p_out206                |  out|    8|      ap_vld|                                       p_out206|       pointer|
|p_out206_ap_vld         |  out|    1|      ap_vld|                                       p_out206|       pointer|
|p_out207                |  out|    8|      ap_vld|                                       p_out207|       pointer|
|p_out207_ap_vld         |  out|    1|      ap_vld|                                       p_out207|       pointer|
|p_out208                |  out|    8|      ap_vld|                                       p_out208|       pointer|
|p_out208_ap_vld         |  out|    1|      ap_vld|                                       p_out208|       pointer|
|p_out209                |  out|    8|      ap_vld|                                       p_out209|       pointer|
|p_out209_ap_vld         |  out|    1|      ap_vld|                                       p_out209|       pointer|
|p_out210                |  out|    8|      ap_vld|                                       p_out210|       pointer|
|p_out210_ap_vld         |  out|    1|      ap_vld|                                       p_out210|       pointer|
|p_out211                |  out|    8|      ap_vld|                                       p_out211|       pointer|
|p_out211_ap_vld         |  out|    1|      ap_vld|                                       p_out211|       pointer|
|p_out212                |  out|    8|      ap_vld|                                       p_out212|       pointer|
|p_out212_ap_vld         |  out|    1|      ap_vld|                                       p_out212|       pointer|
|p_out213                |  out|    8|      ap_vld|                                       p_out213|       pointer|
|p_out213_ap_vld         |  out|    1|      ap_vld|                                       p_out213|       pointer|
|p_out214                |  out|    8|      ap_vld|                                       p_out214|       pointer|
|p_out214_ap_vld         |  out|    1|      ap_vld|                                       p_out214|       pointer|
|p_out215                |  out|    8|      ap_vld|                                       p_out215|       pointer|
|p_out215_ap_vld         |  out|    1|      ap_vld|                                       p_out215|       pointer|
|p_out216                |  out|    8|      ap_vld|                                       p_out216|       pointer|
|p_out216_ap_vld         |  out|    1|      ap_vld|                                       p_out216|       pointer|
|p_out217                |  out|    8|      ap_vld|                                       p_out217|       pointer|
|p_out217_ap_vld         |  out|    1|      ap_vld|                                       p_out217|       pointer|
|p_out218                |  out|    8|      ap_vld|                                       p_out218|       pointer|
|p_out218_ap_vld         |  out|    1|      ap_vld|                                       p_out218|       pointer|
|p_out219                |  out|    8|      ap_vld|                                       p_out219|       pointer|
|p_out219_ap_vld         |  out|    1|      ap_vld|                                       p_out219|       pointer|
|p_out220                |  out|    8|      ap_vld|                                       p_out220|       pointer|
|p_out220_ap_vld         |  out|    1|      ap_vld|                                       p_out220|       pointer|
|p_out221                |  out|    8|      ap_vld|                                       p_out221|       pointer|
|p_out221_ap_vld         |  out|    1|      ap_vld|                                       p_out221|       pointer|
|p_out222                |  out|    8|      ap_vld|                                       p_out222|       pointer|
|p_out222_ap_vld         |  out|    1|      ap_vld|                                       p_out222|       pointer|
|p_out223                |  out|    8|      ap_vld|                                       p_out223|       pointer|
|p_out223_ap_vld         |  out|    1|      ap_vld|                                       p_out223|       pointer|
|p_out224                |  out|    8|      ap_vld|                                       p_out224|       pointer|
|p_out224_ap_vld         |  out|    1|      ap_vld|                                       p_out224|       pointer|
+------------------------+-----+-----+------------+-----------------------------------------------+--------------+

