

================================================================
== Vitis HLS Report for 'ReadFromMem'
================================================================
* Date:           Tue Mar 29 06:54:35 2022

* Version:        2021.2 (Build 3367213 on Tue Oct 19 02:47:39 MDT 2021)
* Project:        conv_filter_prj
* Solution:       solution (Vitis Kernel Flow Target)
* Product family: virtexuplus
* Target device:  xcu200-fsgd2104-2-e


================================================================
== Performance Estimates
================================================================
+ Timing: 
    * Summary: 
    +--------+---------+----------+------------+
    |  Clock |  Target | Estimated| Uncertainty|
    +--------+---------+----------+------------+
    |ap_clk  |  3.33 ns|  2.433 ns|     0.90 ns|
    +--------+---------+----------+------------+

+ Latency: 
    * Summary: 
    +---------+---------+----------+----------+-----+---------+---------+
    |  Latency (cycles) |  Latency (absolute) |    Interval   | Pipeline|
    |   min   |   max   |    min   |    max   | min |   max   |   Type  |
    +---------+---------+----------+----------+-----+---------+---------+
    |      332|  2211165|  1.107 us|  7.370 ms|  332|  2211165|       no|
    +---------+---------+----------+----------+-----+---------+---------+

    + Detail: 
        * Instance: 
        +--------------------------------------------+---------------------------------+---------+---------+-----------+----------+-----+---------+---------+
        |                                            |                                 |  Latency (cycles) |  Latency (absolute)  |    Interval   | Pipeline|
        |                  Instance                  |              Module             |   min   |   max   |    min    |    max   | min |   max   |   Type  |
        +--------------------------------------------+---------------------------------+---------+---------+-----------+----------+-----+---------+---------+
        |grp_ReadFromMem_Pipeline_read_coefs_fu_153  |ReadFromMem_Pipeline_read_coefs  |      259|      259|   0.863 us|  0.863 us|  259|      259|       no|
        |grp_ReadFromMem_Pipeline_read_image_fu_162  |ReadFromMem_Pipeline_read_image  |        4|  2210763|  13.332 ns|  7.368 ms|    4|  2210763|       no|
        +--------------------------------------------+---------------------------------+---------+---------+-----------+----------+-----+---------+---------+

        * Loop: 
        N/A



================================================================
== Utilization Estimates
================================================================
* Summary: 
+---------------------+---------+------+---------+---------+-----+
|         Name        | BRAM_18K|  DSP |    FF   |   LUT   | URAM|
+---------------------+---------+------+---------+---------+-----+
|DSP                  |        -|     1|        -|        -|    -|
|Expression           |        -|     -|        0|       40|    -|
|FIFO                 |        -|     -|        -|        -|    -|
|Instance             |        -|     -|     2166|      396|    -|
|Memory               |        -|     -|        -|        -|    -|
|Multiplexer          |        -|     -|        -|     1048|    -|
|Register             |        -|     -|      303|        -|    -|
+---------------------+---------+------+---------+---------+-----+
|Total                |        0|     1|     2469|     1484|    0|
+---------------------+---------+------+---------+---------+-----+
|Available SLR        |     1440|  2280|   788160|   394080|  320|
+---------------------+---------+------+---------+---------+-----+
|Utilization SLR (%)  |        0|    ~0|       ~0|       ~0|    0|
+---------------------+---------+------+---------+---------+-----+
|Available            |     4320|  6840|  2364480|  1182240|  960|
+---------------------+---------+------+---------+---------+-----+
|Utilization (%)      |        0|    ~0|       ~0|       ~0|    0|
+---------------------+---------+------+---------+---------+-----+

+ Detail: 
    * Instance: 
    +--------------------------------------------+---------------------------------+---------+----+------+-----+-----+
    |                  Instance                  |              Module             | BRAM_18K| DSP|  FF  | LUT | URAM|
    +--------------------------------------------+---------------------------------+---------+----+------+-----+-----+
    |grp_ReadFromMem_Pipeline_read_coefs_fu_153  |ReadFromMem_Pipeline_read_coefs  |        0|   0|  1036|  135|    0|
    |grp_ReadFromMem_Pipeline_read_image_fu_162  |ReadFromMem_Pipeline_read_image  |        0|   0|  1130|  261|    0|
    +--------------------------------------------+---------------------------------+---------+----+------+-----+-----+
    |Total                                       |                                 |        0|   0|  2166|  396|    0|
    +--------------------------------------------+---------------------------------+---------+----+------+-----+-----+

    * DSP: 
    +------------------------------+--------------------------+-----------+
    |           Instance           |          Module          | Expression|
    +------------------------------+--------------------------+-----------+
    |mul_mul_16ns_11ns_22_4_1_U16  |mul_mul_16ns_11ns_22_4_1  |    i0 * i1|
    +------------------------------+--------------------------+-----------+

    * Memory: 
    N/A

    * FIFO: 
    N/A

    * Expression: 
    +-----------------------------------+----------+----+---+----+------------+------------+
    |           Variable Name           | Operation| DSP| FF| LUT| Bitwidth P0| Bitwidth P1|
    +-----------------------------------+----------+----+---+----+------------+------------+
    |sub20_fu_227_p2                    |         +|   0|  0|  19|          12|           2|
    |ap_block_state144_on_subcall_done  |       and|   0|  0|   2|           1|           1|
    |ap_block_state73_io                |       and|   0|  0|   2|           1|           1|
    |icmp_ln45_fu_219_p2                |      icmp|   0|  0|  15|          22|           1|
    |ap_block_state1                    |        or|   0|  0|   2|           1|           1|
    +-----------------------------------+----------+----+---+----+------------+------------+
    |Total                              |          |   0|  0|  40|          37|           6|
    +-----------------------------------+----------+----+---+----+------------+------------+

    * Multiplexer: 
    +----------------------+-----+-----------+-----+-----------+
    |         Name         | LUT | Input Size| Bits| Total Bits|
    +----------------------+-----+-----------+-----+-----------+
    |ap_NS_fsm             |  764|        145|    1|        145|
    |ap_done               |    9|          2|    1|          2|
    |coefs_stream19_write  |    9|          2|    1|          2|
    |gmem_blk_n_AR         |    9|          2|    1|          2|
    |height_c14_blk_n      |    9|          2|    1|          2|
    |m_axi_gmem_ARADDR     |   26|          5|   64|        320|
    |m_axi_gmem_ARBURST    |   14|          3|    2|          6|
    |m_axi_gmem_ARCACHE    |   14|          3|    4|         12|
    |m_axi_gmem_ARID       |   14|          3|    1|          3|
    |m_axi_gmem_ARLEN      |   26|          5|   32|        160|
    |m_axi_gmem_ARLOCK     |   14|          3|    2|          6|
    |m_axi_gmem_ARPROT     |   14|          3|    3|          9|
    |m_axi_gmem_ARQOS      |   14|          3|    4|         12|
    |m_axi_gmem_ARREGION   |   14|          3|    4|         12|
    |m_axi_gmem_ARSIZE     |   14|          3|    3|          9|
    |m_axi_gmem_ARUSER     |   14|          3|    1|          3|
    |m_axi_gmem_ARVALID    |   20|          4|    1|          4|
    |m_axi_gmem_RREADY     |   14|          3|    1|          3|
    |pixel_stream20_write  |    9|          2|    1|          2|
    |real_start            |    9|          2|    1|          2|
    |stride_c_blk_n        |    9|          2|    1|          2|
    |width_c12_blk_n       |    9|          2|    1|          2|
    +----------------------+-----+-----------+-----+-----------+
    |Total                 | 1048|        205|  131|        720|
    +----------------------+-----+-----------+-----+-----------+

    * Register: 
    +---------------------------------------------------------+-----+----+-----+-----------+
    |                           Name                          |  FF | LUT| Bits| Const Bits|
    +---------------------------------------------------------+-----+----+-----+-----------+
    |ap_CS_fsm                                                |  144|   0|  144|          0|
    |ap_done_reg                                              |    1|   0|    1|          0|
    |grp_ReadFromMem_Pipeline_read_coefs_fu_153_ap_start_reg  |    1|   0|    1|          0|
    |grp_ReadFromMem_Pipeline_read_image_fu_162_ap_start_reg  |    1|   0|    1|          0|
    |icmp_ln45_reg_325                                        |    1|   0|    1|          0|
    |mul13_reg_319                                            |   22|   0|   22|          0|
    |start_once_reg                                           |    1|   0|    1|          0|
    |stride_assign_reg_304                                    |    5|   0|   11|          6|
    |sub20_reg_329                                            |    6|   0|   12|          6|
    |tmp_reg_294                                              |    5|   0|    5|          0|
    |trunc_ln1_reg_339                                        |   58|   0|   58|          0|
    |trunc_ln_reg_284                                         |   58|   0|   58|          0|
    +---------------------------------------------------------+-----+----+-----+-----------+
    |Total                                                    |  303|   0|  315|         12|
    +---------------------------------------------------------+-----+----+-----+-----------+



================================================================
== Interface
================================================================
* Summary: 
+-----------------------+-----+-----+------------+----------------+--------------+
|       RTL Ports       | Dir | Bits|  Protocol  |  Source Object |    C Type    |
+-----------------------+-----+-----+------------+----------------+--------------+
|ap_clk                 |   in|    1|  ap_ctrl_hs|     ReadFromMem|  return value|
|ap_rst                 |   in|    1|  ap_ctrl_hs|     ReadFromMem|  return value|
|ap_start               |   in|    1|  ap_ctrl_hs|     ReadFromMem|  return value|
|start_full_n           |   in|    1|  ap_ctrl_hs|     ReadFromMem|  return value|
|ap_done                |  out|    1|  ap_ctrl_hs|     ReadFromMem|  return value|
|ap_continue            |   in|    1|  ap_ctrl_hs|     ReadFromMem|  return value|
|ap_idle                |  out|    1|  ap_ctrl_hs|     ReadFromMem|  return value|
|ap_ready               |  out|    1|  ap_ctrl_hs|     ReadFromMem|  return value|
|start_out              |  out|    1|  ap_ctrl_hs|     ReadFromMem|  return value|
|start_write            |  out|    1|  ap_ctrl_hs|     ReadFromMem|  return value|
|width                  |   in|   16|     ap_none|           width|        scalar|
|height                 |   in|   16|     ap_none|          height|        scalar|
|stride                 |   in|   16|     ap_none|          stride|        scalar|
|m_axi_gmem_AWVALID     |  out|    1|       m_axi|            gmem|       pointer|
|m_axi_gmem_AWREADY     |   in|    1|       m_axi|            gmem|       pointer|
|m_axi_gmem_AWADDR      |  out|   64|       m_axi|            gmem|       pointer|
|m_axi_gmem_AWID        |  out|    1|       m_axi|            gmem|       pointer|
|m_axi_gmem_AWLEN       |  out|   32|       m_axi|            gmem|       pointer|
|m_axi_gmem_AWSIZE      |  out|    3|       m_axi|            gmem|       pointer|
|m_axi_gmem_AWBURST     |  out|    2|       m_axi|            gmem|       pointer|
|m_axi_gmem_AWLOCK      |  out|    2|       m_axi|            gmem|       pointer|
|m_axi_gmem_AWCACHE     |  out|    4|       m_axi|            gmem|       pointer|
|m_axi_gmem_AWPROT      |  out|    3|       m_axi|            gmem|       pointer|
|m_axi_gmem_AWQOS       |  out|    4|       m_axi|            gmem|       pointer|
|m_axi_gmem_AWREGION    |  out|    4|       m_axi|            gmem|       pointer|
|m_axi_gmem_AWUSER      |  out|    1|       m_axi|            gmem|       pointer|
|m_axi_gmem_WVALID      |  out|    1|       m_axi|            gmem|       pointer|
|m_axi_gmem_WREADY      |   in|    1|       m_axi|            gmem|       pointer|
|m_axi_gmem_WDATA       |  out|  512|       m_axi|            gmem|       pointer|
|m_axi_gmem_WSTRB       |  out|   64|       m_axi|            gmem|       pointer|
|m_axi_gmem_WLAST       |  out|    1|       m_axi|            gmem|       pointer|
|m_axi_gmem_WID         |  out|    1|       m_axi|            gmem|       pointer|
|m_axi_gmem_WUSER       |  out|    1|       m_axi|            gmem|       pointer|
|m_axi_gmem_ARVALID     |  out|    1|       m_axi|            gmem|       pointer|
|m_axi_gmem_ARREADY     |   in|    1|       m_axi|            gmem|       pointer|
|m_axi_gmem_ARADDR      |  out|   64|       m_axi|            gmem|       pointer|
|m_axi_gmem_ARID        |  out|    1|       m_axi|            gmem|       pointer|
|m_axi_gmem_ARLEN       |  out|   32|       m_axi|            gmem|       pointer|
|m_axi_gmem_ARSIZE      |  out|    3|       m_axi|            gmem|       pointer|
|m_axi_gmem_ARBURST     |  out|    2|       m_axi|            gmem|       pointer|
|m_axi_gmem_ARLOCK      |  out|    2|       m_axi|            gmem|       pointer|
|m_axi_gmem_ARCACHE     |  out|    4|       m_axi|            gmem|       pointer|
|m_axi_gmem_ARPROT      |  out|    3|       m_axi|            gmem|       pointer|
|m_axi_gmem_ARQOS       |  out|    4|       m_axi|            gmem|       pointer|
|m_axi_gmem_ARREGION    |  out|    4|       m_axi|            gmem|       pointer|
|m_axi_gmem_ARUSER      |  out|    1|       m_axi|            gmem|       pointer|
|m_axi_gmem_RVALID      |   in|    1|       m_axi|            gmem|       pointer|
|m_axi_gmem_RREADY      |  out|    1|       m_axi|            gmem|       pointer|
|m_axi_gmem_RDATA       |   in|  512|       m_axi|            gmem|       pointer|
|m_axi_gmem_RLAST       |   in|    1|       m_axi|            gmem|       pointer|
|m_axi_gmem_RID         |   in|    1|       m_axi|            gmem|       pointer|
|m_axi_gmem_RFIFONUM    |   in|    9|       m_axi|            gmem|       pointer|
|m_axi_gmem_RUSER       |   in|    1|       m_axi|            gmem|       pointer|
|m_axi_gmem_RRESP       |   in|    2|       m_axi|            gmem|       pointer|
|m_axi_gmem_BVALID      |   in|    1|       m_axi|            gmem|       pointer|
|m_axi_gmem_BREADY      |  out|    1|       m_axi|            gmem|       pointer|
|m_axi_gmem_BRESP       |   in|    2|       m_axi|            gmem|       pointer|
|m_axi_gmem_BID         |   in|    1|       m_axi|            gmem|       pointer|
|m_axi_gmem_BUSER       |   in|    1|       m_axi|            gmem|       pointer|
|coeffs                 |   in|   64|     ap_none|          coeffs|        scalar|
|coefs_stream19_din     |  out|    8|     ap_fifo|  coefs_stream19|       pointer|
|coefs_stream19_full_n  |   in|    1|     ap_fifo|  coefs_stream19|       pointer|
|coefs_stream19_write   |  out|    1|     ap_fifo|  coefs_stream19|       pointer|
|src                    |   in|   64|     ap_none|             src|        scalar|
|pixel_stream20_din     |  out|    8|     ap_fifo|  pixel_stream20|       pointer|
|pixel_stream20_full_n  |   in|    1|     ap_fifo|  pixel_stream20|       pointer|
|pixel_stream20_write   |  out|    1|     ap_fifo|  pixel_stream20|       pointer|
|width_c12_din          |  out|   16|     ap_fifo|       width_c12|       pointer|
|width_c12_full_n       |   in|    1|     ap_fifo|       width_c12|       pointer|
|width_c12_write        |  out|    1|     ap_fifo|       width_c12|       pointer|
|height_c14_din         |  out|   16|     ap_fifo|      height_c14|       pointer|
|height_c14_full_n      |   in|    1|     ap_fifo|      height_c14|       pointer|
|height_c14_write       |  out|    1|     ap_fifo|      height_c14|       pointer|
|stride_c_din           |  out|   16|     ap_fifo|        stride_c|       pointer|
|stride_c_full_n        |   in|    1|     ap_fifo|        stride_c|       pointer|
|stride_c_write         |  out|    1|     ap_fifo|        stride_c|       pointer|
+-----------------------+-----+-----+------------+----------------+--------------+

