

================================================================
== Vitis HLS Report for 'Window2D_Pipeline_update_window'
================================================================
* Date:           Tue Mar 29 06:54:35 2022

* Version:        2021.2 (Build 3367213 on Tue Oct 19 02:47:39 MDT 2021)
* Project:        conv_filter_prj
* Solution:       solution (Vitis Kernel Flow Target)
* Product family: virtexuplus
* Target device:  xcu200-fsgd2104-2-e


================================================================
== Performance Estimates
================================================================
+ Timing: 
    * Summary: 
    +--------+---------+----------+------------+
    |  Clock |  Target | Estimated| Uncertainty|
    +--------+---------+----------+------------+
    |ap_clk  |  3.33 ns|  2.390 ns|     0.90 ns|
    +--------+---------+----------+------------+

+ Latency: 
    * Summary: 
    +---------+---------+-----------+----------+-----+---------+---------+
    |  Latency (cycles) |  Latency (absolute)  |    Interval   | Pipeline|
    |   min   |   max   |    min    |    max   | min |   max   |   Type  |
    +---------+---------+-----------+----------+-----+---------+---------+
    |        4|  2087051|  13.332 ns|  6.956 ms|    4|  2087051|       no|
    +---------+---------+-----------+----------+-----+---------+---------+

    + Detail: 
        * Instance: 
        N/A

        * Loop: 
        +-----------------+---------+---------+----------+-----------+-----------+-------------+----------+
        |                 |  Latency (cycles) | Iteration|  Initiation Interval  |     Trip    |          |
        |    Loop Name    |   min   |   max   |  Latency |  achieved |   target  |    Count    | Pipelined|
        +-----------------+---------+---------+----------+-----------+-----------+-------------+----------+
        |- update_window  |        2|  2087049|         3|          1|          1|  0 ~ 2087047|       yes|
        +-----------------+---------+---------+----------+-----------+-----------+-------------+----------+



================================================================
== Utilization Estimates
================================================================
* Summary: 
+---------------------+---------+------+---------+---------+-----+
|         Name        | BRAM_18K|  DSP |    FF   |   LUT   | URAM|
+---------------------+---------+------+---------+---------+-----+
|DSP                  |        -|     -|        -|        -|    -|
|Expression           |        -|     -|        0|      212|    -|
|FIFO                 |        -|     -|        -|        -|    -|
|Instance             |        -|     -|        -|        -|    -|
|Memory               |        -|     -|        -|        -|    -|
|Multiplexer          |        -|     -|        -|       81|    -|
|Register             |        -|     -|     2113|        -|    -|
+---------------------+---------+------+---------+---------+-----+
|Total                |        0|     0|     2113|      293|    0|
+---------------------+---------+------+---------+---------+-----+
|Available SLR        |     1440|  2280|   788160|   394080|  320|
+---------------------+---------+------+---------+---------+-----+
|Utilization SLR (%)  |        0|     0|       ~0|       ~0|    0|
+---------------------+---------+------+---------+---------+-----+
|Available            |     4320|  6840|  2364480|  1182240|  960|
+---------------------+---------+------+---------+---------+-----+
|Utilization (%)      |        0|     0|       ~0|       ~0|    0|
+---------------------+---------+------+---------+---------+-----+

+ Detail: 
    * Instance: 
    N/A

    * DSP: 
    N/A

    * Memory: 
    N/A

    * FIFO: 
    N/A

    * Expression: 
    +-----------------------------------+----------+----+---+----+------------+------------+
    |           Variable Name           | Operation| DSP| FF| LUT| Bitwidth P0| Bitwidth P1|
    +-----------------------------------+----------+----+---+----+------------+------------+
    |col_ptr_1_fu_1284_p2               |         +|   0|  0|  39|          32|           1|
    |n_3_fu_1247_p2                     |         +|   0|  0|  39|          32|           1|
    |ap_block_pp0                       |       and|   0|  0|   2|           1|           1|
    |ap_block_state3_pp0_stage0_iter2   |       and|   0|  0|   2|           1|           1|
    |ap_block_state4_pp0_stage0_iter3   |       and|   0|  0|   2|           1|           1|
    |ap_condition_1159                  |       and|   0|  0|   2|           1|           1|
    |ap_enable_state2_pp0_iter1_stage0  |       and|   0|  0|   2|           1|           1|
    |ap_enable_state3_pp0_iter2_stage0  |       and|   0|  0|   2|           1|           1|
    |ap_enable_state4_pp0_iter3_stage0  |       and|   0|  0|   2|           1|           1|
    |ap_predicate_op274_read_state3     |       and|   0|  0|   2|           1|           1|
    |ap_predicate_op517_write_state4    |       and|   0|  0|   2|           1|           1|
    |icmp_ln103_fu_1242_p2              |      icmp|   0|  0|  20|          32|          32|
    |icmp_ln109_fu_1253_p2              |      icmp|   0|  0|  20|          32|          32|
    |icmp_ln126_fu_1279_p2              |      icmp|   0|  0|  20|          32|          32|
    |icmp_ln133_fu_1298_p2              |      icmp|   0|  0|  20|          32|          32|
    |ap_block_pp0_stage0_01001          |        or|   0|  0|   2|           1|           1|
    |col_ptr_2_fu_1290_p3               |    select|   0|  0|  32|           1|           1|
    |ap_enable_pp0                      |       xor|   0|  0|   2|           1|           2|
    +-----------------------------------+----------+----+---+----+------------+------------+
    |Total                              |          |   0|  0| 212|         204|         143|
    +-----------------------------------+----------+----+---+----+------------+------------+

    * Multiplexer: 
    +-----------------------------------------+----+-----------+-----+-----------+
    |                   Name                  | LUT| Input Size| Bits| Total Bits|
    +-----------------------------------------+----+-----------+-----+-----------+
    |ap_done_int                              |   9|          2|    1|          2|
    |ap_enable_reg_pp0_iter1                  |   9|          2|    1|          2|
    |ap_loop_exit_ready_pp0_iter3_reg         |   9|          2|    1|          2|
    |ap_phi_reg_pp0_iter2_new_pixel_reg_1209  |   9|          2|    8|         16|
    |ap_phi_reg_pp0_iter3_new_pixel_reg_1209  |   9|          2|    8|         16|
    |col_ptr_fu_78                            |   9|          2|   32|         64|
    |n_fu_82                                  |   9|          2|   32|         64|
    |pixel_stream20_blk_n                     |   9|          2|    1|          2|
    |window_stream_blk_n                      |   9|          2|    1|          2|
    +-----------------------------------------+----+-----------+-----+-----------+
    |Total                                    |  81|         18|   85|        170|
    +-----------------------------------------+----+-----------+-----+-----------+

    * Register: 
    +-------------------------------------------+----+----+-----+-----------+
    |                    Name                   | FF | LUT| Bits| Const Bits|
    +-------------------------------------------+----+----+-----+-----------+
    |LineBuffer_10_addr_reg_4807                |  11|   0|   11|          0|
    |LineBuffer_10_load_reg_4894                |   8|   0|    8|          0|
    |LineBuffer_11_addr_reg_4813                |  11|   0|   11|          0|
    |LineBuffer_11_load_reg_4900                |   8|   0|    8|          0|
    |LineBuffer_12_addr_reg_4819                |  11|   0|   11|          0|
    |LineBuffer_12_load_reg_4906                |   8|   0|    8|          0|
    |LineBuffer_13_addr_reg_4825                |  11|   0|   11|          0|
    |LineBuffer_13_addr_reg_4825_pp0_iter2_reg  |  11|   0|   11|          0|
    |LineBuffer_13_load_reg_4912                |   8|   0|    8|          0|
    |LineBuffer_1_addr_reg_4753                 |  11|   0|   11|          0|
    |LineBuffer_1_load_reg_4840                 |   8|   0|    8|          0|
    |LineBuffer_2_addr_reg_4759                 |  11|   0|   11|          0|
    |LineBuffer_2_load_reg_4846                 |   8|   0|    8|          0|
    |LineBuffer_3_addr_reg_4765                 |  11|   0|   11|          0|
    |LineBuffer_3_load_reg_4852                 |   8|   0|    8|          0|
    |LineBuffer_4_addr_reg_4771                 |  11|   0|   11|          0|
    |LineBuffer_4_load_reg_4858                 |   8|   0|    8|          0|
    |LineBuffer_5_addr_reg_4777                 |  11|   0|   11|          0|
    |LineBuffer_5_load_reg_4864                 |   8|   0|    8|          0|
    |LineBuffer_6_addr_reg_4783                 |  11|   0|   11|          0|
    |LineBuffer_6_load_reg_4870                 |   8|   0|    8|          0|
    |LineBuffer_7_addr_reg_4789                 |  11|   0|   11|          0|
    |LineBuffer_7_load_reg_4876                 |   8|   0|    8|          0|
    |LineBuffer_8_addr_reg_4795                 |  11|   0|   11|          0|
    |LineBuffer_8_load_reg_4882                 |   8|   0|    8|          0|
    |LineBuffer_9_addr_reg_4801                 |  11|   0|   11|          0|
    |LineBuffer_9_load_reg_4888                 |   8|   0|    8|          0|
    |LineBuffer_addr_reg_4748                   |  11|   0|   11|          0|
    |Window_pix_1_fu_174                        |   8|   0|    8|          0|
    |Window_pix_2_fu_178                        |   8|   0|    8|          0|
    |Window_pix_3_fu_182                        |   8|   0|    8|          0|
    |Window_pix_4_fu_186                        |   8|   0|    8|          0|
    |Window_pix_5_fu_190                        |   8|   0|    8|          0|
    |Window_pix_6_fu_194                        |   8|   0|    8|          0|
    |Window_pix_7_fu_198                        |   8|   0|    8|          0|
    |Window_pix_fu_86                           |   8|   0|    8|          0|
    |Window_sroa_102_0_fu_294                   |   8|   0|    8|          0|
    |Window_sroa_105_0_fu_298                   |   8|   0|    8|          0|
    |Window_sroa_108_0_fu_302                   |   8|   0|    8|          0|
    |Window_sroa_111_0_fu_306                   |   8|   0|    8|          0|
    |Window_sroa_114_0_fu_310                   |   8|   0|    8|          0|
    |Window_sroa_117_0_fu_314                   |   8|   0|    8|          0|
    |Window_sroa_120_0_fu_318                   |   8|   0|    8|          0|
    |Window_sroa_123_0_fu_322                   |   8|   0|    8|          0|
    |Window_sroa_126_0_fu_326                   |   8|   0|    8|          0|
    |Window_sroa_129_0_fu_330                   |   8|   0|    8|          0|
    |Window_sroa_134_0_fu_106                   |   8|   0|    8|          0|
    |Window_sroa_137_0_fu_334                   |   8|   0|    8|          0|
    |Window_sroa_140_0_fu_338                   |   8|   0|    8|          0|
    |Window_sroa_143_0_fu_342                   |   8|   0|    8|          0|
    |Window_sroa_146_0_fu_346                   |   8|   0|    8|          0|
    |Window_sroa_149_0_fu_350                   |   8|   0|    8|          0|
    |Window_sroa_152_0_fu_354                   |   8|   0|    8|          0|
    |Window_sroa_155_0_fu_358                   |   8|   0|    8|          0|
    |Window_sroa_158_0_fu_362                   |   8|   0|    8|          0|
    |Window_sroa_161_0_fu_366                   |   8|   0|    8|          0|
    |Window_sroa_164_0_fu_370                   |   8|   0|    8|          0|
    |Window_sroa_167_0_fu_374                   |   8|   0|    8|          0|
    |Window_sroa_170_0_fu_378                   |   8|   0|    8|          0|
    |Window_sroa_173_0_fu_382                   |   8|   0|    8|          0|
    |Window_sroa_178_0_fu_110                   |   8|   0|    8|          0|
    |Window_sroa_181_0_fu_390                   |   8|   0|    8|          0|
    |Window_sroa_184_0_fu_394                   |   8|   0|    8|          0|
    |Window_sroa_187_0_fu_398                   |   8|   0|    8|          0|
    |Window_sroa_190_0_fu_402                   |   8|   0|    8|          0|
    |Window_sroa_193_0_fu_406                   |   8|   0|    8|          0|
    |Window_sroa_196_0_fu_410                   |   8|   0|    8|          0|
    |Window_sroa_199_0_fu_414                   |   8|   0|    8|          0|
    |Window_sroa_202_0_fu_418                   |   8|   0|    8|          0|
    |Window_sroa_205_0_fu_422                   |   8|   0|    8|          0|
    |Window_sroa_208_0_fu_426                   |   8|   0|    8|          0|
    |Window_sroa_211_0_fu_430                   |   8|   0|    8|          0|
    |Window_sroa_214_0_fu_434                   |   8|   0|    8|          0|
    |Window_sroa_217_0_fu_438                   |   8|   0|    8|          0|
    |Window_sroa_222_0_fu_118                   |   8|   0|    8|          0|
    |Window_sroa_225_0_fu_442                   |   8|   0|    8|          0|
    |Window_sroa_228_0_fu_446                   |   8|   0|    8|          0|
    |Window_sroa_231_0_fu_450                   |   8|   0|    8|          0|
    |Window_sroa_234_0_fu_454                   |   8|   0|    8|          0|
    |Window_sroa_237_0_fu_458                   |   8|   0|    8|          0|
    |Window_sroa_240_0_fu_462                   |   8|   0|    8|          0|
    |Window_sroa_243_0_fu_466                   |   8|   0|    8|          0|
    |Window_sroa_246_0_fu_470                   |   8|   0|    8|          0|
    |Window_sroa_249_0_fu_474                   |   8|   0|    8|          0|
    |Window_sroa_252_0_fu_478                   |   8|   0|    8|          0|
    |Window_sroa_255_0_fu_482                   |   8|   0|    8|          0|
    |Window_sroa_258_0_fu_486                   |   8|   0|    8|          0|
    |Window_sroa_261_0_fu_490                   |   8|   0|    8|          0|
    |Window_sroa_266_0_fu_122                   |   8|   0|    8|          0|
    |Window_sroa_269_0_fu_498                   |   8|   0|    8|          0|
    |Window_sroa_26_0_fu_202                    |   8|   0|    8|          0|
    |Window_sroa_272_0_fu_502                   |   8|   0|    8|          0|
    |Window_sroa_275_0_fu_506                   |   8|   0|    8|          0|
    |Window_sroa_278_0_fu_510                   |   8|   0|    8|          0|
    |Window_sroa_281_0_fu_514                   |   8|   0|    8|          0|
    |Window_sroa_284_0_fu_518                   |   8|   0|    8|          0|
    |Window_sroa_287_0_fu_522                   |   8|   0|    8|          0|
    |Window_sroa_290_0_fu_526                   |   8|   0|    8|          0|
    |Window_sroa_293_0_fu_530                   |   8|   0|    8|          0|
    |Window_sroa_296_0_fu_534                   |   8|   0|    8|          0|
    |Window_sroa_299_0_fu_538                   |   8|   0|    8|          0|
    |Window_sroa_29_0_fu_206                    |   8|   0|    8|          0|
    |Window_sroa_302_0_fu_542                   |   8|   0|    8|          0|
    |Window_sroa_305_0_fu_546                   |   8|   0|    8|          0|
    |Window_sroa_310_0_fu_130                   |   8|   0|    8|          0|
    |Window_sroa_313_0_fu_550                   |   8|   0|    8|          0|
    |Window_sroa_316_0_fu_554                   |   8|   0|    8|          0|
    |Window_sroa_319_0_fu_558                   |   8|   0|    8|          0|
    |Window_sroa_322_0_fu_562                   |   8|   0|    8|          0|
    |Window_sroa_325_0_fu_566                   |   8|   0|    8|          0|
    |Window_sroa_328_0_fu_570                   |   8|   0|    8|          0|
    |Window_sroa_32_0_fu_210                    |   8|   0|    8|          0|
    |Window_sroa_331_0_fu_574                   |   8|   0|    8|          0|
    |Window_sroa_334_0_fu_578                   |   8|   0|    8|          0|
    |Window_sroa_337_0_fu_582                   |   8|   0|    8|          0|
    |Window_sroa_340_0_fu_586                   |   8|   0|    8|          0|
    |Window_sroa_343_0_fu_590                   |   8|   0|    8|          0|
    |Window_sroa_346_0_fu_594                   |   8|   0|    8|          0|
    |Window_sroa_349_0_fu_598                   |   8|   0|    8|          0|
    |Window_sroa_354_0_fu_134                   |   8|   0|    8|          0|
    |Window_sroa_357_0_fu_606                   |   8|   0|    8|          0|
    |Window_sroa_35_0_fu_214                    |   8|   0|    8|          0|
    |Window_sroa_360_0_fu_610                   |   8|   0|    8|          0|
    |Window_sroa_363_0_fu_614                   |   8|   0|    8|          0|
    |Window_sroa_366_0_fu_618                   |   8|   0|    8|          0|
    |Window_sroa_369_0_fu_622                   |   8|   0|    8|          0|
    |Window_sroa_372_0_fu_626                   |   8|   0|    8|          0|
    |Window_sroa_375_0_fu_630                   |   8|   0|    8|          0|
    |Window_sroa_378_0_fu_634                   |   8|   0|    8|          0|
    |Window_sroa_381_0_fu_638                   |   8|   0|    8|          0|
    |Window_sroa_384_0_fu_642                   |   8|   0|    8|          0|
    |Window_sroa_387_0_fu_646                   |   8|   0|    8|          0|
    |Window_sroa_38_0_fu_218                    |   8|   0|    8|          0|
    |Window_sroa_390_0_fu_650                   |   8|   0|    8|          0|
    |Window_sroa_393_0_fu_654                   |   8|   0|    8|          0|
    |Window_sroa_398_0_fu_142                   |   8|   0|    8|          0|
    |Window_sroa_401_0_fu_658                   |   8|   0|    8|          0|
    |Window_sroa_404_0_fu_662                   |   8|   0|    8|          0|
    |Window_sroa_407_0_fu_666                   |   8|   0|    8|          0|
    |Window_sroa_410_0_fu_670                   |   8|   0|    8|          0|
    |Window_sroa_413_0_fu_674                   |   8|   0|    8|          0|
    |Window_sroa_416_0_fu_678                   |   8|   0|    8|          0|
    |Window_sroa_419_0_fu_682                   |   8|   0|    8|          0|
    |Window_sroa_41_0_fu_222                    |   8|   0|    8|          0|
    |Window_sroa_422_0_fu_686                   |   8|   0|    8|          0|
    |Window_sroa_425_0_fu_690                   |   8|   0|    8|          0|
    |Window_sroa_428_0_fu_694                   |   8|   0|    8|          0|
    |Window_sroa_431_0_fu_698                   |   8|   0|    8|          0|
    |Window_sroa_434_0_fu_702                   |   8|   0|    8|          0|
    |Window_sroa_437_0_fu_706                   |   8|   0|    8|          0|
    |Window_sroa_442_0_fu_146                   |   8|   0|    8|          0|
    |Window_sroa_445_0_fu_714                   |   8|   0|    8|          0|
    |Window_sroa_448_0_fu_718                   |   8|   0|    8|          0|
    |Window_sroa_451_0_fu_722                   |   8|   0|    8|          0|
    |Window_sroa_454_0_fu_726                   |   8|   0|    8|          0|
    |Window_sroa_457_0_fu_730                   |   8|   0|    8|          0|
    |Window_sroa_460_0_fu_734                   |   8|   0|    8|          0|
    |Window_sroa_463_0_fu_738                   |   8|   0|    8|          0|
    |Window_sroa_466_0_fu_742                   |   8|   0|    8|          0|
    |Window_sroa_469_0_fu_746                   |   8|   0|    8|          0|
    |Window_sroa_46_0_fu_94                     |   8|   0|    8|          0|
    |Window_sroa_472_0_fu_750                   |   8|   0|    8|          0|
    |Window_sroa_475_0_fu_754                   |   8|   0|    8|          0|
    |Window_sroa_478_0_fu_758                   |   8|   0|    8|          0|
    |Window_sroa_481_0_fu_762                   |   8|   0|    8|          0|
    |Window_sroa_486_0_fu_154                   |   8|   0|    8|          0|
    |Window_sroa_489_0_fu_766                   |   8|   0|    8|          0|
    |Window_sroa_492_0_fu_770                   |   8|   0|    8|          0|
    |Window_sroa_495_0_fu_774                   |   8|   0|    8|          0|
    |Window_sroa_498_0_fu_778                   |   8|   0|    8|          0|
    |Window_sroa_49_0_fu_226                    |   8|   0|    8|          0|
    |Window_sroa_501_0_fu_782                   |   8|   0|    8|          0|
    |Window_sroa_504_0_fu_786                   |   8|   0|    8|          0|
    |Window_sroa_507_0_fu_790                   |   8|   0|    8|          0|
    |Window_sroa_510_0_fu_794                   |   8|   0|    8|          0|
    |Window_sroa_513_0_fu_798                   |   8|   0|    8|          0|
    |Window_sroa_516_0_fu_802                   |   8|   0|    8|          0|
    |Window_sroa_519_0_fu_806                   |   8|   0|    8|          0|
    |Window_sroa_522_0_fu_810                   |   8|   0|    8|          0|
    |Window_sroa_525_0_fu_814                   |   8|   0|    8|          0|
    |Window_sroa_52_0_fu_230                    |   8|   0|    8|          0|
    |Window_sroa_530_0_fu_158                   |   8|   0|    8|          0|
    |Window_sroa_533_0_fu_822                   |   8|   0|    8|          0|
    |Window_sroa_536_0_fu_826                   |   8|   0|    8|          0|
    |Window_sroa_539_0_fu_830                   |   8|   0|    8|          0|
    |Window_sroa_542_0_fu_834                   |   8|   0|    8|          0|
    |Window_sroa_545_0_fu_838                   |   8|   0|    8|          0|
    |Window_sroa_548_0_fu_842                   |   8|   0|    8|          0|
    |Window_sroa_551_0_fu_846                   |   8|   0|    8|          0|
    |Window_sroa_554_0_fu_850                   |   8|   0|    8|          0|
    |Window_sroa_557_0_fu_854                   |   8|   0|    8|          0|
    |Window_sroa_55_0_fu_234                    |   8|   0|    8|          0|
    |Window_sroa_560_0_fu_858                   |   8|   0|    8|          0|
    |Window_sroa_563_0_fu_862                   |   8|   0|    8|          0|
    |Window_sroa_566_0_fu_866                   |   8|   0|    8|          0|
    |Window_sroa_569_0_fu_870                   |   8|   0|    8|          0|
    |Window_sroa_574_0_fu_166                   |   8|   0|    8|          0|
    |Window_sroa_577_0_fu_874                   |   8|   0|    8|          0|
    |Window_sroa_580_0_fu_878                   |   8|   0|    8|          0|
    |Window_sroa_583_0_fu_882                   |   8|   0|    8|          0|
    |Window_sroa_586_0_fu_886                   |   8|   0|    8|          0|
    |Window_sroa_589_0_fu_890                   |   8|   0|    8|          0|
    |Window_sroa_58_0_fu_238                    |   8|   0|    8|          0|
    |Window_sroa_592_0_fu_894                   |   8|   0|    8|          0|
    |Window_sroa_595_0_fu_898                   |   8|   0|    8|          0|
    |Window_sroa_598_0_fu_902                   |   8|   0|    8|          0|
    |Window_sroa_601_0_fu_906                   |   8|   0|    8|          0|
    |Window_sroa_604_0_fu_910                   |   8|   0|    8|          0|
    |Window_sroa_607_0_fu_914                   |   8|   0|    8|          0|
    |Window_sroa_610_0_fu_918                   |   8|   0|    8|          0|
    |Window_sroa_613_0_fu_922                   |   8|   0|    8|          0|
    |Window_sroa_618_0_fu_162                   |   8|   0|    8|          0|
    |Window_sroa_61_0_fu_242                    |   8|   0|    8|          0|
    |Window_sroa_624_0_fu_150                   |   8|   0|    8|          0|
    |Window_sroa_630_0_fu_138                   |   8|   0|    8|          0|
    |Window_sroa_636_0_fu_126                   |   8|   0|    8|          0|
    |Window_sroa_642_0_fu_114                   |   8|   0|    8|          0|
    |Window_sroa_648_0_fu_102                   |   8|   0|    8|          0|
    |Window_sroa_64_0_fu_246                    |   8|   0|    8|          0|
    |Window_sroa_654_0_fu_90                    |   8|   0|    8|          0|
    |Window_sroa_67_0_fu_250                    |   8|   0|    8|          0|
    |Window_sroa_70_0_fu_254                    |   8|   0|    8|          0|
    |Window_sroa_73_0_fu_258                    |   8|   0|    8|          0|
    |Window_sroa_76_0_fu_262                    |   8|   0|    8|          0|
    |Window_sroa_79_0_fu_266                    |   8|   0|    8|          0|
    |Window_sroa_82_0_fu_270                    |   8|   0|    8|          0|
    |Window_sroa_85_0_fu_274                    |   8|   0|    8|          0|
    |Window_sroa_90_0_fu_98                     |   8|   0|    8|          0|
    |Window_sroa_93_0_fu_282                    |   8|   0|    8|          0|
    |Window_sroa_96_0_fu_286                    |   8|   0|    8|          0|
    |Window_sroa_99_0_fu_290                    |   8|   0|    8|          0|
    |ap_CS_fsm                                  |   1|   0|    1|          0|
    |ap_done_reg                                |   1|   0|    1|          0|
    |ap_enable_reg_pp0_iter1                    |   1|   0|    1|          0|
    |ap_enable_reg_pp0_iter2                    |   1|   0|    1|          0|
    |ap_enable_reg_pp0_iter3                    |   1|   0|    1|          0|
    |ap_loop_exit_ready_pp0_iter2_reg           |   1|   0|    1|          0|
    |ap_loop_exit_ready_pp0_iter3_reg           |   1|   0|    1|          0|
    |ap_phi_reg_pp0_iter1_new_pixel_reg_1209    |   8|   0|    8|          0|
    |ap_phi_reg_pp0_iter2_new_pixel_reg_1209    |   8|   0|    8|          0|
    |ap_phi_reg_pp0_iter3_new_pixel_reg_1209    |   8|   0|    8|          0|
    |col_ptr_fu_78                              |  32|   0|   32|          0|
    |icmp_ln103_reg_4740                        |   1|   0|    1|          0|
    |icmp_ln103_reg_4740_pp0_iter2_reg          |   1|   0|    1|          0|
    |icmp_ln109_reg_4744                        |   1|   0|    1|          0|
    |icmp_ln133_reg_4831                        |   1|   0|    1|          0|
    |icmp_ln133_reg_4831_pp0_iter2_reg          |   1|   0|    1|          0|
    |n_fu_82                                    |  32|   0|   32|          0|
    |new_pixel_1_fu_170                         |   8|   0|    8|          0|
    |new_pixel_2_fu_278                         |   8|   0|    8|          0|
    |new_pixel_3_fu_386                         |   8|   0|    8|          0|
    |new_pixel_4_fu_494                         |   8|   0|    8|          0|
    |new_pixel_5_fu_602                         |   8|   0|    8|          0|
    |new_pixel_6_fu_710                         |   8|   0|    8|          0|
    |new_pixel_7_fu_818                         |   8|   0|    8|          0|
    |sext_ln103_cast_reg_4735                   |  32|   0|   32|          0|
    |sext_ln96_cast_reg_4730                    |  32|   0|   32|          0|
    +-------------------------------------------+----+----+-----+-----------+
    |Total                                      |2113|   0| 2113|          0|
    +-------------------------------------------+----+----+-----+-----------+



================================================================
== Interface
================================================================
* Summary: 
+------------------------+-----+------+------------+---------------------------------+--------------+
|        RTL Ports       | Dir | Bits |  Protocol  |          Source Object          |    C Type    |
+------------------------+-----+------+------------+---------------------------------+--------------+
|ap_clk                  |   in|     1|  ap_ctrl_hs|  Window2D_Pipeline_update_window|  return value|
|ap_rst                  |   in|     1|  ap_ctrl_hs|  Window2D_Pipeline_update_window|  return value|
|ap_start                |   in|     1|  ap_ctrl_hs|  Window2D_Pipeline_update_window|  return value|
|ap_done                 |  out|     1|  ap_ctrl_hs|  Window2D_Pipeline_update_window|  return value|
|ap_idle                 |  out|     1|  ap_ctrl_hs|  Window2D_Pipeline_update_window|  return value|
|ap_ready                |  out|     1|  ap_ctrl_hs|  Window2D_Pipeline_update_window|  return value|
|pixel_stream20_dout     |   in|     8|     ap_fifo|                   pixel_stream20|       pointer|
|pixel_stream20_empty_n  |   in|     1|     ap_fifo|                   pixel_stream20|       pointer|
|pixel_stream20_read     |  out|     1|     ap_fifo|                   pixel_stream20|       pointer|
|window_stream_din       |  out|  1800|     ap_fifo|                    window_stream|       pointer|
|window_stream_full_n    |   in|     1|     ap_fifo|                    window_stream|       pointer|
|window_stream_write     |  out|     1|     ap_fifo|                    window_stream|       pointer|
|num_iterations          |   in|    32|     ap_none|                   num_iterations|        scalar|
|LineBuffer_address0     |  out|    11|   ap_memory|                       LineBuffer|         array|
|LineBuffer_ce0          |  out|     1|   ap_memory|                       LineBuffer|         array|
|LineBuffer_we0          |  out|     1|   ap_memory|                       LineBuffer|         array|
|LineBuffer_d0           |  out|     8|   ap_memory|                       LineBuffer|         array|
|LineBuffer_q0           |   in|     8|   ap_memory|                       LineBuffer|         array|
|LineBuffer_1_address0   |  out|    11|   ap_memory|                     LineBuffer_1|         array|
|LineBuffer_1_ce0        |  out|     1|   ap_memory|                     LineBuffer_1|         array|
|LineBuffer_1_we0        |  out|     1|   ap_memory|                     LineBuffer_1|         array|
|LineBuffer_1_d0         |  out|     8|   ap_memory|                     LineBuffer_1|         array|
|LineBuffer_1_address1   |  out|    11|   ap_memory|                     LineBuffer_1|         array|
|LineBuffer_1_ce1        |  out|     1|   ap_memory|                     LineBuffer_1|         array|
|LineBuffer_1_q1         |   in|     8|   ap_memory|                     LineBuffer_1|         array|
|LineBuffer_2_address0   |  out|    11|   ap_memory|                     LineBuffer_2|         array|
|LineBuffer_2_ce0        |  out|     1|   ap_memory|                     LineBuffer_2|         array|
|LineBuffer_2_we0        |  out|     1|   ap_memory|                     LineBuffer_2|         array|
|LineBuffer_2_d0         |  out|     8|   ap_memory|                     LineBuffer_2|         array|
|LineBuffer_2_address1   |  out|    11|   ap_memory|                     LineBuffer_2|         array|
|LineBuffer_2_ce1        |  out|     1|   ap_memory|                     LineBuffer_2|         array|
|LineBuffer_2_q1         |   in|     8|   ap_memory|                     LineBuffer_2|         array|
|LineBuffer_3_address0   |  out|    11|   ap_memory|                     LineBuffer_3|         array|
|LineBuffer_3_ce0        |  out|     1|   ap_memory|                     LineBuffer_3|         array|
|LineBuffer_3_we0        |  out|     1|   ap_memory|                     LineBuffer_3|         array|
|LineBuffer_3_d0         |  out|     8|   ap_memory|                     LineBuffer_3|         array|
|LineBuffer_3_address1   |  out|    11|   ap_memory|                     LineBuffer_3|         array|
|LineBuffer_3_ce1        |  out|     1|   ap_memory|                     LineBuffer_3|         array|
|LineBuffer_3_q1         |   in|     8|   ap_memory|                     LineBuffer_3|         array|
|LineBuffer_4_address0   |  out|    11|   ap_memory|                     LineBuffer_4|         array|
|LineBuffer_4_ce0        |  out|     1|   ap_memory|                     LineBuffer_4|         array|
|LineBuffer_4_we0        |  out|     1|   ap_memory|                     LineBuffer_4|         array|
|LineBuffer_4_d0         |  out|     8|   ap_memory|                     LineBuffer_4|         array|
|LineBuffer_4_address1   |  out|    11|   ap_memory|                     LineBuffer_4|         array|
|LineBuffer_4_ce1        |  out|     1|   ap_memory|                     LineBuffer_4|         array|
|LineBuffer_4_q1         |   in|     8|   ap_memory|                     LineBuffer_4|         array|
|LineBuffer_5_address0   |  out|    11|   ap_memory|                     LineBuffer_5|         array|
|LineBuffer_5_ce0        |  out|     1|   ap_memory|                     LineBuffer_5|         array|
|LineBuffer_5_we0        |  out|     1|   ap_memory|                     LineBuffer_5|         array|
|LineBuffer_5_d0         |  out|     8|   ap_memory|                     LineBuffer_5|         array|
|LineBuffer_5_address1   |  out|    11|   ap_memory|                     LineBuffer_5|         array|
|LineBuffer_5_ce1        |  out|     1|   ap_memory|                     LineBuffer_5|         array|
|LineBuffer_5_q1         |   in|     8|   ap_memory|                     LineBuffer_5|         array|
|LineBuffer_6_address0   |  out|    11|   ap_memory|                     LineBuffer_6|         array|
|LineBuffer_6_ce0        |  out|     1|   ap_memory|                     LineBuffer_6|         array|
|LineBuffer_6_we0        |  out|     1|   ap_memory|                     LineBuffer_6|         array|
|LineBuffer_6_d0         |  out|     8|   ap_memory|                     LineBuffer_6|         array|
|LineBuffer_6_address1   |  out|    11|   ap_memory|                     LineBuffer_6|         array|
|LineBuffer_6_ce1        |  out|     1|   ap_memory|                     LineBuffer_6|         array|
|LineBuffer_6_q1         |   in|     8|   ap_memory|                     LineBuffer_6|         array|
|LineBuffer_7_address0   |  out|    11|   ap_memory|                     LineBuffer_7|         array|
|LineBuffer_7_ce0        |  out|     1|   ap_memory|                     LineBuffer_7|         array|
|LineBuffer_7_we0        |  out|     1|   ap_memory|                     LineBuffer_7|         array|
|LineBuffer_7_d0         |  out|     8|   ap_memory|                     LineBuffer_7|         array|
|LineBuffer_7_address1   |  out|    11|   ap_memory|                     LineBuffer_7|         array|
|LineBuffer_7_ce1        |  out|     1|   ap_memory|                     LineBuffer_7|         array|
|LineBuffer_7_q1         |   in|     8|   ap_memory|                     LineBuffer_7|         array|
|LineBuffer_8_address0   |  out|    11|   ap_memory|                     LineBuffer_8|         array|
|LineBuffer_8_ce0        |  out|     1|   ap_memory|                     LineBuffer_8|         array|
|LineBuffer_8_we0        |  out|     1|   ap_memory|                     LineBuffer_8|         array|
|LineBuffer_8_d0         |  out|     8|   ap_memory|                     LineBuffer_8|         array|
|LineBuffer_8_address1   |  out|    11|   ap_memory|                     LineBuffer_8|         array|
|LineBuffer_8_ce1        |  out|     1|   ap_memory|                     LineBuffer_8|         array|
|LineBuffer_8_q1         |   in|     8|   ap_memory|                     LineBuffer_8|         array|
|LineBuffer_9_address0   |  out|    11|   ap_memory|                     LineBuffer_9|         array|
|LineBuffer_9_ce0        |  out|     1|   ap_memory|                     LineBuffer_9|         array|
|LineBuffer_9_we0        |  out|     1|   ap_memory|                     LineBuffer_9|         array|
|LineBuffer_9_d0         |  out|     8|   ap_memory|                     LineBuffer_9|         array|
|LineBuffer_9_address1   |  out|    11|   ap_memory|                     LineBuffer_9|         array|
|LineBuffer_9_ce1        |  out|     1|   ap_memory|                     LineBuffer_9|         array|
|LineBuffer_9_q1         |   in|     8|   ap_memory|                     LineBuffer_9|         array|
|LineBuffer_10_address0  |  out|    11|   ap_memory|                    LineBuffer_10|         array|
|LineBuffer_10_ce0       |  out|     1|   ap_memory|                    LineBuffer_10|         array|
|LineBuffer_10_we0       |  out|     1|   ap_memory|                    LineBuffer_10|         array|
|LineBuffer_10_d0        |  out|     8|   ap_memory|                    LineBuffer_10|         array|
|LineBuffer_10_address1  |  out|    11|   ap_memory|                    LineBuffer_10|         array|
|LineBuffer_10_ce1       |  out|     1|   ap_memory|                    LineBuffer_10|         array|
|LineBuffer_10_q1        |   in|     8|   ap_memory|                    LineBuffer_10|         array|
|LineBuffer_11_address0  |  out|    11|   ap_memory|                    LineBuffer_11|         array|
|LineBuffer_11_ce0       |  out|     1|   ap_memory|                    LineBuffer_11|         array|
|LineBuffer_11_we0       |  out|     1|   ap_memory|                    LineBuffer_11|         array|
|LineBuffer_11_d0        |  out|     8|   ap_memory|                    LineBuffer_11|         array|
|LineBuffer_11_address1  |  out|    11|   ap_memory|                    LineBuffer_11|         array|
|LineBuffer_11_ce1       |  out|     1|   ap_memory|                    LineBuffer_11|         array|
|LineBuffer_11_q1        |   in|     8|   ap_memory|                    LineBuffer_11|         array|
|LineBuffer_12_address0  |  out|    11|   ap_memory|                    LineBuffer_12|         array|
|LineBuffer_12_ce0       |  out|     1|   ap_memory|                    LineBuffer_12|         array|
|LineBuffer_12_we0       |  out|     1|   ap_memory|                    LineBuffer_12|         array|
|LineBuffer_12_d0        |  out|     8|   ap_memory|                    LineBuffer_12|         array|
|LineBuffer_12_address1  |  out|    11|   ap_memory|                    LineBuffer_12|         array|
|LineBuffer_12_ce1       |  out|     1|   ap_memory|                    LineBuffer_12|         array|
|LineBuffer_12_q1        |   in|     8|   ap_memory|                    LineBuffer_12|         array|
|LineBuffer_13_address0  |  out|    11|   ap_memory|                    LineBuffer_13|         array|
|LineBuffer_13_ce0       |  out|     1|   ap_memory|                    LineBuffer_13|         array|
|LineBuffer_13_we0       |  out|     1|   ap_memory|                    LineBuffer_13|         array|
|LineBuffer_13_d0        |  out|     8|   ap_memory|                    LineBuffer_13|         array|
|LineBuffer_13_address1  |  out|    11|   ap_memory|                    LineBuffer_13|         array|
|LineBuffer_13_ce1       |  out|     1|   ap_memory|                    LineBuffer_13|         array|
|LineBuffer_13_q1        |   in|     8|   ap_memory|                    LineBuffer_13|         array|
|sext_ln103              |   in|    17|     ap_none|                       sext_ln103|        scalar|
|sext_ln96               |   in|    20|     ap_none|                        sext_ln96|        scalar|
|num_pixels              |   in|    32|     ap_none|                       num_pixels|        scalar|
+------------------------+-----+------+------------+---------------------------------+--------------+

