

================================================================
== Vitis HLS Report for 'WriteToMem'
================================================================
* Date:           Tue Mar 29 06:54:42 2022

* Version:        2021.2 (Build 3367213 on Tue Oct 19 02:47:39 MDT 2021)
* Project:        conv_filter_prj
* Solution:       solution (Vitis Kernel Flow Target)
* Product family: virtexuplus
* Target device:  xcu200-fsgd2104-2-e


================================================================
== Performance Estimates
================================================================
+ Timing: 
    * Summary: 
    +--------+---------+----------+------------+
    |  Clock |  Target | Estimated| Uncertainty|
    +--------+---------+----------+------------+
    |ap_clk  |  3.33 ns|  2.433 ns|     0.90 ns|
    +--------+---------+----------+------------+

+ Latency: 
    * Summary: 
    +---------+---------+-----------+----------+-----+---------+---------+
    |  Latency (cycles) |  Latency (absolute)  |    Interval   | Pipeline|
    |   min   |   max   |    min    |    max   | min |   max   |   Type  |
    +---------+---------+-----------+----------+-----+---------+---------+
    |        4|  2210837|  13.332 ns|  7.369 ms|    4|  2210837|       no|
    +---------+---------+-----------+----------+-----+---------+---------+

    + Detail: 
        * Instance: 
        +--------------------------------------------+---------------------------------+---------+---------+-----------+----------+-----+---------+---------+
        |                                            |                                 |  Latency (cycles) |  Latency (absolute)  |    Interval   | Pipeline|
        |                  Instance                  |              Module             |   min   |   max   |    min    |    max   | min |   max   |   Type  |
        +--------------------------------------------+---------------------------------+---------+---------+-----------+----------+-----+---------+---------+
        |grp_WriteToMem_Pipeline_write_image_fu_103  |WriteToMem_Pipeline_write_image  |        4|  2210763|  13.332 ns|  7.368 ms|    4|  2210763|       no|
        +--------------------------------------------+---------------------------------+---------+---------+-----------+----------+-----+---------+---------+

        * Loop: 
        N/A



================================================================
== Utilization Estimates
================================================================
* Summary: 
+---------------------+---------+------+---------+---------+-----+
|         Name        | BRAM_18K|  DSP |    FF   |   LUT   | URAM|
+---------------------+---------+------+---------+---------+-----+
|DSP                  |        -|     1|        -|        -|    -|
|Expression           |        -|     -|        0|       38|    -|
|FIFO                 |        -|     -|        -|        -|    -|
|Instance             |        -|     -|      640|      692|    -|
|Memory               |        -|     -|        -|        -|    -|
|Multiplexer          |        -|     -|        -|      569|    -|
|Register             |        -|     -|      249|        -|    -|
+---------------------+---------+------+---------+---------+-----+
|Total                |        0|     1|      889|     1299|    0|
+---------------------+---------+------+---------+---------+-----+
|Available SLR        |     1440|  2280|   788160|   394080|  320|
+---------------------+---------+------+---------+---------+-----+
|Utilization SLR (%)  |        0|    ~0|       ~0|       ~0|    0|
+---------------------+---------+------+---------+---------+-----+
|Available            |     4320|  6840|  2364480|  1182240|  960|
+---------------------+---------+------+---------+---------+-----+
|Utilization (%)      |        0|    ~0|       ~0|       ~0|    0|
+---------------------+---------+------+---------+---------+-----+

+ Detail: 
    * Instance: 
    +--------------------------------------------+---------------------------------+---------+----+-----+-----+-----+
    |                  Instance                  |              Module             | BRAM_18K| DSP|  FF | LUT | URAM|
    +--------------------------------------------+---------------------------------+---------+----+-----+-----+-----+
    |grp_WriteToMem_Pipeline_write_image_fu_103  |WriteToMem_Pipeline_write_image  |        0|   0|  640|  692|    0|
    +--------------------------------------------+---------------------------------+---------+----+-----+-----+-----+
    |Total                                       |                                 |        0|   0|  640|  692|    0|
    +--------------------------------------------+---------------------------------+---------+----+-----+-----+-----+

    * DSP: 
    +-------------------------------+--------------------------+-----------+
    |            Instance           |          Module          | Expression|
    +-------------------------------+--------------------------+-----------+
    |mul_mul_16ns_11ns_22_4_1_U774  |mul_mul_16ns_11ns_22_4_1  |    i0 * i1|
    +-------------------------------+--------------------------+-----------+

    * Memory: 
    N/A

    * FIFO: 
    N/A

    * Expression: 
    +---------------------+----------+----+---+----+------------+------------+
    |    Variable Name    | Operation| DSP| FF| LUT| Bitwidth P0| Bitwidth P1|
    +---------------------+----------+----+---+----+------------+------------+
    |sub_fu_144_p2        |         +|   0|  0|  19|          12|           2|
    |ap_block_state75     |       and|   0|  0|   2|           1|           1|
    |icmp_ln67_fu_150_p2  |      icmp|   0|  0|  15|          22|           1|
    |ap_block_state1      |        or|   0|  0|   2|           1|           1|
    +---------------------+----------+----+---+----+------------+------------+
    |Total                |          |   0|  0|  38|          36|           5|
    +---------------------+----------+----+---+----+------------+------------+

    * Multiplexer: 
    +----------------------+-----+-----------+-----+-----------+
    |         Name         | LUT | Input Size| Bits| Total Bits|
    +----------------------+-----+-----------+-----+-----------+
    |ap_NS_fsm             |  351|         76|    1|         76|
    |ap_done               |    9|          2|    1|          2|
    |dst_blk_n             |    9|          2|    1|          2|
    |gmem_blk_n_AW         |    9|          2|    1|          2|
    |gmem_blk_n_B          |    9|          2|    1|          2|
    |height_blk_n          |    9|          2|    1|          2|
    |m_axi_gmem_AWADDR     |   14|          3|   64|        192|
    |m_axi_gmem_AWBURST    |    9|          2|    2|          4|
    |m_axi_gmem_AWCACHE    |    9|          2|    4|          8|
    |m_axi_gmem_AWID       |    9|          2|    1|          2|
    |m_axi_gmem_AWLEN      |   14|          3|   32|         96|
    |m_axi_gmem_AWLOCK     |    9|          2|    2|          4|
    |m_axi_gmem_AWPROT     |    9|          2|    3|          6|
    |m_axi_gmem_AWQOS      |    9|          2|    4|          8|
    |m_axi_gmem_AWREGION   |    9|          2|    4|          8|
    |m_axi_gmem_AWSIZE     |    9|          2|    3|          6|
    |m_axi_gmem_AWUSER     |    9|          2|    1|          2|
    |m_axi_gmem_AWVALID    |   14|          3|    1|          3|
    |m_axi_gmem_BREADY     |   14|          3|    1|          3|
    |m_axi_gmem_WVALID     |    9|          2|    1|          2|
    |output_stream21_read  |    9|          2|    1|          2|
    |stride_blk_n          |    9|          2|    1|          2|
    |width_blk_n           |    9|          2|    1|          2|
    +----------------------+-----+-----------+-----+-----------+
    |Total                 |  569|        124|  132|        436|
    +----------------------+-----+-----------+-----+-----------+

    * Register: 
    +---------------------------------------------------------+----+----+-----+-----------+
    |                           Name                          | FF | LUT| Bits| Const Bits|
    +---------------------------------------------------------+----+----+-----+-----------+
    |ap_CS_fsm                                                |  75|   0|   75|          0|
    |ap_done_reg                                              |   1|   0|    1|          0|
    |dst_read_reg_195                                         |  64|   0|   64|          0|
    |grp_WriteToMem_Pipeline_write_image_fu_103_ap_start_reg  |   1|   0|    1|          0|
    |icmp_ln67_reg_231                                        |   1|   0|    1|          0|
    |mul9_reg_220                                             |  22|   0|   22|          0|
    |stride_assign_reg_210                                    |   5|   0|   11|          6|
    |sub_reg_226                                              |   6|   0|   12|          6|
    |trunc_ln_reg_235                                         |  58|   0|   58|          0|
    |width_read_reg_200                                       |  16|   0|   16|          0|
    +---------------------------------------------------------+----+----+-----+-----------+
    |Total                                                    | 249|   0|  261|         12|
    +---------------------------------------------------------+----+----+-----+-----------+



================================================================
== Interface
================================================================
* Summary: 
+-------------------------+-----+-----+------------+-----------------+--------------+
|        RTL Ports        | Dir | Bits|  Protocol  |  Source Object  |    C Type    |
+-------------------------+-----+-----+------------+-----------------+--------------+
|ap_clk                   |   in|    1|  ap_ctrl_hs|       WriteToMem|  return value|
|ap_rst                   |   in|    1|  ap_ctrl_hs|       WriteToMem|  return value|
|ap_start                 |   in|    1|  ap_ctrl_hs|       WriteToMem|  return value|
|ap_done                  |  out|    1|  ap_ctrl_hs|       WriteToMem|  return value|
|ap_continue              |   in|    1|  ap_ctrl_hs|       WriteToMem|  return value|
|ap_idle                  |  out|    1|  ap_ctrl_hs|       WriteToMem|  return value|
|ap_ready                 |  out|    1|  ap_ctrl_hs|       WriteToMem|  return value|
|width_dout               |   in|   16|     ap_fifo|            width|       pointer|
|width_empty_n            |   in|    1|     ap_fifo|            width|       pointer|
|width_read               |  out|    1|     ap_fifo|            width|       pointer|
|height_dout              |   in|   16|     ap_fifo|           height|       pointer|
|height_empty_n           |   in|    1|     ap_fifo|           height|       pointer|
|height_read              |  out|    1|     ap_fifo|           height|       pointer|
|stride_dout              |   in|   16|     ap_fifo|           stride|       pointer|
|stride_empty_n           |   in|    1|     ap_fifo|           stride|       pointer|
|stride_read              |  out|    1|     ap_fifo|           stride|       pointer|
|output_stream21_dout     |   in|    8|     ap_fifo|  output_stream21|       pointer|
|output_stream21_empty_n  |   in|    1|     ap_fifo|  output_stream21|       pointer|
|output_stream21_read     |  out|    1|     ap_fifo|  output_stream21|       pointer|
|m_axi_gmem_AWVALID       |  out|    1|       m_axi|             gmem|       pointer|
|m_axi_gmem_AWREADY       |   in|    1|       m_axi|             gmem|       pointer|
|m_axi_gmem_AWADDR        |  out|   64|       m_axi|             gmem|       pointer|
|m_axi_gmem_AWID          |  out|    1|       m_axi|             gmem|       pointer|
|m_axi_gmem_AWLEN         |  out|   32|       m_axi|             gmem|       pointer|
|m_axi_gmem_AWSIZE        |  out|    3|       m_axi|             gmem|       pointer|
|m_axi_gmem_AWBURST       |  out|    2|       m_axi|             gmem|       pointer|
|m_axi_gmem_AWLOCK        |  out|    2|       m_axi|             gmem|       pointer|
|m_axi_gmem_AWCACHE       |  out|    4|       m_axi|             gmem|       pointer|
|m_axi_gmem_AWPROT        |  out|    3|       m_axi|             gmem|       pointer|
|m_axi_gmem_AWQOS         |  out|    4|       m_axi|             gmem|       pointer|
|m_axi_gmem_AWREGION      |  out|    4|       m_axi|             gmem|       pointer|
|m_axi_gmem_AWUSER        |  out|    1|       m_axi|             gmem|       pointer|
|m_axi_gmem_WVALID        |  out|    1|       m_axi|             gmem|       pointer|
|m_axi_gmem_WREADY        |   in|    1|       m_axi|             gmem|       pointer|
|m_axi_gmem_WDATA         |  out|  512|       m_axi|             gmem|       pointer|
|m_axi_gmem_WSTRB         |  out|   64|       m_axi|             gmem|       pointer|
|m_axi_gmem_WLAST         |  out|    1|       m_axi|             gmem|       pointer|
|m_axi_gmem_WID           |  out|    1|       m_axi|             gmem|       pointer|
|m_axi_gmem_WUSER         |  out|    1|       m_axi|             gmem|       pointer|
|m_axi_gmem_ARVALID       |  out|    1|       m_axi|             gmem|       pointer|
|m_axi_gmem_ARREADY       |   in|    1|       m_axi|             gmem|       pointer|
|m_axi_gmem_ARADDR        |  out|   64|       m_axi|             gmem|       pointer|
|m_axi_gmem_ARID          |  out|    1|       m_axi|             gmem|       pointer|
|m_axi_gmem_ARLEN         |  out|   32|       m_axi|             gmem|       pointer|
|m_axi_gmem_ARSIZE        |  out|    3|       m_axi|             gmem|       pointer|
|m_axi_gmem_ARBURST       |  out|    2|       m_axi|             gmem|       pointer|
|m_axi_gmem_ARLOCK        |  out|    2|       m_axi|             gmem|       pointer|
|m_axi_gmem_ARCACHE       |  out|    4|       m_axi|             gmem|       pointer|
|m_axi_gmem_ARPROT        |  out|    3|       m_axi|             gmem|       pointer|
|m_axi_gmem_ARQOS         |  out|    4|       m_axi|             gmem|       pointer|
|m_axi_gmem_ARREGION      |  out|    4|       m_axi|             gmem|       pointer|
|m_axi_gmem_ARUSER        |  out|    1|       m_axi|             gmem|       pointer|
|m_axi_gmem_RVALID        |   in|    1|       m_axi|             gmem|       pointer|
|m_axi_gmem_RREADY        |  out|    1|       m_axi|             gmem|       pointer|
|m_axi_gmem_RDATA         |   in|  512|       m_axi|             gmem|       pointer|
|m_axi_gmem_RLAST         |   in|    1|       m_axi|             gmem|       pointer|
|m_axi_gmem_RID           |   in|    1|       m_axi|             gmem|       pointer|
|m_axi_gmem_RFIFONUM      |   in|    9|       m_axi|             gmem|       pointer|
|m_axi_gmem_RUSER         |   in|    1|       m_axi|             gmem|       pointer|
|m_axi_gmem_RRESP         |   in|    2|       m_axi|             gmem|       pointer|
|m_axi_gmem_BVALID        |   in|    1|       m_axi|             gmem|       pointer|
|m_axi_gmem_BREADY        |  out|    1|       m_axi|             gmem|       pointer|
|m_axi_gmem_BRESP         |   in|    2|       m_axi|             gmem|       pointer|
|m_axi_gmem_BID           |   in|    1|       m_axi|             gmem|       pointer|
|m_axi_gmem_BUSER         |   in|    1|       m_axi|             gmem|       pointer|
|dst_dout                 |   in|   64|     ap_fifo|              dst|       pointer|
|dst_empty_n              |   in|    1|     ap_fifo|              dst|       pointer|
|dst_read                 |  out|    1|     ap_fifo|              dst|       pointer|
+-------------------------+-----+-----+------------+-----------------+--------------+

