
****** Vitis HLS - High-Level Synthesis from C, C++ and OpenCL v2021.2 (64-bit)
  **** SW Build 3367213 on Tue Oct 19 02:47:39 MDT 2021
  **** IP Build 3369179 on Thu Oct 21 08:25:16 MDT 2021
    ** Copyright 1986-2021 Xilinx, Inc. All Rights Reserved.

source /opt/Xilinx/Vitis_HLS/2021.2/scripts/vitis_hls/hls.tcl -notrace
INFO: Applying HLS Y2K22 patch v1.2 for IP revision
INFO: [HLS 200-10] Running '/opt/Xilinx/Vitis_HLS/2021.2/bin/unwrapped/lnx64.o/vitis_hls'
INFO: [HLS 200-10] For user 'g110061575' on host 'ic21' (Linux_x86_64 version 3.10.0-1160.62.1.el7.x86_64) on Fri Apr 29 23:31:53 CST 2022
INFO: [HLS 200-10] On os "CentOS Linux release 7.9.2009 (Core)"
INFO: [HLS 200-10] In directory '/users/course/2022S/HLS17000000/g110061575/HLS/Lab_C/02_partition_1_4k/vision/L3/examples/colordetect/_x_temp.sw_emu.xilinx_u50_gen3x16_xdma_201920_3/color_detect/color_detect'
Sourcing Tcl script 'color_detect.tcl'
INFO: [HLS 200-1510] Running: open_project color_detect 
INFO: [HLS 200-10] Creating and opening project '/users/course/2022S/HLS17000000/g110061575/HLS/Lab_C/02_partition_1_4k/vision/L3/examples/colordetect/_x_temp.sw_emu.xilinx_u50_gen3x16_xdma_201920_3/color_detect/color_detect/color_detect'.
INFO: [HLS 200-1510] Running: set_top color_detect 
INFO: [HLS 200-1510] Running: add_files /users/course/2022S/HLS17000000/g110061575/HLS/Lab_C/02_partition_1_4k/vision/L3/examples/colordetect/xf_colordetect_accel.cpp -cflags  -I /users/course/2022S/HLS17000000/g110061575/HLS/Lab_C/02_partition_1_4k/vision/L3/examples/colordetect -I /users/course/2022S/HLS17000000/g110061575/HLS/Lab_C/02_partition_1_4k/vision/L1/include -I /users/course/2022S/HLS17000000/g110061575/HLS/Lab_C/02_partition_1_4k/vision/L3/examples/colordetect  
INFO: [HLS 200-10] Adding design file '/users/course/2022S/HLS17000000/g110061575/HLS/Lab_C/02_partition_1_4k/vision/L3/examples/colordetect/xf_colordetect_accel.cpp' to the project
INFO: [HLS 200-1510] Running: open_solution -flow_target vitis solution 
INFO: [HLS 200-10] Creating and opening solution '/users/course/2022S/HLS17000000/g110061575/HLS/Lab_C/02_partition_1_4k/vision/L3/examples/colordetect/_x_temp.sw_emu.xilinx_u50_gen3x16_xdma_201920_3/color_detect/color_detect/color_detect/solution'.
INFO: [HLS 200-1505] Using flow_target 'vitis'
Resolution: For help on HLS 200-1505 see www.xilinx.com/cgi-bin/docs/rdoc?v=2021.2;t=hls+guidance;d=200-1505.html
INFO: [HLS 200-435] Setting 'open_solution -flow_target vitis' configuration: config_interface -m_axi_latency=64
INFO: [HLS 200-435] Setting 'open_solution -flow_target vitis' configuration: config_interface -m_axi_alignment_byte_size=64
INFO: [HLS 200-435] Setting 'open_solution -flow_target vitis' configuration: config_interface -m_axi_max_widen_bitwidth=512
INFO: [HLS 200-435] Setting 'open_solution -flow_target vitis' configuration: config_rtl -register_reset_num=3
INFO: [HLS 200-1510] Running: set_part xcu50-fsvh2104-2-e 
INFO: [HLS 200-1611] Setting target device to 'xcu50-fsvh2104-2-e'
INFO: [HLS 200-1510] Running: create_clock -period 300.000000MHz -name default 
INFO: [SYN 201-201] Setting up clock 'default' with a period of 3.333ns.
INFO: [HLS 200-1510] Running: config_dataflow -strict_mode warning 
INFO: [HLS 200-1510] Running: config_export -deadlock_detection none 
INFO: [HLS 200-1510] Running: config_interface -m_axi_conservative_mode=1 
INFO: [HLS 200-1510] Running: config_interface -m_axi_addr64 
INFO: [HLS 200-1510] Running: config_interface -m_axi_auto_max_ports=0 
INFO: [HLS 200-1510] Running: config_export -format xo -ipname color_detect 
INFO: [HLS 200-1510] Running: csynth_design -synthesis_check 
INFO: [HLS 200-111] Finished File checks and directory preparation: CPU user time: 0.01 seconds. CPU system time: 0 seconds. Elapsed time: 0 seconds; current allocated memory: 1.173 GB.
INFO: [HLS 200-10] Analyzing design file '/users/course/2022S/HLS17000000/g110061575/HLS/Lab_C/02_partition_1_4k/vision/L3/examples/colordetect/xf_colordetect_accel.cpp' ... 
WARNING: [HLS 207-989] '_XF_EROSION_HPP__' is used as a header guard here, followed by #define of a different macro (/users/course/2022S/HLS17000000/g110061575/HLS/Lab_C/02_partition_1_4k/vision/L1/include/imgproc/xf_erosion.hpp:17:9)
INFO: [HLS 207-923] '_XF_EROSION_HPP_' is defined here; did you mean '_XF_EROSION_HPP__'? (/users/course/2022S/HLS17000000/g110061575/HLS/Lab_C/02_partition_1_4k/vision/L1/include/imgproc/xf_erosion.hpp:18:9)
WARNING: [HLS 207-5523] 'Resource pragma' is deprecated, use 'bind_op/bind_storage pragma' instead (/users/course/2022S/HLS17000000/g110061575/HLS/Lab_C/02_partition_1_4k/vision/L1/include/common/xf_video_mem.hpp:711:9)
WARNING: [HLS 207-5523] 'Resource pragma' is deprecated, use 'bind_op/bind_storage pragma' instead (/users/course/2022S/HLS17000000/g110061575/HLS/Lab_C/02_partition_1_4k/vision/L1/include/common/xf_video_mem.hpp:716:9)
WARNING: [HLS 207-5523] 'Resource pragma' is deprecated, use 'bind_op/bind_storage pragma' instead (/users/course/2022S/HLS17000000/g110061575/HLS/Lab_C/02_partition_1_4k/vision/L1/include/common/xf_video_mem.hpp:721:9)
WARNING: [HLS 207-5523] 'Resource pragma' is deprecated, use 'bind_op/bind_storage pragma' instead (/users/course/2022S/HLS17000000/g110061575/HLS/Lab_C/02_partition_1_4k/vision/L1/include/common/xf_video_mem.hpp:726:9)
WARNING: [HLS 207-5523] 'Resource pragma' is deprecated, use 'bind_op/bind_storage pragma' instead (/users/course/2022S/HLS17000000/g110061575/HLS/Lab_C/02_partition_1_4k/vision/L1/include/common/xf_video_mem.hpp:731:9)
WARNING: [HLS 207-5523] 'Resource pragma' is deprecated, use 'bind_op/bind_storage pragma' instead (/users/course/2022S/HLS17000000/g110061575/HLS/Lab_C/02_partition_1_4k/vision/L1/include/common/xf_video_mem.hpp:736:9)
WARNING: [HLS 207-5523] 'Resource pragma' is deprecated, use 'bind_op/bind_storage pragma' instead (/users/course/2022S/HLS17000000/g110061575/HLS/Lab_C/02_partition_1_4k/vision/L1/include/common/xf_video_mem.hpp:741:9)
WARNING: [HLS 207-5523] 'Resource pragma' is deprecated, use 'bind_op/bind_storage pragma' instead (/users/course/2022S/HLS17000000/g110061575/HLS/Lab_C/02_partition_1_4k/vision/L1/include/common/xf_video_mem.hpp:746:9)
WARNING: [HLS 207-5525] 'factor' in '#pragma HLS array_reshape' is ignored (/users/course/2022S/HLS17000000/g110061575/HLS/Lab_C/02_partition_1_4k/vision/L1/include/common/xf_video_mem.hpp:759:47)
WARNING: [HLS 207-5523] 'Resource pragma' is deprecated, use 'bind_op/bind_storage pragma' instead (/users/course/2022S/HLS17000000/g110061575/HLS/Lab_C/02_partition_1_4k/vision/L1/include/imgproc/xf_dilation.hpp:253:9)
WARNING: [HLS 207-5523] 'Resource pragma' is deprecated, use 'bind_op/bind_storage pragma' instead (/users/course/2022S/HLS17000000/g110061575/HLS/Lab_C/02_partition_1_4k/vision/L1/include/imgproc/xf_erosion.hpp:257:9)
WARNING: [HLS 207-5287] unused parameter 'src' (/users/course/2022S/HLS17000000/g110061575/HLS/Lab_C/02_partition_1_4k/vision/L1/include/common/xf_structs.hpp:517:30)
WARNING: [HLS 207-5287] unused parameter '_data' (/users/course/2022S/HLS17000000/g110061575/HLS/Lab_C/02_partition_1_4k/vision/L1/include/common/xf_structs.hpp:528:30)
WARNING: [HLS 207-5287] unused parameter 'index' (/users/course/2022S/HLS17000000/g110061575/HLS/Lab_C/02_partition_1_4k/vision/L1/include/common/xf_structs.hpp:541:14)
WARNING: [HLS 207-5287] unused parameter 'index' (/users/course/2022S/HLS17000000/g110061575/HLS/Lab_C/02_partition_1_4k/vision/L1/include/common/xf_structs.hpp:552:20)
WARNING: [HLS 207-5287] unused parameter 'dst' (/users/course/2022S/HLS17000000/g110061575/HLS/Lab_C/02_partition_1_4k/vision/L1/include/common/xf_structs.hpp:785:101)
WARNING: [HLS 207-5287] unused parameter 'stride' (/users/course/2022S/HLS17000000/g110061575/HLS/Lab_C/02_partition_1_4k/vision/L1/include/common/xf_structs.hpp:1043:41)
WARNING: [HLS 207-5287] unused parameter 'index' (/users/course/2022S/HLS17000000/g110061575/HLS/Lab_C/02_partition_1_4k/vision/L1/include/common/xf_structs.hpp:1232:102)
WARNING: [HLS 207-5287] unused parameter 'stride' (/users/course/2022S/HLS17000000/g110061575/HLS/Lab_C/02_partition_1_4k/vision/L1/include/common/xf_structs.hpp:1294:41)
WARNING: [HLS 207-5287] unused parameter 'index' (/users/course/2022S/HLS17000000/g110061575/HLS/Lab_C/02_partition_1_4k/vision/L1/include/common/xf_structs.hpp:1538:34)
WARNING: [HLS 207-4610] the argument to '__builtin_assume' has side effects that will be discarded (/users/course/2022S/HLS17000000/g110061575/HLS/Lab_C/02_partition_1_4k/vision/L1/include/imgproc/xf_bgr2hsv.hpp:147:43)
WARNING: [HLS 207-4610] the argument to '__builtin_assume' has side effects that will be discarded (/users/course/2022S/HLS17000000/g110061575/HLS/Lab_C/02_partition_1_4k/vision/L1/include/imgproc/xf_bgr2hsv.hpp:148:43)
WARNING: [HLS 207-4610] the argument to '__builtin_assume' has side effects that will be discarded (/users/course/2022S/HLS17000000/g110061575/HLS/Lab_C/02_partition_1_4k/vision/L1/include/imgproc/xf_bgr2hsv.hpp:149:46)
WARNING: [HLS 207-4610] the argument to '__builtin_assume' has side effects that will be discarded (/users/course/2022S/HLS17000000/g110061575/HLS/Lab_C/02_partition_1_4k/vision/L1/include/imgproc/xf_bgr2hsv.hpp:150:46)
INFO: [HLS 207-4230] in instantiation of function template specialization 'xf::cv::bgr2hsv<9, 2160, 3840, 1>' requested here (/users/course/2022S/HLS17000000/g110061575/HLS/Lab_C/02_partition_1_4k/vision/L3/examples/colordetect/xf_colordetect_accel.cpp:68:13)
INFO: [HLS 200-111] Finished Source Code Analysis and Preprocessing: CPU user time: 5.22 seconds. CPU system time: 0.38 seconds. Elapsed time: 5.46 seconds; current allocated memory: 264.160 MB.
INFO: [HLS 200-777] Using interface defaults for 'Vitis' flow target.
INFO: [HLS 214-284] Auto array partition mode is set into default.
WARNING: [HLS 214-273] In function 'xf::cv::Mat<9, 2160, 3840, 1, 2>::Mat(int, int)', Pragma conflict happens on 'INLINE' and DATAFLOW pragmas: Inline into dataflow region is not suggested (/users/course/2022S/HLS17000000/g110061575/HLS/Lab_C/02_partition_1_4k/vision/L1/include/common/xf_structs.hpp:670:0)
WARNING: [HLS 214-273] In function 'xf::cv::Mat<0, 2160, 3840, 1, 2>::Mat(int, int)', Pragma conflict happens on 'INLINE' and DATAFLOW pragmas: Inline into dataflow region is not suggested (/users/course/2022S/HLS17000000/g110061575/HLS/Lab_C/02_partition_1_4k/vision/L1/include/common/xf_structs.hpp:670:0)
INFO: [HLS 214-131] Inlining function 'xf::cv::Mat<9, 2160, 3840, 1, 2>::init(int, int, bool)' into 'xf::cv::Mat<9, 2160, 3840, 1, 2>::Mat(int, int)' (/users/course/2022S/HLS17000000/g110061575/HLS/Lab_C/02_partition_1_4k/vision/L1/include/common/xf_structs.hpp:675:2)
INFO: [HLS 214-131] Inlining function 'xf::cv::Mat<0, 2160, 3840, 1, 2>::init(int, int, bool)' into 'xf::cv::Mat<0, 2160, 3840, 1, 2>::Mat(int, int)' (/users/course/2022S/HLS17000000/g110061575/HLS/Lab_C/02_partition_1_4k/vision/L1/include/common/xf_structs.hpp:675:2)
INFO: [HLS 214-131] Inlining function 'void xf::cv::function_apply<1, 0, 3, 3>(PixelType<0>::uname*, PixelType<0>::uname (*) [3], unsigned char (*) [3])' into 'void xf::cv::Process_function<2160, 3840, 1, 0, 1, 0, 3841, 3, 3>(xf::cv::Mat<0, 2160, 3840, 1, 2>&, unsigned char (*) [3], xf::cv::Mat<0, 2160, 3840, 1, 2>&, DataType<0, 1>::name (*) [(3840) >> (xfNPixelsPerCycle<1>::datashift)], PixelType<0>::uname (*) [(xfNPixelsPerCycle<1>::nppc) + ((3) - (1))], DataType<0, 1>::name&, unsigned short, unsigned short, unsigned short&, ap_uint<13>*, ap_uint<13>, int&, int&)' (/users/course/2022S/HLS17000000/g110061575/HLS/Lab_C/02_partition_1_4k/vision/L1/include/imgproc/xf_erosion.hpp:179:13)
INFO: [HLS 214-131] Inlining function 'void xf::cv::Process_function<2160, 3840, 1, 0, 1, 0, 3841, 3, 3>(xf::cv::Mat<0, 2160, 3840, 1, 2>&, unsigned char (*) [3], xf::cv::Mat<0, 2160, 3840, 1, 2>&, DataType<0, 1>::name (*) [(3840) >> (xfNPixelsPerCycle<1>::datashift)], PixelType<0>::uname (*) [(xfNPixelsPerCycle<1>::nppc) + ((3) - (1))], DataType<0, 1>::name&, unsigned short, unsigned short, unsigned short&, ap_uint<13>*, ap_uint<13>, int&, int&)' into 'void xf::cv::xferode<2160, 3840, 1, 0, 1, 0, 3841, 3, 3>(xf::cv::Mat<0, 2160, 3840, 1, 2>&, xf::cv::Mat<0, 2160, 3840, 1, 2>&, unsigned short, unsigned short, unsigned char (*) [3])' (/users/course/2022S/HLS17000000/g110061575/HLS/Lab_C/02_partition_1_4k/vision/L1/include/imgproc/xf_erosion.hpp:312:9)
INFO: [HLS 214-131] Inlining function 'void xf::cv::dilate_function_apply<1, 0, 3, 3>(PixelType<0>::uname*, PixelType<0>::uname (*) [3], unsigned char (*) [3])' into 'void xf::cv::Process_function_d<2160, 3840, 1, 0, 1, 0, 3841, 3, 3>(xf::cv::Mat<0, 2160, 3840, 1, 2>&, unsigned char (*) [3], xf::cv::Mat<0, 2160, 3840, 1, 2>&, DataType<0, 1>::name (*) [(3840) >> (xfNPixelsPerCycle<1>::datashift)], PixelType<0>::uname (*) [(xfNPixelsPerCycle<1>::nppc) + ((3) - (1))], DataType<0, 1>::name&, unsigned short, unsigned short, unsigned short&, ap_uint<13>*, ap_uint<13>, int&, int&)' (/users/course/2022S/HLS17000000/g110061575/HLS/Lab_C/02_partition_1_4k/vision/L1/include/imgproc/xf_dilation.hpp:175:13)
INFO: [HLS 214-131] Inlining function 'void xf::cv::Process_function_d<2160, 3840, 1, 0, 1, 0, 3841, 3, 3>(xf::cv::Mat<0, 2160, 3840, 1, 2>&, unsigned char (*) [3], xf::cv::Mat<0, 2160, 3840, 1, 2>&, DataType<0, 1>::name (*) [(3840) >> (xfNPixelsPerCycle<1>::datashift)], PixelType<0>::uname (*) [(xfNPixelsPerCycle<1>::nppc) + ((3) - (1))], DataType<0, 1>::name&, unsigned short, unsigned short, unsigned short&, ap_uint<13>*, ap_uint<13>, int&, int&)' into 'void xf::cv::xfdilate<2160, 3840, 1, 0, 1, 0, 3841, 3, 3>(xf::cv::Mat<0, 2160, 3840, 1, 2>&, xf::cv::Mat<0, 2160, 3840, 1, 2>&, unsigned short, unsigned short, unsigned char (*) [3])' (/users/course/2022S/HLS17000000/g110061575/HLS/Lab_C/02_partition_1_4k/vision/L1/include/imgproc/xf_dilation.hpp:308:9)
INFO: [HLS 214-131] Inlining function 'xf::cv::Mat<9, 2160, 3840, 1, 2>::Mat(int, int)' into 'color_detect' (/users/course/2022S/HLS17000000/g110061575/HLS/Lab_C/02_partition_1_4k/vision/L3/examples/colordetect/xf_colordetect_accel.cpp:44:45)
INFO: [HLS 214-131] Inlining function 'xf::cv::Mat<9, 2160, 3840, 1, 2>::Mat(int, int)' into 'color_detect' (/users/course/2022S/HLS17000000/g110061575/HLS/Lab_C/02_partition_1_4k/vision/L3/examples/colordetect/xf_colordetect_accel.cpp:45:48)
INFO: [HLS 214-131] Inlining function 'xf::cv::Mat<0, 2160, 3840, 1, 2>::Mat(int, int)' into 'color_detect' (/users/course/2022S/HLS17000000/g110061575/HLS/Lab_C/02_partition_1_4k/vision/L3/examples/colordetect/xf_colordetect_accel.cpp:46:48)
INFO: [HLS 214-131] Inlining function 'xf::cv::Mat<0, 2160, 3840, 1, 2>::Mat(int, int)' into 'color_detect' (/users/course/2022S/HLS17000000/g110061575/HLS/Lab_C/02_partition_1_4k/vision/L3/examples/colordetect/xf_colordetect_accel.cpp:47:48)
INFO: [HLS 214-131] Inlining function 'xf::cv::Mat<0, 2160, 3840, 1, 2>::Mat(int, int)' into 'color_detect' (/users/course/2022S/HLS17000000/g110061575/HLS/Lab_C/02_partition_1_4k/vision/L3/examples/colordetect/xf_colordetect_accel.cpp:48:48)
INFO: [HLS 214-131] Inlining function 'xf::cv::Mat<0, 2160, 3840, 1, 2>::Mat(int, int)' into 'color_detect' (/users/course/2022S/HLS17000000/g110061575/HLS/Lab_C/02_partition_1_4k/vision/L3/examples/colordetect/xf_colordetect_accel.cpp:49:48)
INFO: [HLS 214-131] Inlining function 'xf::cv::Mat<0, 2160, 3840, 1, 2>::Mat(int, int)' into 'color_detect' (/users/course/2022S/HLS17000000/g110061575/HLS/Lab_C/02_partition_1_4k/vision/L3/examples/colordetect/xf_colordetect_accel.cpp:50:48)
INFO: [HLS 214-291] Loop 'anonymous' is marked as complete unroll implied by the pipeline pragma (/users/course/2022S/HLS17000000/g110061575/HLS/Lab_C/02_partition_1_4k/vision/L1/include/imgproc/xf_dilation.hpp:130:9)
INFO: [HLS 214-291] Loop 'anonymous' is marked as complete unroll implied by the pipeline pragma (/users/course/2022S/HLS17000000/g110061575/HLS/Lab_C/02_partition_1_4k/vision/L1/include/imgproc/xf_dilation.hpp:141:41)
INFO: [HLS 214-291] Loop 'anonymous' is marked as complete unroll implied by the pipeline pragma (/users/course/2022S/HLS17000000/g110061575/HLS/Lab_C/02_partition_1_4k/vision/L1/include/imgproc/xf_dilation.hpp:142:41)
INFO: [HLS 214-291] Loop 'anonymous' is marked as complete unroll implied by the pipeline pragma (/users/course/2022S/HLS17000000/g110061575/HLS/Lab_C/02_partition_1_4k/vision/L1/include/imgproc/xf_dilation.hpp:145:9)
INFO: [HLS 214-291] Loop 'anonymous' is marked as complete unroll implied by the pipeline pragma (/users/course/2022S/HLS17000000/g110061575/HLS/Lab_C/02_partition_1_4k/vision/L1/include/imgproc/xf_dilation.hpp:153:13)
INFO: [HLS 214-291] Loop 'anonymous' is marked as complete unroll implied by the pipeline pragma (/users/course/2022S/HLS17000000/g110061575/HLS/Lab_C/02_partition_1_4k/vision/L1/include/imgproc/xf_dilation.hpp:162:41)
INFO: [HLS 214-291] Loop 'anonymous' is marked as complete unroll implied by the pipeline pragma (/users/course/2022S/HLS17000000/g110061575/HLS/Lab_C/02_partition_1_4k/vision/L1/include/imgproc/xf_dilation.hpp:163:41)
INFO: [HLS 214-291] Loop 'anonymous' is marked as complete unroll implied by the pipeline pragma (/users/course/2022S/HLS17000000/g110061575/HLS/Lab_C/02_partition_1_4k/vision/L1/include/imgproc/xf_dilation.hpp:165:9)
INFO: [HLS 214-291] Loop 'anonymous' is marked as complete unroll implied by the pipeline pragma (/users/course/2022S/HLS17000000/g110061575/HLS/Lab_C/02_partition_1_4k/vision/L1/include/imgproc/xf_dilation.hpp:169:2)
INFO: [HLS 214-291] Loop 'anonymous' is marked as complete unroll implied by the pipeline pragma (/users/course/2022S/HLS17000000/g110061575/HLS/Lab_C/02_partition_1_4k/vision/L1/include/imgproc/xf_dilation.hpp:170:17)
INFO: [HLS 214-291] Loop 'Apply_dilate_Loop' is marked as complete unroll implied by the pipeline pragma (/users/course/2022S/HLS17000000/g110061575/HLS/Lab_C/02_partition_1_4k/vision/L1/include/imgproc/xf_dilation.hpp:39:5)
INFO: [HLS 214-291] Loop 'anonymous' is marked as complete unroll implied by the pipeline pragma (/users/course/2022S/HLS17000000/g110061575/HLS/Lab_C/02_partition_1_4k/vision/L1/include/imgproc/xf_dilation.hpp:45:9)
INFO: [HLS 214-291] Loop 'anonymous' is marked as complete unroll implied by the pipeline pragma (/users/course/2022S/HLS17000000/g110061575/HLS/Lab_C/02_partition_1_4k/vision/L1/include/imgproc/xf_dilation.hpp:50:2)
INFO: [HLS 214-291] Loop 'anonymous' is marked as complete unroll implied by the pipeline pragma (/users/course/2022S/HLS17000000/g110061575/HLS/Lab_C/02_partition_1_4k/vision/L1/include/imgproc/xf_dilation.hpp:210:9)
INFO: [HLS 214-291] Loop 'anonymous' is marked as complete unroll implied by the pipeline pragma (/users/course/2022S/HLS17000000/g110061575/HLS/Lab_C/02_partition_1_4k/vision/L1/include/imgproc/xf_dilation.hpp:214:2)
INFO: [HLS 214-291] Loop 'anonymous' is marked as complete unroll implied by the pipeline pragma (/users/course/2022S/HLS17000000/g110061575/HLS/Lab_C/02_partition_1_4k/vision/L1/include/imgproc/xf_erosion.hpp:132:9)
INFO: [HLS 214-291] Loop 'anonymous' is marked as complete unroll implied by the pipeline pragma (/users/course/2022S/HLS17000000/g110061575/HLS/Lab_C/02_partition_1_4k/vision/L1/include/imgproc/xf_erosion.hpp:145:41)
INFO: [HLS 214-291] Loop 'anonymous' is marked as complete unroll implied by the pipeline pragma (/users/course/2022S/HLS17000000/g110061575/HLS/Lab_C/02_partition_1_4k/vision/L1/include/imgproc/xf_erosion.hpp:146:41)
INFO: [HLS 214-291] Loop 'anonymous' is marked as complete unroll implied by the pipeline pragma (/users/course/2022S/HLS17000000/g110061575/HLS/Lab_C/02_partition_1_4k/vision/L1/include/imgproc/xf_erosion.hpp:149:9)
INFO: [HLS 214-291] Loop 'anonymous' is marked as complete unroll implied by the pipeline pragma (/users/course/2022S/HLS17000000/g110061575/HLS/Lab_C/02_partition_1_4k/vision/L1/include/imgproc/xf_erosion.hpp:157:13)
INFO: [HLS 214-291] Loop 'anonymous' is marked as complete unroll implied by the pipeline pragma (/users/course/2022S/HLS17000000/g110061575/HLS/Lab_C/02_partition_1_4k/vision/L1/include/imgproc/xf_erosion.hpp:166:41)
INFO: [HLS 214-291] Loop 'anonymous' is marked as complete unroll implied by the pipeline pragma (/users/course/2022S/HLS17000000/g110061575/HLS/Lab_C/02_partition_1_4k/vision/L1/include/imgproc/xf_erosion.hpp:167:41)
INFO: [HLS 214-291] Loop 'anonymous' is marked as complete unroll implied by the pipeline pragma (/users/course/2022S/HLS17000000/g110061575/HLS/Lab_C/02_partition_1_4k/vision/L1/include/imgproc/xf_erosion.hpp:169:9)
INFO: [HLS 214-291] Loop 'anonymous' is marked as complete unroll implied by the pipeline pragma (/users/course/2022S/HLS17000000/g110061575/HLS/Lab_C/02_partition_1_4k/vision/L1/include/imgproc/xf_erosion.hpp:173:2)
INFO: [HLS 214-291] Loop 'anonymous' is marked as complete unroll implied by the pipeline pragma (/users/course/2022S/HLS17000000/g110061575/HLS/Lab_C/02_partition_1_4k/vision/L1/include/imgproc/xf_erosion.hpp:174:17)
INFO: [HLS 214-291] Loop 'Apply_dilate_Loop' is marked as complete unroll implied by the pipeline pragma (/users/course/2022S/HLS17000000/g110061575/HLS/Lab_C/02_partition_1_4k/vision/L1/include/imgproc/xf_erosion.hpp:39:5)
INFO: [HLS 214-291] Loop 'anonymous' is marked as complete unroll implied by the pipeline pragma (/users/course/2022S/HLS17000000/g110061575/HLS/Lab_C/02_partition_1_4k/vision/L1/include/imgproc/xf_erosion.hpp:45:9)
INFO: [HLS 214-291] Loop 'anonymous' is marked as complete unroll implied by the pipeline pragma (/users/course/2022S/HLS17000000/g110061575/HLS/Lab_C/02_partition_1_4k/vision/L1/include/imgproc/xf_erosion.hpp:50:2)
INFO: [HLS 214-291] Loop 'anonymous' is marked as complete unroll implied by the pipeline pragma (/users/course/2022S/HLS17000000/g110061575/HLS/Lab_C/02_partition_1_4k/vision/L1/include/imgproc/xf_erosion.hpp:214:9)
INFO: [HLS 214-291] Loop 'anonymous' is marked as complete unroll implied by the pipeline pragma (/users/course/2022S/HLS17000000/g110061575/HLS/Lab_C/02_partition_1_4k/vision/L1/include/imgproc/xf_erosion.hpp:218:2)
INFO: [HLS 214-291] Loop 'Extract_pixels_loop' is marked as complete unroll implied by the pipeline pragma (/users/course/2022S/HLS17000000/g110061575/HLS/Lab_C/02_partition_1_4k/vision/L1/include/common/xf_utility.hpp:324:5)
INFO: [HLS 214-291] Loop 'anonymous' is marked as complete unroll implied by the pipeline pragma (/users/course/2022S/HLS17000000/g110061575/HLS/Lab_C/02_partition_1_4k/vision/L1/include/imgproc/xf_colorthresholding.hpp:106:13)
INFO: [HLS 214-291] Loop 'anonymous' is marked as complete unroll implied by the pipeline pragma (/users/course/2022S/HLS17000000/g110061575/HLS/Lab_C/02_partition_1_4k/vision/L1/include/imgproc/xf_colorthresholding.hpp:107:17)
INFO: [HLS 214-291] Loop 'anonymous' is marked as complete unroll implied by the pipeline pragma (/users/course/2022S/HLS17000000/g110061575/HLS/Lab_C/02_partition_1_4k/vision/L1/include/imgproc/xf_inrange.hpp:44:5)
INFO: [HLS 214-291] Loop 'anonymous' is marked as complete unroll implied by the pipeline pragma (/users/course/2022S/HLS17000000/g110061575/HLS/Lab_C/02_partition_1_4k/vision/L1/include/imgproc/xf_inrange.hpp:50:9)
INFO: [HLS 214-291] Loop 'anonymous' is marked as complete unroll implied by the pipeline pragma (/users/course/2022S/HLS17000000/g110061575/HLS/Lab_C/02_partition_1_4k/vision/L1/include/imgproc/xf_bgr2hsv.hpp:139:13)
INFO: [HLS 214-186] Unrolling loop 'anonymous' (/users/course/2022S/HLS17000000/g110061575/HLS/Lab_C/02_partition_1_4k/vision/L1/include/imgproc/xf_dilation.hpp:97:5) in function 'xf::cv::xfdilate<2160, 3840, 1, 0, 1, 0, 3841, 3, 3>' completely with a factor of 3 (/users/course/2022S/HLS17000000/g110061575/HLS/Lab_C/02_partition_1_4k/vision/L1/include/imgproc/xf_dilation.hpp:234:0)
INFO: [HLS 214-186] Unrolling loop 'anonymous' (/users/course/2022S/HLS17000000/g110061575/HLS/Lab_C/02_partition_1_4k/vision/L1/include/imgproc/xf_dilation.hpp:102:2) in function 'xf::cv::xfdilate<2160, 3840, 1, 0, 1, 0, 3841, 3, 3>' completely with a factor of 3 (/users/course/2022S/HLS17000000/g110061575/HLS/Lab_C/02_partition_1_4k/vision/L1/include/imgproc/xf_dilation.hpp:234:0)
INFO: [HLS 214-186] Unrolling loop 'anonymous' (/users/course/2022S/HLS17000000/g110061575/HLS/Lab_C/02_partition_1_4k/vision/L1/include/imgproc/xf_dilation.hpp:130:9) in function 'xf::cv::xfdilate<2160, 3840, 1, 0, 1, 0, 3841, 3, 3>' completely with a factor of 3 (/users/course/2022S/HLS17000000/g110061575/HLS/Lab_C/02_partition_1_4k/vision/L1/include/imgproc/xf_dilation.hpp:234:0)
INFO: [HLS 214-186] Unrolling loop 'anonymous' (/users/course/2022S/HLS17000000/g110061575/HLS/Lab_C/02_partition_1_4k/vision/L1/include/imgproc/xf_dilation.hpp:141:41) in function 'xf::cv::xfdilate<2160, 3840, 1, 0, 1, 0, 3841, 3, 3>' completely with a factor of 3 (/users/course/2022S/HLS17000000/g110061575/HLS/Lab_C/02_partition_1_4k/vision/L1/include/imgproc/xf_dilation.hpp:234:0)
INFO: [HLS 214-186] Unrolling loop 'anonymous' (/users/course/2022S/HLS17000000/g110061575/HLS/Lab_C/02_partition_1_4k/vision/L1/include/imgproc/xf_dilation.hpp:141:41) in function 'xf::cv::xfdilate<2160, 3840, 1, 0, 1, 0, 3841, 3, 3>' completely with a factor of 1 (/users/course/2022S/HLS17000000/g110061575/HLS/Lab_C/02_partition_1_4k/vision/L1/include/imgproc/xf_dilation.hpp:234:0)
INFO: [HLS 214-186] Unrolling loop 'anonymous' (/users/course/2022S/HLS17000000/g110061575/HLS/Lab_C/02_partition_1_4k/vision/L1/include/imgproc/xf_dilation.hpp:142:41) in function 'xf::cv::xfdilate<2160, 3840, 1, 0, 1, 0, 3841, 3, 3>' completely with a factor of 1 (/users/course/2022S/HLS17000000/g110061575/HLS/Lab_C/02_partition_1_4k/vision/L1/include/imgproc/xf_dilation.hpp:234:0)
INFO: [HLS 214-186] Unrolling loop 'anonymous' (/users/course/2022S/HLS17000000/g110061575/HLS/Lab_C/02_partition_1_4k/vision/L1/include/imgproc/xf_dilation.hpp:145:9) in function 'xf::cv::xfdilate<2160, 3840, 1, 0, 1, 0, 3841, 3, 3>' completely with a factor of 3 (/users/course/2022S/HLS17000000/g110061575/HLS/Lab_C/02_partition_1_4k/vision/L1/include/imgproc/xf_dilation.hpp:234:0)
INFO: [HLS 214-186] Unrolling loop 'anonymous' (/users/course/2022S/HLS17000000/g110061575/HLS/Lab_C/02_partition_1_4k/vision/L1/include/imgproc/xf_dilation.hpp:153:13) in function 'xf::cv::xfdilate<2160, 3840, 1, 0, 1, 0, 3841, 3, 3>' completely with a factor of 1 (/users/course/2022S/HLS17000000/g110061575/HLS/Lab_C/02_partition_1_4k/vision/L1/include/imgproc/xf_dilation.hpp:234:0)
INFO: [HLS 214-186] Unrolling loop 'anonymous' (/users/course/2022S/HLS17000000/g110061575/HLS/Lab_C/02_partition_1_4k/vision/L1/include/imgproc/xf_dilation.hpp:162:41) in function 'xf::cv::xfdilate<2160, 3840, 1, 0, 1, 0, 3841, 3, 3>' completely with a factor of 3 (/users/course/2022S/HLS17000000/g110061575/HLS/Lab_C/02_partition_1_4k/vision/L1/include/imgproc/xf_dilation.hpp:234:0)
INFO: [HLS 214-186] Unrolling loop 'anonymous' (/users/course/2022S/HLS17000000/g110061575/HLS/Lab_C/02_partition_1_4k/vision/L1/include/imgproc/xf_dilation.hpp:163:41) in function 'xf::cv::xfdilate<2160, 3840, 1, 0, 1, 0, 3841, 3, 3>' completely with a factor of 1 (/users/course/2022S/HLS17000000/g110061575/HLS/Lab_C/02_partition_1_4k/vision/L1/include/imgproc/xf_dilation.hpp:234:0)
INFO: [HLS 214-186] Unrolling loop 'anonymous' (/users/course/2022S/HLS17000000/g110061575/HLS/Lab_C/02_partition_1_4k/vision/L1/include/imgproc/xf_dilation.hpp:165:9) in function 'xf::cv::xfdilate<2160, 3840, 1, 0, 1, 0, 3841, 3, 3>' completely with a factor of 1 (/users/course/2022S/HLS17000000/g110061575/HLS/Lab_C/02_partition_1_4k/vision/L1/include/imgproc/xf_dilation.hpp:234:0)
WARNING: [HLS 214-189] Pipeline directive for loop 'anonymous' (/users/course/2022S/HLS17000000/g110061575/HLS/Lab_C/02_partition_1_4k/vision/L1/include/imgproc/xf_dilation.hpp:165:9) in function 'xf::cv::xfdilate<2160, 3840, 1, 0, 1, 0, 3841, 3, 3>' has been removed because the loop is unrolled completely (/users/course/2022S/HLS17000000/g110061575/HLS/Lab_C/02_partition_1_4k/vision/L1/include/imgproc/xf_dilation.hpp:234:0)
INFO: [HLS 214-186] Unrolling loop 'anonymous' (/users/course/2022S/HLS17000000/g110061575/HLS/Lab_C/02_partition_1_4k/vision/L1/include/imgproc/xf_dilation.hpp:45:9) in function 'xf::cv::xfdilate<2160, 3840, 1, 0, 1, 0, 3841, 3, 3>' completely with a factor of 3 (/users/course/2022S/HLS17000000/g110061575/HLS/Lab_C/02_partition_1_4k/vision/L1/include/imgproc/xf_dilation.hpp:234:0)
INFO: [HLS 214-186] Unrolling loop 'anonymous' (/users/course/2022S/HLS17000000/g110061575/HLS/Lab_C/02_partition_1_4k/vision/L1/include/imgproc/xf_dilation.hpp:50:2) in function 'xf::cv::xfdilate<2160, 3840, 1, 0, 1, 0, 3841, 3, 3>' completely with a factor of 3 (/users/course/2022S/HLS17000000/g110061575/HLS/Lab_C/02_partition_1_4k/vision/L1/include/imgproc/xf_dilation.hpp:234:0)
INFO: [HLS 214-186] Unrolling loop 'anonymous' (/users/course/2022S/HLS17000000/g110061575/HLS/Lab_C/02_partition_1_4k/vision/L1/include/imgproc/xf_dilation.hpp:169:2) in function 'xf::cv::xfdilate<2160, 3840, 1, 0, 1, 0, 3841, 3, 3>' completely with a factor of 3 (/users/course/2022S/HLS17000000/g110061575/HLS/Lab_C/02_partition_1_4k/vision/L1/include/imgproc/xf_dilation.hpp:234:0)
INFO: [HLS 214-186] Unrolling loop 'anonymous' (/users/course/2022S/HLS17000000/g110061575/HLS/Lab_C/02_partition_1_4k/vision/L1/include/imgproc/xf_dilation.hpp:170:17) in function 'xf::cv::xfdilate<2160, 3840, 1, 0, 1, 0, 3841, 3, 3>' completely with a factor of 3 (/users/course/2022S/HLS17000000/g110061575/HLS/Lab_C/02_partition_1_4k/vision/L1/include/imgproc/xf_dilation.hpp:234:0)
INFO: [HLS 214-186] Unrolling loop 'anonymous' (/users/course/2022S/HLS17000000/g110061575/HLS/Lab_C/02_partition_1_4k/vision/L1/include/imgproc/xf_dilation.hpp:210:9) in function 'xf::cv::xfdilate<2160, 3840, 1, 0, 1, 0, 3841, 3, 3>' completely with a factor of 3 (/users/course/2022S/HLS17000000/g110061575/HLS/Lab_C/02_partition_1_4k/vision/L1/include/imgproc/xf_dilation.hpp:234:0)
INFO: [HLS 214-186] Unrolling loop 'anonymous' (/users/course/2022S/HLS17000000/g110061575/HLS/Lab_C/02_partition_1_4k/vision/L1/include/imgproc/xf_dilation.hpp:214:2) in function 'xf::cv::xfdilate<2160, 3840, 1, 0, 1, 0, 3841, 3, 3>' completely with a factor of 2 (/users/course/2022S/HLS17000000/g110061575/HLS/Lab_C/02_partition_1_4k/vision/L1/include/imgproc/xf_dilation.hpp:234:0)
INFO: [HLS 214-186] Unrolling loop 'anonymous' (/users/course/2022S/HLS17000000/g110061575/HLS/Lab_C/02_partition_1_4k/vision/L1/include/imgproc/xf_dilation.hpp:313:9) in function 'xf::cv::xfdilate<2160, 3840, 1, 0, 1, 0, 3841, 3, 3>' completely with a factor of 2 (/users/course/2022S/HLS17000000/g110061575/HLS/Lab_C/02_partition_1_4k/vision/L1/include/imgproc/xf_dilation.hpp:234:0)
INFO: [HLS 214-186] Unrolling loop 'anonymous' (/users/course/2022S/HLS17000000/g110061575/HLS/Lab_C/02_partition_1_4k/vision/L1/include/imgproc/xf_erosion.hpp:97:5) in function 'xf::cv::xferode<2160, 3840, 1, 0, 1, 0, 3841, 3, 3>' completely with a factor of 3 (/users/course/2022S/HLS17000000/g110061575/HLS/Lab_C/02_partition_1_4k/vision/L1/include/imgproc/xf_erosion.hpp:238:0)
INFO: [HLS 214-186] Unrolling loop 'anonymous' (/users/course/2022S/HLS17000000/g110061575/HLS/Lab_C/02_partition_1_4k/vision/L1/include/imgproc/xf_erosion.hpp:102:2) in function 'xf::cv::xferode<2160, 3840, 1, 0, 1, 0, 3841, 3, 3>' completely with a factor of 3 (/users/course/2022S/HLS17000000/g110061575/HLS/Lab_C/02_partition_1_4k/vision/L1/include/imgproc/xf_erosion.hpp:238:0)
INFO: [HLS 214-186] Unrolling loop 'anonymous' (/users/course/2022S/HLS17000000/g110061575/HLS/Lab_C/02_partition_1_4k/vision/L1/include/imgproc/xf_erosion.hpp:132:9) in function 'xf::cv::xferode<2160, 3840, 1, 0, 1, 0, 3841, 3, 3>' completely with a factor of 3 (/users/course/2022S/HLS17000000/g110061575/HLS/Lab_C/02_partition_1_4k/vision/L1/include/imgproc/xf_erosion.hpp:238:0)
INFO: [HLS 214-186] Unrolling loop 'anonymous' (/users/course/2022S/HLS17000000/g110061575/HLS/Lab_C/02_partition_1_4k/vision/L1/include/imgproc/xf_erosion.hpp:145:41) in function 'xf::cv::xferode<2160, 3840, 1, 0, 1, 0, 3841, 3, 3>' completely with a factor of 3 (/users/course/2022S/HLS17000000/g110061575/HLS/Lab_C/02_partition_1_4k/vision/L1/include/imgproc/xf_erosion.hpp:238:0)
INFO: [HLS 214-186] Unrolling loop 'anonymous' (/users/course/2022S/HLS17000000/g110061575/HLS/Lab_C/02_partition_1_4k/vision/L1/include/imgproc/xf_erosion.hpp:145:41) in function 'xf::cv::xferode<2160, 3840, 1, 0, 1, 0, 3841, 3, 3>' completely with a factor of 1 (/users/course/2022S/HLS17000000/g110061575/HLS/Lab_C/02_partition_1_4k/vision/L1/include/imgproc/xf_erosion.hpp:238:0)
INFO: [HLS 214-186] Unrolling loop 'anonymous' (/users/course/2022S/HLS17000000/g110061575/HLS/Lab_C/02_partition_1_4k/vision/L1/include/imgproc/xf_erosion.hpp:146:41) in function 'xf::cv::xferode<2160, 3840, 1, 0, 1, 0, 3841, 3, 3>' completely with a factor of 1 (/users/course/2022S/HLS17000000/g110061575/HLS/Lab_C/02_partition_1_4k/vision/L1/include/imgproc/xf_erosion.hpp:238:0)
INFO: [HLS 214-186] Unrolling loop 'anonymous' (/users/course/2022S/HLS17000000/g110061575/HLS/Lab_C/02_partition_1_4k/vision/L1/include/imgproc/xf_erosion.hpp:149:9) in function 'xf::cv::xferode<2160, 3840, 1, 0, 1, 0, 3841, 3, 3>' completely with a factor of 3 (/users/course/2022S/HLS17000000/g110061575/HLS/Lab_C/02_partition_1_4k/vision/L1/include/imgproc/xf_erosion.hpp:238:0)
INFO: [HLS 214-186] Unrolling loop 'anonymous' (/users/course/2022S/HLS17000000/g110061575/HLS/Lab_C/02_partition_1_4k/vision/L1/include/imgproc/xf_erosion.hpp:157:13) in function 'xf::cv::xferode<2160, 3840, 1, 0, 1, 0, 3841, 3, 3>' completely with a factor of 1 (/users/course/2022S/HLS17000000/g110061575/HLS/Lab_C/02_partition_1_4k/vision/L1/include/imgproc/xf_erosion.hpp:238:0)
INFO: [HLS 214-186] Unrolling loop 'anonymous' (/users/course/2022S/HLS17000000/g110061575/HLS/Lab_C/02_partition_1_4k/vision/L1/include/imgproc/xf_erosion.hpp:166:41) in function 'xf::cv::xferode<2160, 3840, 1, 0, 1, 0, 3841, 3, 3>' completely with a factor of 3 (/users/course/2022S/HLS17000000/g110061575/HLS/Lab_C/02_partition_1_4k/vision/L1/include/imgproc/xf_erosion.hpp:238:0)
INFO: [HLS 214-186] Unrolling loop 'anonymous' (/users/course/2022S/HLS17000000/g110061575/HLS/Lab_C/02_partition_1_4k/vision/L1/include/imgproc/xf_erosion.hpp:167:41) in function 'xf::cv::xferode<2160, 3840, 1, 0, 1, 0, 3841, 3, 3>' completely with a factor of 1 (/users/course/2022S/HLS17000000/g110061575/HLS/Lab_C/02_partition_1_4k/vision/L1/include/imgproc/xf_erosion.hpp:238:0)
INFO: [HLS 214-186] Unrolling loop 'anonymous' (/users/course/2022S/HLS17000000/g110061575/HLS/Lab_C/02_partition_1_4k/vision/L1/include/imgproc/xf_erosion.hpp:169:9) in function 'xf::cv::xferode<2160, 3840, 1, 0, 1, 0, 3841, 3, 3>' completely with a factor of 1 (/users/course/2022S/HLS17000000/g110061575/HLS/Lab_C/02_partition_1_4k/vision/L1/include/imgproc/xf_erosion.hpp:238:0)
WARNING: [HLS 214-189] Pipeline directive for loop 'anonymous' (/users/course/2022S/HLS17000000/g110061575/HLS/Lab_C/02_partition_1_4k/vision/L1/include/imgproc/xf_erosion.hpp:169:9) in function 'xf::cv::xferode<2160, 3840, 1, 0, 1, 0, 3841, 3, 3>' has been removed because the loop is unrolled completely (/users/course/2022S/HLS17000000/g110061575/HLS/Lab_C/02_partition_1_4k/vision/L1/include/imgproc/xf_erosion.hpp:238:0)
INFO: [HLS 214-186] Unrolling loop 'anonymous' (/users/course/2022S/HLS17000000/g110061575/HLS/Lab_C/02_partition_1_4k/vision/L1/include/imgproc/xf_erosion.hpp:45:9) in function 'xf::cv::xferode<2160, 3840, 1, 0, 1, 0, 3841, 3, 3>' completely with a factor of 3 (/users/course/2022S/HLS17000000/g110061575/HLS/Lab_C/02_partition_1_4k/vision/L1/include/imgproc/xf_erosion.hpp:238:0)
INFO: [HLS 214-186] Unrolling loop 'anonymous' (/users/course/2022S/HLS17000000/g110061575/HLS/Lab_C/02_partition_1_4k/vision/L1/include/imgproc/xf_erosion.hpp:50:2) in function 'xf::cv::xferode<2160, 3840, 1, 0, 1, 0, 3841, 3, 3>' completely with a factor of 3 (/users/course/2022S/HLS17000000/g110061575/HLS/Lab_C/02_partition_1_4k/vision/L1/include/imgproc/xf_erosion.hpp:238:0)
INFO: [HLS 214-186] Unrolling loop 'anonymous' (/users/course/2022S/HLS17000000/g110061575/HLS/Lab_C/02_partition_1_4k/vision/L1/include/imgproc/xf_erosion.hpp:173:2) in function 'xf::cv::xferode<2160, 3840, 1, 0, 1, 0, 3841, 3, 3>' completely with a factor of 3 (/users/course/2022S/HLS17000000/g110061575/HLS/Lab_C/02_partition_1_4k/vision/L1/include/imgproc/xf_erosion.hpp:238:0)
INFO: [HLS 214-186] Unrolling loop 'anonymous' (/users/course/2022S/HLS17000000/g110061575/HLS/Lab_C/02_partition_1_4k/vision/L1/include/imgproc/xf_erosion.hpp:174:17) in function 'xf::cv::xferode<2160, 3840, 1, 0, 1, 0, 3841, 3, 3>' completely with a factor of 3 (/users/course/2022S/HLS17000000/g110061575/HLS/Lab_C/02_partition_1_4k/vision/L1/include/imgproc/xf_erosion.hpp:238:0)
INFO: [HLS 214-186] Unrolling loop 'anonymous' (/users/course/2022S/HLS17000000/g110061575/HLS/Lab_C/02_partition_1_4k/vision/L1/include/imgproc/xf_erosion.hpp:214:9) in function 'xf::cv::xferode<2160, 3840, 1, 0, 1, 0, 3841, 3, 3>' completely with a factor of 3 (/users/course/2022S/HLS17000000/g110061575/HLS/Lab_C/02_partition_1_4k/vision/L1/include/imgproc/xf_erosion.hpp:238:0)
INFO: [HLS 214-186] Unrolling loop 'anonymous' (/users/course/2022S/HLS17000000/g110061575/HLS/Lab_C/02_partition_1_4k/vision/L1/include/imgproc/xf_erosion.hpp:218:2) in function 'xf::cv::xferode<2160, 3840, 1, 0, 1, 0, 3841, 3, 3>' completely with a factor of 2 (/users/course/2022S/HLS17000000/g110061575/HLS/Lab_C/02_partition_1_4k/vision/L1/include/imgproc/xf_erosion.hpp:238:0)
INFO: [HLS 214-186] Unrolling loop 'anonymous' (/users/course/2022S/HLS17000000/g110061575/HLS/Lab_C/02_partition_1_4k/vision/L1/include/imgproc/xf_erosion.hpp:317:9) in function 'xf::cv::xferode<2160, 3840, 1, 0, 1, 0, 3841, 3, 3>' completely with a factor of 2 (/users/course/2022S/HLS17000000/g110061575/HLS/Lab_C/02_partition_1_4k/vision/L1/include/imgproc/xf_erosion.hpp:238:0)
INFO: [HLS 214-186] Unrolling loop 'Extract_pixels_loop' (/users/course/2022S/HLS17000000/g110061575/HLS/Lab_C/02_partition_1_4k/vision/L1/include/common/xf_utility.hpp:324:5) in function 'xf::cv::xfExtractPixels<1, 1, 0>' completely with a factor of 1 (/users/course/2022S/HLS17000000/g110061575/HLS/Lab_C/02_partition_1_4k/vision/L1/include/common/xf_utility.hpp:315:0)
INFO: [HLS 214-186] Unrolling loop 'anonymous' (/users/course/2022S/HLS17000000/g110061575/HLS/Lab_C/02_partition_1_4k/vision/L1/include/imgproc/xf_colorthresholding.hpp:106:13) in function 'xf::cv::xFInRange<9, 0, 2160, 3840, 15, 0, 1, 9, 1, 3>' completely with a factor of 3 (/users/course/2022S/HLS17000000/g110061575/HLS/Lab_C/02_partition_1_4k/vision/L1/include/imgproc/xf_colorthresholding.hpp:78:0)
INFO: [HLS 214-186] Unrolling loop 'anonymous' (/users/course/2022S/HLS17000000/g110061575/HLS/Lab_C/02_partition_1_4k/vision/L1/include/imgproc/xf_colorthresholding.hpp:107:17) in function 'xf::cv::xFInRange<9, 0, 2160, 3840, 15, 0, 1, 9, 1, 3>' completely with a factor of 3 (/users/course/2022S/HLS17000000/g110061575/HLS/Lab_C/02_partition_1_4k/vision/L1/include/imgproc/xf_colorthresholding.hpp:78:0)
INFO: [HLS 214-186] Unrolling loop 'anonymous' (/users/course/2022S/HLS17000000/g110061575/HLS/Lab_C/02_partition_1_4k/vision/L1/include/imgproc/xf_inrange.hpp:44:5) in function 'xf::cv::inrangeproc<9, 1, 15, 0, 9, 1>' completely with a factor of 1 (/users/course/2022S/HLS17000000/g110061575/HLS/Lab_C/02_partition_1_4k/vision/L1/include/imgproc/xf_inrange.hpp:39:0)
INFO: [HLS 214-186] Unrolling loop 'anonymous' (/users/course/2022S/HLS17000000/g110061575/HLS/Lab_C/02_partition_1_4k/vision/L1/include/imgproc/xf_inrange.hpp:50:9) in function 'xf::cv::inrangeproc<9, 1, 15, 0, 9, 1>' completely with a factor of 3 (/users/course/2022S/HLS17000000/g110061575/HLS/Lab_C/02_partition_1_4k/vision/L1/include/imgproc/xf_inrange.hpp:39:0)
INFO: [HLS 214-186] Unrolling loop 'anonymous' (/users/course/2022S/HLS17000000/g110061575/HLS/Lab_C/02_partition_1_4k/vision/L1/include/imgproc/xf_bgr2hsv.hpp:139:13) in function 'xf::cv::bgr2hsv<9, 2160, 3840, 1>' completely with a factor of 1 (/users/course/2022S/HLS17000000/g110061575/HLS/Lab_C/02_partition_1_4k/vision/L1/include/imgproc/xf_bgr2hsv.hpp:73:0)
INFO: [HLS 214-178] Inlining function 'xf::cv::MMIter<32, 9, 2160, 3840, 1, 2>::addrbound(int, int)' into 'xf::cv::MMIterIn<32, 9, 2160, 3840, 1, 2>::Axi2AxiStream(ap_uint<32>*, hls::stream<ap_uint<32>, 0>&, int, int, int, int)' (/users/course/2022S/HLS17000000/g110061575/HLS/Lab_C/02_partition_1_4k/vision/L1/include/common/xf_structs.hpp:1018:0)
INFO: [HLS 214-178] Inlining function 'xf::cv::MMIterIn<32, 9, 2160, 3840, 1, 2>::Array2xfMat(ap_uint<32>*, xf::cv::Mat<9, 2160, 3840, 1, 2>&, int)' into 'void xf::cv::Array2xfMat<32, 9, 2160, 3840, 1>(ap_uint<32>*, xf::cv::Mat<9, 2160, 3840, 1, 2>&, int)' (/users/course/2022S/HLS17000000/g110061575/HLS/Lab_C/02_partition_1_4k/vision/L1/include/common/xf_utility.hpp:786:0)
INFO: [HLS 214-178] Inlining function 'ap_uint<24> xf::cv::Mat<9, 2160, 3840, 1, 2>::read<2, (void*)0>(int)' into 'void xf::cv::bgr2hsv<9, 2160, 3840, 1>(xf::cv::Mat<9, 2160, 3840, 1, 2>&, xf::cv::Mat<9, 2160, 3840, 1, 2>&)' (/users/course/2022S/HLS17000000/g110061575/HLS/Lab_C/02_partition_1_4k/vision/L1/include/imgproc/xf_bgr2hsv.hpp:73:0)
INFO: [HLS 214-178] Inlining function 'void xf::cv::Mat<9, 2160, 3840, 1, 2>::write<2, (void*)0>(int, ap_uint<24>)' into 'void xf::cv::bgr2hsv<9, 2160, 3840, 1>(xf::cv::Mat<9, 2160, 3840, 1, 2>&, xf::cv::Mat<9, 2160, 3840, 1, 2>&)' (/users/course/2022S/HLS17000000/g110061575/HLS/Lab_C/02_partition_1_4k/vision/L1/include/imgproc/xf_bgr2hsv.hpp:73:0)
INFO: [HLS 214-178] Inlining function 'ap_uint<24> xf::cv::Mat<9, 2160, 3840, 1, 2>::read<2, (void*)0>(int)' into 'void xf::cv::xFInRange<9, 0, 2160, 3840, 15, 0, 1, 9, 1, 3>(xf::cv::Mat<9, 2160, 3840, 1, 2>&, xf::cv::Mat<0, 2160, 3840, 1, 2>&, unsigned char (*) [3], unsigned char (*) [3], unsigned short, unsigned short)' (/users/course/2022S/HLS17000000/g110061575/HLS/Lab_C/02_partition_1_4k/vision/L1/include/imgproc/xf_colorthresholding.hpp:78:0)
INFO: [HLS 214-178] Inlining function 'void xf::cv::Mat<0, 2160, 3840, 1, 2>::write<2, (void*)0>(int, ap_uint<8>)' into 'void xf::cv::xFInRange<9, 0, 2160, 3840, 15, 0, 1, 9, 1, 3>(xf::cv::Mat<9, 2160, 3840, 1, 2>&, xf::cv::Mat<0, 2160, 3840, 1, 2>&, unsigned char (*) [3], unsigned char (*) [3], unsigned short, unsigned short)' (/users/course/2022S/HLS17000000/g110061575/HLS/Lab_C/02_partition_1_4k/vision/L1/include/imgproc/xf_colorthresholding.hpp:78:0)
INFO: [HLS 214-178] Inlining function 'ap_uint<8> xf::cv::Mat<0, 2160, 3840, 1, 2>::read<2, (void*)0>(int)' into 'void xf::cv::xferode<2160, 3840, 1, 0, 1, 0, 3841, 3, 3>(xf::cv::Mat<0, 2160, 3840, 1, 2>&, xf::cv::Mat<0, 2160, 3840, 1, 2>&, unsigned short, unsigned short, unsigned char (*) [3])' (/users/course/2022S/HLS17000000/g110061575/HLS/Lab_C/02_partition_1_4k/vision/L1/include/imgproc/xf_erosion.hpp:238:0)
INFO: [HLS 214-178] Inlining function 'void xf::cv::Mat<0, 2160, 3840, 1, 2>::write<2, (void*)0>(int, ap_uint<8>)' into 'void xf::cv::xferode<2160, 3840, 1, 0, 1, 0, 3841, 3, 3>(xf::cv::Mat<0, 2160, 3840, 1, 2>&, xf::cv::Mat<0, 2160, 3840, 1, 2>&, unsigned short, unsigned short, unsigned char (*) [3])' (/users/course/2022S/HLS17000000/g110061575/HLS/Lab_C/02_partition_1_4k/vision/L1/include/imgproc/xf_erosion.hpp:238:0)
INFO: [HLS 214-178] Inlining function 'ap_uint<8> xf::cv::Mat<0, 2160, 3840, 1, 2>::read<2, (void*)0>(int)' into 'void xf::cv::xfdilate<2160, 3840, 1, 0, 1, 0, 3841, 3, 3>(xf::cv::Mat<0, 2160, 3840, 1, 2>&, xf::cv::Mat<0, 2160, 3840, 1, 2>&, unsigned short, unsigned short, unsigned char (*) [3])' (/users/course/2022S/HLS17000000/g110061575/HLS/Lab_C/02_partition_1_4k/vision/L1/include/imgproc/xf_dilation.hpp:234:0)
INFO: [HLS 214-178] Inlining function 'void xf::cv::Mat<0, 2160, 3840, 1, 2>::write<2, (void*)0>(int, ap_uint<8>)' into 'void xf::cv::xfdilate<2160, 3840, 1, 0, 1, 0, 3841, 3, 3>(xf::cv::Mat<0, 2160, 3840, 1, 2>&, xf::cv::Mat<0, 2160, 3840, 1, 2>&, unsigned short, unsigned short, unsigned char (*) [3])' (/users/course/2022S/HLS17000000/g110061575/HLS/Lab_C/02_partition_1_4k/vision/L1/include/imgproc/xf_dilation.hpp:234:0)
INFO: [HLS 214-178] Inlining function 'xf::cv::MMIterOut<8, 0, 2160, 3840, 1, 1, 2>::xfMat2Array(xf::cv::Mat<0, 2160, 3840, 1, 2>&, ap_uint<8>*, int)' into 'void xf::cv::xfMat2Array<8, 0, 2160, 3840, 1, 1>(xf::cv::Mat<0, 2160, 3840, 1, 2>&, ap_uint<8>*, int)' (/users/course/2022S/HLS17000000/g110061575/HLS/Lab_C/02_partition_1_4k/vision/L1/include/common/xf_utility.hpp:776:0)
INFO: [HLS 214-186] Unrolling loop 'Apply_dilate_Loop' (/users/course/2022S/HLS17000000/g110061575/HLS/Lab_C/02_partition_1_4k/vision/L1/include/imgproc/xf_dilation.hpp:39:5) in function 'xf::cv::xfdilate<2160, 3840, 1, 0, 1, 0, 3841, 3, 3>' completely with a factor of 1 (/users/course/2022S/HLS17000000/g110061575/HLS/Lab_C/02_partition_1_4k/vision/L1/include/imgproc/xf_dilation.hpp:234:0)
INFO: [HLS 214-186] Unrolling loop 'Apply_dilate_Loop' (/users/course/2022S/HLS17000000/g110061575/HLS/Lab_C/02_partition_1_4k/vision/L1/include/imgproc/xf_erosion.hpp:39:5) in function 'xf::cv::xferode<2160, 3840, 1, 0, 1, 0, 3841, 3, 3>' completely with a factor of 1 (/users/course/2022S/HLS17000000/g110061575/HLS/Lab_C/02_partition_1_4k/vision/L1/include/imgproc/xf_erosion.hpp:238:0)
INFO: [HLS 214-248] Applying array_partition to 'kernel_new.1': Complete partitioning on dimension 1. Complete partitioning on dimension 2.
INFO: [HLS 214-248] Applying array_partition to 'kernel_new': Complete partitioning on dimension 1. Complete partitioning on dimension 2.
INFO: [HLS 214-248] Applying array_partition to 'low_th': Complete partitioning on dimension 1. (/users/course/2022S/HLS17000000/g110061575/HLS/Lab_C/02_partition_1_4k/vision/L1/include/imgproc/xf_colorthresholding.hpp:132:16)
INFO: [HLS 214-248] Applying array_partition to 'high_th': Complete partitioning on dimension 1. (/users/course/2022S/HLS17000000/g110061575/HLS/Lab_C/02_partition_1_4k/vision/L1/include/imgproc/xf_colorthresholding.hpp:132:38)
INFO: [HLS 214-248] Applying array_partition to 'buf_cop.i': Complete partitioning on dimension 1. (/users/course/2022S/HLS17000000/g110061575/HLS/Lab_C/02_partition_1_4k/vision/L1/include/imgproc/xf_erosion.hpp:87:37)
INFO: [HLS 214-248] Applying array_partition to 'row_ind': Complete partitioning on dimension 1. (/users/course/2022S/HLS17000000/g110061575/HLS/Lab_C/02_partition_1_4k/vision/L1/include/imgproc/xf_erosion.hpp:239:17)
INFO: [HLS 214-248] Applying array_partition to 'buf': Complete partitioning on dimension 1. (/users/course/2022S/HLS17000000/g110061575/HLS/Lab_C/02_partition_1_4k/vision/L1/include/imgproc/xf_erosion.hpp:255:40)
INFO: [HLS 214-248] Applying array_partition to 'buf_cop.i': Complete partitioning on dimension 1. (/users/course/2022S/HLS17000000/g110061575/HLS/Lab_C/02_partition_1_4k/vision/L1/include/imgproc/xf_dilation.hpp:87:37)
INFO: [HLS 214-248] Applying array_partition to 'row_ind': Complete partitioning on dimension 1. (/users/course/2022S/HLS17000000/g110061575/HLS/Lab_C/02_partition_1_4k/vision/L1/include/imgproc/xf_dilation.hpp:235:17)
INFO: [HLS 214-248] Applying array_partition to 'buf': Complete partitioning on dimension 1. (/users/course/2022S/HLS17000000/g110061575/HLS/Lab_C/02_partition_1_4k/vision/L1/include/imgproc/xf_dilation.hpp:251:40)
INFO: [HLS 200-111] Finished Compiling Optimization and Transform: CPU user time: 5.15 seconds. CPU system time: 0.39 seconds. Elapsed time: 7.07 seconds; current allocated memory: 264.160 MB.
INFO: [HLS 200-111] Finished Checking Pragmas: CPU user time: 0.01 seconds. CPU system time: 0 seconds. Elapsed time: 0 seconds; current allocated memory: 264.160 MB.
INFO: [HLS 200-1493] Running only source code synthesis checks, skipping scheduling and RTL generation.
INFO: [HLS 200-111] Finished Command csynth_design CPU user time: 10.43 seconds. CPU system time: 0.79 seconds. Elapsed time: 12.63 seconds; current allocated memory: -937.109 MB.
HLS completed successfully
INFO: [HLS 200-112] Total CPU user time: 13.36 seconds. Total CPU system time: 1.15 seconds. Total elapsed time: 14.79 seconds; peak allocated memory: 1.173 GB.
INFO: [Common 17-206] Exiting vitis_hls at Fri Apr 29 23:32:07 2022...
