

================================================================
== Synthesis Summary Report of 'adders'
================================================================
+ General Information: 
    * Date:           Fri Mar 25 04:18:47 2022
    * Version:        2021.2 (Build 3367213 on Tue Oct 19 02:48:09 MDT 2021)
    * Project:        adders_prj
    * Solution:       solution1 (Vivado IP Flow Target)
    * Product family: virtexuplus
    * Target device:  xcvu9p-flgb2104-1-e
    

+ Performance & Resource Estimates: 
    
    PS: '+' for module; 'o' for loop; '*' for dataflow
    +----------+------+------+---------+--------+----------+---------+------+----------+------+----+---+----------+-----+
    |  Modules | Issue|      | Latency | Latency| Iteration|         | Trip |          |      |    |   |          |     |
    |  & Loops | Type | Slack| (cycles)|  (ns)  |  Latency | Interval| Count| Pipelined| BRAM | DSP| FF|    LUT   | URAM|
    +----------+------+------+---------+--------+----------+---------+------+----------+------+----+---+----------+-----+
    |+ adders  |     -|  6.39|        0|   0.000|         -|        1|     -|        no|     -|   -|  -|  64 (~0%)|    -|
    +----------+------+------+---------+--------+----------+---------+------+----------+------+----+---+----------+-----+


================================================================
== HW Interfaces
================================================================
* REGISTER
+-----------+---------+----------+
| Interface | Mode    | Bitwidth |
+-----------+---------+----------+
| ap_return |         | 32       |
| in1       | ap_none | 32       |
| in2       | ap_none | 32       |
| in3       | ap_none | 32       |
+-----------+---------+----------+

* TOP LEVEL CONTROL
+-----------+------------+-----------------------------------+
| Interface | Type       | Ports                             |
+-----------+------------+-----------------------------------+
| ap_ctrl   | ap_ctrl_hs | ap_done ap_idle ap_ready ap_start |
+-----------+------------+-----------------------------------+


================================================================
== SW I/O Information
================================================================
* Top Function Arguments
+----------+-----------+----------+
| Argument | Direction | Datatype |
+----------+-----------+----------+
| in1      | in        | int      |
| in2      | in        | int      |
| in3      | in        | int      |
| return   | out       | int      |
+----------+-----------+----------+

* SW-to-HW Mapping
+----------+--------------+---------+
| Argument | HW Interface | HW Type |
+----------+--------------+---------+
| in1      | in1          | port    |
| in2      | in2          | port    |
| in3      | in3          | port    |
| return   | ap_return    | port    |
+----------+--------------+---------+


================================================================
== Bind Op Report
================================================================
+---------------------+-----+--------+----------+-----+--------+---------+
| Name                | DSP | Pragma | Variable | Op  | Impl   | Latency |
+---------------------+-----+--------+----------+-----+--------+---------+
| + adders            | 0   |        |          |     |        |         |
|   add_ln59_fu_40_p2 | -   |        | add_ln59 | add | tadder | 0       |
|   ap_return         | -   |        | sum      | add | tadder | 0       |
+---------------------+-----+--------+----------+-----+--------+---------+


================================================================
== Bind Storage Report
================================================================
  No bind storage info in design

================================================================
== User Pragma Report
================================================================
* Valid Pragma Syntax
+-----------+------------------+----------------------------+
| Type      | Options          | Location                   |
+-----------+------------------+----------------------------+
| interface | ap_none port=in3 | adders.c:52 in adders, in3 |
| interface | ap_none port=in2 | adders.c:53 in adders, in2 |
| interface | ap_none port=in1 | adders.c:54 in adders, in1 |
+-----------+------------------+----------------------------+


