

================================================================
== Vitis HLS Report for 'mmult'
================================================================
* Date:           Fri Mar 25 23:34:57 2022

* Version:        2021.2 (Build 3367213 on Tue Oct 19 02:47:39 MDT 2021)
* Project:        mmult
* Solution:       solution (Vitis Kernel Flow Target)
* Product family: virtexuplus
* Target device:  xcu50-fsvh2104-2-e


================================================================
== Performance Estimates
================================================================
+ Timing: 
    * Summary: 
    +--------+---------+----------+------------+
    |  Clock |  Target | Estimated| Uncertainty|
    +--------+---------+----------+------------+
    |ap_clk  |  3.33 ns|  2.433 ns|     0.90 ns|
    +--------+---------+----------+------------+

+ Latency: 
    * Summary: 
    +---------+---------+-----------+-----------+------+------+---------+
    |  Latency (cycles) |   Latency (absolute)  |   Interval  | Pipeline|
    |   min   |   max   |    min    |    max    |  min |  max |   Type  |
    +---------+---------+-----------+-----------+------+------+---------+
    |     4113|     5102|  13.709 us|  17.005 us|  4114|  5103|       no|
    +---------+---------+-----------+-----------+------+------+---------+

    + Detail: 
        * Instance: 
        +---------------------------------------------------------+----------------------------------------------+---------+---------+-----------+-----------+------+------+---------+
        |                                                         |                                              |  Latency (cycles) |   Latency (absolute)  |   Interval  | Pipeline|
        |                         Instance                        |                    Module                    |   min   |   max   |    min    |    max    |  min |  max |   Type  |
        +---------------------------------------------------------+----------------------------------------------+---------+---------+-----------+-----------+------+------+---------+
        |grp_mmult_Pipeline_readA_fu_155                          |mmult_Pipeline_readA                          |      259|      259|   0.863 us|   0.863 us|   259|   259|       no|
        |grp_mmult_Pipeline_readB_fu_165                          |mmult_Pipeline_readB                          |      259|      259|   0.863 us|   0.863 us|   259|   259|       no|
        |grp_mmult_Pipeline_systolic1_systolic2_systolic3_fu_175  |mmult_Pipeline_systolic1_systolic2_systolic3  |     4102|     4102|  13.672 us|  13.672 us|  4102|  4102|       no|
        |grp_mmult_Pipeline_writeC_fu_186                         |mmult_Pipeline_writeC                         |      260|      260|   0.867 us|   0.867 us|   260|   260|       no|
        +---------------------------------------------------------+----------------------------------------------+---------+---------+-----------+-----------+------+------+---------+

        * Loop: 
        N/A



================================================================
== Utilization Estimates
================================================================
* Summary: 
+---------------------+---------+------+---------+--------+-----+
|         Name        | BRAM_18K|  DSP |    FF   |   LUT  | URAM|
+---------------------+---------+------+---------+--------+-----+
|DSP                  |        -|     -|        -|       -|    -|
|Expression           |        -|     -|        0|      98|    -|
|FIFO                 |        -|     -|        -|       -|    -|
|Instance             |        2|     9|     2376|    3149|    0|
|Memory               |        4|     -|        0|       0|    0|
|Multiplexer          |        -|     -|        -|    1758|    -|
|Register             |        -|     -|      645|       -|    -|
+---------------------+---------+------+---------+--------+-----+
|Total                |        6|     9|     3021|    5005|    0|
+---------------------+---------+------+---------+--------+-----+
|Available SLR        |     1344|  2976|   871680|  435840|  320|
+---------------------+---------+------+---------+--------+-----+
|Utilization SLR (%)  |       ~0|    ~0|       ~0|       1|    0|
+---------------------+---------+------+---------+--------+-----+
|Available            |     2688|  5952|  1743360|  871680|  640|
+---------------------+---------+------+---------+--------+-----+
|Utilization (%)      |       ~0|    ~0|       ~0|      ~0|    0|
+---------------------+---------+------+---------+--------+-----+

+ Detail: 
    * Instance: 
    +---------------------------------------------------------+----------------------------------------------+---------+----+-----+-----+-----+
    |                         Instance                        |                    Module                    | BRAM_18K| DSP|  FF | LUT | URAM|
    +---------------------------------------------------------+----------------------------------------------+---------+----+-----+-----+-----+
    |control_s_axi_U                                          |control_s_axi                                 |        0|   0|  367|  618|    0|
    |gmem_m_axi_U                                             |gmem_m_axi                                    |        2|   0|  512|  580|    0|
    |grp_mmult_Pipeline_readA_fu_155                          |mmult_Pipeline_readA                          |        0|   0|  141|  311|    0|
    |grp_mmult_Pipeline_readB_fu_165                          |mmult_Pipeline_readB                          |        0|   0|  141|  311|    0|
    |grp_mmult_Pipeline_systolic1_systolic2_systolic3_fu_175  |mmult_Pipeline_systolic1_systolic2_systolic3  |        0|   0|  575|  873|    0|
    |grp_mmult_Pipeline_writeC_fu_186                         |mmult_Pipeline_writeC                         |        0|   0|  145|  309|    0|
    |mul_32s_32s_32_2_1_U24                                   |mul_32s_32s_32_2_1                            |        0|   3|  165|   49|    0|
    |mul_32s_32s_32_2_1_U25                                   |mul_32s_32s_32_2_1                            |        0|   3|  165|   49|    0|
    |mul_32s_32s_32_2_1_U26                                   |mul_32s_32s_32_2_1                            |        0|   3|  165|   49|    0|
    +---------------------------------------------------------+----------------------------------------------+---------+----+-----+-----+-----+
    |Total                                                    |                                              |        2|   9| 2376| 3149|    0|
    +---------------------------------------------------------+----------------------------------------------+---------+----+-----+-----+-----+

    * DSP: 
    N/A

    * Memory: 
    +----------+---------------------------+---------+---+----+-----+------+-----+------+-------------+
    |  Memory  |           Module          | BRAM_18K| FF| LUT| URAM| Words| Bits| Banks| W*Bits*Banks|
    +----------+---------------------------+---------+---+----+-----+------+-----+------+-------------+
    |localA_U  |localA_RAM_1WNR_AUTO_1R1W  |        2|  0|   0|    0|   256|   32|     1|         8192|
    |localB_U  |localB_RAM_AUTO_1R1W       |        1|  0|   0|    0|   256|   32|     1|         8192|
    |localC_U  |localC_RAM_AUTO_1R1W       |        1|  0|   0|    0|   256|   32|     1|         8192|
    +----------+---------------------------+---------+---+----+-----+------+-----+------+-------------+
    |Total     |                           |        4|  0|   0|    0|   768|   96|     3|        24576|
    +----------+---------------------------+---------+---+----+-----+------+-----+------+-------------+

    * FIFO: 
    N/A

    * Expression: 
    +-----------------------------------+----------+----+---+----+------------+------------+
    |           Variable Name           | Operation| DSP| FF| LUT| Bitwidth P0| Bitwidth P1|
    +-----------------------------------+----------+----+---+----+------------+------------+
    |ap_block_state150_on_subcall_done  |       and|   0|  0|   2|           1|           1|
    |ap_block_state223                  |       and|   0|  0|   2|           1|           1|
    |ap_block_state5_io                 |       and|   0|  0|   2|           1|           1|
    |ap_block_state76_on_subcall_done   |       and|   0|  0|   2|           1|           1|
    |ap_ext_blocking_cur_n              |       and|   0|  0|   2|           1|           1|
    |ap_ext_blocking_n                  |       and|   0|  0|   2|           1|           1|
    |ap_int_blocking_n                  |       and|   0|  0|   2|           1|           2|
    |ap_str_blocking_n                  |       and|   0|  0|   2|           1|           2|
    |cmp33_not_mid116_fu_271_p2         |      icmp|   0|  0|  20|          32|           1|
    |icmp_ln173_fu_277_p2               |      icmp|   0|  0|  20|          32|           1|
    |icmp_ln87_fu_200_p2                |      icmp|   0|  0|  20|          32|           1|
    |icmp_ln98_fu_232_p2                |      icmp|   0|  0|  20|          32|           1|
    |ap_block_state1                    |        or|   0|  0|   2|           1|           1|
    +-----------------------------------+----------+----+---+----+------------+------------+
    |Total                              |          |   0|  0|  98|         137|          15|
    +-----------------------------------+----------+----+---+----+------------+------------+

    * Multiplexer: 
    +-----------------+------+-----------+-----+-----------+
    |       Name      |  LUT | Input Size| Bits| Total Bits|
    +-----------------+------+-----------+-----+-----------+
    |ap_NS_fsm        |  1189|        224|    1|        224|
    |ap_done          |     9|          2|    1|          2|
    |gmem_ARADDR      |    26|          5|   64|        320|
    |gmem_ARBURST     |    14|          3|    2|          6|
    |gmem_ARCACHE     |    14|          3|    4|         12|
    |gmem_ARID        |    14|          3|    1|          3|
    |gmem_ARLEN       |    26|          5|   32|        160|
    |gmem_ARLOCK      |    14|          3|    2|          6|
    |gmem_ARPROT      |    14|          3|    3|          9|
    |gmem_ARQOS       |    14|          3|    4|         12|
    |gmem_ARREGION    |    14|          3|    4|         12|
    |gmem_ARSIZE      |    14|          3|    3|          9|
    |gmem_ARUSER      |    14|          3|    1|          3|
    |gmem_ARVALID     |    20|          4|    1|          4|
    |gmem_AWADDR      |    14|          3|   64|        192|
    |gmem_AWBURST     |     9|          2|    2|          4|
    |gmem_AWCACHE     |     9|          2|    4|          8|
    |gmem_AWID        |     9|          2|    1|          2|
    |gmem_AWLEN       |    14|          3|   32|         96|
    |gmem_AWLOCK      |     9|          2|    2|          4|
    |gmem_AWPROT      |     9|          2|    3|          6|
    |gmem_AWQOS       |     9|          2|    4|          8|
    |gmem_AWREGION    |     9|          2|    4|          8|
    |gmem_AWSIZE      |     9|          2|    3|          6|
    |gmem_AWUSER      |     9|          2|    1|          2|
    |gmem_AWVALID     |    14|          3|    1|          3|
    |gmem_BREADY      |    14|          3|    1|          3|
    |gmem_RREADY      |    14|          3|    1|          3|
    |gmem_WVALID      |     9|          2|    1|          2|
    |gmem_blk_n_AR    |     9|          2|    1|          2|
    |gmem_blk_n_AW    |     9|          2|    1|          2|
    |gmem_blk_n_B     |     9|          2|    1|          2|
    |grp_fu_196_ce    |     9|          2|    1|          2|
    |grp_fu_196_p0    |    14|          3|   32|         96|
    |grp_fu_196_p1    |    14|          3|   32|         96|
    |localA_address0  |    14|          3|    8|         24|
    |localA_ce0       |    14|          3|    1|          3|
    |localA_ce1       |     9|          2|    1|          2|
    |localA_ce2       |     9|          2|    1|          2|
    |localA_we0       |     9|          2|    1|          2|
    |localB_address0  |    14|          3|    8|         24|
    |localB_ce0       |    14|          3|    1|          3|
    |localB_we0       |     9|          2|    1|          2|
    |localC_address0  |    14|          3|    8|         24|
    |localC_ce0       |    14|          3|    1|          3|
    |localC_ce1       |     9|          2|    1|          2|
    |localC_we0       |     9|          2|    1|          2|
    +-----------------+------+-----------+-----+-----------+
    |Total            |  1758|        346|  348|       1422|
    +-----------------+------+-----------+-----+-----------+

    * Register: 
    +----------------------------------------------------------------------+-----+----+-----+-----------+
    |                                 Name                                 |  FF | LUT| Bits| Const Bits|
    +----------------------------------------------------------------------+-----+----+-----+-----------+
    |ap_CS_fsm                                                             |  223|   0|  223|          0|
    |ap_done_reg                                                           |    1|   0|    1|          0|
    |ap_ext_blocking_n_reg                                                 |    1|   0|    1|          0|
    |ap_int_blocking_n_reg                                                 |    1|   0|    1|          0|
    |ap_rst_n_inv                                                          |    1|   0|    1|          0|
    |ap_rst_reg_1                                                          |    1|   0|    1|          0|
    |ap_rst_reg_2                                                          |    1|   0|    1|          0|
    |ap_str_blocking_n_reg                                                 |    1|   0|    1|          0|
    |cmp33_not_mid116_reg_402                                              |    1|   0|    1|          0|
    |grp_mmult_Pipeline_readA_fu_155_ap_start_reg                          |    1|   0|    1|          0|
    |grp_mmult_Pipeline_readB_fu_165_ap_start_reg                          |    1|   0|    1|          0|
    |grp_mmult_Pipeline_systolic1_systolic2_systolic3_fu_175_ap_start_reg  |    1|   0|    1|          0|
    |grp_mmult_Pipeline_writeC_fu_186_ap_start_reg                         |    1|   0|    1|          0|
    |icmp_ln173_reg_414                                                    |    1|   0|    1|          0|
    |icmp_ln87_reg_332                                                     |    1|   0|    1|          0|
    |icmp_ln98_reg_377                                                     |    1|   0|    1|          0|
    |mul11_reg_370                                                         |   32|   0|   32|          0|
    |mul58_reg_407                                                         |   32|   0|   32|          0|
    |mul_reg_320                                                           |   32|   0|   32|          0|
    |tmp_2_reg_397                                                         |   32|   0|   40|          8|
    |trunc_ln173_reg_424                                                   |   31|   0|   31|          0|
    |trunc_ln1_reg_381                                                     |   62|   0|   62|          0|
    |trunc_ln2_reg_418                                                     |   62|   0|   62|          0|
    |trunc_ln87_reg_355                                                    |   31|   0|   31|          0|
    |trunc_ln98_reg_387                                                    |   31|   0|   31|          0|
    |trunc_ln_reg_360                                                      |   62|   0|   62|          0|
    +----------------------------------------------------------------------+-----+----+-----+-----------+
    |Total                                                                 |  645|   0|  653|          8|
    +----------------------------------------------------------------------+-----+----+-----+-----------+



================================================================
== Interface
================================================================
* Summary: 
+-----------------------+-----+-----+---------------+--------------+--------------+
|       RTL Ports       | Dir | Bits|    Protocol   | Source Object|    C Type    |
+-----------------------+-----+-----+---------------+--------------+--------------+
|s_axi_control_AWVALID  |   in|    1|          s_axi|       control|        scalar|
|s_axi_control_AWREADY  |  out|    1|          s_axi|       control|        scalar|
|s_axi_control_AWADDR   |   in|    7|          s_axi|       control|        scalar|
|s_axi_control_WVALID   |   in|    1|          s_axi|       control|        scalar|
|s_axi_control_WREADY   |  out|    1|          s_axi|       control|        scalar|
|s_axi_control_WDATA    |   in|   32|          s_axi|       control|        scalar|
|s_axi_control_WSTRB    |   in|    4|          s_axi|       control|        scalar|
|s_axi_control_ARVALID  |   in|    1|          s_axi|       control|        scalar|
|s_axi_control_ARREADY  |  out|    1|          s_axi|       control|        scalar|
|s_axi_control_ARADDR   |   in|    7|          s_axi|       control|        scalar|
|s_axi_control_RVALID   |  out|    1|          s_axi|       control|        scalar|
|s_axi_control_RREADY   |   in|    1|          s_axi|       control|        scalar|
|s_axi_control_RDATA    |  out|   32|          s_axi|       control|        scalar|
|s_axi_control_RRESP    |  out|    2|          s_axi|       control|        scalar|
|s_axi_control_BVALID   |  out|    1|          s_axi|       control|        scalar|
|s_axi_control_BREADY   |   in|    1|          s_axi|       control|        scalar|
|s_axi_control_BRESP    |  out|    2|          s_axi|       control|        scalar|
|ap_local_block         |  out|    1|  ap_ctrl_chain|         mmult|  return value|
|ap_clk                 |   in|    1|  ap_ctrl_chain|         mmult|  return value|
|ap_rst_n               |   in|    1|  ap_ctrl_chain|         mmult|  return value|
|event_done             |  out|    1|  ap_ctrl_chain|         mmult|  return value|
|interrupt              |  out|    1|  ap_ctrl_chain|         mmult|  return value|
|event_start            |  out|    1|  ap_ctrl_chain|         mmult|  return value|
|stall_start_ext        |  out|    1|  ap_ctrl_chain|         mmult|  return value|
|stall_done_ext         |  out|    1|  ap_ctrl_chain|         mmult|  return value|
|stall_start_str        |  out|    1|  ap_ctrl_chain|         mmult|  return value|
|stall_done_str         |  out|    1|  ap_ctrl_chain|         mmult|  return value|
|stall_start_int        |  out|    1|  ap_ctrl_chain|         mmult|  return value|
|stall_done_int         |  out|    1|  ap_ctrl_chain|         mmult|  return value|
|m_axi_gmem_AWVALID     |  out|    1|          m_axi|          gmem|       pointer|
|m_axi_gmem_AWREADY     |   in|    1|          m_axi|          gmem|       pointer|
|m_axi_gmem_AWADDR      |  out|   64|          m_axi|          gmem|       pointer|
|m_axi_gmem_AWID        |  out|    1|          m_axi|          gmem|       pointer|
|m_axi_gmem_AWLEN       |  out|    8|          m_axi|          gmem|       pointer|
|m_axi_gmem_AWSIZE      |  out|    3|          m_axi|          gmem|       pointer|
|m_axi_gmem_AWBURST     |  out|    2|          m_axi|          gmem|       pointer|
|m_axi_gmem_AWLOCK      |  out|    2|          m_axi|          gmem|       pointer|
|m_axi_gmem_AWCACHE     |  out|    4|          m_axi|          gmem|       pointer|
|m_axi_gmem_AWPROT      |  out|    3|          m_axi|          gmem|       pointer|
|m_axi_gmem_AWQOS       |  out|    4|          m_axi|          gmem|       pointer|
|m_axi_gmem_AWREGION    |  out|    4|          m_axi|          gmem|       pointer|
|m_axi_gmem_AWUSER      |  out|    1|          m_axi|          gmem|       pointer|
|m_axi_gmem_WVALID      |  out|    1|          m_axi|          gmem|       pointer|
|m_axi_gmem_WREADY      |   in|    1|          m_axi|          gmem|       pointer|
|m_axi_gmem_WDATA       |  out|   32|          m_axi|          gmem|       pointer|
|m_axi_gmem_WSTRB       |  out|    4|          m_axi|          gmem|       pointer|
|m_axi_gmem_WLAST       |  out|    1|          m_axi|          gmem|       pointer|
|m_axi_gmem_WID         |  out|    1|          m_axi|          gmem|       pointer|
|m_axi_gmem_WUSER       |  out|    1|          m_axi|          gmem|       pointer|
|m_axi_gmem_ARVALID     |  out|    1|          m_axi|          gmem|       pointer|
|m_axi_gmem_ARREADY     |   in|    1|          m_axi|          gmem|       pointer|
|m_axi_gmem_ARADDR      |  out|   64|          m_axi|          gmem|       pointer|
|m_axi_gmem_ARID        |  out|    1|          m_axi|          gmem|       pointer|
|m_axi_gmem_ARLEN       |  out|    8|          m_axi|          gmem|       pointer|
|m_axi_gmem_ARSIZE      |  out|    3|          m_axi|          gmem|       pointer|
|m_axi_gmem_ARBURST     |  out|    2|          m_axi|          gmem|       pointer|
|m_axi_gmem_ARLOCK      |  out|    2|          m_axi|          gmem|       pointer|
|m_axi_gmem_ARCACHE     |  out|    4|          m_axi|          gmem|       pointer|
|m_axi_gmem_ARPROT      |  out|    3|          m_axi|          gmem|       pointer|
|m_axi_gmem_ARQOS       |  out|    4|          m_axi|          gmem|       pointer|
|m_axi_gmem_ARREGION    |  out|    4|          m_axi|          gmem|       pointer|
|m_axi_gmem_ARUSER      |  out|    1|          m_axi|          gmem|       pointer|
|m_axi_gmem_RVALID      |   in|    1|          m_axi|          gmem|       pointer|
|m_axi_gmem_RREADY      |  out|    1|          m_axi|          gmem|       pointer|
|m_axi_gmem_RDATA       |   in|   32|          m_axi|          gmem|       pointer|
|m_axi_gmem_RLAST       |   in|    1|          m_axi|          gmem|       pointer|
|m_axi_gmem_RID         |   in|    1|          m_axi|          gmem|       pointer|
|m_axi_gmem_RUSER       |   in|    1|          m_axi|          gmem|       pointer|
|m_axi_gmem_RRESP       |   in|    2|          m_axi|          gmem|       pointer|
|m_axi_gmem_BVALID      |   in|    1|          m_axi|          gmem|       pointer|
|m_axi_gmem_BREADY      |  out|    1|          m_axi|          gmem|       pointer|
|m_axi_gmem_BRESP       |   in|    2|          m_axi|          gmem|       pointer|
|m_axi_gmem_BID         |   in|    1|          m_axi|          gmem|       pointer|
|m_axi_gmem_BUSER       |   in|    1|          m_axi|          gmem|       pointer|
+-----------------------+-----+-----+---------------+--------------+--------------+

