

================================================================
== Vitis HLS Report for 'aes_return_Pipeline_aes_return_label12'
================================================================
* Date:           Fri Jun 17 13:15:46 2022

* Version:        2021.2 (Build 3367213 on Tue Oct 19 02:48:09 MDT 2021)
* Project:        MIMO
* Solution:       solution1 (Vivado IP Flow Target)
* Product family: zynquplus
* Target device:  xczu9eg-ffvb1156-2-e


================================================================
== Performance Estimates
================================================================
+ Timing: 
    * Summary: 
    +--------+----------+----------+------------+
    |  Clock |  Target  | Estimated| Uncertainty|
    +--------+----------+----------+------------+
    |ap_clk  |  40.00 ns|  5.149 ns|    10.80 ns|
    +--------+----------+----------+------------+

+ Latency: 
    * Summary: 
    +---------+---------+-----------+-----------+-----+-----+---------+
    |  Latency (cycles) |   Latency (absolute)  |  Interval | Pipeline|
    |   min   |   max   |    min    |    max    | min | max |   Type  |
    +---------+---------+-----------+-----------+-----+-----+---------+
    |      317|      317|  12.680 us|  12.680 us|  317|  317|       no|
    +---------+---------+-----------+-----------+-----+-----+---------+

    + Detail: 
        * Instance: 
        +------------------------+-------------+---------+---------+----------+----------+-----+-----+---------+
        |                        |             |  Latency (cycles) |  Latency (absolute) |  Interval | Pipeline|
        |        Instance        |    Module   |   min   |   max   |    min   |    max   | min | max |   Type  |
        +------------------------+-------------+---------+---------+----------+----------+-----+-----+---------+
        |grp_GFMul_fu_342        |GFMul        |        0|        0|      0 ns|      0 ns|    1|    1|      yes|
        |grp_GFMul_fu_349        |GFMul        |        0|        0|      0 ns|      0 ns|    1|    1|      yes|
        |grp_GFMul_fu_356        |GFMul        |        0|        0|      0 ns|      0 ns|    1|    1|      yes|
        |grp_addRoundKey_fu_369  |addRoundKey  |       15|       15|  0.600 us|  0.600 us|   16|   16|      yes|
        +------------------------+-------------+---------+---------+----------+----------+-----+-----+---------+

        * Loop: 
        +----------------------+---------+---------+----------+-----------+-----------+------+----------+
        |                      |  Latency (cycles) | Iteration|  Initiation Interval  | Trip |          |
        |       Loop Name      |   min   |   max   |  Latency |  achieved |   target  | Count| Pipelined|
        +----------------------+---------+---------+----------+-----------+-----------+------+----------+
        |- aes_return_label12  |      315|      315|        35|         35|          1|     9|       yes|
        +----------------------+---------+---------+----------+-----------+-----------+------+----------+



================================================================
== Utilization Estimates
================================================================
* Summary: 
+-----------------+---------+------+--------+--------+-----+
|       Name      | BRAM_18K|  DSP |   FF   |   LUT  | URAM|
+-----------------+---------+------+--------+--------+-----+
|DSP              |        -|     -|       -|       -|    -|
|Expression       |        -|     -|       0|    1557|    -|
|FIFO             |        -|     -|       -|       -|    -|
|Instance         |        -|     -|     636|    3542|    -|
|Memory           |        -|     -|       -|       -|    -|
|Multiplexer      |        -|     -|       -|     867|    -|
|Register         |        -|     -|     709|       -|    -|
+-----------------+---------+------+--------+--------+-----+
|Total            |        0|     0|    1345|    5966|    0|
+-----------------+---------+------+--------+--------+-----+
|Available        |     1824|  2520|  548160|  274080|    0|
+-----------------+---------+------+--------+--------+-----+
|Utilization (%)  |        0|     0|      ~0|       2|    0|
+-----------------+---------+------+--------+--------+-----+

+ Detail: 
    * Instance: 
    +------------------------+-------------+---------+----+-----+-----+-----+
    |        Instance        |    Module   | BRAM_18K| DSP|  FF | LUT | URAM|
    +------------------------+-------------+---------+----+-----+-----+-----+
    |grp_GFMul_fu_342        |GFMul        |        0|   0|    0|  881|    0|
    |grp_GFMul_fu_349        |GFMul        |        0|   0|    0|  881|    0|
    |grp_GFMul_fu_356        |GFMul        |        0|   0|    0|  881|    0|
    |grp_addRoundKey_fu_369  |addRoundKey  |        0|   0|  636|  899|    0|
    +------------------------+-------------+---------+----+-----+-----+-----+
    |Total                   |             |        0|   0|  636| 3542|    0|
    +------------------------+-------------+---------+----+-----+-----+-----+

    * DSP: 
    N/A

    * Memory: 
    N/A

    * FIFO: 
    N/A

    * Expression: 
    +------------------------+----------+----+---+----+------------+------------+
    |      Variable Name     | Operation| DSP| FF| LUT| Bitwidth P0| Bitwidth P1|
    +------------------------+----------+----+---+----+------------+------------+
    |i_11_fu_428_p2          |         +|   0|  0|  12|           4|           1|
    |icmp_ln320_fu_422_p2    |      icmp|   0|  0|   9|           4|           4|
    |xor_ln296_10_fu_794_p2  |       xor|   0|  0|  32|          32|          32|
    |xor_ln296_11_fu_933_p2  |       xor|   0|  0|  32|          32|          32|
    |xor_ln296_12_fu_670_p2  |       xor|   0|  0|  32|          32|          32|
    |xor_ln296_13_fu_819_p2  |       xor|   0|  0|  32|          32|          32|
    |xor_ln296_14_fu_676_p2  |       xor|   0|  0|  32|          32|          32|
    |xor_ln296_15_fu_701_p2  |       xor|   0|  0|  32|          32|          32|
    |xor_ln296_16_fu_546_p2  |       xor|   0|  0|  32|          32|          32|
    |xor_ln296_17_fu_576_p2  |       xor|   0|  0|  32|          32|          32|
    |xor_ln296_18_fu_552_p2  |       xor|   0|  0|  32|          32|          32|
    |xor_ln296_19_fu_952_p2  |       xor|   0|  0|  32|          32|          32|
    |xor_ln296_1_fu_540_p2   |       xor|   0|  0|  32|          32|          32|
    |xor_ln296_20_fu_921_p2  |       xor|   0|  0|  32|          32|          32|
    |xor_ln296_21_fu_837_p2  |       xor|   0|  0|  32|          32|          32|
    |xor_ln296_22_fu_927_p2  |       xor|   0|  0|  32|          32|          32|
    |xor_ln296_23_fu_719_p2  |       xor|   0|  0|  32|          32|          32|
    |xor_ln296_24_fu_807_p2  |       xor|   0|  0|  32|          32|          32|
    |xor_ln296_25_fu_595_p2  |       xor|   0|  0|  32|          32|          32|
    |xor_ln296_26_fu_813_p2  |       xor|   0|  0|  32|          32|          32|
    |xor_ln296_27_fu_970_p2  |       xor|   0|  0|  32|          32|          32|
    |xor_ln296_28_fu_689_p2  |       xor|   0|  0|  32|          32|          32|
    |xor_ln296_29_fu_856_p2  |       xor|   0|  0|  32|          32|          32|
    |xor_ln296_2_fu_534_p2   |       xor|   0|  0|  32|          32|          32|
    |xor_ln296_30_fu_695_p2  |       xor|   0|  0|  32|          32|          32|
    |xor_ln296_31_fu_738_p2  |       xor|   0|  0|  32|          32|          32|
    |xor_ln296_32_fu_564_p2  |       xor|   0|  0|  32|          32|          32|
    |xor_ln296_33_fu_570_p2  |       xor|   0|  0|  32|          32|          32|
    |xor_ln296_34_fu_940_p2  |       xor|   0|  0|  32|          32|          32|
    |xor_ln296_35_fu_946_p2  |       xor|   0|  0|  32|          32|          32|
    |xor_ln296_36_fu_825_p2  |       xor|   0|  0|  32|          32|          32|
    |xor_ln296_37_fu_831_p2  |       xor|   0|  0|  32|          32|          32|
    |xor_ln296_38_fu_707_p2  |       xor|   0|  0|  32|          32|          32|
    |xor_ln296_39_fu_713_p2  |       xor|   0|  0|  32|          32|          32|
    |xor_ln296_3_fu_914_p2   |       xor|   0|  0|  32|          32|          32|
    |xor_ln296_40_fu_583_p2  |       xor|   0|  0|  32|          32|          32|
    |xor_ln296_41_fu_589_p2  |       xor|   0|  0|  32|          32|          32|
    |xor_ln296_42_fu_958_p2  |       xor|   0|  0|  32|          32|          32|
    |xor_ln296_43_fu_964_p2  |       xor|   0|  0|  32|          32|          32|
    |xor_ln296_44_fu_844_p2  |       xor|   0|  0|  32|          32|          32|
    |xor_ln296_45_fu_850_p2  |       xor|   0|  0|  32|          32|          32|
    |xor_ln296_46_fu_726_p2  |       xor|   0|  0|  32|          32|          32|
    |xor_ln296_47_fu_732_p2  |       xor|   0|  0|  32|          32|          32|
    |xor_ln296_4_fu_902_p2   |       xor|   0|  0|  32|          32|          32|
    |xor_ln296_5_fu_800_p2   |       xor|   0|  0|  32|          32|          32|
    |xor_ln296_6_fu_908_p2   |       xor|   0|  0|  32|          32|          32|
    |xor_ln296_7_fu_682_p2   |       xor|   0|  0|  32|          32|          32|
    |xor_ln296_8_fu_788_p2   |       xor|   0|  0|  32|          32|          32|
    |xor_ln296_9_fu_558_p2   |       xor|   0|  0|  32|          32|          32|
    |xor_ln296_fu_528_p2     |       xor|   0|  0|  32|          32|          32|
    +------------------------+----------+----+---+----+------------+------------+
    |Total                   |          |   0|  0|1557|        1544|        1541|
    +------------------------+----------+----+---+----+------------+------------+

    * Multiplexer: 
    +--------------------+-----+-----------+-----+-----------+
    |        Name        | LUT | Input Size| Bits| Total Bits|
    +--------------------+-----+-----------+-----+-----------+
    |S_address0          |   81|         17|    8|        136|
    |ap_NS_fsm           |  162|         36|    1|         36|
    |ap_done_int         |    9|          2|    1|          2|
    |ap_sig_allocacmp_i  |    9|          2|    4|          8|
    |grp_GFMul_fu_342_n  |   20|          4|    4|         16|
    |grp_GFMul_fu_342_s  |   81|         17|   32|        544|
    |grp_GFMul_fu_349_n  |   20|          4|    4|         16|
    |grp_GFMul_fu_349_s  |   81|         17|   32|        544|
    |grp_GFMul_fu_356_n  |   20|          4|    4|         16|
    |grp_GFMul_fu_356_s  |   81|         17|   32|        544|
    |i_01_fu_66          |    9|          2|    4|          8|
    |pArray_address0     |   65|         13|    4|         52|
    |pArray_address1     |   65|         13|    4|         52|
    |pArray_ce0          |   14|          3|    1|          3|
    |pArray_ce1          |   14|          3|    1|          3|
    |pArray_d0           |   54|         10|   32|        320|
    |pArray_d1           |   54|         10|   32|        320|
    |pArray_we0          |   14|          3|    1|          3|
    |pArray_we1          |   14|          3|    1|          3|
    +--------------------+-----+-----------+-----+-----------+
    |Total               |  867|        180|  202|       2626|
    +--------------------+-----+-----------+-----+-----------+

    * Register: 
    +-------------------------------------+----+----+-----+-----------+
    |                 Name                | FF | LUT| Bits| Const Bits|
    +-------------------------------------+----+----+-----+-----------+
    |ap_CS_fsm                            |  35|   0|   35|          0|
    |ap_done_reg                          |   1|   0|    1|          0|
    |grp_addRoundKey_fu_369_ap_start_reg  |   1|   0|    1|          0|
    |i_01_fu_66                           |   4|   0|    4|          0|
    |i_reg_983                            |   4|   0|    4|          0|
    |reg_378                              |  32|   0|   32|          0|
    |reg_382                              |  32|   0|   32|          0|
    |reg_386                              |  32|   0|   32|          0|
    |reg_390                              |  32|   0|   32|          0|
    |reg_394                              |  32|   0|   32|          0|
    |reg_398                              |  32|   0|   32|          0|
    |reg_402                              |  32|   0|   32|          0|
    |reg_406                              |  32|   0|   32|          0|
    |reg_410                              |  32|   0|   32|          0|
    |trunc_ln57_10_reg_1095               |   8|   0|    8|          0|
    |trunc_ln57_11_reg_1195               |   8|   0|    8|          0|
    |trunc_ln57_12_reg_1165               |   8|   0|    8|          0|
    |trunc_ln57_13_reg_1135               |   8|   0|    8|          0|
    |trunc_ln57_14_reg_1110               |   8|   0|    8|          0|
    |trunc_ln57_1_reg_1170                |   8|   0|    8|          0|
    |trunc_ln57_2_reg_1130                |   8|   0|    8|          0|
    |trunc_ln57_3_reg_1100                |   8|   0|    8|          0|
    |trunc_ln57_4_reg_1115                |   8|   0|    8|          0|
    |trunc_ln57_5_reg_1090                |   8|   0|    8|          0|
    |trunc_ln57_6_reg_1190                |   8|   0|    8|          0|
    |trunc_ln57_7_reg_1175                |   8|   0|    8|          0|
    |trunc_ln57_8_reg_1160                |   8|   0|    8|          0|
    |trunc_ln57_9_reg_1125                |   8|   0|    8|          0|
    |trunc_ln57_reg_1075                  |   8|   0|    8|          0|
    |xor_ln296_13_reg_1235                |  32|   0|   32|          0|
    |xor_ln296_15_reg_1205                |  32|   0|   32|          0|
    |xor_ln296_19_reg_1260                |  32|   0|   32|          0|
    |xor_ln296_1_reg_1145                 |  32|   0|   32|          0|
    |xor_ln296_27_reg_1265                |  32|   0|   32|          0|
    |xor_ln296_29_reg_1240                |  32|   0|   32|          0|
    |xor_ln296_31_reg_1210                |  32|   0|   32|          0|
    |xor_ln296_9_reg_1150                 |  32|   0|   32|          0|
    +-------------------------------------+----+----+-----+-----------+
    |Total                                | 709|   0|  709|          0|
    +-------------------------------------+----+----+-----+-----------+



================================================================
== Interface
================================================================
* Summary: 
+-----------------+-----+-----+------------+----------------------------------------+--------------+
|    RTL Ports    | Dir | Bits|  Protocol  |              Source Object             |    C Type    |
+-----------------+-----+-----+------------+----------------------------------------+--------------+
|ap_clk           |   in|    1|  ap_ctrl_hs|  aes_return_Pipeline_aes_return_label12|  return value|
|ap_rst           |   in|    1|  ap_ctrl_hs|  aes_return_Pipeline_aes_return_label12|  return value|
|ap_start         |   in|    1|  ap_ctrl_hs|  aes_return_Pipeline_aes_return_label12|  return value|
|ap_done          |  out|    1|  ap_ctrl_hs|  aes_return_Pipeline_aes_return_label12|  return value|
|ap_idle          |  out|    1|  ap_ctrl_hs|  aes_return_Pipeline_aes_return_label12|  return value|
|ap_ready         |  out|    1|  ap_ctrl_hs|  aes_return_Pipeline_aes_return_label12|  return value|
|pArray_address0  |  out|    4|   ap_memory|                                  pArray|         array|
|pArray_ce0       |  out|    1|   ap_memory|                                  pArray|         array|
|pArray_we0       |  out|    1|   ap_memory|                                  pArray|         array|
|pArray_d0        |  out|   32|   ap_memory|                                  pArray|         array|
|pArray_q0        |   in|   32|   ap_memory|                                  pArray|         array|
|pArray_address1  |  out|    4|   ap_memory|                                  pArray|         array|
|pArray_ce1       |  out|    1|   ap_memory|                                  pArray|         array|
|pArray_we1       |  out|    1|   ap_memory|                                  pArray|         array|
|pArray_d1        |  out|   32|   ap_memory|                                  pArray|         array|
|pArray_q1        |   in|   32|   ap_memory|                                  pArray|         array|
|w_address0       |  out|    6|   ap_memory|                                       w|         array|
|w_ce0            |  out|    1|   ap_memory|                                       w|         array|
|w_q0             |   in|   32|   ap_memory|                                       w|         array|
|w_address1       |  out|    6|   ap_memory|                                       w|         array|
|w_ce1            |  out|    1|   ap_memory|                                       w|         array|
|w_q1             |   in|   32|   ap_memory|                                       w|         array|
|S_address0       |  out|    8|   ap_memory|                                       S|         array|
|S_ce0            |  out|    1|   ap_memory|                                       S|         array|
|S_q0             |   in|    8|   ap_memory|                                       S|         array|
+-----------------+-----+-----+------------+----------------------------------------+--------------+

