

================================================================
== Vitis HLS Report for 'AES_En_De27'
================================================================
* Date:           Fri Jun 17 13:15:48 2022

* Version:        2021.2 (Build 3367213 on Tue Oct 19 02:48:09 MDT 2021)
* Project:        MIMO
* Solution:       solution1 (Vivado IP Flow Target)
* Product family: zynquplus
* Target device:  xczu9eg-ffvb1156-2-e


================================================================
== Performance Estimates
================================================================
+ Timing: 
    * Summary: 
    +--------+----------+----------+------------+
    |  Clock |  Target  | Estimated| Uncertainty|
    +--------+----------+----------+------------+
    |ap_clk  |  40.00 ns|  5.149 ns|    10.80 ns|
    +--------+----------+----------+------------+

+ Latency: 
    * Summary: 
    +---------+---------+----------+----------+-----+-------+---------+
    |  Latency (cycles) |  Latency (absolute) |   Interval  | Pipeline|
    |   min   |   max   |    min   |    max   | min |  max  |   Type  |
    +---------+---------+----------+----------+-----+-------+---------+
    |       93|    10369|  3.720 us|  0.415 ms|   93|  10369|       no|
    +---------+---------+----------+----------+-----+-------+---------+

    + Detail: 
        * Instance: 
        +-----------------------+------------+---------+---------+-----------+-----------+-----+-----+---------+
        |                       |            |  Latency (cycles) |   Latency (absolute)  |  Interval | Pipeline|
        |        Instance       |   Module   |   min   |   max   |    min    |    max    | min | max |   Type  |
        +-----------------------+------------+---------+---------+-----------+-----------+-----+-----+---------+
        |grp_extendKey_fu_633   |extendKey   |      255|      255|  10.200 us|  10.200 us|  255|  255|       no|
        |grp_aes_return_fu_643  |aes_return  |      400|      400|  16.000 us|  16.000 us|  400|  400|       no|
        +-----------------------+------------+---------+---------+-----------+-----------+-----+-----+---------+

        * Loop: 
        +--------------------+---------+---------+----------+-----------+-----------+------+----------+
        |                    |  Latency (cycles) | Iteration|  Initiation Interval  | Trip |          |
        |      Loop Name     |   min   |   max   |  Latency |  achieved |   target  | Count| Pipelined|
        +--------------------+---------+---------+----------+-----------+-----------+------+----------+
        |- VITIS_LOOP_508_2  |       93|    10368|   4 ~ 689|          -|          -|    16|        no|
        +--------------------+---------+---------+----------+-----------+-----------+------+----------+



================================================================
== Utilization Estimates
================================================================
* Summary: 
+-----------------+---------+------+--------+--------+-----+
|       Name      | BRAM_18K|  DSP |   FF   |   LUT  | URAM|
+-----------------+---------+------+--------+--------+-----+
|DSP              |        -|     -|       -|       -|    -|
|Expression       |        -|     -|       0|      51|    -|
|FIFO             |        -|     -|       -|       -|    -|
|Instance         |        2|     -|    2512|    8527|    0|
|Memory           |        2|     -|      40|       6|    0|
|Multiplexer      |        -|     -|       -|     575|    -|
|Register         |        -|     -|     450|       -|    -|
+-----------------+---------+------+--------+--------+-----+
|Total            |        4|     0|    3002|    9159|    0|
+-----------------+---------+------+--------+--------+-----+
|Available        |     1824|  2520|  548160|  274080|    0|
+-----------------+---------+------+--------+--------+-----+
|Utilization (%)  |       ~0|     0|      ~0|       3|    0|
+-----------------+---------+------+--------+--------+-----+

+ Detail: 
    * Instance: 
    +-----------------------+------------+---------+----+------+------+-----+
    |        Instance       |   Module   | BRAM_18K| DSP|  FF  |  LUT | URAM|
    +-----------------------+------------+---------+----+------+------+-----+
    |grp_aes_return_fu_643  |aes_return  |        1|   0|  2271|  7954|    0|
    |grp_extendKey_fu_633   |extendKey   |        1|   0|   241|   573|    0|
    +-----------------------+------------+---------+----+------+------+-----+
    |Total                  |            |        2|   0|  2512|  8527|    0|
    +-----------------------+------------+---------+----+------+------+-----+

    * DSP: 
    N/A

    * Memory: 
    +------------+------------------------------------+---------+----+----+-----+------+-----+------+-------------+
    |   Memory   |               Module               | BRAM_18K| FF | LUT| URAM| Words| Bits| Banks| W*Bits*Banks|
    +------------+------------------------------------+---------+----+----+-----+------+-----+------+-------------+
    |key_V31_U   |AES_En_De27_key_V31_ROM_AUTO_1R     |        0|   8|   2|    0|    16|    8|     1|          128|
    |key_char_U  |AES_En_De27_key_char_RAM_AUTO_1R1W  |        0|  16|   2|    0|    16|    8|     1|          128|
    |temp_key_U  |AES_En_De27_temp_key_RAM_AUTO_1R1W  |        0|  16|   2|    0|    16|    8|     1|          128|
    |w_U         |AES_En_De27_w_RAM_AUTO_1R1W         |        2|   0|   0|    0|    44|   32|     1|         1408|
    +------------+------------------------------------+---------+----+----+-----+------+-----+------+-------------+
    |Total       |                                    |        2|  40|   6|    0|    92|   56|     4|         1792|
    +------------+------------------------------------+---------+----+----+-----+------+-----+------+-------------+

    * FIFO: 
    N/A

    * Expression: 
    +----------------------------------+----------+----+---+----+------------+------------+
    |           Variable Name          | Operation| DSP| FF| LUT| Bitwidth P0| Bitwidth P1|
    +----------------------------------+----------+----+---+----+------------+------------+
    |i_fu_688_p2                       |         +|   0|  0|  12|           4|           1|
    |ap_block_state17                  |       and|   0|  0|   2|           1|           1|
    |ap_block_state2                   |       and|   0|  0|   2|           1|           1|
    |ap_block_state20_on_subcall_done  |       and|   0|  0|   2|           1|           1|
    |icmp_ln508_fu_700_p2              |      icmp|   0|  0|   9|           4|           2|
    |icmp_ln512_fu_694_p2              |      icmp|   0|  0|  11|           8|           8|
    |icmp_ln519_fu_706_p2              |      icmp|   0|  0|  11|           8|           1|
    |ap_block_state1                   |        or|   0|  0|   2|           1|           1|
    +----------------------------------+----------+----+---+----+------------+------------+
    |Total                             |          |   0|  0|  51|          28|          16|
    +----------------------------------+----------+----+---+----+------------+------------+

    * Multiplexer: 
    +---------------------------+-----+-----------+-----+-----------+
    |            Name           | LUT | Input Size| Bits| Total Bits|
    +---------------------------+-----+-----------+-----+-----------+
    |AES_EN_out_blk_n           |    9|          2|    1|          2|
    |AES_EN_out_din             |   81|         17|    8|        136|
    |ap_NS_fsm                  |  162|         36|    1|         36|
    |ap_done                    |    9|          2|    1|          2|
    |i15_reg_396                |    9|          2|    4|          8|
    |in_data_blk_n              |    9|          2|    1|          2|
    |key_change_flag17_reg_381  |    9|          2|    8|         16|
    |key_change_flag_reg_619    |    9|          2|    8|         16|
    |key_char_address0          |   14|          3|    4|         12|
    |key_char_ce0               |   14|          3|    1|          3|
    |key_char_ce1               |    9|          2|    1|          2|
    |p_048_phi_reg_606          |    9|          2|    8|         16|
    |p_049_phi_reg_593          |    9|          2|    8|         16|
    |p_050_phi_reg_580          |    9|          2|    8|         16|
    |p_051_phi_reg_567          |    9|          2|    8|         16|
    |p_052_phi_reg_554          |    9|          2|    8|         16|
    |p_053_phi_reg_541          |    9|          2|    8|         16|
    |p_054_phi_reg_528          |    9|          2|    8|         16|
    |p_055_phi_reg_515          |    9|          2|    8|         16|
    |p_056_phi_reg_502          |    9|          2|    8|         16|
    |p_057_phi_reg_489          |    9|          2|    8|         16|
    |p_058_phi_reg_476          |    9|          2|    8|         16|
    |p_059_phi_reg_463          |    9|          2|    8|         16|
    |p_060_phi_reg_450          |    9|          2|    8|         16|
    |p_061_phi_reg_437          |    9|          2|    8|         16|
    |p_062_phi_reg_424          |    9|          2|    8|         16|
    |p_0_phi_reg_411            |    9|          2|    8|         16|
    |real_start                 |    9|          2|    1|          2|
    |temp_key_address0          |   14|          3|    4|         12|
    |w_address0                 |   14|          3|    6|         18|
    |w_address1                 |   14|          3|    6|         18|
    |w_ce0                      |   14|          3|    1|          3|
    |w_ce1                      |   14|          3|    1|          3|
    |w_we0                      |    9|          2|    1|          2|
    |w_we1                      |    9|          2|    1|          2|
    +---------------------------+-----+-----------+-----+-----------+
    |Total                      |  575|        126|  187|        551|
    +---------------------------+-----+-----------+-----+-----------+

    * Register: 
    +------------------------------------+----+----+-----+-----------+
    |                Name                | FF | LUT| Bits| Const Bits|
    +------------------------------------+----+----+-----+-----------+
    |ap_CS_fsm                           |  35|   0|   35|          0|
    |ap_done_reg                         |   1|   0|    1|          0|
    |bit128in_buffer_10_reg_764          |   8|   0|    8|          0|
    |bit128in_buffer_11_reg_769          |   8|   0|    8|          0|
    |bit128in_buffer_12_reg_774          |   8|   0|    8|          0|
    |bit128in_buffer_13_reg_779          |   8|   0|    8|          0|
    |bit128in_buffer_14_reg_784          |   8|   0|    8|          0|
    |bit128in_buffer_1_reg_719           |   8|   0|    8|          0|
    |bit128in_buffer_2_reg_724           |   8|   0|    8|          0|
    |bit128in_buffer_3_reg_729           |   8|   0|    8|          0|
    |bit128in_buffer_4_reg_734           |   8|   0|    8|          0|
    |bit128in_buffer_5_reg_739           |   8|   0|    8|          0|
    |bit128in_buffer_6_reg_744           |   8|   0|    8|          0|
    |bit128in_buffer_7_reg_749           |   8|   0|    8|          0|
    |bit128in_buffer_8_reg_754           |   8|   0|    8|          0|
    |bit128in_buffer_9_reg_759           |   8|   0|    8|          0|
    |bit128in_buffer_reg_714             |   8|   0|    8|          0|
    |do_init_reg_124                     |   1|   0|    1|          0|
    |grp_aes_return_fu_643_ap_start_reg  |   1|   0|    1|          0|
    |grp_extendKey_fu_633_ap_start_reg   |   1|   0|    1|          0|
    |i15_reg_396                         |   4|   0|    4|          0|
    |i_reg_809                           |   4|   0|    4|          0|
    |icmp_ln508_reg_817                  |   1|   0|    1|          0|
    |icmp_ln519_reg_821                  |   1|   0|    1|          0|
    |key_change_flag17_reg_381           |   8|   0|    8|          0|
    |key_change_flag_reg_619             |   8|   0|    8|          0|
    |p_048_phi_reg_606                   |   8|   0|    8|          0|
    |p_048_rewind_reg_366                |   8|   0|    8|          0|
    |p_049_phi_reg_593                   |   8|   0|    8|          0|
    |p_049_rewind_reg_351                |   8|   0|    8|          0|
    |p_050_phi_reg_580                   |   8|   0|    8|          0|
    |p_050_rewind_reg_336                |   8|   0|    8|          0|
    |p_051_phi_reg_567                   |   8|   0|    8|          0|
    |p_051_rewind_reg_321                |   8|   0|    8|          0|
    |p_052_phi_reg_554                   |   8|   0|    8|          0|
    |p_052_rewind_reg_306                |   8|   0|    8|          0|
    |p_053_phi_reg_541                   |   8|   0|    8|          0|
    |p_053_rewind_reg_291                |   8|   0|    8|          0|
    |p_054_phi_reg_528                   |   8|   0|    8|          0|
    |p_054_rewind_reg_276                |   8|   0|    8|          0|
    |p_055_phi_reg_515                   |   8|   0|    8|          0|
    |p_055_rewind_reg_261                |   8|   0|    8|          0|
    |p_056_phi_reg_502                   |   8|   0|    8|          0|
    |p_056_rewind_reg_246                |   8|   0|    8|          0|
    |p_057_phi_reg_489                   |   8|   0|    8|          0|
    |p_057_rewind_reg_231                |   8|   0|    8|          0|
    |p_058_phi_reg_476                   |   8|   0|    8|          0|
    |p_058_rewind_reg_216                |   8|   0|    8|          0|
    |p_059_phi_reg_463                   |   8|   0|    8|          0|
    |p_059_rewind_reg_201                |   8|   0|    8|          0|
    |p_060_phi_reg_450                   |   8|   0|    8|          0|
    |p_060_rewind_reg_186                |   8|   0|    8|          0|
    |p_061_phi_reg_437                   |   8|   0|    8|          0|
    |p_061_rewind_reg_171                |   8|   0|    8|          0|
    |p_062_phi_reg_424                   |   8|   0|    8|          0|
    |p_062_rewind_reg_156                |   8|   0|    8|          0|
    |p_0_phi_reg_411                     |   8|   0|    8|          0|
    |p_0_rewind_reg_141                  |   8|   0|    8|          0|
    |start_once_reg                      |   1|   0|    1|          0|
    |temp_key_addr_reg_804               |   4|   0|    4|          0|
    |zext_ln508_reg_794                  |   4|   0|   64|         60|
    +------------------------------------+----+----+-----+-----------+
    |Total                               | 450|   0|  510|         60|
    +------------------------------------+----+----+-----+-----------+



================================================================
== Interface
================================================================
* Summary: 
+-------------------+-----+-----+------------+--------------+--------------+
|     RTL Ports     | Dir | Bits|  Protocol  | Source Object|    C Type    |
+-------------------+-----+-----+------------+--------------+--------------+
|ap_clk             |   in|    1|  ap_ctrl_hs|   AES_En_De27|  return value|
|ap_rst             |   in|    1|  ap_ctrl_hs|   AES_En_De27|  return value|
|ap_start           |   in|    1|  ap_ctrl_hs|   AES_En_De27|  return value|
|start_full_n       |   in|    1|  ap_ctrl_hs|   AES_En_De27|  return value|
|ap_done            |  out|    1|  ap_ctrl_hs|   AES_En_De27|  return value|
|ap_continue        |   in|    1|  ap_ctrl_hs|   AES_En_De27|  return value|
|ap_idle            |  out|    1|  ap_ctrl_hs|   AES_En_De27|  return value|
|ap_ready           |  out|    1|  ap_ctrl_hs|   AES_En_De27|  return value|
|start_out          |  out|    1|  ap_ctrl_hs|   AES_En_De27|  return value|
|start_write        |  out|    1|  ap_ctrl_hs|   AES_En_De27|  return value|
|in_data_dout       |   in|    8|     ap_fifo|       in_data|       pointer|
|in_data_empty_n    |   in|    1|     ap_fifo|       in_data|       pointer|
|in_data_read       |  out|    1|     ap_fifo|       in_data|       pointer|
|AES_EN_out_din     |  out|    8|     ap_fifo|    AES_EN_out|       pointer|
|AES_EN_out_full_n  |   in|    1|     ap_fifo|    AES_EN_out|       pointer|
|AES_EN_out_write   |  out|    1|     ap_fifo|    AES_EN_out|       pointer|
+-------------------+-----+-----+------------+--------------+--------------+

