

================================================================
== Vitis HLS Report for 'deAes_return_Pipeline_convertToIntArray_label0_convertToIntArray_label1'
================================================================
* Date:           Fri Jun 17 13:16:16 2022

* Version:        2021.2 (Build 3367213 on Tue Oct 19 02:48:09 MDT 2021)
* Project:        MIMO
* Solution:       solution1 (Vivado IP Flow Target)
* Product family: zynquplus
* Target device:  xczu9eg-ffvb1156-2-e


================================================================
== Performance Estimates
================================================================
+ Timing: 
    * Summary: 
    +--------+----------+----------+------------+
    |  Clock |  Target  | Estimated| Uncertainty|
    +--------+----------+----------+------------+
    |ap_clk  |  40.00 ns|  2.419 ns|    10.80 ns|
    +--------+----------+----------+------------+

+ Latency: 
    * Summary: 
    +---------+---------+----------+----------+-----+-----+---------+
    |  Latency (cycles) |  Latency (absolute) |  Interval | Pipeline|
    |   min   |   max   |    min   |    max   | min | max |   Type  |
    +---------+---------+----------+----------+-----+-----+---------+
    |       18|       18|  0.720 us|  0.720 us|   18|   18|       no|
    +---------+---------+----------+----------+-----+-----+---------+

    + Detail: 
        * Instance: 
        N/A

        * Loop: 
        +-----------------------------------------------------+---------+---------+----------+-----------+-----------+------+----------+
        |                                                     |  Latency (cycles) | Iteration|  Initiation Interval  | Trip |          |
        |                      Loop Name                      |   min   |   max   |  Latency |  achieved |   target  | Count| Pipelined|
        +-----------------------------------------------------+---------+---------+----------+-----------+-----------+------+----------+
        |- convertToIntArray_label0_convertToIntArray_label1  |       16|       16|         1|          1|          1|    16|       yes|
        +-----------------------------------------------------+---------+---------+----------+-----------+-----------+------+----------+



================================================================
== Utilization Estimates
================================================================
* Summary: 
+-----------------+---------+------+--------+--------+-----+
|       Name      | BRAM_18K|  DSP |   FF   |   LUT  | URAM|
+-----------------+---------+------+--------+--------+-----+
|DSP              |        -|     -|       -|       -|    -|
|Expression       |        -|     -|       0|     103|    -|
|FIFO             |        -|     -|       -|       -|    -|
|Instance         |        -|     -|       0|      65|    -|
|Memory           |        -|     -|       -|       -|    -|
|Multiplexer      |        -|     -|       -|      99|    -|
|Register         |        -|     -|      23|       -|    -|
+-----------------+---------+------+--------+--------+-----+
|Total            |        0|     0|      23|     267|    0|
+-----------------+---------+------+--------+--------+-----+
|Available        |     1824|  2520|  548160|  274080|    0|
+-----------------+---------+------+--------+--------+-----+
|Utilization (%)  |        0|     0|      ~0|      ~0|    0|
+-----------------+---------+------+--------+--------+-----+

+ Detail: 
    * Instance: 
    +---------------------+---------------+---------+----+---+----+-----+
    |       Instance      |     Module    | BRAM_18K| DSP| FF| LUT| URAM|
    +---------------------+---------------+---------+----+---+----+-----+
    |mux_165_8_1_1_U1322  |mux_165_8_1_1  |        0|   0|  0|  65|    0|
    +---------------------+---------------+---------+----+---+----+-----+
    |Total                |               |        0|   0|  0|  65|    0|
    +---------------------+---------------+---------+----+---+----+-----+

    * DSP: 
    N/A

    * Memory: 
    N/A

    * FIFO: 
    N/A

    * Expression: 
    +-------------------------+----------+----+---+----+------------+------------+
    |      Variable Name      | Operation| DSP| FF| LUT| Bitwidth P0| Bitwidth P1|
    +-------------------------+----------+----+---+----+------------+------------+
    |add_ln71_1_fu_265_p2     |         +|   0|  0|  12|           5|           3|
    |add_ln71_2_fu_241_p2     |         +|   0|  0|  12|           5|           1|
    |add_ln71_fu_259_p2       |         +|   0|  0|  10|           3|           1|
    |add_ln72_fu_385_p2       |         +|   0|  0|  10|           3|           1|
    |add_ln73_fu_325_p2       |         +|   0|  0|  12|           4|           4|
    |add_ln74_fu_379_p2       |         +|   0|  0|  12|           5|           1|
    |icmp_ln71_fu_235_p2      |      icmp|   0|  0|  10|           5|           6|
    |icmp_ln72_fu_271_p2      |      icmp|   0|  0|   9|           3|           4|
    |select_ln71_1_fu_285_p3  |    select|   0|  0|   3|           1|           1|
    |select_ln71_2_fu_293_p3  |    select|   0|  0|   3|           1|           3|
    |select_ln71_3_fu_305_p3  |    select|   0|  0|   5|           1|           5|
    |select_ln71_fu_277_p3    |    select|   0|  0|   5|           1|           5|
    +-------------------------+----------+----+---+----+------------+------------+
    |Total                    |          |   0|  0| 103|          37|          35|
    +-------------------------+----------+----+---+----+------------+------------+

    * Multiplexer: 
    +--------------------------------------+----+-----------+-----+-----------+
    |                 Name                 | LUT| Input Size| Bits| Total Bits|
    +--------------------------------------+----+-----------+-----+-----------+
    |ap_done_int                           |   9|          2|    1|          2|
    |ap_sig_allocacmp_i_load               |   9|          2|    3|          6|
    |ap_sig_allocacmp_indvar_flatten_load  |   9|          2|    5|         10|
    |ap_sig_allocacmp_j_load               |   9|          2|    3|          6|
    |ap_sig_allocacmp_k_1_load             |   9|          2|    5|         10|
    |ap_sig_allocacmp_k_load               |   9|          2|    5|         10|
    |i_fu_86                               |   9|          2|    3|          6|
    |indvar_flatten_fu_94                  |   9|          2|    5|         10|
    |j_fu_78                               |   9|          2|    3|          6|
    |k_1_fu_82                             |   9|          2|    5|         10|
    |k_fu_90                               |   9|          2|    5|         10|
    +--------------------------------------+----+-----------+-----+-----------+
    |Total                                 |  99|         22|   43|         86|
    +--------------------------------------+----+-----------+-----+-----------+

    * Register: 
    +----------------------+---+----+-----+-----------+
    |         Name         | FF| LUT| Bits| Const Bits|
    +----------------------+---+----+-----+-----------+
    |ap_CS_fsm             |  1|   0|    1|          0|
    |ap_done_reg           |  1|   0|    1|          0|
    |i_fu_86               |  3|   0|    3|          0|
    |indvar_flatten_fu_94  |  5|   0|    5|          0|
    |j_fu_78               |  3|   0|    3|          0|
    |k_1_fu_82             |  5|   0|    5|          0|
    |k_fu_90               |  5|   0|    5|          0|
    +----------------------+---+----+-----+-----------+
    |Total                 | 23|   0|   23|          0|
    +----------------------+---+----+-----+-----------+



================================================================
== Interface
================================================================
* Summary: 
+-----------------+-----+-----+------------+-------------------------------------------------------------------------+--------------+
|    RTL Ports    | Dir | Bits|  Protocol  |                              Source Object                              |    C Type    |
+-----------------+-----+-----+------------+-------------------------------------------------------------------------+--------------+
|ap_clk           |   in|    1|  ap_ctrl_hs|  deAes_return_Pipeline_convertToIntArray_label0_convertToIntArray_label1|  return value|
|ap_rst           |   in|    1|  ap_ctrl_hs|  deAes_return_Pipeline_convertToIntArray_label0_convertToIntArray_label1|  return value|
|ap_start         |   in|    1|  ap_ctrl_hs|  deAes_return_Pipeline_convertToIntArray_label0_convertToIntArray_label1|  return value|
|ap_done          |  out|    1|  ap_ctrl_hs|  deAes_return_Pipeline_convertToIntArray_label0_convertToIntArray_label1|  return value|
|ap_idle          |  out|    1|  ap_ctrl_hs|  deAes_return_Pipeline_convertToIntArray_label0_convertToIntArray_label1|  return value|
|ap_ready         |  out|    1|  ap_ctrl_hs|  deAes_return_Pipeline_convertToIntArray_label0_convertToIntArray_label1|  return value|
|cArray_address0  |  out|    4|   ap_memory|                                                                   cArray|         array|
|cArray_ce0       |  out|    1|   ap_memory|                                                                   cArray|         array|
|cArray_we0       |  out|    1|   ap_memory|                                                                   cArray|         array|
|cArray_d0        |  out|   32|   ap_memory|                                                                   cArray|         array|
|p_read           |   in|    8|     ap_none|                                                                   p_read|        scalar|
|p_read1          |   in|    8|     ap_none|                                                                  p_read1|        scalar|
|p_read2          |   in|    8|     ap_none|                                                                  p_read2|        scalar|
|p_read3          |   in|    8|     ap_none|                                                                  p_read3|        scalar|
|p_read4          |   in|    8|     ap_none|                                                                  p_read4|        scalar|
|p_read5          |   in|    8|     ap_none|                                                                  p_read5|        scalar|
|p_read6          |   in|    8|     ap_none|                                                                  p_read6|        scalar|
|p_read7          |   in|    8|     ap_none|                                                                  p_read7|        scalar|
|p_read8          |   in|    8|     ap_none|                                                                  p_read8|        scalar|
|p_read9          |   in|    8|     ap_none|                                                                  p_read9|        scalar|
|p_read10         |   in|    8|     ap_none|                                                                 p_read10|        scalar|
|p_read11         |   in|    8|     ap_none|                                                                 p_read11|        scalar|
|p_read12         |   in|    8|     ap_none|                                                                 p_read12|        scalar|
|p_read13         |   in|    8|     ap_none|                                                                 p_read13|        scalar|
|p_read14         |   in|    8|     ap_none|                                                                 p_read14|        scalar|
|p_read15         |   in|    8|     ap_none|                                                                 p_read15|        scalar|
+-----------------+-----+-----+------------+-------------------------------------------------------------------------+--------------+

