

================================================================
== Vitis HLS Report for 'entry_proc'
================================================================
* Date:           Fri Jun 17 13:15:45 2022

* Version:        2021.2 (Build 3367213 on Tue Oct 19 02:48:09 MDT 2021)
* Project:        MIMO
* Solution:       solution1 (Vivado IP Flow Target)
* Product family: zynquplus
* Target device:  xczu9eg-ffvb1156-2-e


================================================================
== Performance Estimates
================================================================
+ Timing: 
    * Summary: 
    +--------+----------+----------+------------+
    |  Clock |  Target  | Estimated| Uncertainty|
    +--------+----------+----------+------------+
    |ap_clk  |  40.00 ns|  1.861 ns|    10.80 ns|
    +--------+----------+----------+------------+

+ Latency: 
    * Summary: 
    +---------+---------+----------+----------+-----+-----+---------+
    |  Latency (cycles) |  Latency (absolute) |  Interval | Pipeline|
    |   min   |   max   |    min   |    max   | min | max |   Type  |
    +---------+---------+----------+----------+-----+-----+---------+
    |        0|        0|      0 ns|      0 ns|    0|    0|       no|
    +---------+---------+----------+----------+-----+-----+---------+

    + Detail: 
        * Instance: 
        N/A

        * Loop: 
        N/A



================================================================
== Utilization Estimates
================================================================
* Summary: 
+-----------------+---------+------+--------+--------+-----+
|       Name      | BRAM_18K|  DSP |   FF   |   LUT  | URAM|
+-----------------+---------+------+--------+--------+-----+
|DSP              |        -|     -|       -|       -|    -|
|Expression       |        -|     -|       0|       2|    -|
|FIFO             |        -|     -|       -|       -|    -|
|Instance         |        -|     -|       -|       -|    -|
|Memory           |        -|     -|       -|       -|    -|
|Multiplexer      |        -|     -|       -|      27|    -|
|Register         |        -|     -|       3|       -|    -|
+-----------------+---------+------+--------+--------+-----+
|Total            |        0|     0|       3|      29|    0|
+-----------------+---------+------+--------+--------+-----+
|Available        |     1824|  2520|  548160|  274080|    0|
+-----------------+---------+------+--------+--------+-----+
|Utilization (%)  |        0|     0|      ~0|      ~0|    0|
+-----------------+---------+------+--------+--------+-----+

+ Detail: 
    * Instance: 
    N/A

    * DSP: 
    N/A

    * Memory: 
    N/A

    * FIFO: 
    N/A

    * Expression: 
    +-----------------+----------+----+---+----+------------+------------+
    |  Variable Name  | Operation| DSP| FF| LUT| Bitwidth P0| Bitwidth P1|
    +-----------------+----------+----+---+----+------------+------------+
    |ap_block_state1  |        or|   0|  0|   2|           1|           1|
    +-----------------+----------+----+---+----+------------+------------+
    |Total            |          |   0|  0|   2|           1|           1|
    +-----------------+----------+----+---+----+------------+------------+

    * Multiplexer: 
    +-------------+----+-----------+-----+-----------+
    |     Name    | LUT| Input Size| Bits| Total Bits|
    +-------------+----+-----------+-----+-----------+
    |SNR_c_blk_n  |   9|          2|    1|          2|
    |ap_done      |   9|          2|    1|          2|
    |real_start   |   9|          2|    1|          2|
    +-------------+----+-----------+-----+-----------+
    |Total        |  27|          6|    3|          6|
    +-------------+----+-----------+-----+-----------+

    * Register: 
    +----------------+---+----+-----+-----------+
    |      Name      | FF| LUT| Bits| Const Bits|
    +----------------+---+----+-----+-----------+
    |ap_CS_fsm       |  1|   0|    1|          0|
    |ap_done_reg     |  1|   0|    1|          0|
    |start_once_reg  |  1|   0|    1|          0|
    +----------------+---+----+-----+-----------+
    |Total           |  3|   0|    3|          0|
    +----------------+---+----+-----+-----------+



================================================================
== Interface
================================================================
* Summary: 
+--------------+-----+-----+------------+--------------+--------------+
|   RTL Ports  | Dir | Bits|  Protocol  | Source Object|    C Type    |
+--------------+-----+-----+------------+--------------+--------------+
|ap_clk        |   in|    1|  ap_ctrl_hs|    entry_proc|  return value|
|ap_rst        |   in|    1|  ap_ctrl_hs|    entry_proc|  return value|
|ap_start      |   in|    1|  ap_ctrl_hs|    entry_proc|  return value|
|start_full_n  |   in|    1|  ap_ctrl_hs|    entry_proc|  return value|
|ap_done       |  out|    1|  ap_ctrl_hs|    entry_proc|  return value|
|ap_continue   |   in|    1|  ap_ctrl_hs|    entry_proc|  return value|
|ap_idle       |  out|    1|  ap_ctrl_hs|    entry_proc|  return value|
|ap_ready      |  out|    1|  ap_ctrl_hs|    entry_proc|  return value|
|start_out     |  out|    1|  ap_ctrl_hs|    entry_proc|  return value|
|start_write   |  out|    1|  ap_ctrl_hs|    entry_proc|  return value|
|SNR           |   in|   16|     ap_none|           SNR|        scalar|
|SNR_c_din     |  out|   16|     ap_fifo|         SNR_c|       pointer|
|SNR_c_full_n  |   in|    1|     ap_fifo|         SNR_c|       pointer|
|SNR_c_write   |  out|    1|     ap_fifo|         SNR_c|       pointer|
+--------------+-----+-----+------------+--------------+--------------+

