

================================================================
== Vitis HLS Report for 'GFMul'
================================================================
* Date:           Fri Jun 17 13:15:46 2022

* Version:        2021.2 (Build 3367213 on Tue Oct 19 02:48:09 MDT 2021)
* Project:        MIMO
* Solution:       solution1 (Vivado IP Flow Target)
* Product family: zynquplus
* Target device:  xczu9eg-ffvb1156-2-e


================================================================
== Performance Estimates
================================================================
+ Timing: 
    * Summary: 
    +--------+----------+----------+------------+
    |  Clock |  Target  | Estimated| Uncertainty|
    +--------+----------+----------+------------+
    |ap_clk  |  40.00 ns|  2.884 ns|    10.80 ns|
    +--------+----------+----------+------------+

+ Latency: 
    * Summary: 
    +---------+---------+----------+----------+-----+-----+---------+
    |  Latency (cycles) |  Latency (absolute) |  Interval | Pipeline|
    |   min   |   max   |    min   |    max   | min | max |   Type  |
    +---------+---------+----------+----------+-----+-----+---------+
    |        0|        0|      0 ns|      0 ns|    1|    1|      yes|
    +---------+---------+----------+----------+-----+-----+---------+

    + Detail: 
        * Instance: 
        N/A

        * Loop: 
        N/A



================================================================
== Utilization Estimates
================================================================
* Summary: 
+-----------------+---------+------+--------+--------+-----+
|       Name      | BRAM_18K|  DSP |   FF   |   LUT  | URAM|
+-----------------+---------+------+--------+--------+-----+
|DSP              |        -|     -|       -|       -|    -|
|Expression       |        -|     -|       0|     881|    -|
|FIFO             |        -|     -|       -|       -|    -|
|Instance         |        -|     -|       -|       -|    -|
|Memory           |        -|     -|       -|       -|    -|
|Multiplexer      |        -|     -|       -|       -|    -|
|Register         |        -|     -|       -|       -|    -|
+-----------------+---------+------+--------+--------+-----+
|Total            |        0|     0|       0|     881|    0|
+-----------------+---------+------+--------+--------+-----+
|Available        |     1824|  2520|  548160|  274080|    0|
+-----------------+---------+------+--------+--------+-----+
|Utilization (%)  |        0|     0|       0|      ~0|    0|
+-----------------+---------+------+--------+--------+-----+

+ Detail: 
    * Instance: 
    N/A

    * DSP: 
    N/A

    * Memory: 
    N/A

    * FIFO: 
    N/A

    * Expression: 
    +--------------------------+----------+----+---+----+------------+------------+
    |       Variable Name      | Operation| DSP| FF| LUT| Bitwidth P0| Bitwidth P1|
    +--------------------------+----------+----+---+----+------------+------------+
    |icmp_ln267_1_fu_542_p2    |      icmp|   0|  0|   9|           4|           2|
    |icmp_ln267_2_fu_556_p2    |      icmp|   0|  0|   9|           4|           4|
    |icmp_ln267_3_fu_570_p2    |      icmp|   0|  0|   9|           4|           4|
    |icmp_ln267_4_fu_584_p2    |      icmp|   0|  0|   9|           4|           3|
    |icmp_ln267_5_fu_598_p2    |      icmp|   0|  0|   9|           4|           3|
    |icmp_ln267_fu_528_p2      |      icmp|   0|  0|   9|           4|           2|
    |ap_return                 |    select|   0|  0|  32|           1|          32|
    |result_10_fu_90_p3        |    select|   0|  0|  32|           1|          32|
    |result_27_fu_134_p3       |    select|   0|  0|  32|           1|          32|
    |result_41_fu_178_p3       |    select|   0|  0|  32|           1|          32|
    |result_58_fu_312_p3       |    select|   0|  0|  32|           1|          32|
    |result_63_fu_388_p3       |    select|   0|  0|  32|           1|          32|
    |result_68_fu_464_p3       |    select|   0|  0|  32|           1|          32|
    |result_72_fu_508_p3       |    select|   0|  0|  32|           1|          32|
    |result_74_fu_534_p3       |    select|   0|  0|  32|           1|          32|
    |result_75_fu_548_p3       |    select|   0|  0|  32|           1|          32|
    |result_76_fu_562_p3       |    select|   0|  0|  32|           1|          32|
    |result_77_fu_576_p3       |    select|   0|  0|  32|           1|          32|
    |result_78_fu_590_p3       |    select|   0|  0|  32|           1|          32|
    |select_ln223_2_fu_266_p3  |    select|   0|  0|  31|           1|          31|
    |select_ln223_4_fu_342_p3  |    select|   0|  0|  31|           1|          31|
    |select_ln223_6_fu_418_p3  |    select|   0|  0|  31|           1|          31|
    |select_ln223_fu_220_p3    |    select|   0|  0|  30|           1|          30|
    |result_25_fu_124_p2       |       xor|   0|  0|   8|           8|           5|
    |result_35_fu_168_p2       |       xor|   0|  0|   8|           8|           5|
    |result_51_fu_192_p2       |       xor|   0|  0|  32|          32|          32|
    |result_52_fu_198_p2       |       xor|   0|  0|  32|          32|          32|
    |result_55_fu_256_p2       |       xor|   0|  0|   8|           8|           5|
    |result_57_fu_302_p2       |       xor|   0|  0|   8|           8|           5|
    |result_59_fu_320_p2       |       xor|   0|  0|  32|          32|          32|
    |result_62_fu_378_p2       |       xor|   0|  0|   8|           8|           5|
    |result_64_fu_396_p2       |       xor|   0|  0|  32|          32|          32|
    |result_67_fu_454_p2       |       xor|   0|  0|   8|           8|           5|
    |result_6_fu_80_p2         |       xor|   0|  0|   8|           8|           5|
    |result_71_fu_498_p2       |       xor|   0|  0|   8|           8|           5|
    |result_73_fu_522_p2       |       xor|   0|  0|  32|          32|          32|
    |xor_ln256_fu_516_p2       |       xor|   0|  0|  32|          32|          32|
    |xor_ln260_fu_186_p2       |       xor|   0|  0|  32|          32|          32|
    +--------------------------+----------+----+---+----+------------+------------+
    |Total                     |          |   0|  0| 881|         329|         821|
    +--------------------------+----------+----+---+----+------------+------------+

    * Multiplexer: 
    N/A

    * Register: 
    N/A



================================================================
== Interface
================================================================
* Summary: 
+-----------+-----+-----+------------+--------------+--------------+
| RTL Ports | Dir | Bits|  Protocol  | Source Object|    C Type    |
+-----------+-----+-----+------------+--------------+--------------+
|ap_ready   |  out|    1|  ap_ctrl_hs|         GFMul|  return value|
|ap_return  |  out|   32|  ap_ctrl_hs|         GFMul|  return value|
|n          |   in|    4|     ap_none|             n|        scalar|
|s          |   in|   32|     ap_none|             s|        scalar|
+-----------+-----+-----+------------+--------------+--------------+

