

================================================================
== Vitis HLS Report for 'seedInitialization_Pipeline_SEED_INIT_LOOP'
================================================================
* Date:           Fri Jun 17 13:15:49 2022

* Version:        2021.2 (Build 3367213 on Tue Oct 19 02:48:09 MDT 2021)
* Project:        MIMO
* Solution:       solution1 (Vivado IP Flow Target)
* Product family: zynquplus
* Target device:  xczu9eg-ffvb1156-2-e


================================================================
== Performance Estimates
================================================================
+ Timing: 
    * Summary: 
    +--------+----------+----------+------------+
    |  Clock |  Target  | Estimated| Uncertainty|
    +--------+----------+----------+------------+
    |ap_clk  |  40.00 ns|  6.024 ns|    10.80 ns|
    +--------+----------+----------+------------+

+ Latency: 
    * Summary: 
    +---------+---------+-----------+-----------+-----+-----+---------+
    |  Latency (cycles) |   Latency (absolute)  |  Interval | Pipeline|
    |   min   |   max   |    min    |    max    | min | max |   Type  |
    +---------+---------+-----------+-----------+-----+-----+---------+
    |      625|      625|  25.000 us|  25.000 us|  625|  625|       no|
    +---------+---------+-----------+-----------+-----+-----+---------+

    + Detail: 
        * Instance: 
        N/A

        * Loop: 
        +------------------+---------+---------+----------+-----------+-----------+------+----------+
        |                  |  Latency (cycles) | Iteration|  Initiation Interval  | Trip |          |
        |     Loop Name    |   min   |   max   |  Latency |  achieved |   target  | Count| Pipelined|
        +------------------+---------+---------+----------+-----------+-----------+------+----------+
        |- SEED_INIT_LOOP  |      623|      623|         1|          1|          3|   623|       yes|
        +------------------+---------+---------+----------+-----------+-----------+------+----------+



================================================================
== Utilization Estimates
================================================================
* Summary: 
+-----------------+---------+------+--------+--------+-----+
|       Name      | BRAM_18K|  DSP |   FF   |   LUT  | URAM|
+-----------------+---------+------+--------+--------+-----+
|DSP              |        -|     -|       -|       -|    -|
|Expression       |        -|     -|       0|     101|    -|
|FIFO             |        -|     -|       -|       -|    -|
|Instance         |        -|     3|       0|      20|    -|
|Memory           |        -|     -|       -|       -|    -|
|Multiplexer      |        -|     -|       -|      36|    -|
|Register         |        -|     -|      45|       -|    -|
+-----------------+---------+------+--------+--------+-----+
|Total            |        0|     3|      45|     157|    0|
+-----------------+---------+------+--------+--------+-----+
|Available        |     1824|  2520|  548160|  274080|    0|
+-----------------+---------+------+--------+--------+-----+
|Utilization (%)  |        0|    ~0|      ~0|      ~0|    0|
+-----------------+---------+------+--------+--------+-----+

+ Detail: 
    * Instance: 
    +-------------------------+---------------------+---------+----+---+----+-----+
    |         Instance        |        Module       | BRAM_18K| DSP| FF| LUT| URAM|
    +-------------------------+---------------------+---------+----+---+----+-----+
    |mul_32s_32ns_32_1_1_U66  |mul_32s_32ns_32_1_1  |        0|   3|  0|  20|    0|
    +-------------------------+---------------------+---------+----+---+----+-----+
    |Total                    |                     |        0|   3|  0|  20|    0|
    +-------------------------+---------------------+---------+----+---+----+-----+

    * DSP: 
    N/A

    * Memory: 
    N/A

    * FIFO: 
    N/A

    * Expression: 
    +----------------------+----------+----+---+----+------------+------------+
    |     Variable Name    | Operation| DSP| FF| LUT| Bitwidth P0| Bitwidth P1|
    +----------------------+----------+----+---+----+------------+------------+
    |i_V_fu_202_p2         |         +|   0|  0|  17|          10|           1|
    |mt_reg_V_fu_174_p2    |         +|   0|  0|  39|          32|          32|
    |icmp_ln619_fu_131_p2  |      icmp|   0|  0|  11|          10|          10|
    |ap_enable_pp0         |       xor|   0|  0|   2|           1|           2|
    |ret_fu_164_p0         |       xor|   0|  0|  32|          32|          32|
    +----------------------+----------+----+---+----+------------+------------+
    |Total                 |          |   0|  0| 101|          85|          77|
    +----------------------+----------+----+---+----+------------+------------+

    * Multiplexer: 
    +-------------------------+----+-----------+-----+-----------+
    |           Name          | LUT| Input Size| Bits| Total Bits|
    +-------------------------+----+-----------+-----+-----------+
    |ap_done_int              |   9|          2|    1|          2|
    |ap_enable_reg_pp0_iter1  |   9|          2|    1|          2|
    |lhs_V_fu_48              |   9|          2|   32|         64|
    |p_Val2_s_fu_52           |   9|          2|   10|         20|
    +-------------------------+----+-----------+-----+-----------+
    |Total                    |  36|          8|   44|         88|
    +-------------------------+----+-----------+-----+-----------+

    * Register: 
    +-------------------------+----+----+-----+-----------+
    |           Name          | FF | LUT| Bits| Const Bits|
    +-------------------------+----+----+-----+-----------+
    |ap_CS_fsm                |   1|   0|    1|          0|
    |ap_done_reg              |   1|   0|    1|          0|
    |ap_enable_reg_pp0_iter1  |   1|   0|    1|          0|
    |lhs_V_fu_48              |  32|   0|   32|          0|
    |p_Val2_s_fu_52           |  10|   0|   10|          0|
    +-------------------------+----+----+-----+-----------+
    |Total                    |  45|   0|   45|          0|
    +-------------------------+----+----+-----+-----------+



================================================================
== Interface
================================================================
* Summary: 
+-------------------------+-----+-----+------------+--------------------------------------------+--------------+
|        RTL Ports        | Dir | Bits|  Protocol  |                Source Object               |    C Type    |
+-------------------------+-----+-----+------------+--------------------------------------------+--------------+
|ap_clk                   |   in|    1|  ap_ctrl_hs|  seedInitialization_Pipeline_SEED_INIT_LOOP|  return value|
|ap_rst                   |   in|    1|  ap_ctrl_hs|  seedInitialization_Pipeline_SEED_INIT_LOOP|  return value|
|ap_start                 |   in|    1|  ap_ctrl_hs|  seedInitialization_Pipeline_SEED_INIT_LOOP|  return value|
|ap_done                  |  out|    1|  ap_ctrl_hs|  seedInitialization_Pipeline_SEED_INIT_LOOP|  return value|
|ap_idle                  |  out|    1|  ap_ctrl_hs|  seedInitialization_Pipeline_SEED_INIT_LOOP|  return value|
|ap_ready                 |  out|    1|  ap_ctrl_hs|  seedInitialization_Pipeline_SEED_INIT_LOOP|  return value|
|zext_ln610               |   in|   17|     ap_none|                                  zext_ln610|        scalar|
|this_mt_even_0_address0  |  out|    9|   ap_memory|                              this_mt_even_0|         array|
|this_mt_even_0_ce0       |  out|    1|   ap_memory|                              this_mt_even_0|         array|
|this_mt_even_0_we0       |  out|    1|   ap_memory|                              this_mt_even_0|         array|
|this_mt_even_0_d0        |  out|   32|   ap_memory|                              this_mt_even_0|         array|
|this_mt_even_1_address0  |  out|    9|   ap_memory|                              this_mt_even_1|         array|
|this_mt_even_1_ce0       |  out|    1|   ap_memory|                              this_mt_even_1|         array|
|this_mt_even_1_we0       |  out|    1|   ap_memory|                              this_mt_even_1|         array|
|this_mt_even_1_d0        |  out|   32|   ap_memory|                              this_mt_even_1|         array|
|this_mt_odd_0_address0   |  out|    9|   ap_memory|                               this_mt_odd_0|         array|
|this_mt_odd_0_ce0        |  out|    1|   ap_memory|                               this_mt_odd_0|         array|
|this_mt_odd_0_we0        |  out|    1|   ap_memory|                               this_mt_odd_0|         array|
|this_mt_odd_0_d0         |  out|   32|   ap_memory|                               this_mt_odd_0|         array|
|this_mt_odd_1_address0   |  out|    9|   ap_memory|                               this_mt_odd_1|         array|
|this_mt_odd_1_ce0        |  out|    1|   ap_memory|                               this_mt_odd_1|         array|
|this_mt_odd_1_we0        |  out|    1|   ap_memory|                               this_mt_odd_1|         array|
|this_mt_odd_1_d0         |  out|   32|   ap_memory|                               this_mt_odd_1|         array|
+-------------------------+-----+-----+------------+--------------------------------------------+--------------+

