Copyright 1986-2021 Xilinx, Inc. All Rights Reserved.
----------------------------------------------------------------------------------------------------------------------------------------------------------
| Tool Version     : Vivado v.2021.2 (lin64) Build 3367213 Tue Oct 19 02:47:39 MDT 2021
| Date             : Sat Apr 30 09:03:10 2022
| Host             : ic21 running 64-bit CentOS Linux release 7.9.2009 (Core)
| Command          : report_power -file hw_bb_locked_power_routed.rpt -pb hw_bb_locked_power_summary_routed.pb -rpx hw_bb_locked_power_routed.rpx
| Design           : level0_wrapper
| Device           : xcu50-fsvh2104-2-e
| Design State     : routed
| Grade            : extended
| Process          : typical
| Characterization : Production
----------------------------------------------------------------------------------------------------------------------------------------------------------

Power Report

Table of Contents
-----------------
1. Summary
1.1 On-Chip Components
1.2 Power Supply Summary
1.3 Confidence Level
2. Settings
2.1 Environment
2.2 Clock Constraints
3. Detailed Reports
3.1 By Hierarchy

1. Summary
----------

+--------------------------+--------------+
| Total On-Chip Power (W)  | 13.171       |
|   FPGA Power (W)         | 12.204       |
|   HBM Power (W)          | 0.968        |
| Design Power Budget (W)  | 63.000       |
| Power Budget Margin (W)  | 49.829 (MET) |
| Dynamic (W)              | 8.552        |
| Device Static (W)        | 4.619        |
| Effective TJA (C/W)      | 0.8          |
| Max Ambient (C)          | 90.1         |
| Junction Temperature (C) | 64.9         |
| Confidence Level         | Medium       |
| Setting File             | ---          |
| Simulation Activity File | ---          |
| Design Nets Matched      | NA           |
+--------------------------+--------------+


1.1 On-Chip Components
----------------------

+--------------------------+-----------+----------+-----------+-----------------+
| On-Chip                  | Power (W) | Used     | Available | Utilization (%) |
+--------------------------+-----------+----------+-----------+-----------------+
| Clocks                   |     1.180 |       55 |       --- |             --- |
| CLB Logic                |     0.854 |   297601 |       --- |             --- |
|   LUT as Logic           |     0.389 |   102286 |    870016 |           11.76 |
|   LUT as Distributed RAM |     0.364 |     7105 |    402016 |            1.77 |
|   Register               |     0.050 |   141930 |   1743360 |            8.14 |
|   LUT as Shift Register  |     0.044 |     3972 |    402016 |            0.99 |
|   CARRY8                 |     0.006 |     1598 |    108752 |            1.47 |
|   BUFG                   |    <0.001 |        3 |        64 |            4.69 |
|   Others                 |    <0.001 |     7232 |       --- |             --- |
|   F7/F8 Muxes            |     0.000 |     2201 |    870016 |            0.25 |
| Signals                  |     1.000 |   230892 |       --- |             --- |
| Block RAM                |     0.854 |      193 |      1344 |           14.36 |
| HBM                      |     1.183 |        1 |         2 |           50.00 |
| MMCM                     |    <0.001 |        0 |       --- |             --- |
| PLL                      |     0.054 |        1 |       --- |             --- |
| DSPs                     |     0.007 |       17 |      5940 |            0.29 |
| I/O                      |     0.006 |       10 |       416 |            2.40 |
| GTY                      |     2.863 |       16 |        20 |           80.00 |
| Hard IPs                 |     0.538 |        1 |       --- |             --- |
|   PCIE                   |     0.538 |        1 |       --- |             --- |
| Static Power             |     4.619 |          |           |                 |
|   HBM Static             |     0.383 |          |           |                 |
|   Device Static          |     4.236 |          |           |                 |
| Total                    |    13.159 |          |           |                 |
+--------------------------+-----------+----------+-----------+-----------------+


1.2 Power Supply Summary
------------------------

+------------+-------------+-----------+-------------+------------+-------------+-------------+--------------+
| Source     | Voltage (V) | Total (A) | Dynamic (A) | Static (A) | Powerup (A) | Budget (A)  | Margin (A)   |
+------------+-------------+-----------+-------------+------------+-------------+-------------+--------------+
| Vccint     |       0.850 |     9.075 |       5.873 |      3.202 |       NA    |      42.000 | 32.925 (MET) |
| Vccint_io  |       0.850 |     0.924 |       0.426 |      0.499 |       NA    |       7.380 | 6.456 (MET)  |
| Vccbram    |       0.850 |     0.181 |       0.096 |      0.086 |       NA    |       1.620 | 1.439 (MET)  |
| Vccaux     |       1.800 |     0.567 |       0.077 |      0.490 |       NA    |       1.190 | 0.623 (MET)  |
| Vccaux_io  |       1.800 |     0.027 |       0.003 |      0.024 |       NA    |       0.056 | 0.029 (MET)  |
| Vcco33     |       3.300 |     0.000 |       0.000 |      0.000 |       NA    | Unspecified | NA           |
| Vcco25     |       2.500 |     0.000 |       0.000 |      0.000 |       NA    | Unspecified | NA           |
| Vcco18     |       1.800 |     0.000 |       0.000 |      0.000 |       NA    |       0.014 | 0.014 (MET)  |
| Vcco15     |       1.500 |     0.000 |       0.000 |      0.000 |       NA    | Unspecified | NA           |
| Vcco135    |       1.350 |     0.000 |       0.000 |      0.000 |       NA    | Unspecified | NA           |
| Vcco12     |       1.200 |     0.000 |       0.000 |      0.000 |       NA    | Unspecified | NA           |
| Vcco10     |       1.000 |     0.000 |       0.000 |      0.000 |       NA    | Unspecified | NA           |
| Vccadc     |       1.800 |     0.016 |       0.000 |      0.016 |       NA    |       0.020 | 0.004 (MET)  |
| VCC_IO_HBM |       1.200 |     0.401 |       0.277 |      0.124 |       NA    |       3.840 | 3.439 (MET)  |
| VCC_HBM    |       1.200 |     0.443 |       0.297 |      0.146 |       NA    |       4.160 | 3.717 (MET)  |
| VCCAUX_HBM |       2.500 |     0.030 |       0.006 |      0.024 |       NA    |       0.200 | 0.170 (MET)  |
| MGTYAVcc   |       0.900 |     0.380 |       0.332 |      0.049 |       NA    |       1.400 | 1.020 (MET)  |
| MGTYAVtt   |       1.200 |     1.517 |       1.502 |      0.015 |       NA    |       3.600 | 2.083 (MET)  |
| MGTYVccaux |       1.800 |     0.095 |       0.093 |      0.001 |       NA    |       0.144 | 0.049 (MET)  |
+------------+-------------+-----------+-------------+------------+-------------+-------------+--------------+


1.3 Confidence Level
--------------------

+-----------------------------+------------+-------------------------------------------------------+------------------------------------------------------------------------------------------------------------+
| User Input Data             | Confidence | Details                                               | Action                                                                                                     |
+-----------------------------+------------+-------------------------------------------------------+------------------------------------------------------------------------------------------------------------+
| Design implementation state | High       | Design is routed                                      |                                                                                                            |
| Clock nodes activity        | High       | User specified more than 95% of clocks                |                                                                                                            |
| I/O nodes activity          | Medium     | More than 5% of inputs are missing user specification | Provide missing input activity with simulation results or by editing the "By Resource Type -> I/Os" view   |
| Internal nodes activity     | Medium     | User specified less than 25% of internal nodes        | Provide missing internal nodes activity with simulation results or by editing the "By Resource Type" views |
| Device models               | High       | Device models are Production                          |                                                                                                            |
|                             |            |                                                       |                                                                                                            |
| Overall confidence level    | Medium     |                                                       |                                                                                                            |
+-----------------------------+------------+-------------------------------------------------------+------------------------------------------------------------------------------------------------------------+


2. Settings
-----------

2.1 Environment
---------------

+-----------------------+--------------------------+
| Ambient Temp (C)      | 55.0                     |
| ThetaJA (C/W)         | 0.8                      |
| Airflow (LFM)         | 250                      |
| Heat Sink             | medium (Medium Profile)  |
| ThetaSA (C/W)         | 0.7                      |
| Board Selection       | medium (10"x10")         |
| # of Board Layers     | 12to15 (12 to 15 Layers) |
| Board Temperature (C) | 25.0                     |
+-----------------------+--------------------------+


2.2 Clock Constraints
---------------------

+----------------------------------------------------------------------------------------------------------------------------------------------------------------------------------------------------------------------------------------------------------------------------------------------------------------------------------------------------------------------------------------------------------+-------------------------------------------------------------------------------------------------------------------------------------------------------------------------------------------------------------------------------------------------------------------------------------------------------------------------------------------------------------------------------------------+-----------------+
| Clock                                                                                                                                                                                                                                                                                                                                                                                                    | Domain                                                                                                                                                                                                                                                                                                                                                                                    | Constraint (ns) |
+----------------------------------------------------------------------------------------------------------------------------------------------------------------------------------------------------------------------------------------------------------------------------------------------------------------------------------------------------------------------------------------------------------+-------------------------------------------------------------------------------------------------------------------------------------------------------------------------------------------------------------------------------------------------------------------------------------------------------------------------------------------------------------------------------------------+-----------------+
| clk_kernel2_unbuffered                                                                                                                                                                                                                                                                                                                                                                                   | level0_i/ulp/ulp_ucs/inst/clkwiz_kernel2/inst/CLK_CORE_DRP_I/clk_inst/clk_out1                                                                                                                                                                                                                                                                                                            |             2.0 |
| clk_kernel_unbuffered                                                                                                                                                                                                                                                                                                                                                                                    | level0_i/ulp/ulp_ucs/inst/clkwiz_kernel/inst/CLK_CORE_DRP_I/clk_inst/clk_out1                                                                                                                                                                                                                                                                                                             |             3.3 |
| clk_out1_bd_1be0_clkwiz_level0_periph_0_1                                                                                                                                                                                                                                                                                                                                                                | level0_i/blp/blp_i/blp_hif/inst/clkwiz_level0_periph/inst/clk_out1_bd_1be0_clkwiz_level0_periph_0                                                                                                                                                                                                                                                                                         |            10.0 |
| clk_out2_bd_1be0_clkwiz_level0_periph_0_1                                                                                                                                                                                                                                                                                                                                                                | level0_i/blp/blp_i/blp_hif/inst/clkwiz_level0_periph/inst/clk_out2_bd_1be0_clkwiz_level0_periph_0                                                                                                                                                                                                                                                                                         |            20.0 |
| diablo_gt.diablo_gt_phy_wrapper/pclk2_gt_1                                                                                                                                                                                                                                                                                                                                                               | level0_i/blp/blp_i/blp_hif/inst/pcie/inst/gt_top_i/diablo_gt.diablo_gt_phy_wrapper/phy_clk_i/CLK_PCLK2_GT                                                                                                                                                                                                                                                                                 |             4.0 |
| dma_ip_axi_aclk_1                                                                                                                                                                                                                                                                                                                                                                                        | level0_i/blp/blp_i/blp_hif/inst/pcie/inst/gt_top_i/diablo_gt.diablo_gt_phy_wrapper/phy_clk_i/CLK_USERCLK                                                                                                                                                                                                                                                                                  |             4.0 |
| hbm_aclk                                                                                                                                                                                                                                                                                                                                                                                                 | level0_i/ulp/ulp_ucs/inst/clkwiz_hbm/inst/CLK_CORE_DRP_I/clk_inst/clk_out1_bd_22c0_clkwiz_hbm_0                                                                                                                                                                                                                                                                                           |             2.2 |
| io_clk_freerun_00                                                                                                                                                                                                                                                                                                                                                                                        | io_clk_freerun_00_clk_p                                                                                                                                                                                                                                                                                                                                                                   |            10.0 |
| io_clk_freerun_00                                                                                                                                                                                                                                                                                                                                                                                        | level0_i/blp/blp_i/freerun_clk_bufg/U0/BUFG_O[0]                                                                                                                                                                                                                                                                                                                                          |            10.0 |
| io_clk_pcie_user_00                                                                                                                                                                                                                                                                                                                                                                                      | io_clk_pcie_00_clk_p                                                                                                                                                                                                                                                                                                                                                                      |            10.0 |
| level0_i/blp/blp_i/blp_cmp/inst/jtag_fallback/inst/bs_switch/inst/BSCAN_SWITCH.N_EXT_BSCAN.bscan_inst/SERIES7_BSCAN.bscan_inst/INTERNAL_TCK                                                                                                                                                                                                                                                              | level0_i/blp/blp_i/blp_cmp/inst/jtag_fallback/inst/bs_switch/inst/BSCAN_SWITCH.N_EXT_BSCAN.bscan_inst/BSCAN_SWITCH.N_EXT_BSCAN.tck_bs                                                                                                                                                                                                                                                     |            50.0 |
| level0_i/blp/blp_i/blp_cmp/inst/mdm_board_control/U0/No_Dbg_Reg_Access.BUFG_DRCK/Using_FPGA.Native/O                                                                                                                                                                                                                                                                                                     | level0_i/blp/blp_i/blp_cmp/inst/mdm_board_control/U0/No_Dbg_Reg_Access.BUFG_DRCK/Dbg_Clk_0                                                                                                                                                                                                                                                                                                |           160.0 |
| level0_i/blp/blp_i/blp_cmp/inst/mdm_board_control/U0/Use_External.Use_BSCANID.No_Dbg_Reg_Access.BUFG_UPDATE/Using_FPGA.Native/O                                                                                                                                                                                                                                                                          | level0_i/blp/blp_i/blp_cmp/inst/mdm_board_control/U0/Use_External.Use_BSCANID.No_Dbg_Reg_Access.BUFG_UPDATE/Ext_JTAG_UPDATE                                                                                                                                                                                                                                                               |           100.0 |
| level0_i/blp/blp_i/blp_cmp/inst/mgmt_debug_bridge/inst/axi_jtag/inst/u_jtag_proc/tck_i_reg/Q                                                                                                                                                                                                                                                                                                             | level0_i/blp/blp_i/blp_cmp/inst/mgmt_debug_bridge/inst/axi_jtag/inst/u_jtag_proc/tck                                                                                                                                                                                                                                                                                                      |           160.0 |
| level0_i/blp/blp_i/blp_cmp/inst/mgmt_debug_bridge/inst/bsip/inst/USE_SOFTBSCAN.U_BSCAN_TAP/U_BASETAP/U_TAP/UPDATEDR_O_reg/Q                                                                                                                                                                                                                                                                              | level0_i/blp/blp_i/blp_cmp/inst/mgmt_debug_bridge/inst/bsip/inst/USE_SOFTBSCAN.U_BSCAN_TAP/U_BASETAP/U_TAP/UPDATEDR_O                                                                                                                                                                                                                                                                     |           160.0 |
| level0_i/blp/blp_i/blp_hif/inst/pcie/inst/gt_top_i/diablo_gt.diablo_gt_phy_wrapper/gt_wizard.gtwizard_top_i/bd_1be0_pcie_0_gt_i/inst/gen_gtwizard_gtye4_top.bd_1be0_pcie_0_gt_gtwizard_gtye4_inst/gen_gtwizard_gtye4.gen_channel_container[24].gen_enabled_channel.gtye4_channel_wrapper_inst/channel_inst/gtye4_channel_gen.gen_gtye4_channel_inst[0].GTYE4_CHANNEL_PRIM_INST/TXOUTCLK                  | level0_i/blp/blp_i/blp_hif/inst/pcie/inst/gt_top_i/diablo_gt.diablo_gt_phy_wrapper/gt_wizard.gtwizard_top_i/bd_1be0_pcie_0_gt_i/inst/gen_gtwizard_gtye4_top.bd_1be0_pcie_0_gt_gtwizard_gtye4_inst/gen_gtwizard_gtye4.gen_channel_container[24].gen_enabled_channel.gtye4_channel_wrapper_inst/channel_inst/txoutclk_out[0]                                                                |             2.0 |
| level0_i/blp/blp_i/blp_hif/inst/pcie/inst/gt_top_i/diablo_gt.diablo_gt_phy_wrapper/gt_wizard.gtwizard_top_i/bd_1be0_pcie_0_gt_i/inst/gen_gtwizard_gtye4_top.bd_1be0_pcie_0_gt_gtwizard_gtye4_inst/gen_gtwizard_gtye4.gen_channel_container[24].gen_enabled_channel.gtye4_channel_wrapper_inst/channel_inst/gtye4_channel_gen.gen_gtye4_channel_inst[0].GTYE4_CHANNEL_PRIM_INST/TXOUTCLK                  | level0_i/blp/blp_i/blp_hif/inst/pcie/inst/gt_top_i/diablo_gt.diablo_gt_phy_wrapper/gt_wizard.gtwizard_top_i/bd_1be0_pcie_0_gt_i/inst/gen_gtwizard_gtye4_top.bd_1be0_pcie_0_gt_gtwizard_gtye4_inst/gen_gtwizard_gtye4.gen_channel_container[24].gen_enabled_channel.gtye4_channel_wrapper_inst/channel_inst/txoutclk_out[1]                                                                |             2.0 |
| level0_i/blp/blp_i/blp_hif/inst/pcie/inst/gt_top_i/diablo_gt.diablo_gt_phy_wrapper/gt_wizard.gtwizard_top_i/bd_1be0_pcie_0_gt_i/inst/gen_gtwizard_gtye4_top.bd_1be0_pcie_0_gt_gtwizard_gtye4_inst/gen_gtwizard_gtye4.gen_channel_container[24].gen_enabled_channel.gtye4_channel_wrapper_inst/channel_inst/gtye4_channel_gen.gen_gtye4_channel_inst[0].GTYE4_CHANNEL_PRIM_INST/TXOUTCLK                  | level0_i/blp/blp_i/blp_hif/inst/pcie/inst/gt_top_i/diablo_gt.diablo_gt_phy_wrapper/gt_wizard.gtwizard_top_i/bd_1be0_pcie_0_gt_i/inst/gen_gtwizard_gtye4_top.bd_1be0_pcie_0_gt_gtwizard_gtye4_inst/gen_gtwizard_gtye4.gen_channel_container[24].gen_enabled_channel.gtye4_channel_wrapper_inst/channel_inst/txoutclk_out[2]                                                                |             2.0 |
| level0_i/blp/blp_i/blp_hif/inst/pcie/inst/gt_top_i/diablo_gt.diablo_gt_phy_wrapper/gt_wizard.gtwizard_top_i/bd_1be0_pcie_0_gt_i/inst/gen_gtwizard_gtye4_top.bd_1be0_pcie_0_gt_gtwizard_gtye4_inst/gen_gtwizard_gtye4.gen_channel_container[24].gen_enabled_channel.gtye4_channel_wrapper_inst/channel_inst/gtye4_channel_gen.gen_gtye4_channel_inst[0].GTYE4_CHANNEL_PRIM_INST/TXOUTCLK                  | level0_i/blp/blp_i/blp_hif/inst/pcie/inst/gt_top_i/diablo_gt.diablo_gt_phy_wrapper/gt_wizard.gtwizard_top_i/bd_1be0_pcie_0_gt_i/inst/gen_gtwizard_gtye4_top.bd_1be0_pcie_0_gt_gtwizard_gtye4_inst/gen_gtwizard_gtye4.gen_channel_container[24].gen_enabled_channel.gtye4_channel_wrapper_inst/channel_inst/txoutclk_out[3]                                                                |             2.0 |
| level0_i/blp/blp_i/blp_hif/inst/pcie/inst/gt_top_i/diablo_gt.diablo_gt_phy_wrapper/gt_wizard.gtwizard_top_i/bd_1be0_pcie_0_gt_i/inst/gen_gtwizard_gtye4_top.bd_1be0_pcie_0_gt_gtwizard_gtye4_inst/gen_gtwizard_gtye4.gen_channel_container[24].gen_enabled_channel.gtye4_channel_wrapper_inst/channel_inst/gtye4_channel_gen.gen_gtye4_channel_inst[0].GTYE4_CHANNEL_PRIM_INST/TXOUTCLK                  | level0_i/blp/blp_i/blp_hif/inst/pcie/inst/gt_top_i/diablo_gt.diablo_gt_phy_wrapper/gt_wizard.gtwizard_top_i/bd_1be0_pcie_0_gt_i/inst/gen_gtwizard_gtye4_top.bd_1be0_pcie_0_gt_gtwizard_gtye4_inst/gen_gtwizard_gtye4.gen_channel_container[25].gen_enabled_channel.gtye4_channel_wrapper_inst/channel_inst/txoutclk_out[0]                                                                |             2.0 |
| level0_i/blp/blp_i/blp_hif/inst/pcie/inst/gt_top_i/diablo_gt.diablo_gt_phy_wrapper/gt_wizard.gtwizard_top_i/bd_1be0_pcie_0_gt_i/inst/gen_gtwizard_gtye4_top.bd_1be0_pcie_0_gt_gtwizard_gtye4_inst/gen_gtwizard_gtye4.gen_channel_container[24].gen_enabled_channel.gtye4_channel_wrapper_inst/channel_inst/gtye4_channel_gen.gen_gtye4_channel_inst[0].GTYE4_CHANNEL_PRIM_INST/TXOUTCLK                  | level0_i/blp/blp_i/blp_hif/inst/pcie/inst/gt_top_i/diablo_gt.diablo_gt_phy_wrapper/gt_wizard.gtwizard_top_i/bd_1be0_pcie_0_gt_i/inst/gen_gtwizard_gtye4_top.bd_1be0_pcie_0_gt_gtwizard_gtye4_inst/gen_gtwizard_gtye4.gen_channel_container[25].gen_enabled_channel.gtye4_channel_wrapper_inst/channel_inst/txoutclk_out[1]                                                                |             2.0 |
| level0_i/blp/blp_i/blp_hif/inst/pcie/inst/gt_top_i/diablo_gt.diablo_gt_phy_wrapper/gt_wizard.gtwizard_top_i/bd_1be0_pcie_0_gt_i/inst/gen_gtwizard_gtye4_top.bd_1be0_pcie_0_gt_gtwizard_gtye4_inst/gen_gtwizard_gtye4.gen_channel_container[24].gen_enabled_channel.gtye4_channel_wrapper_inst/channel_inst/gtye4_channel_gen.gen_gtye4_channel_inst[0].GTYE4_CHANNEL_PRIM_INST/TXOUTCLK                  | level0_i/blp/blp_i/blp_hif/inst/pcie/inst/gt_top_i/diablo_gt.diablo_gt_phy_wrapper/gt_wizard.gtwizard_top_i/bd_1be0_pcie_0_gt_i/inst/gen_gtwizard_gtye4_top.bd_1be0_pcie_0_gt_gtwizard_gtye4_inst/gen_gtwizard_gtye4.gen_channel_container[25].gen_enabled_channel.gtye4_channel_wrapper_inst/channel_inst/txoutclk_out[2]                                                                |             2.0 |
| level0_i/blp/blp_i/blp_hif/inst/pcie/inst/gt_top_i/diablo_gt.diablo_gt_phy_wrapper/gt_wizard.gtwizard_top_i/bd_1be0_pcie_0_gt_i/inst/gen_gtwizard_gtye4_top.bd_1be0_pcie_0_gt_gtwizard_gtye4_inst/gen_gtwizard_gtye4.gen_channel_container[24].gen_enabled_channel.gtye4_channel_wrapper_inst/channel_inst/gtye4_channel_gen.gen_gtye4_channel_inst[0].GTYE4_CHANNEL_PRIM_INST/TXOUTCLK                  | level0_i/blp/blp_i/blp_hif/inst/pcie/inst/gt_top_i/diablo_gt.diablo_gt_phy_wrapper/gt_wizard.gtwizard_top_i/bd_1be0_pcie_0_gt_i/inst/gen_gtwizard_gtye4_top.bd_1be0_pcie_0_gt_gtwizard_gtye4_inst/gen_gtwizard_gtye4.gen_channel_container[25].gen_enabled_channel.gtye4_channel_wrapper_inst/channel_inst/txoutclk_out[3]                                                                |             2.0 |
| level0_i/blp/blp_i/blp_hif/inst/pcie/inst/gt_top_i/diablo_gt.diablo_gt_phy_wrapper/gt_wizard.gtwizard_top_i/bd_1be0_pcie_0_gt_i/inst/gen_gtwizard_gtye4_top.bd_1be0_pcie_0_gt_gtwizard_gtye4_inst/gen_gtwizard_gtye4.gen_channel_container[24].gen_enabled_channel.gtye4_channel_wrapper_inst/channel_inst/gtye4_channel_gen.gen_gtye4_channel_inst[0].GTYE4_CHANNEL_PRIM_INST/TXOUTCLK                  | level0_i/blp/blp_i/blp_hif/inst/pcie/inst/gt_top_i/diablo_gt.diablo_gt_phy_wrapper/gt_wizard.gtwizard_top_i/bd_1be0_pcie_0_gt_i/inst/gen_gtwizard_gtye4_top.bd_1be0_pcie_0_gt_gtwizard_gtye4_inst/gen_gtwizard_gtye4.gen_channel_container[26].gen_enabled_channel.gtye4_channel_wrapper_inst/channel_inst/txoutclk_out[0]                                                                |             2.0 |
| level0_i/blp/blp_i/blp_hif/inst/pcie/inst/gt_top_i/diablo_gt.diablo_gt_phy_wrapper/gt_wizard.gtwizard_top_i/bd_1be0_pcie_0_gt_i/inst/gen_gtwizard_gtye4_top.bd_1be0_pcie_0_gt_gtwizard_gtye4_inst/gen_gtwizard_gtye4.gen_channel_container[24].gen_enabled_channel.gtye4_channel_wrapper_inst/channel_inst/gtye4_channel_gen.gen_gtye4_channel_inst[0].GTYE4_CHANNEL_PRIM_INST/TXOUTCLK                  | level0_i/blp/blp_i/blp_hif/inst/pcie/inst/gt_top_i/diablo_gt.diablo_gt_phy_wrapper/gt_wizard.gtwizard_top_i/bd_1be0_pcie_0_gt_i/inst/gen_gtwizard_gtye4_top.bd_1be0_pcie_0_gt_gtwizard_gtye4_inst/gen_gtwizard_gtye4.gen_channel_container[26].gen_enabled_channel.gtye4_channel_wrapper_inst/channel_inst/txoutclk_out[1]                                                                |             2.0 |
| level0_i/blp/blp_i/blp_hif/inst/pcie/inst/gt_top_i/diablo_gt.diablo_gt_phy_wrapper/gt_wizard.gtwizard_top_i/bd_1be0_pcie_0_gt_i/inst/gen_gtwizard_gtye4_top.bd_1be0_pcie_0_gt_gtwizard_gtye4_inst/gen_gtwizard_gtye4.gen_channel_container[24].gen_enabled_channel.gtye4_channel_wrapper_inst/channel_inst/gtye4_channel_gen.gen_gtye4_channel_inst[0].GTYE4_CHANNEL_PRIM_INST/TXOUTCLK                  | level0_i/blp/blp_i/blp_hif/inst/pcie/inst/gt_top_i/diablo_gt.diablo_gt_phy_wrapper/gt_wizard.gtwizard_top_i/bd_1be0_pcie_0_gt_i/inst/gen_gtwizard_gtye4_top.bd_1be0_pcie_0_gt_gtwizard_gtye4_inst/gen_gtwizard_gtye4.gen_channel_container[26].gen_enabled_channel.gtye4_channel_wrapper_inst/channel_inst/txoutclk_out[2]                                                                |             2.0 |
| level0_i/blp/blp_i/blp_hif/inst/pcie/inst/gt_top_i/diablo_gt.diablo_gt_phy_wrapper/gt_wizard.gtwizard_top_i/bd_1be0_pcie_0_gt_i/inst/gen_gtwizard_gtye4_top.bd_1be0_pcie_0_gt_gtwizard_gtye4_inst/gen_gtwizard_gtye4.gen_channel_container[24].gen_enabled_channel.gtye4_channel_wrapper_inst/channel_inst/gtye4_channel_gen.gen_gtye4_channel_inst[0].GTYE4_CHANNEL_PRIM_INST/TXOUTCLK                  | level0_i/blp/blp_i/blp_hif/inst/pcie/inst/gt_top_i/diablo_gt.diablo_gt_phy_wrapper/gt_wizard.gtwizard_top_i/bd_1be0_pcie_0_gt_i/inst/gen_gtwizard_gtye4_top.bd_1be0_pcie_0_gt_gtwizard_gtye4_inst/gen_gtwizard_gtye4.gen_channel_container[26].gen_enabled_channel.gtye4_channel_wrapper_inst/channel_inst/txoutclk_out[3]                                                                |             2.0 |
| level0_i/blp/blp_i/blp_hif/inst/pcie/inst/gt_top_i/diablo_gt.diablo_gt_phy_wrapper/gt_wizard.gtwizard_top_i/bd_1be0_pcie_0_gt_i/inst/gen_gtwizard_gtye4_top.bd_1be0_pcie_0_gt_gtwizard_gtye4_inst/gen_gtwizard_gtye4.gen_channel_container[24].gen_enabled_channel.gtye4_channel_wrapper_inst/channel_inst/gtye4_channel_gen.gen_gtye4_channel_inst[0].GTYE4_CHANNEL_PRIM_INST/TXOUTCLK                  | level0_i/blp/blp_i/blp_hif/inst/pcie/inst/gt_top_i/diablo_gt.diablo_gt_phy_wrapper/gt_wizard.gtwizard_top_i/bd_1be0_pcie_0_gt_i/inst/gen_gtwizard_gtye4_top.bd_1be0_pcie_0_gt_gtwizard_gtye4_inst/gen_gtwizard_gtye4.gen_channel_container[27].gen_enabled_channel.gtye4_channel_wrapper_inst/channel_inst/txoutclk_out[0]                                                                |             2.0 |
| level0_i/blp/blp_i/blp_hif/inst/pcie/inst/gt_top_i/diablo_gt.diablo_gt_phy_wrapper/gt_wizard.gtwizard_top_i/bd_1be0_pcie_0_gt_i/inst/gen_gtwizard_gtye4_top.bd_1be0_pcie_0_gt_gtwizard_gtye4_inst/gen_gtwizard_gtye4.gen_channel_container[24].gen_enabled_channel.gtye4_channel_wrapper_inst/channel_inst/gtye4_channel_gen.gen_gtye4_channel_inst[0].GTYE4_CHANNEL_PRIM_INST/TXOUTCLK                  | level0_i/blp/blp_i/blp_hif/inst/pcie/inst/gt_top_i/diablo_gt.diablo_gt_phy_wrapper/gt_wizard.gtwizard_top_i/bd_1be0_pcie_0_gt_i/inst/gen_gtwizard_gtye4_top.bd_1be0_pcie_0_gt_gtwizard_gtye4_inst/gen_gtwizard_gtye4.gen_channel_container[27].gen_enabled_channel.gtye4_channel_wrapper_inst/channel_inst/txoutclk_out[1]                                                                |             2.0 |
| level0_i/blp/blp_i/blp_hif/inst/pcie/inst/gt_top_i/diablo_gt.diablo_gt_phy_wrapper/gt_wizard.gtwizard_top_i/bd_1be0_pcie_0_gt_i/inst/gen_gtwizard_gtye4_top.bd_1be0_pcie_0_gt_gtwizard_gtye4_inst/gen_gtwizard_gtye4.gen_channel_container[24].gen_enabled_channel.gtye4_channel_wrapper_inst/channel_inst/gtye4_channel_gen.gen_gtye4_channel_inst[0].GTYE4_CHANNEL_PRIM_INST/TXOUTCLK                  | level0_i/blp/blp_i/blp_hif/inst/pcie/inst/gt_top_i/diablo_gt.diablo_gt_phy_wrapper/gt_wizard.gtwizard_top_i/bd_1be0_pcie_0_gt_i/inst/gen_gtwizard_gtye4_top.bd_1be0_pcie_0_gt_gtwizard_gtye4_inst/gen_gtwizard_gtye4.gen_channel_container[27].gen_enabled_channel.gtye4_channel_wrapper_inst/channel_inst/txoutclk_out[2]                                                                |             2.0 |
| level0_i/blp/blp_i/blp_hif/inst/pcie/inst/gt_top_i/diablo_gt.diablo_gt_phy_wrapper/gt_wizard.gtwizard_top_i/bd_1be0_pcie_0_gt_i/inst/gen_gtwizard_gtye4_top.bd_1be0_pcie_0_gt_gtwizard_gtye4_inst/gen_gtwizard_gtye4.gen_channel_container[24].gen_enabled_channel.gtye4_channel_wrapper_inst/channel_inst/gtye4_channel_gen.gen_gtye4_channel_inst[0].GTYE4_CHANNEL_PRIM_INST/TXOUTCLK                  | level0_i/blp/blp_i/blp_hif/inst/pcie/inst/gt_top_i/diablo_gt.diablo_gt_phy_wrapper/gt_wizard.gtwizard_top_i/bd_1be0_pcie_0_gt_i/inst/gen_gtwizard_gtye4_top.bd_1be0_pcie_0_gt_gtwizard_gtye4_inst/gen_gtwizard_gtye4.gen_channel_container[27].gen_enabled_channel.gtye4_channel_wrapper_inst/channel_inst/txoutclk_out[3]                                                                |             2.0 |
| level0_i/blp/blp_i/blp_hif/inst/pcie/inst/gt_top_i/diablo_gt.diablo_gt_phy_wrapper/gt_wizard.gtwizard_top_i/bd_1be0_pcie_0_gt_i/inst/gen_gtwizard_gtye4_top.bd_1be0_pcie_0_gt_gtwizard_gtye4_inst/gen_gtwizard_gtye4.gen_cpll_cal_gtye4.gen_cpll_cal_inst[0].gen_inst_cpll_cal.gtwizard_ultrascale_v1_7_7_gtye4_cpll_cal_inst/gtwizard_ultrascale_v1_7_7_gtye4_cpll_cal_tx_i/bufg_gt_txoutclkmon_inst/O  | level0_i/blp/blp_i/blp_hif/inst/pcie/inst/gt_top_i/diablo_gt.diablo_gt_phy_wrapper/gt_wizard.gtwizard_top_i/bd_1be0_pcie_0_gt_i/inst/gen_gtwizard_gtye4_top.bd_1be0_pcie_0_gt_gtwizard_gtye4_inst/gen_gtwizard_gtye4.gen_cpll_cal_gtye4.gen_cpll_cal_inst[0].gen_inst_cpll_cal.gtwizard_ultrascale_v1_7_7_gtye4_cpll_cal_inst/gtwizard_ultrascale_v1_7_7_gtye4_cpll_cal_tx_i/txoutclkmon  |             8.0 |
| level0_i/blp/blp_i/blp_hif/inst/pcie/inst/gt_top_i/diablo_gt.diablo_gt_phy_wrapper/gt_wizard.gtwizard_top_i/bd_1be0_pcie_0_gt_i/inst/gen_gtwizard_gtye4_top.bd_1be0_pcie_0_gt_gtwizard_gtye4_inst/gen_gtwizard_gtye4.gen_cpll_cal_gtye4.gen_cpll_cal_inst[10].gen_inst_cpll_cal.gtwizard_ultrascale_v1_7_7_gtye4_cpll_cal_inst/gtwizard_ultrascale_v1_7_7_gtye4_cpll_cal_tx_i/bufg_gt_txoutclkmon_inst/O | level0_i/blp/blp_i/blp_hif/inst/pcie/inst/gt_top_i/diablo_gt.diablo_gt_phy_wrapper/gt_wizard.gtwizard_top_i/bd_1be0_pcie_0_gt_i/inst/gen_gtwizard_gtye4_top.bd_1be0_pcie_0_gt_gtwizard_gtye4_inst/gen_gtwizard_gtye4.gen_cpll_cal_gtye4.gen_cpll_cal_inst[10].gen_inst_cpll_cal.gtwizard_ultrascale_v1_7_7_gtye4_cpll_cal_inst/gtwizard_ultrascale_v1_7_7_gtye4_cpll_cal_tx_i/txoutclkmon |             8.0 |
| level0_i/blp/blp_i/blp_hif/inst/pcie/inst/gt_top_i/diablo_gt.diablo_gt_phy_wrapper/gt_wizard.gtwizard_top_i/bd_1be0_pcie_0_gt_i/inst/gen_gtwizard_gtye4_top.bd_1be0_pcie_0_gt_gtwizard_gtye4_inst/gen_gtwizard_gtye4.gen_cpll_cal_gtye4.gen_cpll_cal_inst[11].gen_inst_cpll_cal.gtwizard_ultrascale_v1_7_7_gtye4_cpll_cal_inst/gtwizard_ultrascale_v1_7_7_gtye4_cpll_cal_tx_i/bufg_gt_txoutclkmon_inst/O | level0_i/blp/blp_i/blp_hif/inst/pcie/inst/gt_top_i/diablo_gt.diablo_gt_phy_wrapper/gt_wizard.gtwizard_top_i/bd_1be0_pcie_0_gt_i/inst/gen_gtwizard_gtye4_top.bd_1be0_pcie_0_gt_gtwizard_gtye4_inst/gen_gtwizard_gtye4.gen_cpll_cal_gtye4.gen_cpll_cal_inst[11].gen_inst_cpll_cal.gtwizard_ultrascale_v1_7_7_gtye4_cpll_cal_inst/gtwizard_ultrascale_v1_7_7_gtye4_cpll_cal_tx_i/txoutclkmon |             8.0 |
| level0_i/blp/blp_i/blp_hif/inst/pcie/inst/gt_top_i/diablo_gt.diablo_gt_phy_wrapper/gt_wizard.gtwizard_top_i/bd_1be0_pcie_0_gt_i/inst/gen_gtwizard_gtye4_top.bd_1be0_pcie_0_gt_gtwizard_gtye4_inst/gen_gtwizard_gtye4.gen_cpll_cal_gtye4.gen_cpll_cal_inst[12].gen_inst_cpll_cal.gtwizard_ultrascale_v1_7_7_gtye4_cpll_cal_inst/gtwizard_ultrascale_v1_7_7_gtye4_cpll_cal_tx_i/bufg_gt_txoutclkmon_inst/O | level0_i/blp/blp_i/blp_hif/inst/pcie/inst/gt_top_i/diablo_gt.diablo_gt_phy_wrapper/gt_wizard.gtwizard_top_i/bd_1be0_pcie_0_gt_i/inst/gen_gtwizard_gtye4_top.bd_1be0_pcie_0_gt_gtwizard_gtye4_inst/gen_gtwizard_gtye4.gen_cpll_cal_gtye4.gen_cpll_cal_inst[12].gen_inst_cpll_cal.gtwizard_ultrascale_v1_7_7_gtye4_cpll_cal_inst/gtwizard_ultrascale_v1_7_7_gtye4_cpll_cal_tx_i/txoutclkmon |             8.0 |
| level0_i/blp/blp_i/blp_hif/inst/pcie/inst/gt_top_i/diablo_gt.diablo_gt_phy_wrapper/gt_wizard.gtwizard_top_i/bd_1be0_pcie_0_gt_i/inst/gen_gtwizard_gtye4_top.bd_1be0_pcie_0_gt_gtwizard_gtye4_inst/gen_gtwizard_gtye4.gen_cpll_cal_gtye4.gen_cpll_cal_inst[13].gen_inst_cpll_cal.gtwizard_ultrascale_v1_7_7_gtye4_cpll_cal_inst/gtwizard_ultrascale_v1_7_7_gtye4_cpll_cal_tx_i/bufg_gt_txoutclkmon_inst/O | level0_i/blp/blp_i/blp_hif/inst/pcie/inst/gt_top_i/diablo_gt.diablo_gt_phy_wrapper/gt_wizard.gtwizard_top_i/bd_1be0_pcie_0_gt_i/inst/gen_gtwizard_gtye4_top.bd_1be0_pcie_0_gt_gtwizard_gtye4_inst/gen_gtwizard_gtye4.gen_cpll_cal_gtye4.gen_cpll_cal_inst[13].gen_inst_cpll_cal.gtwizard_ultrascale_v1_7_7_gtye4_cpll_cal_inst/gtwizard_ultrascale_v1_7_7_gtye4_cpll_cal_tx_i/txoutclkmon |             8.0 |
| level0_i/blp/blp_i/blp_hif/inst/pcie/inst/gt_top_i/diablo_gt.diablo_gt_phy_wrapper/gt_wizard.gtwizard_top_i/bd_1be0_pcie_0_gt_i/inst/gen_gtwizard_gtye4_top.bd_1be0_pcie_0_gt_gtwizard_gtye4_inst/gen_gtwizard_gtye4.gen_cpll_cal_gtye4.gen_cpll_cal_inst[14].gen_inst_cpll_cal.gtwizard_ultrascale_v1_7_7_gtye4_cpll_cal_inst/gtwizard_ultrascale_v1_7_7_gtye4_cpll_cal_tx_i/bufg_gt_txoutclkmon_inst/O | level0_i/blp/blp_i/blp_hif/inst/pcie/inst/gt_top_i/diablo_gt.diablo_gt_phy_wrapper/gt_wizard.gtwizard_top_i/bd_1be0_pcie_0_gt_i/inst/gen_gtwizard_gtye4_top.bd_1be0_pcie_0_gt_gtwizard_gtye4_inst/gen_gtwizard_gtye4.gen_cpll_cal_gtye4.gen_cpll_cal_inst[14].gen_inst_cpll_cal.gtwizard_ultrascale_v1_7_7_gtye4_cpll_cal_inst/gtwizard_ultrascale_v1_7_7_gtye4_cpll_cal_tx_i/txoutclkmon |             8.0 |
| level0_i/blp/blp_i/blp_hif/inst/pcie/inst/gt_top_i/diablo_gt.diablo_gt_phy_wrapper/gt_wizard.gtwizard_top_i/bd_1be0_pcie_0_gt_i/inst/gen_gtwizard_gtye4_top.bd_1be0_pcie_0_gt_gtwizard_gtye4_inst/gen_gtwizard_gtye4.gen_cpll_cal_gtye4.gen_cpll_cal_inst[15].gen_inst_cpll_cal.gtwizard_ultrascale_v1_7_7_gtye4_cpll_cal_inst/gtwizard_ultrascale_v1_7_7_gtye4_cpll_cal_tx_i/bufg_gt_txoutclkmon_inst/O | level0_i/blp/blp_i/blp_hif/inst/pcie/inst/gt_top_i/diablo_gt.diablo_gt_phy_wrapper/gt_wizard.gtwizard_top_i/bd_1be0_pcie_0_gt_i/inst/gen_gtwizard_gtye4_top.bd_1be0_pcie_0_gt_gtwizard_gtye4_inst/gen_gtwizard_gtye4.gen_cpll_cal_gtye4.gen_cpll_cal_inst[15].gen_inst_cpll_cal.gtwizard_ultrascale_v1_7_7_gtye4_cpll_cal_inst/gtwizard_ultrascale_v1_7_7_gtye4_cpll_cal_tx_i/txoutclkmon |             8.0 |
| level0_i/blp/blp_i/blp_hif/inst/pcie/inst/gt_top_i/diablo_gt.diablo_gt_phy_wrapper/gt_wizard.gtwizard_top_i/bd_1be0_pcie_0_gt_i/inst/gen_gtwizard_gtye4_top.bd_1be0_pcie_0_gt_gtwizard_gtye4_inst/gen_gtwizard_gtye4.gen_cpll_cal_gtye4.gen_cpll_cal_inst[1].gen_inst_cpll_cal.gtwizard_ultrascale_v1_7_7_gtye4_cpll_cal_inst/gtwizard_ultrascale_v1_7_7_gtye4_cpll_cal_tx_i/bufg_gt_txoutclkmon_inst/O  | level0_i/blp/blp_i/blp_hif/inst/pcie/inst/gt_top_i/diablo_gt.diablo_gt_phy_wrapper/gt_wizard.gtwizard_top_i/bd_1be0_pcie_0_gt_i/inst/gen_gtwizard_gtye4_top.bd_1be0_pcie_0_gt_gtwizard_gtye4_inst/gen_gtwizard_gtye4.gen_cpll_cal_gtye4.gen_cpll_cal_inst[1].gen_inst_cpll_cal.gtwizard_ultrascale_v1_7_7_gtye4_cpll_cal_inst/gtwizard_ultrascale_v1_7_7_gtye4_cpll_cal_tx_i/txoutclkmon  |             8.0 |
| level0_i/blp/blp_i/blp_hif/inst/pcie/inst/gt_top_i/diablo_gt.diablo_gt_phy_wrapper/gt_wizard.gtwizard_top_i/bd_1be0_pcie_0_gt_i/inst/gen_gtwizard_gtye4_top.bd_1be0_pcie_0_gt_gtwizard_gtye4_inst/gen_gtwizard_gtye4.gen_cpll_cal_gtye4.gen_cpll_cal_inst[2].gen_inst_cpll_cal.gtwizard_ultrascale_v1_7_7_gtye4_cpll_cal_inst/gtwizard_ultrascale_v1_7_7_gtye4_cpll_cal_tx_i/bufg_gt_txoutclkmon_inst/O  | level0_i/blp/blp_i/blp_hif/inst/pcie/inst/gt_top_i/diablo_gt.diablo_gt_phy_wrapper/gt_wizard.gtwizard_top_i/bd_1be0_pcie_0_gt_i/inst/gen_gtwizard_gtye4_top.bd_1be0_pcie_0_gt_gtwizard_gtye4_inst/gen_gtwizard_gtye4.gen_cpll_cal_gtye4.gen_cpll_cal_inst[2].gen_inst_cpll_cal.gtwizard_ultrascale_v1_7_7_gtye4_cpll_cal_inst/gtwizard_ultrascale_v1_7_7_gtye4_cpll_cal_tx_i/txoutclkmon  |             8.0 |
| level0_i/blp/blp_i/blp_hif/inst/pcie/inst/gt_top_i/diablo_gt.diablo_gt_phy_wrapper/gt_wizard.gtwizard_top_i/bd_1be0_pcie_0_gt_i/inst/gen_gtwizard_gtye4_top.bd_1be0_pcie_0_gt_gtwizard_gtye4_inst/gen_gtwizard_gtye4.gen_cpll_cal_gtye4.gen_cpll_cal_inst[3].gen_inst_cpll_cal.gtwizard_ultrascale_v1_7_7_gtye4_cpll_cal_inst/gtwizard_ultrascale_v1_7_7_gtye4_cpll_cal_tx_i/bufg_gt_txoutclkmon_inst/O  | level0_i/blp/blp_i/blp_hif/inst/pcie/inst/gt_top_i/diablo_gt.diablo_gt_phy_wrapper/gt_wizard.gtwizard_top_i/bd_1be0_pcie_0_gt_i/inst/gen_gtwizard_gtye4_top.bd_1be0_pcie_0_gt_gtwizard_gtye4_inst/gen_gtwizard_gtye4.gen_cpll_cal_gtye4.gen_cpll_cal_inst[3].gen_inst_cpll_cal.gtwizard_ultrascale_v1_7_7_gtye4_cpll_cal_inst/gtwizard_ultrascale_v1_7_7_gtye4_cpll_cal_tx_i/txoutclkmon  |             8.0 |
| level0_i/blp/blp_i/blp_hif/inst/pcie/inst/gt_top_i/diablo_gt.diablo_gt_phy_wrapper/gt_wizard.gtwizard_top_i/bd_1be0_pcie_0_gt_i/inst/gen_gtwizard_gtye4_top.bd_1be0_pcie_0_gt_gtwizard_gtye4_inst/gen_gtwizard_gtye4.gen_cpll_cal_gtye4.gen_cpll_cal_inst[4].gen_inst_cpll_cal.gtwizard_ultrascale_v1_7_7_gtye4_cpll_cal_inst/gtwizard_ultrascale_v1_7_7_gtye4_cpll_cal_tx_i/bufg_gt_txoutclkmon_inst/O  | level0_i/blp/blp_i/blp_hif/inst/pcie/inst/gt_top_i/diablo_gt.diablo_gt_phy_wrapper/gt_wizard.gtwizard_top_i/bd_1be0_pcie_0_gt_i/inst/gen_gtwizard_gtye4_top.bd_1be0_pcie_0_gt_gtwizard_gtye4_inst/gen_gtwizard_gtye4.gen_cpll_cal_gtye4.gen_cpll_cal_inst[4].gen_inst_cpll_cal.gtwizard_ultrascale_v1_7_7_gtye4_cpll_cal_inst/gtwizard_ultrascale_v1_7_7_gtye4_cpll_cal_tx_i/txoutclkmon  |             8.0 |
| level0_i/blp/blp_i/blp_hif/inst/pcie/inst/gt_top_i/diablo_gt.diablo_gt_phy_wrapper/gt_wizard.gtwizard_top_i/bd_1be0_pcie_0_gt_i/inst/gen_gtwizard_gtye4_top.bd_1be0_pcie_0_gt_gtwizard_gtye4_inst/gen_gtwizard_gtye4.gen_cpll_cal_gtye4.gen_cpll_cal_inst[5].gen_inst_cpll_cal.gtwizard_ultrascale_v1_7_7_gtye4_cpll_cal_inst/gtwizard_ultrascale_v1_7_7_gtye4_cpll_cal_tx_i/bufg_gt_txoutclkmon_inst/O  | level0_i/blp/blp_i/blp_hif/inst/pcie/inst/gt_top_i/diablo_gt.diablo_gt_phy_wrapper/gt_wizard.gtwizard_top_i/bd_1be0_pcie_0_gt_i/inst/gen_gtwizard_gtye4_top.bd_1be0_pcie_0_gt_gtwizard_gtye4_inst/gen_gtwizard_gtye4.gen_cpll_cal_gtye4.gen_cpll_cal_inst[5].gen_inst_cpll_cal.gtwizard_ultrascale_v1_7_7_gtye4_cpll_cal_inst/gtwizard_ultrascale_v1_7_7_gtye4_cpll_cal_tx_i/txoutclkmon  |             8.0 |
| level0_i/blp/blp_i/blp_hif/inst/pcie/inst/gt_top_i/diablo_gt.diablo_gt_phy_wrapper/gt_wizard.gtwizard_top_i/bd_1be0_pcie_0_gt_i/inst/gen_gtwizard_gtye4_top.bd_1be0_pcie_0_gt_gtwizard_gtye4_inst/gen_gtwizard_gtye4.gen_cpll_cal_gtye4.gen_cpll_cal_inst[6].gen_inst_cpll_cal.gtwizard_ultrascale_v1_7_7_gtye4_cpll_cal_inst/gtwizard_ultrascale_v1_7_7_gtye4_cpll_cal_tx_i/bufg_gt_txoutclkmon_inst/O  | level0_i/blp/blp_i/blp_hif/inst/pcie/inst/gt_top_i/diablo_gt.diablo_gt_phy_wrapper/gt_wizard.gtwizard_top_i/bd_1be0_pcie_0_gt_i/inst/gen_gtwizard_gtye4_top.bd_1be0_pcie_0_gt_gtwizard_gtye4_inst/gen_gtwizard_gtye4.gen_cpll_cal_gtye4.gen_cpll_cal_inst[6].gen_inst_cpll_cal.gtwizard_ultrascale_v1_7_7_gtye4_cpll_cal_inst/gtwizard_ultrascale_v1_7_7_gtye4_cpll_cal_tx_i/txoutclkmon  |             8.0 |
| level0_i/blp/blp_i/blp_hif/inst/pcie/inst/gt_top_i/diablo_gt.diablo_gt_phy_wrapper/gt_wizard.gtwizard_top_i/bd_1be0_pcie_0_gt_i/inst/gen_gtwizard_gtye4_top.bd_1be0_pcie_0_gt_gtwizard_gtye4_inst/gen_gtwizard_gtye4.gen_cpll_cal_gtye4.gen_cpll_cal_inst[7].gen_inst_cpll_cal.gtwizard_ultrascale_v1_7_7_gtye4_cpll_cal_inst/gtwizard_ultrascale_v1_7_7_gtye4_cpll_cal_tx_i/bufg_gt_txoutclkmon_inst/O  | level0_i/blp/blp_i/blp_hif/inst/pcie/inst/gt_top_i/diablo_gt.diablo_gt_phy_wrapper/gt_wizard.gtwizard_top_i/bd_1be0_pcie_0_gt_i/inst/gen_gtwizard_gtye4_top.bd_1be0_pcie_0_gt_gtwizard_gtye4_inst/gen_gtwizard_gtye4.gen_cpll_cal_gtye4.gen_cpll_cal_inst[7].gen_inst_cpll_cal.gtwizard_ultrascale_v1_7_7_gtye4_cpll_cal_inst/gtwizard_ultrascale_v1_7_7_gtye4_cpll_cal_tx_i/txoutclkmon  |             8.0 |
| level0_i/blp/blp_i/blp_hif/inst/pcie/inst/gt_top_i/diablo_gt.diablo_gt_phy_wrapper/gt_wizard.gtwizard_top_i/bd_1be0_pcie_0_gt_i/inst/gen_gtwizard_gtye4_top.bd_1be0_pcie_0_gt_gtwizard_gtye4_inst/gen_gtwizard_gtye4.gen_cpll_cal_gtye4.gen_cpll_cal_inst[8].gen_inst_cpll_cal.gtwizard_ultrascale_v1_7_7_gtye4_cpll_cal_inst/gtwizard_ultrascale_v1_7_7_gtye4_cpll_cal_tx_i/bufg_gt_txoutclkmon_inst/O  | level0_i/blp/blp_i/blp_hif/inst/pcie/inst/gt_top_i/diablo_gt.diablo_gt_phy_wrapper/gt_wizard.gtwizard_top_i/bd_1be0_pcie_0_gt_i/inst/gen_gtwizard_gtye4_top.bd_1be0_pcie_0_gt_gtwizard_gtye4_inst/gen_gtwizard_gtye4.gen_cpll_cal_gtye4.gen_cpll_cal_inst[8].gen_inst_cpll_cal.gtwizard_ultrascale_v1_7_7_gtye4_cpll_cal_inst/gtwizard_ultrascale_v1_7_7_gtye4_cpll_cal_tx_i/txoutclkmon  |             8.0 |
| level0_i/blp/blp_i/blp_hif/inst/pcie/inst/gt_top_i/diablo_gt.diablo_gt_phy_wrapper/gt_wizard.gtwizard_top_i/bd_1be0_pcie_0_gt_i/inst/gen_gtwizard_gtye4_top.bd_1be0_pcie_0_gt_gtwizard_gtye4_inst/gen_gtwizard_gtye4.gen_cpll_cal_gtye4.gen_cpll_cal_inst[9].gen_inst_cpll_cal.gtwizard_ultrascale_v1_7_7_gtye4_cpll_cal_inst/gtwizard_ultrascale_v1_7_7_gtye4_cpll_cal_tx_i/bufg_gt_txoutclkmon_inst/O  | level0_i/blp/blp_i/blp_hif/inst/pcie/inst/gt_top_i/diablo_gt.diablo_gt_phy_wrapper/gt_wizard.gtwizard_top_i/bd_1be0_pcie_0_gt_i/inst/gen_gtwizard_gtye4_top.bd_1be0_pcie_0_gt_gtwizard_gtye4_inst/gen_gtwizard_gtye4.gen_cpll_cal_gtye4.gen_cpll_cal_inst[9].gen_inst_cpll_cal.gtwizard_ultrascale_v1_7_7_gtye4_cpll_cal_inst/gtwizard_ultrascale_v1_7_7_gtye4_cpll_cal_tx_i/txoutclkmon  |             8.0 |
| level0_i/blp/blp_i/blp_hif/inst/pcie/inst/gt_top_i/diablo_gt.diablo_gt_phy_wrapper/phy_clk_i/bufg_gt_intclk/O                                                                                                                                                                                                                                                                                            | level0_i/blp/blp_i/blp_hif/inst/pcie/inst/gt_top_i/diablo_gt.diablo_gt_phy_wrapper/phy_clk_i/CLK_INTCLK                                                                                                                                                                                                                                                                                   |          1000.0 |
| level0_i/ulp/user_debug_bridge/inst/axi_jtag/inst/u_jtag_proc/tck_i_reg/Q                                                                                                                                                                                                                                                                                                                                | level0_i/ulp/user_debug_bridge/inst/axi_jtag/inst/u_jtag_proc/tck                                                                                                                                                                                                                                                                                                                         |           160.0 |
| level0_i/ulp/user_debug_bridge/inst/bsip/inst/USE_SOFTBSCAN.U_BSCAN_TAP/U_BASETAP/U_TAP/UPDATEDR_O_reg/Q                                                                                                                                                                                                                                                                                                 | level0_i/ulp/user_debug_bridge/inst/bsip/inst/USE_SOFTBSCAN.U_BSCAN_TAP/U_BASETAP/U_TAP/UPDATEDR_O                                                                                                                                                                                                                                                                                        |           160.0 |
| mcap_clk_1                                                                                                                                                                                                                                                                                                                                                                                               | level0_i/blp/blp_i/blp_hif/inst/pcie/inst/gt_top_i/diablo_gt.diablo_gt_phy_wrapper/phy_clk_i/CLK_MCAPCLK                                                                                                                                                                                                                                                                                  |             8.0 |
| qpll0outclk_out[0]                                                                                                                                                                                                                                                                                                                                                                                       | level0_i/blp/blp_i/blp_hif/inst/pcie/inst/gt_top_i/diablo_gt.diablo_gt_phy_wrapper/gt_wizard.gtwizard_top_i/bd_1be0_pcie_0_gt_i/inst/gen_gtwizard_gtye4_top.bd_1be0_pcie_0_gt_gtwizard_gtye4_inst/gen_gtwizard_gtye4.gen_common.gen_common_container[24].gen_enabled_common.gtye4_common_wrapper_inst/common_inst/qpll0outclk_out[0]                                                      |             0.2 |
| qpll0outclk_out[0]_1                                                                                                                                                                                                                                                                                                                                                                                     | level0_i/blp/blp_i/blp_hif/inst/pcie/inst/gt_top_i/diablo_gt.diablo_gt_phy_wrapper/gt_wizard.gtwizard_top_i/bd_1be0_pcie_0_gt_i/inst/gen_gtwizard_gtye4_top.bd_1be0_pcie_0_gt_gtwizard_gtye4_inst/gen_gtwizard_gtye4.gen_common.gen_common_container[25].gen_enabled_common.gtye4_common_wrapper_inst/common_inst/qpll0outclk_out[0]                                                      |             0.2 |
| qpll0outclk_out[0]_2                                                                                                                                                                                                                                                                                                                                                                                     | level0_i/blp/blp_i/blp_hif/inst/pcie/inst/gt_top_i/diablo_gt.diablo_gt_phy_wrapper/gt_wizard.gtwizard_top_i/bd_1be0_pcie_0_gt_i/inst/gen_gtwizard_gtye4_top.bd_1be0_pcie_0_gt_gtwizard_gtye4_inst/gen_gtwizard_gtye4.gen_common.gen_common_container[26].gen_enabled_common.gtye4_common_wrapper_inst/common_inst/qpll0outclk_out[0]                                                      |             0.2 |
| qpll0outclk_out[0]_3                                                                                                                                                                                                                                                                                                                                                                                     | level0_i/blp/blp_i/blp_hif/inst/pcie/inst/gt_top_i/diablo_gt.diablo_gt_phy_wrapper/gt_wizard.gtwizard_top_i/bd_1be0_pcie_0_gt_i/inst/gen_gtwizard_gtye4_top.bd_1be0_pcie_0_gt_gtwizard_gtye4_inst/gen_gtwizard_gtye4.gen_common.gen_common_container[27].gen_enabled_common.gtye4_common_wrapper_inst/common_inst/qpll0outclk_out[0]                                                      |             0.2 |
| qpll0outrefclk_out[0]                                                                                                                                                                                                                                                                                                                                                                                    | level0_i/blp/blp_i/blp_hif/inst/pcie/inst/gt_top_i/diablo_gt.diablo_gt_phy_wrapper/gt_wizard.gtwizard_top_i/bd_1be0_pcie_0_gt_i/inst/gen_gtwizard_gtye4_top.bd_1be0_pcie_0_gt_gtwizard_gtye4_inst/gen_gtwizard_gtye4.gen_common.gen_common_container[24].gen_enabled_common.gtye4_common_wrapper_inst/common_inst/qpll0outrefclk_out[0]                                                   |            10.0 |
| qpll0outrefclk_out[0]_1                                                                                                                                                                                                                                                                                                                                                                                  | level0_i/blp/blp_i/blp_hif/inst/pcie/inst/gt_top_i/diablo_gt.diablo_gt_phy_wrapper/gt_wizard.gtwizard_top_i/bd_1be0_pcie_0_gt_i/inst/gen_gtwizard_gtye4_top.bd_1be0_pcie_0_gt_gtwizard_gtye4_inst/gen_gtwizard_gtye4.gen_common.gen_common_container[25].gen_enabled_common.gtye4_common_wrapper_inst/common_inst/qpll0outrefclk_out[0]                                                   |            10.0 |
| qpll0outrefclk_out[0]_2                                                                                                                                                                                                                                                                                                                                                                                  | level0_i/blp/blp_i/blp_hif/inst/pcie/inst/gt_top_i/diablo_gt.diablo_gt_phy_wrapper/gt_wizard.gtwizard_top_i/bd_1be0_pcie_0_gt_i/inst/gen_gtwizard_gtye4_top.bd_1be0_pcie_0_gt_gtwizard_gtye4_inst/gen_gtwizard_gtye4.gen_common.gen_common_container[26].gen_enabled_common.gtye4_common_wrapper_inst/common_inst/qpll0outrefclk_out[0]                                                   |            10.0 |
| qpll0outrefclk_out[0]_3                                                                                                                                                                                                                                                                                                                                                                                  | level0_i/blp/blp_i/blp_hif/inst/pcie/inst/gt_top_i/diablo_gt.diablo_gt_phy_wrapper/gt_wizard.gtwizard_top_i/bd_1be0_pcie_0_gt_i/inst/gen_gtwizard_gtye4_top.bd_1be0_pcie_0_gt_gtwizard_gtye4_inst/gen_gtwizard_gtye4.gen_common.gen_common_container[27].gen_enabled_common.gtye4_common_wrapper_inst/common_inst/qpll0outrefclk_out[0]                                                   |            10.0 |
| qpll1outclk_out[0]                                                                                                                                                                                                                                                                                                                                                                                       | level0_i/blp/blp_i/blp_hif/inst/pcie/inst/gt_top_i/diablo_gt.diablo_gt_phy_wrapper/gt_wizard.gtwizard_top_i/bd_1be0_pcie_0_gt_i/inst/gen_gtwizard_gtye4_top.bd_1be0_pcie_0_gt_gtwizard_gtye4_inst/gen_gtwizard_gtye4.gen_common.gen_common_container[24].gen_enabled_common.gtye4_common_wrapper_inst/common_inst/qpll1outclk_out[0]                                                      |             0.2 |
| qpll1outclk_out[0]_1                                                                                                                                                                                                                                                                                                                                                                                     | level0_i/blp/blp_i/blp_hif/inst/pcie/inst/gt_top_i/diablo_gt.diablo_gt_phy_wrapper/gt_wizard.gtwizard_top_i/bd_1be0_pcie_0_gt_i/inst/gen_gtwizard_gtye4_top.bd_1be0_pcie_0_gt_gtwizard_gtye4_inst/gen_gtwizard_gtye4.gen_common.gen_common_container[25].gen_enabled_common.gtye4_common_wrapper_inst/common_inst/qpll1outclk_out[0]                                                      |             0.2 |
| qpll1outclk_out[0]_2                                                                                                                                                                                                                                                                                                                                                                                     | level0_i/blp/blp_i/blp_hif/inst/pcie/inst/gt_top_i/diablo_gt.diablo_gt_phy_wrapper/gt_wizard.gtwizard_top_i/bd_1be0_pcie_0_gt_i/inst/gen_gtwizard_gtye4_top.bd_1be0_pcie_0_gt_gtwizard_gtye4_inst/gen_gtwizard_gtye4.gen_common.gen_common_container[26].gen_enabled_common.gtye4_common_wrapper_inst/common_inst/qpll1outclk_out[0]                                                      |             0.2 |
| qpll1outclk_out[0]_3                                                                                                                                                                                                                                                                                                                                                                                     | level0_i/blp/blp_i/blp_hif/inst/pcie/inst/gt_top_i/diablo_gt.diablo_gt_phy_wrapper/gt_wizard.gtwizard_top_i/bd_1be0_pcie_0_gt_i/inst/gen_gtwizard_gtye4_top.bd_1be0_pcie_0_gt_gtwizard_gtye4_inst/gen_gtwizard_gtye4.gen_common.gen_common_container[27].gen_enabled_common.gtye4_common_wrapper_inst/common_inst/qpll1outclk_out[0]                                                      |             0.2 |
| qpll1outrefclk_out[0]                                                                                                                                                                                                                                                                                                                                                                                    | level0_i/blp/blp_i/blp_hif/inst/pcie/inst/gt_top_i/diablo_gt.diablo_gt_phy_wrapper/gt_wizard.gtwizard_top_i/bd_1be0_pcie_0_gt_i/inst/gen_gtwizard_gtye4_top.bd_1be0_pcie_0_gt_gtwizard_gtye4_inst/gen_gtwizard_gtye4.gen_common.gen_common_container[24].gen_enabled_common.gtye4_common_wrapper_inst/common_inst/qpll1outrefclk_out[0]                                                   |            10.0 |
| qpll1outrefclk_out[0]_1                                                                                                                                                                                                                                                                                                                                                                                  | level0_i/blp/blp_i/blp_hif/inst/pcie/inst/gt_top_i/diablo_gt.diablo_gt_phy_wrapper/gt_wizard.gtwizard_top_i/bd_1be0_pcie_0_gt_i/inst/gen_gtwizard_gtye4_top.bd_1be0_pcie_0_gt_gtwizard_gtye4_inst/gen_gtwizard_gtye4.gen_common.gen_common_container[25].gen_enabled_common.gtye4_common_wrapper_inst/common_inst/qpll1outrefclk_out[0]                                                   |            10.0 |
| qpll1outrefclk_out[0]_2                                                                                                                                                                                                                                                                                                                                                                                  | level0_i/blp/blp_i/blp_hif/inst/pcie/inst/gt_top_i/diablo_gt.diablo_gt_phy_wrapper/gt_wizard.gtwizard_top_i/bd_1be0_pcie_0_gt_i/inst/gen_gtwizard_gtye4_top.bd_1be0_pcie_0_gt_gtwizard_gtye4_inst/gen_gtwizard_gtye4.gen_common.gen_common_container[26].gen_enabled_common.gtye4_common_wrapper_inst/common_inst/qpll1outrefclk_out[0]                                                   |            10.0 |
| qpll1outrefclk_out[0]_3                                                                                                                                                                                                                                                                                                                                                                                  | level0_i/blp/blp_i/blp_hif/inst/pcie/inst/gt_top_i/diablo_gt.diablo_gt_phy_wrapper/gt_wizard.gtwizard_top_i/bd_1be0_pcie_0_gt_i/inst/gen_gtwizard_gtye4_top.bd_1be0_pcie_0_gt_gtwizard_gtye4_inst/gen_gtwizard_gtye4.gen_common.gen_common_container[27].gen_enabled_common.gtye4_common_wrapper_inst/common_inst/qpll1outrefclk_out[0]                                                   |            10.0 |
+----------------------------------------------------------------------------------------------------------------------------------------------------------------------------------------------------------------------------------------------------------------------------------------------------------------------------------------------------------------------------------------------------------+-------------------------------------------------------------------------------------------------------------------------------------------------------------------------------------------------------------------------------------------------------------------------------------------------------------------------------------------------------------------------------------------+-----------------+


3. Detailed Reports
-------------------

3.1 By Hierarchy
----------------

+-------------------------+-----------+
| Name                    | Power (W) |
+-------------------------+-----------+
| level0_wrapper          |     8.540 |
|   level0_i              |     8.539 |
|     blp                 |     6.152 |
|       blp_i             |     6.152 |
|     ii_level0_pipe      |     0.058 |
|       inst              |     0.058 |
|     ulp                 |     2.328 |
|       SLR0              |     0.007 |
|       SLR1              |     0.001 |
|       color_detect_1    |     0.257 |
|       hmss_0            |     1.931 |
|       ulp_ucs           |     0.128 |
|       user_debug_bridge |     0.001 |
+-------------------------+-----------+


