   Build using "D:/XILINX/Vitis_HLS/2021.2/tps/win64/msys64/mingw64/bin/g++"
   Compiling apatb_adders_io.cpp
   Compiling (apcc) adders_io.c_pre.c.tb.c
INFO: [HLS 200-10] Running 'D:/XILINX/Vitis_HLS/2021.2/bin/unwrapped/win64.o/apcc.exe'
INFO: [HLS 200-10] For user 'ShengYunLai' on host 'desktop-udh1bgj' (Windows NT_amd64 version 6.2) on Fri Mar 25 04:43:11 +0800 2022
INFO: [HLS 200-10] In directory 'D:/lab_A/Interface_Synthesis/lab2/adders_io_prj/solution1/sim/wrapc'
clang: warning: argument unused during compilation: '-fno-builtin-isinf'
clang: warning: argument unused during compilation: '-fno-builtin-isnan'
INFO: [APCC 202-3] Tmp directory is apcc_db
INFO: [APCC 202-1] APCC is done.
INFO: [HLS 200-112] Total CPU user time: 0 seconds. Total CPU system time: 0 seconds. Total elapsed time: 2.6 seconds; peak allocated memory: 2.828 MB.
   Compiling (apcc) adders_io_test.c_pre.c.tb.c
INFO: [HLS 200-10] Running 'D:/XILINX/Vitis_HLS/2021.2/bin/unwrapped/win64.o/apcc.exe'
INFO: [HLS 200-10] For user 'ShengYunLai' on host 'desktop-udh1bgj' (Windows NT_amd64 version 6.2) on Fri Mar 25 04:43:15 +0800 2022
INFO: [HLS 200-10] In directory 'D:/lab_A/Interface_Synthesis/lab2/adders_io_prj/solution1/sim/wrapc'
clang: warning: argument unused during compilation: '-fno-builtin-isinf'
clang: warning: argument unused during compilation: '-fno-builtin-isnan'
INFO: [APCC 202-3] Tmp directory is apcc_db
INFO: [APCC 202-1] APCC is done.
INFO: [HLS 200-112] Total CPU user time: 0 seconds. Total CPU system time: 0 seconds. Total elapsed time: 2.605 seconds; peak allocated memory: 2.516 MB.
   Compiling apatb_adders_io_ir.ll
   Generating cosim.tv.exe
