Sat Apr 30 09:38:07 2022: Running xcd server. This server was built by gradle.
Sat Apr 30 09:38:07 2022: Server was asked to start on port: '34065'
Sat Apr 30 09:38:07 2022: Server is using token UUID: 'a4b9b17a-f30b-418b-a60c-d02e6e9cded3'
Sat Apr 30 09:38:07 2022: SESSION_MGR: creating session with session uuid: '6d04a3e9-ade5-4ab9-8d63-1f78fcd2ec76' and name 'default'
Sat Apr 30 09:38:07 2022: Attempting to start server on port '34065'
Sat Apr 30 09:38:07 2022: XCD main fifo: created main fifo '/tmp/xcdmaina4b9b17a-f30b-418b-a60c-d02e6e9cded3', fd read = 13
Sat Apr 30 09:38:07 2022: Running Dispatch Server
Sat Apr 30 09:38:07 2022: Version 2.2.0
Sat Apr 30 09:38:16 2022: Dispatch Server: Accepted socket connection from client
Sat Apr 30 09:38:16 2022: Starting Socket connection
Sat Apr 30 09:38:16 2022: EXCHANGE_TOKEN received, server token: a4b9b17a-f30b-418b-a60c-d02e6e9cded3, passed token: a4b9b17a-f30b-418b-a60c-d02e6e9cded3
Sat Apr 30 09:38:17 2022: DISPATCH_HANDLER: Adding handler from function makeHandler in library libxv_system_diagram
Sat Apr 30 09:38:17 2022: SESSION_MGR: creating session with session uuid: 'aa0d7560-48d2-4c57-924c-5479e94ed711' and name 'v++_compile_color_detect'
Sat Apr 30 09:38:17 2022: KERNEL_SVC: creating session with uuid: 'aa0d7560-48d2-4c57-924c-5479e94ed711' and name 'v++_compile_color_detect'
Sat Apr 30 09:38:17 2022: GUIDANCE_SMGR: creating guidance session with uuid: 'aa0d7560-48d2-4c57-924c-5479e94ed711' and name 'v++_compile_color_detect'
Sat Apr 30 09:38:17 2022: SYSTEM_DIAGRAM: creating session with uuid: 'aa0d7560-48d2-4c57-924c-5479e94ed711' and name 'v++_compile_color_detect'
Sat Apr 30 09:38:39 2022: SESSION_MGR: closing session for UUID 'aa0d7560-48d2-4c57-924c-5479e94ed711' with name 'v++_compile_color_detect'
Sat Apr 30 09:38:39 2022: KERNEL_SVC: closing session for UUID 'aa0d7560-48d2-4c57-924c-5479e94ed711' with name 'v++_compile_color_detect'
Sat Apr 30 09:38:39 2022: GUIDANCE_SMGR: closing session for UUID 'aa0d7560-48d2-4c57-924c-5479e94ed711' with name 'v++_compile_color_detect'
Sat Apr 30 09:38:39 2022: SYSTEM_DIAGRAM: closing session for UUID 'aa0d7560-48d2-4c57-924c-5479e94ed711' with name 'v++_compile_color_detect'
Sat Apr 30 09:38:42 2022: Running xcd server. This server was built by gradle.
Sat Apr 30 09:38:42 2022: Server was asked to start on port: '34695'
Sat Apr 30 09:38:42 2022: Server is using token UUID: '420e63f9-70fc-49fe-b430-4b7943821ea3'
Sat Apr 30 09:38:42 2022: SESSION_MGR: creating session with session uuid: '6d04a3e9-ade5-4ab9-8d63-1f78fcd2ec76' and name 'default'
Sat Apr 30 09:38:42 2022: Attempting to start server on port '34695'
Sat Apr 30 09:38:42 2022: XCD main fifo: created main fifo '/tmp/xcdmain420e63f9-70fc-49fe-b430-4b7943821ea3', fd read = 13
Sat Apr 30 09:38:42 2022: Running Dispatch Server
Sat Apr 30 09:38:42 2022: Version 2.2.0
Sat Apr 30 09:38:51 2022: Dispatch Server: Accepted socket connection from client
Sat Apr 30 09:38:51 2022: Starting Socket connection
Sat Apr 30 09:38:51 2022: EXCHANGE_TOKEN received, server token: 420e63f9-70fc-49fe-b430-4b7943821ea3, passed token: 420e63f9-70fc-49fe-b430-4b7943821ea3
Sat Apr 30 09:38:52 2022: DISPATCH_HANDLER: Adding handler from function makeHandler in library libxv_system_diagram
Sat Apr 30 09:38:52 2022: SESSION_MGR: creating session with session uuid: '427aa67b-f589-457c-a739-1919d533fdb4' and name 'v++_link_krnl_colordetect'
Sat Apr 30 09:38:52 2022: KERNEL_SVC: creating session with uuid: '427aa67b-f589-457c-a739-1919d533fdb4' and name 'v++_link_krnl_colordetect'
Sat Apr 30 09:38:52 2022: GUIDANCE_SMGR: creating guidance session with uuid: '427aa67b-f589-457c-a739-1919d533fdb4' and name 'v++_link_krnl_colordetect'
Sat Apr 30 09:38:52 2022: SYSTEM_DIAGRAM: creating session with uuid: '427aa67b-f589-457c-a739-1919d533fdb4' and name 'v++_link_krnl_colordetect'
Sat Apr 30 09:39:03 2022: SESSION_MGR: closing session for UUID '427aa67b-f589-457c-a739-1919d533fdb4' with name 'v++_link_krnl_colordetect'
Sat Apr 30 09:39:03 2022: KERNEL_SVC: closing session for UUID '427aa67b-f589-457c-a739-1919d533fdb4' with name 'v++_link_krnl_colordetect'
Sat Apr 30 09:39:03 2022: GUIDANCE_SMGR: closing session for UUID '427aa67b-f589-457c-a739-1919d533fdb4' with name 'v++_link_krnl_colordetect'
Sat Apr 30 09:39:03 2022: SYSTEM_DIAGRAM: closing session for UUID '427aa67b-f589-457c-a739-1919d533fdb4' with name 'v++_link_krnl_colordetect'
Sat Apr 30 10:02:29 2022: Running xcd server. This server was built by gradle.
Sat Apr 30 10:02:29 2022: Server was asked to start on port: '41560'
Sat Apr 30 10:02:29 2022: Server is using token UUID: 'cb400742-0204-4ac2-b3b6-2f5323aab2d3'
Sat Apr 30 10:02:29 2022: SESSION_MGR: creating session with session uuid: '6d04a3e9-ade5-4ab9-8d63-1f78fcd2ec76' and name 'default'
Sat Apr 30 10:02:29 2022: Attempting to start server on port '41560'
Sat Apr 30 10:02:29 2022: XCD main fifo: created main fifo '/tmp/xcdmaincb400742-0204-4ac2-b3b6-2f5323aab2d3', fd read = 13
Sat Apr 30 10:02:29 2022: Running Dispatch Server
Sat Apr 30 10:02:29 2022: Version 2.2.0
Sat Apr 30 10:02:38 2022: Dispatch Server: Accepted socket connection from client
Sat Apr 30 10:02:38 2022: Starting Socket connection
Sat Apr 30 10:02:38 2022: EXCHANGE_TOKEN received, server token: cb400742-0204-4ac2-b3b6-2f5323aab2d3, passed token: cb400742-0204-4ac2-b3b6-2f5323aab2d3
Sat Apr 30 10:02:39 2022: DISPATCH_HANDLER: Adding handler from function makeHandler in library libxv_system_diagram
Sat Apr 30 10:02:39 2022: SESSION_MGR: creating session with session uuid: '18065f12-f9cc-4a65-9493-b3a8a045a0e9' and name 'v++_compile_color_detect'
Sat Apr 30 10:02:39 2022: KERNEL_SVC: creating session with uuid: '18065f12-f9cc-4a65-9493-b3a8a045a0e9' and name 'v++_compile_color_detect'
Sat Apr 30 10:02:39 2022: GUIDANCE_SMGR: creating guidance session with uuid: '18065f12-f9cc-4a65-9493-b3a8a045a0e9' and name 'v++_compile_color_detect'
Sat Apr 30 10:02:39 2022: SYSTEM_DIAGRAM: creating session with uuid: '18065f12-f9cc-4a65-9493-b3a8a045a0e9' and name 'v++_compile_color_detect'
Sat Apr 30 10:04:35 2022: SESSION_MGR: closing session for UUID '18065f12-f9cc-4a65-9493-b3a8a045a0e9' with name 'v++_compile_color_detect'
Sat Apr 30 10:04:35 2022: KERNEL_SVC: closing session for UUID '18065f12-f9cc-4a65-9493-b3a8a045a0e9' with name 'v++_compile_color_detect'
Sat Apr 30 10:04:35 2022: GUIDANCE_SMGR: closing session for UUID '18065f12-f9cc-4a65-9493-b3a8a045a0e9' with name 'v++_compile_color_detect'
Sat Apr 30 10:04:35 2022: SYSTEM_DIAGRAM: closing session for UUID '18065f12-f9cc-4a65-9493-b3a8a045a0e9' with name 'v++_compile_color_detect'
Sat Apr 30 10:04:38 2022: Running xcd server. This server was built by gradle.
Sat Apr 30 10:04:38 2022: Server was asked to start on port: '42265'
Sat Apr 30 10:04:38 2022: Server is using token UUID: '76babe65-244c-4225-85d2-ce8c2302c13f'
Sat Apr 30 10:04:38 2022: SESSION_MGR: creating session with session uuid: '6d04a3e9-ade5-4ab9-8d63-1f78fcd2ec76' and name 'default'
Sat Apr 30 10:04:38 2022: Attempting to start server on port '42265'
Sat Apr 30 10:04:38 2022: XCD main fifo: created main fifo '/tmp/xcdmain76babe65-244c-4225-85d2-ce8c2302c13f', fd read = 13
Sat Apr 30 10:04:38 2022: Running Dispatch Server
Sat Apr 30 10:04:38 2022: Version 2.2.0
Sat Apr 30 10:04:47 2022: Dispatch Server: Accepted socket connection from client
Sat Apr 30 10:04:47 2022: Starting Socket connection
Sat Apr 30 10:04:47 2022: EXCHANGE_TOKEN received, server token: 76babe65-244c-4225-85d2-ce8c2302c13f, passed token: 76babe65-244c-4225-85d2-ce8c2302c13f
Sat Apr 30 10:04:48 2022: DISPATCH_HANDLER: Adding handler from function makeHandler in library libxv_system_diagram
Sat Apr 30 10:04:48 2022: SESSION_MGR: creating session with session uuid: '8a1e5d26-ba9e-4c98-bc1f-74a7c9a8abc6' and name 'v++_link_krnl_colordetect'
Sat Apr 30 10:04:48 2022: KERNEL_SVC: creating session with uuid: '8a1e5d26-ba9e-4c98-bc1f-74a7c9a8abc6' and name 'v++_link_krnl_colordetect'
Sat Apr 30 10:04:48 2022: GUIDANCE_SMGR: creating guidance session with uuid: '8a1e5d26-ba9e-4c98-bc1f-74a7c9a8abc6' and name 'v++_link_krnl_colordetect'
Sat Apr 30 10:04:48 2022: SYSTEM_DIAGRAM: creating session with uuid: '8a1e5d26-ba9e-4c98-bc1f-74a7c9a8abc6' and name 'v++_link_krnl_colordetect'
Sat Apr 30 10:05:15 2022: Dispatch Server: Accepted socket connection from client
Sat Apr 30 10:05:15 2022: Starting Socket connection
Sat Apr 30 10:05:43 2022: Dispatch Server: Accepted socket connection from client
Sat Apr 30 10:05:43 2022: Starting Socket connection
Sat Apr 30 10:10:38 2022: SESSION_MGR: closing session for UUID '8a1e5d26-ba9e-4c98-bc1f-74a7c9a8abc6' with name 'v++_link_krnl_colordetect'
Sat Apr 30 10:10:38 2022: KERNEL_SVC: closing session for UUID '8a1e5d26-ba9e-4c98-bc1f-74a7c9a8abc6' with name 'v++_link_krnl_colordetect'
Sat Apr 30 10:10:38 2022: GUIDANCE_SMGR: closing session for UUID '8a1e5d26-ba9e-4c98-bc1f-74a7c9a8abc6' with name 'v++_link_krnl_colordetect'
Sat Apr 30 10:10:38 2022: SYSTEM_DIAGRAM: closing session for UUID '8a1e5d26-ba9e-4c98-bc1f-74a7c9a8abc6' with name 'v++_link_krnl_colordetect'
Sat Apr 30 16:09:10 2022: Running xcd server. This server was built by gradle.
Sat Apr 30 16:09:10 2022: Server was asked to start on port: '33666'
Sat Apr 30 16:09:10 2022: Server is using token UUID: '60f427e8-7033-4d8f-927e-7787311cdb69'
Sat Apr 30 16:09:10 2022: SESSION_MGR: creating session with session uuid: '6d04a3e9-ade5-4ab9-8d63-1f78fcd2ec76' and name 'default'
Sat Apr 30 16:09:10 2022: Attempting to start server on port '33666'
Sat Apr 30 16:09:10 2022: XCD main fifo: created main fifo '/tmp/xcdmain60f427e8-7033-4d8f-927e-7787311cdb69', fd read = 13
Sat Apr 30 16:09:10 2022: Running Dispatch Server
Sat Apr 30 16:09:10 2022: Version 2.2.0
Sat Apr 30 16:09:19 2022: Dispatch Server: Accepted socket connection from client
Sat Apr 30 16:09:19 2022: Starting Socket connection
Sat Apr 30 16:09:19 2022: EXCHANGE_TOKEN received, server token: 60f427e8-7033-4d8f-927e-7787311cdb69, passed token: 60f427e8-7033-4d8f-927e-7787311cdb69
Sat Apr 30 16:09:20 2022: DISPATCH_HANDLER: Adding handler from function makeHandler in library libxv_system_diagram
Sat Apr 30 16:09:20 2022: SESSION_MGR: creating session with session uuid: '334a8876-789f-483b-b2f5-16ed5468abf8' and name 'v++_compile_color_detect'
Sat Apr 30 16:09:20 2022: KERNEL_SVC: creating session with uuid: '334a8876-789f-483b-b2f5-16ed5468abf8' and name 'v++_compile_color_detect'
Sat Apr 30 16:09:20 2022: GUIDANCE_SMGR: creating guidance session with uuid: '334a8876-789f-483b-b2f5-16ed5468abf8' and name 'v++_compile_color_detect'
Sat Apr 30 16:09:20 2022: SYSTEM_DIAGRAM: creating session with uuid: '334a8876-789f-483b-b2f5-16ed5468abf8' and name 'v++_compile_color_detect'
Sat Apr 30 16:11:22 2022: SESSION_MGR: closing session for UUID '334a8876-789f-483b-b2f5-16ed5468abf8' with name 'v++_compile_color_detect'
Sat Apr 30 16:11:22 2022: KERNEL_SVC: closing session for UUID '334a8876-789f-483b-b2f5-16ed5468abf8' with name 'v++_compile_color_detect'
Sat Apr 30 16:11:22 2022: GUIDANCE_SMGR: closing session for UUID '334a8876-789f-483b-b2f5-16ed5468abf8' with name 'v++_compile_color_detect'
Sat Apr 30 16:11:22 2022: SYSTEM_DIAGRAM: closing session for UUID '334a8876-789f-483b-b2f5-16ed5468abf8' with name 'v++_compile_color_detect'
Sat Apr 30 16:11:26 2022: Running xcd server. This server was built by gradle.
Sat Apr 30 16:11:26 2022: Server was asked to start on port: '35385'
Sat Apr 30 16:11:26 2022: Server is using token UUID: '205a6064-de40-4839-be34-92d8961cca55'
Sat Apr 30 16:11:26 2022: SESSION_MGR: creating session with session uuid: '6d04a3e9-ade5-4ab9-8d63-1f78fcd2ec76' and name 'default'
Sat Apr 30 16:11:26 2022: Attempting to start server on port '35385'
Sat Apr 30 16:11:26 2022: XCD main fifo: created main fifo '/tmp/xcdmain205a6064-de40-4839-be34-92d8961cca55', fd read = 13
Sat Apr 30 16:11:26 2022: Running Dispatch Server
Sat Apr 30 16:11:26 2022: Version 2.2.0
Sat Apr 30 16:11:35 2022: Dispatch Server: Accepted socket connection from client
Sat Apr 30 16:11:35 2022: Starting Socket connection
Sat Apr 30 16:11:35 2022: EXCHANGE_TOKEN received, server token: 205a6064-de40-4839-be34-92d8961cca55, passed token: 205a6064-de40-4839-be34-92d8961cca55
Sat Apr 30 16:11:36 2022: DISPATCH_HANDLER: Adding handler from function makeHandler in library libxv_system_diagram
Sat Apr 30 16:11:36 2022: SESSION_MGR: creating session with session uuid: 'c764e32e-86a0-4135-ba95-2ab7c075e870' and name 'v++_link_krnl_colordetect'
Sat Apr 30 16:11:36 2022: KERNEL_SVC: creating session with uuid: 'c764e32e-86a0-4135-ba95-2ab7c075e870' and name 'v++_link_krnl_colordetect'
Sat Apr 30 16:11:36 2022: GUIDANCE_SMGR: creating guidance session with uuid: 'c764e32e-86a0-4135-ba95-2ab7c075e870' and name 'v++_link_krnl_colordetect'
Sat Apr 30 16:11:36 2022: SYSTEM_DIAGRAM: creating session with uuid: 'c764e32e-86a0-4135-ba95-2ab7c075e870' and name 'v++_link_krnl_colordetect'
Sat Apr 30 16:12:01 2022: Dispatch Server: Accepted socket connection from client
Sat Apr 30 16:12:01 2022: Starting Socket connection
Sat Apr 30 16:12:32 2022: Dispatch Server: Accepted socket connection from client
Sat Apr 30 16:12:32 2022: Starting Socket connection
Sat Apr 30 16:15:38 2022: Dispatch Server: Accepted socket connection from client
Sat Apr 30 16:15:38 2022: Starting Socket connection
Sat Apr 30 16:15:38 2022: Dispatch Server: Accepted socket connection from client
Sat Apr 30 16:15:38 2022: Starting Socket connection
Sat Apr 30 16:15:38 2022: Dispatch Server: Accepted socket connection from client
Sat Apr 30 16:15:38 2022: Starting Socket connection
Sat Apr 30 16:15:38 2022: Dispatch Server: Accepted socket connection from client
Sat Apr 30 16:15:38 2022: Starting Socket connection
Sat Apr 30 16:15:38 2022: Dispatch Server: Accepted socket connection from client
Sat Apr 30 16:15:38 2022: Starting Socket connection
Sat Apr 30 16:15:38 2022: Dispatch Server: Accepted socket connection from client
Sat Apr 30 16:15:38 2022: Starting Socket connection
Sat Apr 30 16:15:38 2022: Dispatch Server: Accepted socket connection from client
Sat Apr 30 16:15:38 2022: Starting Socket connection
Sat Apr 30 16:15:38 2022: Dispatch Server: Accepted socket connection from client
Sat Apr 30 16:15:38 2022: Starting Socket connection
Sat Apr 30 16:16:48 2022: Dispatch Server: Accepted socket connection from client
Sat Apr 30 16:16:48 2022: Starting Socket connection
Sat Apr 30 16:16:51 2022: Dispatch Server: Accepted socket connection from client
Sat Apr 30 16:16:51 2022: Starting Socket connection
Sat Apr 30 16:17:01 2022: Dispatch Server: Accepted socket connection from client
Sat Apr 30 16:17:01 2022: Starting Socket connection
Sat Apr 30 16:17:24 2022: Dispatch Server: Accepted socket connection from client
Sat Apr 30 16:17:24 2022: Starting Socket connection
Sat Apr 30 16:17:36 2022: Dispatch Server: Accepted socket connection from client
Sat Apr 30 16:17:36 2022: Starting Socket connection
Sat Apr 30 16:17:39 2022: Dispatch Server: Accepted socket connection from client
Sat Apr 30 16:17:39 2022: Starting Socket connection
Sat Apr 30 16:17:40 2022: Dispatch Server: Accepted socket connection from client
Sat Apr 30 16:17:40 2022: Starting Socket connection
Sat Apr 30 16:17:53 2022: Dispatch Server: Accepted socket connection from client
Sat Apr 30 16:17:53 2022: Starting Socket connection
Sat Apr 30 16:18:14 2022: Dispatch Server: Accepted socket connection from client
Sat Apr 30 16:18:14 2022: Starting Socket connection
Sat Apr 30 16:18:33 2022: Dispatch Server: Accepted socket connection from client
Sat Apr 30 16:18:33 2022: Starting Socket connection
Sat Apr 30 16:18:40 2022: Dispatch Server: Accepted socket connection from client
Sat Apr 30 16:18:40 2022: Starting Socket connection
Sat Apr 30 16:18:44 2022: Dispatch Server: Accepted socket connection from client
Sat Apr 30 16:18:44 2022: Starting Socket connection
Sat Apr 30 16:18:49 2022: Dispatch Server: Accepted socket connection from client
Sat Apr 30 16:18:49 2022: Starting Socket connection
Sat Apr 30 16:18:50 2022: Dispatch Server: Accepted socket connection from client
Sat Apr 30 16:18:50 2022: Starting Socket connection
Sat Apr 30 16:18:50 2022: Dispatch Server: Accepted socket connection from client
Sat Apr 30 16:18:50 2022: Starting Socket connection
Sat Apr 30 16:18:58 2022: Dispatch Server: Accepted socket connection from client
Sat Apr 30 16:18:58 2022: Starting Socket connection
Sat Apr 30 16:19:03 2022: Dispatch Server: Accepted socket connection from client
Sat Apr 30 16:19:03 2022: Starting Socket connection
Sat Apr 30 16:19:19 2022: Dispatch Server: Accepted socket connection from client
Sat Apr 30 16:19:19 2022: Starting Socket connection
Sat Apr 30 16:19:22 2022: Dispatch Server: Accepted socket connection from client
Sat Apr 30 16:19:22 2022: Starting Socket connection
Sat Apr 30 16:19:34 2022: Dispatch Server: Accepted socket connection from client
Sat Apr 30 16:19:34 2022: Starting Socket connection
Sat Apr 30 16:19:43 2022: Dispatch Server: Accepted socket connection from client
Sat Apr 30 16:19:43 2022: Starting Socket connection
Sat Apr 30 16:19:57 2022: Dispatch Server: Accepted socket connection from client
Sat Apr 30 16:19:57 2022: Starting Socket connection
Sat Apr 30 16:20:09 2022: Dispatch Server: Accepted socket connection from client
Sat Apr 30 16:20:09 2022: Starting Socket connection
Sat Apr 30 16:20:14 2022: Dispatch Server: Accepted socket connection from client
Sat Apr 30 16:20:14 2022: Starting Socket connection
Sat Apr 30 16:20:16 2022: Dispatch Server: Accepted socket connection from client
Sat Apr 30 16:20:16 2022: Starting Socket connection
Sat Apr 30 16:20:29 2022: Dispatch Server: Accepted socket connection from client
Sat Apr 30 16:20:29 2022: Starting Socket connection
Sat Apr 30 16:20:29 2022: Dispatch Server: Accepted socket connection from client
Sat Apr 30 16:20:29 2022: Starting Socket connection
Sat Apr 30 16:20:49 2022: Dispatch Server: Accepted socket connection from client
Sat Apr 30 16:20:49 2022: Starting Socket connection
Sat Apr 30 16:20:59 2022: Dispatch Server: Accepted socket connection from client
Sat Apr 30 16:20:59 2022: Starting Socket connection
Sat Apr 30 16:21:16 2022: Dispatch Server: Accepted socket connection from client
Sat Apr 30 16:21:16 2022: Starting Socket connection
Sat Apr 30 16:21:21 2022: Dispatch Server: Accepted socket connection from client
Sat Apr 30 16:21:21 2022: Starting Socket connection
Sat Apr 30 16:21:29 2022: Dispatch Server: Accepted socket connection from client
Sat Apr 30 16:21:29 2022: Starting Socket connection
Sat Apr 30 16:21:32 2022: Dispatch Server: Accepted socket connection from client
Sat Apr 30 16:21:32 2022: Starting Socket connection
Sat Apr 30 16:21:35 2022: Dispatch Server: Accepted socket connection from client
Sat Apr 30 16:21:35 2022: Starting Socket connection
Sat Apr 30 16:21:53 2022: Dispatch Server: Accepted socket connection from client
Sat Apr 30 16:21:53 2022: Starting Socket connection
Sat Apr 30 16:22:56 2022: Dispatch Server: Accepted socket connection from client
Sat Apr 30 16:22:56 2022: Starting Socket connection
Sat Apr 30 16:24:17 2022: Dispatch Server: Accepted socket connection from client
Sat Apr 30 16:24:17 2022: Starting Socket connection
Sat Apr 30 17:32:18 2022: SESSION_MGR: closing session for UUID 'c764e32e-86a0-4135-ba95-2ab7c075e870' with name 'v++_link_krnl_colordetect'
Sat Apr 30 17:32:18 2022: KERNEL_SVC: closing session for UUID 'c764e32e-86a0-4135-ba95-2ab7c075e870' with name 'v++_link_krnl_colordetect'
Sat Apr 30 17:32:18 2022: GUIDANCE_SMGR: closing session for UUID 'c764e32e-86a0-4135-ba95-2ab7c075e870' with name 'v++_link_krnl_colordetect'
Sat Apr 30 17:32:18 2022: SYSTEM_DIAGRAM: closing session for UUID 'c764e32e-86a0-4135-ba95-2ab7c075e870' with name 'v++_link_krnl_colordetect'
