INFO: [SIM 2] *************** CSIM start ***************
INFO: [SIM 4] CSIM will launch GCC as the compiler.
   Compiling(apcc) ../../../../array_io_test.c in debug mode
INFO: [HLS 200-10] Running 'D:/XILINX/Vitis_HLS/2021.2/bin/unwrapped/win64.o/apcc.exe'
INFO: [HLS 200-10] For user 'ShengYunLai' on host 'desktop-udh1bgj' (Windows NT_amd64 version 6.2) on Fri Mar 25 02:41:09 +0800 2022
INFO: [HLS 200-10] In directory 'D:/lab_A/Interface_Synthesis/lab3/array_io_prj/solution1/csim/build'
INFO: [APCC 202-3] Tmp directory is apcc_db
INFO: [APCC 202-1] APCC is done.
INFO: [HLS 200-112] Total CPU user time: 0 seconds. Total CPU system time: 0 seconds. Total elapsed time: 4.556 seconds; peak allocated memory: 2.168 MB.
   Compiling(apcc) ../../../../array_io.c in debug mode
INFO: [HLS 200-10] Running 'D:/XILINX/Vitis_HLS/2021.2/bin/unwrapped/win64.o/apcc.exe'
INFO: [HLS 200-10] For user 'ShengYunLai' on host 'desktop-udh1bgj' (Windows NT_amd64 version 6.2) on Fri Mar 25 02:41:15 +0800 2022
INFO: [HLS 200-10] In directory 'D:/lab_A/Interface_Synthesis/lab3/array_io_prj/solution1/csim/build'
INFO: [APCC 202-3] Tmp directory is apcc_db
INFO: [APCC 202-1] APCC is done.
INFO: [HLS 200-112] Total CPU user time: 0 seconds. Total CPU system time: 0 seconds. Total elapsed time: 4.023 seconds; peak allocated memory: 2.512 MB.
   Generating csim.exe
Test passed !
INFO: [SIM 1] CSim done with 0 errors.
INFO: [SIM 3] *************** CSIM finish ***************
