

================================================================
== Synthesis Summary Report of 'adder'
================================================================
+ General Information: 
    * Date:           Mon Mar 28 17:27:39 2022
    * Version:        2020.2 (Build 3064766 on Wed Nov 18 09:12:45 MST 2020)
    * Project:        dataflow
    * Solution:       solution1 (Vivado IP Flow Target)
    * Product family: zynquplus
    * Target device:  xczu7ev-ffvc1156-2-e
    

+ Performance & Resource Estimates: 
    
    PS: '+' for module; 'o' for loop; '*' for dataflow
    +----------------------------+--------+-------+---------+-----------+----------+---------+------+----------+---------+----+------------+------------+-----+
    |           Modules          |  Issue |       | Latency |  Latency  | Iteration|         | Trip |          |         |    |            |            |     |
    |           & Loops          |  Type  | Slack | (cycles)|    (ns)   |  Latency | Interval| Count| Pipelined|  BRAM   | DSP|     FF     |     LUT    | URAM|
    +----------------------------+--------+-------+---------+-----------+----------+---------+------+----------+---------+----+------------+------------+-----+
    |+ adder*                    |  Timing|   0.00|     4113|  4.113e+04|         -|     4107|     -|  dataflow|  2 (~0%)|   -|  1777 (~0%)|  2133 (~0%)|    -|
    | + grp_read_input3_fu_134   |  Timing|   0.00|     4106|  4.106e+04|         -|     4106|     -|        no|        -|   -|   112 (~0%)|   249 (~0%)|    -|
    |  o mem_rd                  |       -|  -7.30|     4097|  4.097e+04|         3|        1|  4096|       yes|        -|   -|           -|           -|    -|
    | + grp_write_result_fu_149  |  Timing|   0.00|     4104|  4.104e+04|         -|     4104|     -|        no|        -|   -|   205 (~0%)|   232 (~0%)|    -|
    |  o mem_wr                  |       -|  -7.30|     4097|  4.097e+04|         3|        1|  4096|       yes|        -|   -|           -|           -|    -|
    | + grp_compute_add_fu_159   |       -|  -3.01|     4098|  4.098e+04|         -|     4098|     -|        no|        -|   -|   102 (~0%)|   204 (~0%)|    -|
    |  o execute                 |       -|  -7.30|     4096|  4.096e+04|         2|        1|  4096|       yes|        -|   -|           -|           -|    -|
    +----------------------------+--------+-------+---------+-----------+----------+---------+------+----------+---------+----+------------+------------+-----+

