Fri Apr 29 23:31:35 2022: Running xcd server. This server was built by gradle.
Fri Apr 29 23:31:35 2022: Server was asked to start on port: '39699'
Fri Apr 29 23:31:35 2022: Server is using token UUID: '9b3e9644-e8be-4714-83f6-08866abddb50'
Fri Apr 29 23:31:35 2022: SESSION_MGR: creating session with session uuid: '6d04a3e9-ade5-4ab9-8d63-1f78fcd2ec76' and name 'default'
Fri Apr 29 23:31:35 2022: Attempting to start server on port '39699'
Fri Apr 29 23:31:35 2022: XCD main fifo: created main fifo '/tmp/xcdmain9b3e9644-e8be-4714-83f6-08866abddb50', fd read = 13
Fri Apr 29 23:31:35 2022: Running Dispatch Server
Fri Apr 29 23:31:35 2022: Version 2.2.0
Fri Apr 29 23:31:44 2022: Dispatch Server: Accepted socket connection from client
Fri Apr 29 23:31:44 2022: Starting Socket connection
Fri Apr 29 23:31:44 2022: EXCHANGE_TOKEN received, server token: 9b3e9644-e8be-4714-83f6-08866abddb50, passed token: 9b3e9644-e8be-4714-83f6-08866abddb50
Fri Apr 29 23:31:45 2022: DISPATCH_HANDLER: Adding handler from function makeHandler in library libxv_system_diagram
Fri Apr 29 23:31:45 2022: SESSION_MGR: creating session with session uuid: 'a0c1e3c1-adf4-46d5-9dab-06b77821670c' and name 'v++_compile_color_detect'
Fri Apr 29 23:31:45 2022: KERNEL_SVC: creating session with uuid: 'a0c1e3c1-adf4-46d5-9dab-06b77821670c' and name 'v++_compile_color_detect'
Fri Apr 29 23:31:45 2022: GUIDANCE_SMGR: creating guidance session with uuid: 'a0c1e3c1-adf4-46d5-9dab-06b77821670c' and name 'v++_compile_color_detect'
Fri Apr 29 23:31:45 2022: SYSTEM_DIAGRAM: creating session with uuid: 'a0c1e3c1-adf4-46d5-9dab-06b77821670c' and name 'v++_compile_color_detect'
Fri Apr 29 23:32:07 2022: SESSION_MGR: closing session for UUID 'a0c1e3c1-adf4-46d5-9dab-06b77821670c' with name 'v++_compile_color_detect'
Fri Apr 29 23:32:07 2022: KERNEL_SVC: closing session for UUID 'a0c1e3c1-adf4-46d5-9dab-06b77821670c' with name 'v++_compile_color_detect'
Fri Apr 29 23:32:07 2022: GUIDANCE_SMGR: closing session for UUID 'a0c1e3c1-adf4-46d5-9dab-06b77821670c' with name 'v++_compile_color_detect'
Fri Apr 29 23:32:07 2022: SYSTEM_DIAGRAM: closing session for UUID 'a0c1e3c1-adf4-46d5-9dab-06b77821670c' with name 'v++_compile_color_detect'
Fri Apr 29 23:32:11 2022: Running xcd server. This server was built by gradle.
Fri Apr 29 23:32:11 2022: Server was asked to start on port: '38447'
Fri Apr 29 23:32:11 2022: Server is using token UUID: 'bfc772cb-f112-4743-a803-d9c6765272b0'
Fri Apr 29 23:32:11 2022: SESSION_MGR: creating session with session uuid: '6d04a3e9-ade5-4ab9-8d63-1f78fcd2ec76' and name 'default'
Fri Apr 29 23:32:11 2022: Attempting to start server on port '38447'
Fri Apr 29 23:32:11 2022: XCD main fifo: created main fifo '/tmp/xcdmainbfc772cb-f112-4743-a803-d9c6765272b0', fd read = 13
Fri Apr 29 23:32:11 2022: Running Dispatch Server
Fri Apr 29 23:32:11 2022: Version 2.2.0
Fri Apr 29 23:32:19 2022: Dispatch Server: Accepted socket connection from client
Fri Apr 29 23:32:19 2022: Starting Socket connection
Fri Apr 29 23:32:19 2022: EXCHANGE_TOKEN received, server token: bfc772cb-f112-4743-a803-d9c6765272b0, passed token: bfc772cb-f112-4743-a803-d9c6765272b0
Fri Apr 29 23:32:21 2022: DISPATCH_HANDLER: Adding handler from function makeHandler in library libxv_system_diagram
Fri Apr 29 23:32:21 2022: SESSION_MGR: creating session with session uuid: 'd9dca373-eb04-4b9f-b776-0c9a60315944' and name 'v++_link_krnl_colordetect'
Fri Apr 29 23:32:21 2022: KERNEL_SVC: creating session with uuid: 'd9dca373-eb04-4b9f-b776-0c9a60315944' and name 'v++_link_krnl_colordetect'
Fri Apr 29 23:32:21 2022: GUIDANCE_SMGR: creating guidance session with uuid: 'd9dca373-eb04-4b9f-b776-0c9a60315944' and name 'v++_link_krnl_colordetect'
Fri Apr 29 23:32:21 2022: SYSTEM_DIAGRAM: creating session with uuid: 'd9dca373-eb04-4b9f-b776-0c9a60315944' and name 'v++_link_krnl_colordetect'
Fri Apr 29 23:32:32 2022: SESSION_MGR: closing session for UUID 'd9dca373-eb04-4b9f-b776-0c9a60315944' with name 'v++_link_krnl_colordetect'
Fri Apr 29 23:32:32 2022: KERNEL_SVC: closing session for UUID 'd9dca373-eb04-4b9f-b776-0c9a60315944' with name 'v++_link_krnl_colordetect'
Fri Apr 29 23:32:32 2022: GUIDANCE_SMGR: closing session for UUID 'd9dca373-eb04-4b9f-b776-0c9a60315944' with name 'v++_link_krnl_colordetect'
Fri Apr 29 23:32:32 2022: SYSTEM_DIAGRAM: closing session for UUID 'd9dca373-eb04-4b9f-b776-0c9a60315944' with name 'v++_link_krnl_colordetect'
Sat Apr 30 00:22:44 2022: Running xcd server. This server was built by gradle.
Sat Apr 30 00:22:44 2022: Server was asked to start on port: '34487'
Sat Apr 30 00:22:44 2022: Server is using token UUID: 'd1388a0d-b969-4d93-8d03-f8bda52ef77f'
Sat Apr 30 00:22:44 2022: SESSION_MGR: creating session with session uuid: '6d04a3e9-ade5-4ab9-8d63-1f78fcd2ec76' and name 'default'
Sat Apr 30 00:22:44 2022: Attempting to start server on port '34487'
Sat Apr 30 00:22:44 2022: XCD main fifo: created main fifo '/tmp/xcdmaind1388a0d-b969-4d93-8d03-f8bda52ef77f', fd read = 13
Sat Apr 30 00:22:44 2022: Running Dispatch Server
Sat Apr 30 00:22:44 2022: Version 2.2.0
Sat Apr 30 00:22:53 2022: Dispatch Server: Accepted socket connection from client
Sat Apr 30 00:22:53 2022: Starting Socket connection
Sat Apr 30 00:22:53 2022: EXCHANGE_TOKEN received, server token: d1388a0d-b969-4d93-8d03-f8bda52ef77f, passed token: d1388a0d-b969-4d93-8d03-f8bda52ef77f
Sat Apr 30 00:22:55 2022: DISPATCH_HANDLER: Adding handler from function makeHandler in library libxv_system_diagram
Sat Apr 30 00:22:55 2022: SESSION_MGR: creating session with session uuid: '86b8516e-5dc9-428e-89ef-2665a8f3bc34' and name 'v++_compile_color_detect'
Sat Apr 30 00:22:55 2022: KERNEL_SVC: creating session with uuid: '86b8516e-5dc9-428e-89ef-2665a8f3bc34' and name 'v++_compile_color_detect'
Sat Apr 30 00:22:55 2022: GUIDANCE_SMGR: creating guidance session with uuid: '86b8516e-5dc9-428e-89ef-2665a8f3bc34' and name 'v++_compile_color_detect'
Sat Apr 30 00:22:55 2022: SYSTEM_DIAGRAM: creating session with uuid: '86b8516e-5dc9-428e-89ef-2665a8f3bc34' and name 'v++_compile_color_detect'
Sat Apr 30 00:24:56 2022: SESSION_MGR: closing session for UUID '86b8516e-5dc9-428e-89ef-2665a8f3bc34' with name 'v++_compile_color_detect'
Sat Apr 30 00:24:56 2022: KERNEL_SVC: closing session for UUID '86b8516e-5dc9-428e-89ef-2665a8f3bc34' with name 'v++_compile_color_detect'
Sat Apr 30 00:24:56 2022: GUIDANCE_SMGR: closing session for UUID '86b8516e-5dc9-428e-89ef-2665a8f3bc34' with name 'v++_compile_color_detect'
Sat Apr 30 00:24:56 2022: SYSTEM_DIAGRAM: closing session for UUID '86b8516e-5dc9-428e-89ef-2665a8f3bc34' with name 'v++_compile_color_detect'
Sat Apr 30 00:24:59 2022: Running xcd server. This server was built by gradle.
Sat Apr 30 00:24:59 2022: Server was asked to start on port: '40527'
Sat Apr 30 00:24:59 2022: Server is using token UUID: '83d28c9d-cf5c-4a3b-b896-2ab9285e08df'
Sat Apr 30 00:24:59 2022: SESSION_MGR: creating session with session uuid: '6d04a3e9-ade5-4ab9-8d63-1f78fcd2ec76' and name 'default'
Sat Apr 30 00:24:59 2022: Attempting to start server on port '40527'
Sat Apr 30 00:24:59 2022: XCD main fifo: created main fifo '/tmp/xcdmain83d28c9d-cf5c-4a3b-b896-2ab9285e08df', fd read = 13
Sat Apr 30 00:24:59 2022: Running Dispatch Server
Sat Apr 30 00:24:59 2022: Version 2.2.0
Sat Apr 30 00:25:08 2022: Dispatch Server: Accepted socket connection from client
Sat Apr 30 00:25:08 2022: Starting Socket connection
Sat Apr 30 00:25:08 2022: EXCHANGE_TOKEN received, server token: 83d28c9d-cf5c-4a3b-b896-2ab9285e08df, passed token: 83d28c9d-cf5c-4a3b-b896-2ab9285e08df
Sat Apr 30 00:25:09 2022: DISPATCH_HANDLER: Adding handler from function makeHandler in library libxv_system_diagram
Sat Apr 30 00:25:09 2022: SESSION_MGR: creating session with session uuid: '9c7133b0-4543-401c-b01b-5e782ca2fd5d' and name 'v++_link_krnl_colordetect'
Sat Apr 30 00:25:09 2022: KERNEL_SVC: creating session with uuid: '9c7133b0-4543-401c-b01b-5e782ca2fd5d' and name 'v++_link_krnl_colordetect'
Sat Apr 30 00:25:09 2022: GUIDANCE_SMGR: creating guidance session with uuid: '9c7133b0-4543-401c-b01b-5e782ca2fd5d' and name 'v++_link_krnl_colordetect'
Sat Apr 30 00:25:09 2022: SYSTEM_DIAGRAM: creating session with uuid: '9c7133b0-4543-401c-b01b-5e782ca2fd5d' and name 'v++_link_krnl_colordetect'
Sat Apr 30 00:25:37 2022: Dispatch Server: Accepted socket connection from client
Sat Apr 30 00:25:37 2022: Starting Socket connection
Sat Apr 30 00:26:06 2022: Dispatch Server: Accepted socket connection from client
Sat Apr 30 00:26:06 2022: Starting Socket connection
Sat Apr 30 00:31:01 2022: SESSION_MGR: closing session for UUID '9c7133b0-4543-401c-b01b-5e782ca2fd5d' with name 'v++_link_krnl_colordetect'
Sat Apr 30 00:31:01 2022: KERNEL_SVC: closing session for UUID '9c7133b0-4543-401c-b01b-5e782ca2fd5d' with name 'v++_link_krnl_colordetect'
Sat Apr 30 00:31:01 2022: GUIDANCE_SMGR: closing session for UUID '9c7133b0-4543-401c-b01b-5e782ca2fd5d' with name 'v++_link_krnl_colordetect'
Sat Apr 30 00:31:01 2022: SYSTEM_DIAGRAM: closing session for UUID '9c7133b0-4543-401c-b01b-5e782ca2fd5d' with name 'v++_link_krnl_colordetect'
Sat Apr 30 07:47:07 2022: Running xcd server. This server was built by gradle.
Sat Apr 30 07:47:07 2022: Server was asked to start on port: '35984'
Sat Apr 30 07:47:07 2022: Server is using token UUID: '6262b55e-e058-4077-a948-79704953f07a'
Sat Apr 30 07:47:07 2022: SESSION_MGR: creating session with session uuid: '6d04a3e9-ade5-4ab9-8d63-1f78fcd2ec76' and name 'default'
Sat Apr 30 07:47:07 2022: Attempting to start server on port '35984'
Sat Apr 30 07:47:07 2022: XCD main fifo: created main fifo '/tmp/xcdmain6262b55e-e058-4077-a948-79704953f07a', fd read = 13
Sat Apr 30 07:47:07 2022: Running Dispatch Server
Sat Apr 30 07:47:07 2022: Version 2.2.0
Sat Apr 30 07:47:16 2022: Dispatch Server: Accepted socket connection from client
Sat Apr 30 07:47:16 2022: Starting Socket connection
Sat Apr 30 07:47:16 2022: EXCHANGE_TOKEN received, server token: 6262b55e-e058-4077-a948-79704953f07a, passed token: 6262b55e-e058-4077-a948-79704953f07a
Sat Apr 30 07:47:17 2022: DISPATCH_HANDLER: Adding handler from function makeHandler in library libxv_system_diagram
Sat Apr 30 07:47:17 2022: SESSION_MGR: creating session with session uuid: '39ec6c48-28db-43fb-90db-39ac86bf484b' and name 'v++_compile_color_detect'
Sat Apr 30 07:47:17 2022: KERNEL_SVC: creating session with uuid: '39ec6c48-28db-43fb-90db-39ac86bf484b' and name 'v++_compile_color_detect'
Sat Apr 30 07:47:17 2022: GUIDANCE_SMGR: creating guidance session with uuid: '39ec6c48-28db-43fb-90db-39ac86bf484b' and name 'v++_compile_color_detect'
Sat Apr 30 07:47:17 2022: SYSTEM_DIAGRAM: creating session with uuid: '39ec6c48-28db-43fb-90db-39ac86bf484b' and name 'v++_compile_color_detect'
Sat Apr 30 07:49:14 2022: SESSION_MGR: closing session for UUID '39ec6c48-28db-43fb-90db-39ac86bf484b' with name 'v++_compile_color_detect'
Sat Apr 30 07:49:14 2022: KERNEL_SVC: closing session for UUID '39ec6c48-28db-43fb-90db-39ac86bf484b' with name 'v++_compile_color_detect'
Sat Apr 30 07:49:14 2022: GUIDANCE_SMGR: closing session for UUID '39ec6c48-28db-43fb-90db-39ac86bf484b' with name 'v++_compile_color_detect'
Sat Apr 30 07:49:14 2022: SYSTEM_DIAGRAM: closing session for UUID '39ec6c48-28db-43fb-90db-39ac86bf484b' with name 'v++_compile_color_detect'
Sat Apr 30 07:49:17 2022: Running xcd server. This server was built by gradle.
Sat Apr 30 07:49:17 2022: Server was asked to start on port: '42394'
Sat Apr 30 07:49:17 2022: Server is using token UUID: 'fab64e13-c227-4fcc-8c26-b0a52c72a503'
Sat Apr 30 07:49:17 2022: SESSION_MGR: creating session with session uuid: '6d04a3e9-ade5-4ab9-8d63-1f78fcd2ec76' and name 'default'
Sat Apr 30 07:49:17 2022: Attempting to start server on port '42394'
Sat Apr 30 07:49:17 2022: XCD main fifo: created main fifo '/tmp/xcdmainfab64e13-c227-4fcc-8c26-b0a52c72a503', fd read = 13
Sat Apr 30 07:49:17 2022: Running Dispatch Server
Sat Apr 30 07:49:17 2022: Version 2.2.0
Sat Apr 30 07:49:26 2022: Dispatch Server: Accepted socket connection from client
Sat Apr 30 07:49:26 2022: Starting Socket connection
Sat Apr 30 07:49:26 2022: EXCHANGE_TOKEN received, server token: fab64e13-c227-4fcc-8c26-b0a52c72a503, passed token: fab64e13-c227-4fcc-8c26-b0a52c72a503
Sat Apr 30 07:49:27 2022: DISPATCH_HANDLER: Adding handler from function makeHandler in library libxv_system_diagram
Sat Apr 30 07:49:27 2022: SESSION_MGR: creating session with session uuid: '4794f7a2-1f0a-4e68-86fc-1e1779d96820' and name 'v++_link_krnl_colordetect'
Sat Apr 30 07:49:27 2022: KERNEL_SVC: creating session with uuid: '4794f7a2-1f0a-4e68-86fc-1e1779d96820' and name 'v++_link_krnl_colordetect'
Sat Apr 30 07:49:27 2022: GUIDANCE_SMGR: creating guidance session with uuid: '4794f7a2-1f0a-4e68-86fc-1e1779d96820' and name 'v++_link_krnl_colordetect'
Sat Apr 30 07:49:27 2022: SYSTEM_DIAGRAM: creating session with uuid: '4794f7a2-1f0a-4e68-86fc-1e1779d96820' and name 'v++_link_krnl_colordetect'
Sat Apr 30 07:49:52 2022: Dispatch Server: Accepted socket connection from client
Sat Apr 30 07:49:52 2022: Starting Socket connection
Sat Apr 30 07:50:19 2022: Dispatch Server: Accepted socket connection from client
Sat Apr 30 07:50:19 2022: Starting Socket connection
Sat Apr 30 07:53:21 2022: Dispatch Server: Accepted socket connection from client
Sat Apr 30 07:53:21 2022: Starting Socket connection
Sat Apr 30 07:53:22 2022: Dispatch Server: Accepted socket connection from client
Sat Apr 30 07:53:22 2022: Starting Socket connection
Sat Apr 30 07:53:22 2022: Dispatch Server: Accepted socket connection from client
Sat Apr 30 07:53:22 2022: Starting Socket connection
Sat Apr 30 07:53:22 2022: Dispatch Server: Accepted socket connection from client
Sat Apr 30 07:53:22 2022: Starting Socket connection
Sat Apr 30 07:53:22 2022: Dispatch Server: Accepted socket connection from client
Sat Apr 30 07:53:22 2022: Starting Socket connection
Sat Apr 30 07:53:22 2022: Dispatch Server: Accepted socket connection from client
Sat Apr 30 07:53:22 2022: Starting Socket connection
Sat Apr 30 07:53:22 2022: Dispatch Server: Accepted socket connection from client
Sat Apr 30 07:53:22 2022: Starting Socket connection
Sat Apr 30 07:53:22 2022: Dispatch Server: Accepted socket connection from client
Sat Apr 30 07:53:22 2022: Starting Socket connection
Sat Apr 30 07:54:31 2022: Dispatch Server: Accepted socket connection from client
Sat Apr 30 07:54:31 2022: Starting Socket connection
Sat Apr 30 07:54:33 2022: Dispatch Server: Accepted socket connection from client
Sat Apr 30 07:54:33 2022: Starting Socket connection
Sat Apr 30 07:54:42 2022: Dispatch Server: Accepted socket connection from client
Sat Apr 30 07:54:42 2022: Starting Socket connection
Sat Apr 30 07:55:10 2022: Dispatch Server: Accepted socket connection from client
Sat Apr 30 07:55:10 2022: Starting Socket connection
Sat Apr 30 07:55:14 2022: Dispatch Server: Accepted socket connection from client
Sat Apr 30 07:55:14 2022: Starting Socket connection
Sat Apr 30 07:55:22 2022: Dispatch Server: Accepted socket connection from client
Sat Apr 30 07:55:22 2022: Starting Socket connection
Sat Apr 30 07:55:24 2022: Dispatch Server: Accepted socket connection from client
Sat Apr 30 07:55:24 2022: Starting Socket connection
Sat Apr 30 07:55:32 2022: Dispatch Server: Accepted socket connection from client
Sat Apr 30 07:55:32 2022: Starting Socket connection
Sat Apr 30 07:55:36 2022: Dispatch Server: Accepted socket connection from client
Sat Apr 30 07:55:36 2022: Starting Socket connection
Sat Apr 30 07:55:53 2022: Dispatch Server: Accepted socket connection from client
Sat Apr 30 07:55:53 2022: Starting Socket connection
Sat Apr 30 07:56:18 2022: Dispatch Server: Accepted socket connection from client
Sat Apr 30 07:56:18 2022: Starting Socket connection
Sat Apr 30 07:56:22 2022: Dispatch Server: Accepted socket connection from client
Sat Apr 30 07:56:22 2022: Starting Socket connection
Sat Apr 30 07:56:24 2022: Dispatch Server: Accepted socket connection from client
Sat Apr 30 07:56:24 2022: Starting Socket connection
Sat Apr 30 07:56:26 2022: Dispatch Server: Accepted socket connection from client
Sat Apr 30 07:56:26 2022: Starting Socket connection
Sat Apr 30 07:56:30 2022: Dispatch Server: Accepted socket connection from client
Sat Apr 30 07:56:30 2022: Starting Socket connection
Sat Apr 30 07:56:34 2022: Dispatch Server: Accepted socket connection from client
Sat Apr 30 07:56:34 2022: Starting Socket connection
Sat Apr 30 07:56:36 2022: Dispatch Server: Accepted socket connection from client
Sat Apr 30 07:56:36 2022: Starting Socket connection
Sat Apr 30 07:56:48 2022: Dispatch Server: Accepted socket connection from client
Sat Apr 30 07:56:48 2022: Starting Socket connection
Sat Apr 30 07:57:02 2022: Dispatch Server: Accepted socket connection from client
Sat Apr 30 07:57:02 2022: Starting Socket connection
Sat Apr 30 07:57:22 2022: Dispatch Server: Accepted socket connection from client
Sat Apr 30 07:57:22 2022: Starting Socket connection
Sat Apr 30 07:57:22 2022: Dispatch Server: Accepted socket connection from client
Sat Apr 30 07:57:22 2022: Starting Socket connection
Sat Apr 30 07:57:30 2022: Dispatch Server: Accepted socket connection from client
Sat Apr 30 07:57:30 2022: Starting Socket connection
Sat Apr 30 07:57:34 2022: Dispatch Server: Accepted socket connection from client
Sat Apr 30 07:57:34 2022: Starting Socket connection
Sat Apr 30 07:57:38 2022: Dispatch Server: Accepted socket connection from client
Sat Apr 30 07:57:38 2022: Starting Socket connection
Sat Apr 30 07:57:51 2022: Dispatch Server: Accepted socket connection from client
Sat Apr 30 07:57:51 2022: Starting Socket connection
Sat Apr 30 07:57:57 2022: Dispatch Server: Accepted socket connection from client
Sat Apr 30 07:57:57 2022: Starting Socket connection
Sat Apr 30 07:57:57 2022: Dispatch Server: Accepted socket connection from client
Sat Apr 30 07:57:57 2022: Starting Socket connection
Sat Apr 30 07:58:21 2022: Dispatch Server: Accepted socket connection from client
Sat Apr 30 07:58:21 2022: Starting Socket connection
Sat Apr 30 07:58:29 2022: Dispatch Server: Accepted socket connection from client
Sat Apr 30 07:58:29 2022: Starting Socket connection
Sat Apr 30 07:58:38 2022: Dispatch Server: Accepted socket connection from client
Sat Apr 30 07:58:38 2022: Starting Socket connection
Sat Apr 30 07:58:45 2022: Dispatch Server: Accepted socket connection from client
Sat Apr 30 07:58:45 2022: Starting Socket connection
Sat Apr 30 07:58:51 2022: Dispatch Server: Accepted socket connection from client
Sat Apr 30 07:58:51 2022: Starting Socket connection
Sat Apr 30 07:58:52 2022: Dispatch Server: Accepted socket connection from client
Sat Apr 30 07:58:52 2022: Starting Socket connection
Sat Apr 30 07:59:02 2022: Dispatch Server: Accepted socket connection from client
Sat Apr 30 07:59:02 2022: Starting Socket connection
Sat Apr 30 07:59:03 2022: Dispatch Server: Accepted socket connection from client
Sat Apr 30 07:59:03 2022: Starting Socket connection
Sat Apr 30 08:01:58 2022: Dispatch Server: Accepted socket connection from client
Sat Apr 30 08:01:58 2022: Starting Socket connection
Sat Apr 30 08:03:21 2022: Dispatch Server: Accepted socket connection from client
Sat Apr 30 08:03:21 2022: Starting Socket connection
Sat Apr 30 09:11:43 2022: SESSION_MGR: closing session for UUID '4794f7a2-1f0a-4e68-86fc-1e1779d96820' with name 'v++_link_krnl_colordetect'
Sat Apr 30 09:11:43 2022: KERNEL_SVC: closing session for UUID '4794f7a2-1f0a-4e68-86fc-1e1779d96820' with name 'v++_link_krnl_colordetect'
Sat Apr 30 09:11:43 2022: GUIDANCE_SMGR: closing session for UUID '4794f7a2-1f0a-4e68-86fc-1e1779d96820' with name 'v++_link_krnl_colordetect'
Sat Apr 30 09:11:43 2022: SYSTEM_DIAGRAM: closing session for UUID '4794f7a2-1f0a-4e68-86fc-1e1779d96820' with name 'v++_link_krnl_colordetect'
