Sun May  1 09:35:59 2022: Running xcd server. This server was built by gradle.
Sun May  1 09:35:59 2022: Server was asked to start on port: '41559'
Sun May  1 09:35:59 2022: Server is using token UUID: '96d65b30-a7c1-4784-bdf9-cf5c847df153'
Sun May  1 09:35:59 2022: SESSION_MGR: creating session with session uuid: '6d04a3e9-ade5-4ab9-8d63-1f78fcd2ec76' and name 'default'
Sun May  1 09:35:59 2022: Attempting to start server on port '41559'
Sun May  1 09:35:59 2022: XCD main fifo: created main fifo '/tmp/xcdmain96d65b30-a7c1-4784-bdf9-cf5c847df153', fd read = 13
Sun May  1 09:35:59 2022: Running Dispatch Server
Sun May  1 09:35:59 2022: Version 2.2.0
Sun May  1 09:36:08 2022: Dispatch Server: Accepted socket connection from client
Sun May  1 09:36:08 2022: Starting Socket connection
Sun May  1 09:36:08 2022: EXCHANGE_TOKEN received, server token: 96d65b30-a7c1-4784-bdf9-cf5c847df153, passed token: 96d65b30-a7c1-4784-bdf9-cf5c847df153
Sun May  1 09:36:09 2022: DISPATCH_HANDLER: Adding handler from function makeHandler in library libxv_system_diagram
Sun May  1 09:36:09 2022: SESSION_MGR: creating session with session uuid: 'e52f3b73-d625-47f5-a0de-01471cc4d793' and name 'v++_compile_color_detect'
Sun May  1 09:36:09 2022: KERNEL_SVC: creating session with uuid: 'e52f3b73-d625-47f5-a0de-01471cc4d793' and name 'v++_compile_color_detect'
Sun May  1 09:36:09 2022: GUIDANCE_SMGR: creating guidance session with uuid: 'e52f3b73-d625-47f5-a0de-01471cc4d793' and name 'v++_compile_color_detect'
Sun May  1 09:36:09 2022: SYSTEM_DIAGRAM: creating session with uuid: 'e52f3b73-d625-47f5-a0de-01471cc4d793' and name 'v++_compile_color_detect'
Sun May  1 09:36:32 2022: SESSION_MGR: closing session for UUID 'e52f3b73-d625-47f5-a0de-01471cc4d793' with name 'v++_compile_color_detect'
Sun May  1 09:36:32 2022: KERNEL_SVC: closing session for UUID 'e52f3b73-d625-47f5-a0de-01471cc4d793' with name 'v++_compile_color_detect'
Sun May  1 09:36:32 2022: GUIDANCE_SMGR: closing session for UUID 'e52f3b73-d625-47f5-a0de-01471cc4d793' with name 'v++_compile_color_detect'
Sun May  1 09:36:32 2022: SYSTEM_DIAGRAM: closing session for UUID 'e52f3b73-d625-47f5-a0de-01471cc4d793' with name 'v++_compile_color_detect'
Sun May  1 09:36:35 2022: Running xcd server. This server was built by gradle.
Sun May  1 09:36:35 2022: Server was asked to start on port: '36943'
Sun May  1 09:36:35 2022: Server is using token UUID: 'e53e19f1-e855-48b6-898e-e2e78f16e593'
Sun May  1 09:36:35 2022: SESSION_MGR: creating session with session uuid: '6d04a3e9-ade5-4ab9-8d63-1f78fcd2ec76' and name 'default'
Sun May  1 09:36:35 2022: Attempting to start server on port '36943'
Sun May  1 09:36:35 2022: XCD main fifo: created main fifo '/tmp/xcdmaine53e19f1-e855-48b6-898e-e2e78f16e593', fd read = 13
Sun May  1 09:36:35 2022: Running Dispatch Server
Sun May  1 09:36:35 2022: Version 2.2.0
Sun May  1 09:36:44 2022: Dispatch Server: Accepted socket connection from client
Sun May  1 09:36:44 2022: Starting Socket connection
Sun May  1 09:36:44 2022: EXCHANGE_TOKEN received, server token: e53e19f1-e855-48b6-898e-e2e78f16e593, passed token: e53e19f1-e855-48b6-898e-e2e78f16e593
Sun May  1 09:36:46 2022: DISPATCH_HANDLER: Adding handler from function makeHandler in library libxv_system_diagram
Sun May  1 09:36:46 2022: SESSION_MGR: creating session with session uuid: '677176e6-2128-4da7-82d4-6d6300ae3ece' and name 'v++_link_krnl_colordetect'
Sun May  1 09:36:46 2022: KERNEL_SVC: creating session with uuid: '677176e6-2128-4da7-82d4-6d6300ae3ece' and name 'v++_link_krnl_colordetect'
Sun May  1 09:36:46 2022: GUIDANCE_SMGR: creating guidance session with uuid: '677176e6-2128-4da7-82d4-6d6300ae3ece' and name 'v++_link_krnl_colordetect'
Sun May  1 09:36:46 2022: SYSTEM_DIAGRAM: creating session with uuid: '677176e6-2128-4da7-82d4-6d6300ae3ece' and name 'v++_link_krnl_colordetect'
Sun May  1 09:36:57 2022: SESSION_MGR: closing session for UUID '677176e6-2128-4da7-82d4-6d6300ae3ece' with name 'v++_link_krnl_colordetect'
Sun May  1 09:36:57 2022: KERNEL_SVC: closing session for UUID '677176e6-2128-4da7-82d4-6d6300ae3ece' with name 'v++_link_krnl_colordetect'
Sun May  1 09:36:57 2022: GUIDANCE_SMGR: closing session for UUID '677176e6-2128-4da7-82d4-6d6300ae3ece' with name 'v++_link_krnl_colordetect'
Sun May  1 09:36:57 2022: SYSTEM_DIAGRAM: closing session for UUID '677176e6-2128-4da7-82d4-6d6300ae3ece' with name 'v++_link_krnl_colordetect'
