Thu Mar 24 21:20:18 2022: Running xcd server. This server was built by gradle.
Thu Mar 24 21:20:18 2022: Server was asked to start on port: '38415'
Thu Mar 24 21:20:18 2022: Server is using token UUID: 'b0b5c6f8-64f9-4921-877a-8e380079de07'
Thu Mar 24 21:20:18 2022: SESSION_MGR: creating session with session uuid: '6d04a3e9-ade5-4ab9-8d63-1f78fcd2ec76' and name 'default'
Thu Mar 24 21:20:18 2022: Attempting to start server on port '38415'
Thu Mar 24 21:20:18 2022: XCD main fifo: created main fifo '/tmp/xcdmainb0b5c6f8-64f9-4921-877a-8e380079de07', fd read = 13
Thu Mar 24 21:20:18 2022: Running Dispatch Server
Thu Mar 24 21:20:18 2022: Version 2.2.0
Thu Mar 24 21:20:27 2022: Dispatch Server: Accepted socket connection from client
Thu Mar 24 21:20:27 2022: Starting Socket connection
Thu Mar 24 21:20:27 2022: EXCHANGE_TOKEN received, server token: b0b5c6f8-64f9-4921-877a-8e380079de07, passed token: b0b5c6f8-64f9-4921-877a-8e380079de07
Thu Mar 24 21:20:28 2022: DISPATCH_HANDLER: Adding handler from function makeHandler in library libxv_system_diagram
Thu Mar 24 21:20:28 2022: SESSION_MGR: creating session with session uuid: '745766c1-d79b-48cc-9ad8-30bc0443c5af' and name 'v++_compile_runOnfpga_hw'
Thu Mar 24 21:20:28 2022: KERNEL_SVC: creating session with uuid: '745766c1-d79b-48cc-9ad8-30bc0443c5af' and name 'v++_compile_runOnfpga_hw'
Thu Mar 24 21:20:28 2022: GUIDANCE_SMGR: creating guidance session with uuid: '745766c1-d79b-48cc-9ad8-30bc0443c5af' and name 'v++_compile_runOnfpga_hw'
Thu Mar 24 21:20:28 2022: SYSTEM_DIAGRAM: creating session with uuid: '745766c1-d79b-48cc-9ad8-30bc0443c5af' and name 'v++_compile_runOnfpga_hw'
Thu Mar 24 21:20:59 2022: SESSION_MGR: closing session for UUID '745766c1-d79b-48cc-9ad8-30bc0443c5af' with name 'v++_compile_runOnfpga_hw'
Thu Mar 24 21:20:59 2022: KERNEL_SVC: closing session for UUID '745766c1-d79b-48cc-9ad8-30bc0443c5af' with name 'v++_compile_runOnfpga_hw'
Thu Mar 24 21:20:59 2022: GUIDANCE_SMGR: closing session for UUID '745766c1-d79b-48cc-9ad8-30bc0443c5af' with name 'v++_compile_runOnfpga_hw'
Thu Mar 24 21:20:59 2022: SYSTEM_DIAGRAM: closing session for UUID '745766c1-d79b-48cc-9ad8-30bc0443c5af' with name 'v++_compile_runOnfpga_hw'
Thu Mar 24 21:21:00 2022: Running xcd server. This server was built by gradle.
Thu Mar 24 21:21:00 2022: Server was asked to start on port: '34693'
Thu Mar 24 21:21:00 2022: Server is using token UUID: 'c4c52fb8-3ff4-44f2-a85c-8f8613180449'
Thu Mar 24 21:21:00 2022: SESSION_MGR: creating session with session uuid: '6d04a3e9-ade5-4ab9-8d63-1f78fcd2ec76' and name 'default'
Thu Mar 24 21:21:00 2022: Attempting to start server on port '34693'
Thu Mar 24 21:21:00 2022: XCD main fifo: created main fifo '/tmp/xcdmainc4c52fb8-3ff4-44f2-a85c-8f8613180449', fd read = 13
Thu Mar 24 21:21:00 2022: Running Dispatch Server
Thu Mar 24 21:21:00 2022: Version 2.2.0
Thu Mar 24 21:21:10 2022: Dispatch Server: Accepted socket connection from client
Thu Mar 24 21:21:10 2022: Starting Socket connection
Thu Mar 24 21:21:10 2022: EXCHANGE_TOKEN received, server token: c4c52fb8-3ff4-44f2-a85c-8f8613180449, passed token: c4c52fb8-3ff4-44f2-a85c-8f8613180449
Thu Mar 24 21:21:10 2022: DISPATCH_HANDLER: Adding handler from function makeHandler in library libxv_system_diagram
Thu Mar 24 21:21:10 2022: SESSION_MGR: creating session with session uuid: 'f8ebfdba-2356-40fe-a505-b1706a95200d' and name 'v++_link_runOnfpga_hw'
Thu Mar 24 21:21:10 2022: KERNEL_SVC: creating session with uuid: 'f8ebfdba-2356-40fe-a505-b1706a95200d' and name 'v++_link_runOnfpga_hw'
Thu Mar 24 21:21:10 2022: GUIDANCE_SMGR: creating guidance session with uuid: 'f8ebfdba-2356-40fe-a505-b1706a95200d' and name 'v++_link_runOnfpga_hw'
Thu Mar 24 21:21:10 2022: SYSTEM_DIAGRAM: creating session with uuid: 'f8ebfdba-2356-40fe-a505-b1706a95200d' and name 'v++_link_runOnfpga_hw'
Thu Mar 24 21:21:23 2022: Dispatch Server: Accepted socket connection from client
Thu Mar 24 21:21:23 2022: Starting Socket connection
Thu Mar 24 21:21:32 2022: Dispatch Server: Accepted socket connection from client
Thu Mar 24 21:21:32 2022: Starting Socket connection
Thu Mar 24 21:22:47 2022: Dispatch Server: Accepted socket connection from client
Thu Mar 24 21:22:47 2022: Starting Socket connection
Thu Mar 24 21:22:47 2022: Dispatch Server: Accepted socket connection from client
Thu Mar 24 21:22:47 2022: Starting Socket connection
Thu Mar 24 21:22:47 2022: Dispatch Server: Accepted socket connection from client
Thu Mar 24 21:22:47 2022: Starting Socket connection
Thu Mar 24 21:22:47 2022: Dispatch Server: Accepted socket connection from client
Thu Mar 24 21:22:47 2022: Starting Socket connection
Thu Mar 24 21:22:48 2022: Dispatch Server: Accepted socket connection from client
Thu Mar 24 21:22:48 2022: Starting Socket connection
Thu Mar 24 21:22:48 2022: Dispatch Server: Accepted socket connection from client
Thu Mar 24 21:22:48 2022: Starting Socket connection
Thu Mar 24 21:22:48 2022: Dispatch Server: Accepted socket connection from client
Thu Mar 24 21:22:48 2022: Starting Socket connection
Thu Mar 24 21:22:48 2022: Dispatch Server: Accepted socket connection from client
Thu Mar 24 21:22:48 2022: Starting Socket connection
Thu Mar 24 21:23:43 2022: Dispatch Server: Accepted socket connection from client
Thu Mar 24 21:23:43 2022: Starting Socket connection
Thu Mar 24 21:23:43 2022: Dispatch Server: Accepted socket connection from client
Thu Mar 24 21:23:43 2022: Starting Socket connection
Thu Mar 24 21:23:51 2022: Dispatch Server: Accepted socket connection from client
Thu Mar 24 21:23:51 2022: Starting Socket connection
Thu Mar 24 21:24:14 2022: Dispatch Server: Accepted socket connection from client
Thu Mar 24 21:24:14 2022: Starting Socket connection
Thu Mar 24 21:24:24 2022: Dispatch Server: Accepted socket connection from client
Thu Mar 24 21:24:24 2022: Starting Socket connection
Thu Mar 24 21:24:24 2022: Dispatch Server: Accepted socket connection from client
Thu Mar 24 21:24:24 2022: Starting Socket connection
Thu Mar 24 21:24:24 2022: Dispatch Server: Accepted socket connection from client
Thu Mar 24 21:24:24 2022: Starting Socket connection
Thu Mar 24 21:24:31 2022: Dispatch Server: Accepted socket connection from client
Thu Mar 24 21:24:31 2022: Starting Socket connection
Thu Mar 24 21:24:31 2022: Dispatch Server: Accepted socket connection from client
Thu Mar 24 21:24:31 2022: Starting Socket connection
Thu Mar 24 21:24:34 2022: Dispatch Server: Accepted socket connection from client
Thu Mar 24 21:24:34 2022: Starting Socket connection
Thu Mar 24 21:24:38 2022: Dispatch Server: Accepted socket connection from client
Thu Mar 24 21:24:38 2022: Starting Socket connection
Thu Mar 24 21:24:40 2022: Dispatch Server: Accepted socket connection from client
Thu Mar 24 21:24:40 2022: Starting Socket connection
Thu Mar 24 21:25:20 2022: Dispatch Server: Accepted socket connection from client
Thu Mar 24 21:25:20 2022: Starting Socket connection
Thu Mar 24 21:25:24 2022: SESSION_MGR: closing session for UUID 'f8ebfdba-2356-40fe-a505-b1706a95200d' with name 'v++_link_runOnfpga_hw'
Thu Mar 24 21:25:24 2022: KERNEL_SVC: closing session for UUID 'f8ebfdba-2356-40fe-a505-b1706a95200d' with name 'v++_link_runOnfpga_hw'
Thu Mar 24 21:25:24 2022: GUIDANCE_SMGR: closing session for UUID 'f8ebfdba-2356-40fe-a505-b1706a95200d' with name 'v++_link_runOnfpga_hw'
Thu Mar 24 21:25:24 2022: SYSTEM_DIAGRAM: closing session for UUID 'f8ebfdba-2356-40fe-a505-b1706a95200d' with name 'v++_link_runOnfpga_hw'
Thu Mar 24 21:56:27 2022: Running xcd server. This server was built by gradle.
Thu Mar 24 21:56:27 2022: Server was asked to start on port: '45771'
Thu Mar 24 21:56:27 2022: Server is using token UUID: 'd51901dd-3626-4402-ad4e-b24d8cfbfba2'
Thu Mar 24 21:56:27 2022: SESSION_MGR: creating session with session uuid: '6d04a3e9-ade5-4ab9-8d63-1f78fcd2ec76' and name 'default'
Thu Mar 24 21:56:27 2022: Attempting to start server on port '45771'
Thu Mar 24 21:56:27 2022: XCD main fifo: created main fifo '/tmp/xcdmaind51901dd-3626-4402-ad4e-b24d8cfbfba2', fd read = 13
Thu Mar 24 21:56:27 2022: Running Dispatch Server
Thu Mar 24 21:56:27 2022: Version 2.2.0
Thu Mar 24 21:56:36 2022: Dispatch Server: Accepted socket connection from client
Thu Mar 24 21:56:36 2022: Starting Socket connection
Thu Mar 24 21:56:36 2022: EXCHANGE_TOKEN received, server token: d51901dd-3626-4402-ad4e-b24d8cfbfba2, passed token: d51901dd-3626-4402-ad4e-b24d8cfbfba2
Thu Mar 24 21:56:37 2022: DISPATCH_HANDLER: Adding handler from function makeHandler in library libxv_system_diagram
Thu Mar 24 21:56:37 2022: SESSION_MGR: creating session with session uuid: 'd3d4b629-720e-4e6f-8aaa-fd2701c0e877' and name 'v++_link_runOnfpga_hw'
Thu Mar 24 21:56:37 2022: KERNEL_SVC: creating session with uuid: 'd3d4b629-720e-4e6f-8aaa-fd2701c0e877' and name 'v++_link_runOnfpga_hw'
Thu Mar 24 21:56:37 2022: GUIDANCE_SMGR: creating guidance session with uuid: 'd3d4b629-720e-4e6f-8aaa-fd2701c0e877' and name 'v++_link_runOnfpga_hw'
Thu Mar 24 21:56:37 2022: SYSTEM_DIAGRAM: creating session with uuid: 'd3d4b629-720e-4e6f-8aaa-fd2701c0e877' and name 'v++_link_runOnfpga_hw'
Thu Mar 24 21:56:49 2022: Dispatch Server: Accepted socket connection from client
Thu Mar 24 21:56:49 2022: Starting Socket connection
Thu Mar 24 21:56:56 2022: Dispatch Server: Accepted socket connection from client
Thu Mar 24 21:56:56 2022: Starting Socket connection
Thu Mar 24 21:58:00 2022: Dispatch Server: Accepted socket connection from client
Thu Mar 24 21:58:00 2022: Starting Socket connection
Thu Mar 24 21:58:00 2022: Dispatch Server: Accepted socket connection from client
Thu Mar 24 21:58:00 2022: Starting Socket connection
Thu Mar 24 21:58:00 2022: Dispatch Server: Accepted socket connection from client
Thu Mar 24 21:58:00 2022: Starting Socket connection
Thu Mar 24 21:58:00 2022: Dispatch Server: Accepted socket connection from client
Thu Mar 24 21:58:00 2022: Starting Socket connection
Thu Mar 24 21:58:00 2022: Dispatch Server: Accepted socket connection from client
Thu Mar 24 21:58:00 2022: Starting Socket connection
Thu Mar 24 21:58:00 2022: Dispatch Server: Accepted socket connection from client
Thu Mar 24 21:58:00 2022: Starting Socket connection
Thu Mar 24 21:58:36 2022: Dispatch Server: Accepted socket connection from client
Thu Mar 24 21:58:36 2022: Starting Socket connection
Thu Mar 24 21:58:46 2022: Dispatch Server: Accepted socket connection from client
Thu Mar 24 21:58:46 2022: Starting Socket connection
Thu Mar 24 21:59:20 2022: Dispatch Server: Accepted socket connection from client
Thu Mar 24 21:59:20 2022: Starting Socket connection
Thu Mar 24 22:00:01 2022: Dispatch Server: Accepted socket connection from client
Thu Mar 24 22:00:01 2022: Starting Socket connection
Thu Mar 24 22:31:26 2022: SESSION_MGR: closing session for UUID 'd3d4b629-720e-4e6f-8aaa-fd2701c0e877' with name 'v++_link_runOnfpga_hw'
Thu Mar 24 22:31:26 2022: KERNEL_SVC: closing session for UUID 'd3d4b629-720e-4e6f-8aaa-fd2701c0e877' with name 'v++_link_runOnfpga_hw'
Thu Mar 24 22:31:26 2022: GUIDANCE_SMGR: closing session for UUID 'd3d4b629-720e-4e6f-8aaa-fd2701c0e877' with name 'v++_link_runOnfpga_hw'
Thu Mar 24 22:31:26 2022: SYSTEM_DIAGRAM: closing session for UUID 'd3d4b629-720e-4e6f-8aaa-fd2701c0e877' with name 'v++_link_runOnfpga_hw'
Fri Mar 25 00:31:48 2022: Running xcd server. This server was built by gradle.
Fri Mar 25 00:31:48 2022: Server was asked to start on port: '34201'
Fri Mar 25 00:31:48 2022: Server is using token UUID: '368e676f-3e1c-435c-8f05-b6b2d74198d5'
Fri Mar 25 00:31:48 2022: SESSION_MGR: creating session with session uuid: '6d04a3e9-ade5-4ab9-8d63-1f78fcd2ec76' and name 'default'
Fri Mar 25 00:31:48 2022: Attempting to start server on port '34201'
Fri Mar 25 00:31:48 2022: XCD main fifo: created main fifo '/tmp/xcdmain368e676f-3e1c-435c-8f05-b6b2d74198d5', fd read = 13
Fri Mar 25 00:31:48 2022: Running Dispatch Server
Fri Mar 25 00:31:48 2022: Version 2.2.0
Fri Mar 25 00:31:57 2022: Dispatch Server: Accepted socket connection from client
Fri Mar 25 00:31:57 2022: Starting Socket connection
Fri Mar 25 00:31:57 2022: EXCHANGE_TOKEN received, server token: 368e676f-3e1c-435c-8f05-b6b2d74198d5, passed token: 368e676f-3e1c-435c-8f05-b6b2d74198d5
Fri Mar 25 00:31:58 2022: DISPATCH_HANDLER: Adding handler from function makeHandler in library libxv_system_diagram
Fri Mar 25 00:31:58 2022: SESSION_MGR: creating session with session uuid: '1f2064e4-a694-4ac8-8958-79f709f76504' and name 'v++_compile_runOnfpga_hw'
Fri Mar 25 00:31:58 2022: KERNEL_SVC: creating session with uuid: '1f2064e4-a694-4ac8-8958-79f709f76504' and name 'v++_compile_runOnfpga_hw'
Fri Mar 25 00:31:58 2022: GUIDANCE_SMGR: creating guidance session with uuid: '1f2064e4-a694-4ac8-8958-79f709f76504' and name 'v++_compile_runOnfpga_hw'
Fri Mar 25 00:31:58 2022: SYSTEM_DIAGRAM: creating session with uuid: '1f2064e4-a694-4ac8-8958-79f709f76504' and name 'v++_compile_runOnfpga_hw'
Fri Mar 25 00:32:25 2022: SESSION_MGR: closing session for UUID '1f2064e4-a694-4ac8-8958-79f709f76504' with name 'v++_compile_runOnfpga_hw'
Fri Mar 25 00:32:25 2022: KERNEL_SVC: closing session for UUID '1f2064e4-a694-4ac8-8958-79f709f76504' with name 'v++_compile_runOnfpga_hw'
Fri Mar 25 00:32:25 2022: GUIDANCE_SMGR: closing session for UUID '1f2064e4-a694-4ac8-8958-79f709f76504' with name 'v++_compile_runOnfpga_hw'
Fri Mar 25 00:32:25 2022: SYSTEM_DIAGRAM: closing session for UUID '1f2064e4-a694-4ac8-8958-79f709f76504' with name 'v++_compile_runOnfpga_hw'
Fri Mar 25 00:32:27 2022: Running xcd server. This server was built by gradle.
Fri Mar 25 00:32:27 2022: Server was asked to start on port: '39661'
Fri Mar 25 00:32:27 2022: Server is using token UUID: '572efbb3-2266-488d-8749-003366e9902a'
Fri Mar 25 00:32:27 2022: SESSION_MGR: creating session with session uuid: '6d04a3e9-ade5-4ab9-8d63-1f78fcd2ec76' and name 'default'
Fri Mar 25 00:32:27 2022: Attempting to start server on port '39661'
Fri Mar 25 00:32:27 2022: XCD main fifo: created main fifo '/tmp/xcdmain572efbb3-2266-488d-8749-003366e9902a', fd read = 13
Fri Mar 25 00:32:27 2022: Running Dispatch Server
Fri Mar 25 00:32:27 2022: Version 2.2.0
Fri Mar 25 00:32:36 2022: Dispatch Server: Accepted socket connection from client
Fri Mar 25 00:32:36 2022: Starting Socket connection
Fri Mar 25 00:32:36 2022: EXCHANGE_TOKEN received, server token: 572efbb3-2266-488d-8749-003366e9902a, passed token: 572efbb3-2266-488d-8749-003366e9902a
Fri Mar 25 00:32:37 2022: DISPATCH_HANDLER: Adding handler from function makeHandler in library libxv_system_diagram
Fri Mar 25 00:32:37 2022: SESSION_MGR: creating session with session uuid: '31da3bb3-e221-4094-86e7-928af4a4120f' and name 'v++_link_runOnfpga_hw'
Fri Mar 25 00:32:37 2022: KERNEL_SVC: creating session with uuid: '31da3bb3-e221-4094-86e7-928af4a4120f' and name 'v++_link_runOnfpga_hw'
Fri Mar 25 00:32:37 2022: GUIDANCE_SMGR: creating guidance session with uuid: '31da3bb3-e221-4094-86e7-928af4a4120f' and name 'v++_link_runOnfpga_hw'
Fri Mar 25 00:32:37 2022: SYSTEM_DIAGRAM: creating session with uuid: '31da3bb3-e221-4094-86e7-928af4a4120f' and name 'v++_link_runOnfpga_hw'
Fri Mar 25 00:32:49 2022: Dispatch Server: Accepted socket connection from client
Fri Mar 25 00:32:49 2022: Starting Socket connection
Fri Mar 25 00:32:57 2022: Dispatch Server: Accepted socket connection from client
Fri Mar 25 00:32:57 2022: Starting Socket connection
Fri Mar 25 00:33:58 2022: Dispatch Server: Accepted socket connection from client
Fri Mar 25 00:33:58 2022: Starting Socket connection
Fri Mar 25 00:34:39 2022: Dispatch Server: Accepted socket connection from client
Fri Mar 25 00:34:39 2022: Starting Socket connection
Fri Mar 25 01:06:18 2022: SESSION_MGR: closing session for UUID '31da3bb3-e221-4094-86e7-928af4a4120f' with name 'v++_link_runOnfpga_hw'
Fri Mar 25 01:06:18 2022: KERNEL_SVC: closing session for UUID '31da3bb3-e221-4094-86e7-928af4a4120f' with name 'v++_link_runOnfpga_hw'
Fri Mar 25 01:06:18 2022: GUIDANCE_SMGR: closing session for UUID '31da3bb3-e221-4094-86e7-928af4a4120f' with name 'v++_link_runOnfpga_hw'
Fri Mar 25 01:06:18 2022: SYSTEM_DIAGRAM: closing session for UUID '31da3bb3-e221-4094-86e7-928af4a4120f' with name 'v++_link_runOnfpga_hw'
Fri Mar 25 01:14:18 2022: Running xcd server. This server was built by gradle.
Fri Mar 25 01:14:18 2022: Server was asked to start on port: '42367'
Fri Mar 25 01:14:18 2022: Server is using token UUID: '5c3aa932-887f-4f10-9eda-afb50ab39b68'
Fri Mar 25 01:14:18 2022: SESSION_MGR: creating session with session uuid: '6d04a3e9-ade5-4ab9-8d63-1f78fcd2ec76' and name 'default'
Fri Mar 25 01:14:18 2022: Attempting to start server on port '42367'
Fri Mar 25 01:14:18 2022: XCD main fifo: created main fifo '/tmp/xcdmain5c3aa932-887f-4f10-9eda-afb50ab39b68', fd read = 13
Fri Mar 25 01:14:18 2022: Running Dispatch Server
Fri Mar 25 01:14:18 2022: Version 2.2.0
Fri Mar 25 01:14:27 2022: Dispatch Server: Accepted socket connection from client
Fri Mar 25 01:14:27 2022: Starting Socket connection
Fri Mar 25 01:14:27 2022: EXCHANGE_TOKEN received, server token: 5c3aa932-887f-4f10-9eda-afb50ab39b68, passed token: 5c3aa932-887f-4f10-9eda-afb50ab39b68
Fri Mar 25 01:14:28 2022: DISPATCH_HANDLER: Adding handler from function makeHandler in library libxv_system_diagram
Fri Mar 25 01:14:28 2022: SESSION_MGR: creating session with session uuid: 'a0cc0199-7028-461b-a104-758d784457ab' and name 'v++_compile_runOnfpga_hw'
Fri Mar 25 01:14:28 2022: KERNEL_SVC: creating session with uuid: 'a0cc0199-7028-461b-a104-758d784457ab' and name 'v++_compile_runOnfpga_hw'
Fri Mar 25 01:14:28 2022: GUIDANCE_SMGR: creating guidance session with uuid: 'a0cc0199-7028-461b-a104-758d784457ab' and name 'v++_compile_runOnfpga_hw'
Fri Mar 25 01:14:28 2022: SYSTEM_DIAGRAM: creating session with uuid: 'a0cc0199-7028-461b-a104-758d784457ab' and name 'v++_compile_runOnfpga_hw'
Fri Mar 25 01:14:56 2022: SESSION_MGR: closing session for UUID 'a0cc0199-7028-461b-a104-758d784457ab' with name 'v++_compile_runOnfpga_hw'
Fri Mar 25 01:14:56 2022: KERNEL_SVC: closing session for UUID 'a0cc0199-7028-461b-a104-758d784457ab' with name 'v++_compile_runOnfpga_hw'
Fri Mar 25 01:14:56 2022: GUIDANCE_SMGR: closing session for UUID 'a0cc0199-7028-461b-a104-758d784457ab' with name 'v++_compile_runOnfpga_hw'
Fri Mar 25 01:14:56 2022: SYSTEM_DIAGRAM: closing session for UUID 'a0cc0199-7028-461b-a104-758d784457ab' with name 'v++_compile_runOnfpga_hw'
Fri Mar 25 01:14:58 2022: Running xcd server. This server was built by gradle.
Fri Mar 25 01:14:58 2022: Server was asked to start on port: '43359'
Fri Mar 25 01:14:58 2022: Server is using token UUID: '47a2ce30-95de-4e6c-bb54-6119296acbe5'
Fri Mar 25 01:14:58 2022: SESSION_MGR: creating session with session uuid: '6d04a3e9-ade5-4ab9-8d63-1f78fcd2ec76' and name 'default'
Fri Mar 25 01:14:58 2022: Attempting to start server on port '43359'
Fri Mar 25 01:14:58 2022: XCD main fifo: created main fifo '/tmp/xcdmain47a2ce30-95de-4e6c-bb54-6119296acbe5', fd read = 13
Fri Mar 25 01:14:58 2022: Running Dispatch Server
Fri Mar 25 01:14:58 2022: Version 2.2.0
Fri Mar 25 01:15:07 2022: Dispatch Server: Accepted socket connection from client
Fri Mar 25 01:15:07 2022: Starting Socket connection
Fri Mar 25 01:15:07 2022: EXCHANGE_TOKEN received, server token: 47a2ce30-95de-4e6c-bb54-6119296acbe5, passed token: 47a2ce30-95de-4e6c-bb54-6119296acbe5
Fri Mar 25 01:15:07 2022: DISPATCH_HANDLER: Adding handler from function makeHandler in library libxv_system_diagram
Fri Mar 25 01:15:07 2022: SESSION_MGR: creating session with session uuid: 'd25585a6-2d5d-4be5-9323-e27675778b0c' and name 'v++_link_runOnfpga_hw'
Fri Mar 25 01:15:07 2022: KERNEL_SVC: creating session with uuid: 'd25585a6-2d5d-4be5-9323-e27675778b0c' and name 'v++_link_runOnfpga_hw'
Fri Mar 25 01:15:07 2022: GUIDANCE_SMGR: creating guidance session with uuid: 'd25585a6-2d5d-4be5-9323-e27675778b0c' and name 'v++_link_runOnfpga_hw'
Fri Mar 25 01:15:07 2022: SYSTEM_DIAGRAM: creating session with uuid: 'd25585a6-2d5d-4be5-9323-e27675778b0c' and name 'v++_link_runOnfpga_hw'
Fri Mar 25 01:15:19 2022: Dispatch Server: Accepted socket connection from client
Fri Mar 25 01:15:19 2022: Starting Socket connection
Fri Mar 25 01:15:27 2022: Dispatch Server: Accepted socket connection from client
Fri Mar 25 01:15:27 2022: Starting Socket connection
Fri Mar 25 01:16:27 2022: Dispatch Server: Accepted socket connection from client
Fri Mar 25 01:16:27 2022: Starting Socket connection
Fri Mar 25 01:18:15 2022: Dispatch Server: Accepted socket connection from client
Fri Mar 25 01:18:15 2022: Starting Socket connection
Fri Mar 25 01:18:56 2022: Dispatch Server: Accepted socket connection from client
Fri Mar 25 01:18:56 2022: Starting Socket connection
Fri Mar 25 01:50:16 2022: SESSION_MGR: closing session for UUID 'd25585a6-2d5d-4be5-9323-e27675778b0c' with name 'v++_link_runOnfpga_hw'
Fri Mar 25 01:50:16 2022: KERNEL_SVC: closing session for UUID 'd25585a6-2d5d-4be5-9323-e27675778b0c' with name 'v++_link_runOnfpga_hw'
Fri Mar 25 01:50:16 2022: GUIDANCE_SMGR: closing session for UUID 'd25585a6-2d5d-4be5-9323-e27675778b0c' with name 'v++_link_runOnfpga_hw'
Fri Mar 25 01:50:16 2022: SYSTEM_DIAGRAM: closing session for UUID 'd25585a6-2d5d-4be5-9323-e27675778b0c' with name 'v++_link_runOnfpga_hw'
Fri Mar 25 09:58:07 2022: Running xcd server. This server was built by gradle.
Fri Mar 25 09:58:07 2022: Server was asked to start on port: '33063'
Fri Mar 25 09:58:07 2022: Server is using token UUID: '96129d41-c1f6-493c-a848-88144b679258'
Fri Mar 25 09:58:07 2022: SESSION_MGR: creating session with session uuid: '6d04a3e9-ade5-4ab9-8d63-1f78fcd2ec76' and name 'default'
Fri Mar 25 09:58:07 2022: Attempting to start server on port '33063'
Fri Mar 25 09:58:07 2022: XCD main fifo: created main fifo '/tmp/xcdmain96129d41-c1f6-493c-a848-88144b679258', fd read = 13
Fri Mar 25 09:58:07 2022: Running Dispatch Server
Fri Mar 25 09:58:07 2022: Version 2.2.0
Fri Mar 25 09:58:16 2022: Dispatch Server: Accepted socket connection from client
Fri Mar 25 09:58:16 2022: Starting Socket connection
Fri Mar 25 09:58:16 2022: EXCHANGE_TOKEN received, server token: 96129d41-c1f6-493c-a848-88144b679258, passed token: 96129d41-c1f6-493c-a848-88144b679258
Fri Mar 25 09:58:17 2022: DISPATCH_HANDLER: Adding handler from function makeHandler in library libxv_system_diagram
Fri Mar 25 09:58:17 2022: SESSION_MGR: creating session with session uuid: 'dfa4650d-2928-4e61-8259-1ac806b565f2' and name 'v++_compile_runOnfpga_hw'
Fri Mar 25 09:58:17 2022: KERNEL_SVC: creating session with uuid: 'dfa4650d-2928-4e61-8259-1ac806b565f2' and name 'v++_compile_runOnfpga_hw'
Fri Mar 25 09:58:17 2022: GUIDANCE_SMGR: creating guidance session with uuid: 'dfa4650d-2928-4e61-8259-1ac806b565f2' and name 'v++_compile_runOnfpga_hw'
Fri Mar 25 09:58:17 2022: SYSTEM_DIAGRAM: creating session with uuid: 'dfa4650d-2928-4e61-8259-1ac806b565f2' and name 'v++_compile_runOnfpga_hw'
Fri Mar 25 09:58:42 2022: SESSION_MGR: closing session for UUID 'dfa4650d-2928-4e61-8259-1ac806b565f2' with name 'v++_compile_runOnfpga_hw'
Fri Mar 25 09:58:42 2022: KERNEL_SVC: closing session for UUID 'dfa4650d-2928-4e61-8259-1ac806b565f2' with name 'v++_compile_runOnfpga_hw'
Fri Mar 25 09:58:42 2022: GUIDANCE_SMGR: closing session for UUID 'dfa4650d-2928-4e61-8259-1ac806b565f2' with name 'v++_compile_runOnfpga_hw'
Fri Mar 25 09:58:42 2022: SYSTEM_DIAGRAM: closing session for UUID 'dfa4650d-2928-4e61-8259-1ac806b565f2' with name 'v++_compile_runOnfpga_hw'
Fri Mar 25 09:58:44 2022: Running xcd server. This server was built by gradle.
Fri Mar 25 09:58:44 2022: Server was asked to start on port: '35049'
Fri Mar 25 09:58:44 2022: Server is using token UUID: '437fc6a6-e774-4913-aa1f-b31aac1b1eff'
Fri Mar 25 09:58:44 2022: SESSION_MGR: creating session with session uuid: '6d04a3e9-ade5-4ab9-8d63-1f78fcd2ec76' and name 'default'
Fri Mar 25 09:58:44 2022: Attempting to start server on port '35049'
Fri Mar 25 09:58:44 2022: XCD main fifo: created main fifo '/tmp/xcdmain437fc6a6-e774-4913-aa1f-b31aac1b1eff', fd read = 13
Fri Mar 25 09:58:44 2022: Running Dispatch Server
Fri Mar 25 09:58:44 2022: Version 2.2.0
Fri Mar 25 09:58:53 2022: Dispatch Server: Accepted socket connection from client
Fri Mar 25 09:58:53 2022: Starting Socket connection
Fri Mar 25 09:58:53 2022: EXCHANGE_TOKEN received, server token: 437fc6a6-e774-4913-aa1f-b31aac1b1eff, passed token: 437fc6a6-e774-4913-aa1f-b31aac1b1eff
Fri Mar 25 09:58:54 2022: DISPATCH_HANDLER: Adding handler from function makeHandler in library libxv_system_diagram
Fri Mar 25 09:58:54 2022: SESSION_MGR: creating session with session uuid: '1dca5aca-6826-48c7-a2bb-00b52803b979' and name 'v++_link_runOnfpga_hw'
Fri Mar 25 09:58:54 2022: KERNEL_SVC: creating session with uuid: '1dca5aca-6826-48c7-a2bb-00b52803b979' and name 'v++_link_runOnfpga_hw'
Fri Mar 25 09:58:54 2022: GUIDANCE_SMGR: creating guidance session with uuid: '1dca5aca-6826-48c7-a2bb-00b52803b979' and name 'v++_link_runOnfpga_hw'
Fri Mar 25 09:58:54 2022: SYSTEM_DIAGRAM: creating session with uuid: '1dca5aca-6826-48c7-a2bb-00b52803b979' and name 'v++_link_runOnfpga_hw'
Fri Mar 25 09:59:06 2022: Dispatch Server: Accepted socket connection from client
Fri Mar 25 09:59:06 2022: Starting Socket connection
Fri Mar 25 09:59:14 2022: Dispatch Server: Accepted socket connection from client
Fri Mar 25 09:59:14 2022: Starting Socket connection
Fri Mar 25 10:00:14 2022: Dispatch Server: Accepted socket connection from client
Fri Mar 25 10:00:14 2022: Starting Socket connection
Fri Mar 25 10:01:43 2022: Dispatch Server: Accepted socket connection from client
Fri Mar 25 10:01:43 2022: Starting Socket connection
Fri Mar 25 10:02:23 2022: Dispatch Server: Accepted socket connection from client
Fri Mar 25 10:02:23 2022: Starting Socket connection
Fri Mar 25 10:33:41 2022: SESSION_MGR: closing session for UUID '1dca5aca-6826-48c7-a2bb-00b52803b979' with name 'v++_link_runOnfpga_hw'
Fri Mar 25 10:33:41 2022: KERNEL_SVC: closing session for UUID '1dca5aca-6826-48c7-a2bb-00b52803b979' with name 'v++_link_runOnfpga_hw'
Fri Mar 25 10:33:41 2022: GUIDANCE_SMGR: closing session for UUID '1dca5aca-6826-48c7-a2bb-00b52803b979' with name 'v++_link_runOnfpga_hw'
Fri Mar 25 10:33:41 2022: SYSTEM_DIAGRAM: closing session for UUID '1dca5aca-6826-48c7-a2bb-00b52803b979' with name 'v++_link_runOnfpga_hw'
Fri Mar 25 11:13:45 2022: Running xcd server. This server was built by gradle.
Fri Mar 25 11:13:45 2022: Server was asked to start on port: '40545'
Fri Mar 25 11:13:45 2022: Server is using token UUID: '0f36362f-2722-4e0e-9059-56006383e2d2'
Fri Mar 25 11:13:45 2022: SESSION_MGR: creating session with session uuid: '6d04a3e9-ade5-4ab9-8d63-1f78fcd2ec76' and name 'default'
Fri Mar 25 11:13:45 2022: Attempting to start server on port '40545'
Fri Mar 25 11:13:45 2022: XCD main fifo: created main fifo '/tmp/xcdmain0f36362f-2722-4e0e-9059-56006383e2d2', fd read = 13
Fri Mar 25 11:13:45 2022: Running Dispatch Server
Fri Mar 25 11:13:45 2022: Version 2.2.0
Fri Mar 25 11:13:54 2022: Dispatch Server: Accepted socket connection from client
Fri Mar 25 11:13:54 2022: Starting Socket connection
Fri Mar 25 11:13:54 2022: EXCHANGE_TOKEN received, server token: 0f36362f-2722-4e0e-9059-56006383e2d2, passed token: 0f36362f-2722-4e0e-9059-56006383e2d2
Fri Mar 25 11:13:55 2022: DISPATCH_HANDLER: Adding handler from function makeHandler in library libxv_system_diagram
Fri Mar 25 11:13:55 2022: SESSION_MGR: creating session with session uuid: 'd53eac60-ca3e-4ef2-a8e1-bba8e9368659' and name 'v++_compile_runOnfpga_hw'
Fri Mar 25 11:13:55 2022: KERNEL_SVC: creating session with uuid: 'd53eac60-ca3e-4ef2-a8e1-bba8e9368659' and name 'v++_compile_runOnfpga_hw'
Fri Mar 25 11:13:55 2022: GUIDANCE_SMGR: creating guidance session with uuid: 'd53eac60-ca3e-4ef2-a8e1-bba8e9368659' and name 'v++_compile_runOnfpga_hw'
Fri Mar 25 11:13:55 2022: SYSTEM_DIAGRAM: creating session with uuid: 'd53eac60-ca3e-4ef2-a8e1-bba8e9368659' and name 'v++_compile_runOnfpga_hw'
Fri Mar 25 11:14:21 2022: SESSION_MGR: closing session for UUID 'd53eac60-ca3e-4ef2-a8e1-bba8e9368659' with name 'v++_compile_runOnfpga_hw'
Fri Mar 25 11:14:21 2022: KERNEL_SVC: closing session for UUID 'd53eac60-ca3e-4ef2-a8e1-bba8e9368659' with name 'v++_compile_runOnfpga_hw'
Fri Mar 25 11:14:21 2022: GUIDANCE_SMGR: closing session for UUID 'd53eac60-ca3e-4ef2-a8e1-bba8e9368659' with name 'v++_compile_runOnfpga_hw'
Fri Mar 25 11:14:21 2022: SYSTEM_DIAGRAM: closing session for UUID 'd53eac60-ca3e-4ef2-a8e1-bba8e9368659' with name 'v++_compile_runOnfpga_hw'
Fri Mar 25 11:14:23 2022: Running xcd server. This server was built by gradle.
Fri Mar 25 11:14:23 2022: Server was asked to start on port: '37427'
Fri Mar 25 11:14:23 2022: Server is using token UUID: '2d3e5314-8d40-4b5a-adad-d6ae4604c4c2'
Fri Mar 25 11:14:23 2022: SESSION_MGR: creating session with session uuid: '6d04a3e9-ade5-4ab9-8d63-1f78fcd2ec76' and name 'default'
Fri Mar 25 11:14:23 2022: Attempting to start server on port '37427'
Fri Mar 25 11:14:23 2022: XCD main fifo: created main fifo '/tmp/xcdmain2d3e5314-8d40-4b5a-adad-d6ae4604c4c2', fd read = 13
Fri Mar 25 11:14:23 2022: Running Dispatch Server
Fri Mar 25 11:14:23 2022: Version 2.2.0
Fri Mar 25 11:14:32 2022: Dispatch Server: Accepted socket connection from client
Fri Mar 25 11:14:32 2022: Starting Socket connection
Fri Mar 25 11:14:32 2022: EXCHANGE_TOKEN received, server token: 2d3e5314-8d40-4b5a-adad-d6ae4604c4c2, passed token: 2d3e5314-8d40-4b5a-adad-d6ae4604c4c2
Fri Mar 25 11:14:33 2022: DISPATCH_HANDLER: Adding handler from function makeHandler in library libxv_system_diagram
Fri Mar 25 11:14:33 2022: SESSION_MGR: creating session with session uuid: '07abae1f-3648-4207-9d24-3ed89cc4f1d2' and name 'v++_link_runOnfpga_hw'
Fri Mar 25 11:14:33 2022: KERNEL_SVC: creating session with uuid: '07abae1f-3648-4207-9d24-3ed89cc4f1d2' and name 'v++_link_runOnfpga_hw'
Fri Mar 25 11:14:33 2022: GUIDANCE_SMGR: creating guidance session with uuid: '07abae1f-3648-4207-9d24-3ed89cc4f1d2' and name 'v++_link_runOnfpga_hw'
Fri Mar 25 11:14:33 2022: SYSTEM_DIAGRAM: creating session with uuid: '07abae1f-3648-4207-9d24-3ed89cc4f1d2' and name 'v++_link_runOnfpga_hw'
Fri Mar 25 11:14:45 2022: Dispatch Server: Accepted socket connection from client
Fri Mar 25 11:14:45 2022: Starting Socket connection
Fri Mar 25 11:14:53 2022: Dispatch Server: Accepted socket connection from client
Fri Mar 25 11:14:53 2022: Starting Socket connection
Fri Mar 25 11:15:55 2022: Dispatch Server: Accepted socket connection from client
Fri Mar 25 11:15:55 2022: Starting Socket connection
Fri Mar 25 11:17:28 2022: Dispatch Server: Accepted socket connection from client
Fri Mar 25 11:17:28 2022: Starting Socket connection
Fri Mar 25 11:18:09 2022: Dispatch Server: Accepted socket connection from client
Fri Mar 25 11:18:09 2022: Starting Socket connection
Fri Mar 25 11:49:04 2022: SESSION_MGR: closing session for UUID '07abae1f-3648-4207-9d24-3ed89cc4f1d2' with name 'v++_link_runOnfpga_hw'
Fri Mar 25 11:49:04 2022: KERNEL_SVC: closing session for UUID '07abae1f-3648-4207-9d24-3ed89cc4f1d2' with name 'v++_link_runOnfpga_hw'
Fri Mar 25 11:49:04 2022: GUIDANCE_SMGR: closing session for UUID '07abae1f-3648-4207-9d24-3ed89cc4f1d2' with name 'v++_link_runOnfpga_hw'
Fri Mar 25 11:49:04 2022: SYSTEM_DIAGRAM: closing session for UUID '07abae1f-3648-4207-9d24-3ed89cc4f1d2' with name 'v++_link_runOnfpga_hw'
Fri Mar 25 12:26:04 2022: Running xcd server. This server was built by gradle.
Fri Mar 25 12:26:04 2022: Server was asked to start on port: '45893'
Fri Mar 25 12:26:04 2022: Server is using token UUID: '3cd1ae76-9c2a-42e6-a6f0-6d87ff1f5122'
Fri Mar 25 12:26:04 2022: SESSION_MGR: creating session with session uuid: '6d04a3e9-ade5-4ab9-8d63-1f78fcd2ec76' and name 'default'
Fri Mar 25 12:26:04 2022: Attempting to start server on port '45893'
Fri Mar 25 12:26:04 2022: XCD main fifo: created main fifo '/tmp/xcdmain3cd1ae76-9c2a-42e6-a6f0-6d87ff1f5122', fd read = 13
Fri Mar 25 12:26:04 2022: Running Dispatch Server
Fri Mar 25 12:26:04 2022: Version 2.2.0
Fri Mar 25 12:26:13 2022: Dispatch Server: Accepted socket connection from client
Fri Mar 25 12:26:13 2022: Starting Socket connection
Fri Mar 25 12:26:13 2022: EXCHANGE_TOKEN received, server token: 3cd1ae76-9c2a-42e6-a6f0-6d87ff1f5122, passed token: 3cd1ae76-9c2a-42e6-a6f0-6d87ff1f5122
Fri Mar 25 12:26:14 2022: DISPATCH_HANDLER: Adding handler from function makeHandler in library libxv_system_diagram
Fri Mar 25 12:26:14 2022: SESSION_MGR: creating session with session uuid: '1238df7a-686e-4839-896f-6b87cf21c626' and name 'v++_compile_runOnfpga_hw'
Fri Mar 25 12:26:14 2022: KERNEL_SVC: creating session with uuid: '1238df7a-686e-4839-896f-6b87cf21c626' and name 'v++_compile_runOnfpga_hw'
Fri Mar 25 12:26:14 2022: GUIDANCE_SMGR: creating guidance session with uuid: '1238df7a-686e-4839-896f-6b87cf21c626' and name 'v++_compile_runOnfpga_hw'
Fri Mar 25 12:26:14 2022: SYSTEM_DIAGRAM: creating session with uuid: '1238df7a-686e-4839-896f-6b87cf21c626' and name 'v++_compile_runOnfpga_hw'
Fri Mar 25 12:26:40 2022: SESSION_MGR: closing session for UUID '1238df7a-686e-4839-896f-6b87cf21c626' with name 'v++_compile_runOnfpga_hw'
Fri Mar 25 12:26:40 2022: KERNEL_SVC: closing session for UUID '1238df7a-686e-4839-896f-6b87cf21c626' with name 'v++_compile_runOnfpga_hw'
Fri Mar 25 12:26:40 2022: GUIDANCE_SMGR: closing session for UUID '1238df7a-686e-4839-896f-6b87cf21c626' with name 'v++_compile_runOnfpga_hw'
Fri Mar 25 12:26:40 2022: SYSTEM_DIAGRAM: closing session for UUID '1238df7a-686e-4839-896f-6b87cf21c626' with name 'v++_compile_runOnfpga_hw'
Fri Mar 25 12:26:42 2022: Running xcd server. This server was built by gradle.
Fri Mar 25 12:26:42 2022: Server was asked to start on port: '34557'
Fri Mar 25 12:26:42 2022: Server is using token UUID: '07ac2736-8c92-4111-883f-a4dbb663c724'
Fri Mar 25 12:26:42 2022: SESSION_MGR: creating session with session uuid: '6d04a3e9-ade5-4ab9-8d63-1f78fcd2ec76' and name 'default'
Fri Mar 25 12:26:42 2022: Attempting to start server on port '34557'
Fri Mar 25 12:26:42 2022: XCD main fifo: created main fifo '/tmp/xcdmain07ac2736-8c92-4111-883f-a4dbb663c724', fd read = 13
Fri Mar 25 12:26:42 2022: Running Dispatch Server
Fri Mar 25 12:26:42 2022: Version 2.2.0
Fri Mar 25 12:26:51 2022: Dispatch Server: Accepted socket connection from client
Fri Mar 25 12:26:51 2022: Starting Socket connection
Fri Mar 25 12:26:51 2022: EXCHANGE_TOKEN received, server token: 07ac2736-8c92-4111-883f-a4dbb663c724, passed token: 07ac2736-8c92-4111-883f-a4dbb663c724
Fri Mar 25 12:26:52 2022: DISPATCH_HANDLER: Adding handler from function makeHandler in library libxv_system_diagram
Fri Mar 25 12:26:52 2022: SESSION_MGR: creating session with session uuid: 'a165117f-23dc-49f6-862d-12831fe8206d' and name 'v++_link_runOnfpga_hw'
Fri Mar 25 12:26:52 2022: KERNEL_SVC: creating session with uuid: 'a165117f-23dc-49f6-862d-12831fe8206d' and name 'v++_link_runOnfpga_hw'
Fri Mar 25 12:26:52 2022: GUIDANCE_SMGR: creating guidance session with uuid: 'a165117f-23dc-49f6-862d-12831fe8206d' and name 'v++_link_runOnfpga_hw'
Fri Mar 25 12:26:52 2022: SYSTEM_DIAGRAM: creating session with uuid: 'a165117f-23dc-49f6-862d-12831fe8206d' and name 'v++_link_runOnfpga_hw'
Fri Mar 25 12:27:04 2022: Dispatch Server: Accepted socket connection from client
Fri Mar 25 12:27:04 2022: Starting Socket connection
Fri Mar 25 12:27:12 2022: Dispatch Server: Accepted socket connection from client
Fri Mar 25 12:27:12 2022: Starting Socket connection
Fri Mar 25 12:28:13 2022: Dispatch Server: Accepted socket connection from client
Fri Mar 25 12:28:13 2022: Starting Socket connection
Fri Mar 25 12:28:53 2022: Dispatch Server: Accepted socket connection from client
Fri Mar 25 12:28:53 2022: Starting Socket connection
Fri Mar 25 13:00:32 2022: SESSION_MGR: closing session for UUID 'a165117f-23dc-49f6-862d-12831fe8206d' with name 'v++_link_runOnfpga_hw'
Fri Mar 25 13:00:32 2022: KERNEL_SVC: closing session for UUID 'a165117f-23dc-49f6-862d-12831fe8206d' with name 'v++_link_runOnfpga_hw'
Fri Mar 25 13:00:32 2022: GUIDANCE_SMGR: closing session for UUID 'a165117f-23dc-49f6-862d-12831fe8206d' with name 'v++_link_runOnfpga_hw'
Fri Mar 25 13:00:32 2022: SYSTEM_DIAGRAM: closing session for UUID 'a165117f-23dc-49f6-862d-12831fe8206d' with name 'v++_link_runOnfpga_hw'
Fri Mar 25 14:35:55 2022: Running xcd server. This server was built by gradle.
Fri Mar 25 14:35:55 2022: Server was asked to start on port: '33755'
Fri Mar 25 14:35:55 2022: Server is using token UUID: '362f3278-51ea-495a-ad95-b05259ceaffe'
Fri Mar 25 14:35:55 2022: SESSION_MGR: creating session with session uuid: '6d04a3e9-ade5-4ab9-8d63-1f78fcd2ec76' and name 'default'
Fri Mar 25 14:35:55 2022: Attempting to start server on port '33755'
Fri Mar 25 14:35:55 2022: XCD main fifo: created main fifo '/tmp/xcdmain362f3278-51ea-495a-ad95-b05259ceaffe', fd read = 13
Fri Mar 25 14:35:55 2022: Running Dispatch Server
Fri Mar 25 14:35:55 2022: Version 2.2.0
Fri Mar 25 14:36:04 2022: Dispatch Server: Accepted socket connection from client
Fri Mar 25 14:36:04 2022: Starting Socket connection
Fri Mar 25 14:36:04 2022: EXCHANGE_TOKEN received, server token: 362f3278-51ea-495a-ad95-b05259ceaffe, passed token: 362f3278-51ea-495a-ad95-b05259ceaffe
Fri Mar 25 14:36:05 2022: DISPATCH_HANDLER: Adding handler from function makeHandler in library libxv_system_diagram
Fri Mar 25 14:36:05 2022: SESSION_MGR: creating session with session uuid: '6426e106-7141-4a47-937b-fb3cbd24d07b' and name 'v++_compile_runOnfpga_hw'
Fri Mar 25 14:36:05 2022: KERNEL_SVC: creating session with uuid: '6426e106-7141-4a47-937b-fb3cbd24d07b' and name 'v++_compile_runOnfpga_hw'
Fri Mar 25 14:36:05 2022: GUIDANCE_SMGR: creating guidance session with uuid: '6426e106-7141-4a47-937b-fb3cbd24d07b' and name 'v++_compile_runOnfpga_hw'
Fri Mar 25 14:36:05 2022: SYSTEM_DIAGRAM: creating session with uuid: '6426e106-7141-4a47-937b-fb3cbd24d07b' and name 'v++_compile_runOnfpga_hw'
Fri Mar 25 14:36:33 2022: SESSION_MGR: closing session for UUID '6426e106-7141-4a47-937b-fb3cbd24d07b' with name 'v++_compile_runOnfpga_hw'
Fri Mar 25 14:36:33 2022: KERNEL_SVC: closing session for UUID '6426e106-7141-4a47-937b-fb3cbd24d07b' with name 'v++_compile_runOnfpga_hw'
Fri Mar 25 14:36:33 2022: GUIDANCE_SMGR: closing session for UUID '6426e106-7141-4a47-937b-fb3cbd24d07b' with name 'v++_compile_runOnfpga_hw'
Fri Mar 25 14:36:33 2022: SYSTEM_DIAGRAM: closing session for UUID '6426e106-7141-4a47-937b-fb3cbd24d07b' with name 'v++_compile_runOnfpga_hw'
Fri Mar 25 14:36:34 2022: Running xcd server. This server was built by gradle.
Fri Mar 25 14:36:34 2022: Server was asked to start on port: '33887'
Fri Mar 25 14:36:34 2022: Server is using token UUID: '5565fcd4-b229-488a-ae27-246042201621'
Fri Mar 25 14:36:34 2022: SESSION_MGR: creating session with session uuid: '6d04a3e9-ade5-4ab9-8d63-1f78fcd2ec76' and name 'default'
Fri Mar 25 14:36:34 2022: Attempting to start server on port '33887'
Fri Mar 25 14:36:34 2022: XCD main fifo: created main fifo '/tmp/xcdmain5565fcd4-b229-488a-ae27-246042201621', fd read = 13
Fri Mar 25 14:36:34 2022: Running Dispatch Server
Fri Mar 25 14:36:34 2022: Version 2.2.0
Fri Mar 25 14:36:44 2022: Dispatch Server: Accepted socket connection from client
Fri Mar 25 14:36:44 2022: Starting Socket connection
Fri Mar 25 14:36:44 2022: EXCHANGE_TOKEN received, server token: 5565fcd4-b229-488a-ae27-246042201621, passed token: 5565fcd4-b229-488a-ae27-246042201621
Fri Mar 25 14:36:44 2022: DISPATCH_HANDLER: Adding handler from function makeHandler in library libxv_system_diagram
Fri Mar 25 14:36:44 2022: SESSION_MGR: creating session with session uuid: '0cf39502-2217-483d-83e4-8fc61a15b045' and name 'v++_link_runOnfpga_hw'
Fri Mar 25 14:36:44 2022: KERNEL_SVC: creating session with uuid: '0cf39502-2217-483d-83e4-8fc61a15b045' and name 'v++_link_runOnfpga_hw'
Fri Mar 25 14:36:44 2022: GUIDANCE_SMGR: creating guidance session with uuid: '0cf39502-2217-483d-83e4-8fc61a15b045' and name 'v++_link_runOnfpga_hw'
Fri Mar 25 14:36:44 2022: SYSTEM_DIAGRAM: creating session with uuid: '0cf39502-2217-483d-83e4-8fc61a15b045' and name 'v++_link_runOnfpga_hw'
Fri Mar 25 14:36:56 2022: Dispatch Server: Accepted socket connection from client
Fri Mar 25 14:36:56 2022: Starting Socket connection
Fri Mar 25 14:37:05 2022: Dispatch Server: Accepted socket connection from client
Fri Mar 25 14:37:05 2022: Starting Socket connection
Fri Mar 25 14:38:07 2022: Dispatch Server: Accepted socket connection from client
Fri Mar 25 14:38:07 2022: Starting Socket connection
Fri Mar 25 14:38:49 2022: Dispatch Server: Accepted socket connection from client
Fri Mar 25 14:38:49 2022: Starting Socket connection
Fri Mar 25 15:12:22 2022: SESSION_MGR: closing session for UUID '0cf39502-2217-483d-83e4-8fc61a15b045' with name 'v++_link_runOnfpga_hw'
Fri Mar 25 15:12:22 2022: KERNEL_SVC: closing session for UUID '0cf39502-2217-483d-83e4-8fc61a15b045' with name 'v++_link_runOnfpga_hw'
Fri Mar 25 15:12:22 2022: GUIDANCE_SMGR: closing session for UUID '0cf39502-2217-483d-83e4-8fc61a15b045' with name 'v++_link_runOnfpga_hw'
Fri Mar 25 15:12:22 2022: SYSTEM_DIAGRAM: closing session for UUID '0cf39502-2217-483d-83e4-8fc61a15b045' with name 'v++_link_runOnfpga_hw'
Fri Mar 25 15:25:59 2022: Running xcd server. This server was built by gradle.
Fri Mar 25 15:25:59 2022: Server was asked to start on port: '37203'
Fri Mar 25 15:25:59 2022: Server is using token UUID: 'b12b115a-110f-4f26-819d-5d322404c07b'
Fri Mar 25 15:25:59 2022: SESSION_MGR: creating session with session uuid: '6d04a3e9-ade5-4ab9-8d63-1f78fcd2ec76' and name 'default'
Fri Mar 25 15:25:59 2022: Attempting to start server on port '37203'
Fri Mar 25 15:25:59 2022: XCD main fifo: created main fifo '/tmp/xcdmainb12b115a-110f-4f26-819d-5d322404c07b', fd read = 13
Fri Mar 25 15:25:59 2022: Running Dispatch Server
Fri Mar 25 15:25:59 2022: Version 2.2.0
Fri Mar 25 15:26:08 2022: Dispatch Server: Accepted socket connection from client
Fri Mar 25 15:26:08 2022: Starting Socket connection
Fri Mar 25 15:26:08 2022: EXCHANGE_TOKEN received, server token: b12b115a-110f-4f26-819d-5d322404c07b, passed token: b12b115a-110f-4f26-819d-5d322404c07b
Fri Mar 25 15:26:09 2022: DISPATCH_HANDLER: Adding handler from function makeHandler in library libxv_system_diagram
Fri Mar 25 15:26:09 2022: SESSION_MGR: creating session with session uuid: 'de192993-8245-47d3-a09f-96694d327b2c' and name 'v++_compile_runOnfpga_hw'
Fri Mar 25 15:26:09 2022: KERNEL_SVC: creating session with uuid: 'de192993-8245-47d3-a09f-96694d327b2c' and name 'v++_compile_runOnfpga_hw'
Fri Mar 25 15:26:09 2022: GUIDANCE_SMGR: creating guidance session with uuid: 'de192993-8245-47d3-a09f-96694d327b2c' and name 'v++_compile_runOnfpga_hw'
Fri Mar 25 15:26:09 2022: SYSTEM_DIAGRAM: creating session with uuid: 'de192993-8245-47d3-a09f-96694d327b2c' and name 'v++_compile_runOnfpga_hw'
Fri Mar 25 15:26:41 2022: SESSION_MGR: closing session for UUID 'de192993-8245-47d3-a09f-96694d327b2c' with name 'v++_compile_runOnfpga_hw'
Fri Mar 25 15:26:41 2022: KERNEL_SVC: closing session for UUID 'de192993-8245-47d3-a09f-96694d327b2c' with name 'v++_compile_runOnfpga_hw'
Fri Mar 25 15:26:41 2022: GUIDANCE_SMGR: closing session for UUID 'de192993-8245-47d3-a09f-96694d327b2c' with name 'v++_compile_runOnfpga_hw'
Fri Mar 25 15:26:41 2022: SYSTEM_DIAGRAM: closing session for UUID 'de192993-8245-47d3-a09f-96694d327b2c' with name 'v++_compile_runOnfpga_hw'
Fri Mar 25 15:26:43 2022: Running xcd server. This server was built by gradle.
Fri Mar 25 15:26:43 2022: Server was asked to start on port: '41365'
Fri Mar 25 15:26:43 2022: Server is using token UUID: '69593c67-467f-43a4-8eda-98585d6969b3'
Fri Mar 25 15:26:43 2022: SESSION_MGR: creating session with session uuid: '6d04a3e9-ade5-4ab9-8d63-1f78fcd2ec76' and name 'default'
Fri Mar 25 15:26:43 2022: Attempting to start server on port '41365'
Fri Mar 25 15:26:43 2022: XCD main fifo: created main fifo '/tmp/xcdmain69593c67-467f-43a4-8eda-98585d6969b3', fd read = 13
Fri Mar 25 15:26:43 2022: Running Dispatch Server
Fri Mar 25 15:26:43 2022: Version 2.2.0
Fri Mar 25 15:26:52 2022: Dispatch Server: Accepted socket connection from client
Fri Mar 25 15:26:52 2022: Starting Socket connection
Fri Mar 25 15:26:52 2022: EXCHANGE_TOKEN received, server token: 69593c67-467f-43a4-8eda-98585d6969b3, passed token: 69593c67-467f-43a4-8eda-98585d6969b3
Fri Mar 25 15:26:53 2022: DISPATCH_HANDLER: Adding handler from function makeHandler in library libxv_system_diagram
Fri Mar 25 15:26:53 2022: SESSION_MGR: creating session with session uuid: 'c8c33333-7415-4c02-8a34-73fedb7db6ea' and name 'v++_link_runOnfpga_hw'
Fri Mar 25 15:26:53 2022: KERNEL_SVC: creating session with uuid: 'c8c33333-7415-4c02-8a34-73fedb7db6ea' and name 'v++_link_runOnfpga_hw'
Fri Mar 25 15:26:53 2022: GUIDANCE_SMGR: creating guidance session with uuid: 'c8c33333-7415-4c02-8a34-73fedb7db6ea' and name 'v++_link_runOnfpga_hw'
Fri Mar 25 15:26:53 2022: SYSTEM_DIAGRAM: creating session with uuid: 'c8c33333-7415-4c02-8a34-73fedb7db6ea' and name 'v++_link_runOnfpga_hw'
Fri Mar 25 15:27:05 2022: Dispatch Server: Accepted socket connection from client
Fri Mar 25 15:27:05 2022: Starting Socket connection
Fri Mar 25 15:27:13 2022: Dispatch Server: Accepted socket connection from client
Fri Mar 25 15:27:13 2022: Starting Socket connection
Fri Mar 25 15:28:18 2022: Dispatch Server: Accepted socket connection from client
Fri Mar 25 15:28:18 2022: Starting Socket connection
Fri Mar 25 15:30:37 2022: Dispatch Server: Accepted socket connection from client
Fri Mar 25 15:30:37 2022: Starting Socket connection
Fri Mar 25 15:31:18 2022: Dispatch Server: Accepted socket connection from client
Fri Mar 25 15:31:18 2022: Starting Socket connection
Fri Mar 25 16:10:27 2022: SESSION_MGR: closing session for UUID 'c8c33333-7415-4c02-8a34-73fedb7db6ea' with name 'v++_link_runOnfpga_hw'
Fri Mar 25 16:10:27 2022: KERNEL_SVC: closing session for UUID 'c8c33333-7415-4c02-8a34-73fedb7db6ea' with name 'v++_link_runOnfpga_hw'
Fri Mar 25 16:10:27 2022: GUIDANCE_SMGR: closing session for UUID 'c8c33333-7415-4c02-8a34-73fedb7db6ea' with name 'v++_link_runOnfpga_hw'
Fri Mar 25 16:10:27 2022: SYSTEM_DIAGRAM: closing session for UUID 'c8c33333-7415-4c02-8a34-73fedb7db6ea' with name 'v++_link_runOnfpga_hw'
