

================================================================
== Vitis HLS Report for 'color_detect'
================================================================
* Date:           Sat Apr 30 16:10:28 2022

* Version:        2021.2 (Build 3367213 on Tue Oct 19 02:47:39 MDT 2021)
* Project:        color_detect
* Solution:       solution (Vitis Kernel Flow Target)
* Product family: virtexuplus
* Target device:  xcu50-fsvh2104-2-e


================================================================
== Performance Estimates
================================================================
+ Timing: 
    * Summary: 
    +--------+---------+----------+------------+
    |  Clock |  Target | Estimated| Uncertainty|
    +--------+---------+----------+------------+
    |ap_clk  |  3.33 ns|  3.650 ns|     0.90 ns|
    +--------+---------+----------+------------+

+ Latency: 
    * Summary: 
    +---------+---------+----------+-----------+-----+---------+----------+
    |  Latency (cycles) |  Latency (absolute)  |    Interval   | Pipeline |
    |   min   |   max   |    min   |    max    | min |   max   |   Type   |
    +---------+---------+----------+-----------+-----+---------+----------+
    |      112|  8328072|  0.409 us|  30.394 ms|   88|  8328014|  dataflow|
    +---------+---------+----------+-----------+-----+---------+----------+

    + Detail: 
        * Instance: 
        +-------------------------------------------------------------------+----------------------------------------------------------------+---------+---------+-----------+-----------+-----+---------+----------+
        |                                                                   |                                                                |  Latency (cycles) |   Latency (absolute)  |    Interval   | Pipeline |
        |                              Instance                             |                             Module                             |   min   |   max   |    min    |    max    | min |   max   |   Type   |
        +-------------------------------------------------------------------+----------------------------------------------------------------+---------+---------+-----------+-----------+-----+---------+----------+
        |entry_proc31_U0                                                    |entry_proc31                                                    |        0|        0|       0 ns|       0 ns|    0|        0|        no|
        |Block_ZN2xf2cv3MatILi9ELi2160ELi3840ELi1ELi2EEC2Eii_exit1_proc_U0  |Block_ZN2xf2cv3MatILi9ELi2160ELi3840ELi1ELi2EEC2Eii_exit1_proc  |        0|        0|       0 ns|       0 ns|    0|        0|        no|
        |Array2xfMat_32_9_2160_3840_1_U0                                    |Array2xfMat_32_9_2160_3840_1_s                                  |       84|  8294483|   0.307 us|  30.272 ms|   84|  8294483|        no|
        |bgr2hsv_9_2160_3840_1_U0                                           |bgr2hsv_9_2160_3840_1_s                                         |        6|  8294417|  21.898 ns|  30.272 ms|    6|  8294417|        no|
        |colorthresholding_9_0_3_2160_3840_1_U0                             |colorthresholding_9_0_3_2160_3840_1_s                           |       95|  8294496|   0.347 us|  30.272 ms|   88|  8294408|  dataflow|
        |erode_0_0_2160_3840_0_3_3_1_1_U0                                   |erode_0_0_2160_3840_0_3_3_1_1_s                                 |       26|  8328013|  94.891 ns|  30.394 ms|   26|  8328013|        no|
        |dilate_0_0_2160_3840_0_3_3_1_1_U0                                  |dilate_0_0_2160_3840_0_3_3_1_1_s                                |       26|  8328013|  94.891 ns|  30.394 ms|   26|  8328013|        no|
        |dilate_0_0_2160_3840_0_3_3_1_1_1_U0                                |dilate_0_0_2160_3840_0_3_3_1_1_1                                |       26|  8328013|  94.891 ns|  30.394 ms|   26|  8328013|        no|
        |erode_0_0_2160_3840_0_3_3_1_1_1_U0                                 |erode_0_0_2160_3840_0_3_3_1_1_1                                 |       26|  8328013|  94.891 ns|  30.394 ms|   26|  8328013|        no|
        |xfMat2Array_8_0_2160_3840_1_1_U0                                   |xfMat2Array_8_0_2160_3840_1_1_s                                 |       12|  8294480|  43.796 ns|  30.272 ms|   12|  8294480|        no|
        +-------------------------------------------------------------------+----------------------------------------------------------------+---------+---------+-----------+-----------+-----+---------+----------+

        * Loop: 
        N/A



================================================================
== Utilization Estimates
================================================================
* Summary: 
+---------------------+---------+------+---------+--------+-----+
|         Name        | BRAM_18K|  DSP |    FF   |   LUT  | URAM|
+---------------------+---------+------+---------+--------+-----+
|DSP                  |        -|     -|        -|       -|    -|
|Expression           |        -|     -|        0|      88|    -|
|FIFO                 |        -|     -|      587|     705|    -|
|Instance             |       37|    12|    11633|   17552|    0|
|Memory               |        -|     -|        -|       -|    -|
|Multiplexer          |        -|     -|        -|     162|    -|
|Register             |        -|     -|       21|       -|    -|
+---------------------+---------+------+---------+--------+-----+
|Total                |       37|    12|    12241|   18507|    0|
+---------------------+---------+------+---------+--------+-----+
|Available SLR        |     1344|  2976|   871680|  435840|  320|
+---------------------+---------+------+---------+--------+-----+
|Utilization SLR (%)  |        2|    ~0|        1|       4|    0|
+---------------------+---------+------+---------+--------+-----+
|Available            |     2688|  5952|  1743360|  871680|  640|
+---------------------+---------+------+---------+--------+-----+
|Utilization (%)      |        1|    ~0|       ~0|       2|    0|
+---------------------+---------+------+---------+--------+-----+

+ Detail: 
    * Instance: 
    +-------------------------------------------------------------------+----------------------------------------------------------------+---------+----+------+------+-----+
    |                              Instance                             |                             Module                             | BRAM_18K| DSP|  FF  |  LUT | URAM|
    +-------------------------------------------------------------------+----------------------------------------------------------------+---------+----+------+------+-----+
    |Array2xfMat_32_9_2160_3840_1_U0                                    |Array2xfMat_32_9_2160_3840_1_s                                  |        0|   4|  1477|  3373|    0|
    |Block_ZN2xf2cv3MatILi9ELi2160ELi3840ELi1ELi2EEC2Eii_exit1_proc_U0  |Block_ZN2xf2cv3MatILi9ELi2160ELi3840ELi1ELi2EEC2Eii_exit1_proc  |        0|   0|   450|   137|    0|
    |bgr2hsv_9_2160_3840_1_U0                                           |bgr2hsv_9_2160_3840_1_s                                         |        5|   5|   989|   936|    0|
    |colorthresholding_9_0_3_2160_3840_1_U0                             |colorthresholding_9_0_3_2160_3840_1_s                           |        0|   1|  2085|  2923|    0|
    |control_s_axi_U                                                    |control_s_axi                                                   |        0|   0|   469|   810|    0|
    |dilate_0_0_2160_3840_0_3_3_1_1_1_U0                                |dilate_0_0_2160_3840_0_3_3_1_1_1                                |        6|   0|   810|  1241|    0|
    |dilate_0_0_2160_3840_0_3_3_1_1_U0                                  |dilate_0_0_2160_3840_0_3_3_1_1_s                                |        6|   0|   810|  1241|    0|
    |entry_proc31_U0                                                    |entry_proc31                                                    |        0|   0|     2|    20|    0|
    |erode_0_0_2160_3840_0_3_3_1_1_1_U0                                 |erode_0_0_2160_3840_0_3_3_1_1_1                                 |        6|   0|   810|  1241|    0|
    |erode_0_0_2160_3840_0_3_3_1_1_U0                                   |erode_0_0_2160_3840_0_3_3_1_1_s                                 |        6|   0|   810|  1241|    0|
    |gmem0_m_axi_U                                                      |gmem0_m_axi                                                     |        2|   0|   512|   580|    0|
    |gmem1_m_axi_U                                                      |gmem1_m_axi                                                     |        2|   0|   548|   700|    0|
    |gmem2_m_axi_U                                                      |gmem2_m_axi                                                     |        2|   0|   548|   700|    0|
    |gmem4_m_axi_U                                                      |gmem4_m_axi                                                     |        2|   0|   548|   700|    0|
    |xfMat2Array_8_0_2160_3840_1_1_U0                                   |xfMat2Array_8_0_2160_3840_1_1_s                                 |        0|   2|   765|  1709|    0|
    +-------------------------------------------------------------------+----------------------------------------------------------------+---------+----+------+------+-----+
    |Total                                                              |                                                                |       37|  12| 11633| 17552|    0|
    +-------------------------------------------------------------------+----------------------------------------------------------------+---------+----+------+------+-----+

    * DSP: 
    N/A

    * Memory: 
    N/A

    * FIFO: 
    +-----------------------------+---------+----+----+-----+------+-----+---------+
    |             Name            | BRAM_18K| FF | LUT| URAM| Depth| Bits| Size:D*B|
    +-----------------------------+---------+----+----+-----+------+-----+---------+
    |imgHelper1_cols_channel_U    |        0|   6|   0|    -|     5|   32|      160|
    |imgHelper1_data_U            |        0|  20|   0|    -|     2|    8|       16|
    |imgHelper1_rows_channel_U    |        0|   6|   0|    -|     5|   32|      160|
    |imgHelper2_cols_channel_U    |        0|   6|   0|    -|     6|   32|      192|
    |imgHelper2_data_U            |        0|  20|   0|    -|     2|    8|       16|
    |imgHelper2_rows_channel_U    |        0|   6|   0|    -|     6|   32|      192|
    |imgHelper3_cols_channel_U    |        0|   6|   0|    -|     7|   32|      224|
    |imgHelper3_data_U            |        0|  20|   0|    -|     2|    8|       16|
    |imgHelper3_rows_channel_U    |        0|   6|   0|    -|     7|   32|      224|
    |imgHelper4_cols_channel_U    |        0|   6|   0|    -|     8|   32|      256|
    |imgHelper4_data_U            |        0|  20|   0|    -|     2|    8|       16|
    |imgHelper4_rows_channel_U    |        0|   6|   0|    -|     8|   32|      256|
    |imgInput_cols_c20_channel_U  |        0|  68|   0|    -|     2|   32|       64|
    |imgInput_cols_c_U            |        0|  68|   0|    -|     2|   32|       64|
    |imgInput_data_U              |        0|  68|   0|    -|     2|   24|       48|
    |imgInput_rows_c19_channel_U  |        0|  68|   0|    -|     2|   32|       64|
    |imgInput_rows_c_U            |        0|  68|   0|    -|     2|   32|       64|
    |imgOutput_cols_channel_U     |        0|   7|   0|    -|     9|   32|      288|
    |imgOutput_data_U             |        0|  20|   0|    -|     2|    8|       16|
    |imgOutput_rows_channel_U     |        0|   7|   0|    -|     9|   32|      288|
    |img_out_c_U                  |        0|   7|   0|    -|    10|   64|      640|
    |rgb2hsv_cols_channel_U       |        0|   5|   0|    -|     4|   32|      128|
    |rgb2hsv_data_U               |        0|  68|   0|    -|     2|   24|       48|
    |rgb2hsv_rows_channel_U       |        0|   5|   0|    -|     4|   32|      128|
    +-----------------------------+---------+----+----+-----+------+-----+---------+
    |Total                        |        0| 587|   0|    0|   110|  664|     3568|
    +-----------------------------+---------+----+----+-----+------+-----+---------+

    * Expression: 
    +------------------------------------------------------------------------------------+----------+----+---+----+------------+------------+
    |                                    Variable Name                                   | Operation| DSP| FF| LUT| Bitwidth P0| Bitwidth P1|
    +------------------------------------------------------------------------------------+----------+----+---+----+------------+------------+
    |Array2xfMat_32_9_2160_3840_1_U0_ap_start                                            |       and|   0|  0|   2|           1|           1|
    |Block_ZN2xf2cv3MatILi9ELi2160ELi3840ELi1ELi2EEC2Eii_exit1_proc_U0_ap_continue       |       and|   0|  0|   2|           1|           1|
    |Block_ZN2xf2cv3MatILi9ELi2160ELi3840ELi1ELi2EEC2Eii_exit1_proc_U0_ap_start          |       and|   0|  0|   2|           1|           1|
    |ap_channel_done_imgHelper1_cols_channel                                             |       and|   0|  0|   2|           1|           1|
    |ap_channel_done_imgHelper1_rows_channel                                             |       and|   0|  0|   2|           1|           1|
    |ap_channel_done_imgHelper2_cols_channel                                             |       and|   0|  0|   2|           1|           1|
    |ap_channel_done_imgHelper2_rows_channel                                             |       and|   0|  0|   2|           1|           1|
    |ap_channel_done_imgHelper3_cols_channel                                             |       and|   0|  0|   2|           1|           1|
    |ap_channel_done_imgHelper3_rows_channel                                             |       and|   0|  0|   2|           1|           1|
    |ap_channel_done_imgHelper4_cols_channel                                             |       and|   0|  0|   2|           1|           1|
    |ap_channel_done_imgHelper4_rows_channel                                             |       and|   0|  0|   2|           1|           1|
    |ap_channel_done_imgInput_cols_c20_channel                                           |       and|   0|  0|   2|           1|           1|
    |ap_channel_done_imgInput_rows_c19_channel                                           |       and|   0|  0|   2|           1|           1|
    |ap_channel_done_imgOutput_cols_channel                                              |       and|   0|  0|   2|           1|           1|
    |ap_channel_done_imgOutput_rows_channel                                              |       and|   0|  0|   2|           1|           1|
    |ap_channel_done_rgb2hsv_cols_channel                                                |       and|   0|  0|   2|           1|           1|
    |ap_channel_done_rgb2hsv_rows_channel                                                |       and|   0|  0|   2|           1|           1|
    |ap_idle                                                                             |       and|   0|  0|   2|           1|           1|
    |ap_sync_ready                                                                       |       and|   0|  0|   2|           1|           1|
    |colorthresholding_9_0_3_2160_3840_1_U0_ap_start                                     |       and|   0|  0|   2|           1|           1|
    |dilate_0_0_2160_3840_0_3_3_1_1_1_U0_ap_start                                        |       and|   0|  0|   2|           1|           1|
    |dilate_0_0_2160_3840_0_3_3_1_1_U0_ap_start                                          |       and|   0|  0|   2|           1|           1|
    |entry_proc31_U0_ap_start                                                            |       and|   0|  0|   2|           1|           1|
    |erode_0_0_2160_3840_0_3_3_1_1_1_U0_ap_start                                         |       and|   0|  0|   2|           1|           1|
    |erode_0_0_2160_3840_0_3_3_1_1_U0_ap_start                                           |       and|   0|  0|   2|           1|           1|
    |xfMat2Array_8_0_2160_3840_1_1_U0_ap_start                                           |       and|   0|  0|   2|           1|           1|
    |ap_sync_Array2xfMat_32_9_2160_3840_1_U0_ap_ready                                    |        or|   0|  0|   2|           1|           1|
    |ap_sync_Block_ZN2xf2cv3MatILi9ELi2160ELi3840ELi1ELi2EEC2Eii_exit1_proc_U0_ap_ready  |        or|   0|  0|   2|           1|           1|
    |ap_sync_channel_write_imgHelper1_cols_channel                                       |        or|   0|  0|   2|           1|           1|
    |ap_sync_channel_write_imgHelper1_rows_channel                                       |        or|   0|  0|   2|           1|           1|
    |ap_sync_channel_write_imgHelper2_cols_channel                                       |        or|   0|  0|   2|           1|           1|
    |ap_sync_channel_write_imgHelper2_rows_channel                                       |        or|   0|  0|   2|           1|           1|
    |ap_sync_channel_write_imgHelper3_cols_channel                                       |        or|   0|  0|   2|           1|           1|
    |ap_sync_channel_write_imgHelper3_rows_channel                                       |        or|   0|  0|   2|           1|           1|
    |ap_sync_channel_write_imgHelper4_cols_channel                                       |        or|   0|  0|   2|           1|           1|
    |ap_sync_channel_write_imgHelper4_rows_channel                                       |        or|   0|  0|   2|           1|           1|
    |ap_sync_channel_write_imgInput_cols_c20_channel                                     |        or|   0|  0|   2|           1|           1|
    |ap_sync_channel_write_imgInput_rows_c19_channel                                     |        or|   0|  0|   2|           1|           1|
    |ap_sync_channel_write_imgOutput_cols_channel                                        |        or|   0|  0|   2|           1|           1|
    |ap_sync_channel_write_imgOutput_rows_channel                                        |        or|   0|  0|   2|           1|           1|
    |ap_sync_channel_write_rgb2hsv_cols_channel                                          |        or|   0|  0|   2|           1|           1|
    |ap_sync_channel_write_rgb2hsv_rows_channel                                          |        or|   0|  0|   2|           1|           1|
    |ap_sync_colorthresholding_9_0_3_2160_3840_1_U0_ap_ready                             |        or|   0|  0|   2|           1|           1|
    |ap_sync_entry_proc31_U0_ap_ready                                                    |        or|   0|  0|   2|           1|           1|
    +------------------------------------------------------------------------------------+----------+----+---+----+------------+------------+
    |Total                                                                               |          |   0|  0|  88|          44|          44|
    +------------------------------------------------------------------------------------+----------+----+---+----+------------+------------+

    * Multiplexer: 
    +----------------------------------------------------------------------------------------+----+-----------+-----+-----------+
    |                                          Name                                          | LUT| Input Size| Bits| Total Bits|
    +----------------------------------------------------------------------------------------+----+-----------+-----+-----------+
    |ap_sync_reg_Array2xfMat_32_9_2160_3840_1_U0_ap_ready                                    |   9|          2|    1|          2|
    |ap_sync_reg_Block_ZN2xf2cv3MatILi9ELi2160ELi3840ELi1ELi2EEC2Eii_exit1_proc_U0_ap_ready  |   9|          2|    1|          2|
    |ap_sync_reg_channel_write_imgHelper1_cols_channel                                       |   9|          2|    1|          2|
    |ap_sync_reg_channel_write_imgHelper1_rows_channel                                       |   9|          2|    1|          2|
    |ap_sync_reg_channel_write_imgHelper2_cols_channel                                       |   9|          2|    1|          2|
    |ap_sync_reg_channel_write_imgHelper2_rows_channel                                       |   9|          2|    1|          2|
    |ap_sync_reg_channel_write_imgHelper3_cols_channel                                       |   9|          2|    1|          2|
    |ap_sync_reg_channel_write_imgHelper3_rows_channel                                       |   9|          2|    1|          2|
    |ap_sync_reg_channel_write_imgHelper4_cols_channel                                       |   9|          2|    1|          2|
    |ap_sync_reg_channel_write_imgHelper4_rows_channel                                       |   9|          2|    1|          2|
    |ap_sync_reg_channel_write_imgInput_cols_c20_channel                                     |   9|          2|    1|          2|
    |ap_sync_reg_channel_write_imgInput_rows_c19_channel                                     |   9|          2|    1|          2|
    |ap_sync_reg_channel_write_imgOutput_cols_channel                                        |   9|          2|    1|          2|
    |ap_sync_reg_channel_write_imgOutput_rows_channel                                        |   9|          2|    1|          2|
    |ap_sync_reg_channel_write_rgb2hsv_cols_channel                                          |   9|          2|    1|          2|
    |ap_sync_reg_channel_write_rgb2hsv_rows_channel                                          |   9|          2|    1|          2|
    |ap_sync_reg_colorthresholding_9_0_3_2160_3840_1_U0_ap_ready                             |   9|          2|    1|          2|
    |ap_sync_reg_entry_proc31_U0_ap_ready                                                    |   9|          2|    1|          2|
    +----------------------------------------------------------------------------------------+----+-----------+-----+-----------+
    |Total                                                                                   | 162|         36|   18|         36|
    +----------------------------------------------------------------------------------------+----+-----------+-----+-----------+

    * Register: 
    +----------------------------------------------------------------------------------------+---+----+-----+-----------+
    |                                          Name                                          | FF| LUT| Bits| Const Bits|
    +----------------------------------------------------------------------------------------+---+----+-----+-----------+
    |ap_rst_n_inv                                                                            |  1|   0|    1|          0|
    |ap_rst_reg_1                                                                            |  1|   0|    1|          0|
    |ap_rst_reg_2                                                                            |  1|   0|    1|          0|
    |ap_sync_reg_Array2xfMat_32_9_2160_3840_1_U0_ap_ready                                    |  1|   0|    1|          0|
    |ap_sync_reg_Block_ZN2xf2cv3MatILi9ELi2160ELi3840ELi1ELi2EEC2Eii_exit1_proc_U0_ap_ready  |  1|   0|    1|          0|
    |ap_sync_reg_channel_write_imgHelper1_cols_channel                                       |  1|   0|    1|          0|
    |ap_sync_reg_channel_write_imgHelper1_rows_channel                                       |  1|   0|    1|          0|
    |ap_sync_reg_channel_write_imgHelper2_cols_channel                                       |  1|   0|    1|          0|
    |ap_sync_reg_channel_write_imgHelper2_rows_channel                                       |  1|   0|    1|          0|
    |ap_sync_reg_channel_write_imgHelper3_cols_channel                                       |  1|   0|    1|          0|
    |ap_sync_reg_channel_write_imgHelper3_rows_channel                                       |  1|   0|    1|          0|
    |ap_sync_reg_channel_write_imgHelper4_cols_channel                                       |  1|   0|    1|          0|
    |ap_sync_reg_channel_write_imgHelper4_rows_channel                                       |  1|   0|    1|          0|
    |ap_sync_reg_channel_write_imgInput_cols_c20_channel                                     |  1|   0|    1|          0|
    |ap_sync_reg_channel_write_imgInput_rows_c19_channel                                     |  1|   0|    1|          0|
    |ap_sync_reg_channel_write_imgOutput_cols_channel                                        |  1|   0|    1|          0|
    |ap_sync_reg_channel_write_imgOutput_rows_channel                                        |  1|   0|    1|          0|
    |ap_sync_reg_channel_write_rgb2hsv_cols_channel                                          |  1|   0|    1|          0|
    |ap_sync_reg_channel_write_rgb2hsv_rows_channel                                          |  1|   0|    1|          0|
    |ap_sync_reg_colorthresholding_9_0_3_2160_3840_1_U0_ap_ready                             |  1|   0|    1|          0|
    |ap_sync_reg_entry_proc31_U0_ap_ready                                                    |  1|   0|    1|          0|
    +----------------------------------------------------------------------------------------+---+----+-----+-----------+
    |Total                                                                                   | 21|   0|   21|          0|
    +----------------------------------------------------------------------------------------+---+----+-----+-----------+



================================================================
== Interface
================================================================
* Summary: 
+-----------------------+-----+-----+---------------+--------------+--------------+
|       RTL Ports       | Dir | Bits|    Protocol   | Source Object|    C Type    |
+-----------------------+-----+-----+---------------+--------------+--------------+
|s_axi_control_AWVALID  |   in|    1|          s_axi|       control|        scalar|
|s_axi_control_AWREADY  |  out|    1|          s_axi|       control|        scalar|
|s_axi_control_AWADDR   |   in|    7|          s_axi|       control|        scalar|
|s_axi_control_WVALID   |   in|    1|          s_axi|       control|        scalar|
|s_axi_control_WREADY   |  out|    1|          s_axi|       control|        scalar|
|s_axi_control_WDATA    |   in|   32|          s_axi|       control|        scalar|
|s_axi_control_WSTRB    |   in|    4|          s_axi|       control|        scalar|
|s_axi_control_ARVALID  |   in|    1|          s_axi|       control|        scalar|
|s_axi_control_ARREADY  |  out|    1|          s_axi|       control|        scalar|
|s_axi_control_ARADDR   |   in|    7|          s_axi|       control|        scalar|
|s_axi_control_RVALID   |  out|    1|          s_axi|       control|        scalar|
|s_axi_control_RREADY   |   in|    1|          s_axi|       control|        scalar|
|s_axi_control_RDATA    |  out|   32|          s_axi|       control|        scalar|
|s_axi_control_RRESP    |  out|    2|          s_axi|       control|        scalar|
|s_axi_control_BVALID   |  out|    1|          s_axi|       control|        scalar|
|s_axi_control_BREADY   |   in|    1|          s_axi|       control|        scalar|
|s_axi_control_BRESP    |  out|    2|          s_axi|       control|        scalar|
|ap_local_block         |  out|    1|  ap_ctrl_chain|  color_detect|  return value|
|ap_clk                 |   in|    1|  ap_ctrl_chain|  color_detect|  return value|
|ap_rst_n               |   in|    1|  ap_ctrl_chain|  color_detect|  return value|
|interrupt              |  out|    1|  ap_ctrl_chain|  color_detect|  return value|
|m_axi_gmem0_AWVALID    |  out|    1|          m_axi|         gmem0|       pointer|
|m_axi_gmem0_AWREADY    |   in|    1|          m_axi|         gmem0|       pointer|
|m_axi_gmem0_AWADDR     |  out|   64|          m_axi|         gmem0|       pointer|
|m_axi_gmem0_AWID       |  out|    1|          m_axi|         gmem0|       pointer|
|m_axi_gmem0_AWLEN      |  out|    8|          m_axi|         gmem0|       pointer|
|m_axi_gmem0_AWSIZE     |  out|    3|          m_axi|         gmem0|       pointer|
|m_axi_gmem0_AWBURST    |  out|    2|          m_axi|         gmem0|       pointer|
|m_axi_gmem0_AWLOCK     |  out|    2|          m_axi|         gmem0|       pointer|
|m_axi_gmem0_AWCACHE    |  out|    4|          m_axi|         gmem0|       pointer|
|m_axi_gmem0_AWPROT     |  out|    3|          m_axi|         gmem0|       pointer|
|m_axi_gmem0_AWQOS      |  out|    4|          m_axi|         gmem0|       pointer|
|m_axi_gmem0_AWREGION   |  out|    4|          m_axi|         gmem0|       pointer|
|m_axi_gmem0_AWUSER     |  out|    1|          m_axi|         gmem0|       pointer|
|m_axi_gmem0_WVALID     |  out|    1|          m_axi|         gmem0|       pointer|
|m_axi_gmem0_WREADY     |   in|    1|          m_axi|         gmem0|       pointer|
|m_axi_gmem0_WDATA      |  out|   32|          m_axi|         gmem0|       pointer|
|m_axi_gmem0_WSTRB      |  out|    4|          m_axi|         gmem0|       pointer|
|m_axi_gmem0_WLAST      |  out|    1|          m_axi|         gmem0|       pointer|
|m_axi_gmem0_WID        |  out|    1|          m_axi|         gmem0|       pointer|
|m_axi_gmem0_WUSER      |  out|    1|          m_axi|         gmem0|       pointer|
|m_axi_gmem0_ARVALID    |  out|    1|          m_axi|         gmem0|       pointer|
|m_axi_gmem0_ARREADY    |   in|    1|          m_axi|         gmem0|       pointer|
|m_axi_gmem0_ARADDR     |  out|   64|          m_axi|         gmem0|       pointer|
|m_axi_gmem0_ARID       |  out|    1|          m_axi|         gmem0|       pointer|
|m_axi_gmem0_ARLEN      |  out|    8|          m_axi|         gmem0|       pointer|
|m_axi_gmem0_ARSIZE     |  out|    3|          m_axi|         gmem0|       pointer|
|m_axi_gmem0_ARBURST    |  out|    2|          m_axi|         gmem0|       pointer|
|m_axi_gmem0_ARLOCK     |  out|    2|          m_axi|         gmem0|       pointer|
|m_axi_gmem0_ARCACHE    |  out|    4|          m_axi|         gmem0|       pointer|
|m_axi_gmem0_ARPROT     |  out|    3|          m_axi|         gmem0|       pointer|
|m_axi_gmem0_ARQOS      |  out|    4|          m_axi|         gmem0|       pointer|
|m_axi_gmem0_ARREGION   |  out|    4|          m_axi|         gmem0|       pointer|
|m_axi_gmem0_ARUSER     |  out|    1|          m_axi|         gmem0|       pointer|
|m_axi_gmem0_RVALID     |   in|    1|          m_axi|         gmem0|       pointer|
|m_axi_gmem0_RREADY     |  out|    1|          m_axi|         gmem0|       pointer|
|m_axi_gmem0_RDATA      |   in|   32|          m_axi|         gmem0|       pointer|
|m_axi_gmem0_RLAST      |   in|    1|          m_axi|         gmem0|       pointer|
|m_axi_gmem0_RID        |   in|    1|          m_axi|         gmem0|       pointer|
|m_axi_gmem0_RUSER      |   in|    1|          m_axi|         gmem0|       pointer|
|m_axi_gmem0_RRESP      |   in|    2|          m_axi|         gmem0|       pointer|
|m_axi_gmem0_BVALID     |   in|    1|          m_axi|         gmem0|       pointer|
|m_axi_gmem0_BREADY     |  out|    1|          m_axi|         gmem0|       pointer|
|m_axi_gmem0_BRESP      |   in|    2|          m_axi|         gmem0|       pointer|
|m_axi_gmem0_BID        |   in|    1|          m_axi|         gmem0|       pointer|
|m_axi_gmem0_BUSER      |   in|    1|          m_axi|         gmem0|       pointer|
|m_axi_gmem1_AWVALID    |  out|    1|          m_axi|         gmem1|       pointer|
|m_axi_gmem1_AWREADY    |   in|    1|          m_axi|         gmem1|       pointer|
|m_axi_gmem1_AWADDR     |  out|   64|          m_axi|         gmem1|       pointer|
|m_axi_gmem1_AWID       |  out|    1|          m_axi|         gmem1|       pointer|
|m_axi_gmem1_AWLEN      |  out|    8|          m_axi|         gmem1|       pointer|
|m_axi_gmem1_AWSIZE     |  out|    3|          m_axi|         gmem1|       pointer|
|m_axi_gmem1_AWBURST    |  out|    2|          m_axi|         gmem1|       pointer|
|m_axi_gmem1_AWLOCK     |  out|    2|          m_axi|         gmem1|       pointer|
|m_axi_gmem1_AWCACHE    |  out|    4|          m_axi|         gmem1|       pointer|
|m_axi_gmem1_AWPROT     |  out|    3|          m_axi|         gmem1|       pointer|
|m_axi_gmem1_AWQOS      |  out|    4|          m_axi|         gmem1|       pointer|
|m_axi_gmem1_AWREGION   |  out|    4|          m_axi|         gmem1|       pointer|
|m_axi_gmem1_AWUSER     |  out|    1|          m_axi|         gmem1|       pointer|
|m_axi_gmem1_WVALID     |  out|    1|          m_axi|         gmem1|       pointer|
|m_axi_gmem1_WREADY     |   in|    1|          m_axi|         gmem1|       pointer|
|m_axi_gmem1_WDATA      |  out|   32|          m_axi|         gmem1|       pointer|
|m_axi_gmem1_WSTRB      |  out|    4|          m_axi|         gmem1|       pointer|
|m_axi_gmem1_WLAST      |  out|    1|          m_axi|         gmem1|       pointer|
|m_axi_gmem1_WID        |  out|    1|          m_axi|         gmem1|       pointer|
|m_axi_gmem1_WUSER      |  out|    1|          m_axi|         gmem1|       pointer|
|m_axi_gmem1_ARVALID    |  out|    1|          m_axi|         gmem1|       pointer|
|m_axi_gmem1_ARREADY    |   in|    1|          m_axi|         gmem1|       pointer|
|m_axi_gmem1_ARADDR     |  out|   64|          m_axi|         gmem1|       pointer|
|m_axi_gmem1_ARID       |  out|    1|          m_axi|         gmem1|       pointer|
|m_axi_gmem1_ARLEN      |  out|    8|          m_axi|         gmem1|       pointer|
|m_axi_gmem1_ARSIZE     |  out|    3|          m_axi|         gmem1|       pointer|
|m_axi_gmem1_ARBURST    |  out|    2|          m_axi|         gmem1|       pointer|
|m_axi_gmem1_ARLOCK     |  out|    2|          m_axi|         gmem1|       pointer|
|m_axi_gmem1_ARCACHE    |  out|    4|          m_axi|         gmem1|       pointer|
|m_axi_gmem1_ARPROT     |  out|    3|          m_axi|         gmem1|       pointer|
|m_axi_gmem1_ARQOS      |  out|    4|          m_axi|         gmem1|       pointer|
|m_axi_gmem1_ARREGION   |  out|    4|          m_axi|         gmem1|       pointer|
|m_axi_gmem1_ARUSER     |  out|    1|          m_axi|         gmem1|       pointer|
|m_axi_gmem1_RVALID     |   in|    1|          m_axi|         gmem1|       pointer|
|m_axi_gmem1_RREADY     |  out|    1|          m_axi|         gmem1|       pointer|
|m_axi_gmem1_RDATA      |   in|   32|          m_axi|         gmem1|       pointer|
|m_axi_gmem1_RLAST      |   in|    1|          m_axi|         gmem1|       pointer|
|m_axi_gmem1_RID        |   in|    1|          m_axi|         gmem1|       pointer|
|m_axi_gmem1_RUSER      |   in|    1|          m_axi|         gmem1|       pointer|
|m_axi_gmem1_RRESP      |   in|    2|          m_axi|         gmem1|       pointer|
|m_axi_gmem1_BVALID     |   in|    1|          m_axi|         gmem1|       pointer|
|m_axi_gmem1_BREADY     |  out|    1|          m_axi|         gmem1|       pointer|
|m_axi_gmem1_BRESP      |   in|    2|          m_axi|         gmem1|       pointer|
|m_axi_gmem1_BID        |   in|    1|          m_axi|         gmem1|       pointer|
|m_axi_gmem1_BUSER      |   in|    1|          m_axi|         gmem1|       pointer|
|m_axi_gmem2_AWVALID    |  out|    1|          m_axi|         gmem2|       pointer|
|m_axi_gmem2_AWREADY    |   in|    1|          m_axi|         gmem2|       pointer|
|m_axi_gmem2_AWADDR     |  out|   64|          m_axi|         gmem2|       pointer|
|m_axi_gmem2_AWID       |  out|    1|          m_axi|         gmem2|       pointer|
|m_axi_gmem2_AWLEN      |  out|    8|          m_axi|         gmem2|       pointer|
|m_axi_gmem2_AWSIZE     |  out|    3|          m_axi|         gmem2|       pointer|
|m_axi_gmem2_AWBURST    |  out|    2|          m_axi|         gmem2|       pointer|
|m_axi_gmem2_AWLOCK     |  out|    2|          m_axi|         gmem2|       pointer|
|m_axi_gmem2_AWCACHE    |  out|    4|          m_axi|         gmem2|       pointer|
|m_axi_gmem2_AWPROT     |  out|    3|          m_axi|         gmem2|       pointer|
|m_axi_gmem2_AWQOS      |  out|    4|          m_axi|         gmem2|       pointer|
|m_axi_gmem2_AWREGION   |  out|    4|          m_axi|         gmem2|       pointer|
|m_axi_gmem2_AWUSER     |  out|    1|          m_axi|         gmem2|       pointer|
|m_axi_gmem2_WVALID     |  out|    1|          m_axi|         gmem2|       pointer|
|m_axi_gmem2_WREADY     |   in|    1|          m_axi|         gmem2|       pointer|
|m_axi_gmem2_WDATA      |  out|   32|          m_axi|         gmem2|       pointer|
|m_axi_gmem2_WSTRB      |  out|    4|          m_axi|         gmem2|       pointer|
|m_axi_gmem2_WLAST      |  out|    1|          m_axi|         gmem2|       pointer|
|m_axi_gmem2_WID        |  out|    1|          m_axi|         gmem2|       pointer|
|m_axi_gmem2_WUSER      |  out|    1|          m_axi|         gmem2|       pointer|
|m_axi_gmem2_ARVALID    |  out|    1|          m_axi|         gmem2|       pointer|
|m_axi_gmem2_ARREADY    |   in|    1|          m_axi|         gmem2|       pointer|
|m_axi_gmem2_ARADDR     |  out|   64|          m_axi|         gmem2|       pointer|
|m_axi_gmem2_ARID       |  out|    1|          m_axi|         gmem2|       pointer|
|m_axi_gmem2_ARLEN      |  out|    8|          m_axi|         gmem2|       pointer|
|m_axi_gmem2_ARSIZE     |  out|    3|          m_axi|         gmem2|       pointer|
|m_axi_gmem2_ARBURST    |  out|    2|          m_axi|         gmem2|       pointer|
|m_axi_gmem2_ARLOCK     |  out|    2|          m_axi|         gmem2|       pointer|
|m_axi_gmem2_ARCACHE    |  out|    4|          m_axi|         gmem2|       pointer|
|m_axi_gmem2_ARPROT     |  out|    3|          m_axi|         gmem2|       pointer|
|m_axi_gmem2_ARQOS      |  out|    4|          m_axi|         gmem2|       pointer|
|m_axi_gmem2_ARREGION   |  out|    4|          m_axi|         gmem2|       pointer|
|m_axi_gmem2_ARUSER     |  out|    1|          m_axi|         gmem2|       pointer|
|m_axi_gmem2_RVALID     |   in|    1|          m_axi|         gmem2|       pointer|
|m_axi_gmem2_RREADY     |  out|    1|          m_axi|         gmem2|       pointer|
|m_axi_gmem2_RDATA      |   in|   32|          m_axi|         gmem2|       pointer|
|m_axi_gmem2_RLAST      |   in|    1|          m_axi|         gmem2|       pointer|
|m_axi_gmem2_RID        |   in|    1|          m_axi|         gmem2|       pointer|
|m_axi_gmem2_RUSER      |   in|    1|          m_axi|         gmem2|       pointer|
|m_axi_gmem2_RRESP      |   in|    2|          m_axi|         gmem2|       pointer|
|m_axi_gmem2_BVALID     |   in|    1|          m_axi|         gmem2|       pointer|
|m_axi_gmem2_BREADY     |  out|    1|          m_axi|         gmem2|       pointer|
|m_axi_gmem2_BRESP      |   in|    2|          m_axi|         gmem2|       pointer|
|m_axi_gmem2_BID        |   in|    1|          m_axi|         gmem2|       pointer|
|m_axi_gmem2_BUSER      |   in|    1|          m_axi|         gmem2|       pointer|
|m_axi_gmem3_AWVALID    |  out|    1|          m_axi|         gmem3|       pointer|
|m_axi_gmem3_AWREADY    |   in|    1|          m_axi|         gmem3|       pointer|
|m_axi_gmem3_AWADDR     |  out|   64|          m_axi|         gmem3|       pointer|
|m_axi_gmem3_AWID       |  out|    1|          m_axi|         gmem3|       pointer|
|m_axi_gmem3_AWLEN      |  out|    8|          m_axi|         gmem3|       pointer|
|m_axi_gmem3_AWSIZE     |  out|    3|          m_axi|         gmem3|       pointer|
|m_axi_gmem3_AWBURST    |  out|    2|          m_axi|         gmem3|       pointer|
|m_axi_gmem3_AWLOCK     |  out|    2|          m_axi|         gmem3|       pointer|
|m_axi_gmem3_AWCACHE    |  out|    4|          m_axi|         gmem3|       pointer|
|m_axi_gmem3_AWPROT     |  out|    3|          m_axi|         gmem3|       pointer|
|m_axi_gmem3_AWQOS      |  out|    4|          m_axi|         gmem3|       pointer|
|m_axi_gmem3_AWREGION   |  out|    4|          m_axi|         gmem3|       pointer|
|m_axi_gmem3_AWUSER     |  out|    1|          m_axi|         gmem3|       pointer|
|m_axi_gmem3_WVALID     |  out|    1|          m_axi|         gmem3|       pointer|
|m_axi_gmem3_WREADY     |   in|    1|          m_axi|         gmem3|       pointer|
|m_axi_gmem3_WDATA      |  out|   32|          m_axi|         gmem3|       pointer|
|m_axi_gmem3_WSTRB      |  out|    4|          m_axi|         gmem3|       pointer|
|m_axi_gmem3_WLAST      |  out|    1|          m_axi|         gmem3|       pointer|
|m_axi_gmem3_WID        |  out|    1|          m_axi|         gmem3|       pointer|
|m_axi_gmem3_WUSER      |  out|    1|          m_axi|         gmem3|       pointer|
|m_axi_gmem3_ARVALID    |  out|    1|          m_axi|         gmem3|       pointer|
|m_axi_gmem3_ARREADY    |   in|    1|          m_axi|         gmem3|       pointer|
|m_axi_gmem3_ARADDR     |  out|   64|          m_axi|         gmem3|       pointer|
|m_axi_gmem3_ARID       |  out|    1|          m_axi|         gmem3|       pointer|
|m_axi_gmem3_ARLEN      |  out|    8|          m_axi|         gmem3|       pointer|
|m_axi_gmem3_ARSIZE     |  out|    3|          m_axi|         gmem3|       pointer|
|m_axi_gmem3_ARBURST    |  out|    2|          m_axi|         gmem3|       pointer|
|m_axi_gmem3_ARLOCK     |  out|    2|          m_axi|         gmem3|       pointer|
|m_axi_gmem3_ARCACHE    |  out|    4|          m_axi|         gmem3|       pointer|
|m_axi_gmem3_ARPROT     |  out|    3|          m_axi|         gmem3|       pointer|
|m_axi_gmem3_ARQOS      |  out|    4|          m_axi|         gmem3|       pointer|
|m_axi_gmem3_ARREGION   |  out|    4|          m_axi|         gmem3|       pointer|
|m_axi_gmem3_ARUSER     |  out|    1|          m_axi|         gmem3|       pointer|
|m_axi_gmem3_RVALID     |   in|    1|          m_axi|         gmem3|       pointer|
|m_axi_gmem3_RREADY     |  out|    1|          m_axi|         gmem3|       pointer|
|m_axi_gmem3_RDATA      |   in|   32|          m_axi|         gmem3|       pointer|
|m_axi_gmem3_RLAST      |   in|    1|          m_axi|         gmem3|       pointer|
|m_axi_gmem3_RID        |   in|    1|          m_axi|         gmem3|       pointer|
|m_axi_gmem3_RUSER      |   in|    1|          m_axi|         gmem3|       pointer|
|m_axi_gmem3_RRESP      |   in|    2|          m_axi|         gmem3|       pointer|
|m_axi_gmem3_BVALID     |   in|    1|          m_axi|         gmem3|       pointer|
|m_axi_gmem3_BREADY     |  out|    1|          m_axi|         gmem3|       pointer|
|m_axi_gmem3_BRESP      |   in|    2|          m_axi|         gmem3|       pointer|
|m_axi_gmem3_BID        |   in|    1|          m_axi|         gmem3|       pointer|
|m_axi_gmem3_BUSER      |   in|    1|          m_axi|         gmem3|       pointer|
|m_axi_gmem4_AWVALID    |  out|    1|          m_axi|         gmem4|       pointer|
|m_axi_gmem4_AWREADY    |   in|    1|          m_axi|         gmem4|       pointer|
|m_axi_gmem4_AWADDR     |  out|   64|          m_axi|         gmem4|       pointer|
|m_axi_gmem4_AWID       |  out|    1|          m_axi|         gmem4|       pointer|
|m_axi_gmem4_AWLEN      |  out|    8|          m_axi|         gmem4|       pointer|
|m_axi_gmem4_AWSIZE     |  out|    3|          m_axi|         gmem4|       pointer|
|m_axi_gmem4_AWBURST    |  out|    2|          m_axi|         gmem4|       pointer|
|m_axi_gmem4_AWLOCK     |  out|    2|          m_axi|         gmem4|       pointer|
|m_axi_gmem4_AWCACHE    |  out|    4|          m_axi|         gmem4|       pointer|
|m_axi_gmem4_AWPROT     |  out|    3|          m_axi|         gmem4|       pointer|
|m_axi_gmem4_AWQOS      |  out|    4|          m_axi|         gmem4|       pointer|
|m_axi_gmem4_AWREGION   |  out|    4|          m_axi|         gmem4|       pointer|
|m_axi_gmem4_AWUSER     |  out|    1|          m_axi|         gmem4|       pointer|
|m_axi_gmem4_WVALID     |  out|    1|          m_axi|         gmem4|       pointer|
|m_axi_gmem4_WREADY     |   in|    1|          m_axi|         gmem4|       pointer|
|m_axi_gmem4_WDATA      |  out|   32|          m_axi|         gmem4|       pointer|
|m_axi_gmem4_WSTRB      |  out|    4|          m_axi|         gmem4|       pointer|
|m_axi_gmem4_WLAST      |  out|    1|          m_axi|         gmem4|       pointer|
|m_axi_gmem4_WID        |  out|    1|          m_axi|         gmem4|       pointer|
|m_axi_gmem4_WUSER      |  out|    1|          m_axi|         gmem4|       pointer|
|m_axi_gmem4_ARVALID    |  out|    1|          m_axi|         gmem4|       pointer|
|m_axi_gmem4_ARREADY    |   in|    1|          m_axi|         gmem4|       pointer|
|m_axi_gmem4_ARADDR     |  out|   64|          m_axi|         gmem4|       pointer|
|m_axi_gmem4_ARID       |  out|    1|          m_axi|         gmem4|       pointer|
|m_axi_gmem4_ARLEN      |  out|    8|          m_axi|         gmem4|       pointer|
|m_axi_gmem4_ARSIZE     |  out|    3|          m_axi|         gmem4|       pointer|
|m_axi_gmem4_ARBURST    |  out|    2|          m_axi|         gmem4|       pointer|
|m_axi_gmem4_ARLOCK     |  out|    2|          m_axi|         gmem4|       pointer|
|m_axi_gmem4_ARCACHE    |  out|    4|          m_axi|         gmem4|       pointer|
|m_axi_gmem4_ARPROT     |  out|    3|          m_axi|         gmem4|       pointer|
|m_axi_gmem4_ARQOS      |  out|    4|          m_axi|         gmem4|       pointer|
|m_axi_gmem4_ARREGION   |  out|    4|          m_axi|         gmem4|       pointer|
|m_axi_gmem4_ARUSER     |  out|    1|          m_axi|         gmem4|       pointer|
|m_axi_gmem4_RVALID     |   in|    1|          m_axi|         gmem4|       pointer|
|m_axi_gmem4_RREADY     |  out|    1|          m_axi|         gmem4|       pointer|
|m_axi_gmem4_RDATA      |   in|   32|          m_axi|         gmem4|       pointer|
|m_axi_gmem4_RLAST      |   in|    1|          m_axi|         gmem4|       pointer|
|m_axi_gmem4_RID        |   in|    1|          m_axi|         gmem4|       pointer|
|m_axi_gmem4_RUSER      |   in|    1|          m_axi|         gmem4|       pointer|
|m_axi_gmem4_RRESP      |   in|    2|          m_axi|         gmem4|       pointer|
|m_axi_gmem4_BVALID     |   in|    1|          m_axi|         gmem4|       pointer|
|m_axi_gmem4_BREADY     |  out|    1|          m_axi|         gmem4|       pointer|
|m_axi_gmem4_BRESP      |   in|    2|          m_axi|         gmem4|       pointer|
|m_axi_gmem4_BID        |   in|    1|          m_axi|         gmem4|       pointer|
|m_axi_gmem4_BUSER      |   in|    1|          m_axi|         gmem4|       pointer|
+-----------------------+-----+-----+---------------+--------------+--------------+

