

================================================================
== Vitis HLS Report for 'mmult'
================================================================
* Date:           Thu Mar 17 14:53:03 2022

* Version:        2021.2 (Build 3367213 on Tue Oct 19 02:47:39 MDT 2021)
* Project:        mmult
* Solution:       solution (Vitis Kernel Flow Target)
* Product family: virtexuplus
* Target device:  xcu50-fsvh2104-2-e


================================================================
== Performance Estimates
================================================================
+ Timing: 
    * Summary: 
    +--------+---------+----------+------------+
    |  Clock |  Target | Estimated| Uncertainty|
    +--------+---------+----------+------------+
    |ap_clk  |  3.33 ns|  2.433 ns|     0.90 ns|
    +--------+---------+----------+------------+

+ Latency: 
    * Summary: 
    +---------+---------+----------+-----------+------+------+---------+
    |  Latency (cycles) |  Latency (absolute)  |   Interval  | Pipeline|
    |   min   |   max   |    min   |    max    |  min |  max |   Type  |
    +---------+---------+----------+-----------+------+------+---------+
    |     1038|     4330|  3.460 us|  14.432 us|  1039|  4331|       no|
    +---------+---------+----------+-----------+------+------+---------+

    + Detail: 
        * Instance: 
        +-----------------------------------------------+------------------------------------+---------+---------+----------+----------+------+------+---------+
        |                                               |                                    |  Latency (cycles) |  Latency (absolute) |   Interval  | Pipeline|
        |                    Instance                   |               Module               |   min   |   max   |    min   |    max   |  min |  max |   Type  |
        +-----------------------------------------------+------------------------------------+---------+---------+----------+----------+------+------+---------+
        |grp_mmult_Pipeline_lreorder1_lreorder2_fu_381  |mmult_Pipeline_lreorder1_lreorder2  |     1030|     1030|  3.433 us|  3.433 us|  1030|  1030|       no|
        |grp_mmult_Pipeline_readA_fu_453                |mmult_Pipeline_readA                |     1027|     1027|  3.423 us|  3.423 us|  1027|  1027|       no|
        |grp_mmult_Pipeline_readB_fu_463                |mmult_Pipeline_readB                |     1027|     1027|  3.423 us|  3.423 us|  1027|  1027|       no|
        |grp_mmult_Pipeline_writeC_fu_504               |mmult_Pipeline_writeC               |     1027|     1027|  3.423 us|  3.423 us|  1027|  1027|       no|
        +-----------------------------------------------+------------------------------------+---------+---------+----------+----------+------+------+---------+

        * Loop: 
        N/A



================================================================
== Utilization Estimates
================================================================
* Summary: 
+---------------------+---------+------+---------+--------+-----+
|         Name        | BRAM_18K|  DSP |    FF   |   LUT  | URAM|
+---------------------+---------+------+---------+--------+-----+
|DSP                  |        -|     -|        -|       -|    -|
|Expression           |        -|     -|        0|      65|    -|
|FIFO                 |        -|     -|        -|       -|    -|
|Instance             |        2|   105|    10545|    6555|    0|
|Memory               |        2|     -|     2048|    2112|    0|
|Multiplexer          |        -|     -|        -|    3996|    -|
|Register             |        -|     -|      672|       -|    -|
+---------------------+---------+------+---------+--------+-----+
|Total                |        4|   105|    13265|   12728|    0|
+---------------------+---------+------+---------+--------+-----+
|Available SLR        |     1344|  2976|   871680|  435840|  320|
+---------------------+---------+------+---------+--------+-----+
|Utilization SLR (%)  |       ~0|     3|        1|       2|    0|
+---------------------+---------+------+---------+--------+-----+
|Available            |     2688|  5952|  1743360|  871680|  640|
+---------------------+---------+------+---------+--------+-----+
|Utilization (%)      |       ~0|     1|       ~0|       1|    0|
+---------------------+---------+------+---------+--------+-----+

+ Detail: 
    * Instance: 
    +-----------------------------------------------+------------------------------------+---------+----+------+------+-----+
    |                    Instance                   |               Module               | BRAM_18K| DSP|  FF  |  LUT | URAM|
    +-----------------------------------------------+------------------------------------+---------+----+------+------+-----+
    |control_s_axi_U                                |control_s_axi                       |        0|   0|   291|   490|    0|
    |gmem_m_axi_U                                   |gmem_m_axi                          |        2|   0|   512|   580|    0|
    |grp_mmult_Pipeline_lreorder1_lreorder2_fu_381  |mmult_Pipeline_lreorder1_lreorder2  |        0|  96|  8792|  4311|    0|
    |grp_mmult_Pipeline_readA_fu_453                |mmult_Pipeline_readA                |        0|   0|   143|   305|    0|
    |grp_mmult_Pipeline_readB_fu_463                |mmult_Pipeline_readB                |        0|   0|   146|   288|    0|
    |grp_mmult_Pipeline_writeC_fu_504               |mmult_Pipeline_writeC               |        0|   0|   166|   434|    0|
    |mul_32ns_32ns_64_2_1_U182                      |mul_32ns_32ns_64_2_1                |        0|   3|   165|    49|    0|
    |mul_32ns_32ns_64_2_1_U183                      |mul_32ns_32ns_64_2_1                |        0|   3|   165|    49|    0|
    |mul_32s_32s_32_2_1_U181                        |mul_32s_32s_32_2_1                  |        0|   3|   165|    49|    0|
    +-----------------------------------------------+------------------------------------+---------+----+------+------+-----+
    |Total                                          |                                    |        2| 105| 10545|  6555|    0|
    +-----------------------------------------------+------------------------------------+---------+----+------+------+-----+

    * DSP: 
    N/A

    * Memory: 
    +--------+-----------------+---------+----+----+-----+------+-----+------+-------------+
    | Memory |      Module     | BRAM_18K| FF | LUT| URAM| Words| Bits| Banks| W*Bits*Banks|
    +--------+-----------------+---------+----+----+-----+------+-----+------+-------------+
    |A_U     |A_RAM_AUTO_1R1W  |        2|   0|   0|    0|  1024|   32|     1|        32768|
    |B_U     |B_RAM_AUTO_1R1W  |        0|  32|  33|    0|    32|   32|     1|         1024|
    |B_1_U   |B_RAM_AUTO_1R1W  |        0|  32|  33|    0|    32|   32|     1|         1024|
    |B_2_U   |B_RAM_AUTO_1R1W  |        0|  32|  33|    0|    32|   32|     1|         1024|
    |B_3_U   |B_RAM_AUTO_1R1W  |        0|  32|  33|    0|    32|   32|     1|         1024|
    |B_4_U   |B_RAM_AUTO_1R1W  |        0|  32|  33|    0|    32|   32|     1|         1024|
    |B_5_U   |B_RAM_AUTO_1R1W  |        0|  32|  33|    0|    32|   32|     1|         1024|
    |B_6_U   |B_RAM_AUTO_1R1W  |        0|  32|  33|    0|    32|   32|     1|         1024|
    |B_7_U   |B_RAM_AUTO_1R1W  |        0|  32|  33|    0|    32|   32|     1|         1024|
    |B_8_U   |B_RAM_AUTO_1R1W  |        0|  32|  33|    0|    32|   32|     1|         1024|
    |B_9_U   |B_RAM_AUTO_1R1W  |        0|  32|  33|    0|    32|   32|     1|         1024|
    |B_10_U  |B_RAM_AUTO_1R1W  |        0|  32|  33|    0|    32|   32|     1|         1024|
    |B_11_U  |B_RAM_AUTO_1R1W  |        0|  32|  33|    0|    32|   32|     1|         1024|
    |B_12_U  |B_RAM_AUTO_1R1W  |        0|  32|  33|    0|    32|   32|     1|         1024|
    |B_13_U  |B_RAM_AUTO_1R1W  |        0|  32|  33|    0|    32|   32|     1|         1024|
    |B_14_U  |B_RAM_AUTO_1R1W  |        0|  32|  33|    0|    32|   32|     1|         1024|
    |B_15_U  |B_RAM_AUTO_1R1W  |        0|  32|  33|    0|    32|   32|     1|         1024|
    |B_16_U  |B_RAM_AUTO_1R1W  |        0|  32|  33|    0|    32|   32|     1|         1024|
    |B_17_U  |B_RAM_AUTO_1R1W  |        0|  32|  33|    0|    32|   32|     1|         1024|
    |B_18_U  |B_RAM_AUTO_1R1W  |        0|  32|  33|    0|    32|   32|     1|         1024|
    |B_19_U  |B_RAM_AUTO_1R1W  |        0|  32|  33|    0|    32|   32|     1|         1024|
    |B_20_U  |B_RAM_AUTO_1R1W  |        0|  32|  33|    0|    32|   32|     1|         1024|
    |B_21_U  |B_RAM_AUTO_1R1W  |        0|  32|  33|    0|    32|   32|     1|         1024|
    |B_22_U  |B_RAM_AUTO_1R1W  |        0|  32|  33|    0|    32|   32|     1|         1024|
    |B_23_U  |B_RAM_AUTO_1R1W  |        0|  32|  33|    0|    32|   32|     1|         1024|
    |B_24_U  |B_RAM_AUTO_1R1W  |        0|  32|  33|    0|    32|   32|     1|         1024|
    |B_25_U  |B_RAM_AUTO_1R1W  |        0|  32|  33|    0|    32|   32|     1|         1024|
    |B_26_U  |B_RAM_AUTO_1R1W  |        0|  32|  33|    0|    32|   32|     1|         1024|
    |B_27_U  |B_RAM_AUTO_1R1W  |        0|  32|  33|    0|    32|   32|     1|         1024|
    |B_28_U  |B_RAM_AUTO_1R1W  |        0|  32|  33|    0|    32|   32|     1|         1024|
    |B_29_U  |B_RAM_AUTO_1R1W  |        0|  32|  33|    0|    32|   32|     1|         1024|
    |B_30_U  |B_RAM_AUTO_1R1W  |        0|  32|  33|    0|    32|   32|     1|         1024|
    |B_31_U  |B_RAM_AUTO_1R1W  |        0|  32|  33|    0|    32|   32|     1|         1024|
    |C_U     |B_RAM_AUTO_1R1W  |        0|  32|  33|    0|    32|   32|     1|         1024|
    |C_1_U   |B_RAM_AUTO_1R1W  |        0|  32|  33|    0|    32|   32|     1|         1024|
    |C_2_U   |B_RAM_AUTO_1R1W  |        0|  32|  33|    0|    32|   32|     1|         1024|
    |C_3_U   |B_RAM_AUTO_1R1W  |        0|  32|  33|    0|    32|   32|     1|         1024|
    |C_4_U   |B_RAM_AUTO_1R1W  |        0|  32|  33|    0|    32|   32|     1|         1024|
    |C_5_U   |B_RAM_AUTO_1R1W  |        0|  32|  33|    0|    32|   32|     1|         1024|
    |C_6_U   |B_RAM_AUTO_1R1W  |        0|  32|  33|    0|    32|   32|     1|         1024|
    |C_7_U   |B_RAM_AUTO_1R1W  |        0|  32|  33|    0|    32|   32|     1|         1024|
    |C_8_U   |B_RAM_AUTO_1R1W  |        0|  32|  33|    0|    32|   32|     1|         1024|
    |C_9_U   |B_RAM_AUTO_1R1W  |        0|  32|  33|    0|    32|   32|     1|         1024|
    |C_10_U  |B_RAM_AUTO_1R1W  |        0|  32|  33|    0|    32|   32|     1|         1024|
    |C_11_U  |B_RAM_AUTO_1R1W  |        0|  32|  33|    0|    32|   32|     1|         1024|
    |C_12_U  |B_RAM_AUTO_1R1W  |        0|  32|  33|    0|    32|   32|     1|         1024|
    |C_13_U  |B_RAM_AUTO_1R1W  |        0|  32|  33|    0|    32|   32|     1|         1024|
    |C_14_U  |B_RAM_AUTO_1R1W  |        0|  32|  33|    0|    32|   32|     1|         1024|
    |C_15_U  |B_RAM_AUTO_1R1W  |        0|  32|  33|    0|    32|   32|     1|         1024|
    |C_16_U  |B_RAM_AUTO_1R1W  |        0|  32|  33|    0|    32|   32|     1|         1024|
    |C_17_U  |B_RAM_AUTO_1R1W  |        0|  32|  33|    0|    32|   32|     1|         1024|
    |C_18_U  |B_RAM_AUTO_1R1W  |        0|  32|  33|    0|    32|   32|     1|         1024|
    |C_19_U  |B_RAM_AUTO_1R1W  |        0|  32|  33|    0|    32|   32|     1|         1024|
    |C_20_U  |B_RAM_AUTO_1R1W  |        0|  32|  33|    0|    32|   32|     1|         1024|
    |C_21_U  |B_RAM_AUTO_1R1W  |        0|  32|  33|    0|    32|   32|     1|         1024|
    |C_22_U  |B_RAM_AUTO_1R1W  |        0|  32|  33|    0|    32|   32|     1|         1024|
    |C_23_U  |B_RAM_AUTO_1R1W  |        0|  32|  33|    0|    32|   32|     1|         1024|
    |C_24_U  |B_RAM_AUTO_1R1W  |        0|  32|  33|    0|    32|   32|     1|         1024|
    |C_25_U  |B_RAM_AUTO_1R1W  |        0|  32|  33|    0|    32|   32|     1|         1024|
    |C_26_U  |B_RAM_AUTO_1R1W  |        0|  32|  33|    0|    32|   32|     1|         1024|
    |C_27_U  |B_RAM_AUTO_1R1W  |        0|  32|  33|    0|    32|   32|     1|         1024|
    |C_28_U  |B_RAM_AUTO_1R1W  |        0|  32|  33|    0|    32|   32|     1|         1024|
    |C_29_U  |B_RAM_AUTO_1R1W  |        0|  32|  33|    0|    32|   32|     1|         1024|
    |C_30_U  |B_RAM_AUTO_1R1W  |        0|  32|  33|    0|    32|   32|     1|         1024|
    |C_31_U  |B_RAM_AUTO_1R1W  |        0|  32|  33|    0|    32|   32|     1|         1024|
    +--------+-----------------+---------+----+----+-----+------+-----+------+-------------+
    |Total   |                 |        2|2048|2112|    0|  3072| 2080|    65|        98304|
    +--------+-----------------+---------+----+----+-----+------+-----+------+-------------+

    * FIFO: 
    N/A

    * Expression: 
    +---------------------+----------+----+---+----+------------+------------+
    |    Variable Name    | Operation| DSP| FF| LUT| Bitwidth P0| Bitwidth P1|
    +---------------------+----------+----+---+----+------------+------------+
    |grp_fu_545_p2        |         +|   0|  0|  39|          32|           2|
    |ap_block_state223    |       and|   0|  0|   2|           1|           1|
    |ap_block_state5_io   |       and|   0|  0|   2|           1|           1|
    |icmp_ln80_fu_560_p2  |      icmp|   0|  0|  20|          32|           1|
    |ap_block_state1      |        or|   0|  0|   2|           1|           1|
    +---------------------+----------+----+---+----+------------+------------+
    |Total                |          |   0|  0|  65|          67|           6|
    +---------------------+----------+----+---+----+------------+------------+

    * Multiplexer: 
    +-----------------------------------------------------+------+-----------+-----+-----------+
    |                         Name                        |  LUT | Input Size| Bits| Total Bits|
    +-----------------------------------------------------+------+-----------+-----+-----------+
    |A_address0                                           |    14|          3|   10|         30|
    |A_ce0                                                |    14|          3|    1|          3|
    |A_we0                                                |     9|          2|    1|          2|
    |B_10_address0                                        |    14|          3|    5|         15|
    |B_10_ce0                                             |    14|          3|    1|          3|
    |B_10_we0                                             |     9|          2|    1|          2|
    |B_11_address0                                        |    14|          3|    5|         15|
    |B_11_ce0                                             |    14|          3|    1|          3|
    |B_11_we0                                             |     9|          2|    1|          2|
    |B_12_address0                                        |    14|          3|    5|         15|
    |B_12_ce0                                             |    14|          3|    1|          3|
    |B_12_we0                                             |     9|          2|    1|          2|
    |B_13_address0                                        |    14|          3|    5|         15|
    |B_13_ce0                                             |    14|          3|    1|          3|
    |B_13_we0                                             |     9|          2|    1|          2|
    |B_14_address0                                        |    14|          3|    5|         15|
    |B_14_ce0                                             |    14|          3|    1|          3|
    |B_14_we0                                             |     9|          2|    1|          2|
    |B_15_address0                                        |    14|          3|    5|         15|
    |B_15_ce0                                             |    14|          3|    1|          3|
    |B_15_we0                                             |     9|          2|    1|          2|
    |B_16_address0                                        |    14|          3|    5|         15|
    |B_16_ce0                                             |    14|          3|    1|          3|
    |B_16_we0                                             |     9|          2|    1|          2|
    |B_17_address0                                        |    14|          3|    5|         15|
    |B_17_ce0                                             |    14|          3|    1|          3|
    |B_17_we0                                             |     9|          2|    1|          2|
    |B_18_address0                                        |    14|          3|    5|         15|
    |B_18_ce0                                             |    14|          3|    1|          3|
    |B_18_we0                                             |     9|          2|    1|          2|
    |B_19_address0                                        |    14|          3|    5|         15|
    |B_19_ce0                                             |    14|          3|    1|          3|
    |B_19_we0                                             |     9|          2|    1|          2|
    |B_1_address0                                         |    14|          3|    5|         15|
    |B_1_ce0                                              |    14|          3|    1|          3|
    |B_1_we0                                              |     9|          2|    1|          2|
    |B_20_address0                                        |    14|          3|    5|         15|
    |B_20_ce0                                             |    14|          3|    1|          3|
    |B_20_we0                                             |     9|          2|    1|          2|
    |B_21_address0                                        |    14|          3|    5|         15|
    |B_21_ce0                                             |    14|          3|    1|          3|
    |B_21_we0                                             |     9|          2|    1|          2|
    |B_22_address0                                        |    14|          3|    5|         15|
    |B_22_ce0                                             |    14|          3|    1|          3|
    |B_22_we0                                             |     9|          2|    1|          2|
    |B_23_address0                                        |    14|          3|    5|         15|
    |B_23_ce0                                             |    14|          3|    1|          3|
    |B_23_we0                                             |     9|          2|    1|          2|
    |B_24_address0                                        |    14|          3|    5|         15|
    |B_24_ce0                                             |    14|          3|    1|          3|
    |B_24_we0                                             |     9|          2|    1|          2|
    |B_25_address0                                        |    14|          3|    5|         15|
    |B_25_ce0                                             |    14|          3|    1|          3|
    |B_25_we0                                             |     9|          2|    1|          2|
    |B_26_address0                                        |    14|          3|    5|         15|
    |B_26_ce0                                             |    14|          3|    1|          3|
    |B_26_we0                                             |     9|          2|    1|          2|
    |B_27_address0                                        |    14|          3|    5|         15|
    |B_27_ce0                                             |    14|          3|    1|          3|
    |B_27_we0                                             |     9|          2|    1|          2|
    |B_28_address0                                        |    14|          3|    5|         15|
    |B_28_ce0                                             |    14|          3|    1|          3|
    |B_28_we0                                             |     9|          2|    1|          2|
    |B_29_address0                                        |    14|          3|    5|         15|
    |B_29_ce0                                             |    14|          3|    1|          3|
    |B_29_we0                                             |     9|          2|    1|          2|
    |B_2_address0                                         |    14|          3|    5|         15|
    |B_2_ce0                                              |    14|          3|    1|          3|
    |B_2_we0                                              |     9|          2|    1|          2|
    |B_30_address0                                        |    14|          3|    5|         15|
    |B_30_ce0                                             |    14|          3|    1|          3|
    |B_30_we0                                             |     9|          2|    1|          2|
    |B_31_address0                                        |    14|          3|    5|         15|
    |B_31_ce0                                             |    14|          3|    1|          3|
    |B_31_we0                                             |     9|          2|    1|          2|
    |B_3_address0                                         |    14|          3|    5|         15|
    |B_3_ce0                                              |    14|          3|    1|          3|
    |B_3_we0                                              |     9|          2|    1|          2|
    |B_4_address0                                         |    14|          3|    5|         15|
    |B_4_ce0                                              |    14|          3|    1|          3|
    |B_4_we0                                              |     9|          2|    1|          2|
    |B_5_address0                                         |    14|          3|    5|         15|
    |B_5_ce0                                              |    14|          3|    1|          3|
    |B_5_we0                                              |     9|          2|    1|          2|
    |B_6_address0                                         |    14|          3|    5|         15|
    |B_6_ce0                                              |    14|          3|    1|          3|
    |B_6_we0                                              |     9|          2|    1|          2|
    |B_7_address0                                         |    14|          3|    5|         15|
    |B_7_ce0                                              |    14|          3|    1|          3|
    |B_7_we0                                              |     9|          2|    1|          2|
    |B_8_address0                                         |    14|          3|    5|         15|
    |B_8_ce0                                              |    14|          3|    1|          3|
    |B_8_we0                                              |     9|          2|    1|          2|
    |B_9_address0                                         |    14|          3|    5|         15|
    |B_9_ce0                                              |    14|          3|    1|          3|
    |B_9_we0                                              |     9|          2|    1|          2|
    |B_address0                                           |    14|          3|    5|         15|
    |B_ce0                                                |    14|          3|    1|          3|
    |B_we0                                                |     9|          2|    1|          2|
    |C_10_address0                                        |    14|          3|    5|         15|
    |C_10_ce0                                             |    14|          3|    1|          3|
    |C_10_we0                                             |     9|          2|    1|          2|
    |C_11_address0                                        |    14|          3|    5|         15|
    |C_11_ce0                                             |    14|          3|    1|          3|
    |C_11_we0                                             |     9|          2|    1|          2|
    |C_12_address0                                        |    14|          3|    5|         15|
    |C_12_ce0                                             |    14|          3|    1|          3|
    |C_12_we0                                             |     9|          2|    1|          2|
    |C_13_address0                                        |    14|          3|    5|         15|
    |C_13_ce0                                             |    14|          3|    1|          3|
    |C_13_we0                                             |     9|          2|    1|          2|
    |C_14_address0                                        |    14|          3|    5|         15|
    |C_14_ce0                                             |    14|          3|    1|          3|
    |C_14_we0                                             |     9|          2|    1|          2|
    |C_15_address0                                        |    14|          3|    5|         15|
    |C_15_ce0                                             |    14|          3|    1|          3|
    |C_15_we0                                             |     9|          2|    1|          2|
    |C_16_address0                                        |    14|          3|    5|         15|
    |C_16_ce0                                             |    14|          3|    1|          3|
    |C_16_we0                                             |     9|          2|    1|          2|
    |C_17_address0                                        |    14|          3|    5|         15|
    |C_17_ce0                                             |    14|          3|    1|          3|
    |C_17_we0                                             |     9|          2|    1|          2|
    |C_18_address0                                        |    14|          3|    5|         15|
    |C_18_ce0                                             |    14|          3|    1|          3|
    |C_18_we0                                             |     9|          2|    1|          2|
    |C_19_address0                                        |    14|          3|    5|         15|
    |C_19_ce0                                             |    14|          3|    1|          3|
    |C_19_we0                                             |     9|          2|    1|          2|
    |C_1_address0                                         |    14|          3|    5|         15|
    |C_1_ce0                                              |    14|          3|    1|          3|
    |C_1_we0                                              |     9|          2|    1|          2|
    |C_20_address0                                        |    14|          3|    5|         15|
    |C_20_ce0                                             |    14|          3|    1|          3|
    |C_20_we0                                             |     9|          2|    1|          2|
    |C_21_address0                                        |    14|          3|    5|         15|
    |C_21_ce0                                             |    14|          3|    1|          3|
    |C_21_we0                                             |     9|          2|    1|          2|
    |C_22_address0                                        |    14|          3|    5|         15|
    |C_22_ce0                                             |    14|          3|    1|          3|
    |C_22_we0                                             |     9|          2|    1|          2|
    |C_23_address0                                        |    14|          3|    5|         15|
    |C_23_ce0                                             |    14|          3|    1|          3|
    |C_23_we0                                             |     9|          2|    1|          2|
    |C_24_address0                                        |    14|          3|    5|         15|
    |C_24_ce0                                             |    14|          3|    1|          3|
    |C_24_we0                                             |     9|          2|    1|          2|
    |C_25_address0                                        |    14|          3|    5|         15|
    |C_25_ce0                                             |    14|          3|    1|          3|
    |C_25_we0                                             |     9|          2|    1|          2|
    |C_26_address0                                        |    14|          3|    5|         15|
    |C_26_ce0                                             |    14|          3|    1|          3|
    |C_26_we0                                             |     9|          2|    1|          2|
    |C_27_address0                                        |    14|          3|    5|         15|
    |C_27_ce0                                             |    14|          3|    1|          3|
    |C_27_we0                                             |     9|          2|    1|          2|
    |C_28_address0                                        |    14|          3|    5|         15|
    |C_28_ce0                                             |    14|          3|    1|          3|
    |C_28_we0                                             |     9|          2|    1|          2|
    |C_29_address0                                        |    14|          3|    5|         15|
    |C_29_ce0                                             |    14|          3|    1|          3|
    |C_29_we0                                             |     9|          2|    1|          2|
    |C_2_address0                                         |    14|          3|    5|         15|
    |C_2_ce0                                              |    14|          3|    1|          3|
    |C_2_we0                                              |     9|          2|    1|          2|
    |C_30_address0                                        |    14|          3|    5|         15|
    |C_30_ce0                                             |    14|          3|    1|          3|
    |C_30_we0                                             |     9|          2|    1|          2|
    |C_31_address0                                        |    14|          3|    5|         15|
    |C_31_ce0                                             |    14|          3|    1|          3|
    |C_31_we0                                             |     9|          2|    1|          2|
    |C_3_address0                                         |    14|          3|    5|         15|
    |C_3_ce0                                              |    14|          3|    1|          3|
    |C_3_we0                                              |     9|          2|    1|          2|
    |C_4_address0                                         |    14|          3|    5|         15|
    |C_4_ce0                                              |    14|          3|    1|          3|
    |C_4_we0                                              |     9|          2|    1|          2|
    |C_5_address0                                         |    14|          3|    5|         15|
    |C_5_ce0                                              |    14|          3|    1|          3|
    |C_5_we0                                              |     9|          2|    1|          2|
    |C_6_address0                                         |    14|          3|    5|         15|
    |C_6_ce0                                              |    14|          3|    1|          3|
    |C_6_we0                                              |     9|          2|    1|          2|
    |C_7_address0                                         |    14|          3|    5|         15|
    |C_7_ce0                                              |    14|          3|    1|          3|
    |C_7_we0                                              |     9|          2|    1|          2|
    |C_8_address0                                         |    14|          3|    5|         15|
    |C_8_ce0                                              |    14|          3|    1|          3|
    |C_8_we0                                              |     9|          2|    1|          2|
    |C_9_address0                                         |    14|          3|    5|         15|
    |C_9_ce0                                              |    14|          3|    1|          3|
    |C_9_we0                                              |     9|          2|    1|          2|
    |C_address0                                           |    14|          3|    5|         15|
    |C_ce0                                                |    14|          3|    1|          3|
    |C_we0                                                |     9|          2|    1|          2|
    |ap_NS_fsm                                            |  1189|        224|    1|        224|
    |ap_done                                              |     9|          2|    1|          2|
    |gmem_ARADDR                                          |    26|          5|   64|        320|
    |gmem_ARBURST                                         |    14|          3|    2|          6|
    |gmem_ARCACHE                                         |    14|          3|    4|         12|
    |gmem_ARID                                            |    14|          3|    1|          3|
    |gmem_ARLEN                                           |    20|          4|   32|        128|
    |gmem_ARLOCK                                          |    14|          3|    2|          6|
    |gmem_ARPROT                                          |    14|          3|    3|          9|
    |gmem_ARQOS                                           |    14|          3|    4|         12|
    |gmem_ARREGION                                        |    14|          3|    4|         12|
    |gmem_ARSIZE                                          |    14|          3|    3|          9|
    |gmem_ARUSER                                          |    14|          3|    1|          3|
    |gmem_ARVALID                                         |    20|          4|    1|          4|
    |gmem_AWADDR                                          |    14|          3|   64|        192|
    |gmem_AWBURST                                         |     9|          2|    2|          4|
    |gmem_AWCACHE                                         |     9|          2|    4|          8|
    |gmem_AWID                                            |     9|          2|    1|          2|
    |gmem_AWLEN                                           |    14|          3|   32|         96|
    |gmem_AWLOCK                                          |     9|          2|    2|          4|
    |gmem_AWPROT                                          |     9|          2|    3|          6|
    |gmem_AWQOS                                           |     9|          2|    4|          8|
    |gmem_AWREGION                                        |     9|          2|    4|          8|
    |gmem_AWSIZE                                          |     9|          2|    3|          6|
    |gmem_AWUSER                                          |     9|          2|    1|          2|
    |gmem_AWVALID                                         |    14|          3|    1|          3|
    |gmem_BREADY                                          |    14|          3|    1|          3|
    |gmem_RREADY                                          |    14|          3|    1|          3|
    |gmem_WVALID                                          |     9|          2|    1|          2|
    |gmem_blk_n_AR                                        |     9|          2|    1|          2|
    |gmem_blk_n_AW                                        |     9|          2|    1|          2|
    |gmem_blk_n_B                                         |     9|          2|    1|          2|
    |grp_mmult_Pipeline_lreorder1_lreorder2_fu_381_bound  |    14|          3|   64|        192|
    +-----------------------------------------------------+------+-----------+-----+-----------+
    |Total                                                |  3996|        830|  774|       2610|
    +-----------------------------------------------------+------+-----------+-----+-----------+

    * Register: 
    +------------------------------------------------------------+-----+----+-----+-----------+
    |                            Name                            |  FF | LUT| Bits| Const Bits|
    +------------------------------------------------------------+-----+----+-----+-----------+
    |ap_CS_fsm                                                   |  223|   0|  223|          0|
    |ap_done_reg                                                 |    1|   0|    1|          0|
    |ap_rst_n_inv                                                |    1|   0|    1|          0|
    |ap_rst_reg_1                                                |    1|   0|    1|          0|
    |ap_rst_reg_2                                                |    1|   0|    1|          0|
    |bound_c_reg_710                                             |   64|   0|   64|          0|
    |bound_reg_732                                               |   64|   0|   64|          0|
    |grp_mmult_Pipeline_lreorder1_lreorder2_fu_381_ap_start_reg  |    1|   0|    1|          0|
    |grp_mmult_Pipeline_readA_fu_453_ap_start_reg                |    1|   0|    1|          0|
    |grp_mmult_Pipeline_readB_fu_463_ap_start_reg                |    1|   0|    1|          0|
    |grp_mmult_Pipeline_writeC_fu_504_ap_start_reg               |    1|   0|    1|          0|
    |icmp_ln80_reg_678                                           |    1|   0|    1|          0|
    |mul_reg_663                                                 |   32|   0|   32|          0|
    |reg_551                                                     |   32|   0|   32|          0|
    |trunc_ln149_reg_737                                         |   31|   0|   31|          0|
    |trunc_ln1_reg_698                                           |   62|   0|   62|          0|
    |trunc_ln3_reg_704                                           |   62|   0|   62|          0|
    |trunc_ln80_reg_715                                          |   31|   0|   31|          0|
    |trunc_ln_reg_688                                            |   62|   0|   62|          0|
    +------------------------------------------------------------+-----+----+-----+-----------+
    |Total                                                       |  672|   0|  672|          0|
    +------------------------------------------------------------+-----+----+-----+-----------+



================================================================
== Interface
================================================================
* Summary: 
+-----------------------+-----+-----+---------------+--------------+--------------+
|       RTL Ports       | Dir | Bits|    Protocol   | Source Object|    C Type    |
+-----------------------+-----+-----+---------------+--------------+--------------+
|s_axi_control_AWVALID  |   in|    1|          s_axi|       control|        scalar|
|s_axi_control_AWREADY  |  out|    1|          s_axi|       control|        scalar|
|s_axi_control_AWADDR   |   in|    6|          s_axi|       control|        scalar|
|s_axi_control_WVALID   |   in|    1|          s_axi|       control|        scalar|
|s_axi_control_WREADY   |  out|    1|          s_axi|       control|        scalar|
|s_axi_control_WDATA    |   in|   32|          s_axi|       control|        scalar|
|s_axi_control_WSTRB    |   in|    4|          s_axi|       control|        scalar|
|s_axi_control_ARVALID  |   in|    1|          s_axi|       control|        scalar|
|s_axi_control_ARREADY  |  out|    1|          s_axi|       control|        scalar|
|s_axi_control_ARADDR   |   in|    6|          s_axi|       control|        scalar|
|s_axi_control_RVALID   |  out|    1|          s_axi|       control|        scalar|
|s_axi_control_RREADY   |   in|    1|          s_axi|       control|        scalar|
|s_axi_control_RDATA    |  out|   32|          s_axi|       control|        scalar|
|s_axi_control_RRESP    |  out|    2|          s_axi|       control|        scalar|
|s_axi_control_BVALID   |  out|    1|          s_axi|       control|        scalar|
|s_axi_control_BREADY   |   in|    1|          s_axi|       control|        scalar|
|s_axi_control_BRESP    |  out|    2|          s_axi|       control|        scalar|
|ap_local_block         |  out|    1|  ap_ctrl_chain|         mmult|  return value|
|ap_clk                 |   in|    1|  ap_ctrl_chain|         mmult|  return value|
|ap_rst_n               |   in|    1|  ap_ctrl_chain|         mmult|  return value|
|interrupt              |  out|    1|  ap_ctrl_chain|         mmult|  return value|
|m_axi_gmem_AWVALID     |  out|    1|          m_axi|          gmem|       pointer|
|m_axi_gmem_AWREADY     |   in|    1|          m_axi|          gmem|       pointer|
|m_axi_gmem_AWADDR      |  out|   64|          m_axi|          gmem|       pointer|
|m_axi_gmem_AWID        |  out|    1|          m_axi|          gmem|       pointer|
|m_axi_gmem_AWLEN       |  out|    8|          m_axi|          gmem|       pointer|
|m_axi_gmem_AWSIZE      |  out|    3|          m_axi|          gmem|       pointer|
|m_axi_gmem_AWBURST     |  out|    2|          m_axi|          gmem|       pointer|
|m_axi_gmem_AWLOCK      |  out|    2|          m_axi|          gmem|       pointer|
|m_axi_gmem_AWCACHE     |  out|    4|          m_axi|          gmem|       pointer|
|m_axi_gmem_AWPROT      |  out|    3|          m_axi|          gmem|       pointer|
|m_axi_gmem_AWQOS       |  out|    4|          m_axi|          gmem|       pointer|
|m_axi_gmem_AWREGION    |  out|    4|          m_axi|          gmem|       pointer|
|m_axi_gmem_AWUSER      |  out|    1|          m_axi|          gmem|       pointer|
|m_axi_gmem_WVALID      |  out|    1|          m_axi|          gmem|       pointer|
|m_axi_gmem_WREADY      |   in|    1|          m_axi|          gmem|       pointer|
|m_axi_gmem_WDATA       |  out|   32|          m_axi|          gmem|       pointer|
|m_axi_gmem_WSTRB       |  out|    4|          m_axi|          gmem|       pointer|
|m_axi_gmem_WLAST       |  out|    1|          m_axi|          gmem|       pointer|
|m_axi_gmem_WID         |  out|    1|          m_axi|          gmem|       pointer|
|m_axi_gmem_WUSER       |  out|    1|          m_axi|          gmem|       pointer|
|m_axi_gmem_ARVALID     |  out|    1|          m_axi|          gmem|       pointer|
|m_axi_gmem_ARREADY     |   in|    1|          m_axi|          gmem|       pointer|
|m_axi_gmem_ARADDR      |  out|   64|          m_axi|          gmem|       pointer|
|m_axi_gmem_ARID        |  out|    1|          m_axi|          gmem|       pointer|
|m_axi_gmem_ARLEN       |  out|    8|          m_axi|          gmem|       pointer|
|m_axi_gmem_ARSIZE      |  out|    3|          m_axi|          gmem|       pointer|
|m_axi_gmem_ARBURST     |  out|    2|          m_axi|          gmem|       pointer|
|m_axi_gmem_ARLOCK      |  out|    2|          m_axi|          gmem|       pointer|
|m_axi_gmem_ARCACHE     |  out|    4|          m_axi|          gmem|       pointer|
|m_axi_gmem_ARPROT      |  out|    3|          m_axi|          gmem|       pointer|
|m_axi_gmem_ARQOS       |  out|    4|          m_axi|          gmem|       pointer|
|m_axi_gmem_ARREGION    |  out|    4|          m_axi|          gmem|       pointer|
|m_axi_gmem_ARUSER      |  out|    1|          m_axi|          gmem|       pointer|
|m_axi_gmem_RVALID      |   in|    1|          m_axi|          gmem|       pointer|
|m_axi_gmem_RREADY      |  out|    1|          m_axi|          gmem|       pointer|
|m_axi_gmem_RDATA       |   in|   32|          m_axi|          gmem|       pointer|
|m_axi_gmem_RLAST       |   in|    1|          m_axi|          gmem|       pointer|
|m_axi_gmem_RID         |   in|    1|          m_axi|          gmem|       pointer|
|m_axi_gmem_RUSER       |   in|    1|          m_axi|          gmem|       pointer|
|m_axi_gmem_RRESP       |   in|    2|          m_axi|          gmem|       pointer|
|m_axi_gmem_BVALID      |   in|    1|          m_axi|          gmem|       pointer|
|m_axi_gmem_BREADY      |  out|    1|          m_axi|          gmem|       pointer|
|m_axi_gmem_BRESP       |   in|    2|          m_axi|          gmem|       pointer|
|m_axi_gmem_BID         |   in|    1|          m_axi|          gmem|       pointer|
|m_axi_gmem_BUSER       |   in|    1|          m_axi|          gmem|       pointer|
+-----------------------+-----+-----+---------------+--------------+--------------+

