

================================================================
== Vitis HLS Report for 'video_2dfilter'
================================================================
* Date:           Fri Mar 25 20:38:29 2022

* Version:        2021.2 (Build 3367213 on Tue Oct 19 02:48:09 MDT 2021)
* Project:        labB_opt1
* Solution:       solution1 (Vivado IP Flow Target)
* Product family: zynq
* Target device:  xc7z020-clg400-1


================================================================
== Performance Estimates
================================================================
+ Timing: 
    * Summary: 
    +--------+----------+----------+------------+
    |  Clock |  Target  | Estimated| Uncertainty|
    +--------+----------+----------+------------+
    |ap_clk  |  10.00 ns|  7.040 ns|     2.70 ns|
    +--------+----------+----------+------------+

+ Latency: 
    * Summary: 
    +---------+---------+----------+----------+-------+-------+------------------------------------------+
    |  Latency (cycles) |  Latency (absolute) |    Interval   |                 Pipeline                 |
    |   min   |   max   |    min   |    max   |  min  |  max  |                   Type                   |
    +---------+---------+----------+----------+-------+-------+------------------------------------------+
    |    13668|    13669|  0.137 ms|  0.137 ms|  13600|  13600|  loop rewind stp(delay=0 clock cycles(s))|
    +---------+---------+----------+----------+-------+-------+------------------------------------------+

    + Detail: 
        * Instance: 
        N/A

        * Loop: 
        +---------------------+---------+---------+----------+-----------+-----------+------+----------+
        |                     |  Latency (cycles) | Iteration|  Initiation Interval  | Trip |          |
        |      Loop Name      |   min   |   max   |  Latency |  achieved |   target  | Count| Pipelined|
        +---------------------+---------+---------+----------+-----------+-----------+------+----------+
        |- row_loop_col_loop  |    13668|    13668|       103|         34|          1|   400|  yes(flp)|
        +---------------------+---------+---------+----------+-----------+-----------+------+----------+



================================================================
== Utilization Estimates
================================================================
* Summary: 
+-----------------+---------+-----+--------+--------+-----+
|       Name      | BRAM_18K| DSP |   FF   |   LUT  | URAM|
+-----------------+---------+-----+--------+--------+-----+
|DSP              |        -|    -|       -|       -|    -|
|Expression       |        -|    -|       0|    3062|    -|
|FIFO             |        -|    -|       -|       -|    -|
|Instance         |        4|  396|  162673|  120705|    -|
|Memory           |        -|    -|       -|       -|    -|
|Multiplexer      |        -|    -|       -|     870|    -|
|Register         |        -|    -|    6238|     640|    -|
+-----------------+---------+-----+--------+--------+-----+
|Total            |        4|  396|  168911|  125277|    0|
+-----------------+---------+-----+--------+--------+-----+
|Available        |      280|  220|  106400|   53200|    0|
+-----------------+---------+-----+--------+--------+-----+
|Utilization (%)  |        1|  180|     158|     235|    0|
+-----------------+---------+-----+--------+--------+-----+

+ Detail: 
    * Instance: 
    +---------------------------+-----------------------+---------+----+------+------+-----+
    |          Instance         |         Module        | BRAM_18K| DSP|  FF  |  LUT | URAM|
    +---------------------------+-----------------------+---------+----+------+------+-----+
    |control_s_axi_U            |control_s_axi          |        4|   0|   197|   182|    0|
    |mul_64ns_66ns_129_5_1_U1   |mul_64ns_66ns_129_5_1  |        0|   9|   441|   256|    0|
    |mul_64ns_66ns_129_5_1_U2   |mul_64ns_66ns_129_5_1  |        0|   9|   441|   256|    0|
    |mul_64ns_66ns_129_5_1_U3   |mul_64ns_66ns_129_5_1  |        0|   9|   441|   256|    0|
    |mul_64ns_66ns_129_5_1_U4   |mul_64ns_66ns_129_5_1  |        0|   9|   441|   256|    0|
    |mul_64ns_66ns_129_5_1_U5   |mul_64ns_66ns_129_5_1  |        0|   9|   441|   256|    0|
    |mul_64ns_66ns_129_5_1_U6   |mul_64ns_66ns_129_5_1  |        0|   9|   441|   256|    0|
    |mul_64ns_66ns_129_5_1_U7   |mul_64ns_66ns_129_5_1  |        0|   9|   441|   256|    0|
    |mul_64ns_66ns_129_5_1_U8   |mul_64ns_66ns_129_5_1  |        0|   9|   441|   256|    0|
    |mul_64ns_66ns_129_5_1_U9   |mul_64ns_66ns_129_5_1  |        0|   9|   441|   256|    0|
    |mul_64ns_66ns_129_5_1_U10  |mul_64ns_66ns_129_5_1  |        0|   9|   441|   256|    0|
    |mul_64ns_66ns_129_5_1_U12  |mul_64ns_66ns_129_5_1  |        0|   9|   441|   256|    0|
    |mul_64ns_66ns_129_5_1_U13  |mul_64ns_66ns_129_5_1  |        0|   9|   441|   256|    0|
    |mul_64ns_66ns_129_5_1_U15  |mul_64ns_66ns_129_5_1  |        0|   9|   441|   256|    0|
    |mul_64ns_66ns_129_5_1_U16  |mul_64ns_66ns_129_5_1  |        0|   9|   441|   256|    0|
    |mul_64ns_66ns_129_5_1_U18  |mul_64ns_66ns_129_5_1  |        0|   9|   441|   256|    0|
    |mul_64ns_66ns_129_5_1_U19  |mul_64ns_66ns_129_5_1  |        0|   9|   441|   256|    0|
    |mul_64ns_66ns_129_5_1_U21  |mul_64ns_66ns_129_5_1  |        0|   9|   441|   256|    0|
    |mul_64ns_66ns_129_5_1_U22  |mul_64ns_66ns_129_5_1  |        0|   9|   441|   256|    0|
    |mul_64ns_66ns_129_5_1_U24  |mul_64ns_66ns_129_5_1  |        0|   9|   441|   256|    0|
    |mul_64ns_66ns_129_5_1_U25  |mul_64ns_66ns_129_5_1  |        0|   9|   441|   256|    0|
    |mul_64ns_66ns_129_5_1_U26  |mul_64ns_66ns_129_5_1  |        0|   9|   441|   256|    0|
    |mul_64ns_66ns_129_5_1_U27  |mul_64ns_66ns_129_5_1  |        0|   9|   441|   256|    0|
    |mul_64ns_66ns_129_5_1_U29  |mul_64ns_66ns_129_5_1  |        0|   9|   441|   256|    0|
    |mul_64ns_66ns_129_5_1_U30  |mul_64ns_66ns_129_5_1  |        0|   9|   441|   256|    0|
    |mul_64ns_66ns_129_5_1_U32  |mul_64ns_66ns_129_5_1  |        0|   9|   441|   256|    0|
    |mul_64ns_66ns_129_5_1_U34  |mul_64ns_66ns_129_5_1  |        0|   9|   441|   256|    0|
    |mul_64ns_66ns_129_5_1_U36  |mul_64ns_66ns_129_5_1  |        0|   9|   441|   256|    0|
    |mul_64ns_66ns_129_5_1_U37  |mul_64ns_66ns_129_5_1  |        0|   9|   441|   256|    0|
    |mul_64ns_66ns_129_5_1_U39  |mul_64ns_66ns_129_5_1  |        0|   9|   441|   256|    0|
    |mul_64ns_66ns_129_5_1_U40  |mul_64ns_66ns_129_5_1  |        0|   9|   441|   256|    0|
    |mul_64ns_66ns_129_5_1_U42  |mul_64ns_66ns_129_5_1  |        0|   9|   441|   256|    0|
    |mul_64ns_66ns_129_5_1_U43  |mul_64ns_66ns_129_5_1  |        0|   9|   441|   256|    0|
    |mul_64ns_66ns_129_5_1_U45  |mul_64ns_66ns_129_5_1  |        0|   9|   441|   256|    0|
    |mul_64ns_66ns_129_5_1_U46  |mul_64ns_66ns_129_5_1  |        0|   9|   441|   256|    0|
    |mul_64ns_66ns_129_5_1_U48  |mul_64ns_66ns_129_5_1  |        0|   9|   441|   256|    0|
    |mul_64ns_66ns_129_5_1_U49  |mul_64ns_66ns_129_5_1  |        0|   9|   441|   256|    0|
    |mul_64ns_66ns_129_5_1_U51  |mul_64ns_66ns_129_5_1  |        0|   9|   441|   256|    0|
    |mul_64ns_66ns_129_5_1_U52  |mul_64ns_66ns_129_5_1  |        0|   9|   441|   256|    0|
    |mul_64ns_66ns_129_5_1_U53  |mul_64ns_66ns_129_5_1  |        0|   9|   441|   256|    0|
    |mul_64ns_66ns_129_5_1_U54  |mul_64ns_66ns_129_5_1  |        0|   9|   441|   256|    0|
    |mul_64ns_66ns_129_5_1_U57  |mul_64ns_66ns_129_5_1  |        0|   9|   441|   256|    0|
    |mul_64ns_66ns_129_5_1_U58  |mul_64ns_66ns_129_5_1  |        0|   9|   441|   256|    0|
    |mul_64ns_66ns_129_5_1_U59  |mul_64ns_66ns_129_5_1  |        0|   9|   441|   256|    0|
    |mul_64ns_66ns_129_5_1_U60  |mul_64ns_66ns_129_5_1  |        0|   9|   441|   256|    0|
    |urem_63ns_6ns_5_67_1_U11   |urem_63ns_6ns_5_67_1   |        0|   0|  8416|  6427|    0|
    |urem_63ns_6ns_5_67_1_U14   |urem_63ns_6ns_5_67_1   |        0|   0|  8416|  6427|    0|
    |urem_63ns_6ns_5_67_1_U17   |urem_63ns_6ns_5_67_1   |        0|   0|  8416|  6427|    0|
    |urem_63ns_6ns_5_67_1_U20   |urem_63ns_6ns_5_67_1   |        0|   0|  8416|  6427|    0|
    |urem_63ns_6ns_5_67_1_U23   |urem_63ns_6ns_5_67_1   |        0|   0|  8416|  6427|    0|
    |urem_63ns_6ns_5_67_1_U28   |urem_63ns_6ns_5_67_1   |        0|   0|  8416|  6427|    0|
    |urem_63ns_6ns_5_67_1_U31   |urem_63ns_6ns_5_67_1   |        0|   0|  8416|  6427|    0|
    |urem_63ns_6ns_5_67_1_U33   |urem_63ns_6ns_5_67_1   |        0|   0|  8416|  6427|    0|
    |urem_63ns_6ns_5_67_1_U35   |urem_63ns_6ns_5_67_1   |        0|   0|  8416|  6427|    0|
    |urem_63ns_6ns_5_67_1_U38   |urem_63ns_6ns_5_67_1   |        0|   0|  8416|  6427|    0|
    |urem_63ns_6ns_5_67_1_U41   |urem_63ns_6ns_5_67_1   |        0|   0|  8416|  6427|    0|
    |urem_63ns_6ns_5_67_1_U44   |urem_63ns_6ns_5_67_1   |        0|   0|  8416|  6427|    0|
    |urem_63ns_6ns_5_67_1_U47   |urem_63ns_6ns_5_67_1   |        0|   0|  8416|  6427|    0|
    |urem_63ns_6ns_5_67_1_U50   |urem_63ns_6ns_5_67_1   |        0|   0|  8416|  6427|    0|
    |urem_63ns_6ns_5_67_1_U55   |urem_63ns_6ns_5_67_1   |        0|   0|  8416|  6427|    0|
    |urem_63ns_6ns_5_67_1_U56   |urem_63ns_6ns_5_67_1   |        0|   0|  8416|  6427|    0|
    |urem_63ns_6ns_5_67_1_U61   |urem_63ns_6ns_5_67_1   |        0|   0|  8416|  6427|    0|
    +---------------------------+-----------------------+---------+----+------+------+-----+
    |Total                      |                       |        4| 396|162673|120705|    0|
    +---------------------------+-----------------------+---------+----+------+------+-----+

    * DSP: 
    N/A

    * Memory: 
    N/A

    * FIFO: 
    N/A

    * Expression: 
    +------------------------------------+----------+----+---+----+------------+------------+
    |            Variable Name           | Operation| DSP| FF| LUT| Bitwidth P0| Bitwidth P1|
    +------------------------------------+----------+----+---+----+------------+------------+
    |add_ln10_1_fu_4611_p2               |         +|   0|  0|  14|           9|           9|
    |add_ln10_2_fu_4621_p2               |         +|   0|  0|  13|          10|          10|
    |add_ln10_fu_4306_p2                 |         +|   0|  0|  14|           9|           9|
    |add_ln11_1_fu_4646_p2               |         +|   0|  0|  14|           9|           9|
    |add_ln11_2_fu_4656_p2               |         +|   0|  0|  13|          10|          10|
    |add_ln11_fu_4320_p2                 |         +|   0|  0|  14|           9|           9|
    |add_ln15_1_fu_4666_p2               |         +|   0|  0|  12|          11|          11|
    |add_ln15_2_fu_4767_p2               |         +|   0|  0|  12|          12|          12|
    |add_ln15_3_fu_4672_p2               |         +|   0|  0|  14|           9|           9|
    |add_ln15_4_fu_4712_p2               |         +|   0|  0|  13|          10|          10|
    |add_ln15_fu_4776_p2                 |         +|   0|  0|  12|          12|          12|
    |add_ln16_1_fu_4792_p2               |         +|   0|  0|  12|          11|          11|
    |add_ln16_2_fu_4844_p2               |         +|   0|  0|  12|          12|          12|
    |add_ln16_3_fu_4678_p2               |         +|   0|  0|  14|           9|           9|
    |add_ln16_4_fu_4801_p2               |         +|   0|  0|  13|          10|          10|
    |add_ln16_fu_4853_p2                 |         +|   0|  0|  12|          12|          12|
    |add_ln17_1_fu_4807_p2               |         +|   0|  0|  12|          12|          12|
    |add_ln17_2_fu_4859_p2               |         +|   0|  0|  12|          12|          12|
    |add_ln17_3_fu_4079_p2               |         +|   0|  0|  14|           9|           9|
    |add_ln17_4_fu_4687_p2               |         +|   0|  0|  13|          10|          10|
    |add_ln17_fu_4867_p2                 |         +|   0|  0|  12|          12|          12|
    |add_ln26_fu_1121_p2                 |         +|   0|  0|  14|           9|           1|
    |add_ln32_fu_954_p2                  |         +|   0|  0|  14|           6|           2|
    |add_ln38_100_fu_4278_p2             |         +|   0|  0|  12|           9|           9|
    |add_ln38_10_fu_1452_p2              |         +|   0|  0|  12|          12|           2|
    |add_ln38_11_fu_2006_p2              |         +|   0|  0|  12|          21|          21|
    |add_ln38_12_fu_1080_p2              |         +|   0|  0|  12|          12|          12|
    |add_ln38_13_fu_3496_p2              |         +|   0|  0|  12|           9|           9|
    |add_ln38_14_fu_1483_p2              |         +|   0|  0|  12|          12|           1|
    |add_ln38_15_fu_1639_p2              |         +|   0|  0|  12|          21|          21|
    |add_ln38_16_fu_1488_p2              |         +|   0|  0|  12|          12|           2|
    |add_ln38_17_fu_2124_p2              |         +|   0|  0|  12|          21|           1|
    |add_ln38_18_fu_1247_p2              |         +|   0|  0|  12|          12|          12|
    |add_ln38_19_fu_2130_p2              |         +|   0|  0|  12|          21|          21|
    |add_ln38_1_fu_3483_p2               |         +|   0|  0|  12|           9|           9|
    |add_ln38_20_fu_1579_p2              |         +|   0|  0|  12|          12|           1|
    |add_ln38_21_fu_2147_p2              |         +|   0|  0|  12|          21|           2|
    |add_ln38_22_fu_1584_p2              |         +|   0|  0|  12|          12|           2|
    |add_ln38_23_fu_2153_p2              |         +|   0|  0|  12|          21|          21|
    |add_ln38_24_fu_1742_p2              |         +|   0|  0|  12|          12|          12|
    |add_ln38_25_fu_2991_p2              |         +|   0|  0|  12|          12|           1|
    |add_ln38_26_fu_2996_p2              |         +|   0|  0|  12|          12|           2|
    |add_ln38_27_fu_1767_p2              |         +|   0|  0|  12|          12|          12|
    |add_ln38_28_fu_2668_p2              |         +|   0|  0|  12|          12|           1|
    |add_ln38_29_fu_2673_p2              |         +|   0|  0|  12|          12|           2|
    |add_ln38_2_fu_1398_p2               |         +|   0|  0|  12|          12|           1|
    |add_ln38_30_fu_1321_p2              |         +|   0|  0|  12|          12|          12|
    |add_ln38_31_fu_2931_p2              |         +|   0|  0|  12|          12|           1|
    |add_ln38_32_fu_2936_p2              |         +|   0|  0|  12|          12|           2|
    |add_ln38_33_fu_1800_p2              |         +|   0|  0|  12|          12|          12|
    |add_ln38_34_fu_2759_p2              |         +|   0|  0|  12|          12|           1|
    |add_ln38_35_fu_2764_p2              |         +|   0|  0|  12|          12|           2|
    |add_ln38_36_fu_1826_p2              |         +|   0|  0|  12|          12|          12|
    |add_ln38_37_fu_2840_p2              |         +|   0|  0|  12|          12|           1|
    |add_ln38_38_fu_2845_p2              |         +|   0|  0|  12|          12|           2|
    |add_ln38_39_fu_3538_p2              |         +|   0|  0|  12|           9|           9|
    |add_ln38_3_fu_1847_p2               |         +|   0|  0|  12|          21|          21|
    |add_ln38_40_fu_1660_p2              |         +|   0|  0|  12|          21|          21|
    |add_ln38_41_fu_2253_p2              |         +|   0|  0|  12|          21|           1|
    |add_ln38_42_fu_2259_p2              |         +|   0|  0|  12|          21|          21|
    |add_ln38_43_fu_2276_p2              |         +|   0|  0|  12|          21|           2|
    |add_ln38_44_fu_2282_p2              |         +|   0|  0|  12|          21|          21|
    |add_ln38_45_fu_3551_p2              |         +|   0|  0|  12|           9|           9|
    |add_ln38_46_fu_1933_p2              |         +|   0|  0|  12|          21|          21|
    |add_ln38_47_fu_2379_p2              |         +|   0|  0|  12|          21|           1|
    |add_ln38_48_fu_2385_p2              |         +|   0|  0|  12|          21|          21|
    |add_ln38_49_fu_2402_p2              |         +|   0|  0|  12|          21|           2|
    |add_ln38_4_fu_1403_p2               |         +|   0|  0|  12|          12|           2|
    |add_ln38_50_fu_2408_p2              |         +|   0|  0|  12|          21|          21|
    |add_ln38_51_fu_3610_p2              |         +|   0|  0|  12|           9|           9|
    |add_ln38_52_fu_3623_p2              |         +|   0|  0|  12|           9|           9|
    |add_ln38_53_fu_3352_p2              |         +|   0|  0|  12|           9|           9|
    |add_ln38_54_fu_3365_p2              |         +|   0|  0|  12|           9|           9|
    |add_ln38_55_fu_3665_p2              |         +|   0|  0|  12|           9|           9|
    |add_ln38_56_fu_3678_p2              |         +|   0|  0|  12|           9|           9|
    |add_ln38_57_fu_3720_p2              |         +|   0|  0|  12|           9|           9|
    |add_ln38_58_fu_3733_p2              |         +|   0|  0|  12|           9|           9|
    |add_ln38_59_fu_3390_p2              |         +|   0|  0|  12|           9|           9|
    |add_ln38_5_fu_1977_p2               |         +|   0|  0|  12|          21|           1|
    |add_ln38_60_fu_3403_p2              |         +|   0|  0|  12|           9|           9|
    |add_ln38_61_fu_3775_p2              |         +|   0|  0|  12|           9|           9|
    |add_ln38_62_fu_3788_p2              |         +|   0|  0|  12|           9|           9|
    |add_ln38_63_fu_3830_p2              |         +|   0|  0|  12|           9|           9|
    |add_ln38_64_fu_3843_p2              |         +|   0|  0|  12|           9|           9|
    |add_ln38_65_fu_3445_p2              |         +|   0|  0|  12|           9|           9|
    |add_ln38_66_fu_3458_p2              |         +|   0|  0|  12|           9|           9|
    |add_ln38_67_fu_3885_p2              |         +|   0|  0|  12|           9|           9|
    |add_ln38_68_fu_3898_p2              |         +|   0|  0|  12|           9|           9|
    |add_ln38_69_fu_3940_p2              |         +|   0|  0|  12|           9|           9|
    |add_ln38_6_fu_1052_p2               |         +|   0|  0|  12|          12|          12|
    |add_ln38_70_fu_3953_p2              |         +|   0|  0|  12|           9|           9|
    |add_ln38_71_fu_4340_p2              |         +|   0|  0|  12|           9|           9|
    |add_ln38_72_fu_4353_p2              |         +|   0|  0|  12|           9|           9|
    |add_ln38_73_fu_4378_p2              |         +|   0|  0|  12|           9|           9|
    |add_ln38_74_fu_4384_p2              |         +|   0|  0|  12|           9|           9|
    |add_ln38_75_fu_4404_p2              |         +|   0|  0|  12|           9|           9|
    |add_ln38_76_fu_4410_p2              |         +|   0|  0|  12|           9|           9|
    |add_ln38_77_fu_3995_p2              |         +|   0|  0|  12|           9|           9|
    |add_ln38_78_fu_4008_p2              |         +|   0|  0|  12|           9|           9|
    |add_ln38_79_fu_4033_p2              |         +|   0|  0|  12|           9|           9|
    |add_ln38_7_fu_1983_p2               |         +|   0|  0|  12|          21|          21|
    |add_ln38_80_fu_4039_p2              |         +|   0|  0|  12|           9|           9|
    |add_ln38_81_fu_4059_p2              |         +|   0|  0|  12|           9|           9|
    |add_ln38_82_fu_4065_p2              |         +|   0|  0|  12|           9|           9|
    |add_ln38_83_fu_4438_p2              |         +|   0|  0|  12|           9|           9|
    |add_ln38_84_fu_4451_p2              |         +|   0|  0|  12|           9|           9|
    |add_ln38_85_fu_4471_p2              |         +|   0|  0|  12|           9|           9|
    |add_ln38_86_fu_4477_p2              |         +|   0|  0|  12|           9|           9|
    |add_ln38_87_fu_4497_p2              |         +|   0|  0|  12|           9|           9|
    |add_ln38_88_fu_4503_p2              |         +|   0|  0|  12|           9|           9|
    |add_ln38_89_fu_4124_p2              |         +|   0|  0|  12|           9|           9|
    |add_ln38_8_fu_1447_p2               |         +|   0|  0|  12|          12|           1|
    |add_ln38_90_fu_4137_p2              |         +|   0|  0|  12|           9|           9|
    |add_ln38_91_fu_4157_p2              |         +|   0|  0|  12|           9|           9|
    |add_ln38_92_fu_4163_p2              |         +|   0|  0|  12|           9|           9|
    |add_ln38_93_fu_4183_p2              |         +|   0|  0|  12|           9|           9|
    |add_ln38_94_fu_4189_p2              |         +|   0|  0|  12|           9|           9|
    |add_ln38_95_fu_4213_p2              |         +|   0|  0|  12|           9|           9|
    |add_ln38_96_fu_4226_p2              |         +|   0|  0|  12|           9|           9|
    |add_ln38_97_fu_4246_p2              |         +|   0|  0|  12|           9|           9|
    |add_ln38_98_fu_4252_p2              |         +|   0|  0|  12|           9|           9|
    |add_ln38_99_fu_4272_p2              |         +|   0|  0|  12|           9|           9|
    |add_ln38_9_fu_2000_p2               |         +|   0|  0|  12|          21|           2|
    |add_ln38_fu_1168_p2                 |         +|   0|  0|  12|          12|          12|
    |add_ln9_1_fu_4572_p2                |         +|   0|  0|  14|           9|           9|
    |add_ln9_2_fu_4582_p2                |         +|   0|  0|  13|          10|          10|
    |add_ln9_fu_4292_p2                  |         +|   0|  0|  14|           9|           9|
    |empty_fu_3301_p2                    |         +|   0|  0|  14|           6|           2|
    |indvars_iv_next144_fu_3313_p2       |         +|   0|  0|  13|           5|           1|
    |indvars_iv_next144_mid1_fu_1098_p2  |         +|   0|  0|  13|           5|           2|
    |p_mid1_fu_926_p2                    |         +|   0|  0|  14|           6|           2|
    |wj_fu_980_p2                        |         +|   0|  0|  13|           5|           1|
    |sub_ln38_10_fu_1311_p2              |         -|   0|  0|  15|           8|           8|
    |sub_ln38_11_fu_1794_p2              |         -|   0|  0|  12|          12|          12|
    |sub_ln38_12_fu_1817_p2              |         -|   0|  0|  15|           8|           8|
    |sub_ln38_13_fu_1842_p2              |         -|   0|  0|  12|          21|          21|
    |sub_ln38_14_fu_1972_p2              |         -|   0|  0|  28|          21|          21|
    |sub_ln38_15_fu_1995_p2              |         -|   0|  0|  28|          21|          21|
    |sub_ln38_16_fu_1634_p2              |         -|   0|  0|  12|          21|          21|
    |sub_ln38_17_fu_2119_p2              |         -|   0|  0|  28|          21|          21|
    |sub_ln38_18_fu_2142_p2              |         -|   0|  0|  28|          21|          21|
    |sub_ln38_19_fu_1655_p2              |         -|   0|  0|  12|          21|          21|
    |sub_ln38_1_fu_1158_p2               |         -|   0|  0|  15|           8|           8|
    |sub_ln38_20_fu_2248_p2              |         -|   0|  0|  28|          21|          21|
    |sub_ln38_21_fu_2271_p2              |         -|   0|  0|  28|          21|          21|
    |sub_ln38_22_fu_1928_p2              |         -|   0|  0|  12|          21|          21|
    |sub_ln38_23_fu_2374_p2              |         -|   0|  0|  28|          21|          21|
    |sub_ln38_24_fu_2397_p2              |         -|   0|  0|  28|          21|          21|
    |sub_ln38_2_fu_1024_p2               |         -|   0|  0|  12|          12|          12|
    |sub_ln38_3_fu_1042_p2               |         -|   0|  0|  15|           8|           8|
    |sub_ln38_4_fu_1070_p2               |         -|   0|  0|  15|           8|           8|
    |sub_ln38_5_fu_1224_p2               |         -|   0|  0|  12|          12|          12|
    |sub_ln38_6_fu_1237_p2               |         -|   0|  0|  15|           8|           8|
    |sub_ln38_7_fu_1733_p2               |         -|   0|  0|  15|           8|           8|
    |sub_ln38_8_fu_1758_p2               |         -|   0|  0|  15|           8|           8|
    |sub_ln38_9_fu_1298_p2               |         -|   0|  0|  12|          12|          12|
    |sub_ln38_fu_1145_p2                 |         -|   0|  0|  12|          12|          12|
    |ap_condition_1650                   |       and|   0|  0|   2|           1|           1|
    |ap_condition_1670                   |       and|   0|  0|   2|           1|           1|
    |cmp29_fu_3323_p2                    |      icmp|   0|  0|   9|           5|           1|
    |cmp29_mid1_fu_1086_p2               |      icmp|   0|  0|   9|           5|           1|
    |cmp31_fu_3328_p2                    |      icmp|   0|  0|   9|           5|           5|
    |cmp31_mid1_fu_1092_p2               |      icmp|   0|  0|   9|           5|           5|
    |empty_18_fu_3307_p2                 |      icmp|   0|  0|  10|           6|           5|
    |empty_19_fu_3333_p2                 |      icmp|   0|  0|   9|           5|           5|
    |icmp_ln26_fu_1379_p2                |      icmp|   0|  0|  11|           9|           8|
    |icmp_ln27_fu_3318_p2                |      icmp|   0|  0|   9|           5|           5|
    |icmp_ln33_1_fu_990_p2               |      icmp|   0|  0|   9|           5|           5|
    |icmp_ln33_fu_960_p2                 |      icmp|   0|  0|  10|           6|           5|
    |icmp_ln41_1_fu_1340_p2              |      icmp|   0|  0|   9|           5|           5|
    |icmp_ln41_fu_1335_p2                |      icmp|   0|  0|   9|           5|           1|
    |p_mid17_fu_932_p2                   |      icmp|   0|  0|  10|           6|           5|
    |p_mid19_fu_1104_p2                  |      icmp|   0|  0|   9|           5|           5|
    |lshr_ln38_10_fu_3971_p2             |      lshr|   0|  0|  67|          24|          24|
    |lshr_ln38_11_fu_4092_p2             |      lshr|   0|  0|  67|          24|          24|
    |lshr_ln38_1_fu_3641_p2              |      lshr|   0|  0|  67|          24|          24|
    |lshr_ln38_2_fu_3696_p2              |      lshr|   0|  0|  67|          24|          24|
    |lshr_ln38_3_fu_3421_p2              |      lshr|   0|  0|  67|          24|          24|
    |lshr_ln38_4_fu_3751_p2              |      lshr|   0|  0|  67|          24|          24|
    |lshr_ln38_5_fu_3806_p2              |      lshr|   0|  0|  67|          24|          24|
    |lshr_ln38_6_fu_3514_p2              |      lshr|   0|  0|  67|          24|          24|
    |lshr_ln38_7_fu_3861_p2              |      lshr|   0|  0|  67|          24|          24|
    |lshr_ln38_8_fu_3916_p2              |      lshr|   0|  0|  67|          24|          24|
    |lshr_ln38_9_fu_3569_p2              |      lshr|   0|  0|  67|          24|          24|
    |lshr_ln38_fu_3586_p2                |      lshr|   0|  0|  67|          24|          24|
    |or_ln33_1_fu_1261_p2                |        or|   0|  0|   2|           1|           1|
    |or_ln33_fu_966_p2                   |        or|   0|  0|   2|           1|           1|
    |or_ln41_1_fu_1367_p2                |        or|   0|  0|   2|           1|           1|
    |or_ln41_2_fu_1373_p2                |        or|   0|  0|   2|           1|           1|
    |or_ln41_fu_1353_p2                  |        or|   0|  0|   2|           1|           1|
    |row_fu_1110_p3                      |    select|   0|  0|   5|           1|           5|
    |select_ln26_1_fu_938_p3             |    select|   0|  0|   2|           1|           1|
    |select_ln26_3_fu_972_p3             |    select|   0|  0|   6|           1|           6|
    |select_ln26_4_fu_996_p3             |    select|   0|  0|   6|           1|           6|
    |select_ln26_5_fu_1253_p3            |    select|   0|  0|   2|           1|           1|
    |select_ln26_6_fu_1266_p3            |    select|   0|  0|   5|           1|           5|
    |select_ln26_7_fu_1327_p3            |    select|   0|  0|   5|           1|           5|
    |select_ln26_8_fu_1345_p3            |    select|   0|  0|   2|           1|           1|
    |select_ln26_9_fu_1359_p3            |    select|   0|  0|   2|           1|           1|
    |select_ln26_fu_914_p3               |    select|   0|  0|   5|           1|           1|
    |ap_enable_pp0                       |       xor|   0|  0|   2|           1|           2|
    +------------------------------------+----------+----+---+----+------------+------------+
    |Total                               |          |   0|  0|3062|        2278|        1909|
    +------------------------------------+----------+----+---+----+------------+------------+

    * Multiplexer: 
    +-----------------------------------------------------+-----+-----------+-----+-----------+
    |                         Name                        | LUT | Input Size| Bits| Total Bits|
    +-----------------------------------------------------+-----+-----------+-----+-----------+
    |ap_NS_fsm                                            |  159|         36|    1|         36|
    |ap_enable_reg_pp0_iter0                              |    9|          2|    1|          2|
    |ap_enable_reg_pp0_iter3                              |    9|          2|    1|          2|
    |ap_phi_mux_cmp29203_phi_fu_547_p6                    |   14|          3|    1|          3|
    |ap_phi_mux_cmp31204_phi_fu_533_p6                    |   14|          3|    1|          3|
    |ap_phi_mux_empty_21_phi_fu_519_p6                    |   14|          3|    1|          3|
    |ap_phi_mux_empty_22_phi_fu_477_p6                    |   14|          3|    1|          3|
    |ap_phi_mux_empty_23_phi_fu_491_p6                    |   14|          3|    6|         18|
    |ap_phi_mux_icmp_ln27208_phi_fu_447_p6                |   14|          3|    1|          3|
    |ap_phi_mux_indvar_flatten198_phi_fu_575_p6           |   14|          3|    9|         27|
    |ap_phi_mux_indvars_iv_next144_cast207_phi_fu_462_p6  |   14|          3|    5|         15|
    |ap_phi_mux_p_016_2133_phi_fu_861_p4                  |    9|          2|    8|         16|
    |ap_phi_mux_wj200_phi_fu_505_p6                       |   14|          3|    5|         15|
    |ap_phi_mux_zext_ln26_1202_phi_fu_561_p6              |   14|          3|    5|         15|
    |ap_phi_reg_pp0_iter2_p_016115_reg_609                |    9|          2|    8|         16|
    |ap_phi_reg_pp0_iter2_p_016_1124_reg_729              |    9|          2|    8|         16|
    |ap_phi_reg_pp0_iter2_p_016_143118154_reg_621         |    9|          2|    8|         16|
    |ap_phi_reg_pp0_iter2_p_016_1_2130_reg_764            |    9|          2|    8|         16|
    |ap_phi_reg_pp0_iter2_p_016_259121_reg_692            |   14|          3|    8|         24|
    |ap_phi_reg_pp0_iter2_p_016_2_1136149_reg_776         |    9|          2|    8|         16|
    |ap_phi_reg_pp0_iter2_p_016_2_2139_reg_843            |   14|          3|    8|         24|
    |ap_phi_reg_pp0_iter2_p_117116_reg_597                |    9|          2|    8|         16|
    |ap_phi_reg_pp0_iter2_p_117_1125_reg_718              |    9|          2|    8|         16|
    |ap_phi_reg_pp0_iter2_p_117_145119153_reg_635         |    9|          2|    8|         16|
    |ap_phi_reg_pp0_iter2_p_117_1_2131_reg_752            |    9|          2|    8|         16|
    |ap_phi_reg_pp0_iter2_p_117_2134_reg_879              |    9|          2|    8|         16|
    |ap_phi_reg_pp0_iter2_p_117_261122_reg_677            |   14|          3|    8|         24|
    |ap_phi_reg_pp0_iter2_p_117_2_1137148_reg_789         |    9|          2|    8|         16|
    |ap_phi_reg_pp0_iter2_p_117_2_2140_reg_829            |   14|          3|    8|         24|
    |ap_phi_reg_pp0_iter2_p_218117_reg_585                |    9|          2|    8|         16|
    |ap_phi_reg_pp0_iter2_p_218_1126_reg_707              |    9|          2|    8|         16|
    |ap_phi_reg_pp0_iter2_p_218_147120152_reg_649         |   14|          3|    8|         24|
    |ap_phi_reg_pp0_iter2_p_218_1_2132_reg_740            |    9|          2|    8|         16|
    |ap_phi_reg_pp0_iter2_p_218_2135_reg_868              |    9|          2|    8|         16|
    |ap_phi_reg_pp0_iter2_p_218_263123_reg_663            |   14|          3|    8|         24|
    |ap_phi_reg_pp0_iter2_p_218_2_1138147_reg_802         |   14|          3|    8|         24|
    |ap_phi_reg_pp0_iter2_p_218_2_2141_reg_815            |   14|          3|    8|         24|
    |cmp29203_reg_543                                     |    9|          2|    1|          2|
    |cmp31204_reg_529                                     |    9|          2|    1|          2|
    |empty_21_reg_515                                     |    9|          2|    1|          2|
    |empty_22_reg_473                                     |    9|          2|    1|          2|
    |empty_23_reg_487                                     |    9|          2|    6|         12|
    |icmp_ln27208_reg_443                                 |    9|          2|    1|          2|
    |indvar_flatten198_reg_571                            |    9|          2|    9|         18|
    |indvars_iv_next144_cast207_reg_458                   |    9|          2|    5|         10|
    |pixel_in_address0                                    |  125|         28|    9|        252|
    |pixel_out_address0                                   |   37|          7|    9|         63|
    |pixel_out_d0                                         |   25|          5|   24|        120|
    |pixel_out_we0                                        |   20|          4|    3|         12|
    |wj200_reg_501                                        |    9|          2|    5|         10|
    |zext_ln26_1202_reg_557                               |    9|          2|    5|         10|
    +-----------------------------------------------------+-----+-----------+-----+-----------+
    |Total                                                |  870|        190|  310|       1110|
    +-----------------------------------------------------+-----+-----------+-----+-----------+

    * Register: 
    +----------------------------------------------+----+----+-----+-----------+
    |                     Name                     | FF | LUT| Bits| Const Bits|
    +----------------------------------------------+----+----+-----+-----------+
    |add_ln10_2_reg_6350                           |  10|   0|   10|          0|
    |add_ln10_reg_6197                             |   9|   0|    9|          0|
    |add_ln11_2_reg_6355                           |  10|   0|   10|          0|
    |add_ln11_reg_6202                             |   9|   0|    9|          0|
    |add_ln15_1_reg_6360                           |  11|   0|   11|          0|
    |add_ln15_3_reg_6365                           |   9|   0|    9|          0|
    |add_ln15_4_reg_6410                           |  10|   0|   10|          0|
    |add_ln16_1_reg_6420                           |  11|   0|   11|          0|
    |add_ln16_3_reg_6370                           |   9|   0|    9|          0|
    |add_ln16_4_reg_6425                           |  10|   0|   10|          0|
    |add_ln17_1_reg_6430                           |  12|   0|   12|          0|
    |add_ln17_3_reg_6122                           |   9|   0|    9|          0|
    |add_ln17_4_reg_6375                           |  10|   0|   10|          0|
    |add_ln26_reg_4998                             |   9|   0|    9|          0|
    |add_ln32_reg_4932                             |   6|   0|    6|          0|
    |add_ln38_100_reg_6187                         |   9|   0|    9|          0|
    |add_ln38_10_reg_5105                          |  12|   0|   12|          0|
    |add_ln38_11_reg_5345                          |  21|   0|   21|          0|
    |add_ln38_12_reg_4981                          |  12|   0|   12|          0|
    |add_ln38_14_reg_5122                          |  12|   0|   12|          0|
    |add_ln38_15_reg_5205                          |  21|   0|   21|          0|
    |add_ln38_16_reg_5127                          |  12|   0|   12|          0|
    |add_ln38_18_reg_5029                          |  12|   0|   12|          0|
    |add_ln38_19_reg_5392                          |  21|   0|   21|          0|
    |add_ln38_20_reg_5174                          |  12|   0|   12|          0|
    |add_ln38_22_reg_5179                          |  12|   0|   12|          0|
    |add_ln38_23_reg_5397                          |  21|   0|   21|          0|
    |add_ln38_24_reg_5248                          |  12|   0|   12|          0|
    |add_ln38_25_reg_5733                          |  12|   0|   12|          0|
    |add_ln38_26_reg_5738                          |  12|   0|   12|          0|
    |add_ln38_27_reg_5255                          |  12|   0|   12|          0|
    |add_ln38_28_reg_5583                          |  12|   0|   12|          0|
    |add_ln38_29_reg_5588                          |  12|   0|   12|          0|
    |add_ln38_2_reg_5072                           |  12|   0|   12|          0|
    |add_ln38_30_reg_5045                          |  12|   0|   12|          0|
    |add_ln38_31_reg_5703                          |  12|   0|   12|          0|
    |add_ln38_32_reg_5708                          |  12|   0|   12|          0|
    |add_ln38_33_reg_5262                          |  12|   0|   12|          0|
    |add_ln38_34_reg_5623                          |  12|   0|   12|          0|
    |add_ln38_35_reg_5628                          |  12|   0|   12|          0|
    |add_ln38_36_reg_5269                          |  12|   0|   12|          0|
    |add_ln38_37_reg_5663                          |  12|   0|   12|          0|
    |add_ln38_38_reg_5668                          |  12|   0|   12|          0|
    |add_ln38_3_reg_5282                           |  21|   0|   21|          0|
    |add_ln38_40_reg_5216                          |  21|   0|   21|          0|
    |add_ln38_42_reg_5438                          |  21|   0|   21|          0|
    |add_ln38_44_reg_5443                          |  21|   0|   21|          0|
    |add_ln38_46_reg_5323                          |  21|   0|   21|          0|
    |add_ln38_48_reg_5478                          |  21|   0|   21|          0|
    |add_ln38_4_reg_5077                           |  12|   0|   12|          0|
    |add_ln38_50_reg_5483                          |  21|   0|   21|          0|
    |add_ln38_6_reg_4973                           |  12|   0|   12|          0|
    |add_ln38_74_reg_6217                          |   9|   0|    9|          0|
    |add_ln38_76_reg_6222                          |   9|   0|    9|          0|
    |add_ln38_7_reg_5340                           |  21|   0|   21|          0|
    |add_ln38_80_reg_6107                          |   9|   0|    9|          0|
    |add_ln38_82_reg_6112                          |   9|   0|    9|          0|
    |add_ln38_84_reg_6252                          |   9|   0|    9|          0|
    |add_ln38_86_reg_6257                          |   9|   0|    9|          0|
    |add_ln38_88_reg_6262                          |   9|   0|    9|          0|
    |add_ln38_8_reg_5100                           |  12|   0|   12|          0|
    |add_ln38_90_reg_6142                          |   9|   0|    9|          0|
    |add_ln38_92_reg_6147                          |   9|   0|    9|          0|
    |add_ln38_94_reg_6152                          |   9|   0|    9|          0|
    |add_ln38_96_reg_6177                          |   9|   0|    9|          0|
    |add_ln38_98_reg_6182                          |   9|   0|    9|          0|
    |add_ln38_reg_5003                             |  12|   0|   12|          0|
    |add_ln9_2_reg_6345                            |  10|   0|   10|          0|
    |add_ln9_reg_6192                              |   9|   0|    9|          0|
    |ap_CS_fsm                                     |  35|   0|   35|          0|
    |ap_enable_reg_pp0_iter0_reg                   |   1|   0|    1|          0|
    |ap_enable_reg_pp0_iter1                       |   1|   0|    1|          0|
    |ap_enable_reg_pp0_iter2                       |   1|   0|    1|          0|
    |ap_enable_reg_pp0_iter3                       |   1|   0|    1|          0|
    |ap_phi_reg_pp0_iter2_p_016115_reg_609         |   8|   0|    8|          0|
    |ap_phi_reg_pp0_iter2_p_016_1124_reg_729       |   8|   0|    8|          0|
    |ap_phi_reg_pp0_iter2_p_016_143118154_reg_621  |   8|   0|    8|          0|
    |ap_phi_reg_pp0_iter2_p_016_1_2130_reg_764     |   8|   0|    8|          0|
    |ap_phi_reg_pp0_iter2_p_016_259121_reg_692     |   8|   0|    8|          0|
    |ap_phi_reg_pp0_iter2_p_016_2_1136149_reg_776  |   8|   0|    8|          0|
    |ap_phi_reg_pp0_iter2_p_016_2_2139_reg_843     |   8|   0|    8|          0|
    |ap_phi_reg_pp0_iter2_p_117116_reg_597         |   8|   0|    8|          0|
    |ap_phi_reg_pp0_iter2_p_117_1125_reg_718       |   8|   0|    8|          0|
    |ap_phi_reg_pp0_iter2_p_117_145119153_reg_635  |   8|   0|    8|          0|
    |ap_phi_reg_pp0_iter2_p_117_1_2131_reg_752     |   8|   0|    8|          0|
    |ap_phi_reg_pp0_iter2_p_117_2134_reg_879       |   8|   0|    8|          0|
    |ap_phi_reg_pp0_iter2_p_117_261122_reg_677     |   8|   0|    8|          0|
    |ap_phi_reg_pp0_iter2_p_117_2_1137148_reg_789  |   8|   0|    8|          0|
    |ap_phi_reg_pp0_iter2_p_117_2_2140_reg_829     |   8|   0|    8|          0|
    |ap_phi_reg_pp0_iter2_p_218117_reg_585         |   8|   0|    8|          0|
    |ap_phi_reg_pp0_iter2_p_218_1126_reg_707       |   8|   0|    8|          0|
    |ap_phi_reg_pp0_iter2_p_218_147120152_reg_649  |   8|   0|    8|          0|
    |ap_phi_reg_pp0_iter2_p_218_1_2132_reg_740     |   8|   0|    8|          0|
    |ap_phi_reg_pp0_iter2_p_218_2135_reg_868       |   8|   0|    8|          0|
    |ap_phi_reg_pp0_iter2_p_218_263123_reg_663     |   8|   0|    8|          0|
    |ap_phi_reg_pp0_iter2_p_218_2_1138147_reg_802  |   8|   0|    8|          0|
    |ap_phi_reg_pp0_iter2_p_218_2_2141_reg_815     |   8|   0|    8|          0|
    |cmp29203_reg_543                              |   1|   0|    1|          0|
    |cmp29_reg_5904                                |   1|   0|    1|          0|
    |cmp31204_reg_529                              |   1|   0|    1|          0|
    |cmp31_reg_5909                                |   1|   0|    1|          0|
    |empty_18_reg_5888                             |   1|   0|    1|          0|
    |empty_19_reg_5914                             |   1|   0|    1|          0|
    |empty_21_reg_515                              |   1|   0|    1|          0|
    |empty_22_reg_473                              |   1|   0|    1|          0|
    |empty_23_reg_487                              |   6|   0|    6|          0|
    |empty_reg_5883                                |   6|   0|    6|          0|
    |icmp_ln26_reg_5062                            |   1|   0|    1|          0|
    |icmp_ln27208_reg_443                          |   1|   0|    1|          0|
    |icmp_ln27_reg_5899                            |   1|   0|    1|          0|
    |icmp_ln33_1_reg_4969                          |   1|   0|    1|          0|
    |icmp_ln33_reg_4940                            |   1|   0|    1|          0|
    |indvar_flatten198_reg_571                     |   9|   0|    9|          0|
    |indvars_iv_next144_cast207_reg_458            |   5|   0|    5|          0|
    |indvars_iv_next144_reg_5893                   |   5|   0|    5|          0|
    |or_ln33_1_reg_5041                            |   1|   0|    1|          0|
    |or_ln33_reg_4945                              |   1|   0|    1|          0|
    |or_ln41_2_reg_5058                            |   1|   0|    1|          0|
    |p_016115_reg_609                              |   8|   0|    8|          0|
    |p_016_143118154_reg_621                       |   8|   0|    8|          0|
    |p_016_1_2130_reg_764                          |   8|   0|    8|          0|
    |p_016_259121_reg_692                          |   8|   0|    8|          0|
    |p_117116_reg_597                              |   8|   0|    8|          0|
    |p_117_145119153_reg_635                       |   8|   0|    8|          0|
    |p_117_1_2131_reg_752                          |   8|   0|    8|          0|
    |p_117_261122_reg_677                          |   8|   0|    8|          0|
    |p_218117_reg_585                              |   8|   0|    8|          0|
    |p_218_147120152_reg_649                       |   8|   0|    8|          0|
    |p_218_1_2132_reg_740                          |   8|   0|    8|          0|
    |pixel_out_addr_1_reg_6247                     |   9|   0|    9|          0|
    |pixel_out_addr_2_reg_6283                     |   9|   0|    9|          0|
    |pixel_out_addr_reg_6212                       |   9|   0|    9|          0|
    |reg_910                                       |  24|   0|   24|          0|
    |row_reg_4989                                  |   5|   0|    5|          0|
    |select_ln26_1_reg_4923                        |   1|   0|    1|          0|
    |select_ln26_3_reg_4949                        |   6|   0|    6|          0|
    |select_ln26_5_reg_5037                        |   1|   0|    1|          0|
    |select_ln26_7_reg_5052                        |   5|   0|    5|          0|
    |select_ln26_reg_4916                          |   5|   0|    5|          0|
    |sext_ln38_14_reg_5210                         |  21|   0|   21|          0|
    |sext_ln38_19_reg_5317                         |  21|   0|   21|          0|
    |sext_ln38_3_reg_5276                          |  21|   0|   21|          0|
    |sext_ln38_9_reg_5199                          |  21|   0|   21|          0|
    |sub_ln38_5_reg_5023                           |  10|   0|   12|          2|
    |tmp_10_reg_5513                               |   7|   0|    7|          0|
    |tmp_10_reg_5513_pp0_iter1_reg                 |   7|   0|    7|          0|
    |tmp_11_reg_5573                               |   5|   0|    5|          0|
    |tmp_11_reg_5573_pp0_iter1_reg                 |   5|   0|    5|          0|
    |tmp_12_reg_5578                               |   7|   0|    7|          0|
    |tmp_12_reg_5578_pp0_iter1_reg                 |   7|   0|    7|          0|
    |tmp_13_reg_5360                               |  19|   0|   19|          0|
    |tmp_14_reg_5593                               |   5|   0|    5|          0|
    |tmp_14_reg_5593_pp0_iter1_reg                 |   5|   0|    5|          0|
    |tmp_15_reg_5598                               |   7|   0|    7|          0|
    |tmp_15_reg_5598_pp0_iter1_reg                 |   7|   0|    7|          0|
    |tmp_16_reg_5375                               |  19|   0|   19|          0|
    |tmp_17_reg_5523                               |   5|   0|    5|          0|
    |tmp_17_reg_5523_pp0_iter1_reg                 |   5|   0|    5|          0|
    |tmp_18_reg_5528                               |   7|   0|    7|          0|
    |tmp_18_reg_5528_pp0_iter1_reg                 |   7|   0|    7|          0|
    |tmp_19_reg_5157                               |  19|   0|   19|          0|
    |tmp_1_reg_5548                                |   7|   0|    7|          0|
    |tmp_1_reg_5548_pp0_iter1_reg                  |   7|   0|    7|          0|
    |tmp_20_reg_5603                               |   5|   0|    5|          0|
    |tmp_20_reg_5603_pp0_iter1_reg                 |   5|   0|    5|          0|
    |tmp_21_reg_5608                               |   7|   0|    7|          0|
    |tmp_21_reg_5608_pp0_iter1_reg                 |   7|   0|    7|          0|
    |tmp_22_reg_5412                               |  19|   0|   19|          0|
    |tmp_23_reg_5633                               |   5|   0|    5|          0|
    |tmp_23_reg_5633_pp0_iter1_reg                 |   5|   0|    5|          0|
    |tmp_24_reg_5638                               |   7|   0|    7|          0|
    |tmp_24_reg_5638_pp0_iter1_reg                 |   7|   0|    7|          0|
    |tmp_25_reg_5427                               |  19|   0|   19|          0|
    |tmp_26_reg_5533                               |   5|   0|    5|          0|
    |tmp_26_reg_5533_pp0_iter1_reg                 |   5|   0|    5|          0|
    |tmp_27_reg_5538                               |   7|   0|    7|          0|
    |tmp_27_reg_5538_pp0_iter1_reg                 |   7|   0|    7|          0|
    |tmp_28_reg_5231                               |  19|   0|   19|          0|
    |tmp_29_reg_5643                               |   5|   0|    5|          0|
    |tmp_29_reg_5643_pp0_iter1_reg                 |   5|   0|    5|          0|
    |tmp_2_reg_5194                                |  19|   0|   19|          0|
    |tmp_30_reg_5648                               |   7|   0|    7|          0|
    |tmp_30_reg_5648_pp0_iter1_reg                 |   7|   0|    7|          0|
    |tmp_31_reg_5458                               |  19|   0|   19|          0|
    |tmp_32_reg_5673                               |   5|   0|    5|          0|
    |tmp_32_reg_5673_pp0_iter1_reg                 |   5|   0|    5|          0|
    |tmp_33_reg_5678                               |   7|   0|    7|          0|
    |tmp_33_reg_5678_pp0_iter1_reg                 |   7|   0|    7|          0|
    |tmp_34_reg_5473                               |  19|   0|   19|          0|
    |tmp_35_reg_5823                               |   5|   0|    5|          0|
    |tmp_35_reg_5823_pp0_iter1_reg                 |   5|   0|    5|          0|
    |tmp_36_reg_5828                               |   7|   0|    7|          0|
    |tmp_36_reg_5828_pp0_iter1_reg                 |   7|   0|    7|          0|
    |tmp_37_reg_5863                               |   5|   0|    5|          0|
    |tmp_37_reg_5863_pp0_iter1_reg                 |   5|   0|    5|          0|
    |tmp_38_reg_5868                               |   7|   0|    7|          0|
    |tmp_38_reg_5868_pp0_iter1_reg                 |   7|   0|    7|          0|
    |tmp_39_reg_5873                               |   5|   0|    5|          0|
    |tmp_39_reg_5873_pp0_iter1_reg                 |   5|   0|    5|          0|
    |tmp_3_reg_5553                                |   5|   0|    5|          0|
    |tmp_3_reg_5553_pp0_iter1_reg                  |   5|   0|    5|          0|
    |tmp_40_reg_5878                               |   7|   0|    7|          0|
    |tmp_40_reg_5878_pp0_iter1_reg                 |   7|   0|    7|          0|
    |tmp_41_reg_5683                               |   5|   0|    5|          0|
    |tmp_41_reg_5683_pp0_iter1_reg                 |   5|   0|    5|          0|
    |tmp_42_reg_5688                               |   7|   0|    7|          0|
    |tmp_42_reg_5688_pp0_iter1_reg                 |   7|   0|    7|          0|
    |tmp_43_reg_5743                               |   5|   0|    5|          0|
    |tmp_43_reg_5743_pp0_iter1_reg                 |   5|   0|    5|          0|
    |tmp_44_reg_5748                               |   7|   0|    7|          0|
    |tmp_44_reg_5748_pp0_iter1_reg                 |   7|   0|    7|          0|
    |tmp_45_reg_5753                               |   5|   0|    5|          0|
    |tmp_45_reg_5753_pp0_iter1_reg                 |   5|   0|    5|          0|
    |tmp_46_reg_5758                               |   7|   0|    7|          0|
    |tmp_46_reg_5758_pp0_iter1_reg                 |   7|   0|    7|          0|
    |tmp_47_reg_5833                               |   5|   0|    5|          0|
    |tmp_47_reg_5833_pp0_iter1_reg                 |   5|   0|    5|          0|
    |tmp_48_reg_5838                               |   7|   0|    7|          0|
    |tmp_48_reg_5838_pp0_iter1_reg                 |   7|   0|    7|          0|
    |tmp_49_reg_5843                               |   5|   0|    5|          0|
    |tmp_49_reg_5843_pp0_iter1_reg                 |   5|   0|    5|          0|
    |tmp_4_reg_5558                                |   7|   0|    7|          0|
    |tmp_4_reg_5558_pp0_iter1_reg                  |   7|   0|    7|          0|
    |tmp_50_reg_5848                               |   7|   0|    7|          0|
    |tmp_50_reg_5848_pp0_iter1_reg                 |   7|   0|    7|          0|
    |tmp_51_reg_5853                               |   5|   0|    5|          0|
    |tmp_51_reg_5853_pp0_iter1_reg                 |   5|   0|    5|          0|
    |tmp_52_reg_5858                               |   7|   0|    7|          0|
    |tmp_52_reg_5858_pp0_iter1_reg                 |   7|   0|    7|          0|
    |tmp_53_reg_5713                               |   5|   0|    5|          0|
    |tmp_53_reg_5713_pp0_iter1_reg                 |   5|   0|    5|          0|
    |tmp_54_reg_5718                               |   7|   0|    7|          0|
    |tmp_54_reg_5718_pp0_iter1_reg                 |   7|   0|    7|          0|
    |tmp_55_reg_5783                               |   5|   0|    5|          0|
    |tmp_55_reg_5783_pp0_iter1_reg                 |   5|   0|    5|          0|
    |tmp_56_reg_5788                               |   7|   0|    7|          0|
    |tmp_56_reg_5788_pp0_iter1_reg                 |   7|   0|    7|          0|
    |tmp_57_reg_5793                               |   5|   0|    5|          0|
    |tmp_57_reg_5793_pp0_iter1_reg                 |   5|   0|    5|          0|
    |tmp_58_reg_5798                               |   7|   0|    7|          0|
    |tmp_58_reg_5798_pp0_iter1_reg                 |   7|   0|    7|          0|
    |tmp_59_reg_5723                               |   5|   0|    5|          0|
    |tmp_59_reg_5723_pp0_iter1_reg                 |   5|   0|    5|          0|
    |tmp_5_reg_5297                                |  19|   0|   19|          0|
    |tmp_60_reg_5728                               |   7|   0|    7|          0|
    |tmp_60_reg_5728_pp0_iter1_reg                 |   7|   0|    7|          0|
    |tmp_61_reg_5803                               |   5|   0|    5|          0|
    |tmp_61_reg_5803_pp0_iter1_reg                 |   5|   0|    5|          0|
    |tmp_62_reg_5808                               |   7|   0|    7|          0|
    |tmp_62_reg_5808_pp0_iter1_reg                 |   7|   0|    7|          0|
    |tmp_63_reg_5813                               |   5|   0|    5|          0|
    |tmp_63_reg_5813_pp0_iter1_reg                 |   5|   0|    5|          0|
    |tmp_64_reg_5818                               |   7|   0|    7|          0|
    |tmp_64_reg_5818_pp0_iter1_reg                 |   7|   0|    7|          0|
    |tmp_68_reg_6445                               |   8|   0|    8|          0|
    |tmp_6_reg_5563                                |   5|   0|    5|          0|
    |tmp_6_reg_5563_pp0_iter1_reg                  |   5|   0|    5|          0|
    |tmp_7_reg_5568                                |   7|   0|    7|          0|
    |tmp_7_reg_5568_pp0_iter1_reg                  |   7|   0|    7|          0|
    |tmp_8_reg_5312                                |  19|   0|   19|          0|
    |tmp_9_reg_5508                                |   5|   0|    5|          0|
    |tmp_9_reg_5508_pp0_iter1_reg                  |   5|   0|    5|          0|
    |tmp_reg_5543                                  |   5|   0|    5|          0|
    |tmp_reg_5543_pp0_iter1_reg                    |   5|   0|    5|          0|
    |tmp_s_reg_5142                                |  19|   0|   19|          0|
    |trunc_ln38_10_reg_5137                        |  21|   0|   21|          0|
    |trunc_ln38_11_reg_5132                        |  63|   0|   63|          0|
    |trunc_ln38_13_reg_5949                        |   8|   0|    8|          0|
    |trunc_ln38_14_reg_5350                        |  63|   0|   63|          0|
    |trunc_ln38_16_reg_5355                        |  21|   0|   21|          0|
    |trunc_ln38_17_reg_6035                        |   8|   0|    8|          0|
    |trunc_ln38_18_reg_5370                        |  21|   0|   21|          0|
    |trunc_ln38_19_reg_5365                        |  63|   0|   63|          0|
    |trunc_ln38_1_reg_5990                         |   8|   0|    8|          0|
    |trunc_ln38_20_reg_5152                        |  21|   0|   21|          0|
    |trunc_ln38_22_reg_6051                        |   8|   0|    8|          0|
    |trunc_ln38_23_reg_5147                        |  63|   0|   63|          0|
    |trunc_ln38_25_reg_5402                        |  63|   0|   63|          0|
    |trunc_ln38_26_reg_5407                        |  21|   0|   21|          0|
    |trunc_ln38_27_reg_5970                        |   8|   0|    8|          0|
    |trunc_ln38_28_reg_6167                        |   8|   0|    8|          0|
    |trunc_ln38_2_reg_5184                         |  63|   0|   63|          0|
    |trunc_ln38_31_reg_6390                        |   8|   0|    8|          0|
    |trunc_ln38_33_reg_6067                        |   8|   0|    8|          0|
    |trunc_ln38_34_reg_6288                        |   8|   0|    8|          0|
    |trunc_ln38_35_reg_6299                        |   8|   0|    8|          0|
    |trunc_ln38_36_reg_5417                        |  63|   0|   63|          0|
    |trunc_ln38_37_reg_6320                        |   8|   0|    8|          0|
    |trunc_ln38_40_reg_5422                        |  21|   0|   21|          0|
    |trunc_ln38_41_reg_5226                        |  21|   0|   21|          0|
    |trunc_ln38_42_reg_5221                        |  63|   0|   63|          0|
    |trunc_ln38_43_reg_5448                        |  63|   0|   63|          0|
    |trunc_ln38_44_reg_5453                        |  21|   0|   21|          0|
    |trunc_ln38_45_reg_5468                        |  21|   0|   21|          0|
    |trunc_ln38_46_reg_5463                        |  63|   0|   63|          0|
    |trunc_ln38_47_reg_5498                        |  63|   0|   63|          0|
    |trunc_ln38_48_reg_5488                        |  63|   0|   63|          0|
    |trunc_ln38_49_reg_5518                        |  63|   0|   63|          0|
    |trunc_ln38_4_reg_5287                         |  63|   0|   63|          0|
    |trunc_ln38_50_reg_5493                        |  63|   0|   63|          0|
    |trunc_ln38_51_reg_5503                        |  63|   0|   63|          0|
    |trunc_ln38_54_reg_5985                        |   8|   0|    8|          0|
    |trunc_ln38_56_reg_6097                        |   8|   0|    8|          0|
    |trunc_ln38_5_reg_6005                         |   8|   0|    8|          0|
    |trunc_ln38_61_reg_6132                        |   8|   0|    8|          0|
    |trunc_ln38_63_reg_6380                        |   8|   0|    8|          0|
    |trunc_ln38_65_reg_6267                        |   8|   0|    8|          0|
    |trunc_ln38_67_reg_6310                        |   8|   0|    8|          0|
    |trunc_ln38_6_reg_5292                         |  21|   0|   21|          0|
    |trunc_ln38_8_reg_5307                         |  21|   0|   21|          0|
    |trunc_ln38_s_reg_5302                         |  63|   0|   63|          0|
    |trunc_ln_reg_5189                             |  21|   0|   21|          0|
    |urem_ln38_10_reg_6062                         |   5|   0|    5|          0|
    |urem_ln38_11_reg_6077                         |   5|   0|    5|          0|
    |urem_ln38_12_reg_6162                         |   5|   0|    5|          0|
    |urem_ln38_13_reg_6092                         |   5|   0|    5|          0|
    |urem_ln38_14_reg_6232                         |   5|   0|    5|          0|
    |urem_ln38_15_reg_6117                         |   5|   0|    5|          0|
    |urem_ln38_16_reg_6157                         |   5|   0|    5|          0|
    |urem_ln38_1_reg_5965                          |   5|   0|    5|          0|
    |urem_ln38_2_reg_5980                          |   5|   0|    5|          0|
    |urem_ln38_3_reg_5919                          |   5|   0|    5|          0|
    |urem_ln38_4_reg_6000                          |   5|   0|    5|          0|
    |urem_ln38_5_reg_6015                          |   5|   0|    5|          0|
    |urem_ln38_6_reg_5929                          |   5|   0|    5|          0|
    |urem_ln38_7_reg_6030                          |   5|   0|    5|          0|
    |urem_ln38_8_reg_6046                          |   5|   0|    5|          0|
    |urem_ln38_9_reg_5939                          |   5|   0|    5|          0|
    |urem_ln38_reg_5944                            |   5|   0|    5|          0|
    |wj200_reg_501                                 |   5|   0|    5|          0|
    |wj_reg_4955                                   |   5|   0|    5|          0|
    |zext_ln26_1202_reg_557                        |   5|   0|    5|          0|
    |zext_ln27_reg_4927                            |   5|   0|    8|          3|
    |zext_ln33_reg_4963                            |   5|   0|    8|          3|
    |zext_ln38_10_reg_5011                         |  64|   0|  129|         65|
    |zext_ln38_13_reg_5110                         |  64|   0|  129|         65|
    |zext_ln38_16_reg_5116                         |  64|   0|  129|         65|
    |zext_ln38_20_reg_5017                         |  64|   0|  129|         65|
    |zext_ln38_25_reg_5162                         |  64|   0|  129|         65|
    |zext_ln38_29_reg_5168                         |  64|   0|  129|         65|
    |zext_ln38_37_reg_5082                         |  64|   0|  129|         65|
    |zext_ln38_3_reg_5088                          |  64|   0|  129|         65|
    |zext_ln38_41_reg_5236                         |  64|   0|  129|         65|
    |zext_ln38_44_reg_5242                         |  64|   0|  129|         65|
    |zext_ln38_47_reg_5380                         |  64|   0|  129|         65|
    |zext_ln38_49_reg_6207                         |   9|   0|   64|         55|
    |zext_ln38_51_reg_6242                         |   9|   0|   64|         55|
    |zext_ln38_53_reg_6278                         |   9|   0|   64|         55|
    |zext_ln38_54_reg_5328                         |  64|   0|  129|         65|
    |zext_ln38_61_reg_5432                         |  64|   0|  129|         65|
    |zext_ln38_68_reg_5334                         |  64|   0|  129|         65|
    |zext_ln38_6_reg_5094                          |  64|   0|  129|         65|
    |zext_ln38_75_reg_5386                         |  64|   0|  129|         65|
    |zext_ln38_reg_5066                            |  64|   0|  129|         65|
    |add_ln38_11_reg_5345                          |  64|  32|   21|          0|
    |add_ln38_15_reg_5205                          |  64|  32|   21|          0|
    |add_ln38_19_reg_5392                          |  64|  32|   21|          0|
    |add_ln38_23_reg_5397                          |  64|  32|   21|          0|
    |add_ln38_3_reg_5282                           |  64|  32|   21|          0|
    |add_ln38_40_reg_5216                          |  64|  32|   21|          0|
    |add_ln38_42_reg_5438                          |  64|  32|   21|          0|
    |add_ln38_44_reg_5443                          |  64|  32|   21|          0|
    |add_ln38_46_reg_5323                          |  64|  32|   21|          0|
    |add_ln38_48_reg_5478                          |  64|  32|   21|          0|
    |add_ln38_50_reg_5483                          |  64|  32|   21|          0|
    |add_ln38_7_reg_5340                           |  64|  32|   21|          0|
    |icmp_ln26_reg_5062                            |  64|  32|    1|          0|
    |icmp_ln33_1_reg_4969                          |  64|  32|    1|          0|
    |icmp_ln33_reg_4940                            |  64|  32|    1|          0|
    |or_ln33_1_reg_5041                            |  64|  32|    1|          0|
    |or_ln33_reg_4945                              |  64|  32|    1|          0|
    |or_ln41_2_reg_5058                            |  64|  32|    1|          0|
    |select_ln26_1_reg_4923                        |  64|  32|    1|          0|
    |select_ln26_5_reg_5037                        |  64|  32|    1|          0|
    +----------------------------------------------+----+----+-----+-----------+
    |Total                                         |6238| 640| 6496|       1278|
    +----------------------------------------------+----+----+-----+-----------+



================================================================
== Interface
================================================================
* Summary: 
+-----------------------+-----+-----+------------+----------------+--------------+
|       RTL Ports       | Dir | Bits|  Protocol  |  Source Object |    C Type    |
+-----------------------+-----+-----+------------+----------------+--------------+
|s_axi_control_AWVALID  |   in|    1|       s_axi|         control|        scalar|
|s_axi_control_AWREADY  |  out|    1|       s_axi|         control|        scalar|
|s_axi_control_AWADDR   |   in|   13|       s_axi|         control|        scalar|
|s_axi_control_WVALID   |   in|    1|       s_axi|         control|        scalar|
|s_axi_control_WREADY   |  out|    1|       s_axi|         control|        scalar|
|s_axi_control_WDATA    |   in|   32|       s_axi|         control|        scalar|
|s_axi_control_WSTRB    |   in|    4|       s_axi|         control|        scalar|
|s_axi_control_ARVALID  |   in|    1|       s_axi|         control|        scalar|
|s_axi_control_ARREADY  |  out|    1|       s_axi|         control|        scalar|
|s_axi_control_ARADDR   |   in|   13|       s_axi|         control|        scalar|
|s_axi_control_RVALID   |  out|    1|       s_axi|         control|        scalar|
|s_axi_control_RREADY   |   in|    1|       s_axi|         control|        scalar|
|s_axi_control_RDATA    |  out|   32|       s_axi|         control|        scalar|
|s_axi_control_RRESP    |  out|    2|       s_axi|         control|        scalar|
|s_axi_control_BVALID   |  out|    1|       s_axi|         control|        scalar|
|s_axi_control_BREADY   |   in|    1|       s_axi|         control|        scalar|
|s_axi_control_BRESP    |  out|    2|       s_axi|         control|        scalar|
|ap_local_block         |  out|    1|  ap_ctrl_hs|  video_2dfilter|  return value|
|ap_clk                 |   in|    1|  ap_ctrl_hs|  video_2dfilter|  return value|
|ap_rst_n               |   in|    1|  ap_ctrl_hs|  video_2dfilter|  return value|
|ap_start               |   in|    1|  ap_ctrl_hs|  video_2dfilter|  return value|
|ap_done                |  out|    1|  ap_ctrl_hs|  video_2dfilter|  return value|
|ap_idle                |  out|    1|  ap_ctrl_hs|  video_2dfilter|  return value|
|ap_ready               |  out|    1|  ap_ctrl_hs|  video_2dfilter|  return value|
+-----------------------+-----+-----+------------+----------------+--------------+

