Sun Jun 19 19:32:46 2022: Running xcd server. This server was built by gradle.
Sun Jun 19 19:32:46 2022: Server was asked to start on port: '37127'
Sun Jun 19 19:32:46 2022: Server is using token UUID: '56f96de8-40d7-4112-9895-19fd7a1a1057'
Sun Jun 19 19:32:46 2022: SESSION_MGR: creating session with session uuid: '6d04a3e9-ade5-4ab9-8d63-1f78fcd2ec76' and name 'default'
Sun Jun 19 19:32:46 2022: Attempting to start server on port '37127'
Sun Jun 19 19:32:46 2022: XCD main fifo: created main fifo '/tmp/xcdmain56f96de8-40d7-4112-9895-19fd7a1a1057', fd read = 14
Sun Jun 19 19:32:46 2022: Running Dispatch Server
Sun Jun 19 19:32:46 2022: Version 2.2.0
Sun Jun 19 19:32:55 2022: Dispatch Server: Accepted socket connection from client
Sun Jun 19 19:32:55 2022: Starting Socket connection
Sun Jun 19 19:32:55 2022: EXCHANGE_TOKEN received, server token: 56f96de8-40d7-4112-9895-19fd7a1a1057, passed token: 56f96de8-40d7-4112-9895-19fd7a1a1057
Sun Jun 19 19:32:56 2022: DISPATCH_HANDLER: Adding handler from function makeHandler in library libxv_system_diagram
Sun Jun 19 19:32:56 2022: SESSION_MGR: creating session with session uuid: '322af05c-358d-4ecf-b1b7-9c2111f49260' and name 'TOP'
Sun Jun 19 19:32:56 2022: KERNEL_SVC: creating session with uuid: '322af05c-358d-4ecf-b1b7-9c2111f49260' and name 'TOP'
Sun Jun 19 19:32:56 2022: GUIDANCE_SMGR: creating guidance session with uuid: '322af05c-358d-4ecf-b1b7-9c2111f49260' and name 'TOP'
Sun Jun 19 19:32:56 2022: SYSTEM_DIAGRAM: creating session with uuid: '322af05c-358d-4ecf-b1b7-9c2111f49260' and name 'TOP'
Sun Jun 19 19:33:05 2022: SESSION_MGR: closing session for UUID '322af05c-358d-4ecf-b1b7-9c2111f49260' with name 'TOP'
Sun Jun 19 19:33:05 2022: KERNEL_SVC: closing session for UUID '322af05c-358d-4ecf-b1b7-9c2111f49260' with name 'TOP'
Sun Jun 19 19:33:05 2022: GUIDANCE_SMGR: closing session for UUID '322af05c-358d-4ecf-b1b7-9c2111f49260' with name 'TOP'
Sun Jun 19 19:33:05 2022: SYSTEM_DIAGRAM: closing session for UUID '322af05c-358d-4ecf-b1b7-9c2111f49260' with name 'TOP'
Sun Jun 19 19:33:46 2022: Running xcd server. This server was built by gradle.
Sun Jun 19 19:33:46 2022: Server was asked to start on port: '40824'
Sun Jun 19 19:33:46 2022: Server is using token UUID: '4677ff58-be81-49be-baa9-14fb7669f64c'
Sun Jun 19 19:33:46 2022: SESSION_MGR: creating session with session uuid: '6d04a3e9-ade5-4ab9-8d63-1f78fcd2ec76' and name 'default'
Sun Jun 19 19:33:46 2022: Attempting to start server on port '40824'
Sun Jun 19 19:33:46 2022: XCD main fifo: created main fifo '/tmp/xcdmain4677ff58-be81-49be-baa9-14fb7669f64c', fd read = 14
Sun Jun 19 19:33:46 2022: Running Dispatch Server
Sun Jun 19 19:33:46 2022: Version 2.2.0
Sun Jun 19 19:33:55 2022: Dispatch Server: Accepted socket connection from client
Sun Jun 19 19:33:55 2022: Starting Socket connection
Sun Jun 19 19:33:55 2022: EXCHANGE_TOKEN received, server token: 4677ff58-be81-49be-baa9-14fb7669f64c, passed token: 4677ff58-be81-49be-baa9-14fb7669f64c
Sun Jun 19 19:33:56 2022: DISPATCH_HANDLER: Adding handler from function makeHandler in library libxv_system_diagram
Sun Jun 19 19:33:56 2022: SESSION_MGR: creating session with session uuid: 'c16db0f9-66ca-4efe-8e9b-009234a1fe66' and name 'TOP'
Sun Jun 19 19:33:56 2022: KERNEL_SVC: creating session with uuid: 'c16db0f9-66ca-4efe-8e9b-009234a1fe66' and name 'TOP'
Sun Jun 19 19:33:56 2022: GUIDANCE_SMGR: creating guidance session with uuid: 'c16db0f9-66ca-4efe-8e9b-009234a1fe66' and name 'TOP'
Sun Jun 19 19:33:56 2022: SYSTEM_DIAGRAM: creating session with uuid: 'c16db0f9-66ca-4efe-8e9b-009234a1fe66' and name 'TOP'
Sun Jun 19 19:34:19 2022: SESSION_MGR: closing session for UUID 'c16db0f9-66ca-4efe-8e9b-009234a1fe66' with name 'TOP'
Sun Jun 19 19:34:19 2022: KERNEL_SVC: closing session for UUID 'c16db0f9-66ca-4efe-8e9b-009234a1fe66' with name 'TOP'
Sun Jun 19 19:34:19 2022: GUIDANCE_SMGR: closing session for UUID 'c16db0f9-66ca-4efe-8e9b-009234a1fe66' with name 'TOP'
Sun Jun 19 19:34:19 2022: SYSTEM_DIAGRAM: closing session for UUID 'c16db0f9-66ca-4efe-8e9b-009234a1fe66' with name 'TOP'
