

================================================================
== Vitis HLS Report for 'prefixsum'
================================================================
* Date:           Tue Mar 22 23:33:46 2022

* Version:        2021.2 (Build 3367213 on Tue Oct 19 02:48:09 MDT 2021)
* Project:        hls_prefixsum_3
* Solution:       solution1 (Vivado IP Flow Target)
* Product family: zynq
* Target device:  xc7z020-clg400-1


================================================================
== Performance Estimates
================================================================
+ Timing: 
    * Summary: 
    +--------+---------+----------+------------+
    |  Clock |  Target | Estimated| Uncertainty|
    +--------+---------+----------+------------+
    |ap_clk  |  4.50 ns|  3.254 ns|     1.22 ns|
    +--------+---------+----------+------------+

+ Latency: 
    * Summary: 
    +---------+---------+----------+----------+-----+-----+---------+
    |  Latency (cycles) |  Latency (absolute) |  Interval | Pipeline|
    |   min   |   max   |    min   |    max   | min | max |   Type  |
    +---------+---------+----------+----------+-----+-----+---------+
    |      130|      130|  0.585 us|  0.585 us|  131|  131|       no|
    +---------+---------+----------+----------+-----+-----+---------+

    + Detail: 
        * Instance: 
        N/A

        * Loop: 
        N/A



================================================================
== Utilization Estimates
================================================================
* Summary: 
+-----------------+---------+-----+--------+-------+-----+
|       Name      | BRAM_18K| DSP |   FF   |  LUT  | URAM|
+-----------------+---------+-----+--------+-------+-----+
|DSP              |        -|    -|       -|      -|    -|
|Expression       |        -|    -|       0|   4953|    -|
|FIFO             |        -|    -|       -|      -|    -|
|Instance         |        4|    -|     203|    182|    -|
|Memory           |        -|    -|       -|      -|    -|
|Multiplexer      |        -|    -|       -|   2741|    -|
|Register         |        -|    -|    4259|      -|    -|
+-----------------+---------+-----+--------+-------+-----+
|Total            |        4|    0|    4462|   7876|    0|
+-----------------+---------+-----+--------+-------+-----+
|Available        |      280|  220|  106400|  53200|    0|
+-----------------+---------+-----+--------+-------+-----+
|Utilization (%)  |        1|    0|       4|     14|    0|
+-----------------+---------+-----+--------+-------+-----+

+ Detail: 
    * Instance: 
    +-----------------+---------------+---------+----+-----+-----+-----+
    |     Instance    |     Module    | BRAM_18K| DSP|  FF | LUT | URAM|
    +-----------------+---------------+---------+----+-----+-----+-----+
    |control_s_axi_U  |control_s_axi  |        4|   0|  203|  182|    0|
    +-----------------+---------------+---------+----+-----+-----+-----+
    |Total            |               |        4|   0|  203|  182|    0|
    +-----------------+---------------+---------+----+-----+-----+-----+

    * DSP: 
    N/A

    * Memory: 
    N/A

    * FIFO: 
    N/A

    * Expression: 
    +------------------+----------+----+---+----+------------+------------+
    |   Variable Name  | Operation| DSP| FF| LUT| Bitwidth P0| Bitwidth P1|
    +------------------+----------+----+---+----+------------+------------+
    |A_100_fu_3104_p2  |         +|   0|  0|  39|          32|          32|
    |A_101_fu_3109_p2  |         +|   0|  0|  39|          32|          32|
    |A_102_fu_3114_p2  |         +|   0|  0|  39|          32|          32|
    |A_103_fu_3119_p2  |         +|   0|  0|  39|          32|          32|
    |A_104_fu_3124_p2  |         +|   0|  0|  39|          32|          32|
    |A_105_fu_3129_p2  |         +|   0|  0|  39|          32|          32|
    |A_106_fu_3134_p2  |         +|   0|  0|  39|          32|          32|
    |A_107_fu_3139_p2  |         +|   0|  0|  39|          32|          32|
    |A_108_fu_3144_p2  |         +|   0|  0|  39|          32|          32|
    |A_109_fu_3149_p2  |         +|   0|  0|  39|          32|          32|
    |A_10_fu_2654_p2   |         +|   0|  0|  39|          32|          32|
    |A_110_fu_3154_p2  |         +|   0|  0|  39|          32|          32|
    |A_111_fu_3159_p2  |         +|   0|  0|  39|          32|          32|
    |A_112_fu_3164_p2  |         +|   0|  0|  39|          32|          32|
    |A_113_fu_3169_p2  |         +|   0|  0|  39|          32|          32|
    |A_114_fu_3174_p2  |         +|   0|  0|  39|          32|          32|
    |A_115_fu_3179_p2  |         +|   0|  0|  39|          32|          32|
    |A_116_fu_3184_p2  |         +|   0|  0|  39|          32|          32|
    |A_117_fu_3189_p2  |         +|   0|  0|  39|          32|          32|
    |A_118_fu_3194_p2  |         +|   0|  0|  39|          32|          32|
    |A_119_fu_3199_p2  |         +|   0|  0|  39|          32|          32|
    |A_11_fu_2659_p2   |         +|   0|  0|  39|          32|          32|
    |A_120_fu_3204_p2  |         +|   0|  0|  39|          32|          32|
    |A_121_fu_3209_p2  |         +|   0|  0|  39|          32|          32|
    |A_122_fu_3214_p2  |         +|   0|  0|  39|          32|          32|
    |A_123_fu_3219_p2  |         +|   0|  0|  39|          32|          32|
    |A_124_fu_3224_p2  |         +|   0|  0|  39|          32|          32|
    |A_125_fu_3229_p2  |         +|   0|  0|  39|          32|          32|
    |A_126_fu_3234_p2  |         +|   0|  0|  39|          32|          32|
    |A_127_fu_3239_p2  |         +|   0|  0|  39|          32|          32|
    |A_12_fu_2664_p2   |         +|   0|  0|  39|          32|          32|
    |A_13_fu_2669_p2   |         +|   0|  0|  39|          32|          32|
    |A_14_fu_2674_p2   |         +|   0|  0|  39|          32|          32|
    |A_15_fu_2679_p2   |         +|   0|  0|  39|          32|          32|
    |A_16_fu_2684_p2   |         +|   0|  0|  39|          32|          32|
    |A_17_fu_2689_p2   |         +|   0|  0|  39|          32|          32|
    |A_18_fu_2694_p2   |         +|   0|  0|  39|          32|          32|
    |A_19_fu_2699_p2   |         +|   0|  0|  39|          32|          32|
    |A_1_fu_2609_p2    |         +|   0|  0|  39|          32|          32|
    |A_20_fu_2704_p2   |         +|   0|  0|  39|          32|          32|
    |A_21_fu_2709_p2   |         +|   0|  0|  39|          32|          32|
    |A_22_fu_2714_p2   |         +|   0|  0|  39|          32|          32|
    |A_23_fu_2719_p2   |         +|   0|  0|  39|          32|          32|
    |A_24_fu_2724_p2   |         +|   0|  0|  39|          32|          32|
    |A_25_fu_2729_p2   |         +|   0|  0|  39|          32|          32|
    |A_26_fu_2734_p2   |         +|   0|  0|  39|          32|          32|
    |A_27_fu_2739_p2   |         +|   0|  0|  39|          32|          32|
    |A_28_fu_2744_p2   |         +|   0|  0|  39|          32|          32|
    |A_29_fu_2749_p2   |         +|   0|  0|  39|          32|          32|
    |A_2_fu_2614_p2    |         +|   0|  0|  39|          32|          32|
    |A_30_fu_2754_p2   |         +|   0|  0|  39|          32|          32|
    |A_31_fu_2759_p2   |         +|   0|  0|  39|          32|          32|
    |A_32_fu_2764_p2   |         +|   0|  0|  39|          32|          32|
    |A_33_fu_2769_p2   |         +|   0|  0|  39|          32|          32|
    |A_34_fu_2774_p2   |         +|   0|  0|  39|          32|          32|
    |A_35_fu_2779_p2   |         +|   0|  0|  39|          32|          32|
    |A_36_fu_2784_p2   |         +|   0|  0|  39|          32|          32|
    |A_37_fu_2789_p2   |         +|   0|  0|  39|          32|          32|
    |A_38_fu_2794_p2   |         +|   0|  0|  39|          32|          32|
    |A_39_fu_2799_p2   |         +|   0|  0|  39|          32|          32|
    |A_3_fu_2619_p2    |         +|   0|  0|  39|          32|          32|
    |A_40_fu_2804_p2   |         +|   0|  0|  39|          32|          32|
    |A_41_fu_2809_p2   |         +|   0|  0|  39|          32|          32|
    |A_42_fu_2814_p2   |         +|   0|  0|  39|          32|          32|
    |A_43_fu_2819_p2   |         +|   0|  0|  39|          32|          32|
    |A_44_fu_2824_p2   |         +|   0|  0|  39|          32|          32|
    |A_45_fu_2829_p2   |         +|   0|  0|  39|          32|          32|
    |A_46_fu_2834_p2   |         +|   0|  0|  39|          32|          32|
    |A_47_fu_2839_p2   |         +|   0|  0|  39|          32|          32|
    |A_48_fu_2844_p2   |         +|   0|  0|  39|          32|          32|
    |A_49_fu_2849_p2   |         +|   0|  0|  39|          32|          32|
    |A_4_fu_2624_p2    |         +|   0|  0|  39|          32|          32|
    |A_50_fu_2854_p2   |         +|   0|  0|  39|          32|          32|
    |A_51_fu_2859_p2   |         +|   0|  0|  39|          32|          32|
    |A_52_fu_2864_p2   |         +|   0|  0|  39|          32|          32|
    |A_53_fu_2869_p2   |         +|   0|  0|  39|          32|          32|
    |A_54_fu_2874_p2   |         +|   0|  0|  39|          32|          32|
    |A_55_fu_2879_p2   |         +|   0|  0|  39|          32|          32|
    |A_56_fu_2884_p2   |         +|   0|  0|  39|          32|          32|
    |A_57_fu_2889_p2   |         +|   0|  0|  39|          32|          32|
    |A_58_fu_2894_p2   |         +|   0|  0|  39|          32|          32|
    |A_59_fu_2899_p2   |         +|   0|  0|  39|          32|          32|
    |A_5_fu_2629_p2    |         +|   0|  0|  39|          32|          32|
    |A_60_fu_2904_p2   |         +|   0|  0|  39|          32|          32|
    |A_61_fu_2909_p2   |         +|   0|  0|  39|          32|          32|
    |A_62_fu_2914_p2   |         +|   0|  0|  39|          32|          32|
    |A_63_fu_2919_p2   |         +|   0|  0|  39|          32|          32|
    |A_64_fu_2924_p2   |         +|   0|  0|  39|          32|          32|
    |A_65_fu_2929_p2   |         +|   0|  0|  39|          32|          32|
    |A_66_fu_2934_p2   |         +|   0|  0|  39|          32|          32|
    |A_67_fu_2939_p2   |         +|   0|  0|  39|          32|          32|
    |A_68_fu_2944_p2   |         +|   0|  0|  39|          32|          32|
    |A_69_fu_2949_p2   |         +|   0|  0|  39|          32|          32|
    |A_6_fu_2634_p2    |         +|   0|  0|  39|          32|          32|
    |A_70_fu_2954_p2   |         +|   0|  0|  39|          32|          32|
    |A_71_fu_2959_p2   |         +|   0|  0|  39|          32|          32|
    |A_72_fu_2964_p2   |         +|   0|  0|  39|          32|          32|
    |A_73_fu_2969_p2   |         +|   0|  0|  39|          32|          32|
    |A_74_fu_2974_p2   |         +|   0|  0|  39|          32|          32|
    |A_75_fu_2979_p2   |         +|   0|  0|  39|          32|          32|
    |A_76_fu_2984_p2   |         +|   0|  0|  39|          32|          32|
    |A_77_fu_2989_p2   |         +|   0|  0|  39|          32|          32|
    |A_78_fu_2994_p2   |         +|   0|  0|  39|          32|          32|
    |A_79_fu_2999_p2   |         +|   0|  0|  39|          32|          32|
    |A_7_fu_2639_p2    |         +|   0|  0|  39|          32|          32|
    |A_80_fu_3004_p2   |         +|   0|  0|  39|          32|          32|
    |A_81_fu_3009_p2   |         +|   0|  0|  39|          32|          32|
    |A_82_fu_3014_p2   |         +|   0|  0|  39|          32|          32|
    |A_83_fu_3019_p2   |         +|   0|  0|  39|          32|          32|
    |A_84_fu_3024_p2   |         +|   0|  0|  39|          32|          32|
    |A_85_fu_3029_p2   |         +|   0|  0|  39|          32|          32|
    |A_86_fu_3034_p2   |         +|   0|  0|  39|          32|          32|
    |A_87_fu_3039_p2   |         +|   0|  0|  39|          32|          32|
    |A_88_fu_3044_p2   |         +|   0|  0|  39|          32|          32|
    |A_89_fu_3049_p2   |         +|   0|  0|  39|          32|          32|
    |A_8_fu_2644_p2    |         +|   0|  0|  39|          32|          32|
    |A_90_fu_3054_p2   |         +|   0|  0|  39|          32|          32|
    |A_91_fu_3059_p2   |         +|   0|  0|  39|          32|          32|
    |A_92_fu_3064_p2   |         +|   0|  0|  39|          32|          32|
    |A_93_fu_3069_p2   |         +|   0|  0|  39|          32|          32|
    |A_94_fu_3074_p2   |         +|   0|  0|  39|          32|          32|
    |A_95_fu_3079_p2   |         +|   0|  0|  39|          32|          32|
    |A_96_fu_3084_p2   |         +|   0|  0|  39|          32|          32|
    |A_97_fu_3089_p2   |         +|   0|  0|  39|          32|          32|
    |A_98_fu_3094_p2   |         +|   0|  0|  39|          32|          32|
    |A_99_fu_3099_p2   |         +|   0|  0|  39|          32|          32|
    |A_9_fu_2649_p2    |         +|   0|  0|  39|          32|          32|
    +------------------+----------+----+---+----+------------+------------+
    |Total             |          |   0|  0|4953|        4064|        4064|
    +------------------+----------+----+---+----+------------+------------+

    * Multiplexer: 
    +----------------+-----+-----------+-----+-----------+
    |      Name      | LUT | Input Size| Bits| Total Bits|
    +----------------+-----+-----------+-----+-----------+
    |ap_NS_fsm       |  701|        132|    1|        132|
    |in_r_address0   |  680|        129|    7|        903|
    |out_r_address0  |  680|        129|    7|        903|
    |out_r_d0        |  680|        129|   32|       4128|
    +----------------+-----+-----------+-----+-----------+
    |Total           | 2741|        519|   47|       6066|
    +----------------+-----+-----------+-----+-----------+

    * Register: 
    +--------------------+-----+----+-----+-----------+
    |        Name        |  FF | LUT| Bits| Const Bits|
    +--------------------+-----+----+-----+-----------+
    |A_100_reg_4353      |   32|   0|   32|          0|
    |A_101_reg_4364      |   32|   0|   32|          0|
    |A_102_reg_4375      |   32|   0|   32|          0|
    |A_103_reg_4386      |   32|   0|   32|          0|
    |A_104_reg_4397      |   32|   0|   32|          0|
    |A_105_reg_4408      |   32|   0|   32|          0|
    |A_106_reg_4419      |   32|   0|   32|          0|
    |A_107_reg_4430      |   32|   0|   32|          0|
    |A_108_reg_4441      |   32|   0|   32|          0|
    |A_109_reg_4452      |   32|   0|   32|          0|
    |A_10_reg_3363       |   32|   0|   32|          0|
    |A_110_reg_4463      |   32|   0|   32|          0|
    |A_111_reg_4474      |   32|   0|   32|          0|
    |A_112_reg_4485      |   32|   0|   32|          0|
    |A_113_reg_4496      |   32|   0|   32|          0|
    |A_114_reg_4507      |   32|   0|   32|          0|
    |A_115_reg_4518      |   32|   0|   32|          0|
    |A_116_reg_4529      |   32|   0|   32|          0|
    |A_117_reg_4540      |   32|   0|   32|          0|
    |A_118_reg_4551      |   32|   0|   32|          0|
    |A_119_reg_4562      |   32|   0|   32|          0|
    |A_11_reg_3374       |   32|   0|   32|          0|
    |A_120_reg_4573      |   32|   0|   32|          0|
    |A_121_reg_4584      |   32|   0|   32|          0|
    |A_122_reg_4595      |   32|   0|   32|          0|
    |A_123_reg_4606      |   32|   0|   32|          0|
    |A_124_reg_4617      |   32|   0|   32|          0|
    |A_125_reg_4628      |   32|   0|   32|          0|
    |A_126_reg_4639      |   32|   0|   32|          0|
    |A_127_reg_4645      |   32|   0|   32|          0|
    |A_12_reg_3385       |   32|   0|   32|          0|
    |A_13_reg_3396       |   32|   0|   32|          0|
    |A_14_reg_3407       |   32|   0|   32|          0|
    |A_15_reg_3418       |   32|   0|   32|          0|
    |A_16_reg_3429       |   32|   0|   32|          0|
    |A_17_reg_3440       |   32|   0|   32|          0|
    |A_18_reg_3451       |   32|   0|   32|          0|
    |A_19_reg_3462       |   32|   0|   32|          0|
    |A_1_reg_3264        |   32|   0|   32|          0|
    |A_20_reg_3473       |   32|   0|   32|          0|
    |A_21_reg_3484       |   32|   0|   32|          0|
    |A_22_reg_3495       |   32|   0|   32|          0|
    |A_23_reg_3506       |   32|   0|   32|          0|
    |A_24_reg_3517       |   32|   0|   32|          0|
    |A_25_reg_3528       |   32|   0|   32|          0|
    |A_26_reg_3539       |   32|   0|   32|          0|
    |A_27_reg_3550       |   32|   0|   32|          0|
    |A_28_reg_3561       |   32|   0|   32|          0|
    |A_29_reg_3572       |   32|   0|   32|          0|
    |A_2_reg_3275        |   32|   0|   32|          0|
    |A_30_reg_3583       |   32|   0|   32|          0|
    |A_31_reg_3594       |   32|   0|   32|          0|
    |A_32_reg_3605       |   32|   0|   32|          0|
    |A_33_reg_3616       |   32|   0|   32|          0|
    |A_34_reg_3627       |   32|   0|   32|          0|
    |A_35_reg_3638       |   32|   0|   32|          0|
    |A_36_reg_3649       |   32|   0|   32|          0|
    |A_37_reg_3660       |   32|   0|   32|          0|
    |A_38_reg_3671       |   32|   0|   32|          0|
    |A_39_reg_3682       |   32|   0|   32|          0|
    |A_3_reg_3286        |   32|   0|   32|          0|
    |A_40_reg_3693       |   32|   0|   32|          0|
    |A_41_reg_3704       |   32|   0|   32|          0|
    |A_42_reg_3715       |   32|   0|   32|          0|
    |A_43_reg_3726       |   32|   0|   32|          0|
    |A_44_reg_3737       |   32|   0|   32|          0|
    |A_45_reg_3748       |   32|   0|   32|          0|
    |A_46_reg_3759       |   32|   0|   32|          0|
    |A_47_reg_3770       |   32|   0|   32|          0|
    |A_48_reg_3781       |   32|   0|   32|          0|
    |A_49_reg_3792       |   32|   0|   32|          0|
    |A_4_reg_3297        |   32|   0|   32|          0|
    |A_50_reg_3803       |   32|   0|   32|          0|
    |A_51_reg_3814       |   32|   0|   32|          0|
    |A_52_reg_3825       |   32|   0|   32|          0|
    |A_53_reg_3836       |   32|   0|   32|          0|
    |A_54_reg_3847       |   32|   0|   32|          0|
    |A_55_reg_3858       |   32|   0|   32|          0|
    |A_56_reg_3869       |   32|   0|   32|          0|
    |A_57_reg_3880       |   32|   0|   32|          0|
    |A_58_reg_3891       |   32|   0|   32|          0|
    |A_59_reg_3902       |   32|   0|   32|          0|
    |A_5_reg_3308        |   32|   0|   32|          0|
    |A_60_reg_3913       |   32|   0|   32|          0|
    |A_61_reg_3924       |   32|   0|   32|          0|
    |A_62_reg_3935       |   32|   0|   32|          0|
    |A_63_reg_3946       |   32|   0|   32|          0|
    |A_64_reg_3957       |   32|   0|   32|          0|
    |A_65_reg_3968       |   32|   0|   32|          0|
    |A_66_reg_3979       |   32|   0|   32|          0|
    |A_67_reg_3990       |   32|   0|   32|          0|
    |A_68_reg_4001       |   32|   0|   32|          0|
    |A_69_reg_4012       |   32|   0|   32|          0|
    |A_6_reg_3319        |   32|   0|   32|          0|
    |A_70_reg_4023       |   32|   0|   32|          0|
    |A_71_reg_4034       |   32|   0|   32|          0|
    |A_72_reg_4045       |   32|   0|   32|          0|
    |A_73_reg_4056       |   32|   0|   32|          0|
    |A_74_reg_4067       |   32|   0|   32|          0|
    |A_75_reg_4078       |   32|   0|   32|          0|
    |A_76_reg_4089       |   32|   0|   32|          0|
    |A_77_reg_4100       |   32|   0|   32|          0|
    |A_78_reg_4111       |   32|   0|   32|          0|
    |A_79_reg_4122       |   32|   0|   32|          0|
    |A_7_reg_3330        |   32|   0|   32|          0|
    |A_80_reg_4133       |   32|   0|   32|          0|
    |A_81_reg_4144       |   32|   0|   32|          0|
    |A_82_reg_4155       |   32|   0|   32|          0|
    |A_83_reg_4166       |   32|   0|   32|          0|
    |A_84_reg_4177       |   32|   0|   32|          0|
    |A_85_reg_4188       |   32|   0|   32|          0|
    |A_86_reg_4199       |   32|   0|   32|          0|
    |A_87_reg_4210       |   32|   0|   32|          0|
    |A_88_reg_4221       |   32|   0|   32|          0|
    |A_89_reg_4232       |   32|   0|   32|          0|
    |A_8_reg_3341        |   32|   0|   32|          0|
    |A_90_reg_4243       |   32|   0|   32|          0|
    |A_91_reg_4254       |   32|   0|   32|          0|
    |A_92_reg_4265       |   32|   0|   32|          0|
    |A_93_reg_4276       |   32|   0|   32|          0|
    |A_94_reg_4287       |   32|   0|   32|          0|
    |A_95_reg_4298       |   32|   0|   32|          0|
    |A_96_reg_4309       |   32|   0|   32|          0|
    |A_97_reg_4320       |   32|   0|   32|          0|
    |A_98_reg_4331       |   32|   0|   32|          0|
    |A_99_reg_4342       |   32|   0|   32|          0|
    |A_9_reg_3352        |   32|   0|   32|          0|
    |ap_CS_fsm           |  131|   0|  131|          0|
    |in_r_load_reg_3254  |   32|   0|   32|          0|
    |reg_2604            |   32|   0|   32|          0|
    +--------------------+-----+----+-----+-----------+
    |Total               | 4259|   0| 4259|          0|
    +--------------------+-----+----+-----+-----------+



================================================================
== Interface
================================================================
* Summary: 
+-----------------------+-----+-----+------------+--------------+--------------+
|       RTL Ports       | Dir | Bits|  Protocol  | Source Object|    C Type    |
+-----------------------+-----+-----+------------+--------------+--------------+
|s_axi_control_AWVALID  |   in|    1|       s_axi|       control|        scalar|
|s_axi_control_AWREADY  |  out|    1|       s_axi|       control|        scalar|
|s_axi_control_AWADDR   |   in|   11|       s_axi|       control|        scalar|
|s_axi_control_WVALID   |   in|    1|       s_axi|       control|        scalar|
|s_axi_control_WREADY   |  out|    1|       s_axi|       control|        scalar|
|s_axi_control_WDATA    |   in|   32|       s_axi|       control|        scalar|
|s_axi_control_WSTRB    |   in|    4|       s_axi|       control|        scalar|
|s_axi_control_ARVALID  |   in|    1|       s_axi|       control|        scalar|
|s_axi_control_ARREADY  |  out|    1|       s_axi|       control|        scalar|
|s_axi_control_ARADDR   |   in|   11|       s_axi|       control|        scalar|
|s_axi_control_RVALID   |  out|    1|       s_axi|       control|        scalar|
|s_axi_control_RREADY   |   in|    1|       s_axi|       control|        scalar|
|s_axi_control_RDATA    |  out|   32|       s_axi|       control|        scalar|
|s_axi_control_RRESP    |  out|    2|       s_axi|       control|        scalar|
|s_axi_control_BVALID   |  out|    1|       s_axi|       control|        scalar|
|s_axi_control_BREADY   |   in|    1|       s_axi|       control|        scalar|
|s_axi_control_BRESP    |  out|    2|       s_axi|       control|        scalar|
|ap_local_block         |  out|    1|  ap_ctrl_hs|     prefixsum|  return value|
|ap_clk                 |   in|    1|  ap_ctrl_hs|     prefixsum|  return value|
|ap_rst_n               |   in|    1|  ap_ctrl_hs|     prefixsum|  return value|
|interrupt              |  out|    1|  ap_ctrl_hs|     prefixsum|  return value|
+-----------------------+-----+-----+------------+--------------+--------------+

