

================================================================
== Vitis HLS Report for 'color_detect'
================================================================
* Date:           Sun May  1 01:31:19 2022

* Version:        2021.2 (Build 3367213 on Tue Oct 19 02:47:39 MDT 2021)
* Project:        color_detect
* Solution:       solution (Vitis Kernel Flow Target)
* Product family: virtexuplus
* Target device:  xcu50-fsvh2104-2-e


================================================================
== Performance Estimates
================================================================
+ Timing: 
    * Summary: 
    +--------+---------+----------+------------+
    |  Clock |  Target | Estimated| Uncertainty|
    +--------+---------+----------+------------+
    |ap_clk  |  3.33 ns|  2.692 ns|     0.90 ns|
    +--------+---------+----------+------------+

+ Latency: 
    * Summary: 
    +---------+----------+----------+-----------+-----+----------+---------+
    |  Latency (cycles)  |  Latency (absolute)  |    Interval    | Pipeline|
    |   min   |    max   |    min   |    max    | min |    max   |   Type  |
    +---------+----------+----------+-----------+-----+----------+---------+
    |      314|  66489941|  1.047 us|  0.222 sec|  315|  66489942|       no|
    +---------+----------+----------+-----------+-----+----------+---------+

    + Detail: 
        * Instance: 
        +--------------------------------------------------+---------------------------------------+---------+---------+-----------+-----------+-----+---------+----------+
        |                                                  |                                       |  Latency (cycles) |   Latency (absolute)  |    Interval   | Pipeline |
        |                     Instance                     |                 Module                |   min   |   max   |    min    |    max    | min |   max   |   Type   |
        +--------------------------------------------------+---------------------------------------+---------+---------+-----------+-----------+-----+---------+----------+
        |grp_Axi2Mat_fu_192                                |Axi2Mat                                |       82|  8294481|   0.273 us|  27.646 ms|   11|  8294410|  dataflow|
        |grp_bgr2hsv_9_2160_3840_1_s_fu_202                |bgr2hsv_9_2160_3840_1_s                |        7|  8294418|  23.331 ns|  27.645 ms|    7|  8294418|        no|
        |grp_colorthresholding_9_0_3_2160_3840_1_s_fu_216  |colorthresholding_9_0_3_2160_3840_1_s  |       95|  8294496|   0.317 us|  27.646 ms|   88|  8294408|  dataflow|
        |grp_erode_0_0_2160_3840_0_3_3_1_1_s_fu_230        |erode_0_0_2160_3840_0_3_3_1_1_s        |       26|  8328013|  86.658 ns|  27.757 ms|   26|  8328013|        no|
        |grp_dilate_0_0_2160_3840_0_3_3_1_1_s_fu_238       |dilate_0_0_2160_3840_0_3_3_1_1_s       |       26|  8328013|  86.658 ns|  27.757 ms|   26|  8328013|        no|
        |grp_Mat2Axi_fu_246                                |Mat2Axi                                |       10|  8294478|  33.330 ns|  27.645 ms|   10|  8294475|  dataflow|
        +--------------------------------------------------+---------------------------------------+---------+---------+-----------+-----------+-----+---------+----------+

        * Loop: 
        N/A



================================================================
== Utilization Estimates
================================================================
* Summary: 
+---------------------+---------+------+---------+--------+-----+
|         Name        | BRAM_18K|  DSP |    FF   |   LUT  | URAM|
+---------------------+---------+------+---------+--------+-----+
|DSP                  |        -|     -|        -|       -|    -|
|Expression           |        -|     -|        0|      14|    -|
|FIFO                 |        -|     -|      236|     155|    -|
|Instance             |       25|     8|     8624|   14281|    0|
|Memory               |        -|     -|        -|       -|    -|
|Multiplexer          |        -|     -|        -|     356|    -|
|Register             |        -|     -|      313|       -|    -|
+---------------------+---------+------+---------+--------+-----+
|Total                |       25|     8|     9173|   14806|    0|
+---------------------+---------+------+---------+--------+-----+
|Available SLR        |     1344|  2976|   871680|  435840|  320|
+---------------------+---------+------+---------+--------+-----+
|Utilization SLR (%)  |        1|    ~0|        1|       3|    0|
+---------------------+---------+------+---------+--------+-----+
|Available            |     2688|  5952|  1743360|  871680|  640|
+---------------------+---------+------+---------+--------+-----+
|Utilization (%)      |       ~0|    ~0|       ~0|       1|    0|
+---------------------+---------+------+---------+--------+-----+

+ Detail: 
    * Instance: 
    +--------------------------------------------------+---------------------------------------+---------+----+------+------+-----+
    |                     Instance                     |                 Module                | BRAM_18K| DSP|  FF  |  LUT | URAM|
    +--------------------------------------------------+---------------------------------------+---------+----+------+------+-----+
    |grp_Axi2Mat_fu_192                                |Axi2Mat                                |        0|   2|  1223|  3162|    0|
    |grp_Mat2Axi_fu_246                                |Mat2Axi                                |        0|   2|   602|  1561|    0|
    |grp_bgr2hsv_9_2160_3840_1_s_fu_202                |bgr2hsv_9_2160_3840_1_s                |        5|   3|   679|   811|    0|
    |grp_colorthresholding_9_0_3_2160_3840_1_s_fu_216  |colorthresholding_9_0_3_2160_3840_1_s  |        0|   1|  1963|  2821|    0|
    |control_s_axi_U                                   |control_s_axi                          |        0|   0|   469|   810|    0|
    |grp_dilate_0_0_2160_3840_0_3_3_1_1_s_fu_238       |dilate_0_0_2160_3840_0_3_3_1_1_s       |        6|   0|   766|  1218|    0|
    |grp_erode_0_0_2160_3840_0_3_3_1_1_s_fu_230        |erode_0_0_2160_3840_0_3_3_1_1_s        |        6|   0|   766|  1218|    0|
    |gmem0_m_axi_U                                     |gmem0_m_axi                            |        2|   0|   512|   580|    0|
    |gmem1_m_axi_U                                     |gmem1_m_axi                            |        2|   0|   548|   700|    0|
    |gmem2_m_axi_U                                     |gmem2_m_axi                            |        2|   0|   548|   700|    0|
    |gmem4_m_axi_U                                     |gmem4_m_axi                            |        2|   0|   548|   700|    0|
    +--------------------------------------------------+---------------------------------------+---------+----+------+------+-----+
    |Total                                             |                                       |       25|   8|  8624| 14281|    0|
    +--------------------------------------------------+---------------------------------------+---------+----+------+------+-----+

    * DSP: 
    N/A

    * Memory: 
    N/A

    * FIFO: 
    +------------------------+---------+----+----+-----+------+-----+---------+
    |          Name          | BRAM_18K| FF | LUT| URAM| Depth| Bits| Size:D*B|
    +------------------------+---------+----+----+-----+------+-----+---------+
    |imgHelper1_data_fifo_U  |        0|  20|   0|    -|     2|    8|       16|
    |imgHelper2_data_fifo_U  |        0|  20|   0|    -|     2|    8|       16|
    |imgHelper3_data_fifo_U  |        0|  20|   0|    -|     2|    8|       16|
    |imgHelper4_data_fifo_U  |        0|  20|   0|    -|     2|    8|       16|
    |imgInput_data_fifo_U    |        0|  68|   0|    -|     2|   24|       48|
    |imgOutput_data_fifo_U   |        0|  20|   0|    -|     2|    8|       16|
    |rgb2hsv_data_fifo_U     |        0|  68|   0|    -|     2|   24|       48|
    +------------------------+---------+----+----+-----+------+-----+---------+
    |Total                   |        0| 236|   0|    0|    14|   88|      176|
    +------------------------+---------+----+----+-----+------+-----+---------+

    * Expression: 
    +-------------------------------------------------------------------+----------+----+---+----+------------+------------+
    |                           Variable Name                           | Operation| DSP| FF| LUT| Bitwidth P0| Bitwidth P1|
    +-------------------------------------------------------------------+----------+----+---+----+------------+------------+
    |ap_block_state1                                                    |        or|   0|  0|   2|           1|           1|
    |ap_sync_grp_Axi2Mat_fu_192_ap_done                                 |        or|   0|  0|   2|           1|           1|
    |ap_sync_grp_Axi2Mat_fu_192_ap_ready                                |        or|   0|  0|   2|           1|           1|
    |ap_sync_grp_Mat2Axi_fu_246_ap_done                                 |        or|   0|  0|   2|           1|           1|
    |ap_sync_grp_Mat2Axi_fu_246_ap_ready                                |        or|   0|  0|   2|           1|           1|
    |ap_sync_grp_colorthresholding_9_0_3_2160_3840_1_s_fu_216_ap_done   |        or|   0|  0|   2|           1|           1|
    |ap_sync_grp_colorthresholding_9_0_3_2160_3840_1_s_fu_216_ap_ready  |        or|   0|  0|   2|           1|           1|
    +-------------------------------------------------------------------+----------+----+---+----+------------+------------+
    |Total                                                              |          |   0|  0|  14|           7|           7|
    +-------------------------------------------------------------------+----------+----+---+----+------------+------------+

    * Multiplexer: 
    +---------------------------------------------------------------------+----+-----------+-----+-----------+
    |                                 Name                                | LUT| Input Size| Bits| Total Bits|
    +---------------------------------------------------------------------+----+-----------+-----+-----------+
    |ap_NS_fsm                                                            |  86|         18|    1|         18|
    |ap_done                                                              |   9|          2|    1|          2|
    |gmem0_ARVALID                                                        |   9|          2|    1|          2|
    |gmem0_RREADY                                                         |   9|          2|    1|          2|
    |gmem1_ARVALID                                                        |   9|          2|    1|          2|
    |gmem1_RREADY                                                         |   9|          2|    1|          2|
    |gmem2_ARVALID                                                        |   9|          2|    1|          2|
    |gmem2_RREADY                                                         |   9|          2|    1|          2|
    |gmem4_AWVALID                                                        |   9|          2|    1|          2|
    |gmem4_BREADY                                                         |   9|          2|    1|          2|
    |gmem4_WVALID                                                         |   9|          2|    1|          2|
    |grp_dilate_0_0_2160_3840_0_3_3_1_1_s_fu_238_imgHelper2_4102_dout     |   9|          2|    8|         16|
    |grp_dilate_0_0_2160_3840_0_3_3_1_1_s_fu_238_imgHelper2_4102_empty_n  |   9|          2|    1|          2|
    |grp_dilate_0_0_2160_3840_0_3_3_1_1_s_fu_238_imgHelper3_4103_full_n   |   9|          2|    1|          2|
    |grp_erode_0_0_2160_3840_0_3_3_1_1_s_fu_230_imgHelper1_4101_dout      |   9|          2|    8|         16|
    |grp_erode_0_0_2160_3840_0_3_3_1_1_s_fu_230_imgHelper1_4101_empty_n   |   9|          2|    1|          2|
    |grp_erode_0_0_2160_3840_0_3_3_1_1_s_fu_230_imgHelper2_4102_full_n    |   9|          2|    1|          2|
    |imgHelper1_data_read                                                 |   9|          2|    1|          2|
    |imgHelper1_data_write                                                |   9|          2|    1|          2|
    |imgHelper2_data_read                                                 |   9|          2|    1|          2|
    |imgHelper2_data_write                                                |   9|          2|    1|          2|
    |imgHelper3_data_read                                                 |   9|          2|    1|          2|
    |imgHelper3_data_write                                                |   9|          2|    1|          2|
    |imgHelper4_data_read                                                 |   9|          2|    1|          2|
    |imgHelper4_data_write                                                |   9|          2|    1|          2|
    |imgInput_data_read                                                   |   9|          2|    1|          2|
    |imgInput_data_write                                                  |   9|          2|    1|          2|
    |imgOutput_data_read                                                  |   9|          2|    1|          2|
    |imgOutput_data_write                                                 |   9|          2|    1|          2|
    |rgb2hsv_data_read                                                    |   9|          2|    1|          2|
    |rgb2hsv_data_write                                                   |   9|          2|    1|          2|
    +---------------------------------------------------------------------+----+-----------+-----+-----------+
    |Total                                                                | 356|         78|   45|        106|
    +---------------------------------------------------------------------+----+-----------+-----+-----------+

    * Register: 
    +-----------------------------------------------------------------------+----+----+-----+-----------+
    |                                  Name                                 | FF | LUT| Bits| Const Bits|
    +-----------------------------------------------------------------------+----+----+-----+-----------+
    |ap_CS_fsm                                                              |  17|   0|   17|          0|
    |ap_done_reg                                                            |   1|   0|    1|          0|
    |ap_rst_n_inv                                                           |   1|   0|    1|          0|
    |ap_rst_reg_1                                                           |   1|   0|    1|          0|
    |ap_rst_reg_2                                                           |   1|   0|    1|          0|
    |ap_sync_reg_grp_Axi2Mat_fu_192_ap_done                                 |   1|   0|    1|          0|
    |ap_sync_reg_grp_Axi2Mat_fu_192_ap_ready                                |   1|   0|    1|          0|
    |ap_sync_reg_grp_Mat2Axi_fu_246_ap_done                                 |   1|   0|    1|          0|
    |ap_sync_reg_grp_Mat2Axi_fu_246_ap_ready                                |   1|   0|    1|          0|
    |ap_sync_reg_grp_colorthresholding_9_0_3_2160_3840_1_s_fu_216_ap_done   |   1|   0|    1|          0|
    |ap_sync_reg_grp_colorthresholding_9_0_3_2160_3840_1_s_fu_216_ap_ready  |   1|   0|    1|          0|
    |empty_76_reg_294                                                       |  12|   0|   12|          0|
    |empty_reg_284                                                          |  12|   0|   12|          0|
    |grp_Axi2Mat_fu_192_ap_start_reg                                        |   1|   0|    1|          0|
    |grp_Mat2Axi_fu_246_ap_start_reg                                        |   1|   0|    1|          0|
    |grp_bgr2hsv_9_2160_3840_1_s_fu_202_ap_start_reg                        |   1|   0|    1|          0|
    |grp_colorthresholding_9_0_3_2160_3840_1_s_fu_216_ap_start_reg          |   1|   0|    1|          0|
    |grp_dilate_0_0_2160_3840_0_3_3_1_1_s_fu_238_ap_start_reg               |   1|   0|    1|          0|
    |grp_erode_0_0_2160_3840_0_3_3_1_1_s_fu_230_ap_start_reg                |   1|   0|    1|          0|
    |high_thresh_read_reg_269                                               |  64|   0|   64|          0|
    |img_in_read_reg_279                                                    |  64|   0|   64|          0|
    |img_out_read_reg_264                                                   |  64|   0|   64|          0|
    |low_thresh_read_reg_274                                                |  64|   0|   64|          0|
    +-----------------------------------------------------------------------+----+----+-----+-----------+
    |Total                                                                  | 313|   0|  313|          0|
    +-----------------------------------------------------------------------+----+----+-----+-----------+



================================================================
== Interface
================================================================
* Summary: 
+-----------------------+-----+-----+---------------+--------------+--------------+
|       RTL Ports       | Dir | Bits|    Protocol   | Source Object|    C Type    |
+-----------------------+-----+-----+---------------+--------------+--------------+
|s_axi_control_AWVALID  |   in|    1|          s_axi|       control|        scalar|
|s_axi_control_AWREADY  |  out|    1|          s_axi|       control|        scalar|
|s_axi_control_AWADDR   |   in|    7|          s_axi|       control|        scalar|
|s_axi_control_WVALID   |   in|    1|          s_axi|       control|        scalar|
|s_axi_control_WREADY   |  out|    1|          s_axi|       control|        scalar|
|s_axi_control_WDATA    |   in|   32|          s_axi|       control|        scalar|
|s_axi_control_WSTRB    |   in|    4|          s_axi|       control|        scalar|
|s_axi_control_ARVALID  |   in|    1|          s_axi|       control|        scalar|
|s_axi_control_ARREADY  |  out|    1|          s_axi|       control|        scalar|
|s_axi_control_ARADDR   |   in|    7|          s_axi|       control|        scalar|
|s_axi_control_RVALID   |  out|    1|          s_axi|       control|        scalar|
|s_axi_control_RREADY   |   in|    1|          s_axi|       control|        scalar|
|s_axi_control_RDATA    |  out|   32|          s_axi|       control|        scalar|
|s_axi_control_RRESP    |  out|    2|          s_axi|       control|        scalar|
|s_axi_control_BVALID   |  out|    1|          s_axi|       control|        scalar|
|s_axi_control_BREADY   |   in|    1|          s_axi|       control|        scalar|
|s_axi_control_BRESP    |  out|    2|          s_axi|       control|        scalar|
|ap_local_block         |  out|    1|  ap_ctrl_chain|  color_detect|  return value|
|ap_clk                 |   in|    1|  ap_ctrl_chain|  color_detect|  return value|
|ap_rst_n               |   in|    1|  ap_ctrl_chain|  color_detect|  return value|
|interrupt              |  out|    1|  ap_ctrl_chain|  color_detect|  return value|
|m_axi_gmem0_AWVALID    |  out|    1|          m_axi|         gmem0|       pointer|
|m_axi_gmem0_AWREADY    |   in|    1|          m_axi|         gmem0|       pointer|
|m_axi_gmem0_AWADDR     |  out|   64|          m_axi|         gmem0|       pointer|
|m_axi_gmem0_AWID       |  out|    1|          m_axi|         gmem0|       pointer|
|m_axi_gmem0_AWLEN      |  out|    8|          m_axi|         gmem0|       pointer|
|m_axi_gmem0_AWSIZE     |  out|    3|          m_axi|         gmem0|       pointer|
|m_axi_gmem0_AWBURST    |  out|    2|          m_axi|         gmem0|       pointer|
|m_axi_gmem0_AWLOCK     |  out|    2|          m_axi|         gmem0|       pointer|
|m_axi_gmem0_AWCACHE    |  out|    4|          m_axi|         gmem0|       pointer|
|m_axi_gmem0_AWPROT     |  out|    3|          m_axi|         gmem0|       pointer|
|m_axi_gmem0_AWQOS      |  out|    4|          m_axi|         gmem0|       pointer|
|m_axi_gmem0_AWREGION   |  out|    4|          m_axi|         gmem0|       pointer|
|m_axi_gmem0_AWUSER     |  out|    1|          m_axi|         gmem0|       pointer|
|m_axi_gmem0_WVALID     |  out|    1|          m_axi|         gmem0|       pointer|
|m_axi_gmem0_WREADY     |   in|    1|          m_axi|         gmem0|       pointer|
|m_axi_gmem0_WDATA      |  out|   32|          m_axi|         gmem0|       pointer|
|m_axi_gmem0_WSTRB      |  out|    4|          m_axi|         gmem0|       pointer|
|m_axi_gmem0_WLAST      |  out|    1|          m_axi|         gmem0|       pointer|
|m_axi_gmem0_WID        |  out|    1|          m_axi|         gmem0|       pointer|
|m_axi_gmem0_WUSER      |  out|    1|          m_axi|         gmem0|       pointer|
|m_axi_gmem0_ARVALID    |  out|    1|          m_axi|         gmem0|       pointer|
|m_axi_gmem0_ARREADY    |   in|    1|          m_axi|         gmem0|       pointer|
|m_axi_gmem0_ARADDR     |  out|   64|          m_axi|         gmem0|       pointer|
|m_axi_gmem0_ARID       |  out|    1|          m_axi|         gmem0|       pointer|
|m_axi_gmem0_ARLEN      |  out|    8|          m_axi|         gmem0|       pointer|
|m_axi_gmem0_ARSIZE     |  out|    3|          m_axi|         gmem0|       pointer|
|m_axi_gmem0_ARBURST    |  out|    2|          m_axi|         gmem0|       pointer|
|m_axi_gmem0_ARLOCK     |  out|    2|          m_axi|         gmem0|       pointer|
|m_axi_gmem0_ARCACHE    |  out|    4|          m_axi|         gmem0|       pointer|
|m_axi_gmem0_ARPROT     |  out|    3|          m_axi|         gmem0|       pointer|
|m_axi_gmem0_ARQOS      |  out|    4|          m_axi|         gmem0|       pointer|
|m_axi_gmem0_ARREGION   |  out|    4|          m_axi|         gmem0|       pointer|
|m_axi_gmem0_ARUSER     |  out|    1|          m_axi|         gmem0|       pointer|
|m_axi_gmem0_RVALID     |   in|    1|          m_axi|         gmem0|       pointer|
|m_axi_gmem0_RREADY     |  out|    1|          m_axi|         gmem0|       pointer|
|m_axi_gmem0_RDATA      |   in|   32|          m_axi|         gmem0|       pointer|
|m_axi_gmem0_RLAST      |   in|    1|          m_axi|         gmem0|       pointer|
|m_axi_gmem0_RID        |   in|    1|          m_axi|         gmem0|       pointer|
|m_axi_gmem0_RUSER      |   in|    1|          m_axi|         gmem0|       pointer|
|m_axi_gmem0_RRESP      |   in|    2|          m_axi|         gmem0|       pointer|
|m_axi_gmem0_BVALID     |   in|    1|          m_axi|         gmem0|       pointer|
|m_axi_gmem0_BREADY     |  out|    1|          m_axi|         gmem0|       pointer|
|m_axi_gmem0_BRESP      |   in|    2|          m_axi|         gmem0|       pointer|
|m_axi_gmem0_BID        |   in|    1|          m_axi|         gmem0|       pointer|
|m_axi_gmem0_BUSER      |   in|    1|          m_axi|         gmem0|       pointer|
|m_axi_gmem1_AWVALID    |  out|    1|          m_axi|         gmem1|       pointer|
|m_axi_gmem1_AWREADY    |   in|    1|          m_axi|         gmem1|       pointer|
|m_axi_gmem1_AWADDR     |  out|   64|          m_axi|         gmem1|       pointer|
|m_axi_gmem1_AWID       |  out|    1|          m_axi|         gmem1|       pointer|
|m_axi_gmem1_AWLEN      |  out|    8|          m_axi|         gmem1|       pointer|
|m_axi_gmem1_AWSIZE     |  out|    3|          m_axi|         gmem1|       pointer|
|m_axi_gmem1_AWBURST    |  out|    2|          m_axi|         gmem1|       pointer|
|m_axi_gmem1_AWLOCK     |  out|    2|          m_axi|         gmem1|       pointer|
|m_axi_gmem1_AWCACHE    |  out|    4|          m_axi|         gmem1|       pointer|
|m_axi_gmem1_AWPROT     |  out|    3|          m_axi|         gmem1|       pointer|
|m_axi_gmem1_AWQOS      |  out|    4|          m_axi|         gmem1|       pointer|
|m_axi_gmem1_AWREGION   |  out|    4|          m_axi|         gmem1|       pointer|
|m_axi_gmem1_AWUSER     |  out|    1|          m_axi|         gmem1|       pointer|
|m_axi_gmem1_WVALID     |  out|    1|          m_axi|         gmem1|       pointer|
|m_axi_gmem1_WREADY     |   in|    1|          m_axi|         gmem1|       pointer|
|m_axi_gmem1_WDATA      |  out|   32|          m_axi|         gmem1|       pointer|
|m_axi_gmem1_WSTRB      |  out|    4|          m_axi|         gmem1|       pointer|
|m_axi_gmem1_WLAST      |  out|    1|          m_axi|         gmem1|       pointer|
|m_axi_gmem1_WID        |  out|    1|          m_axi|         gmem1|       pointer|
|m_axi_gmem1_WUSER      |  out|    1|          m_axi|         gmem1|       pointer|
|m_axi_gmem1_ARVALID    |  out|    1|          m_axi|         gmem1|       pointer|
|m_axi_gmem1_ARREADY    |   in|    1|          m_axi|         gmem1|       pointer|
|m_axi_gmem1_ARADDR     |  out|   64|          m_axi|         gmem1|       pointer|
|m_axi_gmem1_ARID       |  out|    1|          m_axi|         gmem1|       pointer|
|m_axi_gmem1_ARLEN      |  out|    8|          m_axi|         gmem1|       pointer|
|m_axi_gmem1_ARSIZE     |  out|    3|          m_axi|         gmem1|       pointer|
|m_axi_gmem1_ARBURST    |  out|    2|          m_axi|         gmem1|       pointer|
|m_axi_gmem1_ARLOCK     |  out|    2|          m_axi|         gmem1|       pointer|
|m_axi_gmem1_ARCACHE    |  out|    4|          m_axi|         gmem1|       pointer|
|m_axi_gmem1_ARPROT     |  out|    3|          m_axi|         gmem1|       pointer|
|m_axi_gmem1_ARQOS      |  out|    4|          m_axi|         gmem1|       pointer|
|m_axi_gmem1_ARREGION   |  out|    4|          m_axi|         gmem1|       pointer|
|m_axi_gmem1_ARUSER     |  out|    1|          m_axi|         gmem1|       pointer|
|m_axi_gmem1_RVALID     |   in|    1|          m_axi|         gmem1|       pointer|
|m_axi_gmem1_RREADY     |  out|    1|          m_axi|         gmem1|       pointer|
|m_axi_gmem1_RDATA      |   in|   32|          m_axi|         gmem1|       pointer|
|m_axi_gmem1_RLAST      |   in|    1|          m_axi|         gmem1|       pointer|
|m_axi_gmem1_RID        |   in|    1|          m_axi|         gmem1|       pointer|
|m_axi_gmem1_RUSER      |   in|    1|          m_axi|         gmem1|       pointer|
|m_axi_gmem1_RRESP      |   in|    2|          m_axi|         gmem1|       pointer|
|m_axi_gmem1_BVALID     |   in|    1|          m_axi|         gmem1|       pointer|
|m_axi_gmem1_BREADY     |  out|    1|          m_axi|         gmem1|       pointer|
|m_axi_gmem1_BRESP      |   in|    2|          m_axi|         gmem1|       pointer|
|m_axi_gmem1_BID        |   in|    1|          m_axi|         gmem1|       pointer|
|m_axi_gmem1_BUSER      |   in|    1|          m_axi|         gmem1|       pointer|
|m_axi_gmem2_AWVALID    |  out|    1|          m_axi|         gmem2|       pointer|
|m_axi_gmem2_AWREADY    |   in|    1|          m_axi|         gmem2|       pointer|
|m_axi_gmem2_AWADDR     |  out|   64|          m_axi|         gmem2|       pointer|
|m_axi_gmem2_AWID       |  out|    1|          m_axi|         gmem2|       pointer|
|m_axi_gmem2_AWLEN      |  out|    8|          m_axi|         gmem2|       pointer|
|m_axi_gmem2_AWSIZE     |  out|    3|          m_axi|         gmem2|       pointer|
|m_axi_gmem2_AWBURST    |  out|    2|          m_axi|         gmem2|       pointer|
|m_axi_gmem2_AWLOCK     |  out|    2|          m_axi|         gmem2|       pointer|
|m_axi_gmem2_AWCACHE    |  out|    4|          m_axi|         gmem2|       pointer|
|m_axi_gmem2_AWPROT     |  out|    3|          m_axi|         gmem2|       pointer|
|m_axi_gmem2_AWQOS      |  out|    4|          m_axi|         gmem2|       pointer|
|m_axi_gmem2_AWREGION   |  out|    4|          m_axi|         gmem2|       pointer|
|m_axi_gmem2_AWUSER     |  out|    1|          m_axi|         gmem2|       pointer|
|m_axi_gmem2_WVALID     |  out|    1|          m_axi|         gmem2|       pointer|
|m_axi_gmem2_WREADY     |   in|    1|          m_axi|         gmem2|       pointer|
|m_axi_gmem2_WDATA      |  out|   32|          m_axi|         gmem2|       pointer|
|m_axi_gmem2_WSTRB      |  out|    4|          m_axi|         gmem2|       pointer|
|m_axi_gmem2_WLAST      |  out|    1|          m_axi|         gmem2|       pointer|
|m_axi_gmem2_WID        |  out|    1|          m_axi|         gmem2|       pointer|
|m_axi_gmem2_WUSER      |  out|    1|          m_axi|         gmem2|       pointer|
|m_axi_gmem2_ARVALID    |  out|    1|          m_axi|         gmem2|       pointer|
|m_axi_gmem2_ARREADY    |   in|    1|          m_axi|         gmem2|       pointer|
|m_axi_gmem2_ARADDR     |  out|   64|          m_axi|         gmem2|       pointer|
|m_axi_gmem2_ARID       |  out|    1|          m_axi|         gmem2|       pointer|
|m_axi_gmem2_ARLEN      |  out|    8|          m_axi|         gmem2|       pointer|
|m_axi_gmem2_ARSIZE     |  out|    3|          m_axi|         gmem2|       pointer|
|m_axi_gmem2_ARBURST    |  out|    2|          m_axi|         gmem2|       pointer|
|m_axi_gmem2_ARLOCK     |  out|    2|          m_axi|         gmem2|       pointer|
|m_axi_gmem2_ARCACHE    |  out|    4|          m_axi|         gmem2|       pointer|
|m_axi_gmem2_ARPROT     |  out|    3|          m_axi|         gmem2|       pointer|
|m_axi_gmem2_ARQOS      |  out|    4|          m_axi|         gmem2|       pointer|
|m_axi_gmem2_ARREGION   |  out|    4|          m_axi|         gmem2|       pointer|
|m_axi_gmem2_ARUSER     |  out|    1|          m_axi|         gmem2|       pointer|
|m_axi_gmem2_RVALID     |   in|    1|          m_axi|         gmem2|       pointer|
|m_axi_gmem2_RREADY     |  out|    1|          m_axi|         gmem2|       pointer|
|m_axi_gmem2_RDATA      |   in|   32|          m_axi|         gmem2|       pointer|
|m_axi_gmem2_RLAST      |   in|    1|          m_axi|         gmem2|       pointer|
|m_axi_gmem2_RID        |   in|    1|          m_axi|         gmem2|       pointer|
|m_axi_gmem2_RUSER      |   in|    1|          m_axi|         gmem2|       pointer|
|m_axi_gmem2_RRESP      |   in|    2|          m_axi|         gmem2|       pointer|
|m_axi_gmem2_BVALID     |   in|    1|          m_axi|         gmem2|       pointer|
|m_axi_gmem2_BREADY     |  out|    1|          m_axi|         gmem2|       pointer|
|m_axi_gmem2_BRESP      |   in|    2|          m_axi|         gmem2|       pointer|
|m_axi_gmem2_BID        |   in|    1|          m_axi|         gmem2|       pointer|
|m_axi_gmem2_BUSER      |   in|    1|          m_axi|         gmem2|       pointer|
|m_axi_gmem3_AWVALID    |  out|    1|          m_axi|         gmem3|       pointer|
|m_axi_gmem3_AWREADY    |   in|    1|          m_axi|         gmem3|       pointer|
|m_axi_gmem3_AWADDR     |  out|   64|          m_axi|         gmem3|       pointer|
|m_axi_gmem3_AWID       |  out|    1|          m_axi|         gmem3|       pointer|
|m_axi_gmem3_AWLEN      |  out|    8|          m_axi|         gmem3|       pointer|
|m_axi_gmem3_AWSIZE     |  out|    3|          m_axi|         gmem3|       pointer|
|m_axi_gmem3_AWBURST    |  out|    2|          m_axi|         gmem3|       pointer|
|m_axi_gmem3_AWLOCK     |  out|    2|          m_axi|         gmem3|       pointer|
|m_axi_gmem3_AWCACHE    |  out|    4|          m_axi|         gmem3|       pointer|
|m_axi_gmem3_AWPROT     |  out|    3|          m_axi|         gmem3|       pointer|
|m_axi_gmem3_AWQOS      |  out|    4|          m_axi|         gmem3|       pointer|
|m_axi_gmem3_AWREGION   |  out|    4|          m_axi|         gmem3|       pointer|
|m_axi_gmem3_AWUSER     |  out|    1|          m_axi|         gmem3|       pointer|
|m_axi_gmem3_WVALID     |  out|    1|          m_axi|         gmem3|       pointer|
|m_axi_gmem3_WREADY     |   in|    1|          m_axi|         gmem3|       pointer|
|m_axi_gmem3_WDATA      |  out|   32|          m_axi|         gmem3|       pointer|
|m_axi_gmem3_WSTRB      |  out|    4|          m_axi|         gmem3|       pointer|
|m_axi_gmem3_WLAST      |  out|    1|          m_axi|         gmem3|       pointer|
|m_axi_gmem3_WID        |  out|    1|          m_axi|         gmem3|       pointer|
|m_axi_gmem3_WUSER      |  out|    1|          m_axi|         gmem3|       pointer|
|m_axi_gmem3_ARVALID    |  out|    1|          m_axi|         gmem3|       pointer|
|m_axi_gmem3_ARREADY    |   in|    1|          m_axi|         gmem3|       pointer|
|m_axi_gmem3_ARADDR     |  out|   64|          m_axi|         gmem3|       pointer|
|m_axi_gmem3_ARID       |  out|    1|          m_axi|         gmem3|       pointer|
|m_axi_gmem3_ARLEN      |  out|    8|          m_axi|         gmem3|       pointer|
|m_axi_gmem3_ARSIZE     |  out|    3|          m_axi|         gmem3|       pointer|
|m_axi_gmem3_ARBURST    |  out|    2|          m_axi|         gmem3|       pointer|
|m_axi_gmem3_ARLOCK     |  out|    2|          m_axi|         gmem3|       pointer|
|m_axi_gmem3_ARCACHE    |  out|    4|          m_axi|         gmem3|       pointer|
|m_axi_gmem3_ARPROT     |  out|    3|          m_axi|         gmem3|       pointer|
|m_axi_gmem3_ARQOS      |  out|    4|          m_axi|         gmem3|       pointer|
|m_axi_gmem3_ARREGION   |  out|    4|          m_axi|         gmem3|       pointer|
|m_axi_gmem3_ARUSER     |  out|    1|          m_axi|         gmem3|       pointer|
|m_axi_gmem3_RVALID     |   in|    1|          m_axi|         gmem3|       pointer|
|m_axi_gmem3_RREADY     |  out|    1|          m_axi|         gmem3|       pointer|
|m_axi_gmem3_RDATA      |   in|   32|          m_axi|         gmem3|       pointer|
|m_axi_gmem3_RLAST      |   in|    1|          m_axi|         gmem3|       pointer|
|m_axi_gmem3_RID        |   in|    1|          m_axi|         gmem3|       pointer|
|m_axi_gmem3_RUSER      |   in|    1|          m_axi|         gmem3|       pointer|
|m_axi_gmem3_RRESP      |   in|    2|          m_axi|         gmem3|       pointer|
|m_axi_gmem3_BVALID     |   in|    1|          m_axi|         gmem3|       pointer|
|m_axi_gmem3_BREADY     |  out|    1|          m_axi|         gmem3|       pointer|
|m_axi_gmem3_BRESP      |   in|    2|          m_axi|         gmem3|       pointer|
|m_axi_gmem3_BID        |   in|    1|          m_axi|         gmem3|       pointer|
|m_axi_gmem3_BUSER      |   in|    1|          m_axi|         gmem3|       pointer|
|m_axi_gmem4_AWVALID    |  out|    1|          m_axi|         gmem4|       pointer|
|m_axi_gmem4_AWREADY    |   in|    1|          m_axi|         gmem4|       pointer|
|m_axi_gmem4_AWADDR     |  out|   64|          m_axi|         gmem4|       pointer|
|m_axi_gmem4_AWID       |  out|    1|          m_axi|         gmem4|       pointer|
|m_axi_gmem4_AWLEN      |  out|    8|          m_axi|         gmem4|       pointer|
|m_axi_gmem4_AWSIZE     |  out|    3|          m_axi|         gmem4|       pointer|
|m_axi_gmem4_AWBURST    |  out|    2|          m_axi|         gmem4|       pointer|
|m_axi_gmem4_AWLOCK     |  out|    2|          m_axi|         gmem4|       pointer|
|m_axi_gmem4_AWCACHE    |  out|    4|          m_axi|         gmem4|       pointer|
|m_axi_gmem4_AWPROT     |  out|    3|          m_axi|         gmem4|       pointer|
|m_axi_gmem4_AWQOS      |  out|    4|          m_axi|         gmem4|       pointer|
|m_axi_gmem4_AWREGION   |  out|    4|          m_axi|         gmem4|       pointer|
|m_axi_gmem4_AWUSER     |  out|    1|          m_axi|         gmem4|       pointer|
|m_axi_gmem4_WVALID     |  out|    1|          m_axi|         gmem4|       pointer|
|m_axi_gmem4_WREADY     |   in|    1|          m_axi|         gmem4|       pointer|
|m_axi_gmem4_WDATA      |  out|   32|          m_axi|         gmem4|       pointer|
|m_axi_gmem4_WSTRB      |  out|    4|          m_axi|         gmem4|       pointer|
|m_axi_gmem4_WLAST      |  out|    1|          m_axi|         gmem4|       pointer|
|m_axi_gmem4_WID        |  out|    1|          m_axi|         gmem4|       pointer|
|m_axi_gmem4_WUSER      |  out|    1|          m_axi|         gmem4|       pointer|
|m_axi_gmem4_ARVALID    |  out|    1|          m_axi|         gmem4|       pointer|
|m_axi_gmem4_ARREADY    |   in|    1|          m_axi|         gmem4|       pointer|
|m_axi_gmem4_ARADDR     |  out|   64|          m_axi|         gmem4|       pointer|
|m_axi_gmem4_ARID       |  out|    1|          m_axi|         gmem4|       pointer|
|m_axi_gmem4_ARLEN      |  out|    8|          m_axi|         gmem4|       pointer|
|m_axi_gmem4_ARSIZE     |  out|    3|          m_axi|         gmem4|       pointer|
|m_axi_gmem4_ARBURST    |  out|    2|          m_axi|         gmem4|       pointer|
|m_axi_gmem4_ARLOCK     |  out|    2|          m_axi|         gmem4|       pointer|
|m_axi_gmem4_ARCACHE    |  out|    4|          m_axi|         gmem4|       pointer|
|m_axi_gmem4_ARPROT     |  out|    3|          m_axi|         gmem4|       pointer|
|m_axi_gmem4_ARQOS      |  out|    4|          m_axi|         gmem4|       pointer|
|m_axi_gmem4_ARREGION   |  out|    4|          m_axi|         gmem4|       pointer|
|m_axi_gmem4_ARUSER     |  out|    1|          m_axi|         gmem4|       pointer|
|m_axi_gmem4_RVALID     |   in|    1|          m_axi|         gmem4|       pointer|
|m_axi_gmem4_RREADY     |  out|    1|          m_axi|         gmem4|       pointer|
|m_axi_gmem4_RDATA      |   in|   32|          m_axi|         gmem4|       pointer|
|m_axi_gmem4_RLAST      |   in|    1|          m_axi|         gmem4|       pointer|
|m_axi_gmem4_RID        |   in|    1|          m_axi|         gmem4|       pointer|
|m_axi_gmem4_RUSER      |   in|    1|          m_axi|         gmem4|       pointer|
|m_axi_gmem4_RRESP      |   in|    2|          m_axi|         gmem4|       pointer|
|m_axi_gmem4_BVALID     |   in|    1|          m_axi|         gmem4|       pointer|
|m_axi_gmem4_BREADY     |  out|    1|          m_axi|         gmem4|       pointer|
|m_axi_gmem4_BRESP      |   in|    2|          m_axi|         gmem4|       pointer|
|m_axi_gmem4_BID        |   in|    1|          m_axi|         gmem4|       pointer|
|m_axi_gmem4_BUSER      |   in|    1|          m_axi|         gmem4|       pointer|
+-----------------------+-----+-----+---------------+--------------+--------------+

