

================================================================
== Vitis HLS Report for 'addrbound_1'
================================================================
* Date:           Sun May  1 11:31:58 2022

* Version:        2021.2 (Build 3367213 on Tue Oct 19 02:47:39 MDT 2021)
* Project:        color_detect
* Solution:       solution (Vitis Kernel Flow Target)
* Product family: virtexuplus
* Target device:  xcu50-fsvh2104-2-e


================================================================
== Performance Estimates
================================================================
+ Timing: 
    * Summary: 
    +--------+---------+----------+------------+
    |  Clock |  Target | Estimated| Uncertainty|
    +--------+---------+----------+------------+
    |ap_clk  |  3.33 ns|  1.217 ns|     0.90 ns|
    +--------+---------+----------+------------+

+ Latency: 
    * Summary: 
    +---------+---------+-----------+-----------+-----+-----+---------+
    |  Latency (cycles) |   Latency (absolute)  |  Interval | Pipeline|
    |   min   |   max   |    min    |    max    | min | max |   Type  |
    +---------+---------+-----------+-----------+-----+-----+---------+
    |        4|        4|  13.332 ns|  13.332 ns|    4|    4|       no|
    +---------+---------+-----------+-----------+-----+-----+---------+

    + Detail: 
        * Instance: 
        N/A

        * Loop: 
        N/A



================================================================
== Utilization Estimates
================================================================
* Summary: 
+---------------------+---------+------+---------+--------+-----+
|         Name        | BRAM_18K|  DSP |    FF   |   LUT  | URAM|
+---------------------+---------+------+---------+--------+-----+
|DSP                  |        -|     1|        -|       -|    -|
|Expression           |        -|     -|        0|      60|    -|
|FIFO                 |        -|     -|        -|       -|    -|
|Instance             |        -|     -|        -|       -|    -|
|Memory               |        -|     -|        -|       -|    -|
|Multiplexer          |        -|     -|        -|      76|    -|
|Register             |        -|     -|       55|       -|    -|
+---------------------+---------+------+---------+--------+-----+
|Total                |        0|     1|       55|     136|    0|
+---------------------+---------+------+---------+--------+-----+
|Available SLR        |     1344|  2976|   871680|  435840|  320|
+---------------------+---------+------+---------+--------+-----+
|Utilization SLR (%)  |        0|    ~0|       ~0|      ~0|    0|
+---------------------+---------+------+---------+--------+-----+
|Available            |     2688|  5952|  1743360|  871680|  640|
+---------------------+---------+------+---------+--------+-----+
|Utilization (%)      |        0|    ~0|       ~0|      ~0|    0|
+---------------------+---------+------+---------+--------+-----+

+ Detail: 
    * Instance: 
    N/A

    * DSP: 
    +-----------------------------+--------------------------+-----------+
    |           Instance          |          Module          | Expression|
    +-----------------------------+--------------------------+-----------+
    |mul_mul_16ns_16ns_29_4_1_U5  |mul_mul_16ns_16ns_29_4_1  |    i0 * i1|
    +-----------------------------+--------------------------+-----------+

    * Memory: 
    N/A

    * FIFO: 
    N/A

    * Expression: 
    +---------------------+----------+----+---+----+------------+------------+
    |    Variable Name    | Operation| DSP| FF| LUT| Bitwidth P0| Bitwidth P1|
    +---------------------+----------+----+---+----+------------+------------+
    |add_ln587_fu_109_p2  |         +|   0|  0|  29|          29|           5|
    |ret_fu_103_p2        |         -|   0|  0|  29|          29|          29|
    |ap_block_state1      |        or|   0|  0|   2|           1|           1|
    +---------------------+----------+----+---+----+------------+------------+
    |Total                |          |   0|  0|  60|          59|          35|
    +---------------------+----------+----+---+----+------------+------------+

    * Multiplexer: 
    +--------------+----+-----------+-----+-----------+
    |     Name     | LUT| Input Size| Bits| Total Bits|
    +--------------+----+-----------+-----+-----------+
    |ap_NS_fsm     |  31|          6|    1|          6|
    |ap_done       |   9|          2|    1|          2|
    |cols_c_blk_n  |   9|          2|    1|          2|
    |real_start    |   9|          2|    1|          2|
    |return_r      |   9|          2|   24|         48|
    |rows_c_blk_n  |   9|          2|    1|          2|
    +--------------+----+-----------+-----+-----------+
    |Total         |  76|         16|   29|         62|
    +--------------+----+-----------+-----+-----------+

    * Register: 
    +------------------+----+----+-----+-----------+
    |       Name       | FF | LUT| Bits| Const Bits|
    +------------------+----+----+-----+-----------+
    |ap_CS_fsm         |   5|   0|    5|          0|
    |ap_done_reg       |   1|   0|    1|          0|
    |return_r_preg     |  24|   0|   24|          0|
    |start_once_reg    |   1|   0|    1|          0|
    |trunc_ln_reg_143  |  24|   0|   24|          0|
    +------------------+----+----+-----+-----------+
    |Total             |  55|   0|   55|          0|
    +------------------+----+----+-----+-----------+



================================================================
== Interface
================================================================
* Summary: 
+---------------+-----+-----+------------+--------------+--------------+
|   RTL Ports   | Dir | Bits|  Protocol  | Source Object|    C Type    |
+---------------+-----+-----+------------+--------------+--------------+
|ap_clk         |   in|    1|  ap_ctrl_hs|   addrbound.1|  return value|
|ap_rst         |   in|    1|  ap_ctrl_hs|   addrbound.1|  return value|
|ap_start       |   in|    1|  ap_ctrl_hs|   addrbound.1|  return value|
|start_full_n   |   in|    1|  ap_ctrl_hs|   addrbound.1|  return value|
|ap_done        |  out|    1|  ap_ctrl_hs|   addrbound.1|  return value|
|ap_continue    |   in|    1|  ap_ctrl_hs|   addrbound.1|  return value|
|ap_idle        |  out|    1|  ap_ctrl_hs|   addrbound.1|  return value|
|ap_ready       |  out|    1|  ap_ctrl_hs|   addrbound.1|  return value|
|start_out      |  out|    1|  ap_ctrl_hs|   addrbound.1|  return value|
|start_write    |  out|    1|  ap_ctrl_hs|   addrbound.1|  return value|
|return_r       |  out|   24|     ap_none|      return_r|       pointer|
|rows           |   in|   32|     ap_none|          rows|        scalar|
|cols           |   in|   32|     ap_none|          cols|        scalar|
|rows_c_din     |  out|   32|     ap_fifo|        rows_c|       pointer|
|rows_c_full_n  |   in|    1|     ap_fifo|        rows_c|       pointer|
|rows_c_write   |  out|    1|     ap_fifo|        rows_c|       pointer|
|cols_c_din     |  out|   32|     ap_fifo|        cols_c|       pointer|
|cols_c_full_n  |   in|    1|     ap_fifo|        cols_c|       pointer|
|cols_c_write   |  out|    1|     ap_fifo|        cols_c|       pointer|
+---------------+-----+-----+------------+--------------+--------------+

