

================================================================
== Vitis HLS Report for 'Array2xfMat_32_9_2160_3840_1_s'
================================================================
* Date:           Sun May  1 11:32:01 2022

* Version:        2021.2 (Build 3367213 on Tue Oct 19 02:47:39 MDT 2021)
* Project:        color_detect
* Solution:       solution (Vitis Kernel Flow Target)
* Product family: virtexuplus
* Target device:  xcu50-fsvh2104-2-e


================================================================
== Performance Estimates
================================================================
+ Timing: 
    * Summary: 
    +--------+---------+----------+------------+
    |  Clock |  Target | Estimated| Uncertainty|
    +--------+---------+----------+------------+
    |ap_clk  |  3.33 ns|  2.433 ns|     0.90 ns|
    +--------+---------+----------+------------+

+ Latency: 
    * Summary: 
    +---------+---------+----------+-----------+-----+---------+---------+
    |  Latency (cycles) |  Latency (absolute)  |    Interval   | Pipeline|
    |   min   |   max   |    min   |    max    | min |   max   |   Type  |
    +---------+---------+----------+-----------+-----+---------+---------+
    |       81|  8294480|  0.270 us|  27.646 ms|   81|  8294480|       no|
    +---------+---------+----------+-----------+-----+---------+---------+

    + Detail: 
        * Instance: 
        +-------------------+---------+---------+---------+----------+-----------+-----+---------+----------+
        |                   |         |  Latency (cycles) |  Latency (absolute)  |    Interval   | Pipeline |
        |      Instance     |  Module |   min   |   max   |    min   |    max    | min |   max   |   Type   |
        +-------------------+---------+---------+---------+----------+-----------+-----+---------+----------+
        |grp_Axi2Mat_fu_82  |Axi2Mat  |       79|  8294478|  0.263 us|  27.645 ms|   10|  8294409|  dataflow|
        +-------------------+---------+---------+---------+----------+-----------+-----+---------+----------+

        * Loop: 
        N/A



================================================================
== Utilization Estimates
================================================================
* Summary: 
+---------------------+---------+------+---------+--------+-----+
|         Name        | BRAM_18K|  DSP |    FF   |   LUT  | URAM|
+---------------------+---------+------+---------+--------+-----+
|DSP                  |        -|     -|        -|       -|    -|
|Expression           |        -|     -|        0|       6|    -|
|FIFO                 |        -|     -|        -|       -|    -|
|Instance             |        -|     4|     1534|    3416|    -|
|Memory               |        -|     -|        -|       -|    -|
|Multiplexer          |        -|     -|        -|      83|    -|
|Register             |        -|     -|        8|       -|    -|
+---------------------+---------+------+---------+--------+-----+
|Total                |        0|     4|     1542|    3505|    0|
+---------------------+---------+------+---------+--------+-----+
|Available SLR        |     1344|  2976|   871680|  435840|  320|
+---------------------+---------+------+---------+--------+-----+
|Utilization SLR (%)  |        0|    ~0|       ~0|      ~0|    0|
+---------------------+---------+------+---------+--------+-----+
|Available            |     2688|  5952|  1743360|  871680|  640|
+---------------------+---------+------+---------+--------+-----+
|Utilization (%)      |        0|    ~0|       ~0|      ~0|    0|
+---------------------+---------+------+---------+--------+-----+

+ Detail: 
    * Instance: 
    +-------------------+---------+---------+----+------+------+-----+
    |      Instance     |  Module | BRAM_18K| DSP|  FF  |  LUT | URAM|
    +-------------------+---------+---------+----+------+------+-----+
    |grp_Axi2Mat_fu_82  |Axi2Mat  |        0|   4|  1534|  3416|    0|
    +-------------------+---------+---------+----+------+------+-----+
    |Total              |         |        0|   4|  1534|  3416|    0|
    +-------------------+---------+---------+----+------+------+-----+

    * DSP: 
    N/A

    * Memory: 
    N/A

    * FIFO: 
    N/A

    * Expression: 
    +------------------------------------+----------+----+---+----+------------+------------+
    |            Variable Name           | Operation| DSP| FF| LUT| Bitwidth P0| Bitwidth P1|
    +------------------------------------+----------+----+---+----+------------+------------+
    |ap_block_state1                     |        or|   0|  0|   2|           1|           1|
    |ap_sync_grp_Axi2Mat_fu_82_ap_done   |        or|   0|  0|   2|           1|           1|
    |ap_sync_grp_Axi2Mat_fu_82_ap_ready  |        or|   0|  0|   2|           1|           1|
    +------------------------------------+----------+----+---+----+------------+------------+
    |Total                               |          |   0|  0|   6|           3|           3|
    +------------------------------------+----------+----+---+----+------------+------------+

    * Multiplexer: 
    +-----------------------+----+-----------+-----+-----------+
    |          Name         | LUT| Input Size| Bits| Total Bits|
    +-----------------------+----+-----------+-----+-----------+
    |ap_NS_fsm              |  20|          4|    1|          4|
    |ap_done                |   9|          2|    1|          2|
    |imgInput_499_write     |   9|          2|    1|          2|
    |imgInput_cols_c_blk_n  |   9|          2|    1|          2|
    |imgInput_rows_c_blk_n  |   9|          2|    1|          2|
    |m_axi_gmem0_ARVALID    |   9|          2|    1|          2|
    |m_axi_gmem0_RREADY     |   9|          2|    1|          2|
    |real_start             |   9|          2|    1|          2|
    +-----------------------+----+-----------+-----+-----------+
    |Total                  |  83|         18|    8|         18|
    +-----------------------+----+-----------+-----+-----------+

    * Register: 
    +----------------------------------------+---+----+-----+-----------+
    |                  Name                  | FF| LUT| Bits| Const Bits|
    +----------------------------------------+---+----+-----+-----------+
    |ap_CS_fsm                               |  3|   0|    3|          0|
    |ap_done_reg                             |  1|   0|    1|          0|
    |ap_sync_reg_grp_Axi2Mat_fu_82_ap_done   |  1|   0|    1|          0|
    |ap_sync_reg_grp_Axi2Mat_fu_82_ap_ready  |  1|   0|    1|          0|
    |grp_Axi2Mat_fu_82_ap_start_reg          |  1|   0|    1|          0|
    |start_once_reg                          |  1|   0|    1|          0|
    +----------------------------------------+---+----+-----+-----------+
    |Total                                   |  8|   0|    8|          0|
    +----------------------------------------+---+----+-----+-----------+



================================================================
== Interface
================================================================
* Summary: 
+------------------------+-----+-----+------------+-----------------------------------+--------------+
|        RTL Ports       | Dir | Bits|  Protocol  |           Source Object           |    C Type    |
+------------------------+-----+-----+------------+-----------------------------------+--------------+
|ap_clk                  |   in|    1|  ap_ctrl_hs|  Array2xfMat<32, 9, 2160, 3840, 1>|  return value|
|ap_rst                  |   in|    1|  ap_ctrl_hs|  Array2xfMat<32, 9, 2160, 3840, 1>|  return value|
|ap_start                |   in|    1|  ap_ctrl_hs|  Array2xfMat<32, 9, 2160, 3840, 1>|  return value|
|start_full_n            |   in|    1|  ap_ctrl_hs|  Array2xfMat<32, 9, 2160, 3840, 1>|  return value|
|ap_done                 |  out|    1|  ap_ctrl_hs|  Array2xfMat<32, 9, 2160, 3840, 1>|  return value|
|ap_continue             |   in|    1|  ap_ctrl_hs|  Array2xfMat<32, 9, 2160, 3840, 1>|  return value|
|ap_idle                 |  out|    1|  ap_ctrl_hs|  Array2xfMat<32, 9, 2160, 3840, 1>|  return value|
|ap_ready                |  out|    1|  ap_ctrl_hs|  Array2xfMat<32, 9, 2160, 3840, 1>|  return value|
|start_out               |  out|    1|  ap_ctrl_hs|  Array2xfMat<32, 9, 2160, 3840, 1>|  return value|
|start_write             |  out|    1|  ap_ctrl_hs|  Array2xfMat<32, 9, 2160, 3840, 1>|  return value|
|m_axi_gmem0_AWVALID     |  out|    1|       m_axi|                              gmem0|       pointer|
|m_axi_gmem0_AWREADY     |   in|    1|       m_axi|                              gmem0|       pointer|
|m_axi_gmem0_AWADDR      |  out|   64|       m_axi|                              gmem0|       pointer|
|m_axi_gmem0_AWID        |  out|    1|       m_axi|                              gmem0|       pointer|
|m_axi_gmem0_AWLEN       |  out|   32|       m_axi|                              gmem0|       pointer|
|m_axi_gmem0_AWSIZE      |  out|    3|       m_axi|                              gmem0|       pointer|
|m_axi_gmem0_AWBURST     |  out|    2|       m_axi|                              gmem0|       pointer|
|m_axi_gmem0_AWLOCK      |  out|    2|       m_axi|                              gmem0|       pointer|
|m_axi_gmem0_AWCACHE     |  out|    4|       m_axi|                              gmem0|       pointer|
|m_axi_gmem0_AWPROT      |  out|    3|       m_axi|                              gmem0|       pointer|
|m_axi_gmem0_AWQOS       |  out|    4|       m_axi|                              gmem0|       pointer|
|m_axi_gmem0_AWREGION    |  out|    4|       m_axi|                              gmem0|       pointer|
|m_axi_gmem0_AWUSER      |  out|    1|       m_axi|                              gmem0|       pointer|
|m_axi_gmem0_WVALID      |  out|    1|       m_axi|                              gmem0|       pointer|
|m_axi_gmem0_WREADY      |   in|    1|       m_axi|                              gmem0|       pointer|
|m_axi_gmem0_WDATA       |  out|   32|       m_axi|                              gmem0|       pointer|
|m_axi_gmem0_WSTRB       |  out|    4|       m_axi|                              gmem0|       pointer|
|m_axi_gmem0_WLAST       |  out|    1|       m_axi|                              gmem0|       pointer|
|m_axi_gmem0_WID         |  out|    1|       m_axi|                              gmem0|       pointer|
|m_axi_gmem0_WUSER       |  out|    1|       m_axi|                              gmem0|       pointer|
|m_axi_gmem0_ARVALID     |  out|    1|       m_axi|                              gmem0|       pointer|
|m_axi_gmem0_ARREADY     |   in|    1|       m_axi|                              gmem0|       pointer|
|m_axi_gmem0_ARADDR      |  out|   64|       m_axi|                              gmem0|       pointer|
|m_axi_gmem0_ARID        |  out|    1|       m_axi|                              gmem0|       pointer|
|m_axi_gmem0_ARLEN       |  out|   32|       m_axi|                              gmem0|       pointer|
|m_axi_gmem0_ARSIZE      |  out|    3|       m_axi|                              gmem0|       pointer|
|m_axi_gmem0_ARBURST     |  out|    2|       m_axi|                              gmem0|       pointer|
|m_axi_gmem0_ARLOCK      |  out|    2|       m_axi|                              gmem0|       pointer|
|m_axi_gmem0_ARCACHE     |  out|    4|       m_axi|                              gmem0|       pointer|
|m_axi_gmem0_ARPROT      |  out|    3|       m_axi|                              gmem0|       pointer|
|m_axi_gmem0_ARQOS       |  out|    4|       m_axi|                              gmem0|       pointer|
|m_axi_gmem0_ARREGION    |  out|    4|       m_axi|                              gmem0|       pointer|
|m_axi_gmem0_ARUSER      |  out|    1|       m_axi|                              gmem0|       pointer|
|m_axi_gmem0_RVALID      |   in|    1|       m_axi|                              gmem0|       pointer|
|m_axi_gmem0_RREADY      |  out|    1|       m_axi|                              gmem0|       pointer|
|m_axi_gmem0_RDATA       |   in|   32|       m_axi|                              gmem0|       pointer|
|m_axi_gmem0_RLAST       |   in|    1|       m_axi|                              gmem0|       pointer|
|m_axi_gmem0_RID         |   in|    1|       m_axi|                              gmem0|       pointer|
|m_axi_gmem0_RFIFONUM    |   in|    9|       m_axi|                              gmem0|       pointer|
|m_axi_gmem0_RUSER       |   in|    1|       m_axi|                              gmem0|       pointer|
|m_axi_gmem0_RRESP       |   in|    2|       m_axi|                              gmem0|       pointer|
|m_axi_gmem0_BVALID      |   in|    1|       m_axi|                              gmem0|       pointer|
|m_axi_gmem0_BREADY      |  out|    1|       m_axi|                              gmem0|       pointer|
|m_axi_gmem0_BRESP       |   in|    2|       m_axi|                              gmem0|       pointer|
|m_axi_gmem0_BID         |   in|    1|       m_axi|                              gmem0|       pointer|
|m_axi_gmem0_BUSER       |   in|    1|       m_axi|                              gmem0|       pointer|
|srcPtr                  |   in|   64|     ap_none|                             srcPtr|        scalar|
|p_read                  |   in|   32|     ap_none|                             p_read|        scalar|
|p_read1                 |   in|   32|     ap_none|                            p_read1|        scalar|
|imgInput_499_din        |  out|   24|     ap_fifo|                       imgInput_499|       pointer|
|imgInput_499_full_n     |   in|    1|     ap_fifo|                       imgInput_499|       pointer|
|imgInput_499_write      |  out|    1|     ap_fifo|                       imgInput_499|       pointer|
|imgInput_rows_c_din     |  out|   32|     ap_fifo|                    imgInput_rows_c|       pointer|
|imgInput_rows_c_full_n  |   in|    1|     ap_fifo|                    imgInput_rows_c|       pointer|
|imgInput_rows_c_write   |  out|    1|     ap_fifo|                    imgInput_rows_c|       pointer|
|imgInput_cols_c_din     |  out|   32|     ap_fifo|                    imgInput_cols_c|       pointer|
|imgInput_cols_c_full_n  |   in|    1|     ap_fifo|                    imgInput_cols_c|       pointer|
|imgInput_cols_c_write   |  out|    1|     ap_fifo|                    imgInput_cols_c|       pointer|
+------------------------+-----+-----+------------+-----------------------------------+--------------+

