

================================================================
== Vitis HLS Report for 'AxiStream2Axi'
================================================================
* Date:           Sun May  1 11:32:13 2022

* Version:        2021.2 (Build 3367213 on Tue Oct 19 02:47:39 MDT 2021)
* Project:        color_detect
* Solution:       solution (Vitis Kernel Flow Target)
* Product family: virtexuplus
* Target device:  xcu50-fsvh2104-2-e


================================================================
== Performance Estimates
================================================================
+ Timing: 
    * Summary: 
    +--------+---------+----------+------------+
    |  Clock |  Target | Estimated| Uncertainty|
    +--------+---------+----------+------------+
    |ap_clk  |  3.33 ns|  2.433 ns|     0.90 ns|
    +--------+---------+----------+------------+

+ Latency: 
    * Summary: 
    +---------+---------+----------+-----------+-----+---------+---------+
    |  Latency (cycles) |  Latency (absolute)  |    Interval   | Pipeline|
    |   min   |   max   |    min   |    max    | min |   max   |   Type  |
    +---------+---------+----------+-----------+-----+---------+---------+
    |        1|  8294474|  3.333 ns|  27.645 ms|    1|  8294474|       no|
    +---------+---------+----------+-----------+-----+---------+---------+

    + Detail: 
        * Instance: 
        +-------------------------------------------------+---------------------------------------+---------+---------+-----------+-----------+-----+---------+---------+
        |                                                 |                                       |  Latency (cycles) |   Latency (absolute)  |    Interval   | Pipeline|
        |                     Instance                    |                 Module                |   min   |   max   |    min    |    max    | min |   max   |   Type  |
        +-------------------------------------------------+---------------------------------------+---------+---------+-----------+-----------+-----+---------+---------+
        |grp_AxiStream2Axi_Pipeline_MMIterOutLoop2_fu_67  |AxiStream2Axi_Pipeline_MMIterOutLoop2  |        4|  8294403|  13.332 ns|  27.645 ms|    4|  8294403|       no|
        +-------------------------------------------------+---------------------------------------+---------+---------+-----------+-----------+-----+---------+---------+

        * Loop: 
        N/A



================================================================
== Utilization Estimates
================================================================
* Summary: 
+---------------------+---------+------+---------+--------+-----+
|         Name        | BRAM_18K|  DSP |    FF   |   LUT  | URAM|
+---------------------+---------+------+---------+--------+-----+
|DSP                  |        -|     -|        -|       -|    -|
|Expression           |        -|     -|        0|      20|    -|
|FIFO                 |        -|     -|        -|       -|    -|
|Instance             |        -|     -|       37|     107|    -|
|Memory               |        -|     -|        -|       -|    -|
|Multiplexer          |        -|     -|        -|     522|    -|
|Register             |        -|     -|      139|       -|    -|
+---------------------+---------+------+---------+--------+-----+
|Total                |        0|     0|      176|     649|    0|
+---------------------+---------+------+---------+--------+-----+
|Available SLR        |     1344|  2976|   871680|  435840|  320|
+---------------------+---------+------+---------+--------+-----+
|Utilization SLR (%)  |        0|     0|       ~0|      ~0|    0|
+---------------------+---------+------+---------+--------+-----+
|Available            |     2688|  5952|  1743360|  871680|  640|
+---------------------+---------+------+---------+--------+-----+
|Utilization (%)      |        0|     0|       ~0|      ~0|    0|
+---------------------+---------+------+---------+--------+-----+

+ Detail: 
    * Instance: 
    +-------------------------------------------------+---------------------------------------+---------+----+----+-----+-----+
    |                     Instance                    |                 Module                | BRAM_18K| DSP| FF | LUT | URAM|
    +-------------------------------------------------+---------------------------------------+---------+----+----+-----+-----+
    |grp_AxiStream2Axi_Pipeline_MMIterOutLoop2_fu_67  |AxiStream2Axi_Pipeline_MMIterOutLoop2  |        0|   0|  37|  107|    0|
    +-------------------------------------------------+---------------------------------------+---------+----+----+-----+-----+
    |Total                                            |                                       |        0|   0|  37|  107|    0|
    +-------------------------------------------------+---------------------------------------+---------+----+----+-----+-----+

    * DSP: 
    N/A

    * Memory: 
    N/A

    * FIFO: 
    N/A

    * Expression: 
    +----------------------+----------+----+---+----+------------+------------+
    |     Variable Name    | Operation| DSP| FF| LUT| Bitwidth P0| Bitwidth P1|
    +----------------------+----------+----+---+----+------------+------------+
    |ap_block_state72      |       and|   0|  0|   2|           1|           1|
    |icmp_ln1072_fu_77_p2  |      icmp|   0|  0|  16|          24|           1|
    |ap_block_state1       |        or|   0|  0|   2|           1|           1|
    +----------------------+----------+----+---+----+------------+------------+
    |Total                 |          |   0|  0|  20|          26|           3|
    +----------------------+----------+----+---+----+------------+------------+

    * Multiplexer: 
    +----------------------+-----+-----------+-----+-----------+
    |         Name         | LUT | Input Size| Bits| Total Bits|
    +----------------------+-----+-----------+-----+-----------+
    |ap_NS_fsm             |  331|         73|    1|         73|
    |ap_done               |    9|          2|    1|          2|
    |dout_blk_n            |    9|          2|    1|          2|
    |gmem4_blk_n_AW        |    9|          2|    1|          2|
    |gmem4_blk_n_B         |    9|          2|    1|          2|
    |ldata1_read           |    9|          2|    1|          2|
    |m_axi_gmem4_AWADDR    |   14|          3|   64|        192|
    |m_axi_gmem4_AWBURST   |    9|          2|    2|          4|
    |m_axi_gmem4_AWCACHE   |    9|          2|    4|          8|
    |m_axi_gmem4_AWID      |    9|          2|    1|          2|
    |m_axi_gmem4_AWLEN     |   14|          3|   32|         96|
    |m_axi_gmem4_AWLOCK    |    9|          2|    2|          4|
    |m_axi_gmem4_AWPROT    |    9|          2|    3|          6|
    |m_axi_gmem4_AWQOS     |    9|          2|    4|          8|
    |m_axi_gmem4_AWREGION  |    9|          2|    4|          8|
    |m_axi_gmem4_AWSIZE    |    9|          2|    3|          6|
    |m_axi_gmem4_AWUSER    |    9|          2|    1|          2|
    |m_axi_gmem4_AWVALID   |   14|          3|    1|          3|
    |m_axi_gmem4_BREADY    |   14|          3|    1|          3|
    |m_axi_gmem4_WVALID    |    9|          2|    1|          2|
    +----------------------+-----+-----------+-----+-----------+
    |Total                 |  522|        115|  129|        427|
    +----------------------+-----+-----------+-----+-----------+

    * Register: 
    +--------------------------------------------------------------+----+----+-----+-----------+
    |                             Name                             | FF | LUT| Bits| Const Bits|
    +--------------------------------------------------------------+----+----+-----+-----------+
    |ap_CS_fsm                                                     |  72|   0|   72|          0|
    |ap_done_reg                                                   |   1|   0|    1|          0|
    |dout_read_reg_99                                              |  64|   0|   64|          0|
    |grp_AxiStream2Axi_Pipeline_MMIterOutLoop2_fu_67_ap_start_reg  |   1|   0|    1|          0|
    |icmp_ln1072_reg_105                                           |   1|   0|    1|          0|
    +--------------------------------------------------------------+----+----+-----+-----------+
    |Total                                                         | 139|   0|  139|          0|
    +--------------------------------------------------------------+----+----+-----+-----------+



================================================================
== Interface
================================================================
* Summary: 
+----------------------+-----+-----+------------+---------------+--------------+
|       RTL Ports      | Dir | Bits|  Protocol  | Source Object |    C Type    |
+----------------------+-----+-----+------------+---------------+--------------+
|ap_clk                |   in|    1|  ap_ctrl_hs|  AxiStream2Axi|  return value|
|ap_rst                |   in|    1|  ap_ctrl_hs|  AxiStream2Axi|  return value|
|ap_start              |   in|    1|  ap_ctrl_hs|  AxiStream2Axi|  return value|
|ap_done               |  out|    1|  ap_ctrl_hs|  AxiStream2Axi|  return value|
|ap_continue           |   in|    1|  ap_ctrl_hs|  AxiStream2Axi|  return value|
|ap_idle               |  out|    1|  ap_ctrl_hs|  AxiStream2Axi|  return value|
|ap_ready              |  out|    1|  ap_ctrl_hs|  AxiStream2Axi|  return value|
|ldata1_dout           |   in|    8|     ap_fifo|         ldata1|       pointer|
|ldata1_empty_n        |   in|    1|     ap_fifo|         ldata1|       pointer|
|ldata1_read           |  out|    1|     ap_fifo|         ldata1|       pointer|
|m_axi_gmem4_AWVALID   |  out|    1|       m_axi|          gmem4|       pointer|
|m_axi_gmem4_AWREADY   |   in|    1|       m_axi|          gmem4|       pointer|
|m_axi_gmem4_AWADDR    |  out|   64|       m_axi|          gmem4|       pointer|
|m_axi_gmem4_AWID      |  out|    1|       m_axi|          gmem4|       pointer|
|m_axi_gmem4_AWLEN     |  out|   32|       m_axi|          gmem4|       pointer|
|m_axi_gmem4_AWSIZE    |  out|    3|       m_axi|          gmem4|       pointer|
|m_axi_gmem4_AWBURST   |  out|    2|       m_axi|          gmem4|       pointer|
|m_axi_gmem4_AWLOCK    |  out|    2|       m_axi|          gmem4|       pointer|
|m_axi_gmem4_AWCACHE   |  out|    4|       m_axi|          gmem4|       pointer|
|m_axi_gmem4_AWPROT    |  out|    3|       m_axi|          gmem4|       pointer|
|m_axi_gmem4_AWQOS     |  out|    4|       m_axi|          gmem4|       pointer|
|m_axi_gmem4_AWREGION  |  out|    4|       m_axi|          gmem4|       pointer|
|m_axi_gmem4_AWUSER    |  out|    1|       m_axi|          gmem4|       pointer|
|m_axi_gmem4_WVALID    |  out|    1|       m_axi|          gmem4|       pointer|
|m_axi_gmem4_WREADY    |   in|    1|       m_axi|          gmem4|       pointer|
|m_axi_gmem4_WDATA     |  out|    8|       m_axi|          gmem4|       pointer|
|m_axi_gmem4_WSTRB     |  out|    1|       m_axi|          gmem4|       pointer|
|m_axi_gmem4_WLAST     |  out|    1|       m_axi|          gmem4|       pointer|
|m_axi_gmem4_WID       |  out|    1|       m_axi|          gmem4|       pointer|
|m_axi_gmem4_WUSER     |  out|    1|       m_axi|          gmem4|       pointer|
|m_axi_gmem4_ARVALID   |  out|    1|       m_axi|          gmem4|       pointer|
|m_axi_gmem4_ARREADY   |   in|    1|       m_axi|          gmem4|       pointer|
|m_axi_gmem4_ARADDR    |  out|   64|       m_axi|          gmem4|       pointer|
|m_axi_gmem4_ARID      |  out|    1|       m_axi|          gmem4|       pointer|
|m_axi_gmem4_ARLEN     |  out|   32|       m_axi|          gmem4|       pointer|
|m_axi_gmem4_ARSIZE    |  out|    3|       m_axi|          gmem4|       pointer|
|m_axi_gmem4_ARBURST   |  out|    2|       m_axi|          gmem4|       pointer|
|m_axi_gmem4_ARLOCK    |  out|    2|       m_axi|          gmem4|       pointer|
|m_axi_gmem4_ARCACHE   |  out|    4|       m_axi|          gmem4|       pointer|
|m_axi_gmem4_ARPROT    |  out|    3|       m_axi|          gmem4|       pointer|
|m_axi_gmem4_ARQOS     |  out|    4|       m_axi|          gmem4|       pointer|
|m_axi_gmem4_ARREGION  |  out|    4|       m_axi|          gmem4|       pointer|
|m_axi_gmem4_ARUSER    |  out|    1|       m_axi|          gmem4|       pointer|
|m_axi_gmem4_RVALID    |   in|    1|       m_axi|          gmem4|       pointer|
|m_axi_gmem4_RREADY    |  out|    1|       m_axi|          gmem4|       pointer|
|m_axi_gmem4_RDATA     |   in|    8|       m_axi|          gmem4|       pointer|
|m_axi_gmem4_RLAST     |   in|    1|       m_axi|          gmem4|       pointer|
|m_axi_gmem4_RID       |   in|    1|       m_axi|          gmem4|       pointer|
|m_axi_gmem4_RFIFONUM  |   in|   11|       m_axi|          gmem4|       pointer|
|m_axi_gmem4_RUSER     |   in|    1|       m_axi|          gmem4|       pointer|
|m_axi_gmem4_RRESP     |   in|    2|       m_axi|          gmem4|       pointer|
|m_axi_gmem4_BVALID    |   in|    1|       m_axi|          gmem4|       pointer|
|m_axi_gmem4_BREADY    |  out|    1|       m_axi|          gmem4|       pointer|
|m_axi_gmem4_BRESP     |   in|    2|       m_axi|          gmem4|       pointer|
|m_axi_gmem4_BID       |   in|    1|       m_axi|          gmem4|       pointer|
|m_axi_gmem4_BUSER     |   in|    1|       m_axi|          gmem4|       pointer|
|dout_dout             |   in|   64|     ap_fifo|           dout|       pointer|
|dout_empty_n          |   in|    1|     ap_fifo|           dout|       pointer|
|dout_read             |  out|    1|     ap_fifo|           dout|       pointer|
|p_read                |   in|   24|     ap_none|         p_read|        scalar|
+----------------------+-----+-----+------------+---------------+--------------+

