

================================================================
== Vitis HLS Report for 'colorthresholding_9_0_3_2160_3840_1_s'
================================================================
* Date:           Sun May  1 11:32:05 2022

* Version:        2021.2 (Build 3367213 on Tue Oct 19 02:47:39 MDT 2021)
* Project:        color_detect
* Solution:       solution (Vitis Kernel Flow Target)
* Product family: virtexuplus
* Target device:  xcu50-fsvh2104-2-e


================================================================
== Performance Estimates
================================================================
+ Timing: 
    * Summary: 
    +--------+---------+----------+------------+
    |  Clock |  Target | Estimated| Uncertainty|
    +--------+---------+----------+------------+
    |ap_clk  |  3.33 ns|  3.650 ns|     0.90 ns|
    +--------+---------+----------+------------+

+ Latency: 
    * Summary: 
    +---------+---------+----------+-----------+-----+---------+----------+
    |  Latency (cycles) |  Latency (absolute)  |    Interval   | Pipeline |
    |   min   |   max   |    min   |    max    | min |   max   |   Type   |
    +---------+---------+----------+-----------+-----+---------+----------+
    |       95|  8294496|  0.347 us|  30.272 ms|   88|  8294408|  dataflow|
    +---------+---------+----------+-----------+-----+---------+----------+

    + Detail: 
        * Instance: 
        +-------------------------------------------------------------------+----------------------------------------------------------------+---------+---------+-----------+-----------+-----+---------+---------+
        |                                                                   |                                                                |  Latency (cycles) |   Latency (absolute)  |    Interval   | Pipeline|
        |                              Instance                             |                             Module                             |   min   |   max   |    min    |    max    | min |   max   |   Type  |
        +-------------------------------------------------------------------+----------------------------------------------------------------+---------+---------+-----------+-----------+-----+---------+---------+
        |entry_proc30_U0                                                    |entry_proc30                                                    |        0|        0|       0 ns|       0 ns|    0|        0|       no|
        |colorthresholding_9_0_3_2160_3840_1_Loop_VITIS_LOOP_138_1_proc_U0  |colorthresholding_9_0_3_2160_3840_1_Loop_VITIS_LOOP_138_1_proc  |       87|       87|   0.318 us|   0.318 us|   87|       87|       no|
        |colorthresholding_9_0_3_2160_3840_1_Block_split2_proc_U0           |colorthresholding_9_0_3_2160_3840_1_Block_split2_proc           |        0|        0|       0 ns|       0 ns|    0|        0|       no|
        |xFInRange_9_0_2160_3840_15_0_1_9_1_3_U0                            |xFInRange_9_0_2160_3840_15_0_1_9_1_3_s                          |        6|  8294407|  21.898 ns|  30.272 ms|    6|  8294407|       no|
        +-------------------------------------------------------------------+----------------------------------------------------------------+---------+---------+-----------+-----------+-----+---------+---------+

        * Loop: 
        N/A



================================================================
== Utilization Estimates
================================================================
* Summary: 
+---------------------+---------+------+---------+--------+-----+
|         Name        | BRAM_18K|  DSP |    FF   |   LUT  | URAM|
+---------------------+---------+------+---------+--------+-----+
|DSP                  |        -|     -|        -|       -|    -|
|Expression           |        -|     -|        0|     172|    -|
|FIFO                 |        -|     -|      802|     624|    -|
|Instance             |        -|     1|     1243|    1767|    -|
|Memory               |        -|     -|        -|       -|    -|
|Multiplexer          |        -|     -|        -|     360|    -|
|Register             |        -|     -|       40|       -|    -|
+---------------------+---------+------+---------+--------+-----+
|Total                |        0|     1|     2085|    2923|    0|
+---------------------+---------+------+---------+--------+-----+
|Available SLR        |     1344|  2976|   871680|  435840|  320|
+---------------------+---------+------+---------+--------+-----+
|Utilization SLR (%)  |        0|    ~0|       ~0|      ~0|    0|
+---------------------+---------+------+---------+--------+-----+
|Available            |     2688|  5952|  1743360|  871680|  640|
+---------------------+---------+------+---------+--------+-----+
|Utilization (%)      |        0|    ~0|       ~0|      ~0|    0|
+---------------------+---------+------+---------+--------+-----+

+ Detail: 
    * Instance: 
    +-------------------------------------------------------------------+----------------------------------------------------------------+---------+----+-----+------+-----+
    |                              Instance                             |                             Module                             | BRAM_18K| DSP|  FF |  LUT | URAM|
    +-------------------------------------------------------------------+----------------------------------------------------------------+---------+----+-----+------+-----+
    |colorthresholding_9_0_3_2160_3840_1_Block_split2_proc_U0           |colorthresholding_9_0_3_2160_3840_1_Block_split2_proc           |        0|   0|  178|   209|    0|
    |colorthresholding_9_0_3_2160_3840_1_Loop_VITIS_LOOP_138_1_proc_U0  |colorthresholding_9_0_3_2160_3840_1_Loop_VITIS_LOOP_138_1_proc  |        0|   0|  984|  1082|    0|
    |entry_proc30_U0                                                    |entry_proc30                                                    |        0|   0|    2|    29|    0|
    |xFInRange_9_0_2160_3840_15_0_1_9_1_3_U0                            |xFInRange_9_0_2160_3840_15_0_1_9_1_3_s                          |        0|   1|   79|   447|    0|
    +-------------------------------------------------------------------+----------------------------------------------------------------+---------+----+-----+------+-----+
    |Total                                                              |                                                                |        0|   1| 1243|  1767|    0|
    +-------------------------------------------------------------------+----------------------------------------------------------------+---------+----+-----+------+-----+

    * DSP: 
    N/A

    * Memory: 
    N/A

    * FIFO: 
    +--------------------------+---------+----+----+-----+------+-----+---------+
    |           Name           | BRAM_18K| FF | LUT| URAM| Depth| Bits| Size:D*B|
    +--------------------------+---------+----+----+-----+------+-----+---------+
    |high_th_0_1_U             |        0|  20|   0|    -|     2|    8|       16|
    |high_th_0_2_U             |        0|  20|   0|    -|     2|    8|       16|
    |high_th_0_U               |        0|  20|   0|    -|     2|    8|       16|
    |high_th_1_1_U             |        0|  20|   0|    -|     2|    8|       16|
    |high_th_1_2_U             |        0|  20|   0|    -|     2|    8|       16|
    |high_th_1_U               |        0|  20|   0|    -|     2|    8|       16|
    |high_th_2_1_U             |        0|  20|   0|    -|     2|    8|       16|
    |high_th_2_2_U             |        0|  20|   0|    -|     2|    8|       16|
    |high_th_2_U               |        0|  20|   0|    -|     2|    8|       16|
    |img_height_loc_channel_U  |        0|  36|   0|    -|     2|   16|       32|
    |img_width_loc_channel_U   |        0|  36|   0|    -|     2|   16|       32|
    |low_th_0_1_U              |        0|  20|   0|    -|     2|    8|       16|
    |low_th_0_2_U              |        0|  20|   0|    -|     2|    8|       16|
    |low_th_0_U                |        0|  20|   0|    -|     2|    8|       16|
    |low_th_1_1_U              |        0|  20|   0|    -|     2|    8|       16|
    |low_th_1_2_U              |        0|  20|   0|    -|     2|    8|       16|
    |low_th_1_U                |        0|  20|   0|    -|     2|    8|       16|
    |low_th_2_1_U              |        0|  20|   0|    -|     2|    8|       16|
    |low_th_2_2_U              |        0|  20|   0|    -|     2|    8|       16|
    |low_th_2_U                |        0|  20|   0|    -|     2|    8|       16|
    |p_loc10_0_loc_channel_U   |        0|  20|   0|    -|     2|    8|       16|
    |p_loc11_0_loc_channel_U   |        0|  20|   0|    -|     2|    8|       16|
    |p_loc12_0_loc_channel_U   |        0|  20|   0|    -|     2|    8|       16|
    |p_loc13_0_loc_channel_U   |        0|  20|   0|    -|     2|    8|       16|
    |p_loc14_0_loc_channel_U   |        0|  20|   0|    -|     2|    8|       16|
    |p_loc15_0_loc_channel_U   |        0|  20|   0|    -|     2|    8|       16|
    |p_loc16_0_loc_channel_U   |        0|  20|   0|    -|     2|    8|       16|
    |p_loc17_0_loc_channel_U   |        0|  20|   0|    -|     2|    8|       16|
    |p_loc1_0_loc_channel_U    |        0|  20|   0|    -|     2|    8|       16|
    |p_loc2_0_loc_channel_U    |        0|  20|   0|    -|     2|    8|       16|
    |p_loc3_0_loc_channel_U    |        0|  20|   0|    -|     2|    8|       16|
    |p_loc4_0_loc_channel_U    |        0|  20|   0|    -|     2|    8|       16|
    |p_loc5_0_loc_channel_U    |        0|  20|   0|    -|     2|    8|       16|
    |p_loc6_0_loc_channel_U    |        0|  20|   0|    -|     2|    8|       16|
    |p_loc7_0_loc_channel_U    |        0|  20|   0|    -|     2|    8|       16|
    |p_loc8_0_loc_channel_U    |        0|  20|   0|    -|     2|    8|       16|
    |p_loc9_0_loc_channel_U    |        0|  20|   0|    -|     2|    8|       16|
    |p_loc_0_loc_channel_U     |        0|  20|   0|    -|     2|    8|       16|
    |p_src_mat_cols_c_U        |        0|   5|   0|    -|     3|   16|       48|
    |p_src_mat_rows_c_U        |        0|   5|   0|    -|     3|   16|       48|
    +--------------------------+---------+----+----+-----+------+-----+---------+
    |Total                     |        0| 802|   0|    0|    82|  352|      736|
    +--------------------------+---------+----+----+-----+------+-----+---------+

    * Expression: 
    +------------------------------------------------------------------------------------+----------+----+---+----+------------+------------+
    |                                    Variable Name                                   | Operation| DSP| FF| LUT| Bitwidth P0| Bitwidth P1|
    +------------------------------------------------------------------------------------+----------+----+---+----+------------+------------+
    |ap_channel_done_high_th_0                                                           |       and|   0|  0|   2|           1|           1|
    |ap_channel_done_high_th_0_1                                                         |       and|   0|  0|   2|           1|           1|
    |ap_channel_done_high_th_0_2                                                         |       and|   0|  0|   2|           1|           1|
    |ap_channel_done_high_th_1                                                           |       and|   0|  0|   2|           1|           1|
    |ap_channel_done_high_th_1_1                                                         |       and|   0|  0|   2|           1|           1|
    |ap_channel_done_high_th_1_2                                                         |       and|   0|  0|   2|           1|           1|
    |ap_channel_done_high_th_2                                                           |       and|   0|  0|   2|           1|           1|
    |ap_channel_done_high_th_2_1                                                         |       and|   0|  0|   2|           1|           1|
    |ap_channel_done_high_th_2_2                                                         |       and|   0|  0|   2|           1|           1|
    |ap_channel_done_img_height_loc_channel                                              |       and|   0|  0|   2|           1|           1|
    |ap_channel_done_img_width_loc_channel                                               |       and|   0|  0|   2|           1|           1|
    |ap_channel_done_low_th_0                                                            |       and|   0|  0|   2|           1|           1|
    |ap_channel_done_low_th_0_1                                                          |       and|   0|  0|   2|           1|           1|
    |ap_channel_done_low_th_0_2                                                          |       and|   0|  0|   2|           1|           1|
    |ap_channel_done_low_th_1                                                            |       and|   0|  0|   2|           1|           1|
    |ap_channel_done_low_th_1_1                                                          |       and|   0|  0|   2|           1|           1|
    |ap_channel_done_low_th_1_2                                                          |       and|   0|  0|   2|           1|           1|
    |ap_channel_done_low_th_2                                                            |       and|   0|  0|   2|           1|           1|
    |ap_channel_done_low_th_2_1                                                          |       and|   0|  0|   2|           1|           1|
    |ap_channel_done_low_th_2_2                                                          |       and|   0|  0|   2|           1|           1|
    |ap_channel_done_p_loc10_0_loc_channel                                               |       and|   0|  0|   2|           1|           1|
    |ap_channel_done_p_loc11_0_loc_channel                                               |       and|   0|  0|   2|           1|           1|
    |ap_channel_done_p_loc12_0_loc_channel                                               |       and|   0|  0|   2|           1|           1|
    |ap_channel_done_p_loc13_0_loc_channel                                               |       and|   0|  0|   2|           1|           1|
    |ap_channel_done_p_loc14_0_loc_channel                                               |       and|   0|  0|   2|           1|           1|
    |ap_channel_done_p_loc15_0_loc_channel                                               |       and|   0|  0|   2|           1|           1|
    |ap_channel_done_p_loc16_0_loc_channel                                               |       and|   0|  0|   2|           1|           1|
    |ap_channel_done_p_loc17_0_loc_channel                                               |       and|   0|  0|   2|           1|           1|
    |ap_channel_done_p_loc1_0_loc_channel                                                |       and|   0|  0|   2|           1|           1|
    |ap_channel_done_p_loc2_0_loc_channel                                                |       and|   0|  0|   2|           1|           1|
    |ap_channel_done_p_loc3_0_loc_channel                                                |       and|   0|  0|   2|           1|           1|
    |ap_channel_done_p_loc4_0_loc_channel                                                |       and|   0|  0|   2|           1|           1|
    |ap_channel_done_p_loc5_0_loc_channel                                                |       and|   0|  0|   2|           1|           1|
    |ap_channel_done_p_loc6_0_loc_channel                                                |       and|   0|  0|   2|           1|           1|
    |ap_channel_done_p_loc7_0_loc_channel                                                |       and|   0|  0|   2|           1|           1|
    |ap_channel_done_p_loc8_0_loc_channel                                                |       and|   0|  0|   2|           1|           1|
    |ap_channel_done_p_loc9_0_loc_channel                                                |       and|   0|  0|   2|           1|           1|
    |ap_channel_done_p_loc_0_loc_channel                                                 |       and|   0|  0|   2|           1|           1|
    |ap_idle                                                                             |       and|   0|  0|   2|           1|           1|
    |ap_sync_ready                                                                       |       and|   0|  0|   2|           1|           1|
    |colorthresholding_9_0_3_2160_3840_1_Block_split2_proc_U0_ap_continue                |       and|   0|  0|   2|           1|           1|
    |colorthresholding_9_0_3_2160_3840_1_Block_split2_proc_U0_ap_start                   |       and|   0|  0|   2|           1|           1|
    |colorthresholding_9_0_3_2160_3840_1_Loop_VITIS_LOOP_138_1_proc_U0_ap_continue       |       and|   0|  0|   2|           1|           1|
    |colorthresholding_9_0_3_2160_3840_1_Loop_VITIS_LOOP_138_1_proc_U0_ap_start          |       and|   0|  0|   2|           1|           1|
    |entry_proc30_U0_ap_start                                                            |       and|   0|  0|   2|           1|           1|
    |xFInRange_9_0_2160_3840_15_0_1_9_1_3_U0_ap_start                                    |       and|   0|  0|   2|           1|           1|
    |ap_sync_channel_write_high_th_0                                                     |        or|   0|  0|   2|           1|           1|
    |ap_sync_channel_write_high_th_0_1                                                   |        or|   0|  0|   2|           1|           1|
    |ap_sync_channel_write_high_th_0_2                                                   |        or|   0|  0|   2|           1|           1|
    |ap_sync_channel_write_high_th_1                                                     |        or|   0|  0|   2|           1|           1|
    |ap_sync_channel_write_high_th_1_1                                                   |        or|   0|  0|   2|           1|           1|
    |ap_sync_channel_write_high_th_1_2                                                   |        or|   0|  0|   2|           1|           1|
    |ap_sync_channel_write_high_th_2                                                     |        or|   0|  0|   2|           1|           1|
    |ap_sync_channel_write_high_th_2_1                                                   |        or|   0|  0|   2|           1|           1|
    |ap_sync_channel_write_high_th_2_2                                                   |        or|   0|  0|   2|           1|           1|
    |ap_sync_channel_write_img_height_loc_channel                                        |        or|   0|  0|   2|           1|           1|
    |ap_sync_channel_write_img_width_loc_channel                                         |        or|   0|  0|   2|           1|           1|
    |ap_sync_channel_write_low_th_0                                                      |        or|   0|  0|   2|           1|           1|
    |ap_sync_channel_write_low_th_0_1                                                    |        or|   0|  0|   2|           1|           1|
    |ap_sync_channel_write_low_th_0_2                                                    |        or|   0|  0|   2|           1|           1|
    |ap_sync_channel_write_low_th_1                                                      |        or|   0|  0|   2|           1|           1|
    |ap_sync_channel_write_low_th_1_1                                                    |        or|   0|  0|   2|           1|           1|
    |ap_sync_channel_write_low_th_1_2                                                    |        or|   0|  0|   2|           1|           1|
    |ap_sync_channel_write_low_th_2                                                      |        or|   0|  0|   2|           1|           1|
    |ap_sync_channel_write_low_th_2_1                                                    |        or|   0|  0|   2|           1|           1|
    |ap_sync_channel_write_low_th_2_2                                                    |        or|   0|  0|   2|           1|           1|
    |ap_sync_channel_write_p_loc10_0_loc_channel                                         |        or|   0|  0|   2|           1|           1|
    |ap_sync_channel_write_p_loc11_0_loc_channel                                         |        or|   0|  0|   2|           1|           1|
    |ap_sync_channel_write_p_loc12_0_loc_channel                                         |        or|   0|  0|   2|           1|           1|
    |ap_sync_channel_write_p_loc13_0_loc_channel                                         |        or|   0|  0|   2|           1|           1|
    |ap_sync_channel_write_p_loc14_0_loc_channel                                         |        or|   0|  0|   2|           1|           1|
    |ap_sync_channel_write_p_loc15_0_loc_channel                                         |        or|   0|  0|   2|           1|           1|
    |ap_sync_channel_write_p_loc16_0_loc_channel                                         |        or|   0|  0|   2|           1|           1|
    |ap_sync_channel_write_p_loc17_0_loc_channel                                         |        or|   0|  0|   2|           1|           1|
    |ap_sync_channel_write_p_loc1_0_loc_channel                                          |        or|   0|  0|   2|           1|           1|
    |ap_sync_channel_write_p_loc2_0_loc_channel                                          |        or|   0|  0|   2|           1|           1|
    |ap_sync_channel_write_p_loc3_0_loc_channel                                          |        or|   0|  0|   2|           1|           1|
    |ap_sync_channel_write_p_loc4_0_loc_channel                                          |        or|   0|  0|   2|           1|           1|
    |ap_sync_channel_write_p_loc5_0_loc_channel                                          |        or|   0|  0|   2|           1|           1|
    |ap_sync_channel_write_p_loc6_0_loc_channel                                          |        or|   0|  0|   2|           1|           1|
    |ap_sync_channel_write_p_loc7_0_loc_channel                                          |        or|   0|  0|   2|           1|           1|
    |ap_sync_channel_write_p_loc8_0_loc_channel                                          |        or|   0|  0|   2|           1|           1|
    |ap_sync_channel_write_p_loc9_0_loc_channel                                          |        or|   0|  0|   2|           1|           1|
    |ap_sync_channel_write_p_loc_0_loc_channel                                           |        or|   0|  0|   2|           1|           1|
    |ap_sync_colorthresholding_9_0_3_2160_3840_1_Loop_VITIS_LOOP_138_1_proc_U0_ap_ready  |        or|   0|  0|   2|           1|           1|
    |ap_sync_entry_proc30_U0_ap_ready                                                    |        or|   0|  0|   2|           1|           1|
    +------------------------------------------------------------------------------------+----------+----+---+----+------------+------------+
    |Total                                                                               |          |   0|  0| 172|          86|          86|
    +------------------------------------------------------------------------------------+----------+----+---+----+------------+------------+

    * Multiplexer: 
    +----------------------------------------------------------------------------------------+----+-----------+-----+-----------+
    |                                          Name                                          | LUT| Input Size| Bits| Total Bits|
    +----------------------------------------------------------------------------------------+----+-----------+-----+-----------+
    |ap_sync_reg_channel_write_high_th_0                                                     |   9|          2|    1|          2|
    |ap_sync_reg_channel_write_high_th_0_1                                                   |   9|          2|    1|          2|
    |ap_sync_reg_channel_write_high_th_0_2                                                   |   9|          2|    1|          2|
    |ap_sync_reg_channel_write_high_th_1                                                     |   9|          2|    1|          2|
    |ap_sync_reg_channel_write_high_th_1_1                                                   |   9|          2|    1|          2|
    |ap_sync_reg_channel_write_high_th_1_2                                                   |   9|          2|    1|          2|
    |ap_sync_reg_channel_write_high_th_2                                                     |   9|          2|    1|          2|
    |ap_sync_reg_channel_write_high_th_2_1                                                   |   9|          2|    1|          2|
    |ap_sync_reg_channel_write_high_th_2_2                                                   |   9|          2|    1|          2|
    |ap_sync_reg_channel_write_img_height_loc_channel                                        |   9|          2|    1|          2|
    |ap_sync_reg_channel_write_img_width_loc_channel                                         |   9|          2|    1|          2|
    |ap_sync_reg_channel_write_low_th_0                                                      |   9|          2|    1|          2|
    |ap_sync_reg_channel_write_low_th_0_1                                                    |   9|          2|    1|          2|
    |ap_sync_reg_channel_write_low_th_0_2                                                    |   9|          2|    1|          2|
    |ap_sync_reg_channel_write_low_th_1                                                      |   9|          2|    1|          2|
    |ap_sync_reg_channel_write_low_th_1_1                                                    |   9|          2|    1|          2|
    |ap_sync_reg_channel_write_low_th_1_2                                                    |   9|          2|    1|          2|
    |ap_sync_reg_channel_write_low_th_2                                                      |   9|          2|    1|          2|
    |ap_sync_reg_channel_write_low_th_2_1                                                    |   9|          2|    1|          2|
    |ap_sync_reg_channel_write_low_th_2_2                                                    |   9|          2|    1|          2|
    |ap_sync_reg_channel_write_p_loc10_0_loc_channel                                         |   9|          2|    1|          2|
    |ap_sync_reg_channel_write_p_loc11_0_loc_channel                                         |   9|          2|    1|          2|
    |ap_sync_reg_channel_write_p_loc12_0_loc_channel                                         |   9|          2|    1|          2|
    |ap_sync_reg_channel_write_p_loc13_0_loc_channel                                         |   9|          2|    1|          2|
    |ap_sync_reg_channel_write_p_loc14_0_loc_channel                                         |   9|          2|    1|          2|
    |ap_sync_reg_channel_write_p_loc15_0_loc_channel                                         |   9|          2|    1|          2|
    |ap_sync_reg_channel_write_p_loc16_0_loc_channel                                         |   9|          2|    1|          2|
    |ap_sync_reg_channel_write_p_loc17_0_loc_channel                                         |   9|          2|    1|          2|
    |ap_sync_reg_channel_write_p_loc1_0_loc_channel                                          |   9|          2|    1|          2|
    |ap_sync_reg_channel_write_p_loc2_0_loc_channel                                          |   9|          2|    1|          2|
    |ap_sync_reg_channel_write_p_loc3_0_loc_channel                                          |   9|          2|    1|          2|
    |ap_sync_reg_channel_write_p_loc4_0_loc_channel                                          |   9|          2|    1|          2|
    |ap_sync_reg_channel_write_p_loc5_0_loc_channel                                          |   9|          2|    1|          2|
    |ap_sync_reg_channel_write_p_loc6_0_loc_channel                                          |   9|          2|    1|          2|
    |ap_sync_reg_channel_write_p_loc7_0_loc_channel                                          |   9|          2|    1|          2|
    |ap_sync_reg_channel_write_p_loc8_0_loc_channel                                          |   9|          2|    1|          2|
    |ap_sync_reg_channel_write_p_loc9_0_loc_channel                                          |   9|          2|    1|          2|
    |ap_sync_reg_channel_write_p_loc_0_loc_channel                                           |   9|          2|    1|          2|
    |ap_sync_reg_colorthresholding_9_0_3_2160_3840_1_Loop_VITIS_LOOP_138_1_proc_U0_ap_ready  |   9|          2|    1|          2|
    |ap_sync_reg_entry_proc30_U0_ap_ready                                                    |   9|          2|    1|          2|
    +----------------------------------------------------------------------------------------+----+-----------+-----+-----------+
    |Total                                                                                   | 360|         80|   40|         80|
    +----------------------------------------------------------------------------------------+----+-----------+-----+-----------+

    * Register: 
    +----------------------------------------------------------------------------------------+---+----+-----+-----------+
    |                                          Name                                          | FF| LUT| Bits| Const Bits|
    +----------------------------------------------------------------------------------------+---+----+-----+-----------+
    |ap_sync_reg_channel_write_high_th_0                                                     |  1|   0|    1|          0|
    |ap_sync_reg_channel_write_high_th_0_1                                                   |  1|   0|    1|          0|
    |ap_sync_reg_channel_write_high_th_0_2                                                   |  1|   0|    1|          0|
    |ap_sync_reg_channel_write_high_th_1                                                     |  1|   0|    1|          0|
    |ap_sync_reg_channel_write_high_th_1_1                                                   |  1|   0|    1|          0|
    |ap_sync_reg_channel_write_high_th_1_2                                                   |  1|   0|    1|          0|
    |ap_sync_reg_channel_write_high_th_2                                                     |  1|   0|    1|          0|
    |ap_sync_reg_channel_write_high_th_2_1                                                   |  1|   0|    1|          0|
    |ap_sync_reg_channel_write_high_th_2_2                                                   |  1|   0|    1|          0|
    |ap_sync_reg_channel_write_img_height_loc_channel                                        |  1|   0|    1|          0|
    |ap_sync_reg_channel_write_img_width_loc_channel                                         |  1|   0|    1|          0|
    |ap_sync_reg_channel_write_low_th_0                                                      |  1|   0|    1|          0|
    |ap_sync_reg_channel_write_low_th_0_1                                                    |  1|   0|    1|          0|
    |ap_sync_reg_channel_write_low_th_0_2                                                    |  1|   0|    1|          0|
    |ap_sync_reg_channel_write_low_th_1                                                      |  1|   0|    1|          0|
    |ap_sync_reg_channel_write_low_th_1_1                                                    |  1|   0|    1|          0|
    |ap_sync_reg_channel_write_low_th_1_2                                                    |  1|   0|    1|          0|
    |ap_sync_reg_channel_write_low_th_2                                                      |  1|   0|    1|          0|
    |ap_sync_reg_channel_write_low_th_2_1                                                    |  1|   0|    1|          0|
    |ap_sync_reg_channel_write_low_th_2_2                                                    |  1|   0|    1|          0|
    |ap_sync_reg_channel_write_p_loc10_0_loc_channel                                         |  1|   0|    1|          0|
    |ap_sync_reg_channel_write_p_loc11_0_loc_channel                                         |  1|   0|    1|          0|
    |ap_sync_reg_channel_write_p_loc12_0_loc_channel                                         |  1|   0|    1|          0|
    |ap_sync_reg_channel_write_p_loc13_0_loc_channel                                         |  1|   0|    1|          0|
    |ap_sync_reg_channel_write_p_loc14_0_loc_channel                                         |  1|   0|    1|          0|
    |ap_sync_reg_channel_write_p_loc15_0_loc_channel                                         |  1|   0|    1|          0|
    |ap_sync_reg_channel_write_p_loc16_0_loc_channel                                         |  1|   0|    1|          0|
    |ap_sync_reg_channel_write_p_loc17_0_loc_channel                                         |  1|   0|    1|          0|
    |ap_sync_reg_channel_write_p_loc1_0_loc_channel                                          |  1|   0|    1|          0|
    |ap_sync_reg_channel_write_p_loc2_0_loc_channel                                          |  1|   0|    1|          0|
    |ap_sync_reg_channel_write_p_loc3_0_loc_channel                                          |  1|   0|    1|          0|
    |ap_sync_reg_channel_write_p_loc4_0_loc_channel                                          |  1|   0|    1|          0|
    |ap_sync_reg_channel_write_p_loc5_0_loc_channel                                          |  1|   0|    1|          0|
    |ap_sync_reg_channel_write_p_loc6_0_loc_channel                                          |  1|   0|    1|          0|
    |ap_sync_reg_channel_write_p_loc7_0_loc_channel                                          |  1|   0|    1|          0|
    |ap_sync_reg_channel_write_p_loc8_0_loc_channel                                          |  1|   0|    1|          0|
    |ap_sync_reg_channel_write_p_loc9_0_loc_channel                                          |  1|   0|    1|          0|
    |ap_sync_reg_channel_write_p_loc_0_loc_channel                                           |  1|   0|    1|          0|
    |ap_sync_reg_colorthresholding_9_0_3_2160_3840_1_Loop_VITIS_LOOP_138_1_proc_U0_ap_ready  |  1|   0|    1|          0|
    |ap_sync_reg_entry_proc30_U0_ap_ready                                                    |  1|   0|    1|          0|
    +----------------------------------------------------------------------------------------+---+----+-----+-----------+
    |Total                                                                                   | 40|   0|   40|          0|
    +----------------------------------------------------------------------------------------+---+----+-----+-----------+



================================================================
== Interface
================================================================
* Summary: 
+------------------------+-----+-----+------------+-------------------------------------------+--------------+
|        RTL Ports       | Dir | Bits|  Protocol  |               Source Object               |    C Type    |
+------------------------+-----+-----+------------+-------------------------------------------+--------------+
|p_read                  |   in|   32|     ap_none|                                     p_read|        scalar|
|p_read_ap_vld           |   in|    1|     ap_none|                                     p_read|        scalar|
|p_read1                 |   in|   32|     ap_none|                                    p_read1|        scalar|
|p_read1_ap_vld          |   in|    1|     ap_none|                                    p_read1|        scalar|
|rgb2hsv_4100_dout       |   in|   24|     ap_fifo|                               rgb2hsv_4100|       pointer|
|rgb2hsv_4100_empty_n    |   in|    1|     ap_fifo|                               rgb2hsv_4100|       pointer|
|rgb2hsv_4100_read       |  out|    1|     ap_fifo|                               rgb2hsv_4100|       pointer|
|imgHelper1_4101_din     |  out|    8|     ap_fifo|                            imgHelper1_4101|       pointer|
|imgHelper1_4101_full_n  |   in|    1|     ap_fifo|                            imgHelper1_4101|       pointer|
|imgHelper1_4101_write   |  out|    1|     ap_fifo|                            imgHelper1_4101|       pointer|
|m_axi_gmem1_AWVALID     |  out|    1|       m_axi|                                      gmem1|       pointer|
|m_axi_gmem1_AWREADY     |   in|    1|       m_axi|                                      gmem1|       pointer|
|m_axi_gmem1_AWADDR      |  out|   64|       m_axi|                                      gmem1|       pointer|
|m_axi_gmem1_AWID        |  out|    1|       m_axi|                                      gmem1|       pointer|
|m_axi_gmem1_AWLEN       |  out|   32|       m_axi|                                      gmem1|       pointer|
|m_axi_gmem1_AWSIZE      |  out|    3|       m_axi|                                      gmem1|       pointer|
|m_axi_gmem1_AWBURST     |  out|    2|       m_axi|                                      gmem1|       pointer|
|m_axi_gmem1_AWLOCK      |  out|    2|       m_axi|                                      gmem1|       pointer|
|m_axi_gmem1_AWCACHE     |  out|    4|       m_axi|                                      gmem1|       pointer|
|m_axi_gmem1_AWPROT      |  out|    3|       m_axi|                                      gmem1|       pointer|
|m_axi_gmem1_AWQOS       |  out|    4|       m_axi|                                      gmem1|       pointer|
|m_axi_gmem1_AWREGION    |  out|    4|       m_axi|                                      gmem1|       pointer|
|m_axi_gmem1_AWUSER      |  out|    1|       m_axi|                                      gmem1|       pointer|
|m_axi_gmem1_WVALID      |  out|    1|       m_axi|                                      gmem1|       pointer|
|m_axi_gmem1_WREADY      |   in|    1|       m_axi|                                      gmem1|       pointer|
|m_axi_gmem1_WDATA       |  out|    8|       m_axi|                                      gmem1|       pointer|
|m_axi_gmem1_WSTRB       |  out|    1|       m_axi|                                      gmem1|       pointer|
|m_axi_gmem1_WLAST       |  out|    1|       m_axi|                                      gmem1|       pointer|
|m_axi_gmem1_WID         |  out|    1|       m_axi|                                      gmem1|       pointer|
|m_axi_gmem1_WUSER       |  out|    1|       m_axi|                                      gmem1|       pointer|
|m_axi_gmem1_ARVALID     |  out|    1|       m_axi|                                      gmem1|       pointer|
|m_axi_gmem1_ARREADY     |   in|    1|       m_axi|                                      gmem1|       pointer|
|m_axi_gmem1_ARADDR      |  out|   64|       m_axi|                                      gmem1|       pointer|
|m_axi_gmem1_ARID        |  out|    1|       m_axi|                                      gmem1|       pointer|
|m_axi_gmem1_ARLEN       |  out|   32|       m_axi|                                      gmem1|       pointer|
|m_axi_gmem1_ARSIZE      |  out|    3|       m_axi|                                      gmem1|       pointer|
|m_axi_gmem1_ARBURST     |  out|    2|       m_axi|                                      gmem1|       pointer|
|m_axi_gmem1_ARLOCK      |  out|    2|       m_axi|                                      gmem1|       pointer|
|m_axi_gmem1_ARCACHE     |  out|    4|       m_axi|                                      gmem1|       pointer|
|m_axi_gmem1_ARPROT      |  out|    3|       m_axi|                                      gmem1|       pointer|
|m_axi_gmem1_ARQOS       |  out|    4|       m_axi|                                      gmem1|       pointer|
|m_axi_gmem1_ARREGION    |  out|    4|       m_axi|                                      gmem1|       pointer|
|m_axi_gmem1_ARUSER      |  out|    1|       m_axi|                                      gmem1|       pointer|
|m_axi_gmem1_RVALID      |   in|    1|       m_axi|                                      gmem1|       pointer|
|m_axi_gmem1_RREADY      |  out|    1|       m_axi|                                      gmem1|       pointer|
|m_axi_gmem1_RDATA       |   in|    8|       m_axi|                                      gmem1|       pointer|
|m_axi_gmem1_RLAST       |   in|    1|       m_axi|                                      gmem1|       pointer|
|m_axi_gmem1_RID         |   in|    1|       m_axi|                                      gmem1|       pointer|
|m_axi_gmem1_RFIFONUM    |   in|   11|       m_axi|                                      gmem1|       pointer|
|m_axi_gmem1_RUSER       |   in|    1|       m_axi|                                      gmem1|       pointer|
|m_axi_gmem1_RRESP       |   in|    2|       m_axi|                                      gmem1|       pointer|
|m_axi_gmem1_BVALID      |   in|    1|       m_axi|                                      gmem1|       pointer|
|m_axi_gmem1_BREADY      |  out|    1|       m_axi|                                      gmem1|       pointer|
|m_axi_gmem1_BRESP       |   in|    2|       m_axi|                                      gmem1|       pointer|
|m_axi_gmem1_BID         |   in|    1|       m_axi|                                      gmem1|       pointer|
|m_axi_gmem1_BUSER       |   in|    1|       m_axi|                                      gmem1|       pointer|
|low_thresh              |   in|   64|     ap_none|                                 low_thresh|        scalar|
|low_thresh_ap_vld       |   in|    1|     ap_none|                                 low_thresh|        scalar|
|m_axi_gmem2_AWVALID     |  out|    1|       m_axi|                                      gmem2|       pointer|
|m_axi_gmem2_AWREADY     |   in|    1|       m_axi|                                      gmem2|       pointer|
|m_axi_gmem2_AWADDR      |  out|   64|       m_axi|                                      gmem2|       pointer|
|m_axi_gmem2_AWID        |  out|    1|       m_axi|                                      gmem2|       pointer|
|m_axi_gmem2_AWLEN       |  out|   32|       m_axi|                                      gmem2|       pointer|
|m_axi_gmem2_AWSIZE      |  out|    3|       m_axi|                                      gmem2|       pointer|
|m_axi_gmem2_AWBURST     |  out|    2|       m_axi|                                      gmem2|       pointer|
|m_axi_gmem2_AWLOCK      |  out|    2|       m_axi|                                      gmem2|       pointer|
|m_axi_gmem2_AWCACHE     |  out|    4|       m_axi|                                      gmem2|       pointer|
|m_axi_gmem2_AWPROT      |  out|    3|       m_axi|                                      gmem2|       pointer|
|m_axi_gmem2_AWQOS       |  out|    4|       m_axi|                                      gmem2|       pointer|
|m_axi_gmem2_AWREGION    |  out|    4|       m_axi|                                      gmem2|       pointer|
|m_axi_gmem2_AWUSER      |  out|    1|       m_axi|                                      gmem2|       pointer|
|m_axi_gmem2_WVALID      |  out|    1|       m_axi|                                      gmem2|       pointer|
|m_axi_gmem2_WREADY      |   in|    1|       m_axi|                                      gmem2|       pointer|
|m_axi_gmem2_WDATA       |  out|    8|       m_axi|                                      gmem2|       pointer|
|m_axi_gmem2_WSTRB       |  out|    1|       m_axi|                                      gmem2|       pointer|
|m_axi_gmem2_WLAST       |  out|    1|       m_axi|                                      gmem2|       pointer|
|m_axi_gmem2_WID         |  out|    1|       m_axi|                                      gmem2|       pointer|
|m_axi_gmem2_WUSER       |  out|    1|       m_axi|                                      gmem2|       pointer|
|m_axi_gmem2_ARVALID     |  out|    1|       m_axi|                                      gmem2|       pointer|
|m_axi_gmem2_ARREADY     |   in|    1|       m_axi|                                      gmem2|       pointer|
|m_axi_gmem2_ARADDR      |  out|   64|       m_axi|                                      gmem2|       pointer|
|m_axi_gmem2_ARID        |  out|    1|       m_axi|                                      gmem2|       pointer|
|m_axi_gmem2_ARLEN       |  out|   32|       m_axi|                                      gmem2|       pointer|
|m_axi_gmem2_ARSIZE      |  out|    3|       m_axi|                                      gmem2|       pointer|
|m_axi_gmem2_ARBURST     |  out|    2|       m_axi|                                      gmem2|       pointer|
|m_axi_gmem2_ARLOCK      |  out|    2|       m_axi|                                      gmem2|       pointer|
|m_axi_gmem2_ARCACHE     |  out|    4|       m_axi|                                      gmem2|       pointer|
|m_axi_gmem2_ARPROT      |  out|    3|       m_axi|                                      gmem2|       pointer|
|m_axi_gmem2_ARQOS       |  out|    4|       m_axi|                                      gmem2|       pointer|
|m_axi_gmem2_ARREGION    |  out|    4|       m_axi|                                      gmem2|       pointer|
|m_axi_gmem2_ARUSER      |  out|    1|       m_axi|                                      gmem2|       pointer|
|m_axi_gmem2_RVALID      |   in|    1|       m_axi|                                      gmem2|       pointer|
|m_axi_gmem2_RREADY      |  out|    1|       m_axi|                                      gmem2|       pointer|
|m_axi_gmem2_RDATA       |   in|    8|       m_axi|                                      gmem2|       pointer|
|m_axi_gmem2_RLAST       |   in|    1|       m_axi|                                      gmem2|       pointer|
|m_axi_gmem2_RID         |   in|    1|       m_axi|                                      gmem2|       pointer|
|m_axi_gmem2_RFIFONUM    |   in|   11|       m_axi|                                      gmem2|       pointer|
|m_axi_gmem2_RUSER       |   in|    1|       m_axi|                                      gmem2|       pointer|
|m_axi_gmem2_RRESP       |   in|    2|       m_axi|                                      gmem2|       pointer|
|m_axi_gmem2_BVALID      |   in|    1|       m_axi|                                      gmem2|       pointer|
|m_axi_gmem2_BREADY      |  out|    1|       m_axi|                                      gmem2|       pointer|
|m_axi_gmem2_BRESP       |   in|    2|       m_axi|                                      gmem2|       pointer|
|m_axi_gmem2_BID         |   in|    1|       m_axi|                                      gmem2|       pointer|
|m_axi_gmem2_BUSER       |   in|    1|       m_axi|                                      gmem2|       pointer|
|high_thresh             |   in|   64|     ap_none|                                high_thresh|        scalar|
|high_thresh_ap_vld      |   in|    1|     ap_none|                                high_thresh|        scalar|
|ap_clk                  |   in|    1|  ap_ctrl_hs|  colorthresholding<9, 0, 3, 2160, 3840, 1>|  return value|
|ap_rst                  |   in|    1|  ap_ctrl_hs|  colorthresholding<9, 0, 3, 2160, 3840, 1>|  return value|
|ap_start                |   in|    1|  ap_ctrl_hs|  colorthresholding<9, 0, 3, 2160, 3840, 1>|  return value|
|ap_done                 |  out|    1|  ap_ctrl_hs|  colorthresholding<9, 0, 3, 2160, 3840, 1>|  return value|
|ap_ready                |  out|    1|  ap_ctrl_hs|  colorthresholding<9, 0, 3, 2160, 3840, 1>|  return value|
|ap_idle                 |  out|    1|  ap_ctrl_hs|  colorthresholding<9, 0, 3, 2160, 3840, 1>|  return value|
|ap_continue             |   in|    1|  ap_ctrl_hs|  colorthresholding<9, 0, 3, 2160, 3840, 1>|  return value|
+------------------------+-----+-----+------------+-------------------------------------------+--------------+

