

================================================================
== Vitis HLS Report for 'MatStream2AxiStream_2_Pipeline_MMIterOutRow_MMIterOutCol'
================================================================
* Date:           Sun May  1 11:32:11 2022

* Version:        2021.2 (Build 3367213 on Tue Oct 19 02:47:39 MDT 2021)
* Project:        color_detect
* Solution:       solution (Vitis Kernel Flow Target)
* Product family: virtexuplus
* Target device:  xcu50-fsvh2104-2-e


================================================================
== Performance Estimates
================================================================
+ Timing: 
    * Summary: 
    +--------+---------+----------+------------+
    |  Clock |  Target | Estimated| Uncertainty|
    +--------+---------+----------+------------+
    |ap_clk  |  3.33 ns|  2.405 ns|     0.90 ns|
    +--------+---------+----------+------------+

+ Latency: 
    * Summary: 
    +---------+---------+-----------+-----------+-----+---------+---------+
    |  Latency (cycles) |   Latency (absolute)  |    Interval   | Pipeline|
    |   min   |   max   |    min    |    max    | min |   max   |   Type  |
    +---------+---------+-----------+-----------+-----+---------+---------+
    |        4|  8294403|  13.332 ns|  27.645 ms|    4|  8294403|       no|
    +---------+---------+-----------+-----------+-----+---------+---------+

    + Detail: 
        * Instance: 
        N/A

        * Loop: 
        +-----------------------------+---------+---------+----------+-----------+-----------+-------------+----------+
        |                             |  Latency (cycles) | Iteration|  Initiation Interval  |     Trip    |          |
        |          Loop Name          |   min   |   max   |  Latency |  achieved |   target  |    Count    | Pipelined|
        +-----------------------------+---------+---------+----------+-----------+-----------+-------------+----------+
        |- MMIterOutRow_MMIterOutCol  |        2|  8294401|         3|          1|          1|  1 ~ 8294400|       yes|
        +-----------------------------+---------+---------+----------+-----------+-----------+-------------+----------+



================================================================
== Utilization Estimates
================================================================
* Summary: 
+---------------------+---------+------+---------+--------+-----+
|         Name        | BRAM_18K|  DSP |    FF   |   LUT  | URAM|
+---------------------+---------+------+---------+--------+-----+
|DSP                  |        -|     -|        -|       -|    -|
|Expression           |        -|     -|        0|     298|    -|
|FIFO                 |        -|     -|        -|       -|    -|
|Instance             |        -|     -|        -|       -|    -|
|Memory               |        -|     -|        -|       -|    -|
|Multiplexer          |        -|     -|        -|     118|    -|
|Register             |        -|     -|      103|       -|    -|
+---------------------+---------+------+---------+--------+-----+
|Total                |        0|     0|      103|     416|    0|
+---------------------+---------+------+---------+--------+-----+
|Available SLR        |     1344|  2976|   871680|  435840|  320|
+---------------------+---------+------+---------+--------+-----+
|Utilization SLR (%)  |        0|     0|       ~0|      ~0|    0|
+---------------------+---------+------+---------+--------+-----+
|Available            |     2688|  5952|  1743360|  871680|  640|
+---------------------+---------+------+---------+--------+-----+
|Utilization (%)      |        0|     0|       ~0|      ~0|    0|
+---------------------+---------+------+---------+--------+-----+

+ Detail: 
    * Instance: 
    N/A

    * DSP: 
    N/A

    * Memory: 
    N/A

    * FIFO: 
    N/A

    * Expression: 
    +----------------------------------+----------+----+---+----+------------+------------+
    |           Variable Name          | Operation| DSP| FF| LUT| Bitwidth P0| Bitwidth P1|
    +----------------------------------+----------+----+---+----+------------+------------+
    |add_ln1254_fu_199_p2              |         +|   0|  0|  39|          32|           1|
    |filled_V_2_fu_291_p2              |         +|   0|  0|  12|           4|           4|
    |j_V_1_fu_235_p2                   |         +|   0|  0|  23|          16|           1|
    |ret_43_fu_321_p2                  |         -|   0|  0|  12|           4|           5|
    |sub_ln1277_fu_269_p2              |         -|   0|  0|  12|           4|           5|
    |sub_ln599_fu_342_p2               |         -|   0|  0|  10|           1|           3|
    |ap_block_state3_pp0_stage0_iter2  |       and|   0|  0|   2|           1|           1|
    |ap_block_state4_pp0_stage0_iter3  |       and|   0|  0|   2|           1|           1|
    |ap_condition_170                  |       and|   0|  0|   2|           1|           1|
    |ap_condition_367                  |       and|   0|  0|   2|           1|           1|
    |ap_condition_370                  |       and|   0|  0|   2|           1|           1|
    |ap_predicate_op42_read_state3     |       and|   0|  0|   2|           1|           1|
    |ap_predicate_op62_write_state4    |       and|   0|  0|   2|           1|           1|
    |bLast_fu_225_p2                   |      icmp|   0|  0|  20|          32|          32|
    |icmp_ln1072_11_fu_275_p2          |      icmp|   0|  0|   9|           5|           5|
    |icmp_ln1072_fu_230_p2             |      icmp|   0|  0|  20|          32|          32|
    |icmp_ln1254_fu_194_p2             |      icmp|   0|  0|  20|          32|          32|
    |icmp_ln1259_fu_208_p2             |      icmp|   0|  0|  13|          16|          16|
    |lshr_ln993_fu_362_p2              |      lshr|   0|  0|  16|           8|           8|
    |ap_block_pp0_stage0_01001         |        or|   0|  0|   2|           1|           1|
    |ldata1_din                        |        or|   0|  0|   8|           8|           8|
    |r_1_fu_368_p3                     |    select|   0|  0|   8|           1|           8|
    |select_ln1248_fu_213_p3           |    select|   0|  0|  16|           1|           1|
    |xf_bits_per_clock_fu_251_p3       |    select|   0|  0|   5|           1|           4|
    |shl_ln975_1_fu_352_p2             |       shl|   0|  0|  16|           8|           8|
    |shl_ln975_fu_308_p2               |       shl|   0|  0|  16|           8|           8|
    |ap_enable_pp0                     |       xor|   0|  0|   2|           1|           2|
    |xor_ln229_fu_281_p2               |       xor|   0|  0|   5|           4|           5|
    +----------------------------------+----------+----+---+----+------------+------------+
    |Total                             |          |   0|  0| 298|         226|         196|
    +----------------------------------+----------+----+---+----+------------+------------+

    * Multiplexer: 
    +--------------------------------------------+----+-----------+-----+-----------+
    |                    Name                    | LUT| Input Size| Bits| Total Bits|
    +--------------------------------------------+----+-----------+-----+-----------+
    |ap_done_int                                 |   9|          2|    1|          2|
    |ap_enable_reg_pp0_iter1                     |   9|          2|    1|          2|
    |ap_enable_reg_pp0_iter2                     |   9|          2|    1|          2|
    |ap_phi_mux_conv_i9_i_i663_pn_phi_fu_154_p4  |  14|          3|    4|         12|
    |ap_phi_reg_pp0_iter2_val_V_1_reg_160        |   9|          2|    8|         16|
    |ap_phi_reg_pp0_iter3_val_V_1_reg_160        |   9|          2|    8|         16|
    |filled_V_fu_82                              |   9|          2|    4|          8|
    |imgOutput_4105_blk_n                        |   9|          2|    1|          2|
    |indvar_flatten_fu_90                        |   9|          2|   32|         64|
    |j_V_fu_86                                   |   9|          2|   16|         32|
    |ldata1_blk_n                                |   9|          2|    1|          2|
    |localbuffer_V_fu_78                         |  14|          3|    8|         24|
    +--------------------------------------------+----+-----------+-----+-----------+
    |Total                                       | 118|         26|   85|        182|
    +--------------------------------------------+----+-----------+-----+-----------+

    * Register: 
    +--------------------------------------+----+----+-----+-----------+
    |                 Name                 | FF | LUT| Bits| Const Bits|
    +--------------------------------------+----+----+-----+-----------+
    |ap_CS_fsm                             |   1|   0|    1|          0|
    |ap_done_reg                           |   1|   0|    1|          0|
    |ap_enable_reg_pp0_iter1               |   1|   0|    1|          0|
    |ap_enable_reg_pp0_iter2               |   1|   0|    1|          0|
    |ap_enable_reg_pp0_iter3               |   1|   0|    1|          0|
    |ap_loop_exit_ready_pp0_iter2_reg      |   1|   0|    1|          0|
    |ap_phi_reg_pp0_iter1_val_V_1_reg_160  |   8|   0|    8|          0|
    |ap_phi_reg_pp0_iter2_val_V_1_reg_160  |   8|   0|    8|          0|
    |ap_phi_reg_pp0_iter3_val_V_1_reg_160  |   8|   0|    8|          0|
    |bLast_reg_455                         |   1|   0|    1|          0|
    |filled_V_fu_82                        |   4|   0|    4|          0|
    |filled_V_load_2_reg_469               |   4|   0|    4|          0|
    |icmp_ln1072_11_reg_479                |   1|   0|    1|          0|
    |icmp_ln1072_reg_460                   |   1|   0|    1|          0|
    |icmp_ln1254_reg_451                   |   1|   0|    1|          0|
    |icmp_ln1254_reg_451_pp0_iter2_reg     |   1|   0|    1|          0|
    |indvar_flatten_fu_90                  |  32|   0|   32|          0|
    |j_V_fu_86                             |  16|   0|   16|          0|
    |localbuffer_V_fu_78                   |   8|   0|    8|          0|
    |zext_ln975_1_reg_474                  |   4|   0|    5|          1|
    +--------------------------------------+----+----+-----+-----------+
    |Total                                 | 103|   0|  104|          1|
    +--------------------------------------+----+----+-----+-----------+



================================================================
== Interface
================================================================
* Summary: 
+----------------------------+-----+-----+------------+-----------------------------------------------------------+--------------+
|          RTL Ports         | Dir | Bits|  Protocol  |                       Source Object                       |    C Type    |
+----------------------------+-----+-----+------------+-----------------------------------------------------------+--------------+
|ap_clk                      |   in|    1|  ap_ctrl_hs|  MatStream2AxiStream<2>_Pipeline_MMIterOutRow_MMIterOutCol|  return value|
|ap_rst                      |   in|    1|  ap_ctrl_hs|  MatStream2AxiStream<2>_Pipeline_MMIterOutRow_MMIterOutCol|  return value|
|ap_start                    |   in|    1|  ap_ctrl_hs|  MatStream2AxiStream<2>_Pipeline_MMIterOutRow_MMIterOutCol|  return value|
|ap_done                     |  out|    1|  ap_ctrl_hs|  MatStream2AxiStream<2>_Pipeline_MMIterOutRow_MMIterOutCol|  return value|
|ap_idle                     |  out|    1|  ap_ctrl_hs|  MatStream2AxiStream<2>_Pipeline_MMIterOutRow_MMIterOutCol|  return value|
|ap_ready                    |  out|    1|  ap_ctrl_hs|  MatStream2AxiStream<2>_Pipeline_MMIterOutRow_MMIterOutCol|  return value|
|imgOutput_4105_dout         |   in|    8|     ap_fifo|                                             imgOutput_4105|       pointer|
|imgOutput_4105_empty_n      |   in|    1|     ap_fifo|                                             imgOutput_4105|       pointer|
|imgOutput_4105_read         |  out|    1|     ap_fifo|                                             imgOutput_4105|       pointer|
|ldata1_din                  |  out|    8|     ap_fifo|                                                     ldata1|       pointer|
|ldata1_full_n               |   in|    1|     ap_fifo|                                                     ldata1|       pointer|
|ldata1_write                |  out|    1|     ap_fifo|                                                     ldata1|       pointer|
|bound                       |   in|   32|     ap_none|                                                      bound|        scalar|
|cols_bound_per_npc_cast     |   in|   16|     ap_none|                                    cols_bound_per_npc_cast|        scalar|
|op2_assign                  |   in|   32|     ap_none|                                                 op2_assign|        scalar|
|last_blk_width_load         |   in|    4|     ap_none|                                        last_blk_width_load|        scalar|
|cols_bound_per_npc_load     |   in|   32|     ap_none|                                    cols_bound_per_npc_load|        scalar|
|filled_V_out                |  out|    4|      ap_vld|                                               filled_V_out|       pointer|
|filled_V_out_ap_vld         |  out|    1|      ap_vld|                                               filled_V_out|       pointer|
|localbuffer_V_3_out         |  out|    8|      ap_vld|                                        localbuffer_V_3_out|       pointer|
|localbuffer_V_3_out_ap_vld  |  out|    1|      ap_vld|                                        localbuffer_V_3_out|       pointer|
+----------------------------+-----+-----+------------+-----------------------------------------------------------+--------------+

