

================================================================
== Vitis HLS Report for 'xFInRange_9_0_2160_3840_15_0_1_9_1_3_s'
================================================================
* Date:           Sun May  1 11:32:04 2022

* Version:        2021.2 (Build 3367213 on Tue Oct 19 02:47:39 MDT 2021)
* Project:        color_detect
* Solution:       solution (Vitis Kernel Flow Target)
* Product family: virtexuplus
* Target device:  xcu50-fsvh2104-2-e


================================================================
== Performance Estimates
================================================================
+ Timing: 
    * Summary: 
    +--------+---------+----------+------------+
    |  Clock |  Target | Estimated| Uncertainty|
    +--------+---------+----------+------------+
    |ap_clk  |  3.33 ns|  1.920 ns|     0.90 ns|
    +--------+---------+----------+------------+

+ Latency: 
    * Summary: 
    +---------+---------+-----------+-----------+-----+---------+---------+
    |  Latency (cycles) |   Latency (absolute)  |    Interval   | Pipeline|
    |   min   |   max   |    min    |    max    | min |   max   |   Type  |
    +---------+---------+-----------+-----------+-----+---------+---------+
    |        6|  8294407|  19.998 ns|  27.645 ms|    6|  8294407|       no|
    +---------+---------+-----------+-----------+-----+---------+---------+

    + Detail: 
        * Instance: 
        +------------------------------------------------------------------------------------------+-------------------------------------------------------------------------------+---------+---------+----------+-----------+-----+---------+---------+
        |                                                                                          |                                                                               |  Latency (cycles) |  Latency (absolute)  |    Interval   | Pipeline|
        |                                         Instance                                         |                                     Module                                    |   min   |   max   |    min   |    max    | min |   max   |   Type  |
        +------------------------------------------------------------------------------------------+-------------------------------------------------------------------------------+---------+---------+----------+-----------+-----+---------+---------+
        |grp_xFInRange_9_0_2160_3840_15_0_1_9_1_3_Pipeline_VITIS_LOOP_92_1_VITIS_LOOP_96_2_fu_180  |xFInRange_9_0_2160_3840_15_0_1_9_1_3_Pipeline_VITIS_LOOP_92_1_VITIS_LOOP_96_2  |        2|  8294403|  6.666 ns|  27.645 ms|    2|  8294403|       no|
        +------------------------------------------------------------------------------------------+-------------------------------------------------------------------------------+---------+---------+----------+-----------+-----+---------+---------+

        * Loop: 
        N/A



================================================================
== Utilization Estimates
================================================================
* Summary: 
+---------------------+---------+------+---------+--------+-----+
|         Name        | BRAM_18K|  DSP |    FF   |   LUT  | URAM|
+---------------------+---------+------+---------+--------+-----+
|DSP                  |        -|     1|        -|       -|    -|
|Expression           |        -|     -|        0|       2|    -|
|FIFO                 |        -|     -|        -|       -|    -|
|Instance             |        -|     -|       40|     387|    -|
|Memory               |        -|     -|        -|       -|    -|
|Multiplexer          |        -|     -|        -|      58|    -|
|Register             |        -|     -|       39|       -|    -|
+---------------------+---------+------+---------+--------+-----+
|Total                |        0|     1|       79|     447|    0|
+---------------------+---------+------+---------+--------+-----+
|Available SLR        |     1344|  2976|   871680|  435840|  320|
+---------------------+---------+------+---------+--------+-----+
|Utilization SLR (%)  |        0|    ~0|       ~0|      ~0|    0|
+---------------------+---------+------+---------+--------+-----+
|Available            |     2688|  5952|  1743360|  871680|  640|
+---------------------+---------+------+---------+--------+-----+
|Utilization (%)      |        0|    ~0|       ~0|      ~0|    0|
+---------------------+---------+------+---------+--------+-----+

+ Detail: 
    * Instance: 
    +------------------------------------------------------------------------------------------+-------------------------------------------------------------------------------+---------+----+----+-----+-----+
    |                                         Instance                                         |                                     Module                                    | BRAM_18K| DSP| FF | LUT | URAM|
    +------------------------------------------------------------------------------------------+-------------------------------------------------------------------------------+---------+----+----+-----+-----+
    |grp_xFInRange_9_0_2160_3840_15_0_1_9_1_3_Pipeline_VITIS_LOOP_92_1_VITIS_LOOP_96_2_fu_180  |xFInRange_9_0_2160_3840_15_0_1_9_1_3_Pipeline_VITIS_LOOP_92_1_VITIS_LOOP_96_2  |        0|   0|  40|  387|    0|
    +------------------------------------------------------------------------------------------+-------------------------------------------------------------------------------+---------+----+----+-----+-----+
    |Total                                                                                     |                                                                               |        0|   0|  40|  387|    0|
    +------------------------------------------------------------------------------------------+-------------------------------------------------------------------------------+---------+----+----+-----+-----+

    * DSP: 
    +-------------------------------+--------------------------+-----------+
    |            Instance           |          Module          | Expression|
    +-------------------------------+--------------------------+-----------+
    |mul_mul_16ns_16ns_32_4_1_U132  |mul_mul_16ns_16ns_32_4_1  |    i0 * i1|
    +-------------------------------+--------------------------+-----------+

    * Memory: 
    N/A

    * FIFO: 
    N/A

    * Expression: 
    +-----------------+----------+----+---+----+------------+------------+
    |  Variable Name  | Operation| DSP| FF| LUT| Bitwidth P0| Bitwidth P1|
    +-----------------+----------+----+---+----+------------+------------+
    |ap_block_state1  |        or|   0|  0|   2|           1|           1|
    +-----------------+----------+----+---+----+------------+------------+
    |Total            |          |   0|  0|   2|           1|           1|
    +-----------------+----------+----+---+----+------------+------------+

    * Multiplexer: 
    +-----------------------+----+-----------+-----+-----------+
    |          Name         | LUT| Input Size| Bits| Total Bits|
    +-----------------------+----+-----------+-----+-----------+
    |ap_NS_fsm              |  31|          6|    1|          6|
    |ap_done                |   9|          2|    1|          2|
    |imgHelper1_4101_write  |   9|          2|    1|          2|
    |rgb2hsv_4100_read      |   9|          2|    1|          2|
    +-----------------------+----+-----------+-----+-----------+
    |Total                  |  58|         12|    4|         12|
    +-----------------------+----+-----------+-----+-----------+

    * Register: 
    +-------------------------------------------------------------------------------------------------------+----+----+-----+-----------+
    |                                                  Name                                                 | FF | LUT| Bits| Const Bits|
    +-------------------------------------------------------------------------------------------------------+----+----+-----+-----------+
    |ap_CS_fsm                                                                                              |   5|   0|    5|          0|
    |ap_done_reg                                                                                            |   1|   0|    1|          0|
    |bound_reg_322                                                                                          |  32|   0|   32|          0|
    |grp_xFInRange_9_0_2160_3840_15_0_1_9_1_3_Pipeline_VITIS_LOOP_92_1_VITIS_LOOP_96_2_fu_180_ap_start_reg  |   1|   0|    1|          0|
    +-------------------------------------------------------------------------------------------------------+----+----+-----+-----------+
    |Total                                                                                                  |  39|   0|   39|          0|
    +-------------------------------------------------------------------------------------------------------+----+----+-----+-----------+



================================================================
== Interface
================================================================
* Summary: 
+------------------------+-----+-----+------------+------------------------------------------------+--------------+
|        RTL Ports       | Dir | Bits|  Protocol  |                  Source Object                 |    C Type    |
+------------------------+-----+-----+------------+------------------------------------------------+--------------+
|ap_clk                  |   in|    1|  ap_ctrl_hs|  xFInRange<9, 0, 2160, 3840, 15, 0, 1, 9, 1, 3>|  return value|
|ap_rst                  |   in|    1|  ap_ctrl_hs|  xFInRange<9, 0, 2160, 3840, 15, 0, 1, 9, 1, 3>|  return value|
|ap_start                |   in|    1|  ap_ctrl_hs|  xFInRange<9, 0, 2160, 3840, 15, 0, 1, 9, 1, 3>|  return value|
|ap_done                 |  out|    1|  ap_ctrl_hs|  xFInRange<9, 0, 2160, 3840, 15, 0, 1, 9, 1, 3>|  return value|
|ap_continue             |   in|    1|  ap_ctrl_hs|  xFInRange<9, 0, 2160, 3840, 15, 0, 1, 9, 1, 3>|  return value|
|ap_idle                 |  out|    1|  ap_ctrl_hs|  xFInRange<9, 0, 2160, 3840, 15, 0, 1, 9, 1, 3>|  return value|
|ap_ready                |  out|    1|  ap_ctrl_hs|  xFInRange<9, 0, 2160, 3840, 15, 0, 1, 9, 1, 3>|  return value|
|rgb2hsv_4100_dout       |   in|   24|     ap_fifo|                                    rgb2hsv_4100|       pointer|
|rgb2hsv_4100_empty_n    |   in|    1|     ap_fifo|                                    rgb2hsv_4100|       pointer|
|rgb2hsv_4100_read       |  out|    1|     ap_fifo|                                    rgb2hsv_4100|       pointer|
|imgHelper1_4101_din     |  out|    8|     ap_fifo|                                 imgHelper1_4101|       pointer|
|imgHelper1_4101_full_n  |   in|    1|     ap_fifo|                                 imgHelper1_4101|       pointer|
|imgHelper1_4101_write   |  out|    1|     ap_fifo|                                 imgHelper1_4101|       pointer|
|p_read                  |   in|    8|     ap_none|                                          p_read|        scalar|
|p_read1                 |   in|    8|     ap_none|                                         p_read1|        scalar|
|p_read2                 |   in|    8|     ap_none|                                         p_read2|        scalar|
|p_read3                 |   in|    8|     ap_none|                                         p_read3|        scalar|
|p_read4                 |   in|    8|     ap_none|                                         p_read4|        scalar|
|p_read5                 |   in|    8|     ap_none|                                         p_read5|        scalar|
|p_read6                 |   in|    8|     ap_none|                                         p_read6|        scalar|
|p_read7                 |   in|    8|     ap_none|                                         p_read7|        scalar|
|p_read8                 |   in|    8|     ap_none|                                         p_read8|        scalar|
|p_read9                 |   in|    8|     ap_none|                                         p_read9|        scalar|
|p_read10                |   in|    8|     ap_none|                                        p_read10|        scalar|
|p_read11                |   in|    8|     ap_none|                                        p_read11|        scalar|
|p_read12                |   in|    8|     ap_none|                                        p_read12|        scalar|
|p_read13                |   in|    8|     ap_none|                                        p_read13|        scalar|
|p_read14                |   in|    8|     ap_none|                                        p_read14|        scalar|
|p_read15                |   in|    8|     ap_none|                                        p_read15|        scalar|
|p_read16                |   in|    8|     ap_none|                                        p_read16|        scalar|
|p_read17                |   in|    8|     ap_none|                                        p_read17|        scalar|
|p_read18                |   in|   16|     ap_none|                                        p_read18|        scalar|
|p_read19                |   in|   16|     ap_none|                                        p_read19|        scalar|
+------------------------+-----+-----+------------+------------------------------------------------+--------------+

