

================================================================
== Synthesis Summary Report of 'array_io'
================================================================
+ General Information: 
    * Date:           Fri Mar 25 03:11:42 2022
    * Version:        2021.2 (Build 3367213 on Tue Oct 19 02:48:09 MDT 2021)
    * Project:        array_io_prj
    * Solution:       solution4 (Vivado IP Flow Target)
    * Product family: virtexuplus
    * Target device:  xcvu9p-flgb2104-1-e
    

+ Performance & Resource Estimates: 
    
    PS: '+' for module; 'o' for loop; '*' for dataflow
    +------------+------+------+---------+--------+----------+---------+------+----------+------+----+-----------+------------+-----+
    |   Modules  | Issue|      | Latency | Latency| Iteration|         | Trip |          |      |    |           |            |     |
    |   & Loops  | Type | Slack| (cycles)|  (ns)  |  Latency | Interval| Count| Pipelined| BRAM | DSP|     FF    |     LUT    | URAM|
    +------------+------+------+---------+--------+----------+---------+------+----------+------+----+-----------+------------+-----+
    |+ array_io  |     -|  1.09|        0|   0.000|         -|        1|     -|        no|     -|   -|  257 (~0%)|  1930 (~0%)|    -|
    +------------+------+------+---------+--------+----------+---------+------+----------+------+----+-----------+------------+-----+


================================================================
== HW Interfaces
================================================================
* AP_FIFO
+-----------+------------+
| Interface | Data Width |
+-----------+------------+
| d_o_0     | 16         |
| d_o_1     | 16         |
| d_o_10    | 16         |
| d_o_11    | 16         |
| d_o_12    | 16         |
| d_o_13    | 16         |
| d_o_14    | 16         |
| d_o_15    | 16         |
| d_o_16    | 16         |
| d_o_17    | 16         |
| d_o_18    | 16         |
| d_o_19    | 16         |
| d_o_2     | 16         |
| d_o_20    | 16         |
| d_o_21    | 16         |
| d_o_22    | 16         |
| d_o_23    | 16         |
| d_o_24    | 16         |
| d_o_25    | 16         |
| d_o_26    | 16         |
| d_o_27    | 16         |
| d_o_28    | 16         |
| d_o_29    | 16         |
| d_o_3     | 16         |
| d_o_30    | 16         |
| d_o_31    | 16         |
| d_o_4     | 16         |
| d_o_5     | 16         |
| d_o_6     | 16         |
| d_o_7     | 16         |
| d_o_8     | 16         |
| d_o_9     | 16         |
+-----------+------------+

* REGISTER
+-----------+---------+----------+
| Interface | Mode    | Bitwidth |
+-----------+---------+----------+
| d_i_0     | ap_none | 16       |
| d_i_1     | ap_none | 16       |
| d_i_10    | ap_none | 16       |
| d_i_11    | ap_none | 16       |
| d_i_12    | ap_none | 16       |
| d_i_13    | ap_none | 16       |
| d_i_14    | ap_none | 16       |
| d_i_15    | ap_none | 16       |
| d_i_16    | ap_none | 16       |
| d_i_17    | ap_none | 16       |
| d_i_18    | ap_none | 16       |
| d_i_19    | ap_none | 16       |
| d_i_2     | ap_none | 16       |
| d_i_20    | ap_none | 16       |
| d_i_21    | ap_none | 16       |
| d_i_22    | ap_none | 16       |
| d_i_23    | ap_none | 16       |
| d_i_24    | ap_none | 16       |
| d_i_25    | ap_none | 16       |
| d_i_26    | ap_none | 16       |
| d_i_27    | ap_none | 16       |
| d_i_28    | ap_none | 16       |
| d_i_29    | ap_none | 16       |
| d_i_3     | ap_none | 16       |
| d_i_30    | ap_none | 16       |
| d_i_31    | ap_none | 16       |
| d_i_4     | ap_none | 16       |
| d_i_5     | ap_none | 16       |
| d_i_6     | ap_none | 16       |
| d_i_7     | ap_none | 16       |
| d_i_8     | ap_none | 16       |
| d_i_9     | ap_none | 16       |
+-----------+---------+----------+

* TOP LEVEL CONTROL
+-----------+------------+-----------------------------------+
| Interface | Type       | Ports                             |
+-----------+------------+-----------------------------------+
| ap_clk    | clock      | ap_clk                            |
| ap_rst    | reset      | ap_rst                            |
| ap_ctrl   | ap_ctrl_hs | ap_done ap_idle ap_ready ap_start |
+-----------+------------+-----------------------------------+


================================================================
== SW I/O Information
================================================================
* Top Function Arguments
+----------+-----------+----------+
| Argument | Direction | Datatype |
+----------+-----------+----------+
| d_o      | out       | short*   |
| d_i      | in        | short*   |
+----------+-----------+----------+

* SW-to-HW Mapping
+----------+--------------+-----------+
| Argument | HW Interface | HW Type   |
+----------+--------------+-----------+
| d_o      | d_o_0        | interface |
| d_o      | d_o_1        | interface |
| d_o      | d_o_2        | interface |
| d_o      | d_o_3        | interface |
| d_o      | d_o_4        | interface |
| d_o      | d_o_5        | interface |
| d_o      | d_o_6        | interface |
| d_o      | d_o_7        | interface |
| d_o      | d_o_8        | interface |
| d_o      | d_o_9        | interface |
| d_o      | d_o_10       | interface |
| d_o      | d_o_11       | interface |
| d_o      | d_o_12       | interface |
| d_o      | d_o_13       | interface |
| d_o      | d_o_14       | interface |
| d_o      | d_o_15       | interface |
| d_o      | d_o_16       | interface |
| d_o      | d_o_17       | interface |
| d_o      | d_o_18       | interface |
| d_o      | d_o_19       | interface |
| d_o      | d_o_20       | interface |
| d_o      | d_o_21       | interface |
| d_o      | d_o_22       | interface |
| d_o      | d_o_23       | interface |
| d_o      | d_o_24       | interface |
| d_o      | d_o_25       | interface |
| d_o      | d_o_26       | interface |
| d_o      | d_o_27       | interface |
| d_o      | d_o_28       | interface |
| d_o      | d_o_29       | interface |
| d_o      | d_o_30       | interface |
| d_o      | d_o_31       | interface |
| d_i      | d_i_0        | port      |
| d_i      | d_i_1        | port      |
| d_i      | d_i_2        | port      |
| d_i      | d_i_3        | port      |
| d_i      | d_i_4        | port      |
| d_i      | d_i_5        | port      |
| d_i      | d_i_6        | port      |
| d_i      | d_i_7        | port      |
| d_i      | d_i_8        | port      |
| d_i      | d_i_9        | port      |
| d_i      | d_i_10       | port      |
| d_i      | d_i_11       | port      |
| d_i      | d_i_12       | port      |
| d_i      | d_i_13       | port      |
| d_i      | d_i_14       | port      |
| d_i      | d_i_15       | port      |
| d_i      | d_i_16       | port      |
| d_i      | d_i_17       | port      |
| d_i      | d_i_18       | port      |
| d_i      | d_i_19       | port      |
| d_i      | d_i_20       | port      |
| d_i      | d_i_21       | port      |
| d_i      | d_i_22       | port      |
| d_i      | d_i_23       | port      |
| d_i      | d_i_24       | port      |
| d_i      | d_i_25       | port      |
| d_i      | d_i_26       | port      |
| d_i      | d_i_27       | port      |
| d_i      | d_i_28       | port      |
| d_i      | d_i_29       | port      |
| d_i      | d_i_30       | port      |
| d_i      | d_i_31       | port      |
+----------+--------------+-----------+


================================================================
== Bind Op Report
================================================================
+--------------------------+-----+--------+-------------+-----+--------+---------+
| Name                     | DSP | Pragma | Variable    | Op  | Impl   | Latency |
+--------------------------+-----+--------+-------------+-----+--------+---------+
| + array_io               | 0   |        |             |     |        |         |
|   add_ln69_fu_592_p2     | -   |        | add_ln69    | add | fabric | 0       |
|   add_ln69_1_fu_611_p2   | -   |        | add_ln69_1  | add | fabric | 0       |
|   add_ln69_2_fu_630_p2   | -   |        | add_ln69_2  | add | fabric | 0       |
|   add_ln69_3_fu_649_p2   | -   |        | add_ln69_3  | add | fabric | 0       |
|   add_ln69_4_fu_668_p2   | -   |        | add_ln69_4  | add | fabric | 0       |
|   add_ln69_5_fu_687_p2   | -   |        | add_ln69_5  | add | fabric | 0       |
|   add_ln69_6_fu_706_p2   | -   |        | add_ln69_6  | add | fabric | 0       |
|   add_ln69_7_fu_725_p2   | -   |        | add_ln69_7  | add | fabric | 0       |
|   add_ln69_8_fu_736_p2   | -   |        | add_ln69_8  | add | fabric | 0       |
|   add_ln69_9_fu_747_p2   | -   |        | add_ln69_9  | add | fabric | 0       |
|   add_ln69_10_fu_758_p2  | -   |        | add_ln69_10 | add | fabric | 0       |
|   add_ln69_11_fu_769_p2  | -   |        | add_ln69_11 | add | fabric | 0       |
|   add_ln69_12_fu_780_p2  | -   |        | add_ln69_12 | add | fabric | 0       |
|   add_ln69_13_fu_791_p2  | -   |        | add_ln69_13 | add | fabric | 0       |
|   add_ln69_14_fu_802_p2  | -   |        | add_ln69_14 | add | fabric | 0       |
|   add_ln69_15_fu_813_p2  | -   |        | add_ln69_15 | add | fabric | 0       |
|   add_ln69_16_fu_824_p2  | -   |        | add_ln69_16 | add | fabric | 0       |
|   add_ln69_17_fu_835_p2  | -   |        | add_ln69_17 | add | fabric | 0       |
|   add_ln69_18_fu_846_p2  | -   |        | add_ln69_18 | add | fabric | 0       |
|   add_ln69_19_fu_857_p2  | -   |        | add_ln69_19 | add | fabric | 0       |
|   add_ln69_20_fu_868_p2  | -   |        | add_ln69_20 | add | fabric | 0       |
|   add_ln69_21_fu_879_p2  | -   |        | add_ln69_21 | add | fabric | 0       |
|   add_ln69_22_fu_890_p2  | -   |        | add_ln69_22 | add | fabric | 0       |
|   add_ln69_23_fu_901_p2  | -   |        | add_ln69_23 | add | fabric | 0       |
|   add_ln67_fu_912_p2     | -   |        | add_ln67    | add | tadder | 0       |
|   add_ln67_1_fu_918_p2   | -   |        | add_ln67_1  | add | fabric | 0       |
|   add_ln67_2_fu_928_p2   | -   |        | add_ln67_2  | add | fabric | 0       |
|   temp_fu_938_p2         | -   |        | temp        | add | tadder | 0       |
|   d_o_24_din             | -   |        | add_ln69_24 | add | fabric | 0       |
|   add_ln67_4_fu_961_p2   | -   |        | add_ln67_4  | add | tadder | 0       |
|   add_ln67_5_fu_967_p2   | -   |        | add_ln67_5  | add | fabric | 0       |
|   add_ln67_6_fu_977_p2   | -   |        | add_ln67_6  | add | fabric | 0       |
|   temp_1_fu_987_p2       | -   |        | temp_1      | add | tadder | 0       |
|   d_o_25_din             | -   |        | add_ln69_25 | add | fabric | 0       |
|   add_ln67_8_fu_1010_p2  | -   |        | add_ln67_8  | add | tadder | 0       |
|   add_ln67_9_fu_1016_p2  | -   |        | add_ln67_9  | add | fabric | 0       |
|   add_ln67_10_fu_1026_p2 | -   |        | add_ln67_10 | add | fabric | 0       |
|   temp_2_fu_1036_p2      | -   |        | temp_2      | add | tadder | 0       |
|   d_o_26_din             | -   |        | add_ln69_26 | add | fabric | 0       |
|   add_ln67_12_fu_1059_p2 | -   |        | add_ln67_12 | add | tadder | 0       |
|   add_ln67_13_fu_1065_p2 | -   |        | add_ln67_13 | add | fabric | 0       |
|   add_ln67_14_fu_1075_p2 | -   |        | add_ln67_14 | add | fabric | 0       |
|   temp_3_fu_1085_p2      | -   |        | temp_3      | add | tadder | 0       |
|   d_o_27_din             | -   |        | add_ln69_27 | add | fabric | 0       |
|   add_ln67_16_fu_1108_p2 | -   |        | add_ln67_16 | add | tadder | 0       |
|   add_ln67_17_fu_1114_p2 | -   |        | add_ln67_17 | add | fabric | 0       |
|   add_ln67_18_fu_1124_p2 | -   |        | add_ln67_18 | add | fabric | 0       |
|   temp_4_fu_1134_p2      | -   |        | temp_4      | add | tadder | 0       |
|   d_o_28_din             | -   |        | add_ln69_28 | add | fabric | 0       |
|   add_ln67_20_fu_1157_p2 | -   |        | add_ln67_20 | add | tadder | 0       |
|   add_ln67_21_fu_1163_p2 | -   |        | add_ln67_21 | add | fabric | 0       |
|   add_ln67_22_fu_1173_p2 | -   |        | add_ln67_22 | add | fabric | 0       |
|   temp_5_fu_1183_p2      | -   |        | temp_5      | add | tadder | 0       |
|   d_o_29_din             | -   |        | add_ln69_29 | add | fabric | 0       |
|   add_ln67_24_fu_1206_p2 | -   |        | add_ln67_24 | add | tadder | 0       |
|   add_ln67_25_fu_1212_p2 | -   |        | add_ln67_25 | add | fabric | 0       |
|   add_ln67_26_fu_1222_p2 | -   |        | add_ln67_26 | add | fabric | 0       |
|   temp_6_fu_1232_p2      | -   |        | temp_6      | add | tadder | 0       |
|   d_o_30_din             | -   |        | add_ln69_30 | add | fabric | 0       |
|   add_ln67_28_fu_1255_p2 | -   |        | add_ln67_28 | add | tadder | 0       |
|   add_ln67_29_fu_1261_p2 | -   |        | add_ln67_29 | add | fabric | 0       |
|   add_ln67_30_fu_1271_p2 | -   |        | add_ln67_30 | add | fabric | 0       |
|   temp_7_fu_1281_p2      | -   |        | temp_7      | add | tadder | 0       |
|   d_o_31_din             | -   |        | add_ln69_31 | add | fabric | 0       |
+--------------------------+-----+--------+-------------+-----+--------+---------+


================================================================
== Bind Storage Report
================================================================
  No bind storage info in design

================================================================
== User Pragma Report
================================================================
* Valid Pragma Syntax
+-----------------+-----------------------------+----------------------------+
| Type            | Options                     | Location                   |
+-----------------+-----------------------------+----------------------------+
| array_partition | variable=d_i complete dim=1 | DIRECTIVE in array_io, d_i |
| array_partition | variable=d_o complete dim=1 | DIRECTIVE in array_io, d_o |
| interface       | ap_fifo port=d_o            | DIRECTIVE in array_io, d_o |
| unroll          |                             | DIRECTIVE in array_io      |
+-----------------+-----------------------------+----------------------------+


