==============================================================
Vitis HLS - High-Level Synthesis from C, C++ and OpenCL v2021.2 (64-bit)
Copyright 1986-2021 Xilinx, Inc. All Rights Reserved.
==============================================================
INFO: [SYN 201-201] Setting up clock 'default' with a period of 10ns.
INFO: [HLS 200-1611] Setting target device to 'xcvu9p-flgb2104-1-e'
INFO: [HLS 200-1505] Using flow_target 'vivado'
INFO: [HLS 200-1510] Running: set_part xcvu9p-flgb2104-1-e 
INFO: [HLS 200-1510] Running: create_clock -period 10 -name default 
INFO: [HLS 200-1510] Running: set_directive_top -name array_io array_io 
INFO: [HLS 200-1510] Running: set_directive_unroll array_io/For_Loop 
INFO: [HLS 200-1510] Running: set_directive_bind_storage -type ram_2p -impl bram array_io d_i 
INFO: [HLS 200-1510] Running: set_directive_interface -mode ap_fifo array_io d_o 
INFO: [HLS 200-1510] Running: set_directive_array_partition -dim 1 -factor 4 -type block array_io d_o 
INFO: [HLS 200-1510] Running: set_directive_array_partition -dim 1 -factor 2 -type block array_io d_i 
INFO: [HLS 200-1510] Running: csynth_design 
INFO: [HLS 200-111] Finished File checks and directory preparation: CPU user time: 0 seconds. CPU system time: 0 seconds. Elapsed time: 0.013 seconds; current allocated memory: 1.255 GB.
INFO: [HLS 200-10] Analyzing design file 'array_io.c' ... 
INFO: [HLS 200-111] Finished Source Code Analysis and Preprocessing: CPU user time: 0 seconds. CPU system time: 0 seconds. Elapsed time: 1.231 seconds; current allocated memory: 1.255 GB.
INFO: [HLS 200-777] Using interface defaults for 'Vivado' flow target.
INFO: [HLS 214-284] Auto array partition mode is set into default.
WARNING: [HLS 214-185] The resource pragma (storage) on function argument, in 'call' is unsupported (array_io.c:58:9)
INFO: [HLS 214-186] Unrolling loop 'For_Loop' (array_io.c:65:12) in function 'array_io' completely with a factor of 32 (array_io.c:57:0)
INFO: [HLS 214-248] Applying array_partition to 'd_o': Block partitioning with factor 4 on dimension 1. (array_io.c:57:0)
INFO: [HLS 214-248] Applying array_partition to 'd_i': Block partitioning with factor 2 on dimension 1. (array_io.c:57:0)
INFO: [HLS 214-270] Starting automatic array partition analysis...
WARNING: [HLS 214-142] Implementing stream: may cause mismatch if read and write accesses are not in sequential order on port 'd_o_0' (array_io.c:57:0)
WARNING: [HLS 214-142] Implementing stream: may cause mismatch if read and write accesses are not in sequential order on port 'd_o_1' (array_io.c:57:0)
WARNING: [HLS 214-142] Implementing stream: may cause mismatch if read and write accesses are not in sequential order on port 'd_o_2' (array_io.c:57:0)
WARNING: [HLS 214-142] Implementing stream: may cause mismatch if read and write accesses are not in sequential order on port 'd_o_3' (array_io.c:57:0)
INFO: [HLS 200-111] Finished Compiling Optimization and Transform: CPU user time: 0 seconds. CPU system time: 0 seconds. Elapsed time: 3.461 seconds; current allocated memory: 1.255 GB.
INFO: [HLS 200-111] Finished Checking Pragmas: CPU user time: 0 seconds. CPU system time: 0 seconds. Elapsed time: 0.001 seconds; current allocated memory: 1.255 GB.
INFO: [HLS 200-10] Starting code transformations ...
INFO: [HLS 200-111] Finished Standard Transforms: CPU user time: 0 seconds. CPU system time: 0 seconds. Elapsed time: 0.035 seconds; current allocated memory: 1.255 GB.
INFO: [HLS 200-10] Checking synthesizability ...
INFO: [HLS 200-111] Finished Checking Synthesizability: CPU user time: 0 seconds. CPU system time: 0 seconds. Elapsed time: 0.024 seconds; current allocated memory: 1.255 GB.
INFO: [XFORM 203-11] Balancing expressions in function 'array_io' (array_io.c:67:1)...32 expression(s) balanced.
INFO: [HLS 200-111] Finished Loop, function and other optimizations: CPU user time: 0 seconds. CPU system time: 0 seconds. Elapsed time: 0.134 seconds; current allocated memory: 1.255 GB.
INFO: [HLS 200-111] Finished Architecture Synthesis: CPU user time: 0 seconds. CPU system time: 0 seconds. Elapsed time: 0.043 seconds; current allocated memory: 1.255 GB.
INFO: [HLS 200-10] Starting hardware synthesis ...
INFO: [HLS 200-10] Synthesizing 'array_io' ...
INFO: [HLS 200-10] ----------------------------------------------------------------
INFO: [HLS 200-42] -- Implementing module 'array_io' 
INFO: [HLS 200-10] ----------------------------------------------------------------
INFO: [SCHED 204-11] Starting scheduling ...
INFO: [SCHED 204-11] Finished scheduling.
INFO: [HLS 200-111] Finished Scheduling: CPU user time: 1 seconds. CPU system time: 0 seconds. Elapsed time: 0.207 seconds; current allocated memory: 1.255 GB.
INFO: [BIND 205-100] Starting micro-architecture generation ...
INFO: [BIND 205-101] Performing variable lifetime analysis.
INFO: [BIND 205-101] Exploring resource sharing.
INFO: [BIND 205-101] Binding ...
INFO: [BIND 205-100] Finished micro-architecture generation.
INFO: [HLS 200-111] Finished Binding: CPU user time: 0 seconds. CPU system time: 0 seconds. Elapsed time: 0.176 seconds; current allocated memory: 1.255 GB.
INFO: [HLS 200-10] ----------------------------------------------------------------
INFO: [HLS 200-10] -- Generating RTL for module 'array_io' 
INFO: [HLS 200-10] ----------------------------------------------------------------
INFO: [RTGEN 206-500] Setting interface mode on port 'array_io/d_o_0' to 'ap_fifo'.
INFO: [RTGEN 206-500] Setting interface mode on port 'array_io/d_o_1' to 'ap_fifo'.
INFO: [RTGEN 206-500] Setting interface mode on port 'array_io/d_o_2' to 'ap_fifo'.
INFO: [RTGEN 206-500] Setting interface mode on port 'array_io/d_o_3' to 'ap_fifo'.
INFO: [RTGEN 206-500] Setting interface mode on port 'array_io/d_i_0' to 'ap_memory'.
INFO: [RTGEN 206-500] Setting interface mode on port 'array_io/d_i_1' to 'ap_memory'.
INFO: [RTGEN 206-500] Setting interface mode on function 'array_io' to 'ap_ctrl_hs'.
WARNING: [RTGEN 206-101] Register 'acc_0' is power-on initialization.
WARNING: [RTGEN 206-101] Register 'acc_1' is power-on initialization.
WARNING: [RTGEN 206-101] Register 'acc_2' is power-on initialization.
WARNING: [RTGEN 206-101] Register 'acc_3' is power-on initialization.
WARNING: [RTGEN 206-101] Register 'acc_4' is power-on initialization.
WARNING: [RTGEN 206-101] Register 'acc_5' is power-on initialization.
WARNING: [RTGEN 206-101] Register 'acc_6' is power-on initialization.
WARNING: [RTGEN 206-101] Register 'acc_7' is power-on initialization.
INFO: [RTGEN 206-100] Finished creating RTL model for 'array_io'.
INFO: [HLS 200-111] Finished Creating RTL model: CPU user time: 0 seconds. CPU system time: 0 seconds. Elapsed time: 0.336 seconds; current allocated memory: 1.255 GB.
INFO: [HLS 200-111] Finished Generating all RTL models: CPU user time: 1 seconds. CPU system time: 0 seconds. Elapsed time: 0.968 seconds; current allocated memory: 1.255 GB.
INFO: [HLS 200-111] Finished Updating report files: CPU user time: 0 seconds. CPU system time: 0 seconds. Elapsed time: 0.368 seconds; current allocated memory: 1.255 GB.
INFO: [VHDL 208-304] Generating VHDL RTL for array_io.
INFO: [VLOG 209-307] Generating Verilog RTL for array_io.
INFO: [HLS 200-789] **** Estimated Fmax: 144.05 MHz
INFO: [HLS 200-111] Finished Command csynth_design CPU user time: 2 seconds. CPU system time: 0 seconds. Elapsed time: 7.029 seconds; current allocated memory: 0.000 MB.
INFO: [HLS 200-112] Total CPU user time: 5 seconds. Total CPU system time: 1 seconds. Total elapsed time: 9.126 seconds; peak allocated memory: 1.255 GB.
