

================================================================
== Synthesis Summary Report of 'array_io'
================================================================
+ General Information: 
    * Date:           Fri Mar 25 03:06:32 2022
    * Version:        2021.2 (Build 3367213 on Tue Oct 19 02:48:09 MDT 2021)
    * Project:        array_io_prj
    * Solution:       solution3 (Vivado IP Flow Target)
    * Product family: virtexuplus
    * Target device:  xcvu9p-flgb2104-1-e
    

+ Performance & Resource Estimates: 
    
    PS: '+' for module; 'o' for loop; '*' for dataflow
    +------------+------+------+---------+--------+----------+---------+------+----------+------+----+-----------+------------+-----+
    |   Modules  | Issue|      | Latency | Latency| Iteration|         | Trip |          |      |    |           |            |     |
    |   & Loops  | Type | Slack| (cycles)|  (ns)  |  Latency | Interval| Count| Pipelined| BRAM | DSP|     FF    |     LUT    | URAM|
    +------------+------+------+---------+--------+----------+---------+------+----------+------+----+-----------+------------+-----+
    |+ array_io  |     -|  0.36|        8|  80.000|         -|        9|     -|        no|     -|   -|  265 (~0%)|  2124 (~0%)|    -|
    +------------+------+------+---------+--------+----------+---------+------+----------+------+----+-----------+------------+-----+


================================================================
== HW Interfaces
================================================================
* AP_FIFO
+-----------+------------+
| Interface | Data Width |
+-----------+------------+
| d_o_0     | 16         |
| d_o_1     | 16         |
| d_o_2     | 16         |
| d_o_3     | 16         |
+-----------+------------+

* AP_MEMORY
+----------------+----------+
| Interface      | Bitwidth |
+----------------+----------+
| d_i_0_address0 | 4        |
| d_i_0_address1 | 4        |
| d_i_0_q0       | 16       |
| d_i_0_q1       | 16       |
| d_i_1_address0 | 4        |
| d_i_1_address1 | 4        |
| d_i_1_q0       | 16       |
| d_i_1_q1       | 16       |
+----------------+----------+

* TOP LEVEL CONTROL
+-----------+------------+-----------------------------------+
| Interface | Type       | Ports                             |
+-----------+------------+-----------------------------------+
| ap_clk    | clock      | ap_clk                            |
| ap_rst    | reset      | ap_rst                            |
| ap_ctrl   | ap_ctrl_hs | ap_done ap_idle ap_ready ap_start |
+-----------+------------+-----------------------------------+


================================================================
== SW I/O Information
================================================================
* Top Function Arguments
+----------+-----------+----------+
| Argument | Direction | Datatype |
+----------+-----------+----------+
| d_o      | out       | short*   |
| d_i      | in        | short*   |
+----------+-----------+----------+

* SW-to-HW Mapping
+----------+----------------+-----------+----------+
| Argument | HW Interface   | HW Type   | HW Usage |
+----------+----------------+-----------+----------+
| d_o      | d_o_0          | interface |          |
| d_o      | d_o_1          | interface |          |
| d_o      | d_o_2          | interface |          |
| d_o      | d_o_3          | interface |          |
| d_i      | d_i_0_address0 | port      | offset   |
| d_i      | d_i_0_ce0      | port      |          |
| d_i      | d_i_0_q0       | port      |          |
| d_i      | d_i_0_address1 | port      | offset   |
| d_i      | d_i_0_ce1      | port      |          |
| d_i      | d_i_0_q1       | port      |          |
| d_i      | d_i_1_address0 | port      | offset   |
| d_i      | d_i_1_ce0      | port      |          |
| d_i      | d_i_1_q0       | port      |          |
| d_i      | d_i_1_address1 | port      | offset   |
| d_i      | d_i_1_ce1      | port      |          |
| d_i      | d_i_1_q1       | port      |          |
+----------+----------------+-----------+----------+


================================================================
== Bind Op Report
================================================================
+--------------------------+-----+--------+-------------+-----+--------+---------+
| Name                     | DSP | Pragma | Variable    | Op  | Impl   | Latency |
+--------------------------+-----+--------+-------------+-----+--------+---------+
| + array_io               | 0   |        |             |     |        |         |
|   add_ln69_fu_426_p2     | -   |        | add_ln69    | add | fabric | 0       |
|   add_ln69_1_fu_516_p2   | -   |        | add_ln69_1  | add | fabric | 0       |
|   add_ln69_2_fu_606_p2   | -   |        | add_ln69_2  | add | fabric | 0       |
|   add_ln69_3_fu_696_p2   | -   |        | add_ln69_3  | add | fabric | 0       |
|   add_ln69_4_fu_786_p2   | -   |        | add_ln69_4  | add | fabric | 0       |
|   add_ln69_5_fu_876_p2   | -   |        | add_ln69_5  | add | fabric | 0       |
|   add_ln69_6_fu_966_p2   | -   |        | add_ln69_6  | add | fabric | 0       |
|   add_ln69_7_fu_1056_p2  | -   |        | add_ln69_7  | add | fabric | 0       |
|   add_ln69_8_fu_437_p2   | -   |        | add_ln69_8  | add | fabric | 0       |
|   add_ln69_9_fu_527_p2   | -   |        | add_ln69_9  | add | fabric | 0       |
|   add_ln69_10_fu_617_p2  | -   |        | add_ln69_10 | add | fabric | 0       |
|   add_ln69_11_fu_707_p2  | -   |        | add_ln69_11 | add | fabric | 0       |
|   add_ln69_12_fu_797_p2  | -   |        | add_ln69_12 | add | fabric | 0       |
|   add_ln69_13_fu_887_p2  | -   |        | add_ln69_13 | add | fabric | 0       |
|   add_ln69_14_fu_977_p2  | -   |        | add_ln69_14 | add | fabric | 0       |
|   add_ln69_15_fu_1067_p2 | -   |        | add_ln69_15 | add | fabric | 0       |
|   add_ln69_16_fu_448_p2  | -   |        | add_ln69_16 | add | fabric | 0       |
|   add_ln69_17_fu_538_p2  | -   |        | add_ln69_17 | add | fabric | 0       |
|   add_ln69_18_fu_628_p2  | -   |        | add_ln69_18 | add | fabric | 0       |
|   add_ln69_19_fu_718_p2  | -   |        | add_ln69_19 | add | fabric | 0       |
|   add_ln69_20_fu_808_p2  | -   |        | add_ln69_20 | add | fabric | 0       |
|   add_ln69_21_fu_898_p2  | -   |        | add_ln69_21 | add | fabric | 0       |
|   add_ln69_22_fu_988_p2  | -   |        | add_ln69_22 | add | fabric | 0       |
|   add_ln69_23_fu_1078_p2 | -   |        | add_ln69_23 | add | fabric | 0       |
|   add_ln67_fu_459_p2     | -   |        | add_ln67    | add | tadder | 0       |
|   add_ln67_1_fu_465_p2   | -   |        | add_ln67_1  | add | fabric | 0       |
|   add_ln67_2_fu_475_p2   | -   |        | add_ln67_2  | add | fabric | 0       |
|   temp_fu_485_p2         | -   |        | temp        | add | tadder | 0       |
|   add_ln69_24_fu_497_p2  | -   |        | add_ln69_24 | add | fabric | 0       |
|   add_ln67_4_fu_549_p2   | -   |        | add_ln67_4  | add | tadder | 0       |
|   add_ln67_5_fu_555_p2   | -   |        | add_ln67_5  | add | fabric | 0       |
|   add_ln67_6_fu_565_p2   | -   |        | add_ln67_6  | add | fabric | 0       |
|   temp_1_fu_575_p2       | -   |        | temp_1      | add | tadder | 0       |
|   add_ln69_25_fu_587_p2  | -   |        | add_ln69_25 | add | fabric | 0       |
|   add_ln67_8_fu_639_p2   | -   |        | add_ln67_8  | add | tadder | 0       |
|   add_ln67_9_fu_645_p2   | -   |        | add_ln67_9  | add | fabric | 0       |
|   add_ln67_10_fu_655_p2  | -   |        | add_ln67_10 | add | fabric | 0       |
|   temp_2_fu_665_p2       | -   |        | temp_2      | add | tadder | 0       |
|   add_ln69_26_fu_677_p2  | -   |        | add_ln69_26 | add | fabric | 0       |
|   add_ln67_12_fu_729_p2  | -   |        | add_ln67_12 | add | tadder | 0       |
|   add_ln67_13_fu_735_p2  | -   |        | add_ln67_13 | add | fabric | 0       |
|   add_ln67_14_fu_745_p2  | -   |        | add_ln67_14 | add | fabric | 0       |
|   temp_3_fu_755_p2       | -   |        | temp_3      | add | tadder | 0       |
|   add_ln69_27_fu_767_p2  | -   |        | add_ln69_27 | add | fabric | 0       |
|   add_ln67_16_fu_819_p2  | -   |        | add_ln67_16 | add | tadder | 0       |
|   add_ln67_17_fu_825_p2  | -   |        | add_ln67_17 | add | fabric | 0       |
|   add_ln67_18_fu_835_p2  | -   |        | add_ln67_18 | add | fabric | 0       |
|   temp_4_fu_845_p2       | -   |        | temp_4      | add | tadder | 0       |
|   add_ln69_28_fu_857_p2  | -   |        | add_ln69_28 | add | fabric | 0       |
|   add_ln67_20_fu_909_p2  | -   |        | add_ln67_20 | add | tadder | 0       |
|   add_ln67_21_fu_915_p2  | -   |        | add_ln67_21 | add | fabric | 0       |
|   add_ln67_22_fu_925_p2  | -   |        | add_ln67_22 | add | fabric | 0       |
|   temp_5_fu_935_p2       | -   |        | temp_5      | add | tadder | 0       |
|   add_ln69_29_fu_947_p2  | -   |        | add_ln69_29 | add | fabric | 0       |
|   add_ln67_24_fu_999_p2  | -   |        | add_ln67_24 | add | tadder | 0       |
|   add_ln67_25_fu_1005_p2 | -   |        | add_ln67_25 | add | fabric | 0       |
|   add_ln67_26_fu_1015_p2 | -   |        | add_ln67_26 | add | fabric | 0       |
|   temp_6_fu_1025_p2      | -   |        | temp_6      | add | tadder | 0       |
|   add_ln69_30_fu_1037_p2 | -   |        | add_ln69_30 | add | fabric | 0       |
|   add_ln67_28_fu_1089_p2 | -   |        | add_ln67_28 | add | tadder | 0       |
|   add_ln67_29_fu_1095_p2 | -   |        | add_ln67_29 | add | fabric | 0       |
|   add_ln67_30_fu_1105_p2 | -   |        | add_ln67_30 | add | fabric | 0       |
|   temp_7_fu_1115_p2      | -   |        | temp_7      | add | tadder | 0       |
|   add_ln69_31_fu_1127_p2 | -   |        | add_ln69_31 | add | fabric | 0       |
+--------------------------+-----+--------+-------------+-----+--------+---------+


================================================================
== Bind Storage Report
================================================================
  No bind storage info in design

================================================================
== User Pragma Report
================================================================
* Valid Pragma Syntax
+-----------------+------------------------------------+----------------------------+
| Type            | Options                            | Location                   |
+-----------------+------------------------------------+----------------------------+
| array_partition | variable=d_i block factor=2 dim=1  | DIRECTIVE in array_io, d_i |
| array_partition | variable=d_o block factor=4 dim=1  | DIRECTIVE in array_io, d_o |
| bind_storage    | variable=d_i type=ram_2p impl=bram | DIRECTIVE in array_io, d_i |
| interface       | ap_fifo port=d_o                   | DIRECTIVE in array_io, d_o |
| unroll          |                                    | DIRECTIVE in array_io      |
+-----------------+------------------------------------+----------------------------+


