INFO-FLOW: Workspace C:/Users/Lab611/Desktop/Portal/yuri-project/2022HLS/LAB_dataflow/dataflow/solution1 opened at Mon Mar 28 17:27:27 +0800 2022
Execute     ap_set_clock -name default -period 10 -default=false 
INFO: [SYN 201-201] Setting up clock 'default' with a period of 10ns.
Execute     import_lib C:/Xilinx/Vitis_HLS/2020.2/common/technology/xilinx/zynquplus/zynquplus 
Execute       source C:/Xilinx/Vitis_HLS/2020.2/common/technology/xilinx/interface/xilinx_interface.hlp 
Execute         source C:/Xilinx/Vitis_HLS/2020.2/common/technology/xilinx/interface/maxi.hlp 
Execute         source C:/Xilinx/Vitis_HLS/2020.2/common/technology/xilinx/interface/saxilite.hlp 
Execute       source C:/Xilinx/Vitis_HLS/2020.2/common/technology/xilinx/DSP48/dsp48.hlp 
Execute     source C:/Xilinx/Vitis_HLS/2020.2/common/technology/xilinx/common/xilinx.gen 
Execute       source C:/Xilinx/Vitis_HLS/2020.2/common/technology/xilinx/interface/plb46.gen 
Execute       source C:/Xilinx/Vitis_HLS/2020.2/common/technology/xilinx/interface/axi4.gen 
Execute       source C:/Xilinx/Vitis_HLS/2020.2/common/technology/xilinx/interface/nativeAXI4.gen 
Execute         source C:/Xilinx/Vitis_HLS/2020.2/common/technology/xilinx/interface/saxilite.gen 
Execute         source C:/Xilinx/Vitis_HLS/2020.2/common/technology/xilinx/interface/maxi.gen 
Execute       source C:/Xilinx/Vitis_HLS/2020.2/common/technology/xilinx/scripts/xilinxcoregen.gen 
Execute       source C:/Xilinx/Vitis_HLS/2020.2/common/technology/xilinx/interface/XilEDKCoreGen.gen 
Execute       source C:/Xilinx/Vitis_HLS/2020.2/common/technology/xilinx/ip/dds_compiler.gen 
Execute       source C:/Xilinx/Vitis_HLS/2020.2/common/technology/xilinx/ip/util.gen 
Execute       source C:/Xilinx/Vitis_HLS/2020.2/common/technology/xilinx/ip/xfft.gen 
Execute       source C:/Xilinx/Vitis_HLS/2020.2/common/technology/xilinx/ip/xfir.gen 
Execute       source C:/Xilinx/Vitis_HLS/2020.2/common/technology/xilinx/DSP48/dsp48.gen 
Execute     set_part xczu7ev-ffvc1156-2-e 
INFO-FLOW: DBG:set_part: XILINX_VIVADO=C:/Xilinx/Vivado/2020.2
INFO-FLOW: DBG:set_part: RDI_DATADIR=C:/Xilinx/Vivado/2020.2/data;C:/Xilinx/Vitis_HLS/2020.2/data
Execute       ap_part_info -name xczu7ev-ffvc1156-2-e -data single -quiet 
DBG:HLSDevice: Trying to load device library: C:/Xilinx/Vitis_HLS/2020.2\lib\win64.o\librdi_hlsvwrap.dll
DBG:HLSDevice: first parts/arch.xml in RDI_DATADIR: C:/Xilinx/Vivado/2020.2/data/parts/arch.xml
Command       ap_part_info done; 1.281 sec.
Execute       ap_part_info -name xczu7ev-ffvc1156-2-e -data info 
Execute       add_library xilinx/zynquplus/zynquplus:xczu7ev:-ffvc1156:-2-e 
Execute         get_default_platform 
Execute         open_platform DefaultPlatform 
Execute         ap_part_info -data single -name xczu7ev-ffvc1156-2-e 
Execute         ap_part_info -name xczu7ev-ffvc1156-2-e -data resources 
Execute         config_chip_info -resource {SLICE 28800} {LUT 230400} {FF 460800} {DSP 1728} {BRAM 624} {URAM 96} 
Execute         ap_part_info -name xczu7ev-ffvc1156-2-e -data info 
Execute         config_chip_info -speed medium 
Execute         ap_part_info -name xczu7ev-ffvc1156-2-e -data info 
Execute         config_library_info -library zynquplus_medium 
Execute         config_library_info -family zynquplus 
Execute         config_library_info -part xczu7ev:-ffvc1156:-2-e 
Execute         import_lib C:/Xilinx/Vitis_HLS/2020.2/common/technology/xilinx/zynquplus/zynquplus 
Execute           source C:/Xilinx/Vitis_HLS/2020.2/common/technology/xilinx/interface/xilinx_interface.hlp 
Execute             source C:/Xilinx/Vitis_HLS/2020.2/common/technology/xilinx/interface/maxi.hlp 
Execute             source C:/Xilinx/Vitis_HLS/2020.2/common/technology/xilinx/interface/saxilite.hlp 
Execute           source C:/Xilinx/Vitis_HLS/2020.2/common/technology/xilinx/DSP48/dsp48.hlp 
Execute           source C:/Xilinx/Vitis_HLS/2020.2/common/technology/xilinx/DSP48/zynquplus_dsp48e2.hlp 
Execute         source C:/Xilinx/Vitis_HLS/2020.2/common/technology/xilinx/common/xilinx.gen 
Execute           source C:/Xilinx/Vitis_HLS/2020.2/common/technology/xilinx/interface/plb46.gen 
Execute           source C:/Xilinx/Vitis_HLS/2020.2/common/technology/xilinx/interface/axi4.gen 
Execute           source C:/Xilinx/Vitis_HLS/2020.2/common/technology/xilinx/interface/nativeAXI4.gen 
Execute             source C:/Xilinx/Vitis_HLS/2020.2/common/technology/xilinx/interface/saxilite.gen 
Execute             source C:/Xilinx/Vitis_HLS/2020.2/common/technology/xilinx/interface/maxi.gen 
Execute           source C:/Xilinx/Vitis_HLS/2020.2/common/technology/xilinx/scripts/xilinxcoregen.gen 
Execute           source C:/Xilinx/Vitis_HLS/2020.2/common/technology/xilinx/interface/XilEDKCoreGen.gen 
Execute           source C:/Xilinx/Vitis_HLS/2020.2/common/technology/xilinx/ip/dds_compiler.gen 
Execute           source C:/Xilinx/Vitis_HLS/2020.2/common/technology/xilinx/ip/util.gen 
Execute           source C:/Xilinx/Vitis_HLS/2020.2/common/technology/xilinx/ip/xfft.gen 
Execute           source C:/Xilinx/Vitis_HLS/2020.2/common/technology/xilinx/ip/xfir.gen 
Execute           source C:/Xilinx/Vitis_HLS/2020.2/common/technology/xilinx/DSP48/dsp48.gen 
Command       add_library done; 0.187 sec.
INFO: [HLS 200-10] Setting target device to 'xczu7ev-ffvc1156-2-e'
Execute       ap_part_info -name xczu7ev-ffvc1156-2-e -data info 
Execute       config_compile -quiet -complex-mul-dsp=0 
Command     set_part done; 1.513 sec.
Execute     ap_part_info -data single -name xczu7ev-ffvc1156-2-e 
Execute     ap_part_info -name xczu7ev-ffvc1156-2-e -data resources 
Execute     config_chip_info -resource {SLICE 28800} {LUT 230400} {FF 460800} {DSP 1728} {BRAM 624} {URAM 96} 
Execute     ap_part_info -name xczu7ev-ffvc1156-2-e -data info 
Execute     config_chip_info -speed medium 
Execute     send_msg_by_id INFO @200-1505@%s%s  vivado 
INFO: [HLS 200-1505] Using flow_target 'vivado'
Execute     get_config_interface -m_axi_latency 
Execute     get_config_interface -m_axi_alignment_byte_size 
Execute     get_config_interface -m_axi_max_widen_bitwidth 
Execute     get_config_interface -default_interface 
Execute     get_config_interface -m_axi_offset 
Execute     get_config_rtl -register_reset_num 
Command   open_solution done; 1.667 sec.
Execute   set_part xczu7ev-ffvc1156-2-e 
INFO: [HLS 200-1510] Running: set_part xczu7ev-ffvc1156-2-e 
INFO-FLOW: DBG:set_part: XILINX_VIVADO=C:/Xilinx/Vivado/2020.2
INFO-FLOW: DBG:set_part: RDI_DATADIR=C:/Xilinx/Vivado/2020.2/data;C:/Xilinx/Vitis_HLS/2020.2/data
Execute     ap_part_info -name xczu7ev-ffvc1156-2-e -data single -quiet 
Execute     ap_part_info -name xczu7ev-ffvc1156-2-e -data info 
Execute     add_library xilinx/zynquplus/zynquplus:xczu7ev:-ffvc1156:-2-e 
Execute       get_default_platform 
Execute       open_platform DefaultPlatform 
Execute       ap_part_info -data single -name xczu7ev-ffvc1156-2-e 
Execute       ap_part_info -name xczu7ev-ffvc1156-2-e -data resources 
Execute       config_chip_info -resource {SLICE 28800} {LUT 230400} {FF 460800} {DSP 1728} {BRAM 624} {URAM 96} 
Execute       ap_part_info -name xczu7ev-ffvc1156-2-e -data info 
Execute       config_chip_info -speed medium 
Execute       ap_part_info -name xczu7ev-ffvc1156-2-e -data info 
Execute       config_library_info -library zynquplus_medium 
Execute       config_library_info -family zynquplus 
Execute       config_library_info -part xczu7ev:-ffvc1156:-2-e 
Execute       import_lib C:/Xilinx/Vitis_HLS/2020.2/common/technology/xilinx/zynquplus/zynquplus 
Execute         source C:/Xilinx/Vitis_HLS/2020.2/common/technology/xilinx/interface/xilinx_interface.hlp 
Execute           source C:/Xilinx/Vitis_HLS/2020.2/common/technology/xilinx/interface/maxi.hlp 
Execute           source C:/Xilinx/Vitis_HLS/2020.2/common/technology/xilinx/interface/saxilite.hlp 
Execute         source C:/Xilinx/Vitis_HLS/2020.2/common/technology/xilinx/DSP48/dsp48.hlp 
Execute         source C:/Xilinx/Vitis_HLS/2020.2/common/technology/xilinx/DSP48/zynquplus_dsp48e2.hlp 
Execute       source C:/Xilinx/Vitis_HLS/2020.2/common/technology/xilinx/common/xilinx.gen 
Execute         source C:/Xilinx/Vitis_HLS/2020.2/common/technology/xilinx/interface/plb46.gen 
Execute         source C:/Xilinx/Vitis_HLS/2020.2/common/technology/xilinx/interface/axi4.gen 
Execute         source C:/Xilinx/Vitis_HLS/2020.2/common/technology/xilinx/interface/nativeAXI4.gen 
Execute           source C:/Xilinx/Vitis_HLS/2020.2/common/technology/xilinx/interface/saxilite.gen 
Execute           source C:/Xilinx/Vitis_HLS/2020.2/common/technology/xilinx/interface/maxi.gen 
Execute         source C:/Xilinx/Vitis_HLS/2020.2/common/technology/xilinx/scripts/xilinxcoregen.gen 
Execute         source C:/Xilinx/Vitis_HLS/2020.2/common/technology/xilinx/interface/XilEDKCoreGen.gen 
Execute         source C:/Xilinx/Vitis_HLS/2020.2/common/technology/xilinx/ip/dds_compiler.gen 
Execute         source C:/Xilinx/Vitis_HLS/2020.2/common/technology/xilinx/ip/util.gen 
Execute         source C:/Xilinx/Vitis_HLS/2020.2/common/technology/xilinx/ip/xfft.gen 
Execute         source C:/Xilinx/Vitis_HLS/2020.2/common/technology/xilinx/ip/xfir.gen 
Execute         source C:/Xilinx/Vitis_HLS/2020.2/common/technology/xilinx/DSP48/dsp48.gen 
Command     add_library done; 0.138 sec.
Execute     ap_part_info -name xczu7ev-ffvc1156-2-e -data info 
Execute     config_compile -quiet -complex-mul-dsp=0 
Command   set_part done; 0.177 sec.
Execute   create_clock -period 10 -name default 
INFO: [HLS 200-1510] Running: create_clock -period 10 -name default 
Execute   source ./dataflow/solution1/directives.tcl 
Execute     set_directive_top -name adder adder 
INFO: [HLS 200-1510] Running: set_directive_top -name adder adder 
INFO-FLOW: Setting directive 'TOP' name=adder 
Execute   csynth_design 
INFO: [HLS 200-1510] Running: csynth_design 
Execute     get_config_compile -effort 
Execute     get_config_compile -enable_clang39 
Execute     get_config_compile -g 
Execute     get_config_compile -ng 
Execute     get_config_compile -opt_fp 
Execute     get_config_compile -skip_cdt 
Execute     get_config_compile -skip_syncheck 
Execute     get_config_compile -skip_transform 
Execute     get_config_compile -keep_printf 
Execute     elaborate -effort=medium -skip_syncheck=0 -keep_printf=0 -skip_cdt=0 -skip_transform=0 -ng=0 -g=0 -opt_fp=0 -from_csynth_design=1 
INFO: [HLS 200-111] Finished File checks and directory preparation: CPU user time: 0 seconds. CPU system time: 0 seconds. Elapsed time: 0.109 seconds; current allocated memory: 191.495 MB.
INFO: [HLS 200-10] Analyzing design file 'aaa.cpp' ... 
INFO-FLOW: Compiling one TU...
Execute       get_config_compile -pragma_strict_mode 
INFO-FLOW: Handling aaa.cpp as C++
Execute       ap_part_info -name xczu7ev-ffvc1156-2-e -data info 
INFO-FLOW: Running: GCC PP 39
INFO-FLOW: Source preprocessing
Execute       ap_eval exec -ignorestderr C:/Xilinx/Vitis_HLS/2020.2/win64/tools/clang-3.9-csynth/bin/clang aaa.cpp -foptimization-record-file=C:/Users/Lab611/Desktop/Portal/yuri-project/2022HLS/LAB_dataflow/dataflow/solution1/.autopilot/db/clang.aaa.cpp.diag.yml -mllvm -pass-remarks-missed=reflow|pasta|unroll -mllvm -pass-remarks=reflow|pasta|unroll|inline -fno-limit-debug-info --sysroot C:/Xilinx/Vitis_HLS/2020.2/tps/mingw/6.2.0/win64.o/nt -fhls -fno-exceptions -E -fno-math-errno -c -emit-llvm -mllvm -disable-llvm-optzns -Werror=implicit-function-declaration -Werror=implicit-hls-streams -Werror=return-type -Wpragmas -Wunused-parameter -fno-threadsafe-statics -fno-use-cxa-atexit -std=gnu++14 -target fpga64-xilinx-mingw32 -fno-threadsafe-statics -fno-use-cxa-atexit -I C:/Xilinx/Vitis_HLS/2020.2/common/technology/autopilot/39 -D__VITIS_HLS__ -DAESL_SYN -D__SYNTHESIS__ -D__HLS_SYN__ -I C:/Xilinx/Vitis_HLS/2020.2/common/technology/autopilot -I C:/Xilinx/Vitis_HLS/2020.2/common/technology/autopilot/ap_sysc -include etc/autopilot_ssdm_op.h -D__DSP48E2__ -o C:/Users/Lab611/Desktop/Portal/yuri-project/2022HLS/LAB_dataflow/dataflow/solution1/.autopilot/db/aaa.pp.0.cpp > C:/Users/Lab611/Desktop/Portal/yuri-project/2022HLS/LAB_dataflow/dataflow/solution1/.autopilot/db/clang.aaa.cpp.out.log 2> C:/Users/Lab611/Desktop/Portal/yuri-project/2022HLS/LAB_dataflow/dataflow/solution1/.autopilot/db/clang.aaa.cpp.err.log 
Command       ap_eval done; 0.137 sec.
INFO-FLOW: Done: GCC PP 39 time: 0.1 seconds per iteration
Execute       set_directive_top adder -name=adder 
INFO-FLOW: Setting directive 'TOP' name=adder 
INFO-FLOW: Setting directive 'TOP' name=adder 
INFO-FLOW: Setting directive 'TOP' name=adder 
INFO-FLOW: Setting directive 'TOP' name=adder 
Execute       source C:/Xilinx/Vitis_HLS/2020.2/tps/tcl/tcllib1.11.1/yaml/huddle.tcl 
Execute       source C:/Xilinx/Vitis_HLS/2020.2/tps/tcl/tcllib1.11.1/yaml/json2huddle.tcl 
Execute         source C:/Xilinx/Vitis_HLS/2020.2/tps/tcl/tcllib1.11.1/try/try.tcl 
INFO-FLOW: Setting directive 'TOP' name=adder 
INFO-FLOW: Setting directive 'TOP' name=adder 
Execute       list_core -type functional_unit 
Execute       clang_tidy xilinx-systemc-detector C:/Users/Lab611/Desktop/Portal/yuri-project/2022HLS/LAB_dataflow/dataflow/solution1/.autopilot/db/aaa.pp.0.cpp std=gnu++14 -target fpga  -directive=C:/Users/Lab611/Desktop/Portal/yuri-project/2022HLS/LAB_dataflow/dataflow/solution1/.autopilot/db/.systemc_flag 
INFO-FLOW: exec C:/Xilinx/Vitis_HLS/2020.2/win64/tools/clang-3.9-csynth/bin/clang-tidy -header-filter=.* --checks=-*,xilinx-systemc-detector -import-directive=C:/Users/Lab611/Desktop/Portal/yuri-project/2022HLS/LAB_dataflow/dataflow/solution1/.autopilot/db/.systemc_flag -fix-errors C:/Users/Lab611/Desktop/Portal/yuri-project/2022HLS/LAB_dataflow/dataflow/solution1/.autopilot/db/aaa.pp.0.cpp -- -std=gnu++14 -target fpga -fhls -ferror-limit=0
Command       clang_tidy done; 0.421 sec.
INFO-FLOW: Running: clang-tidy CDT preprocess 39
Execute       clang_tidy xilinx-directive2pragma C:/Users/Lab611/Desktop/Portal/yuri-project/2022HLS/LAB_dataflow/dataflow/solution1/.autopilot/db/aaa.pp.0.cpp std=gnu++14 -target fpga  -directive=C:/Users/Lab611/Desktop/Portal/yuri-project/2022HLS/LAB_dataflow/dataflow/solution1/.autopilot/db/all.directive.json 
INFO-FLOW: exec C:/Xilinx/Vitis_HLS/2020.2/win64/tools/clang-3.9-csynth/bin/clang-tidy -header-filter=.* --checks=-*,xilinx-directive2pragma -import-directive=C:/Users/Lab611/Desktop/Portal/yuri-project/2022HLS/LAB_dataflow/dataflow/solution1/.autopilot/db/all.directive.json -fix-errors C:/Users/Lab611/Desktop/Portal/yuri-project/2022HLS/LAB_dataflow/dataflow/solution1/.autopilot/db/aaa.pp.0.cpp -- -std=gnu++14 -target fpga -fhls -ferror-limit=0
Command       clang_tidy done; 0.614 sec.
Execute       clang_tidy xilinx-constantarray-param,xilinx-remove-assert C:/Users/Lab611/Desktop/Portal/yuri-project/2022HLS/LAB_dataflow/dataflow/solution1/.autopilot/db/aaa.pp.0.cpp std=gnu++14 -target fpga  
INFO-FLOW: exec C:/Xilinx/Vitis_HLS/2020.2/win64/tools/clang-3.9-csynth/bin/clang-tidy -header-filter=.* --checks=-*,xilinx-constantarray-param,xilinx-remove-assert -fix-errors C:/Users/Lab611/Desktop/Portal/yuri-project/2022HLS/LAB_dataflow/dataflow/solution1/.autopilot/db/aaa.pp.0.cpp -- -std=gnu++14 -target fpga -fhls -ferror-limit=0
Command       clang_tidy done; 0.458 sec.
INFO-FLOW: Done: clang-tidy CDT preprocess 39 time: 1.1 seconds per iteration
INFO-FLOW: Calling xilinx-label-all-loops ... 
Execute       clang_tidy -errorcheck xilinx-label-all-loops,xilinx-top-parameters,xilinx-array-stream-check,xilinx-warn-mayneed-no-ctor-attribute C:/Users/Lab611/Desktop/Portal/yuri-project/2022HLS/LAB_dataflow/dataflow/solution1/.autopilot/db/aaa.pp.0.cpp std=gnu++14 -target fpga  
Execute         ap_eval exec -ignorestderr C:/Xilinx/Vitis_HLS/2020.2/win64/tools/clang-3.9-csynth/bin/clang-tidy -export-fixes=C:/Users/Lab611/Desktop/Portal/yuri-project/2022HLS/LAB_dataflow/dataflow/solution1/.autopilot/db/clang-tidy.aaa.pp.0.cpp.diag.yml -header-filter=.* --checks=-*,xilinx-label-all-loops,xilinx-top-parameters,xilinx-array-stream-check,xilinx-warn-mayneed-no-ctor-attribute -fix-errors C:/Users/Lab611/Desktop/Portal/yuri-project/2022HLS/LAB_dataflow/dataflow/solution1/.autopilot/db/aaa.pp.0.cpp -- -std=gnu++14 -target fpga -fhls -ferror-limit=0 > C:/Users/Lab611/Desktop/Portal/yuri-project/2022HLS/LAB_dataflow/dataflow/solution1/.autopilot/db/clang-tidy.aaa.pp.0.cpp.out.log 2> C:/Users/Lab611/Desktop/Portal/yuri-project/2022HLS/LAB_dataflow/dataflow/solution1/.autopilot/db/clang-tidy.aaa.pp.0.cpp.err.log 
Command         ap_eval done; 0.757 sec.
Execute         source C:/Xilinx/Vitis_HLS/2020.2/tps/tcl/tcllib1.11.1/yaml/yaml.tcl 
Execute           source C:/Xilinx/Vitis_HLS/2020.2/tps/tcl/tcllib1.11.1/cmdline/cmdline.tcl 
Command       clang_tidy done; 0.782 sec.
Execute       get_config_dataflow -strict_mode 
Execute       ap_eval exec -ignorestderr C:/Xilinx/Vitis_HLS/2020.2/win64/tools/clang-3.9-csynth/bin/xilinx-dataflow-lawyer -export-fixes=C:/Users/Lab611/Desktop/Portal/yuri-project/2022HLS/LAB_dataflow/dataflow/solution1/.autopilot/db/xilinx-dataflow-lawyer.aaa.pp.0.cpp.diag.yml C:/Users/Lab611/Desktop/Portal/yuri-project/2022HLS/LAB_dataflow/dataflow/solution1/.autopilot/db/aaa.pp.0.cpp -- -std=gnu++14 -target fpga -fhls -ferror-limit=0 -fstrict-dataflow > C:/Users/Lab611/Desktop/Portal/yuri-project/2022HLS/LAB_dataflow/dataflow/solution1/.autopilot/db/xilinx-dataflow-lawyer.aaa.pp.0.cpp.out.log 2> C:/Users/Lab611/Desktop/Portal/yuri-project/2022HLS/LAB_dataflow/dataflow/solution1/.autopilot/db/xilinx-dataflow-lawyer.aaa.pp.0.cpp.err.log 
Command       ap_eval done; 0.408 sec.
Execute       ap_part_info -name xczu7ev-ffvc1156-2-e -data info 
INFO-FLOW: compiling source code to llvm bc
Execute       ap_eval exec -ignorestderr C:/Xilinx/Vitis_HLS/2020.2/win64/tools/clang-3.9-csynth/bin/clang -foptimization-record-file=C:/Users/Lab611/Desktop/Portal/yuri-project/2022HLS/LAB_dataflow/dataflow/solution1/.autopilot/db/clang.aaa.pp.0.cpp.diag.yml -mllvm -pass-remarks-missed=reflow|pasta|unroll -mllvm -pass-remarks=reflow|pasta|unroll|inline -fno-limit-debug-info -fhls -flto -fno-exceptions -Wno-error=c++11-narrowing C:/Users/Lab611/Desktop/Portal/yuri-project/2022HLS/LAB_dataflow/dataflow/solution1/.autopilot/db/aaa.pp.0.cpp -fno-math-errno -c -emit-llvm -mllvm -disable-llvm-optzns -Werror=implicit-function-declaration -Werror=implicit-hls-streams -Werror=return-type -Wpragmas -Wunused-parameter -fno-threadsafe-statics -fno-use-cxa-atexit -std=gnu++14 -target fpga64-xilinx-linux-gnu -D__VITIS_HLS__ -DAESL_SYN -D__SYNTHESIS__ -D__HLS_SYN__ -I C:/Xilinx/Vitis_HLS/2020.2/common/technology/autopilot -I C:/Xilinx/Vitis_HLS/2020.2/common/technology/autopilot/ap_sysc -include etc/autopilot_ssdm_op.h -D__DSP48E2__ -g -o C:/Users/Lab611/Desktop/Portal/yuri-project/2022HLS/LAB_dataflow/dataflow/solution1/.autopilot/db/aaa.bc > C:/Users/Lab611/Desktop/Portal/yuri-project/2022HLS/LAB_dataflow/dataflow/solution1/.autopilot/db/clang.aaa.pp.0.cpp.out.log 2> C:/Users/Lab611/Desktop/Portal/yuri-project/2022HLS/LAB_dataflow/dataflow/solution1/.autopilot/db/clang.aaa.pp.0.cpp.err.log 
Command       ap_eval done; 0.417 sec.
INFO: [HLS 200-111] Finished Source Code Analysis and Preprocessing: CPU user time: 1 seconds. CPU system time: 0 seconds. Elapsed time: 3.427 seconds; current allocated memory: 192.930 MB.
INFO-FLOW: Linking Debug ...
INFO-FLOW: Linking dut bc code.
Execute       run_link_or_opt -out C:/Users/Lab611/Desktop/Portal/yuri-project/2022HLS/LAB_dataflow/dataflow/solution1/.autopilot/db/a.g.ld.0.bc -args  "C:/Users/Lab611/Desktop/Portal/yuri-project/2022HLS/LAB_dataflow/dataflow/solution1/.autopilot/db/aaa.g.bc"  
Execute         ap_eval exec -ignorestderr C:/Xilinx/Vitis_HLS/2020.2/win64/tools/clang-3.9-csynth/bin/llvm-link C:/Users/Lab611/Desktop/Portal/yuri-project/2022HLS/LAB_dataflow/dataflow/solution1/.autopilot/db/aaa.g.bc -o C:/Users/Lab611/Desktop/Portal/yuri-project/2022HLS/LAB_dataflow/dataflow/solution1/.autopilot/db/a.g.ld.0.bc > C:/Users/Lab611/Desktop/Portal/yuri-project/2022HLS/LAB_dataflow/dataflow/solution1/.autopilot/db/llvm-link.a.g.ld.0.bc.out.log 2> C:/Users/Lab611/Desktop/Portal/yuri-project/2022HLS/LAB_dataflow/dataflow/solution1/.autopilot/db/llvm-link.a.g.ld.0.bc.err.log 
INFO-FLOW: 
Execute       run_link_or_opt -opt -out C:/Users/Lab611/Desktop/Portal/yuri-project/2022HLS/LAB_dataflow/dataflow/solution1/.autopilot/db/a.g.ld.1.lower.bc -args C:/Users/Lab611/Desktop/Portal/yuri-project/2022HLS/LAB_dataflow/dataflow/solution1/.autopilot/db/a.g.ld.0.bc -reflow-lower-math-intrinsics 
Execute         ap_eval exec -ignorestderr C:/Xilinx/Vitis_HLS/2020.2/win64/tools/clang-3.9-csynth/bin/opt -pass-remarks-missed=reflow|pasta|unroll -pass-remarks=reflow|pasta|unroll|inline -pass-remarks-output=C:/Users/Lab611/Desktop/Portal/yuri-project/2022HLS/LAB_dataflow/dataflow/solution1/.autopilot/db/opt.a.g.ld.1.lower.bc.diag.yml C:/Users/Lab611/Desktop/Portal/yuri-project/2022HLS/LAB_dataflow/dataflow/solution1/.autopilot/db/a.g.ld.0.bc -reflow-lower-math-intrinsics -o C:/Users/Lab611/Desktop/Portal/yuri-project/2022HLS/LAB_dataflow/dataflow/solution1/.autopilot/db/a.g.ld.1.lower.bc > C:/Users/Lab611/Desktop/Portal/yuri-project/2022HLS/LAB_dataflow/dataflow/solution1/.autopilot/db/opt.a.g.ld.1.lower.bc.out.log 2> C:/Users/Lab611/Desktop/Portal/yuri-project/2022HLS/LAB_dataflow/dataflow/solution1/.autopilot/db/opt.a.g.ld.1.lower.bc.err.log 
INFO-FLOW: 
INFO-FLOW: Linking math bc lib
Execute       run_link_or_opt -out C:/Users/Lab611/Desktop/Portal/yuri-project/2022HLS/LAB_dataflow/dataflow/solution1/.autopilot/db/a.g.ld.2.m1.bc -args C:/Users/Lab611/Desktop/Portal/yuri-project/2022HLS/LAB_dataflow/dataflow/solution1/.autopilot/db/a.g.ld.1.lower.bc -only-needed C:/Xilinx/Vitis_HLS/2020.2/win64/lib/libhlsm_39.bc C:/Xilinx/Vitis_HLS/2020.2/win64/lib/libhlsmc++_39.bc 
Execute         ap_eval exec -ignorestderr C:/Xilinx/Vitis_HLS/2020.2/win64/tools/clang-3.9-csynth/bin/llvm-link C:/Users/Lab611/Desktop/Portal/yuri-project/2022HLS/LAB_dataflow/dataflow/solution1/.autopilot/db/a.g.ld.1.lower.bc -only-needed C:/Xilinx/Vitis_HLS/2020.2/win64/lib/libhlsm_39.bc C:/Xilinx/Vitis_HLS/2020.2/win64/lib/libhlsmc++_39.bc -o C:/Users/Lab611/Desktop/Portal/yuri-project/2022HLS/LAB_dataflow/dataflow/solution1/.autopilot/db/a.g.ld.2.m1.bc > C:/Users/Lab611/Desktop/Portal/yuri-project/2022HLS/LAB_dataflow/dataflow/solution1/.autopilot/db/llvm-link.a.g.ld.2.m1.bc.out.log 2> C:/Users/Lab611/Desktop/Portal/yuri-project/2022HLS/LAB_dataflow/dataflow/solution1/.autopilot/db/llvm-link.a.g.ld.2.m1.bc.err.log 
Command         ap_eval done; 2.214 sec.
INFO-FLOW: 
Command       run_link_or_opt done; 2.216 sec.
Execute       run_link_or_opt -opt -out C:/Users/Lab611/Desktop/Portal/yuri-project/2022HLS/LAB_dataflow/dataflow/solution1/.autopilot/db/a.g.ld.3.fpc.bc -args C:/Users/Lab611/Desktop/Portal/yuri-project/2022HLS/LAB_dataflow/dataflow/solution1/.autopilot/db/a.g.ld.2.m1.bc -reflow-globaldce -hls-top-function-name=adder -reflow-float-conversion 
Execute         ap_eval exec -ignorestderr C:/Xilinx/Vitis_HLS/2020.2/win64/tools/clang-3.9-csynth/bin/opt -pass-remarks-missed=reflow|pasta|unroll -pass-remarks=reflow|pasta|unroll|inline -pass-remarks-output=C:/Users/Lab611/Desktop/Portal/yuri-project/2022HLS/LAB_dataflow/dataflow/solution1/.autopilot/db/opt.a.g.ld.3.fpc.bc.diag.yml C:/Users/Lab611/Desktop/Portal/yuri-project/2022HLS/LAB_dataflow/dataflow/solution1/.autopilot/db/a.g.ld.2.m1.bc -reflow-globaldce -hls-top-function-name=adder -reflow-float-conversion -o C:/Users/Lab611/Desktop/Portal/yuri-project/2022HLS/LAB_dataflow/dataflow/solution1/.autopilot/db/a.g.ld.3.fpc.bc > C:/Users/Lab611/Desktop/Portal/yuri-project/2022HLS/LAB_dataflow/dataflow/solution1/.autopilot/db/opt.a.g.ld.3.fpc.bc.out.log 2> C:/Users/Lab611/Desktop/Portal/yuri-project/2022HLS/LAB_dataflow/dataflow/solution1/.autopilot/db/opt.a.g.ld.3.fpc.bc.err.log 
Command         ap_eval done; 0.822 sec.
INFO-FLOW: 
Command       run_link_or_opt done; 0.826 sec.
Execute       run_link_or_opt -out C:/Users/Lab611/Desktop/Portal/yuri-project/2022HLS/LAB_dataflow/dataflow/solution1/.autopilot/db/a.g.ld.4.m2.bc -args C:/Users/Lab611/Desktop/Portal/yuri-project/2022HLS/LAB_dataflow/dataflow/solution1/.autopilot/db/a.g.ld.3.fpc.bc -only-needed C:/Xilinx/Vitis_HLS/2020.2/win64/lib/libfloatconversion_39.bc 
Execute         ap_eval exec -ignorestderr C:/Xilinx/Vitis_HLS/2020.2/win64/tools/clang-3.9-csynth/bin/llvm-link C:/Users/Lab611/Desktop/Portal/yuri-project/2022HLS/LAB_dataflow/dataflow/solution1/.autopilot/db/a.g.ld.3.fpc.bc -only-needed C:/Xilinx/Vitis_HLS/2020.2/win64/lib/libfloatconversion_39.bc -o C:/Users/Lab611/Desktop/Portal/yuri-project/2022HLS/LAB_dataflow/dataflow/solution1/.autopilot/db/a.g.ld.4.m2.bc > C:/Users/Lab611/Desktop/Portal/yuri-project/2022HLS/LAB_dataflow/dataflow/solution1/.autopilot/db/llvm-link.a.g.ld.4.m2.bc.out.log 2> C:/Users/Lab611/Desktop/Portal/yuri-project/2022HLS/LAB_dataflow/dataflow/solution1/.autopilot/db/llvm-link.a.g.ld.4.m2.bc.err.log 
INFO-FLOW: 
Execute       run_link_or_opt -opt -out C:/Users/Lab611/Desktop/Portal/yuri-project/2022HLS/LAB_dataflow/dataflow/solution1/.autopilot/db/a.g.ld.5.gdce.bc -args C:/Users/Lab611/Desktop/Portal/yuri-project/2022HLS/LAB_dataflow/dataflow/solution1/.autopilot/db/a.g.ld.4.m2.bc -reflow-globaldce -hls-top-function-name=adder 
Execute         ap_eval exec -ignorestderr C:/Xilinx/Vitis_HLS/2020.2/win64/tools/clang-3.9-csynth/bin/opt -pass-remarks-missed=reflow|pasta|unroll -pass-remarks=reflow|pasta|unroll|inline -pass-remarks-output=C:/Users/Lab611/Desktop/Portal/yuri-project/2022HLS/LAB_dataflow/dataflow/solution1/.autopilot/db/opt.a.g.ld.5.gdce.bc.diag.yml C:/Users/Lab611/Desktop/Portal/yuri-project/2022HLS/LAB_dataflow/dataflow/solution1/.autopilot/db/a.g.ld.4.m2.bc -reflow-globaldce -hls-top-function-name=adder -o C:/Users/Lab611/Desktop/Portal/yuri-project/2022HLS/LAB_dataflow/dataflow/solution1/.autopilot/db/a.g.ld.5.gdce.bc > C:/Users/Lab611/Desktop/Portal/yuri-project/2022HLS/LAB_dataflow/dataflow/solution1/.autopilot/db/opt.a.g.ld.5.gdce.bc.out.log 2> C:/Users/Lab611/Desktop/Portal/yuri-project/2022HLS/LAB_dataflow/dataflow/solution1/.autopilot/db/opt.a.g.ld.5.gdce.bc.err.log 
INFO-FLOW: 
Execute       get_solution -flow_target 
Execute       get_config_export -xo 
Execute       get_config_export -format 
Execute       get_config_rtl -module_prefix 
Execute       get_config_interface -default_slave_interface 
Execute       get_solution -flow_target 
Execute       get_config_export -xo 
Execute       get_config_export -format 
Execute       get_config_interface -m_axi_offset 
Execute       get_config_interface -m_axi_latency 
Execute       get_config_interface -m_axi_alignment_byte_size 
Execute       get_config_interface -m_axi_min_bitwidth 
Execute       get_config_interface -m_axi_max_bitwidth 
Execute       get_config_interface -m_axi_max_widen_bitwidth 
Execute       get_config_interface -m_axi_num_read_outstanding 
Execute       get_config_interface -m_axi_num_write_outstanding 
Execute       get_config_interface -m_axi_max_read_burst_length 
Execute       get_config_interface -m_axi_max_write_burst_length 
Execute       get_config_interface -m_axi_min_bitwidth 
Execute       get_config_interface -m_axi_max_bitwidth 
Execute       get_config_interface -m_axi_latency 
Execute       get_config_interface -m_axi_min_bitwidth 
Execute       get_config_interface -m_axi_max_bitwidth 
Execute       get_config_interface -m_axi_max_widen_bitwidth 
Execute       get_config_interface -m_axi_auto_max_ports 
Execute       get_config_interface -m_axi_num_read_outstanding 
Execute       get_config_interface -m_axi_num_write_outstanding 
Execute       get_config_interface -m_axi_max_read_burst_length 
Execute       get_config_interface -m_axi_max_write_burst_length 
Execute       get_config_interface -s_axilite_data64 
Execute       get_config_interface -m_axi_alignment_byte_size 
Execute       get_config_compile -pragma_strict_mode 
Execute       get_config_compile -pipeline_style 
Execute       send_msg_by_id INFO @200-777@%s Vivado 
INFO: [HLS 200-777] Using interface defaults for 'Vivado' flow target.
Execute       is_m_axi_addr64 
INFO-FLOW: Doing LTO.
Execute       ap_eval exec -ignorestderr C:/Xilinx/Vitis_HLS/2020.2/win64/tools/clang-3.9-csynth/bin/clang -foptimization-record-file=C:/Users/Lab611/Desktop/Portal/yuri-project/2022HLS/LAB_dataflow/dataflow/solution1/.autopilot/db/clang.a.g.ld.0.bc.diag.yml -mllvm -pass-remarks-missed=reflow|pasta|unroll -mllvm -pass-remarks=reflow|pasta|unroll|inline -fhls -mllvm -hls-top-function-name=adder -mllvm -hls-db-dir -mllvm C:/Users/Lab611/Desktop/Portal/yuri-project/2022HLS/LAB_dataflow/dataflow/solution1/.autopilot/db -emit-llvm -c -target fpga64-xilinx-none -mllvm -xcl-xmlinfo=C:/Users/Lab611/Desktop/Portal/yuri-project/2022HLS/LAB_dataflow/dataflow/solution1/.autopilot/db/kernel.internal.xml -mllvm -top-io-mapping-info=C:/Users/Lab611/Desktop/Portal/yuri-project/2022HLS/LAB_dataflow/dataflow/solution1/.autopilot/db/top-io-fe.xml -mllvm -hls-bitcode-version=3.1 -mllvm -reflow-enable-slave-interface-default-setting=true -mllvm -gen-kernel-xml=false -mllvm -default-maxi-offset=off -mllvm -maxi-latency=0 -mllvm -hls-maxi-data-size-in-bits=8 -mllvm -hls-maxi-max-data-size-in-bits=1024 -mllvm -hls-max-widen-size-in-bits=0 -mllvm -xcl-kernel-max-mem-ports=0 -mllvm -maxi-read-trans=16 -mllvm -maxi-write-trans=16 -mllvm -maxi-read-burst-len=16 -mllvm -maxi-write-burst-len=16 -mllvm -reflow-enable-saxi-64bits=0 -mllvm -assume-maxi-align=0 -mllvm -no-unaligned-maxi-accesses -mllvm -reflow-pipeline-style-llvm-setting=0 -mllvm -disable-inlined-alloca-merging=true -x ir C:/Users/Lab611/Desktop/Portal/yuri-project/2022HLS/LAB_dataflow/dataflow/solution1/.autopilot/db/a.g.ld.5.gdce.bc -o C:/Users/Lab611/Desktop/Portal/yuri-project/2022HLS/LAB_dataflow/dataflow/solution1/.autopilot/db/a.g.lto.bc > C:/Users/Lab611/Desktop/Portal/yuri-project/2022HLS/LAB_dataflow/dataflow/solution1/.autopilot/db/clang.a.g.ld.0.bc.out.log 2> C:/Users/Lab611/Desktop/Portal/yuri-project/2022HLS/LAB_dataflow/dataflow/solution1/.autopilot/db/clang.a.g.ld.0.bc.err.log 
INFO: [HLS 214-131] Inlining function 'hls::stream<unsigned int, 0>::write(unsigned int const&)' into 'hls::stream<unsigned int, 0>::operator<<(unsigned int const&)' (C:/Xilinx/Vitis_HLS/2020.2/common/technology/autopilot/hls_stream_39.h:129:9)
INFO: [HLS 214-131] Inlining function 'hls::stream<unsigned int, 0>::operator<<(unsigned int const&)' into 'read_input(unsigned int*, hls::stream<unsigned int, 0>&, int)' (aaa.cpp:75:11)
INFO: [HLS 214-131] Inlining function 'hls::stream<unsigned int, 0>::read(unsigned int&)' into 'hls::stream<unsigned int, 0>::read()' (C:/Xilinx/Vitis_HLS/2020.2/common/technology/autopilot/hls_stream_39.h:156:9)
INFO: [HLS 214-131] Inlining function 'hls::stream<unsigned int, 0>::read()' into 'compute_add(hls::stream<unsigned int, 0>&, hls::stream<unsigned int, 0>&, int, int)' (aaa.cpp:90:25)
INFO: [HLS 214-131] Inlining function 'hls::stream<unsigned int, 0>::operator<<(unsigned int const&)' into 'compute_add(hls::stream<unsigned int, 0>&, hls::stream<unsigned int, 0>&, int, int)' (aaa.cpp:90:12)
INFO: [HLS 214-131] Inlining function 'hls::stream<unsigned int, 0>::read()' into 'write_result(unsigned int*, hls::stream<unsigned int, 0>&, int)' (aaa.cpp:103:21)
INFO: [HLS 214-131] Inlining function 'hls::stream<unsigned int, 0>::stream(char const*)' into 'adder' (aaa.cpp:127:35)
INFO: [HLS 214-131] Inlining function 'hls::stream<unsigned int, 0>::stream(char const*)' into 'adder' (aaa.cpp:128:38)
WARNING: [HLS 214-205] The INTERFACE pragma must have a max_widen_bitwidth setting that is both a power of 2 and in the range [0, 1024]. The current value of '0' will be ignored, in 'adder' (aaa.cpp:116:0)
WARNING: [HLS 214-205] The INTERFACE pragma must have a max_widen_bitwidth setting that is both a power of 2 and in the range [0, 1024]. The current value of '0' will be ignored, in 'adder' (aaa.cpp:116:0)
INFO: [HLS 214-115] Multiple burst reads of variable length and bit width 32 in loop 'mem_rd'(aaa.cpp:71:5) has been inferred on port 'gmem' (aaa.cpp:71:5)
INFO: [HLS 214-115] Multiple burst writes of variable length and bit width 32 in loop 'mem_wr'(aaa.cpp:99:5) has been inferred on port 'gmem' (aaa.cpp:99:5)
INFO-FLOW: DBG:CMD: copy_raw_kernel_xml ap_link_39: kernel.xml not generated: C:/Users/Lab611/Desktop/Portal/yuri-project/2022HLS/LAB_dataflow/dataflow/solution1/.autopilot/db/kernel.internal.xml
INFO: [HLS 200-111] Finished Compiling Optimization and Transform: CPU user time: 0 seconds. CPU system time: 0 seconds. Elapsed time: 3.555 seconds; current allocated memory: 194.100 MB.
INFO: [HLS 200-111] Finished Checking Pragmas: CPU user time: 0 seconds. CPU system time: 0 seconds. Elapsed time: 0.082 seconds; current allocated memory: 194.101 MB.
Execute       opt_and_import_c a -opt_level=2 -skip_syncheck=0 -ng=0 -keep_printf=0 
Execute         cleanup_all_models 
INFO: [HLS 200-10] Starting code transformations ...
INFO-FLOW: Running Standard Transforms...
Execute         transform -hls -share-std-xform -demangle-name -inline-byval-memcpy -always-inline -promote-dbg-pointer -interface-preproc -mem2reg -scalarrepl -mem2reg -keep-read-access -instcombine -dce -promote-dbg-pointer -bitop-raise -loop-simplify -indvarspre -indvars -loop-simplify -xunroll -constprop -instcombine -simplifycfg -indvars -simplifycfg -dce -globaldce -basicaa -simplifycfg -mem2reg -globalopt -global-constprop -deadargelim -instcombine -simplifycfg -scalarrepl -instcombine -reassociate -licm -simplifycfg -loop-simplify -indvars -instcombine -simplifycfg -mem2reg -loop-simplify -indvars -instcombine -gvn -gvn -instcombine -adce -break-crit-edges -simplifycfg -loop-delete -global-array-opt -dce -dse -adce -find-syn-modules -top adder -deadargelim -mem2reg -instcombine -dce -presyn-prepare -auto-rom-infer -interface-preproc -syn-check -check-rec-only -find-region -simplifycfg -func-extr -function-inline -globaldce -mem2reg -instcombine -dce -gvn -globaldce -adce -adse -constprop -instcombine -bit-constprop -instcombine -dce -simplifycfg -bitop-raise -simplifycfg -dce -loop-delete -reassociate -globalopt -global-privatize -mem2reg -dce -global-constprop -pointer-simplify -constprop -dce -func-inst -deadargelim -auto-shift-reg-idiom -promote-dbg-pointer -norm-name C:/Users/Lab611/Desktop/Portal/yuri-project/2022HLS/LAB_dataflow/dataflow/solution1/.autopilot/db/a.g.0.bc -o C:/Users/Lab611/Desktop/Portal/yuri-project/2022HLS/LAB_dataflow/dataflow/solution1/.autopilot/db/a.g.1.bc -f -phase std-opt 
INFO: [HLS 200-111] Finished Standard Transforms: CPU user time: 0 seconds. CPU system time: 0 seconds. Elapsed time: 0.111 seconds; current allocated memory: 195.365 MB.
INFO: [HLS 200-10] Checking synthesizability ...
INFO-FLOW: Checking Synthesizability 1/2..
Execute         transform -hls -syn-check -check-rec-only -disaggr -scalarrepl -norm-name -dce -mem2reg -instcombine -function-uniquify -directive-preproc -mem2reg -dse -dce -auto-rom-infer -dce -pag -array-normalize -instcombine -dce -array-seg-normalize -instcombine -dce -data-pack -instcombine -dce -inst-simplify -array-flatten -instcombine -dce -array-burst -dce -deadargelim -promote-global-argument -simplifycfg -mem2reg -globaldce -dce -deadargelim -dce -instcombine -function-inline -globaldce -dce -doublePtrSimplify -doublePtrElim -dce -doublePtrSimplify -promote-dbg-pointer -dce -scalarrepl -dse -adse -instcombine -ptrLegalization -simplifycfg -dce -instcombine -pointer-simplify -ptrArgReplace -dce -instcombine -resolve-double-ptr -disaggr -scalarrepl -norm-name -dce -mem2reg -instcombine -ptrLegalization -simplifycfg -deadargelim -instcombine -dce -inst-simplify -function-uniquify -directive-preproc -mem2reg -dse -dce -globaldce -check-dspbuiltin C:/Users/Lab611/Desktop/Portal/yuri-project/2022HLS/LAB_dataflow/dataflow/solution1/.autopilot/db/a.g.1.bc -o C:/Users/Lab611/Desktop/Portal/yuri-project/2022HLS/LAB_dataflow/dataflow/solution1/.autopilot/db/a.g.2.prechk.bc -f 
INFO-FLOW: Checking Synthesizability 2/2..
Execute         transform -syn-check C:/Users/Lab611/Desktop/Portal/yuri-project/2022HLS/LAB_dataflow/dataflow/solution1/.autopilot/db/a.g.2.prechk.bc -o C:/Users/Lab611/Desktop/Portal/yuri-project/2022HLS/LAB_dataflow/dataflow/solution1/.autopilot/db/a.g.2.bc -f -phase syn-check 
INFO: [HLS 200-111] Finished Checking Synthesizability: CPU user time: 0 seconds. CPU system time: 0 seconds. Elapsed time: 0.137 seconds; current allocated memory: 194.722 MB.
INFO-FLOW: Compiler optimizing ...
INFO-FLOW: Share syncheck's 1.bc for syn flow: copy C:/Users/Lab611/Desktop/Portal/yuri-project/2022HLS/LAB_dataflow/dataflow/solution1/.autopilot/db/a.g.1.bc to C:/Users/Lab611/Desktop/Portal/yuri-project/2022HLS/LAB_dataflow/dataflow/solution1/.autopilot/db/a.o.1.bc
INFO-FLOW: Presyn 1...
Execute         transform -hls -tmp C:/Users/Lab611/Desktop/Portal/yuri-project/2022HLS/LAB_dataflow/dataflow/solution1/.autopilot/db -interface-port-rename -function-uniquify -directive-preproc -mem2reg -dse -dce -disaggr -scalarrepl -norm-name -deadargelim -mem2reg -instcombine -dce -simplifycfg -auto-rom-infer -dce -function-uniquify -resource-proc -clib-intrinsic-prepare -dce -func-buffer -dce -pag -array-normalize -func-legal -instcombine -gvn -constprop -dce -simplifycfg -mem2reg -globaldce -resolve-double-ptr -dce -deadargelim -dce -instcombine -ptrArgReplace -mem2reg -dce -array-seg-normalize -deadargelim -instcombine -dce -function-uniquify -directive-preproc -mem2reg -dse -dce -pointer-simplify -dce -port-alignment -dce -interface-preproc -data-pack -instcombine -dce -basicaa -aggr-aa -aggrmodref-aa -aggr-aa -gvn -gvn -basicaa -aggr-aa -aggrmodref-aa -aggr-aa -dse -adse -adce -loop-simplify -indvars -instcombine -gvn -loop-simplify -mem2reg -dce -find-region -instcombine -auto-loop-pipeline -inst-simplify -interface-preproc -cfgopt -instcombine -indvars -auto-loop-unroll -loop-simplify -loop-bound -xunroll -constprop -instcombine -simplifycfg -indvars -simplifycfg -dce -globaldce -clean-region -attach-range -gvn -inst-simplify -constprop -simplifycfg -dce -pointer-simplify -dce -globalopt -constprop -dce -array-promote -constprop -dce -ptrArgReplace -mem2reg -simplifycfg -dce -instcombine -dce -array-transform-check -array-reshape -instcombine -simplifycfg -dce -ptrArgReplace -deadargelim -mem2reg -instcombine -simplifycfg -dce -indvars -loop-simplify -loop-bound -xunroll -constprop -instcombine -simplifycfg -indvars -simplifycfg -dce -globaldce -basicaa -aggr-aa -aggrmodref-aa -aggr-aa -dse -duplicate-dataflow-processes -globaldce -instcombine -array-partition -instcombine -simplifycfg -dce -ptrArgReplace -global-constprop -deadargelim -mem2reg -func-legal -dce -global-constprop -deadargelim -mem2reg -simplifycfg -dce -merge-param -deadargelim -globalopt -constprop -dce -array-promote -constprop -dce -ptrArgReplace -mem2reg -simplifycfg -dce -mem-intrinsic-preproc -dce -global-internalize -global-privatize -mem2reg -globaldce -promote-global-argument -ptrArgReplace -mem2reg -dce -globalopt -mergereturn -simplify-global-access -mem2reg -dce -pointer-simplify -dce -functionattrs -basicaa -aggr-aa -aggrmodref-aa -aggr-aa -gvn -gvn -basicaa -aggr-aa -aggrmodref-aa -aggr-aa -dse -adse -adce -dce -norm-name -basicaa -aggr-aa -aggrmodref-aa -aggr-aa -accesses-merge -function-inline -complex-op-raise -inst-simplify -globaldce -func-inst -constprop -instcombine -simplifycfg -dce -func-legal -dce -loop-bound -arraycheck -bitwidthmin2 -bitwidthmin2 -on-by-dataflow -loop-delete -instcombine -simplifycfg -globaldce -dce -gvn -deadargelim -dce -loop-simplify -clean-region -simplifycfg -propagate-stable-arguments -loop-stream -instcombine -simplifycfg -dce -globaldce -duplicate-dataflow-processes -stream-intrinsic-preproc -dce -check-ap-stream -loop-simplify -eliminate-keepreads -extract-dataflow-in-loop -loop-simplify -dce -gvn -deadargelim -dse -check-dataflow-syntax -legalize-stream-variable -legalize-global -extract-subproc -dce -dead-channel-elimination -canonicalize-gep -globaldce -dce -gvn -hls-dead-arg-elim -deadargelim -directive-preproc -annotate-dataflow-channels -scalar-propagation -deadargelim -globaldce -mem2reg -check-dataflow-channels -function-stream -dce -globaldce -prop-fifo-spec -internal-stream-gen -canonicalize-gep -globaldce -dce -gvn -deadargelim -mergereturn -indvars -loop-simplify -instcombine -array-stream -array-seg-normalize -array-partition -func-legal -instcombine -simplifycfg -dce -bundle-memfifo-ops -deadargelim -function-uniquify -directive-preproc -mem2reg -dse -dce -group-axi-access -licm -simplifycfg -dce -loop-delete -norm-name C:/Users/Lab611/Desktop/Portal/yuri-project/2022HLS/LAB_dataflow/dataflow/solution1/.autopilot/db/a.o.1.bc -o C:/Users/Lab611/Desktop/Portal/yuri-project/2022HLS/LAB_dataflow/dataflow/solution1/.autopilot/db/a.o.1.tmp.bc -f 
WARNING: [HLS 200-786] Detected dataflow-on-top in function  'adder' (aaa.cpp:116)  with default interface mode 'ap_ctrl_hs'. Overlapped execution of successive kernel calls will not happen unless interface mode 'ap_ctrl_chain' is used (or 'ap_ctrl_none' for a purely data-driven design).
INFO: [XFORM 203-712] Applying dataflow to function 'adder' (aaa.cpp:116), detected/extracted 3 process function(s): 
	 'read_input3'
	 'compute_add'
	 'write_result'.
Command         transform done; 0.226 sec.
INFO-FLOW: Presyn 2...
Execute         transform -hls -keep-callgraph -scalarrepl -mem2reg -port-alignment -attach-range -dce -pipe-mux-gen -indvars -loop-bound -inst-simplify -instcombine -dce -merge-array-access -mem2reg -dce -clean-region -mergereturn -if-conv -instcombine -dce -constprop -basicaa -aggr-aa -aggrmodref-aa -aggr-aa -gvn -gvn -basicaa -aggr-aa -aggrmodref-aa -aggr-aa -dse -adse -adce -scalarrepl -mem2reg -global-constprop -deadargelim -deadargelim -instcombine -dce -simplifycfg -ptrArgReplace -mem2reg -function-inline -globaldce -mem2reg -instcombine -dce -expr-balance -instcombine -dce -bitwidthmin2 -bitwidthmin2 -interface-preproc -directive-preproc -inst-rectify -instcombine -dce -functionattrs -constprop -instcombine -bit-constprop -simplify-global-access -globalopt -globaldce -inst-simplify -instcombine -elimdeaddata -dce -loop-delete -simplifycfg -loop-simplify -auto-burst -barrier -norm-name C:/Users/Lab611/Desktop/Portal/yuri-project/2022HLS/LAB_dataflow/dataflow/solution1/.autopilot/db/a.o.1.tmp.bc -o C:/Users/Lab611/Desktop/Portal/yuri-project/2022HLS/LAB_dataflow/dataflow/solution1/.autopilot/db/a.o.2.bc -f -phase presyn 
Command         transform done; 0.161 sec.
INFO: [HLS 200-111] Finished Loop, function and other optimizations: CPU user time: 1 seconds. CPU system time: 0 seconds. Elapsed time: 0.468 seconds; current allocated memory: 215.249 MB.
Execute         get_config_compile -enable_loop_extract 
Execute         get_config_compile -disable_auto_rewind 
Execute         get_config_compile -enable_auto_rewind 
INFO-FLOW: Building ssdm...
Execute         transform -hls -function-uniquify -auto-function-inline -globaldce -ptrArgReplace -mem2reg -dce -reset-lda -loop-simplify -indvars -aggr-aa -licm -loop-dep -loop-bound -licm -loop-simplify -flattenloopnest -array-flatten -gvn -instcombine -dce -array-map -dce -func-legal -gvn -adce -instcombine -cfgopt -simplifycfg -loop-simplify -array-burst -promote-global-argument -dce -array-seg-normalize -basicaa -aggrmodref-aa -globalsmodref-aa -aggr-aa -gvn -gvn -basicaa -aggrmodref-aa -globalsmodref-aa -aggr-aa -dse -adse -adce -licm -inst-simplify -dce -globaldce -instcombine -array-stream -eliminate-keepreads -instcombine -dce -deadargelim -doublePtrSimplify -doublePtrElim -dce -doublePtrSimplify -promote-dbg-pointer -dce -scalarrepl -mem2reg -disaggr -norm-name -mem2reg -instcombine -dse -adse -adce -ptrLegalization -dce -auto-rom-infer -array-flatten -dce -instcombine -check-doubleptr -loop-rot -constprop -cfgopt -simplifycfg -loop-simplify -indvars -pointer-simplify -dce -loop-bound -loop-simplify -loop-preproc -constprop -global-constprop -gvn -mem2reg -instcombine -dce -loop-bound -loop-merge -dce -bitwidthmin2 -bitwidthmin2 -deadargelim -dce -canonicalize-dataflow -dce -scalar-propagation -deadargelim -globaldce -mem2reg -read-loop-dep -interface-preproc -directive-preproc -interface-gen -bram-byte-enable -deadargelim -inst-simplify -dce -gvn -mem2reg -instcombine -dce -adse -loop-bound -instcombine -cfgopt -simplifycfg -loop-simplify -clean-region -io-protocol -find-region -mem2reg -bitop-raise -complex-op-raise -inst-simplify -inst-rectify -instcombine -adce -deadargelim -loop-simplify -phi-opt -bitop-raise -cfgopt -simplifycfg -strip-dead-prototypes -interface-lower -bitop-lower -intrinsic-lower -auto-function-inline -basicaa -aggrmodref-aa -globalsmodref-aa -aggr-aa -inst-simplify -simplifycfg -loop-simplify -mergereturn -inst-simplify -inst-rectify -dce -load-elim -bitop-lower -float-op-raise -loop-rewind -pointer-simplify -dce -cfgopt -dce -loop-bound -loop-dep -read-loop-dep -dce -dyn-mem-reuse -dce -check-stream -norm-name -legalize -validate-dataflow -inst-clarity -bitwidth -dump-loop-dep-to-ir -check-all-ssdm -cdfg-build C:/Users/Lab611/Desktop/Portal/yuri-project/2022HLS/LAB_dataflow/dataflow/solution1/.autopilot/db/a.o.2.bc -o C:/Users/Lab611/Desktop/Portal/yuri-project/2022HLS/LAB_dataflow/dataflow/solution1/.autopilot/db/a.o.3.bc -f -phase build-ssdm 
Command         transform done; 0.309 sec.
INFO: [HLS 200-111] Finished Architecture Synthesis: CPU user time: 0 seconds. CPU system time: 0 seconds. Elapsed time: 0.391 seconds; current allocated memory: 237.013 MB.
INFO-FLOW: Finish building internal data model.
Command       opt_and_import_c done; 1.111 sec.
Command     elaborate done; 8.276 sec.
Execute     autosyn -from_csynth_design=1 
INFO: [HLS 200-10] Starting hardware synthesis ...
INFO-FLOW: Synthesizing C/C++ design ...
INFO: [HLS 200-10] Synthesizing 'adder' ...
Execute       ap_set_top_model adder 
Execute       get_model_list adder -filter all-wo-channel -topdown 
Execute       preproc_iomode -model adder 
Execute       preproc_iomode -model write_result 
Execute       preproc_iomode -model compute_add 
Execute       preproc_iomode -model read_input3 
Execute       get_model_list adder -filter all-wo-channel 
INFO-FLOW: Model list for configure: read_input3 compute_add write_result adder
INFO-FLOW: Configuring Module : read_input3 ...
Execute       set_default_model read_input3 
Execute       apply_spec_resource_limit read_input3 
INFO-FLOW: Configuring Module : compute_add ...
Execute       set_default_model compute_add 
Execute       apply_spec_resource_limit compute_add 
INFO-FLOW: Configuring Module : write_result ...
Execute       set_default_model write_result 
Execute       apply_spec_resource_limit write_result 
INFO-FLOW: Configuring Module : adder ...
Execute       set_default_model adder 
Execute       apply_spec_resource_limit adder 
INFO-FLOW: Model list for preprocess: read_input3 compute_add write_result adder
INFO-FLOW: Preprocessing Module: read_input3 ...
Execute       set_default_model read_input3 
Execute       cdfg_preprocess -model read_input3 
Execute       rtl_gen_preprocess read_input3 
INFO-FLOW: Preprocessing Module: compute_add ...
Execute       set_default_model compute_add 
Execute       cdfg_preprocess -model compute_add 
Execute       rtl_gen_preprocess compute_add 
INFO-FLOW: Preprocessing Module: write_result ...
Execute       set_default_model write_result 
Execute       cdfg_preprocess -model write_result 
Execute       rtl_gen_preprocess write_result 
INFO-FLOW: Preprocessing Module: adder ...
Execute       set_default_model adder 
Execute       cdfg_preprocess -model adder 
Execute       rtl_gen_preprocess adder 
WARNING: [SYN 201-107] Renaming port name 'adder/in' to 'adder/in_r' to avoid the conflict with HDL keywords or other object names.
WARNING: [SYN 201-107] Renaming port name 'adder/out' to 'adder/out_r' to avoid the conflict with HDL keywords or other object names.
INFO-FLOW: Model list for synthesis: read_input3 compute_add write_result adder
INFO: [HLS 200-10] ----------------------------------------------------------------
INFO: [HLS 200-42] -- Implementing module 'read_input3' 
INFO: [HLS 200-10] ----------------------------------------------------------------
Execute       set_default_model read_input3 
Execute       schedule -model read_input3 
INFO: [SCHED 204-11] Starting scheduling ...
INFO: [SCHED 204-61] Pipelining loop 'mem_rd'.
INFO: [HLS 200-1470] Pipelining result : Target II = 1, Final II = 1, Depth = 3, loop 'mem_rd'
INFO: [SCHED 204-11] Finished scheduling.
INFO: [HLS 200-111] Finished Scheduling: CPU user time: 0 seconds. CPU system time: 0 seconds. Elapsed time: 0.126 seconds; current allocated memory: 237.336 MB.
Execute       syn_report -verbosereport -o C:/Users/Lab611/Desktop/Portal/yuri-project/2022HLS/LAB_dataflow/dataflow/solution1/.autopilot/db/read_input3.verbose.sched.rpt 
Execute         AP::get_flow_target_display_name
Execute           get_solution -flow_target 
Execute       db_write -o C:/Users/Lab611/Desktop/Portal/yuri-project/2022HLS/LAB_dataflow/dataflow/solution1/.autopilot/db/read_input3.sched.adb -f 
INFO-FLOW: Finish scheduling read_input3.
Execute       set_default_model read_input3 
Execute       bind -model read_input3 
INFO: [BIND 205-100] Starting micro-architecture generation ...
INFO: [BIND 205-101] Performing variable lifetime analysis.
INFO: [BIND 205-101] Exploring resource sharing.
INFO: [BIND 205-101] Binding ...
INFO: [BIND 205-100] Finished micro-architecture generation.
INFO: [HLS 200-111] Finished Binding: CPU user time: 0 seconds. CPU system time: 0 seconds. Elapsed time: 0.134 seconds; current allocated memory: 237.625 MB.
Execute       syn_report -verbosereport -o C:/Users/Lab611/Desktop/Portal/yuri-project/2022HLS/LAB_dataflow/dataflow/solution1/.autopilot/db/read_input3.verbose.bind.rpt 
Execute         AP::get_flow_target_display_name
Execute           get_solution -flow_target 
Execute       db_write -o C:/Users/Lab611/Desktop/Portal/yuri-project/2022HLS/LAB_dataflow/dataflow/solution1/.autopilot/db/read_input3.bind.adb -f 
INFO-FLOW: Finish binding read_input3.
INFO: [HLS 200-10] ----------------------------------------------------------------
INFO: [HLS 200-42] -- Implementing module 'compute_add' 
INFO: [HLS 200-10] ----------------------------------------------------------------
Execute       set_default_model compute_add 
Execute       schedule -model compute_add 
INFO: [SCHED 204-11] Starting scheduling ...
INFO: [SCHED 204-61] Pipelining loop 'execute'.
INFO: [HLS 200-1470] Pipelining result : Target II = 1, Final II = 1, Depth = 2, loop 'execute'
INFO: [SCHED 204-11] Finished scheduling.
INFO: [HLS 200-111] Finished Scheduling: CPU user time: 0 seconds. CPU system time: 0 seconds. Elapsed time: 0.126 seconds; current allocated memory: 237.755 MB.
Execute       syn_report -verbosereport -o C:/Users/Lab611/Desktop/Portal/yuri-project/2022HLS/LAB_dataflow/dataflow/solution1/.autopilot/db/compute_add.verbose.sched.rpt 
Execute         AP::get_flow_target_display_name
Execute           get_solution -flow_target 
Execute       db_write -o C:/Users/Lab611/Desktop/Portal/yuri-project/2022HLS/LAB_dataflow/dataflow/solution1/.autopilot/db/compute_add.sched.adb -f 
INFO-FLOW: Finish scheduling compute_add.
Execute       set_default_model compute_add 
Execute       bind -model compute_add 
INFO: [BIND 205-100] Starting micro-architecture generation ...
INFO: [BIND 205-101] Performing variable lifetime analysis.
INFO: [BIND 205-101] Exploring resource sharing.
INFO: [BIND 205-101] Binding ...
INFO: [BIND 205-100] Finished micro-architecture generation.
INFO: [HLS 200-111] Finished Binding: CPU user time: 0 seconds. CPU system time: 0 seconds. Elapsed time: 0.107 seconds; current allocated memory: 237.931 MB.
Execute       syn_report -verbosereport -o C:/Users/Lab611/Desktop/Portal/yuri-project/2022HLS/LAB_dataflow/dataflow/solution1/.autopilot/db/compute_add.verbose.bind.rpt 
Execute         AP::get_flow_target_display_name
Execute           get_solution -flow_target 
Execute       db_write -o C:/Users/Lab611/Desktop/Portal/yuri-project/2022HLS/LAB_dataflow/dataflow/solution1/.autopilot/db/compute_add.bind.adb -f 
INFO-FLOW: Finish binding compute_add.
INFO: [HLS 200-10] ----------------------------------------------------------------
INFO: [HLS 200-42] -- Implementing module 'write_result' 
INFO: [HLS 200-10] ----------------------------------------------------------------
Execute       set_default_model write_result 
Execute       schedule -model write_result 
INFO: [SCHED 204-11] Starting scheduling ...
INFO: [SCHED 204-61] Pipelining loop 'mem_wr'.
INFO: [HLS 200-1470] Pipelining result : Target II = 1, Final II = 1, Depth = 3, loop 'mem_wr'
INFO: [SCHED 204-11] Finished scheduling.
INFO: [HLS 200-111] Finished Scheduling: CPU user time: 1 seconds. CPU system time: 0 seconds. Elapsed time: 0.128 seconds; current allocated memory: 238.041 MB.
Execute       syn_report -verbosereport -o C:/Users/Lab611/Desktop/Portal/yuri-project/2022HLS/LAB_dataflow/dataflow/solution1/.autopilot/db/write_result.verbose.sched.rpt 
Execute         AP::get_flow_target_display_name
Execute           get_solution -flow_target 
Execute       db_write -o C:/Users/Lab611/Desktop/Portal/yuri-project/2022HLS/LAB_dataflow/dataflow/solution1/.autopilot/db/write_result.sched.adb -f 
INFO-FLOW: Finish scheduling write_result.
Execute       set_default_model write_result 
Execute       bind -model write_result 
INFO: [BIND 205-100] Starting micro-architecture generation ...
INFO: [BIND 205-101] Performing variable lifetime analysis.
INFO: [BIND 205-101] Exploring resource sharing.
INFO: [BIND 205-101] Binding ...
INFO: [BIND 205-100] Finished micro-architecture generation.
INFO: [HLS 200-111] Finished Binding: CPU user time: 0 seconds. CPU system time: 0 seconds. Elapsed time: 0.127 seconds; current allocated memory: 238.217 MB.
Execute       syn_report -verbosereport -o C:/Users/Lab611/Desktop/Portal/yuri-project/2022HLS/LAB_dataflow/dataflow/solution1/.autopilot/db/write_result.verbose.bind.rpt 
Execute         AP::get_flow_target_display_name
Execute           get_solution -flow_target 
Execute       db_write -o C:/Users/Lab611/Desktop/Portal/yuri-project/2022HLS/LAB_dataflow/dataflow/solution1/.autopilot/db/write_result.bind.adb -f 
INFO-FLOW: Finish binding write_result.
INFO: [HLS 200-10] ----------------------------------------------------------------
INFO: [HLS 200-42] -- Implementing module 'adder' 
INFO: [HLS 200-10] ----------------------------------------------------------------
Execute       set_default_model adder 
Execute       schedule -model adder 
INFO: [SCHED 204-11] Starting scheduling ...
INFO: [SCHED 204-11] Finished scheduling.
INFO: [HLS 200-111] Finished Scheduling: CPU user time: 0 seconds. CPU system time: 0 seconds. Elapsed time: 0.124 seconds; current allocated memory: 238.308 MB.
Execute       syn_report -verbosereport -o C:/Users/Lab611/Desktop/Portal/yuri-project/2022HLS/LAB_dataflow/dataflow/solution1/.autopilot/db/adder.verbose.sched.rpt 
Execute         AP::get_flow_target_display_name
Execute           get_solution -flow_target 
Execute       db_write -o C:/Users/Lab611/Desktop/Portal/yuri-project/2022HLS/LAB_dataflow/dataflow/solution1/.autopilot/db/adder.sched.adb -f 
INFO-FLOW: Finish scheduling adder.
Execute       set_default_model adder 
Execute       bind -model adder 
INFO: [BIND 205-100] Starting micro-architecture generation ...
INFO: [BIND 205-101] Performing variable lifetime analysis.
INFO: [BIND 205-101] Exploring resource sharing.
INFO: [BIND 205-101] Binding ...
INFO: [BIND 205-100] Finished micro-architecture generation.
INFO: [HLS 200-111] Finished Binding: CPU user time: 0 seconds. CPU system time: 0 seconds. Elapsed time: 0.141 seconds; current allocated memory: 238.560 MB.
Execute       syn_report -verbosereport -o C:/Users/Lab611/Desktop/Portal/yuri-project/2022HLS/LAB_dataflow/dataflow/solution1/.autopilot/db/adder.verbose.bind.rpt 
Execute         AP::get_flow_target_display_name
Execute           get_solution -flow_target 
Execute       db_write -o C:/Users/Lab611/Desktop/Portal/yuri-project/2022HLS/LAB_dataflow/dataflow/solution1/.autopilot/db/adder.bind.adb -f 
INFO-FLOW: Finish binding adder.
Execute       get_model_list adder -filter all-wo-channel 
INFO-FLOW: Preprocessing for RTLGen ...
Execute       rtl_gen_preprocess read_input3 
Execute       rtl_gen_preprocess compute_add 
Execute       rtl_gen_preprocess write_result 
Execute       rtl_gen_preprocess adder 
INFO-FLOW: Model list for RTL generation: read_input3 compute_add write_result adder
INFO: [HLS 200-10] ----------------------------------------------------------------
INFO: [HLS 200-10] -- Generating RTL for module 'read_input3' 
INFO: [HLS 200-10] ----------------------------------------------------------------
Execute       get_config_rtl -module_prefix 
Execute       get_config_rtl -module_auto_prefix 
Execute       get_config_rtl -module_prefix 
Execute       get_config_rtl -module_auto_prefix 
Execute       create_rtl_model read_input3 -top_prefix adder_ -sub_prefix adder_ -mg_file C:/Users/Lab611/Desktop/Portal/yuri-project/2022HLS/LAB_dataflow/dataflow/solution1/.autopilot/db/read_input3.compgen.tcl 
INFO: [RTGEN 206-100] Finished creating RTL model for 'read_input3'.
INFO: [HLS 200-111] Finished Creating RTL model: CPU user time: 0 seconds. CPU system time: 0 seconds. Elapsed time: 0.136 seconds; current allocated memory: 239.047 MB.
Execute       source C:/Users/Lab611/Desktop/Portal/yuri-project/2022HLS/LAB_dataflow/dataflow/solution1/.autopilot/db/adder.rtl_wrap.cfg.tcl 
Execute       gen_rtl read_input3 -style xilinx -f -lang vhdl -o C:/Users/Lab611/Desktop/Portal/yuri-project/2022HLS/LAB_dataflow/dataflow/solution1/syn/vhdl/adder_read_input3 
Execute       gen_rtl read_input3 -style xilinx -f -lang vlog -o C:/Users/Lab611/Desktop/Portal/yuri-project/2022HLS/LAB_dataflow/dataflow/solution1/syn/verilog/adder_read_input3 
Execute       syn_report -csynth -model read_input3 -o C:/Users/Lab611/Desktop/Portal/yuri-project/2022HLS/LAB_dataflow/dataflow/solution1/syn/report/read_input3_csynth.rpt 
Execute         AP::get_flow_target_display_name
Execute           get_solution -flow_target 
Execute       syn_report -rtlxml -model read_input3 -o C:/Users/Lab611/Desktop/Portal/yuri-project/2022HLS/LAB_dataflow/dataflow/solution1/syn/report/read_input3_csynth.xml 
Execute         get_solution -flow_target
Execute           get_solution -flow_target 
Execute       syn_report -verbosereport -model read_input3 -o C:/Users/Lab611/Desktop/Portal/yuri-project/2022HLS/LAB_dataflow/dataflow/solution1/.autopilot/db/read_input3.verbose.rpt 
Execute         AP::get_flow_target_display_name
Execute           get_solution -flow_target 
Execute       db_write -model read_input3 -f -o C:/Users/Lab611/Desktop/Portal/yuri-project/2022HLS/LAB_dataflow/dataflow/solution1/.autopilot/db/read_input3.adb 
Execute       gen_tb_info read_input3 -p C:/Users/Lab611/Desktop/Portal/yuri-project/2022HLS/LAB_dataflow/dataflow/solution1/.autopilot/db -o C:/Users/Lab611/Desktop/Portal/yuri-project/2022HLS/LAB_dataflow/dataflow/solution1/.autopilot/db/read_input3 
INFO: [HLS 200-10] ----------------------------------------------------------------
INFO: [HLS 200-10] -- Generating RTL for module 'compute_add' 
INFO: [HLS 200-10] ----------------------------------------------------------------
Execute       get_config_rtl -module_prefix 
Execute       get_config_rtl -module_auto_prefix 
Execute       get_config_rtl -module_prefix 
Execute       get_config_rtl -module_auto_prefix 
Execute       create_rtl_model compute_add -top_prefix adder_ -sub_prefix adder_ -mg_file C:/Users/Lab611/Desktop/Portal/yuri-project/2022HLS/LAB_dataflow/dataflow/solution1/.autopilot/db/compute_add.compgen.tcl 
INFO: [RTGEN 206-100] Finished creating RTL model for 'compute_add'.
INFO: [HLS 200-111] Finished Creating RTL model: CPU user time: 0 seconds. CPU system time: 1 seconds. Elapsed time: 0.221 seconds; current allocated memory: 239.898 MB.
Execute       source C:/Users/Lab611/Desktop/Portal/yuri-project/2022HLS/LAB_dataflow/dataflow/solution1/.autopilot/db/adder.rtl_wrap.cfg.tcl 
Execute       gen_rtl compute_add -style xilinx -f -lang vhdl -o C:/Users/Lab611/Desktop/Portal/yuri-project/2022HLS/LAB_dataflow/dataflow/solution1/syn/vhdl/adder_compute_add 
Execute       gen_rtl compute_add -style xilinx -f -lang vlog -o C:/Users/Lab611/Desktop/Portal/yuri-project/2022HLS/LAB_dataflow/dataflow/solution1/syn/verilog/adder_compute_add 
Execute       syn_report -csynth -model compute_add -o C:/Users/Lab611/Desktop/Portal/yuri-project/2022HLS/LAB_dataflow/dataflow/solution1/syn/report/compute_add_csynth.rpt 
Execute         AP::get_flow_target_display_name
Execute           get_solution -flow_target 
Execute       syn_report -rtlxml -model compute_add -o C:/Users/Lab611/Desktop/Portal/yuri-project/2022HLS/LAB_dataflow/dataflow/solution1/syn/report/compute_add_csynth.xml 
Execute         get_solution -flow_target
Execute           get_solution -flow_target 
Execute       syn_report -verbosereport -model compute_add -o C:/Users/Lab611/Desktop/Portal/yuri-project/2022HLS/LAB_dataflow/dataflow/solution1/.autopilot/db/compute_add.verbose.rpt 
Execute         AP::get_flow_target_display_name
Execute           get_solution -flow_target 
Execute       db_write -model compute_add -f -o C:/Users/Lab611/Desktop/Portal/yuri-project/2022HLS/LAB_dataflow/dataflow/solution1/.autopilot/db/compute_add.adb 
Execute       gen_tb_info compute_add -p C:/Users/Lab611/Desktop/Portal/yuri-project/2022HLS/LAB_dataflow/dataflow/solution1/.autopilot/db -o C:/Users/Lab611/Desktop/Portal/yuri-project/2022HLS/LAB_dataflow/dataflow/solution1/.autopilot/db/compute_add 
INFO: [HLS 200-10] ----------------------------------------------------------------
INFO: [HLS 200-10] -- Generating RTL for module 'write_result' 
INFO: [HLS 200-10] ----------------------------------------------------------------
Execute       get_config_rtl -module_prefix 
Execute       get_config_rtl -module_auto_prefix 
Execute       get_config_rtl -module_prefix 
Execute       get_config_rtl -module_auto_prefix 
Execute       create_rtl_model write_result -top_prefix adder_ -sub_prefix adder_ -mg_file C:/Users/Lab611/Desktop/Portal/yuri-project/2022HLS/LAB_dataflow/dataflow/solution1/.autopilot/db/write_result.compgen.tcl 
INFO: [RTGEN 206-100] Finished creating RTL model for 'write_result'.
INFO: [HLS 200-111] Finished Creating RTL model: CPU user time: 0 seconds. CPU system time: 0 seconds. Elapsed time: 0.194 seconds; current allocated memory: 240.638 MB.
Execute       source C:/Users/Lab611/Desktop/Portal/yuri-project/2022HLS/LAB_dataflow/dataflow/solution1/.autopilot/db/adder.rtl_wrap.cfg.tcl 
Execute       gen_rtl write_result -style xilinx -f -lang vhdl -o C:/Users/Lab611/Desktop/Portal/yuri-project/2022HLS/LAB_dataflow/dataflow/solution1/syn/vhdl/adder_write_result 
Execute       gen_rtl write_result -style xilinx -f -lang vlog -o C:/Users/Lab611/Desktop/Portal/yuri-project/2022HLS/LAB_dataflow/dataflow/solution1/syn/verilog/adder_write_result 
Execute       syn_report -csynth -model write_result -o C:/Users/Lab611/Desktop/Portal/yuri-project/2022HLS/LAB_dataflow/dataflow/solution1/syn/report/write_result_csynth.rpt 
Execute         AP::get_flow_target_display_name
Execute           get_solution -flow_target 
Execute       syn_report -rtlxml -model write_result -o C:/Users/Lab611/Desktop/Portal/yuri-project/2022HLS/LAB_dataflow/dataflow/solution1/syn/report/write_result_csynth.xml 
Execute         get_solution -flow_target
Execute           get_solution -flow_target 
Execute       syn_report -verbosereport -model write_result -o C:/Users/Lab611/Desktop/Portal/yuri-project/2022HLS/LAB_dataflow/dataflow/solution1/.autopilot/db/write_result.verbose.rpt 
Execute         AP::get_flow_target_display_name
Execute           get_solution -flow_target 
Execute       db_write -model write_result -f -o C:/Users/Lab611/Desktop/Portal/yuri-project/2022HLS/LAB_dataflow/dataflow/solution1/.autopilot/db/write_result.adb 
Execute       gen_tb_info write_result -p C:/Users/Lab611/Desktop/Portal/yuri-project/2022HLS/LAB_dataflow/dataflow/solution1/.autopilot/db -o C:/Users/Lab611/Desktop/Portal/yuri-project/2022HLS/LAB_dataflow/dataflow/solution1/.autopilot/db/write_result 
INFO: [HLS 200-10] ----------------------------------------------------------------
INFO: [HLS 200-10] -- Generating RTL for module 'adder' 
INFO: [HLS 200-10] ----------------------------------------------------------------
Execute       get_config_rtl -module_prefix 
Execute       get_config_rtl -module_prefix 
Execute       get_config_rtl -module_auto_prefix 
Execute       create_rtl_model adder -top_prefix  -sub_prefix adder_ -mg_file C:/Users/Lab611/Desktop/Portal/yuri-project/2022HLS/LAB_dataflow/dataflow/solution1/.autopilot/db/adder.compgen.tcl 
WARNING: [RTGEN 206-101] Design contains AXI ports. Reset is fixed to synchronous and active low.
INFO: [RTGEN 206-500] Setting interface mode on port 'adder/gmem' to 'm_axi'.
INFO: [RTGEN 206-500] Setting interface mode on port 'adder/in_r' to 's_axilite & ap_none'.
INFO: [RTGEN 206-500] Setting interface mode on port 'adder/out_r' to 's_axilite & ap_none'.
INFO: [RTGEN 206-500] Setting interface mode on port 'adder/inc' to 's_axilite & ap_none'.
INFO: [RTGEN 206-500] Setting interface mode on port 'adder/size' to 's_axilite & ap_none'.
INFO: [RTGEN 206-500] Setting interface mode on function 'adder' to 's_axilite & ap_ctrl_hs'.
INFO: [RTGEN 206-100] Bundling port 'in_r', 'out_r', 'inc', 'size' to AXI-Lite port control.
INFO: [RTGEN 206-100] Finished creating RTL model for 'adder'.
INFO: [HLS 200-111] Finished Creating RTL model: CPU user time: 1 seconds. CPU system time: 0 seconds. Elapsed time: 0.248 seconds; current allocated memory: 242.114 MB.
Execute       source C:/Users/Lab611/Desktop/Portal/yuri-project/2022HLS/LAB_dataflow/dataflow/solution1/.autopilot/db/adder.rtl_wrap.cfg.tcl 
Execute       gen_rtl adder -istop -style xilinx -f -lang vhdl -o C:/Users/Lab611/Desktop/Portal/yuri-project/2022HLS/LAB_dataflow/dataflow/solution1/syn/vhdl/adder 
Execute       gen_rtl adder -istop -style xilinx -f -lang vlog -o C:/Users/Lab611/Desktop/Portal/yuri-project/2022HLS/LAB_dataflow/dataflow/solution1/syn/verilog/adder 
Execute       syn_report -csynth -model adder -o C:/Users/Lab611/Desktop/Portal/yuri-project/2022HLS/LAB_dataflow/dataflow/solution1/syn/report/adder_csynth.rpt 
Execute         AP::get_flow_target_display_name
Execute           get_solution -flow_target 
Execute       syn_report -rtlxml -model adder -o C:/Users/Lab611/Desktop/Portal/yuri-project/2022HLS/LAB_dataflow/dataflow/solution1/syn/report/adder_csynth.xml 
Execute         get_solution -flow_target
Execute           get_solution -flow_target 
Execute       syn_report -verbosereport -model adder -o C:/Users/Lab611/Desktop/Portal/yuri-project/2022HLS/LAB_dataflow/dataflow/solution1/.autopilot/db/adder.verbose.rpt 
Execute         AP::get_flow_target_display_name
Execute           get_solution -flow_target 
Execute       db_write -model adder -f -o C:/Users/Lab611/Desktop/Portal/yuri-project/2022HLS/LAB_dataflow/dataflow/solution1/.autopilot/db/adder.adb 
Execute       gen_tb_info adder -p C:/Users/Lab611/Desktop/Portal/yuri-project/2022HLS/LAB_dataflow/dataflow/solution1/.autopilot/db -o C:/Users/Lab611/Desktop/Portal/yuri-project/2022HLS/LAB_dataflow/dataflow/solution1/.autopilot/db/adder 
Execute       export_constraint_db -f -tool general -o C:/Users/Lab611/Desktop/Portal/yuri-project/2022HLS/LAB_dataflow/dataflow/solution1/.autopilot/db/adder.constraint.tcl 
Execute       syn_report -designview -model adder -o C:/Users/Lab611/Desktop/Portal/yuri-project/2022HLS/LAB_dataflow/dataflow/solution1/.autopilot/db/adder.design.xml 
Execute       syn_report -csynthDesign -model adder -o C:/Users/Lab611/Desktop/Portal/yuri-project/2022HLS/LAB_dataflow/dataflow/solution1/syn/report/csynth.rpt 
Execute         AP::get_flow_target_display_name
Execute           get_solution -flow_target 
Execute       get_config_rtl -disable_wave_debug 
Execute       syn_report -wcfg -model adder -o C:/Users/Lab611/Desktop/Portal/yuri-project/2022HLS/LAB_dataflow/dataflow/solution1/.autopilot/db/adder_dataflow_ana.wcfg 
Execute       syn_report -protoinst -model adder -o C:/Users/Lab611/Desktop/Portal/yuri-project/2022HLS/LAB_dataflow/dataflow/solution1/.autopilot/db/adder.protoinst 
Execute       get_config_debug -directory 
Execute       sc_get_clocks adder 
Execute       get_config_export -vivado_clock 
Execute       get_config_rtl -module_prefix 
Execute       get_config_rtl -module_prefix 
Execute       get_config_rtl -module_auto_prefix 
Execute       sc_get_portdomain adder 
INFO-FLOW: Model list for RTL component generation: read_input3 compute_add write_result adder
INFO-FLOW: Handling components in module [read_input3] ... 
Execute       source C:/Users/Lab611/Desktop/Portal/yuri-project/2022HLS/LAB_dataflow/dataflow/solution1/.autopilot/db/read_input3.compgen.tcl 
INFO-FLOW: Handling components in module [compute_add] ... 
Execute       source C:/Users/Lab611/Desktop/Portal/yuri-project/2022HLS/LAB_dataflow/dataflow/solution1/.autopilot/db/compute_add.compgen.tcl 
INFO-FLOW: Handling components in module [write_result] ... 
Execute       source C:/Users/Lab611/Desktop/Portal/yuri-project/2022HLS/LAB_dataflow/dataflow/solution1/.autopilot/db/write_result.compgen.tcl 
INFO-FLOW: Handling components in module [adder] ... 
Execute       source C:/Users/Lab611/Desktop/Portal/yuri-project/2022HLS/LAB_dataflow/dataflow/solution1/.autopilot/db/adder.compgen.tcl 
INFO-FLOW: Found component adder_fifo_w32_d2_S.
INFO-FLOW: Append model adder_fifo_w32_d2_S
INFO-FLOW: Found component adder_fifo_w64_d3_S.
INFO-FLOW: Append model adder_fifo_w64_d3_S
INFO-FLOW: Found component adder_fifo_w32_d2_S.
INFO-FLOW: Append model adder_fifo_w32_d2_S
INFO-FLOW: Found component adder_fifo_w32_d32_S.
INFO-FLOW: Append model adder_fifo_w32_d32_S
INFO-FLOW: Found component adder_fifo_w32_d2_S.
INFO-FLOW: Append model adder_fifo_w32_d2_S
INFO-FLOW: Found component adder_fifo_w32_d32_S.
INFO-FLOW: Append model adder_fifo_w32_d32_S
INFO-FLOW: Found component adder_start_for_compute_add_U0.
INFO-FLOW: Append model adder_start_for_compute_add_U0
INFO-FLOW: Found component adder_start_for_write_result_U0.
INFO-FLOW: Append model adder_start_for_write_result_U0
INFO-FLOW: Found component adder_control_s_axi.
INFO-FLOW: Append model adder_control_s_axi
INFO-FLOW: Found component adder_gmem_m_axi.
INFO-FLOW: Append model adder_gmem_m_axi
INFO-FLOW: Append model read_input3
INFO-FLOW: Append model compute_add
INFO-FLOW: Append model write_result
INFO-FLOW: Append model adder
INFO-FLOW: Generating RTL model list ...
INFO-FLOW: All models in this session: adder_fifo_w32_d2_S adder_fifo_w64_d3_S adder_fifo_w32_d2_S adder_fifo_w32_d32_S adder_fifo_w32_d2_S adder_fifo_w32_d32_S adder_start_for_compute_add_U0 adder_start_for_write_result_U0 adder_control_s_axi adder_gmem_m_axi read_input3 compute_add write_result adder
INFO-FLOW: To file: write model adder_fifo_w32_d2_S
INFO-FLOW: To file: write model adder_fifo_w64_d3_S
INFO-FLOW: To file: write model adder_fifo_w32_d2_S
INFO-FLOW: To file: write model adder_fifo_w32_d32_S
INFO-FLOW: To file: write model adder_fifo_w32_d2_S
INFO-FLOW: To file: write model adder_fifo_w32_d32_S
INFO-FLOW: To file: write model adder_start_for_compute_add_U0
INFO-FLOW: To file: write model adder_start_for_write_result_U0
INFO-FLOW: To file: write model adder_control_s_axi
INFO-FLOW: To file: write model adder_gmem_m_axi
INFO-FLOW: To file: write model read_input3
INFO-FLOW: To file: write model compute_add
INFO-FLOW: To file: write model write_result
INFO-FLOW: To file: write model adder
INFO-FLOW: Finished generating RTL model list.


INFO-FLOW: RTL Generation done.
INFO-FLOW: CAS Generation done.
INFO-FLOW: CBC Generation done.
Execute       get_top 
Execute       get_config_export -ipname 
Execute       get_config_export -xo 
Execute       get_config_export -format 
Execute       get_config_rtl -module_auto_prefix 
INFO-FLOW: DBG:CMD:   auto_impl: set ipname to top (module_auto_prefix): adder
INFO-FLOW: DBG:CMD: auto_generate_csynth_design
INFO-FLOW: DBG:CMD:     auto_generate --sim-model -phase csynth_design -d C:/Users/Lab611/Desktop/Portal/yuri-project/2022HLS/LAB_dataflow/dataflow/solution1
Execute       get_solution -flow_target 
Execute       get_config_export -xo 
Execute       get_config_export -format 
Execute       source C:/Users/Lab611/Desktop/Portal/yuri-project/2022HLS/LAB_dataflow/dataflow/solution1/.autopilot/db/global.setting.tcl 
INFO-FLOW: DBG:CMD: read_platform_lib C:/Users/Lab611/Desktop/Portal/yuri-project/2022HLS/LAB_dataflow/dataflow/solution1/.autopilot/db/global.setting.tcl
Execute       source C:/Xilinx/Vitis_HLS/2020.2/common/technology/generic/autopilot/common.gen 
Execute         source C:/Xilinx/Vitis_HLS/2020.2/common/technology/generic/autopilot/APCoreGen.gen 
Execute       source C:/Xilinx/Vitis_HLS/2020.2/common/technology/generic/autopilot/op.gen 
Execute       source C:/Xilinx/Vitis_HLS/2020.2/common/technology/generic/autopilot/op_simcore.gen 
Execute       source C:/Xilinx/Vitis_HLS/2020.2/common/technology/generic/autopilot/interface.gen 
Execute       source C:/Users/Lab611/Desktop/Portal/yuri-project/2022HLS/LAB_dataflow/dataflow/solution1/.autopilot/db/global.setting.tcl 
Execute       source C:/Xilinx/Vitis_HLS/2020.2/common/technology/xilinx/common/xilinx.gen 
Execute         source C:/Xilinx/Vitis_HLS/2020.2/common/technology/xilinx/interface/plb46.gen 
Execute         source C:/Xilinx/Vitis_HLS/2020.2/common/technology/xilinx/interface/axi4.gen 
Execute         source C:/Xilinx/Vitis_HLS/2020.2/common/technology/xilinx/interface/nativeAXI4.gen 
Execute           source C:/Xilinx/Vitis_HLS/2020.2/common/technology/xilinx/interface/saxilite.gen 
Execute           source C:/Xilinx/Vitis_HLS/2020.2/common/technology/xilinx/interface/maxi.gen 
Execute         source C:/Xilinx/Vitis_HLS/2020.2/common/technology/xilinx/scripts/xilinxcoregen.gen 
Execute         source C:/Xilinx/Vitis_HLS/2020.2/common/technology/xilinx/interface/XilEDKCoreGen.gen 
Execute         source C:/Xilinx/Vitis_HLS/2020.2/common/technology/xilinx/ip/dds_compiler.gen 
Execute         source C:/Xilinx/Vitis_HLS/2020.2/common/technology/xilinx/ip/util.gen 
Execute         source C:/Xilinx/Vitis_HLS/2020.2/common/technology/xilinx/ip/xfft.gen 
Execute         source C:/Xilinx/Vitis_HLS/2020.2/common/technology/xilinx/ip/xfir.gen 
Execute         source C:/Xilinx/Vitis_HLS/2020.2/common/technology/xilinx/DSP48/dsp48.gen 
INFO-FLOW: DBG:CMD:   using AESL_AUTOCG::g_clock_period=10.000 (was NA)
INFO-FLOW: DBG:CMD:       generate_ip_cores sim=1 export=0 expOnly=0 dstVlogDir=syn/verilog
Execute       source C:/Users/Lab611/Desktop/Portal/yuri-project/2022HLS/LAB_dataflow/dataflow/solution1/.autopilot/db/global.setting.tcl 
Execute       ap_part_info -name xczu7ev-ffvc1156-2-e -data names -quiet 
Execute       ap_part_info -name xczu7ev-ffvc1156-2-e -data info -quiet 
Execute       source C:/Users/Lab611/Desktop/Portal/yuri-project/2022HLS/LAB_dataflow/dataflow/solution1/.autopilot/db/global.setting.tcl 
Execute       source C:/Users/Lab611/Desktop/Portal/yuri-project/2022HLS/LAB_dataflow/dataflow/solution1/.autopilot/db/global.setting.tcl 
Execute       source C:/Users/Lab611/Desktop/Portal/yuri-project/2022HLS/LAB_dataflow/dataflow/solution1/.autopilot/db/read_input3.compgen.tcl 
Execute       source C:/Users/Lab611/Desktop/Portal/yuri-project/2022HLS/LAB_dataflow/dataflow/solution1/.autopilot/db/compute_add.compgen.tcl 
Execute       source C:/Users/Lab611/Desktop/Portal/yuri-project/2022HLS/LAB_dataflow/dataflow/solution1/.autopilot/db/write_result.compgen.tcl 
Execute       source C:/Users/Lab611/Desktop/Portal/yuri-project/2022HLS/LAB_dataflow/dataflow/solution1/.autopilot/db/adder.compgen.tcl 
Execute         ap_part_info -name xczu7ev-ffvc1156-2-e -data names -quiet 
Execute         ap_part_info -name xczu7ev-ffvc1156-2-e -data info -quiet 
INFO: [RTMG 210-285] Implementing FIFO 'size_c_U(adder_fifo_w32_d2_S)' using Shift Registers.
Execute         ap_part_info -name xczu7ev-ffvc1156-2-e -data names -quiet 
Execute         ap_part_info -name xczu7ev-ffvc1156-2-e -data info -quiet 
INFO: [RTMG 210-285] Implementing FIFO 'out_c_U(adder_fifo_w64_d3_S)' using Shift Registers.
Execute         ap_part_info -name xczu7ev-ffvc1156-2-e -data names -quiet 
Execute         ap_part_info -name xczu7ev-ffvc1156-2-e -data info -quiet 
INFO: [RTMG 210-285] Implementing FIFO 'inc_c_U(adder_fifo_w32_d2_S)' using Shift Registers.
Execute         ap_part_info -name xczu7ev-ffvc1156-2-e -data names -quiet 
Execute         ap_part_info -name xczu7ev-ffvc1156-2-e -data info -quiet 
INFO: [RTMG 210-285] Implementing FIFO 'inStream_U(adder_fifo_w32_d32_S)' using Shift Registers.
Execute         ap_part_info -name xczu7ev-ffvc1156-2-e -data names -quiet 
Execute         ap_part_info -name xczu7ev-ffvc1156-2-e -data info -quiet 
INFO: [RTMG 210-285] Implementing FIFO 'size_c9_U(adder_fifo_w32_d2_S)' using Shift Registers.
Execute         ap_part_info -name xczu7ev-ffvc1156-2-e -data names -quiet 
Execute         ap_part_info -name xczu7ev-ffvc1156-2-e -data info -quiet 
INFO: [RTMG 210-285] Implementing FIFO 'outStream_U(adder_fifo_w32_d32_S)' using Shift Registers.
Execute         ap_part_info -name xczu7ev-ffvc1156-2-e -data names -quiet 
Execute         ap_part_info -name xczu7ev-ffvc1156-2-e -data info -quiet 
INFO: [RTMG 210-285] Implementing FIFO 'start_for_compute_add_U0_U(adder_start_for_compute_add_U0)' using Shift Registers.
Execute         ap_part_info -name xczu7ev-ffvc1156-2-e -data names -quiet 
Execute         ap_part_info -name xczu7ev-ffvc1156-2-e -data info -quiet 
INFO: [RTMG 210-285] Implementing FIFO 'start_for_write_result_U0_U(adder_start_for_write_result_U0)' using Shift Registers.
Execute         source ./control.slave.tcl 
Execute         ap_part_info -name xczu7ev-ffvc1156-2-e -data names -quiet 
Execute         ap_part_info -name xczu7ev-ffvc1156-2-e -data info -quiet 
Command       ap_source done; 0.42 sec.
INFO-FLOW: DBG:CMD:     auto_generate -export -impltomg_flag -rtl both -tool Vivado -pcore_version 1.00.a -phase csynth_design -d C:/Users/Lab611/Desktop/Portal/yuri-project/2022HLS/LAB_dataflow/dataflow/solution1
Execute       get_solution -flow_target 
Execute       get_config_export -xo 
Execute       get_config_export -format 
Execute       source C:/Users/Lab611/Desktop/Portal/yuri-project/2022HLS/LAB_dataflow/dataflow/solution1/.autopilot/db/global.setting.tcl 
INFO-FLOW: DBG:CMD: read_platform_lib C:/Users/Lab611/Desktop/Portal/yuri-project/2022HLS/LAB_dataflow/dataflow/solution1/.autopilot/db/global.setting.tcl
Execute       source C:/Xilinx/Vitis_HLS/2020.2/common/technology/generic/autopilot/common.gen 
Execute         source C:/Xilinx/Vitis_HLS/2020.2/common/technology/generic/autopilot/APCoreGen.gen 
Execute       source C:/Xilinx/Vitis_HLS/2020.2/common/technology/generic/autopilot/op.gen 
Execute       source C:/Xilinx/Vitis_HLS/2020.2/common/technology/generic/autopilot/op_simcore.gen 
Execute       source C:/Xilinx/Vitis_HLS/2020.2/common/technology/generic/autopilot/interface.gen 
Execute       source C:/Users/Lab611/Desktop/Portal/yuri-project/2022HLS/LAB_dataflow/dataflow/solution1/.autopilot/db/global.setting.tcl 
Execute       source C:/Xilinx/Vitis_HLS/2020.2/common/technology/xilinx/common/xilinx.gen 
Execute         source C:/Xilinx/Vitis_HLS/2020.2/common/technology/xilinx/interface/plb46.gen 
Execute         source C:/Xilinx/Vitis_HLS/2020.2/common/technology/xilinx/interface/axi4.gen 
Execute         source C:/Xilinx/Vitis_HLS/2020.2/common/technology/xilinx/interface/nativeAXI4.gen 
Execute           source C:/Xilinx/Vitis_HLS/2020.2/common/technology/xilinx/interface/saxilite.gen 
Execute           source C:/Xilinx/Vitis_HLS/2020.2/common/technology/xilinx/interface/maxi.gen 
Execute         source C:/Xilinx/Vitis_HLS/2020.2/common/technology/xilinx/scripts/xilinxcoregen.gen 
Execute         source C:/Xilinx/Vitis_HLS/2020.2/common/technology/xilinx/interface/XilEDKCoreGen.gen 
Execute         source C:/Xilinx/Vitis_HLS/2020.2/common/technology/xilinx/ip/dds_compiler.gen 
Execute         source C:/Xilinx/Vitis_HLS/2020.2/common/technology/xilinx/ip/util.gen 
Execute         source C:/Xilinx/Vitis_HLS/2020.2/common/technology/xilinx/ip/xfft.gen 
Execute         source C:/Xilinx/Vitis_HLS/2020.2/common/technology/xilinx/ip/xfir.gen 
Execute         source C:/Xilinx/Vitis_HLS/2020.2/common/technology/xilinx/DSP48/dsp48.gen 
INFO-FLOW: DBG:CMD:       initCTypeInfo top_module=adder xml_exists=0
Execute       source C:/Users/Lab611/Desktop/Portal/yuri-project/2022HLS/LAB_dataflow/dataflow/solution1/.autopilot/db/adder.rtl_wrap.cfg.tcl 
Execute       source C:/Users/Lab611/Desktop/Portal/yuri-project/2022HLS/LAB_dataflow/dataflow/solution1/.autopilot/db/adder.rtl_wrap.cfg.tcl 
Execute       source C:/Users/Lab611/Desktop/Portal/yuri-project/2022HLS/LAB_dataflow/dataflow/solution1/.autopilot/db/adder.rtl_wrap.cfg.tcl 
Execute       source C:/Users/Lab611/Desktop/Portal/yuri-project/2022HLS/LAB_dataflow/dataflow/solution1/.autopilot/db/adder.tbgen.tcl 
Execute       source C:/Users/Lab611/Desktop/Portal/yuri-project/2022HLS/LAB_dataflow/dataflow/solution1/.autopilot/db/adder.tbgen.tcl 
INFO-FLOW: DBG:CMD:       export_impl_rtl
INFO-FLOW: DBG:CMD:       generate_ip_cores sim=0 export=0 expOnly=0 dstVlogDir=impl/.verilog
Execute       source C:/Users/Lab611/Desktop/Portal/yuri-project/2022HLS/LAB_dataflow/dataflow/solution1/.autopilot/db/global.setting.tcl 
Execute       source C:/Users/Lab611/Desktop/Portal/yuri-project/2022HLS/LAB_dataflow/dataflow/solution1/.autopilot/db/read_input3.compgen.tcl 
Execute       source C:/Users/Lab611/Desktop/Portal/yuri-project/2022HLS/LAB_dataflow/dataflow/solution1/.autopilot/db/compute_add.compgen.tcl 
Execute       source C:/Users/Lab611/Desktop/Portal/yuri-project/2022HLS/LAB_dataflow/dataflow/solution1/.autopilot/db/write_result.compgen.tcl 
Execute       source C:/Users/Lab611/Desktop/Portal/yuri-project/2022HLS/LAB_dataflow/dataflow/solution1/.autopilot/db/adder.compgen.tcl 
INFO-FLOW: DBG:CMD:       generate_ip_cores sim=0 export=1 expOnly=1 dstVlogDir=impl/.pcores/verilog
Execute       source C:/Users/Lab611/Desktop/Portal/yuri-project/2022HLS/LAB_dataflow/dataflow/solution1/.autopilot/db/global.setting.tcl 
Execute       source C:/Users/Lab611/Desktop/Portal/yuri-project/2022HLS/LAB_dataflow/dataflow/solution1/.autopilot/db/read_input3.compgen.tcl 
Execute       source C:/Users/Lab611/Desktop/Portal/yuri-project/2022HLS/LAB_dataflow/dataflow/solution1/.autopilot/db/compute_add.compgen.tcl 
Execute       source C:/Users/Lab611/Desktop/Portal/yuri-project/2022HLS/LAB_dataflow/dataflow/solution1/.autopilot/db/write_result.compgen.tcl 
Execute       source C:/Users/Lab611/Desktop/Portal/yuri-project/2022HLS/LAB_dataflow/dataflow/solution1/.autopilot/db/adder.compgen.tcl 
Execute         ap_part_info -name xczu7ev-ffvc1156-2-e -data names -quiet 
Execute         ap_part_info -name xczu7ev-ffvc1156-2-e -data info -quiet 
Execute         ap_part_info -name xczu7ev-ffvc1156-2-e -data names -quiet 
Execute         ap_part_info -name xczu7ev-ffvc1156-2-e -data info -quiet 
Execute         ap_part_info -name xczu7ev-ffvc1156-2-e -data names -quiet 
Execute         ap_part_info -name xczu7ev-ffvc1156-2-e -data info -quiet 
Execute         ap_part_info -name xczu7ev-ffvc1156-2-e -data names -quiet 
Execute         ap_part_info -name xczu7ev-ffvc1156-2-e -data info -quiet 
Execute         ap_part_info -name xczu7ev-ffvc1156-2-e -data names -quiet 
Execute         ap_part_info -name xczu7ev-ffvc1156-2-e -data info -quiet 
Execute         ap_part_info -name xczu7ev-ffvc1156-2-e -data names -quiet 
Execute         ap_part_info -name xczu7ev-ffvc1156-2-e -data info -quiet 
Command       ap_source done; 0.167 sec.
Execute       ap_part_info -name xczu7ev-ffvc1156-2-e -data names -quiet 
Execute       ap_part_info -name xczu7ev-ffvc1156-2-e -data info -quiet 
INFO-FLOW: DBG:CMD:       generate_ip_cores sim=0 export=0 expOnly=0 dstVlogDir=impl/.pcores/verilog_sim
Execute       source C:/Users/Lab611/Desktop/Portal/yuri-project/2022HLS/LAB_dataflow/dataflow/solution1/.autopilot/db/global.setting.tcl 
Execute       source C:/Users/Lab611/Desktop/Portal/yuri-project/2022HLS/LAB_dataflow/dataflow/solution1/.autopilot/db/read_input3.compgen.tcl 
Execute       source C:/Users/Lab611/Desktop/Portal/yuri-project/2022HLS/LAB_dataflow/dataflow/solution1/.autopilot/db/compute_add.compgen.tcl 
Execute       source C:/Users/Lab611/Desktop/Portal/yuri-project/2022HLS/LAB_dataflow/dataflow/solution1/.autopilot/db/write_result.compgen.tcl 
Execute       source C:/Users/Lab611/Desktop/Portal/yuri-project/2022HLS/LAB_dataflow/dataflow/solution1/.autopilot/db/adder.compgen.tcl 
Execute       ap_part_info -name xczu7ev-ffvc1156-2-e -data names -quiet 
Execute       ap_part_info -name xczu7ev-ffvc1156-2-e -data info -quiet 
Execute       ap_part_info -name xczu7ev-ffvc1156-2-e -data names -quiet 
Execute       ap_part_info -name xczu7ev-ffvc1156-2-e -data info -quiet 
Execute       source C:/Users/Lab611/Desktop/Portal/yuri-project/2022HLS/LAB_dataflow/dataflow/solution1/.autopilot/db/global.setting.tcl 
Execute       ap_part_info -name xczu7ev-ffvc1156-2-e -data names -quiet 
Execute       ap_part_info -name xczu7ev-ffvc1156-2-e -data info -quiet 
Execute       source C:/Users/Lab611/Desktop/Portal/yuri-project/2022HLS/LAB_dataflow/dataflow/solution1/.autopilot/db/adder.constraint.tcl 
Execute       source C:/Users/Lab611/Desktop/Portal/yuri-project/2022HLS/LAB_dataflow/dataflow/solution1/.autopilot/db/adder.tbgen.tcl 
INFO-FLOW: DBG:CMD:       hasPcoreIpAdapter=false #gSsdmPorts=0
INFO-FLOW: DBG:CMD: Skipping loadAnalyze_DB, #g_database=5
INFO-FLOW: DBG:CMD:       generate_json is_phase_csynth=1 g_has_adaptors=false generate_bd_files=0 #modelList=14 #gSsdmPorts=0
Execute       source C:/Xilinx/Vitis_HLS/2020.2/tps/tcl/tcllib1.11.1/fileutil/fileutil.tcl 
Execute       source C:/Users/Lab611/Desktop/Portal/yuri-project/2022HLS/LAB_dataflow/dataflow/solution1/.autopilot/db/global.setting.tcl 
Execute       source C:/Users/Lab611/Desktop/Portal/yuri-project/2022HLS/LAB_dataflow/dataflow/solution1/.autopilot/db/global.setting.tcl 
Execute       source C:/Users/Lab611/Desktop/Portal/yuri-project/2022HLS/LAB_dataflow/dataflow/solution1/.autopilot/db/top-io-be.tcl 
Execute       source C:/Users/Lab611/Desktop/Portal/yuri-project/2022HLS/LAB_dataflow/dataflow/solution1/.autopilot/db/adder.tbgen.tcl 
Execute       source C:/Users/Lab611/Desktop/Portal/yuri-project/2022HLS/LAB_dataflow/dataflow/solution1/.autopilot/db/adder.compgen.dataonly.tcl 
Execute       source C:/Users/Lab611/Desktop/Portal/yuri-project/2022HLS/LAB_dataflow/dataflow/solution1/.autopilot/db/adder.compgen.dataonly.tcl 
Execute       source C:/Users/Lab611/Desktop/Portal/yuri-project/2022HLS/LAB_dataflow/dataflow/solution1/.autopilot/db/adder.tbgen.tcl 
Execute       source C:/Users/Lab611/Desktop/Portal/yuri-project/2022HLS/LAB_dataflow/dataflow/solution1/.autopilot/db/adder.rtl_wrap.cfg.tcl 
Execute       source C:/Users/Lab611/Desktop/Portal/yuri-project/2022HLS/LAB_dataflow/dataflow/solution1/.autopilot/db/adder.compgen.dataonly.tcl 
Execute       get_config_export -format 
Execute       ap_part_info -name xczu7ev-ffvc1156-2-e -data names -quiet 
Execute       ap_part_info -name xczu7ev-ffvc1156-2-e -data info -quiet 
Execute       source C:/Users/Lab611/Desktop/Portal/yuri-project/2022HLS/LAB_dataflow/dataflow/solution1/.autopilot/db/read_input3.tbgen.tcl 
Execute       source C:/Users/Lab611/Desktop/Portal/yuri-project/2022HLS/LAB_dataflow/dataflow/solution1/.autopilot/db/compute_add.tbgen.tcl 
Execute       source C:/Users/Lab611/Desktop/Portal/yuri-project/2022HLS/LAB_dataflow/dataflow/solution1/.autopilot/db/write_result.tbgen.tcl 
Execute       source C:/Users/Lab611/Desktop/Portal/yuri-project/2022HLS/LAB_dataflow/dataflow/solution1/.autopilot/db/adder.tbgen.tcl 
Execute       source C:/Users/Lab611/Desktop/Portal/yuri-project/2022HLS/LAB_dataflow/dataflow/solution1/.autopilot/db/global.setting.tcl 
Execute       ap_part_info -name xczu7ev-ffvc1156-2-e -data names -quiet 
Execute       ap_part_info -name xczu7ev-ffvc1156-2-e -data info -quiet 
Execute       get_solution -flow_target 
Execute       get_config_rtl -kernel_profile 
Execute       get_config_rtl -kernel_profile 
Execute       get_config_rtl -stall_sig_gen 
Execute       get_config_rtl -profile 
Execute       source C:/Users/Lab611/Desktop/Portal/yuri-project/2022HLS/LAB_dataflow/dataflow/solution1/.autopilot/db/adder.constraint.tcl 
Execute       sc_get_clocks adder 
Execute       source C:/Users/Lab611/Desktop/Portal/yuri-project/2022HLS/LAB_dataflow/dataflow/solution1/.autopilot/db/global.setting.tcl 
Execute       get_config_debug -directory 
INFO-FLOW: DBG:CMD:       delete-temp-dirs (skipped for debug)
INFO: [HLS 200-111] Finished Generating all RTL models: CPU user time: 1 seconds. CPU system time: 0 seconds. Elapsed time: 1.995 seconds; current allocated memory: 250.476 MB.
INFO: [VHDL 208-304] Generating VHDL RTL for adder.
INFO: [VLOG 209-307] Generating Verilog RTL for adder.
INFO-FLOW: DBG:CMD:       update_csynth_xml_report append design.xml content design_xml=C:/Users/Lab611/Desktop/Portal/yuri-project/2022HLS/LAB_dataflow/dataflow/solution1/.autopilot/db/adder.design.xml
INFO-FLOW: DBG:CMD:       update_csynth_xml_report json2reportxml
Execute       send_msg_by_id INFO @200-1603@%s  and missed bursts 
INFO: [HLS 200-1603] Design has MAXI bursts and missed bursts, see Vitis HLS GUI synthesis summary report for detailed information.
INFO-FLOW: DBG:CMD:       update_csynth_xml_report done
Execute       syn_report -model adder -printsummary 
INFO: [HLS 200-790] **** Loop Constraint Status: All loop constraints were satisfied.
INFO: [HLS 200-789] **** Estimated Fmax: 136.99 MHz
Command     autosyn done; 3.964 sec.
Command   csynth_design done; 12.251 sec.
INFO: [HLS 200-111] Finished Command csynth_design CPU user time: 5 seconds. CPU system time: 1 seconds. Elapsed time: 12.332 seconds; current allocated memory: 251.341 MB.
Command ap_source done; 14.211 sec.
Execute cleanup_all 
