

================================================================
== Vitis HLS Report for 'write_result'
================================================================
* Date:           Mon Mar 28 17:27:37 2022

* Version:        2020.2 (Build 3064766 on Wed Nov 18 09:12:45 MST 2020)
* Project:        dataflow
* Solution:       solution1 (Vivado IP Flow Target)
* Product family: zynquplus
* Target device:  xczu7ev-ffvc1156-2-e


================================================================
== Performance Estimates
================================================================
+ Timing: 
    * Summary: 
    +--------+----------+----------+------------+
    |  Clock |  Target  | Estimated| Uncertainty|
    +--------+----------+----------+------------+
    |ap_clk  |  10.00 ns|  7.300 ns|     2.70 ns|
    +--------+----------+----------+------------+

+ Latency: 
    * Summary: 
    +---------+---------+-----------+-----------+-----+------+---------+
    |  Latency (cycles) |   Latency (absolute)  |  Interval  | Pipeline|
    |   min   |   max   |    min    |    max    | min |  max |   Type  |
    +---------+---------+-----------+-----------+-----+------+---------+
    |        1|     4104|  10.000 ns|  41.040 us|    1|  4104|     none|
    +---------+---------+-----------+-----------+-----+------+---------+

    + Detail: 
        * Instance: 
        N/A

        * Loop: 
        +----------+---------+---------+----------+-----------+-----------+------+----------+
        |          |  Latency (cycles) | Iteration|  Initiation Interval  | Trip |          |
        | Loop Name|   min   |   max   |  Latency |  achieved |   target  | Count| Pipelined|
        +----------+---------+---------+----------+-----------+-----------+------+----------+
        |- mem_wr  |     4097|     4097|         3|          1|          1|  4096|       yes|
        +----------+---------+---------+----------+-----------+-----------+------+----------+

============================================================
+ Verbose Summary: Synthesis Manager
============================================================
InlineROM: 1
ExposeGlobal: 0
============================================================
+ Verbose Summary: CDFG Model
============================================================
IsTopModel: 0
ResetActiveHigh: 1
IsCombinational: 2
IsDatapathOnly: 0
HasWiredReturn: 1
HasMFsm: 0
HasVarLatency: 1
IsPipeline: 0
IsRtlPipelined: 0
IsInstanceOverlapped: 0
IsDontTouch: 0
HasImplIP: 0
IsGatedGlobalClock: 0

+ Individual pipeline summary: 
  * Pipeline-0: initiation interval (II) = 1, depth = 3


============================================================
+ Verbose Summary: Schedule
============================================================
* Number of FSM states : 10
* Pipeline : 1
  Pipeline-0 : II = 1, D = 3, States = { 3 4 5 }
* Dataflow Pipeline: 0

* FSM state transitions: 
1 --> 2 10 
2 --> 3 
3 --> 6 4 
4 --> 5 
5 --> 3 
6 --> 7 
7 --> 8 
8 --> 9 
9 --> 10 
10 --> 

* FSM state operations: 

State 1 <SV = 0> <Delay = 2.82>
ST_1 : Operation 11 [1/1] (0.00ns)   --->   "%specinterface_ln0 = specinterface void @_ssdm_op_SpecInterface, i32 %gmem, void @empty, i32 0, i32 0, void @empty_0, i32 0, i32 0, void @empty_1, void @empty_2, void @empty_0, i32 16, i32 16, i32 16, i32 16, void @empty_0, void @empty_0"   --->   Operation 11 'specinterface' 'specinterface_ln0' <Predicate = true> <Delay = 0.00>
ST_1 : Operation 12 [1/1] (0.00ns)   --->   "%specinterface_ln0 = specinterface void @_ssdm_op_SpecInterface, i32 %outStream, void @empty_11, i32 0, i32 0, void @empty_0, i32 0, i32 0, void @empty_0, void @empty_0, void @empty_0, i32 0, i32 0, i32 0, i32 0, void @empty_0, void @empty_0"   --->   Operation 12 'specinterface' 'specinterface_ln0' <Predicate = true> <Delay = 0.00>
ST_1 : Operation 13 [1/1] (0.00ns)   --->   "%specinterface_ln0 = specinterface void @_ssdm_op_SpecInterface, i32 %outStream, void @empty_11, i32 0, i32 0, void @empty_0, i32 0, i32 0, void @empty_0, void @empty_0, void @empty_0, i32 0, i32 0, i32 0, i32 0, void @empty_0, void @empty_0"   --->   Operation 13 'specinterface' 'specinterface_ln0' <Predicate = true> <Delay = 0.00>
ST_1 : Operation 14 [1/1] (0.00ns)   --->   "%specinterface_ln0 = specinterface void @_ssdm_op_SpecInterface, i32 %outStream, void @empty_11, i32 0, i32 0, void @empty_0, i32 0, i32 0, void @empty_0, void @empty_0, void @empty_0, i32 0, i32 0, i32 0, i32 0, void @empty_0, void @empty_0"   --->   Operation 14 'specinterface' 'specinterface_ln0' <Predicate = true> <Delay = 0.00>
ST_1 : Operation 15 [1/1] (0.00ns)   --->   "%specinterface_ln0 = specinterface void @_ssdm_op_SpecInterface, i32 %size, void @ap_fifo_str, i32 0, i32 0, void @p_str, i32 0, i32 0, void @p_str, void @p_str, void @p_str, i32 2, i32 2, i32 16, i32 16, void @p_str, void @ScalarProp_str"   --->   Operation 15 'specinterface' 'specinterface_ln0' <Predicate = true> <Delay = 0.00>
ST_1 : Operation 16 [1/1] (0.00ns)   --->   "%specinterface_ln0 = specinterface void @_ssdm_op_SpecInterface, i64 %out_r, void @ap_fifo_str, i32 0, i32 0, void @p_str, i32 0, i32 0, void @p_str, void @p_str, void @p_str, i32 2, i32 2, i32 16, i32 16, void @p_str, void @ScalarProp_str"   --->   Operation 16 'specinterface' 'specinterface_ln0' <Predicate = true> <Delay = 0.00>
ST_1 : Operation 17 [1/1] (1.83ns)   --->   "%out_read = read i64 @_ssdm_op_Read.ap_fifo.i64P0A, i64 %out_r" [aaa.cpp:99]   --->   Operation 17 'read' 'out_read' <Predicate = true> <Delay = 1.83> <CoreInst = "FIFO_SRL">   --->   Core 81 'FIFO_SRL' <Latency = 0> <II = 1> <Delay = 1.83> <Storage> <Opcode : 'read' 'write' 'nbread' 'nbwrite'> <Ports = 0> <Width = 64> <Depth = 3> <FIFO>
ST_1 : Operation 18 [1/1] (1.83ns)   --->   "%size_read = read i32 @_ssdm_op_Read.ap_fifo.i32P0A, i32 %size" [aaa.cpp:99]   --->   Operation 18 'read' 'size_read' <Predicate = true> <Delay = 1.83> <CoreInst = "FIFO_SRL">   --->   Core 81 'FIFO_SRL' <Latency = 0> <II = 1> <Delay = 1.83> <Storage> <Opcode : 'read' 'write' 'nbread' 'nbwrite'> <Ports = 0> <Width = 32> <Depth = 2> <FIFO>
ST_1 : Operation 19 [1/1] (0.00ns)   --->   "%specinterface_ln0 = specinterface void @_ssdm_op_SpecInterface, i32 %outStream, void @empty_11, i32 0, i32 0, void @empty_0, i32 0, i32 0, void @empty_0, void @empty_0, void @empty_0, i32 0, i32 0, i32 0, i32 0, void @empty_0, void @empty_0"   --->   Operation 19 'specinterface' 'specinterface_ln0' <Predicate = true> <Delay = 0.00>
ST_1 : Operation 20 [1/1] (0.00ns)   --->   "%specinterface_ln0 = specinterface void @_ssdm_op_SpecInterface, i32 %outStream, void @empty_11, i32 0, i32 0, void @empty_0, i32 0, i32 0, void @empty_0, void @empty_0, void @empty_0, i32 0, i32 0, i32 0, i32 0, void @empty_0, void @empty_0"   --->   Operation 20 'specinterface' 'specinterface_ln0' <Predicate = true> <Delay = 0.00>
ST_1 : Operation 21 [1/1] (0.00ns)   --->   "%specinterface_ln0 = specinterface void @_ssdm_op_SpecInterface, i32 %outStream, void @empty_11, i32 0, i32 0, void @empty_0, i32 0, i32 0, void @empty_0, void @empty_0, void @empty_0, i32 0, i32 0, i32 0, i32 0, void @empty_0, void @empty_0"   --->   Operation 21 'specinterface' 'specinterface_ln0' <Predicate = true> <Delay = 0.00>
ST_1 : Operation 22 [1/1] (0.00ns)   --->   "%specinterface_ln0 = specinterface void @_ssdm_op_SpecInterface, i32 %outStream, void @empty_11, i32 0, i32 0, void @empty_0, i32 0, i32 0, void @empty_0, void @empty_0, void @empty_0, i32 0, i32 0, i32 0, i32 0, void @empty_0, void @empty_0"   --->   Operation 22 'specinterface' 'specinterface_ln0' <Predicate = true> <Delay = 0.00>
ST_1 : Operation 23 [1/1] (0.00ns)   --->   "%specinterface_ln0 = specinterface void @_ssdm_op_SpecInterface, i32 %gmem, void @empty, i32 0, i32 0, void @empty_0, i32 0, i32 0, void @empty_1, void @empty_2, void @empty_0, i32 16, i32 16, i32 16, i32 16, void @empty_0, void @empty_0"   --->   Operation 23 'specinterface' 'specinterface_ln0' <Predicate = true> <Delay = 0.00>
ST_1 : Operation 24 [1/1] (0.99ns)   --->   "%icmp_ln99 = icmp_sgt  i32 %size_read, i32 0" [aaa.cpp:99->aaa.cpp:116]   --->   Operation 24 'icmp' 'icmp_ln99' <Predicate = true> <Delay = 0.99> <CoreInst = "Cmp">   --->   Core 9 'Cmp' <Latency = 0> <II = 1> <Delay = 0.99> <FuncUnit> <Opcode : 'icmp'> <InPorts = 2> <OutPorts = 1>
ST_1 : Operation 25 [1/1] (0.00ns)   --->   "%br_ln99 = br i1 %icmp_ln99, void %.exit, void %.lr.ph.i.i" [aaa.cpp:99->aaa.cpp:116]   --->   Operation 25 'br' 'br_ln99' <Predicate = true> <Delay = 0.00>
ST_1 : Operation 26 [1/1] (0.00ns)   --->   "%trunc_ln99_1 = partselect i62 @_ssdm_op_PartSelect.i62.i64.i32.i32, i64 %out_read, i32 2, i32 63" [aaa.cpp:99->aaa.cpp:116]   --->   Operation 26 'partselect' 'trunc_ln99_1' <Predicate = (icmp_ln99)> <Delay = 0.00>
ST_1 : Operation 27 [1/1] (0.00ns)   --->   "%sext_ln99 = sext i62 %trunc_ln99_1" [aaa.cpp:99->aaa.cpp:116]   --->   Operation 27 'sext' 'sext_ln99' <Predicate = (icmp_ln99)> <Delay = 0.00>
ST_1 : Operation 28 [1/1] (0.00ns)   --->   "%gmem_addr = getelementptr i32 %gmem, i64 %sext_ln99" [aaa.cpp:99->aaa.cpp:116]   --->   Operation 28 'getelementptr' 'gmem_addr' <Predicate = (icmp_ln99)> <Delay = 0.00>

State 2 <SV = 1> <Delay = 7.30>
ST_2 : Operation 29 [1/1] (0.00ns)   --->   "%trunc_ln99 = trunc i32 %size_read" [aaa.cpp:99->aaa.cpp:116]   --->   Operation 29 'trunc' 'trunc_ln99' <Predicate = true> <Delay = 0.00>
ST_2 : Operation 30 [1/1] (7.30ns)   --->   "%empty = writereq i1 @_ssdm_op_WriteReq.m_axi.p1i32, i32 %gmem_addr, i32 %size_read" [aaa.cpp:99->aaa.cpp:116]   --->   Operation 30 'writereq' 'empty' <Predicate = true> <Delay = 7.30> <CoreInst = "m_axi">   --->   Core 121 'm_axi' <Latency = 6> <II = 1> <Delay = 1.00> <Adapter> <Opcode : 'read' 'write' 'readreq' 'writereq' 'writeresp'>
ST_2 : Operation 31 [1/1] (0.42ns)   --->   "%br_ln99 = br void" [aaa.cpp:99->aaa.cpp:116]   --->   Operation 31 'br' 'br_ln99' <Predicate = true> <Delay = 0.42>

State 3 <SV = 2> <Delay = 1.00>
ST_3 : Operation 32 [1/1] (0.00ns)   --->   "%i = phi i31 %add_ln99, void %.split.i.i, i31 0, void %.lr.ph.i.i" [aaa.cpp:99->aaa.cpp:116]   --->   Operation 32 'phi' 'i' <Predicate = true> <Delay = 0.00>
ST_3 : Operation 33 [1/1] (1.00ns)   --->   "%add_ln99 = add i31 %i, i31 1" [aaa.cpp:99->aaa.cpp:116]   --->   Operation 33 'add' 'add_ln99' <Predicate = true> <Delay = 1.00> <CoreInst = "Adder">   --->   Core 1 'Adder' <Latency = 0> <II = 1> <Delay = 1.00> <FuncUnit> <Opcode : 'add' 'sub'> <InPorts = 2> <OutPorts = 1>
ST_3 : Operation 34 [1/1] (0.99ns)   --->   "%icmp_ln99_1 = icmp_eq  i31 %i, i31 %trunc_ln99" [aaa.cpp:99->aaa.cpp:116]   --->   Operation 34 'icmp' 'icmp_ln99_1' <Predicate = true> <Delay = 0.99> <CoreInst = "Cmp">   --->   Core 9 'Cmp' <Latency = 0> <II = 1> <Delay = 0.99> <FuncUnit> <Opcode : 'icmp'> <InPorts = 2> <OutPorts = 1>
ST_3 : Operation 35 [1/1] (0.00ns)   --->   "%br_ln99 = br i1 %icmp_ln99_1, void %.split.i.i, void %._crit_edge.loopexit.i.i" [aaa.cpp:99->aaa.cpp:116]   --->   Operation 35 'br' 'br_ln99' <Predicate = true> <Delay = 0.00>

State 4 <SV = 3> <Delay = 1.63>
ST_4 : Operation 36 [1/1] (1.63ns)   --->   "%tmp = read i32 @_ssdm_op_Read.ap_fifo.volatile.i32P0A, i32 %outStream" [C:/Xilinx/Vitis_HLS/2020.2/common/technology/autopilot/hls_stream_39.h:145]   --->   Operation 36 'read' 'tmp' <Predicate = (!icmp_ln99_1)> <Delay = 1.63> <CoreInst = "FIFO_SRL">   --->   Core 81 'FIFO_SRL' <Latency = 0> <II = 1> <Delay = 1.63> <Storage> <Opcode : 'read' 'write' 'nbread' 'nbwrite'> <Ports = 0> <Width = 32> <Depth = 32> <FIFO>

State 5 <SV = 4> <Delay = 7.30>
ST_5 : Operation 37 [1/1] (0.00ns)   --->   "%specpipeline_ln99 = specpipeline void @_ssdm_op_SpecPipeline, i32 1, i32 0, i32 0, i32 0, void @empty_0" [aaa.cpp:99->aaa.cpp:116]   --->   Operation 37 'specpipeline' 'specpipeline_ln99' <Predicate = (!icmp_ln99_1)> <Delay = 0.00>
ST_5 : Operation 38 [1/1] (0.00ns)   --->   "%speclooptripcount_ln99 = speclooptripcount void @_ssdm_op_SpecLoopTripCount, i64 4096, i64 4096, i64 4096" [aaa.cpp:99->aaa.cpp:116]   --->   Operation 38 'speclooptripcount' 'speclooptripcount_ln99' <Predicate = (!icmp_ln99_1)> <Delay = 0.00>
ST_5 : Operation 39 [1/1] (0.00ns)   --->   "%specloopname_ln99 = specloopname void @_ssdm_op_SpecLoopName, void @empty_15" [aaa.cpp:99->aaa.cpp:116]   --->   Operation 39 'specloopname' 'specloopname_ln99' <Predicate = (!icmp_ln99_1)> <Delay = 0.00>
ST_5 : Operation 40 [1/1] (7.30ns)   --->   "%write_ln103 = write void @_ssdm_op_Write.m_axi.p1i32, i32 %gmem_addr, i32 %tmp, i4 15" [aaa.cpp:103->aaa.cpp:116]   --->   Operation 40 'write' 'write_ln103' <Predicate = (!icmp_ln99_1)> <Delay = 7.30> <CoreInst = "m_axi">   --->   Core 121 'm_axi' <Latency = 6> <II = 1> <Delay = 1.00> <Adapter> <Opcode : 'read' 'write' 'readreq' 'writereq' 'writeresp'>
ST_5 : Operation 41 [1/1] (0.00ns)   --->   "%br_ln0 = br void"   --->   Operation 41 'br' 'br_ln0' <Predicate = (!icmp_ln99_1)> <Delay = 0.00>

State 6 <SV = 3> <Delay = 7.30>
ST_6 : Operation 42 [5/5] (7.30ns)   --->   "%empty_22 = writeresp i1 @_ssdm_op_WriteResp.m_axi.p1i32, i32 %gmem_addr" [aaa.cpp:105->aaa.cpp:116]   --->   Operation 42 'writeresp' 'empty_22' <Predicate = true> <Delay = 7.30> <CoreInst = "m_axi">   --->   Core 121 'm_axi' <Latency = 6> <II = 1> <Delay = 1.00> <Adapter> <Opcode : 'read' 'write' 'readreq' 'writereq' 'writeresp'>

State 7 <SV = 4> <Delay = 7.30>
ST_7 : Operation 43 [4/5] (7.30ns)   --->   "%empty_22 = writeresp i1 @_ssdm_op_WriteResp.m_axi.p1i32, i32 %gmem_addr" [aaa.cpp:105->aaa.cpp:116]   --->   Operation 43 'writeresp' 'empty_22' <Predicate = true> <Delay = 7.30> <CoreInst = "m_axi">   --->   Core 121 'm_axi' <Latency = 6> <II = 1> <Delay = 1.00> <Adapter> <Opcode : 'read' 'write' 'readreq' 'writereq' 'writeresp'>

State 8 <SV = 5> <Delay = 7.30>
ST_8 : Operation 44 [3/5] (7.30ns)   --->   "%empty_22 = writeresp i1 @_ssdm_op_WriteResp.m_axi.p1i32, i32 %gmem_addr" [aaa.cpp:105->aaa.cpp:116]   --->   Operation 44 'writeresp' 'empty_22' <Predicate = true> <Delay = 7.30> <CoreInst = "m_axi">   --->   Core 121 'm_axi' <Latency = 6> <II = 1> <Delay = 1.00> <Adapter> <Opcode : 'read' 'write' 'readreq' 'writereq' 'writeresp'>

State 9 <SV = 6> <Delay = 7.30>
ST_9 : Operation 45 [2/5] (7.30ns)   --->   "%empty_22 = writeresp i1 @_ssdm_op_WriteResp.m_axi.p1i32, i32 %gmem_addr" [aaa.cpp:105->aaa.cpp:116]   --->   Operation 45 'writeresp' 'empty_22' <Predicate = true> <Delay = 7.30> <CoreInst = "m_axi">   --->   Core 121 'm_axi' <Latency = 6> <II = 1> <Delay = 1.00> <Adapter> <Opcode : 'read' 'write' 'readreq' 'writereq' 'writeresp'>

State 10 <SV = 7> <Delay = 7.30>
ST_10 : Operation 46 [1/5] (7.30ns)   --->   "%empty_22 = writeresp i1 @_ssdm_op_WriteResp.m_axi.p1i32, i32 %gmem_addr" [aaa.cpp:105->aaa.cpp:116]   --->   Operation 46 'writeresp' 'empty_22' <Predicate = (icmp_ln99)> <Delay = 7.30> <CoreInst = "m_axi">   --->   Core 121 'm_axi' <Latency = 6> <II = 1> <Delay = 1.00> <Adapter> <Opcode : 'read' 'write' 'readreq' 'writereq' 'writeresp'>
ST_10 : Operation 47 [1/1] (0.00ns)   --->   "%br_ln105 = br void %.exit" [aaa.cpp:105->aaa.cpp:116]   --->   Operation 47 'br' 'br_ln105' <Predicate = (icmp_ln99)> <Delay = 0.00>
ST_10 : Operation 48 [1/1] (0.00ns)   --->   "%ret_ln116 = ret" [aaa.cpp:116]   --->   Operation 48 'ret' 'ret_ln116' <Predicate = true> <Delay = 0.00>


============================================================
+ Verbose Summary: Binding
============================================================
STG Binding: 
---------------- STG Properties BEGIN ----------------
- Is combinational: 0
- Is one-state seq: 0
- Is datapath-only: 0
- Is pipelined: 0
- Is top level: 0
Port [ Return ] is wired: 1; IO mode=ap_ctrl_hs:ce=0
Port [ gmem]:  wired=1; compound=1; hidden=0; nouse=0; global=0; static=0; extern=0; dir=1; type=4; pingpong=0; private_global=0; IO mode=m_axi:ce=0
Port [ out_r]:  wired=1; compound=1; hidden=0; nouse=0; global=0; static=0; extern=0; dir=0; type=3; pingpong=0; private_global=0; IO mode=ap_fifo:ce=0
Port [ size]:  wired=1; compound=1; hidden=0; nouse=0; global=0; static=0; extern=0; dir=0; type=3; pingpong=0; private_global=0; IO mode=ap_fifo:ce=0
Port [ outStream]:  wired=1; compound=1; hidden=0; nouse=0; global=1; static=1; extern=0; dir=0; type=3; pingpong=0; private_global=0; IO mode=ap_fifo:ce=0
---------------- STG Properties END ------------------

---------------- Datapath Model BEGIN ----------------

<LifeTime>
<method=bitvector/>
specinterface_ln0      (specinterface    ) [ 00000000000]
specinterface_ln0      (specinterface    ) [ 00000000000]
specinterface_ln0      (specinterface    ) [ 00000000000]
specinterface_ln0      (specinterface    ) [ 00000000000]
specinterface_ln0      (specinterface    ) [ 00000000000]
specinterface_ln0      (specinterface    ) [ 00000000000]
out_read               (read             ) [ 00000000000]
size_read              (read             ) [ 00100000000]
specinterface_ln0      (specinterface    ) [ 00000000000]
specinterface_ln0      (specinterface    ) [ 00000000000]
specinterface_ln0      (specinterface    ) [ 00000000000]
specinterface_ln0      (specinterface    ) [ 00000000000]
specinterface_ln0      (specinterface    ) [ 00000000000]
icmp_ln99              (icmp             ) [ 01111111111]
br_ln99                (br               ) [ 00000000000]
trunc_ln99_1           (partselect       ) [ 00000000000]
sext_ln99              (sext             ) [ 00000000000]
gmem_addr              (getelementptr    ) [ 00111111111]
trunc_ln99             (trunc            ) [ 00011100000]
empty                  (writereq         ) [ 00000000000]
br_ln99                (br               ) [ 00111100000]
i                      (phi              ) [ 00010000000]
add_ln99               (add              ) [ 00111100000]
icmp_ln99_1            (icmp             ) [ 00011100000]
br_ln99                (br               ) [ 00000000000]
tmp                    (read             ) [ 00010100000]
specpipeline_ln99      (specpipeline     ) [ 00000000000]
speclooptripcount_ln99 (speclooptripcount) [ 00000000000]
specloopname_ln99      (specloopname     ) [ 00000000000]
write_ln103            (write            ) [ 00000000000]
br_ln0                 (br               ) [ 00111100000]
empty_22               (writeresp        ) [ 00000000000]
br_ln105               (br               ) [ 00000000000]
ret_ln116              (ret              ) [ 00000000000]
</LifeTime>

<model>

<comp_list>
<comp id="0" class="1000" name="gmem">
<pin_list>
<pin id="1" dir="1" index="0" bw="1" slack="0"/>
</pin_list>
<bind>
<StgValue><ssdm name="gmem"/></StgValue>
</bind>
</comp>

<comp id="2" class="1000" name="out_r">
<pin_list>
<pin id="3" dir="1" index="0" bw="1" slack="0"/>
</pin_list>
<bind>
<StgValue><ssdm name="out_r"/></StgValue>
</bind>
</comp>

<comp id="4" class="1000" name="size">
<pin_list>
<pin id="5" dir="1" index="0" bw="1" slack="0"/>
</pin_list>
<bind>
<StgValue><ssdm name="size"/></StgValue>
</bind>
</comp>

<comp id="6" class="1000" name="outStream">
<pin_list>
<pin id="7" dir="1" index="0" bw="1" slack="0"/>
</pin_list>
<bind>
<StgValue><ssdm name="outStream"/></StgValue>
</bind>
</comp>

<comp id="8" class="1001" name="const_8">
<pin_list>
<pin id="9" dir="1" index="0" bw="1" slack="2147483647"/>
</pin_list>
<bind>
<StgValue><ssdm name="_ssdm_op_SpecInterface"/></StgValue>
</bind>
</comp>

<comp id="10" class="1001" name="const_10">
<pin_list>
<pin id="11" dir="1" index="0" bw="1" slack="2147483647"/>
</pin_list>
<bind>
<StgValue><ssdm name="empty"/></StgValue>
</bind>
</comp>

<comp id="12" class="1001" name="const_12">
<pin_list>
<pin id="13" dir="1" index="0" bw="1" slack="0"/>
</pin_list>
<bind>
<StgValue><ssdm name=""/></StgValue>
</bind>
</comp>

<comp id="14" class="1001" name="const_14">
<pin_list>
<pin id="15" dir="1" index="0" bw="1" slack="2147483647"/>
</pin_list>
<bind>
<StgValue><ssdm name="empty_0"/></StgValue>
</bind>
</comp>

<comp id="16" class="1001" name="const_16">
<pin_list>
<pin id="17" dir="1" index="0" bw="1" slack="2147483647"/>
</pin_list>
<bind>
<StgValue><ssdm name="empty_1"/></StgValue>
</bind>
</comp>

<comp id="18" class="1001" name="const_18">
<pin_list>
<pin id="19" dir="1" index="0" bw="1" slack="2147483647"/>
</pin_list>
<bind>
<StgValue><ssdm name="empty_2"/></StgValue>
</bind>
</comp>

<comp id="20" class="1001" name="const_20">
<pin_list>
<pin id="21" dir="1" index="0" bw="1" slack="2147483647"/>
</pin_list>
<bind>
<StgValue><ssdm name=""/></StgValue>
</bind>
</comp>

<comp id="22" class="1001" name="const_22">
<pin_list>
<pin id="23" dir="1" index="0" bw="1" slack="2147483647"/>
</pin_list>
<bind>
<StgValue><ssdm name="empty_11"/></StgValue>
</bind>
</comp>

<comp id="24" class="1001" name="const_24">
<pin_list>
<pin id="25" dir="1" index="0" bw="1" slack="2147483647"/>
</pin_list>
<bind>
<StgValue><ssdm name="ap_fifo_str"/></StgValue>
</bind>
</comp>

<comp id="26" class="1001" name="const_26">
<pin_list>
<pin id="27" dir="1" index="0" bw="1" slack="2147483647"/>
</pin_list>
<bind>
<StgValue><ssdm name="p_str"/></StgValue>
</bind>
</comp>

<comp id="28" class="1001" name="const_28">
<pin_list>
<pin id="29" dir="1" index="0" bw="1" slack="0"/>
</pin_list>
<bind>
<StgValue><ssdm name=""/></StgValue>
</bind>
</comp>

<comp id="30" class="1001" name="const_30">
<pin_list>
<pin id="31" dir="1" index="0" bw="1" slack="2147483647"/>
</pin_list>
<bind>
<StgValue><ssdm name="ScalarProp_str"/></StgValue>
</bind>
</comp>

<comp id="32" class="1001" name="const_32">
<pin_list>
<pin id="33" dir="1" index="0" bw="1" slack="0"/>
</pin_list>
<bind>
<StgValue><ssdm name="_ssdm_op_Read.ap_fifo.i64P0A"/></StgValue>
</bind>
</comp>

<comp id="34" class="1001" name="const_34">
<pin_list>
<pin id="35" dir="1" index="0" bw="1" slack="0"/>
</pin_list>
<bind>
<StgValue><ssdm name="_ssdm_op_Read.ap_fifo.i32P0A"/></StgValue>
</bind>
</comp>

<comp id="36" class="1001" name="const_36">
<pin_list>
<pin id="37" dir="1" index="0" bw="1" slack="0"/>
</pin_list>
<bind>
<StgValue><ssdm name="_ssdm_op_PartSelect.i62.i64.i32.i32"/></StgValue>
</bind>
</comp>

<comp id="38" class="1001" name="const_38">
<pin_list>
<pin id="39" dir="1" index="0" bw="1" slack="0"/>
</pin_list>
<bind>
<StgValue><ssdm name=""/></StgValue>
</bind>
</comp>

<comp id="40" class="1001" name="const_40">
<pin_list>
<pin id="41" dir="1" index="0" bw="1" slack="0"/>
</pin_list>
<bind>
<StgValue><ssdm name="_ssdm_op_WriteReq.m_axi.p1i32"/></StgValue>
</bind>
</comp>

<comp id="42" class="1001" name="const_42">
<pin_list>
<pin id="43" dir="1" index="0" bw="1" slack="1"/>
</pin_list>
<bind>
<StgValue><ssdm name=""/></StgValue>
</bind>
</comp>

<comp id="44" class="1001" name="const_44">
<pin_list>
<pin id="45" dir="1" index="0" bw="1" slack="0"/>
</pin_list>
<bind>
<StgValue><ssdm name=""/></StgValue>
</bind>
</comp>

<comp id="46" class="1001" name="const_46">
<pin_list>
<pin id="47" dir="1" index="0" bw="1" slack="0"/>
</pin_list>
<bind>
<StgValue><ssdm name="_ssdm_op_Read.ap_fifo.volatile.i32P0A"/></StgValue>
</bind>
</comp>

<comp id="48" class="1001" name="const_48">
<pin_list>
<pin id="49" dir="1" index="0" bw="1" slack="2147483647"/>
</pin_list>
<bind>
<StgValue><ssdm name="_ssdm_op_SpecPipeline"/></StgValue>
</bind>
</comp>

<comp id="50" class="1001" name="const_50">
<pin_list>
<pin id="51" dir="1" index="0" bw="1" slack="2147483647"/>
</pin_list>
<bind>
<StgValue><ssdm name=""/></StgValue>
</bind>
</comp>

<comp id="52" class="1001" name="const_52">
<pin_list>
<pin id="53" dir="1" index="0" bw="1" slack="2147483647"/>
</pin_list>
<bind>
<StgValue><ssdm name="_ssdm_op_SpecLoopTripCount"/></StgValue>
</bind>
</comp>

<comp id="54" class="1001" name="const_54">
<pin_list>
<pin id="55" dir="1" index="0" bw="1" slack="2147483647"/>
</pin_list>
<bind>
<StgValue><ssdm name=""/></StgValue>
</bind>
</comp>

<comp id="56" class="1001" name="const_56">
<pin_list>
<pin id="57" dir="1" index="0" bw="1" slack="2147483647"/>
</pin_list>
<bind>
<StgValue><ssdm name="_ssdm_op_SpecLoopName"/></StgValue>
</bind>
</comp>

<comp id="58" class="1001" name="const_58">
<pin_list>
<pin id="59" dir="1" index="0" bw="1" slack="2147483647"/>
</pin_list>
<bind>
<StgValue><ssdm name="empty_15"/></StgValue>
</bind>
</comp>

<comp id="60" class="1001" name="const_60">
<pin_list>
<pin id="61" dir="1" index="0" bw="1" slack="0"/>
</pin_list>
<bind>
<StgValue><ssdm name="_ssdm_op_Write.m_axi.p1i32"/></StgValue>
</bind>
</comp>

<comp id="62" class="1001" name="const_62">
<pin_list>
<pin id="63" dir="1" index="0" bw="1" slack="0"/>
</pin_list>
<bind>
<StgValue><ssdm name=""/></StgValue>
</bind>
</comp>

<comp id="64" class="1001" name="const_64">
<pin_list>
<pin id="65" dir="1" index="0" bw="1" slack="0"/>
</pin_list>
<bind>
<StgValue><ssdm name="_ssdm_op_WriteResp.m_axi.p1i32"/></StgValue>
</bind>
</comp>

<comp id="66" class="1004" name="out_read_read_fu_66">
<pin_list>
<pin id="67" dir="0" index="0" bw="64" slack="0"/>
<pin id="68" dir="0" index="1" bw="64" slack="0"/>
<pin id="69" dir="1" index="2" bw="64" slack="0"/>
</pin_list>
<bind>
<opcode="read(1150) " fcode="read"/>
<opset="out_read/1 "/>
</bind>
</comp>

<comp id="72" class="1004" name="size_read_read_fu_72">
<pin_list>
<pin id="73" dir="0" index="0" bw="32" slack="0"/>
<pin id="74" dir="0" index="1" bw="32" slack="0"/>
<pin id="75" dir="1" index="2" bw="32" slack="0"/>
</pin_list>
<bind>
<opcode="read(1150) " fcode="read"/>
<opset="size_read/1 "/>
</bind>
</comp>

<comp id="78" class="1004" name="grp_writeresp_fu_78">
<pin_list>
<pin id="79" dir="0" index="0" bw="1" slack="0"/>
<pin id="80" dir="0" index="1" bw="32" slack="1"/>
<pin id="81" dir="0" index="2" bw="32" slack="1"/>
<pin id="82" dir="1" index="3" bw="1" slack="2147483647"/>
</pin_list>
<bind>
<opcode="writereq(1155) writeresp(1158) " fcode="writeresp"/>
<opset="empty/2 empty_22/6 "/>
</bind>
</comp>

<comp id="84" class="1004" name="tmp_read_fu_84">
<pin_list>
<pin id="85" dir="0" index="0" bw="32" slack="0"/>
<pin id="86" dir="0" index="1" bw="32" slack="0"/>
<pin id="87" dir="1" index="2" bw="32" slack="1"/>
</pin_list>
<bind>
<opcode="read(1150) " fcode="read"/>
<opset="tmp/4 "/>
</bind>
</comp>

<comp id="90" class="1004" name="write_ln103_write_fu_90">
<pin_list>
<pin id="91" dir="0" index="0" bw="0" slack="0"/>
<pin id="92" dir="0" index="1" bw="32" slack="4"/>
<pin id="93" dir="0" index="2" bw="32" slack="1"/>
<pin id="94" dir="0" index="3" bw="1" slack="0"/>
<pin id="95" dir="1" index="4" bw="0" slack="2147483647"/>
</pin_list>
<bind>
<opcode="write(1151) " fcode="write"/>
<opset="write_ln103/5 "/>
</bind>
</comp>

<comp id="99" class="1005" name="i_reg_99">
<pin_list>
<pin id="100" dir="0" index="0" bw="31" slack="1"/>
<pin id="101" dir="1" index="1" bw="31" slack="1"/>
</pin_list>
<bind>
<opset="i (phireg) "/>
</bind>
</comp>

<comp id="103" class="1004" name="i_phi_fu_103">
<pin_list>
<pin id="104" dir="0" index="0" bw="31" slack="0"/>
<pin id="105" dir="0" index="1" bw="0" slack="2147483647"/>
<pin id="106" dir="0" index="2" bw="1" slack="1"/>
<pin id="107" dir="0" index="3" bw="0" slack="2147483647"/>
<pin id="108" dir="1" index="4" bw="31" slack="0"/>
</pin_list>
<bind>
<opcode="phi(47) " fcode="phi"/>
<opset="i/3 "/>
</bind>
</comp>

<comp id="110" class="1004" name="icmp_ln99_fu_110">
<pin_list>
<pin id="111" dir="0" index="0" bw="32" slack="0"/>
<pin id="112" dir="0" index="1" bw="1" slack="0"/>
<pin id="113" dir="1" index="2" bw="1" slack="7"/>
</pin_list>
<bind>
<opcode="icmp(45) " fcode="icmp"/>
<opset="icmp_ln99/1 "/>
</bind>
</comp>

<comp id="116" class="1004" name="trunc_ln99_1_fu_116">
<pin_list>
<pin id="117" dir="0" index="0" bw="62" slack="0"/>
<pin id="118" dir="0" index="1" bw="64" slack="0"/>
<pin id="119" dir="0" index="2" bw="3" slack="0"/>
<pin id="120" dir="0" index="3" bw="7" slack="0"/>
<pin id="121" dir="1" index="4" bw="62" slack="0"/>
</pin_list>
<bind>
<opcode="partselect(1002) " fcode="partselect"/>
<opset="trunc_ln99_1/1 "/>
</bind>
</comp>

<comp id="126" class="1004" name="sext_ln99_fu_126">
<pin_list>
<pin id="127" dir="0" index="0" bw="62" slack="0"/>
<pin id="128" dir="1" index="1" bw="64" slack="0"/>
</pin_list>
<bind>
<opcode="sext(35) " fcode="sext"/>
<opset="sext_ln99/1 "/>
</bind>
</comp>

<comp id="130" class="1004" name="gmem_addr_fu_130">
<pin_list>
<pin id="131" dir="0" index="0" bw="32" slack="0"/>
<pin id="132" dir="0" index="1" bw="62" slack="0"/>
<pin id="133" dir="1" index="2" bw="32" slack="1"/>
</pin_list>
<bind>
<opcode="getelementptr(29) " fcode="getelementptr"/>
<opset="gmem_addr/1 "/>
</bind>
</comp>

<comp id="136" class="1004" name="trunc_ln99_fu_136">
<pin_list>
<pin id="137" dir="0" index="0" bw="32" slack="1"/>
<pin id="138" dir="1" index="1" bw="31" slack="1"/>
</pin_list>
<bind>
<opcode="trunc(33) " fcode="trunc"/>
<opset="trunc_ln99/2 "/>
</bind>
</comp>

<comp id="139" class="1004" name="add_ln99_fu_139">
<pin_list>
<pin id="140" dir="0" index="0" bw="31" slack="0"/>
<pin id="141" dir="0" index="1" bw="1" slack="0"/>
<pin id="142" dir="1" index="2" bw="31" slack="0"/>
</pin_list>
<bind>
<opcode="add(8) " fcode="add"/>
<opset="add_ln99/3 "/>
</bind>
</comp>

<comp id="145" class="1004" name="icmp_ln99_1_fu_145">
<pin_list>
<pin id="146" dir="0" index="0" bw="31" slack="0"/>
<pin id="147" dir="0" index="1" bw="31" slack="1"/>
<pin id="148" dir="1" index="2" bw="1" slack="1"/>
</pin_list>
<bind>
<opcode="icmp(45) " fcode="icmp"/>
<opset="icmp_ln99_1/3 "/>
</bind>
</comp>

<comp id="150" class="1005" name="size_read_reg_150">
<pin_list>
<pin id="151" dir="0" index="0" bw="32" slack="1"/>
<pin id="152" dir="1" index="1" bw="32" slack="1"/>
</pin_list>
<bind>
<opset="size_read "/>
</bind>
</comp>

<comp id="156" class="1005" name="icmp_ln99_reg_156">
<pin_list>
<pin id="157" dir="0" index="0" bw="1" slack="7"/>
<pin id="158" dir="1" index="1" bw="1" slack="2147483647"/>
</pin_list>
<bind>
<opset="icmp_ln99 "/>
</bind>
</comp>

<comp id="160" class="1005" name="gmem_addr_reg_160">
<pin_list>
<pin id="161" dir="0" index="0" bw="32" slack="1"/>
<pin id="162" dir="1" index="1" bw="32" slack="1"/>
</pin_list>
<bind>
<opset="gmem_addr "/>
</bind>
</comp>

<comp id="166" class="1005" name="trunc_ln99_reg_166">
<pin_list>
<pin id="167" dir="0" index="0" bw="31" slack="1"/>
<pin id="168" dir="1" index="1" bw="31" slack="1"/>
</pin_list>
<bind>
<opset="trunc_ln99 "/>
</bind>
</comp>

<comp id="171" class="1005" name="add_ln99_reg_171">
<pin_list>
<pin id="172" dir="0" index="0" bw="31" slack="0"/>
<pin id="173" dir="1" index="1" bw="31" slack="0"/>
</pin_list>
<bind>
<opset="add_ln99 "/>
</bind>
</comp>

<comp id="176" class="1005" name="icmp_ln99_1_reg_176">
<pin_list>
<pin id="177" dir="0" index="0" bw="1" slack="1"/>
<pin id="178" dir="1" index="1" bw="1" slack="2147483647"/>
</pin_list>
<bind>
<opset="icmp_ln99_1 "/>
</bind>
</comp>

<comp id="180" class="1005" name="tmp_reg_180">
<pin_list>
<pin id="181" dir="0" index="0" bw="32" slack="1"/>
<pin id="182" dir="1" index="1" bw="32" slack="1"/>
</pin_list>
<bind>
<opset="tmp "/>
</bind>
</comp>

</comp_list>

<net_list>
<net id="70"><net_src comp="32" pin="0"/><net_sink comp="66" pin=0"/></net>

<net id="71"><net_src comp="2" pin="0"/><net_sink comp="66" pin=1"/></net>

<net id="76"><net_src comp="34" pin="0"/><net_sink comp="72" pin=0"/></net>

<net id="77"><net_src comp="4" pin="0"/><net_sink comp="72" pin=1"/></net>

<net id="83"><net_src comp="40" pin="0"/><net_sink comp="78" pin=0"/></net>

<net id="88"><net_src comp="46" pin="0"/><net_sink comp="84" pin=0"/></net>

<net id="89"><net_src comp="6" pin="0"/><net_sink comp="84" pin=1"/></net>

<net id="96"><net_src comp="60" pin="0"/><net_sink comp="90" pin=0"/></net>

<net id="97"><net_src comp="62" pin="0"/><net_sink comp="90" pin=3"/></net>

<net id="98"><net_src comp="64" pin="0"/><net_sink comp="78" pin=0"/></net>

<net id="102"><net_src comp="42" pin="0"/><net_sink comp="99" pin=0"/></net>

<net id="109"><net_src comp="99" pin="1"/><net_sink comp="103" pin=2"/></net>

<net id="114"><net_src comp="72" pin="2"/><net_sink comp="110" pin=0"/></net>

<net id="115"><net_src comp="12" pin="0"/><net_sink comp="110" pin=1"/></net>

<net id="122"><net_src comp="36" pin="0"/><net_sink comp="116" pin=0"/></net>

<net id="123"><net_src comp="66" pin="2"/><net_sink comp="116" pin=1"/></net>

<net id="124"><net_src comp="28" pin="0"/><net_sink comp="116" pin=2"/></net>

<net id="125"><net_src comp="38" pin="0"/><net_sink comp="116" pin=3"/></net>

<net id="129"><net_src comp="116" pin="4"/><net_sink comp="126" pin=0"/></net>

<net id="134"><net_src comp="0" pin="0"/><net_sink comp="130" pin=0"/></net>

<net id="135"><net_src comp="126" pin="1"/><net_sink comp="130" pin=1"/></net>

<net id="143"><net_src comp="103" pin="4"/><net_sink comp="139" pin=0"/></net>

<net id="144"><net_src comp="44" pin="0"/><net_sink comp="139" pin=1"/></net>

<net id="149"><net_src comp="103" pin="4"/><net_sink comp="145" pin=0"/></net>

<net id="153"><net_src comp="72" pin="2"/><net_sink comp="150" pin=0"/></net>

<net id="154"><net_src comp="150" pin="1"/><net_sink comp="136" pin=0"/></net>

<net id="155"><net_src comp="150" pin="1"/><net_sink comp="78" pin=2"/></net>

<net id="159"><net_src comp="110" pin="2"/><net_sink comp="156" pin=0"/></net>

<net id="163"><net_src comp="130" pin="2"/><net_sink comp="160" pin=0"/></net>

<net id="164"><net_src comp="160" pin="1"/><net_sink comp="78" pin=1"/></net>

<net id="165"><net_src comp="160" pin="1"/><net_sink comp="90" pin=1"/></net>

<net id="169"><net_src comp="136" pin="1"/><net_sink comp="166" pin=0"/></net>

<net id="170"><net_src comp="166" pin="1"/><net_sink comp="145" pin=1"/></net>

<net id="174"><net_src comp="139" pin="2"/><net_sink comp="171" pin=0"/></net>

<net id="175"><net_src comp="171" pin="1"/><net_sink comp="103" pin=0"/></net>

<net id="179"><net_src comp="145" pin="2"/><net_sink comp="176" pin=0"/></net>

<net id="183"><net_src comp="84" pin="2"/><net_sink comp="180" pin=0"/></net>

<net id="184"><net_src comp="180" pin="1"/><net_sink comp="90" pin=2"/></net>

</net_list>

</model> 
---------------- Datapath Model END ------------------

* FSMD analyzer results:
  - Output states:
	Port: gmem | {2 5 6 7 8 9 10 }
 - Input state : 
	Port: write_result : out_r | {1 }
	Port: write_result : size | {1 }
	Port: write_result : outStream | {4 }
  - Chain level:
	State 1
		br_ln99 : 1
		sext_ln99 : 1
		gmem_addr : 2
	State 2
	State 3
		add_ln99 : 1
		icmp_ln99_1 : 1
		br_ln99 : 2
	State 4
	State 5
	State 6
	State 7
	State 8
	State 9
	State 10


============================================================
+ Verbose Summary: Datapath Resource usage 
============================================================

* Functional unit list:
|----------|-------------------------|---------|---------|
| Operation|     Functional Unit     |    FF   |   LUT   |
|----------|-------------------------|---------|---------|
|   icmp   |     icmp_ln99_fu_110    |    0    |    20   |
|          |    icmp_ln99_1_fu_145   |    0    |    19   |
|----------|-------------------------|---------|---------|
|    add   |     add_ln99_fu_139     |    0    |    38   |
|----------|-------------------------|---------|---------|
|          |   out_read_read_fu_66   |    0    |    0    |
|   read   |   size_read_read_fu_72  |    0    |    0    |
|          |      tmp_read_fu_84     |    0    |    0    |
|----------|-------------------------|---------|---------|
| writeresp|   grp_writeresp_fu_78   |    0    |    0    |
|----------|-------------------------|---------|---------|
|   write  | write_ln103_write_fu_90 |    0    |    0    |
|----------|-------------------------|---------|---------|
|partselect|   trunc_ln99_1_fu_116   |    0    |    0    |
|----------|-------------------------|---------|---------|
|   sext   |     sext_ln99_fu_126    |    0    |    0    |
|----------|-------------------------|---------|---------|
|   trunc  |    trunc_ln99_fu_136    |    0    |    0    |
|----------|-------------------------|---------|---------|
|   Total  |                         |    0    |    77   |
|----------|-------------------------|---------|---------|

Memories:
N/A

* Register list:
+-------------------+--------+
|                   |   FF   |
+-------------------+--------+
|  add_ln99_reg_171 |   31   |
| gmem_addr_reg_160 |   32   |
|      i_reg_99     |   31   |
|icmp_ln99_1_reg_176|    1   |
| icmp_ln99_reg_156 |    1   |
| size_read_reg_150 |   32   |
|    tmp_reg_180    |   32   |
| trunc_ln99_reg_166|   31   |
+-------------------+--------+
|       Total       |   191  |
+-------------------+--------+

* Multiplexer (MUX) list: 
|---------------------|------|------|------|--------||---------|
|         Comp        |  Pin | Size |  BW  | S x BW ||  Delay  |
|---------------------|------|------|------|--------||---------|
| grp_writeresp_fu_78 |  p0  |   2  |   1  |    2   |
|---------------------|------|------|------|--------||---------|
|        Total        |      |      |      |    2   ||  0.427  |
|---------------------|------|------|------|--------||---------|



* Summary:
+-----------+--------+--------+--------+
|           |  Delay |   FF   |   LUT  |
+-----------+--------+--------+--------+
|  Function |    -   |    0   |   77   |
|   Memory  |    -   |    -   |    -   |
|Multiplexer|    0   |    -   |    -   |
|  Register |    -   |   191  |    -   |
+-----------+--------+--------+--------+
|   Total   |    0   |   191  |   77   |
+-----------+--------+--------+--------+
