Sun Jun 19 20:27:44 2022: Running xcd server. This server was built by gradle.
Sun Jun 19 20:27:44 2022: Server was asked to start on port: '37561'
Sun Jun 19 20:27:44 2022: Server is using token UUID: '54530c34-2c3e-418a-87b5-0f5b215c01af'
Sun Jun 19 20:27:44 2022: SESSION_MGR: creating session with session uuid: '6d04a3e9-ade5-4ab9-8d63-1f78fcd2ec76' and name 'default'
Sun Jun 19 20:27:44 2022: Attempting to start server on port '37561'
Sun Jun 19 20:27:44 2022: XCD main fifo: created main fifo '/tmp/xcdmain54530c34-2c3e-418a-87b5-0f5b215c01af', fd read = 14
Sun Jun 19 20:27:44 2022: Running Dispatch Server
Sun Jun 19 20:27:44 2022: Version 2.2.0
Sun Jun 19 20:27:53 2022: Dispatch Server: Accepted socket connection from client
Sun Jun 19 20:27:53 2022: Starting Socket connection
Sun Jun 19 20:27:53 2022: EXCHANGE_TOKEN received, server token: 54530c34-2c3e-418a-87b5-0f5b215c01af, passed token: 54530c34-2c3e-418a-87b5-0f5b215c01af
Sun Jun 19 20:27:54 2022: DISPATCH_HANDLER: Adding handler from function makeHandler in library libxv_system_diagram
Sun Jun 19 20:27:54 2022: SESSION_MGR: creating session with session uuid: 'c106c92c-1277-4822-964f-6e349973d5e1' and name 'link'
Sun Jun 19 20:27:54 2022: KERNEL_SVC: creating session with uuid: 'c106c92c-1277-4822-964f-6e349973d5e1' and name 'link'
Sun Jun 19 20:27:54 2022: GUIDANCE_SMGR: creating guidance session with uuid: 'c106c92c-1277-4822-964f-6e349973d5e1' and name 'link'
Sun Jun 19 20:27:54 2022: SYSTEM_DIAGRAM: creating session with uuid: 'c106c92c-1277-4822-964f-6e349973d5e1' and name 'link'
Sun Jun 19 20:28:21 2022: Dispatch Server: Accepted socket connection from client
Sun Jun 19 20:28:21 2022: Starting Socket connection
Sun Jun 19 20:28:52 2022: Dispatch Server: Accepted socket connection from client
Sun Jun 19 20:28:52 2022: Starting Socket connection
Sun Jun 19 20:31:54 2022: Dispatch Server: Accepted socket connection from client
Sun Jun 19 20:31:54 2022: Starting Socket connection
Sun Jun 19 20:31:54 2022: Dispatch Server: Accepted socket connection from client
Sun Jun 19 20:31:54 2022: Starting Socket connection
Sun Jun 19 20:31:54 2022: Dispatch Server: Accepted socket connection from client
Sun Jun 19 20:31:54 2022: Starting Socket connection
Sun Jun 19 20:31:54 2022: Dispatch Server: Accepted socket connection from client
Sun Jun 19 20:31:54 2022: Starting Socket connection
Sun Jun 19 20:31:54 2022: Dispatch Server: Accepted socket connection from client
Sun Jun 19 20:31:54 2022: Starting Socket connection
Sun Jun 19 20:31:55 2022: Dispatch Server: Accepted socket connection from client
Sun Jun 19 20:31:55 2022: Starting Socket connection
Sun Jun 19 20:31:55 2022: Dispatch Server: Accepted socket connection from client
Sun Jun 19 20:31:55 2022: Starting Socket connection
Sun Jun 19 20:31:55 2022: Dispatch Server: Accepted socket connection from client
Sun Jun 19 20:31:55 2022: Starting Socket connection
Sun Jun 19 20:33:04 2022: Dispatch Server: Accepted socket connection from client
Sun Jun 19 20:33:04 2022: Starting Socket connection
Sun Jun 19 20:33:12 2022: Dispatch Server: Accepted socket connection from client
Sun Jun 19 20:33:12 2022: Starting Socket connection
Sun Jun 19 20:33:16 2022: Dispatch Server: Accepted socket connection from client
Sun Jun 19 20:33:16 2022: Starting Socket connection
Sun Jun 19 20:33:38 2022: Dispatch Server: Accepted socket connection from client
Sun Jun 19 20:33:38 2022: Starting Socket connection
Sun Jun 19 20:33:50 2022: Dispatch Server: Accepted socket connection from client
Sun Jun 19 20:33:50 2022: Starting Socket connection
Sun Jun 19 20:33:51 2022: Dispatch Server: Accepted socket connection from client
Sun Jun 19 20:33:51 2022: Starting Socket connection
Sun Jun 19 20:34:00 2022: Dispatch Server: Accepted socket connection from client
Sun Jun 19 20:34:00 2022: Starting Socket connection
Sun Jun 19 20:34:07 2022: Dispatch Server: Accepted socket connection from client
Sun Jun 19 20:34:07 2022: Starting Socket connection
Sun Jun 19 20:34:18 2022: Dispatch Server: Accepted socket connection from client
Sun Jun 19 20:34:18 2022: Starting Socket connection
Sun Jun 19 20:34:18 2022: Dispatch Server: Accepted socket connection from client
Sun Jun 19 20:34:18 2022: Starting Socket connection
Sun Jun 19 20:34:36 2022: Dispatch Server: Accepted socket connection from client
Sun Jun 19 20:34:36 2022: Starting Socket connection
Sun Jun 19 20:34:42 2022: Dispatch Server: Accepted socket connection from client
Sun Jun 19 20:34:42 2022: Starting Socket connection
Sun Jun 19 20:34:54 2022: Dispatch Server: Accepted socket connection from client
Sun Jun 19 20:34:54 2022: Starting Socket connection
Sun Jun 19 20:34:55 2022: Dispatch Server: Accepted socket connection from client
Sun Jun 19 20:34:55 2022: Starting Socket connection
Sun Jun 19 20:34:58 2022: Dispatch Server: Accepted socket connection from client
Sun Jun 19 20:34:58 2022: Starting Socket connection
Sun Jun 19 20:35:01 2022: Dispatch Server: Accepted socket connection from client
Sun Jun 19 20:35:01 2022: Starting Socket connection
Sun Jun 19 20:35:01 2022: Dispatch Server: Accepted socket connection from client
Sun Jun 19 20:35:01 2022: Starting Socket connection
Sun Jun 19 20:35:15 2022: Dispatch Server: Accepted socket connection from client
Sun Jun 19 20:35:15 2022: Starting Socket connection
Sun Jun 19 20:35:27 2022: Dispatch Server: Accepted socket connection from client
Sun Jun 19 20:35:27 2022: Starting Socket connection
Sun Jun 19 20:35:35 2022: Dispatch Server: Accepted socket connection from client
Sun Jun 19 20:35:35 2022: Starting Socket connection
Sun Jun 19 20:35:37 2022: Dispatch Server: Accepted socket connection from client
Sun Jun 19 20:35:37 2022: Starting Socket connection
Sun Jun 19 20:36:01 2022: Dispatch Server: Accepted socket connection from client
Sun Jun 19 20:36:01 2022: Starting Socket connection
Sun Jun 19 20:36:03 2022: Dispatch Server: Accepted socket connection from client
Sun Jun 19 20:36:03 2022: Starting Socket connection
Sun Jun 19 20:36:06 2022: Dispatch Server: Accepted socket connection from client
Sun Jun 19 20:36:06 2022: Starting Socket connection
Sun Jun 19 20:36:07 2022: Dispatch Server: Accepted socket connection from client
Sun Jun 19 20:36:07 2022: Starting Socket connection
Sun Jun 19 20:36:20 2022: Dispatch Server: Accepted socket connection from client
Sun Jun 19 20:36:20 2022: Starting Socket connection
Sun Jun 19 20:36:42 2022: Dispatch Server: Accepted socket connection from client
Sun Jun 19 20:36:42 2022: Starting Socket connection
Sun Jun 19 20:36:44 2022: Dispatch Server: Accepted socket connection from client
Sun Jun 19 20:36:44 2022: Starting Socket connection
Sun Jun 19 20:36:50 2022: Dispatch Server: Accepted socket connection from client
Sun Jun 19 20:36:50 2022: Starting Socket connection
Sun Jun 19 20:37:10 2022: Dispatch Server: Accepted socket connection from client
Sun Jun 19 20:37:10 2022: Starting Socket connection
Sun Jun 19 20:37:11 2022: Dispatch Server: Accepted socket connection from client
Sun Jun 19 20:37:11 2022: Starting Socket connection
Sun Jun 19 20:37:14 2022: Dispatch Server: Accepted socket connection from client
Sun Jun 19 20:37:14 2022: Starting Socket connection
Sun Jun 19 20:37:20 2022: Dispatch Server: Accepted socket connection from client
Sun Jun 19 20:37:20 2022: Starting Socket connection
Sun Jun 19 20:37:27 2022: Dispatch Server: Accepted socket connection from client
Sun Jun 19 20:37:27 2022: Starting Socket connection
Sun Jun 19 20:50:36 2022: Dispatch Server: Accepted socket connection from client
Sun Jun 19 20:50:36 2022: Starting Socket connection
Sun Jun 19 20:52:19 2022: Dispatch Server: Accepted socket connection from client
Sun Jun 19 20:52:19 2022: Starting Socket connection
Sun Jun 19 22:07:40 2022: SESSION_MGR: closing session for UUID 'c106c92c-1277-4822-964f-6e349973d5e1' with name 'link'
Sun Jun 19 22:07:40 2022: KERNEL_SVC: closing session for UUID 'c106c92c-1277-4822-964f-6e349973d5e1' with name 'link'
Sun Jun 19 22:07:40 2022: GUIDANCE_SMGR: closing session for UUID 'c106c92c-1277-4822-964f-6e349973d5e1' with name 'link'
Sun Jun 19 22:07:40 2022: SYSTEM_DIAGRAM: closing session for UUID 'c106c92c-1277-4822-964f-6e349973d5e1' with name 'link'
