Sun Jun 19 20:05:25 2022: Running xcd server. This server was built by gradle.
Sun Jun 19 20:05:25 2022: Server was asked to start on port: '39542'
Sun Jun 19 20:05:25 2022: Server is using token UUID: '892408c3-0b5f-4799-91b9-d3d52c9bb79a'
Sun Jun 19 20:05:25 2022: SESSION_MGR: creating session with session uuid: '6d04a3e9-ade5-4ab9-8d63-1f78fcd2ec76' and name 'default'
Sun Jun 19 20:05:25 2022: Attempting to start server on port '39542'
Sun Jun 19 20:05:25 2022: XCD main fifo: created main fifo '/tmp/xcdmain892408c3-0b5f-4799-91b9-d3d52c9bb79a', fd read = 14
Sun Jun 19 20:05:25 2022: Running Dispatch Server
Sun Jun 19 20:05:25 2022: Version 2.2.0
Sun Jun 19 20:05:34 2022: Dispatch Server: Accepted socket connection from client
Sun Jun 19 20:05:34 2022: Starting Socket connection
Sun Jun 19 20:05:34 2022: EXCHANGE_TOKEN received, server token: 892408c3-0b5f-4799-91b9-d3d52c9bb79a, passed token: 892408c3-0b5f-4799-91b9-d3d52c9bb79a
Sun Jun 19 20:05:35 2022: DISPATCH_HANDLER: Adding handler from function makeHandler in library libxv_system_diagram
Sun Jun 19 20:05:35 2022: SESSION_MGR: creating session with session uuid: 'b973c8fe-a26d-4f89-bc5f-50983adaba3c' and name 'TOP'
Sun Jun 19 20:05:35 2022: KERNEL_SVC: creating session with uuid: 'b973c8fe-a26d-4f89-bc5f-50983adaba3c' and name 'TOP'
Sun Jun 19 20:05:35 2022: GUIDANCE_SMGR: creating guidance session with uuid: 'b973c8fe-a26d-4f89-bc5f-50983adaba3c' and name 'TOP'
Sun Jun 19 20:05:35 2022: SYSTEM_DIAGRAM: creating session with uuid: 'b973c8fe-a26d-4f89-bc5f-50983adaba3c' and name 'TOP'
Sun Jun 19 20:10:28 2022: SESSION_MGR: closing session for UUID 'b973c8fe-a26d-4f89-bc5f-50983adaba3c' with name 'TOP'
Sun Jun 19 20:10:28 2022: KERNEL_SVC: closing session for UUID 'b973c8fe-a26d-4f89-bc5f-50983adaba3c' with name 'TOP'
Sun Jun 19 20:10:28 2022: GUIDANCE_SMGR: closing session for UUID 'b973c8fe-a26d-4f89-bc5f-50983adaba3c' with name 'TOP'
Sun Jun 19 20:10:28 2022: SYSTEM_DIAGRAM: closing session for UUID 'b973c8fe-a26d-4f89-bc5f-50983adaba3c' with name 'TOP'
