Sun Jun 19 20:22:47 2022: Running xcd server. This server was built by gradle.
Sun Jun 19 20:22:47 2022: Server was asked to start on port: '45452'
Sun Jun 19 20:22:47 2022: Server is using token UUID: 'cc66d75c-61a2-4f18-a536-49c6c52cfc0b'
Sun Jun 19 20:22:47 2022: SESSION_MGR: creating session with session uuid: '6d04a3e9-ade5-4ab9-8d63-1f78fcd2ec76' and name 'default'
Sun Jun 19 20:22:47 2022: Attempting to start server on port '45452'
Sun Jun 19 20:22:47 2022: XCD main fifo: created main fifo '/tmp/xcdmaincc66d75c-61a2-4f18-a536-49c6c52cfc0b', fd read = 14
Sun Jun 19 20:22:47 2022: Running Dispatch Server
Sun Jun 19 20:22:47 2022: Version 2.2.0
Sun Jun 19 20:22:56 2022: Dispatch Server: Accepted socket connection from client
Sun Jun 19 20:22:56 2022: Starting Socket connection
Sun Jun 19 20:22:56 2022: EXCHANGE_TOKEN received, server token: cc66d75c-61a2-4f18-a536-49c6c52cfc0b, passed token: cc66d75c-61a2-4f18-a536-49c6c52cfc0b
Sun Jun 19 20:22:57 2022: DISPATCH_HANDLER: Adding handler from function makeHandler in library libxv_system_diagram
Sun Jun 19 20:22:57 2022: SESSION_MGR: creating session with session uuid: '6dc0c7b8-b067-40e4-ac65-bcaaef717432' and name 'TOP'
Sun Jun 19 20:22:57 2022: KERNEL_SVC: creating session with uuid: '6dc0c7b8-b067-40e4-ac65-bcaaef717432' and name 'TOP'
Sun Jun 19 20:22:57 2022: GUIDANCE_SMGR: creating guidance session with uuid: '6dc0c7b8-b067-40e4-ac65-bcaaef717432' and name 'TOP'
Sun Jun 19 20:22:57 2022: SYSTEM_DIAGRAM: creating session with uuid: '6dc0c7b8-b067-40e4-ac65-bcaaef717432' and name 'TOP'
Sun Jun 19 20:27:39 2022: SESSION_MGR: closing session for UUID '6dc0c7b8-b067-40e4-ac65-bcaaef717432' with name 'TOP'
Sun Jun 19 20:27:39 2022: KERNEL_SVC: closing session for UUID '6dc0c7b8-b067-40e4-ac65-bcaaef717432' with name 'TOP'
Sun Jun 19 20:27:39 2022: GUIDANCE_SMGR: closing session for UUID '6dc0c7b8-b067-40e4-ac65-bcaaef717432' with name 'TOP'
Sun Jun 19 20:27:39 2022: SYSTEM_DIAGRAM: closing session for UUID '6dc0c7b8-b067-40e4-ac65-bcaaef717432' with name 'TOP'
