INFO: [HLS 200-10] Running 'D:/XILINX/Vitis_HLS/2021.2/bin/unwrapped/win64.o/vitis_hls.exe'
INFO: [HLS 200-10] For user 'ShengYunLai' on host 'desktop-udh1bgj' (Windows NT_amd64 version 6.2) on Fri Mar 25 05:42:37 +0800 2022
INFO: [HLS 200-10] In directory 'D:/lab_A/Interface_Synthesis/lab4'
Sourcing Tcl script 'D:/lab_A/Interface_Synthesis/lab4/axi_interfaces_prj/solution1/csynth.tcl'
INFO: [HLS 200-1510] Running: open_project axi_interfaces_prj 
INFO: [HLS 200-10] Opening project 'D:/lab_A/Interface_Synthesis/lab4/axi_interfaces_prj'.
INFO: [HLS 200-1510] Running: set_top axi_interfaces 
INFO: [HLS 200-1510] Running: add_files axi_interfaces.c 
INFO: [HLS 200-10] Adding design file 'axi_interfaces.c' to the project
INFO: [HLS 200-1510] Running: add_files -tb axi_interfaces_test.c -cflags -Wno-unknown-pragmas -csimflags -Wno-unknown-pragmas 
INFO: [HLS 200-10] Adding test bench file 'axi_interfaces_test.c' to the project
INFO: [HLS 200-1510] Running: add_files -tb result.golden.dat -cflags -Wno-unknown-pragmas -csimflags -Wno-unknown-pragmas 
INFO: [HLS 200-10] Adding test bench file 'result.golden.dat' to the project
INFO: [HLS 200-1510] Running: open_solution solution1 -flow_target vivado 
INFO: [HLS 200-10] Opening solution 'D:/lab_A/Interface_Synthesis/lab4/axi_interfaces_prj/solution1'.
INFO: [SYN 201-201] Setting up clock 'default' with a period of 10ns.
INFO: [HLS 200-1611] Setting target device to 'xcvu9p-flgb2104-1-e'
INFO: [HLS 200-1505] Using flow_target 'vivado'
Resolution: For help on HLS 200-1505 see www.xilinx.com/cgi-bin/docs/rdoc?v=2021.2;t=hls+guidance;d=200-1505.html
INFO: [HLS 200-1510] Running: set_part xcvu9p-flgb2104-1-e 
INFO: [HLS 200-1510] Running: create_clock -period 10 -name default 
INFO: [HLS 200-1510] Running: set_directive_array_partition -type cyclic -factor 8 -dim 1 axi_interfaces d_o 
INFO: [HLS 200-1510] Running: set_directive_interface -mode axis -register axi_interfaces d_o 
INFO: [HLS 200-1510] Running: set_directive_array_partition -type cyclic -factor 8 -dim 1 axi_interfaces d_i 
INFO: [HLS 200-1510] Running: set_directive_interface -mode axis -register axi_interfaces d_i 
INFO: [HLS 200-1510] Running: set_directive_unroll -factor 8 axi_interfaces/For_Loop 
INFO: [HLS 200-1510] Running: set_directive_pipeline -rewind axi_interfaces/For_Loop 
INFO: [HLS 200-1510] Running: csynth_design 
INFO: [HLS 200-111] Finished File checks and directory preparation: CPU user time: 0 seconds. CPU system time: 0 seconds. Elapsed time: 0.012 seconds; current allocated memory: 1.255 GB.
INFO: [HLS 200-10] Analyzing design file 'axi_interfaces.c' ... 
INFO: [HLS 200-111] Finished Source Code Analysis and Preprocessing: CPU user time: 0 seconds. CPU system time: 0 seconds. Elapsed time: 1.214 seconds; current allocated memory: 1.255 GB.
INFO: [HLS 200-777] Using interface defaults for 'Vivado' flow target.
INFO: [HLS 214-284] Auto array partition mode is set into default.
INFO: [HLS 214-188] Unrolling loop 'For_Loop' (axi_interfaces.c:64:12) in function 'axi_interfaces' partially with a factor of 8 (axi_interfaces.c:57:0)
INFO: [HLS 214-248] Applying array_partition to 'd_o': Cyclic partitioning with factor 8 on dimension 1. (axi_interfaces.c:57:0)
INFO: [HLS 214-248] Applying array_partition to 'd_i': Cyclic partitioning with factor 8 on dimension 1. (axi_interfaces.c:57:0)
INFO: [HLS 214-270] Starting automatic array partition analysis...
WARNING: [HLS 214-142] Implementing stream: may cause mismatch if read and write accesses are not in sequential order on port 'd_o_0' (axi_interfaces.c:57:0)
Resolution: For help on HLS 214-142 see www.xilinx.com/cgi-bin/docs/rdoc?v=2021.2;t=hls+guidance;d=214-142.html
WARNING: [HLS 214-142] Implementing stream: may cause mismatch if read and write accesses are not in sequential order on port 'd_o_1' (axi_interfaces.c:57:0)
Resolution: For help on HLS 214-142 see www.xilinx.com/cgi-bin/docs/rdoc?v=2021.2;t=hls+guidance;d=214-142.html
WARNING: [HLS 214-142] Implementing stream: may cause mismatch if read and write accesses are not in sequential order on port 'd_o_2' (axi_interfaces.c:57:0)
Resolution: For help on HLS 214-142 see www.xilinx.com/cgi-bin/docs/rdoc?v=2021.2;t=hls+guidance;d=214-142.html
WARNING: [HLS 214-142] Implementing stream: may cause mismatch if read and write accesses are not in sequential order on port 'd_o_3' (axi_interfaces.c:57:0)
Resolution: For help on HLS 214-142 see www.xilinx.com/cgi-bin/docs/rdoc?v=2021.2;t=hls+guidance;d=214-142.html
WARNING: [HLS 214-142] Implementing stream: may cause mismatch if read and write accesses are not in sequential order on port 'd_o_4' (axi_interfaces.c:57:0)
Resolution: For help on HLS 214-142 see www.xilinx.com/cgi-bin/docs/rdoc?v=2021.2;t=hls+guidance;d=214-142.html
WARNING: [HLS 214-142] Implementing stream: may cause mismatch if read and write accesses are not in sequential order on port 'd_o_5' (axi_interfaces.c:57:0)
Resolution: For help on HLS 214-142 see www.xilinx.com/cgi-bin/docs/rdoc?v=2021.2;t=hls+guidance;d=214-142.html
WARNING: [HLS 214-142] Implementing stream: may cause mismatch if read and write accesses are not in sequential order on port 'd_o_6' (axi_interfaces.c:57:0)
Resolution: For help on HLS 214-142 see www.xilinx.com/cgi-bin/docs/rdoc?v=2021.2;t=hls+guidance;d=214-142.html
WARNING: [HLS 214-142] Implementing stream: may cause mismatch if read and write accesses are not in sequential order on port 'd_o_7' (axi_interfaces.c:57:0)
Resolution: For help on HLS 214-142 see www.xilinx.com/cgi-bin/docs/rdoc?v=2021.2;t=hls+guidance;d=214-142.html
WARNING: [HLS 214-142] Implementing stream: may cause mismatch if read and write accesses are not in sequential order on port 'd_i_0' (axi_interfaces.c:57:0)
Resolution: For help on HLS 214-142 see www.xilinx.com/cgi-bin/docs/rdoc?v=2021.2;t=hls+guidance;d=214-142.html
WARNING: [HLS 214-142] Implementing stream: may cause mismatch if read and write accesses are not in sequential order on port 'd_i_1' (axi_interfaces.c:57:0)
Resolution: For help on HLS 214-142 see www.xilinx.com/cgi-bin/docs/rdoc?v=2021.2;t=hls+guidance;d=214-142.html
WARNING: [HLS 214-142] Implementing stream: may cause mismatch if read and write accesses are not in sequential order on port 'd_i_2' (axi_interfaces.c:57:0)
Resolution: For help on HLS 214-142 see www.xilinx.com/cgi-bin/docs/rdoc?v=2021.2;t=hls+guidance;d=214-142.html
WARNING: [HLS 214-142] Implementing stream: may cause mismatch if read and write accesses are not in sequential order on port 'd_i_3' (axi_interfaces.c:57:0)
Resolution: For help on HLS 214-142 see www.xilinx.com/cgi-bin/docs/rdoc?v=2021.2;t=hls+guidance;d=214-142.html
WARNING: [HLS 214-142] Implementing stream: may cause mismatch if read and write accesses are not in sequential order on port 'd_i_4' (axi_interfaces.c:57:0)
Resolution: For help on HLS 214-142 see www.xilinx.com/cgi-bin/docs/rdoc?v=2021.2;t=hls+guidance;d=214-142.html
WARNING: [HLS 214-142] Implementing stream: may cause mismatch if read and write accesses are not in sequential order on port 'd_i_5' (axi_interfaces.c:57:0)
Resolution: For help on HLS 214-142 see www.xilinx.com/cgi-bin/docs/rdoc?v=2021.2;t=hls+guidance;d=214-142.html
WARNING: [HLS 214-142] Implementing stream: may cause mismatch if read and write accesses are not in sequential order on port 'd_i_6' (axi_interfaces.c:57:0)
Resolution: For help on HLS 214-142 see www.xilinx.com/cgi-bin/docs/rdoc?v=2021.2;t=hls+guidance;d=214-142.html
WARNING: [HLS 214-142] Implementing stream: may cause mismatch if read and write accesses are not in sequential order on port 'd_i_7' (axi_interfaces.c:57:0)
Resolution: For help on HLS 214-142 see www.xilinx.com/cgi-bin/docs/rdoc?v=2021.2;t=hls+guidance;d=214-142.html
INFO: [HLS 200-111] Finished Compiling Optimization and Transform: CPU user time: 0 seconds. CPU system time: 0 seconds. Elapsed time: 3.457 seconds; current allocated memory: 1.255 GB.
INFO: [HLS 200-111] Finished Checking Pragmas: CPU user time: 0 seconds. CPU system time: 0 seconds. Elapsed time: 0.002 seconds; current allocated memory: 1.255 GB.
INFO: [HLS 200-10] Starting code transformations ...
INFO: [HLS 200-111] Finished Standard Transforms: CPU user time: 0 seconds. CPU system time: 0 seconds. Elapsed time: 0.02 seconds; current allocated memory: 1.255 GB.
INFO: [HLS 200-10] Checking synthesizability ...
INFO: [HLS 200-111] Finished Checking Synthesizability: CPU user time: 0 seconds. CPU system time: 0 seconds. Elapsed time: 0.019 seconds; current allocated memory: 1.255 GB.
INFO: [HLS 200-111] Finished Loop, function and other optimizations: CPU user time: 0 seconds. CPU system time: 0 seconds. Elapsed time: 0.108 seconds; current allocated memory: 1.255 GB.
INFO: [XFORM 203-531] Rewinding loop 'For_Loop' (axi_interfaces.c:58) in function 'axi_interfaces'.
INFO: [HLS 200-111] Finished Architecture Synthesis: CPU user time: 0 seconds. CPU system time: 0 seconds. Elapsed time: 0.037 seconds; current allocated memory: 1.255 GB.
INFO: [HLS 200-10] Starting hardware synthesis ...
INFO: [HLS 200-10] Synthesizing 'axi_interfaces' ...
INFO: [HLS 200-10] ----------------------------------------------------------------
INFO: [HLS 200-42] -- Implementing module 'axi_interfaces' 
INFO: [HLS 200-10] ----------------------------------------------------------------
INFO: [SCHED 204-11] Starting scheduling ...
INFO: [SCHED 204-61] Pipelining loop 'For_Loop'.
INFO: [HLS 200-1470] Pipelining result : Target II = NA, Final II = 1, Depth = 2, loop 'For_Loop'
INFO: [SCHED 204-11] Finished scheduling.
INFO: [HLS 200-111] Finished Scheduling: CPU user time: 1 seconds. CPU system time: 0 seconds. Elapsed time: 0.136 seconds; current allocated memory: 1.255 GB.
INFO: [BIND 205-100] Starting micro-architecture generation ...
INFO: [BIND 205-101] Performing variable lifetime analysis.
INFO: [BIND 205-101] Exploring resource sharing.
INFO: [BIND 205-101] Binding ...
INFO: [BIND 205-100] Finished micro-architecture generation.
INFO: [HLS 200-111] Finished Binding: CPU user time: 0 seconds. CPU system time: 0 seconds. Elapsed time: 0.072 seconds; current allocated memory: 1.255 GB.
INFO: [HLS 200-10] ----------------------------------------------------------------
INFO: [HLS 200-10] -- Generating RTL for module 'axi_interfaces' 
INFO: [HLS 200-10] ----------------------------------------------------------------
WARNING: [RTGEN 206-101] Design contains AXI ports. Reset is fixed to synchronous and active low.
INFO: [RTGEN 206-500] Setting interface mode on port 'axi_interfaces/d_o_0' to 'axis' (register, both mode).
INFO: [RTGEN 206-500] Setting interface mode on port 'axi_interfaces/d_o_1' to 'axis' (register, both mode).
INFO: [RTGEN 206-500] Setting interface mode on port 'axi_interfaces/d_o_2' to 'axis' (register, both mode).
INFO: [RTGEN 206-500] Setting interface mode on port 'axi_interfaces/d_o_3' to 'axis' (register, both mode).
INFO: [RTGEN 206-500] Setting interface mode on port 'axi_interfaces/d_o_4' to 'axis' (register, both mode).
INFO: [RTGEN 206-500] Setting interface mode on port 'axi_interfaces/d_o_5' to 'axis' (register, both mode).
INFO: [RTGEN 206-500] Setting interface mode on port 'axi_interfaces/d_o_6' to 'axis' (register, both mode).
INFO: [RTGEN 206-500] Setting interface mode on port 'axi_interfaces/d_o_7' to 'axis' (register, both mode).
INFO: [RTGEN 206-500] Setting interface mode on port 'axi_interfaces/d_i_0' to 'axis' (register, both mode).
INFO: [RTGEN 206-500] Setting interface mode on port 'axi_interfaces/d_i_1' to 'axis' (register, both mode).
INFO: [RTGEN 206-500] Setting interface mode on port 'axi_interfaces/d_i_2' to 'axis' (register, both mode).
INFO: [RTGEN 206-500] Setting interface mode on port 'axi_interfaces/d_i_3' to 'axis' (register, both mode).
INFO: [RTGEN 206-500] Setting interface mode on port 'axi_interfaces/d_i_4' to 'axis' (register, both mode).
INFO: [RTGEN 206-500] Setting interface mode on port 'axi_interfaces/d_i_5' to 'axis' (register, both mode).
INFO: [RTGEN 206-500] Setting interface mode on port 'axi_interfaces/d_i_6' to 'axis' (register, both mode).
INFO: [RTGEN 206-500] Setting interface mode on port 'axi_interfaces/d_i_7' to 'axis' (register, both mode).
INFO: [RTGEN 206-500] Setting interface mode on function 'axi_interfaces' to 'ap_ctrl_hs'.
WARNING: [RTGEN 206-101] Register 'acc_0' is power-on initialization.
WARNING: [RTGEN 206-101] Register 'acc_1' is power-on initialization.
WARNING: [RTGEN 206-101] Register 'acc_2' is power-on initialization.
WARNING: [RTGEN 206-101] Register 'acc_3' is power-on initialization.
WARNING: [RTGEN 206-101] Register 'acc_4' is power-on initialization.
WARNING: [RTGEN 206-101] Register 'acc_5' is power-on initialization.
WARNING: [RTGEN 206-101] Register 'acc_6' is power-on initialization.
WARNING: [RTGEN 206-101] Register 'acc_7' is power-on initialization.
INFO: [RTGEN 206-100] Finished creating RTL model for 'axi_interfaces'.
INFO: [HLS 200-111] Finished Creating RTL model: CPU user time: 0 seconds. CPU system time: 0 seconds. Elapsed time: 0.241 seconds; current allocated memory: 1.255 GB.
INFO: [HLS 200-111] Finished Generating all RTL models: CPU user time: 0 seconds. CPU system time: 0 seconds. Elapsed time: 0.563 seconds; current allocated memory: 1.255 GB.
INFO: [HLS 200-111] Finished Updating report files: CPU user time: 1 seconds. CPU system time: 0 seconds. Elapsed time: 0.42 seconds; current allocated memory: 1.255 GB.
INFO: [VHDL 208-304] Generating VHDL RTL for axi_interfaces.
INFO: [VLOG 209-307] Generating Verilog RTL for axi_interfaces.
INFO: [HLS 200-790] **** Loop Constraint Status: All loop constraints were satisfied.
INFO: [HLS 200-789] **** Estimated Fmax: 624.22 MHz
INFO: [HLS 200-111] Finished Command csynth_design CPU user time: 2 seconds. CPU system time: 0 seconds. Elapsed time: 6.338 seconds; current allocated memory: 0.000 MB.
INFO: [HLS 200-112] Total CPU user time: 5 seconds. Total CPU system time: 1 seconds. Total elapsed time: 8.408 seconds; peak allocated memory: 1.255 GB.
