Sun May  1 09:35:59 2022: Running xcd server. This server was built by gradle.
Sun May  1 09:35:59 2022: Server was asked to start on port: '41559'
Sun May  1 09:35:59 2022: Server is using token UUID: '96d65b30-a7c1-4784-bdf9-cf5c847df153'
Sun May  1 09:35:59 2022: SESSION_MGR: creating session with session uuid: '6d04a3e9-ade5-4ab9-8d63-1f78fcd2ec76' and name 'default'
Sun May  1 09:35:59 2022: Attempting to start server on port '41559'
Sun May  1 09:35:59 2022: XCD main fifo: created main fifo '/tmp/xcdmain96d65b30-a7c1-4784-bdf9-cf5c847df153', fd read = 13
Sun May  1 09:35:59 2022: Running Dispatch Server
Sun May  1 09:35:59 2022: Version 2.2.0
Sun May  1 09:36:08 2022: Dispatch Server: Accepted socket connection from client
Sun May  1 09:36:08 2022: Starting Socket connection
Sun May  1 09:36:08 2022: EXCHANGE_TOKEN received, server token: 96d65b30-a7c1-4784-bdf9-cf5c847df153, passed token: 96d65b30-a7c1-4784-bdf9-cf5c847df153
Sun May  1 09:36:09 2022: DISPATCH_HANDLER: Adding handler from function makeHandler in library libxv_system_diagram
Sun May  1 09:36:09 2022: SESSION_MGR: creating session with session uuid: 'e52f3b73-d625-47f5-a0de-01471cc4d793' and name 'v++_compile_color_detect'
Sun May  1 09:36:09 2022: KERNEL_SVC: creating session with uuid: 'e52f3b73-d625-47f5-a0de-01471cc4d793' and name 'v++_compile_color_detect'
Sun May  1 09:36:09 2022: GUIDANCE_SMGR: creating guidance session with uuid: 'e52f3b73-d625-47f5-a0de-01471cc4d793' and name 'v++_compile_color_detect'
Sun May  1 09:36:09 2022: SYSTEM_DIAGRAM: creating session with uuid: 'e52f3b73-d625-47f5-a0de-01471cc4d793' and name 'v++_compile_color_detect'
Sun May  1 09:36:32 2022: SESSION_MGR: closing session for UUID 'e52f3b73-d625-47f5-a0de-01471cc4d793' with name 'v++_compile_color_detect'
Sun May  1 09:36:32 2022: KERNEL_SVC: closing session for UUID 'e52f3b73-d625-47f5-a0de-01471cc4d793' with name 'v++_compile_color_detect'
Sun May  1 09:36:32 2022: GUIDANCE_SMGR: closing session for UUID 'e52f3b73-d625-47f5-a0de-01471cc4d793' with name 'v++_compile_color_detect'
Sun May  1 09:36:32 2022: SYSTEM_DIAGRAM: closing session for UUID 'e52f3b73-d625-47f5-a0de-01471cc4d793' with name 'v++_compile_color_detect'
Sun May  1 09:36:35 2022: Running xcd server. This server was built by gradle.
Sun May  1 09:36:35 2022: Server was asked to start on port: '36943'
Sun May  1 09:36:35 2022: Server is using token UUID: 'e53e19f1-e855-48b6-898e-e2e78f16e593'
Sun May  1 09:36:35 2022: SESSION_MGR: creating session with session uuid: '6d04a3e9-ade5-4ab9-8d63-1f78fcd2ec76' and name 'default'
Sun May  1 09:36:35 2022: Attempting to start server on port '36943'
Sun May  1 09:36:35 2022: XCD main fifo: created main fifo '/tmp/xcdmaine53e19f1-e855-48b6-898e-e2e78f16e593', fd read = 13
Sun May  1 09:36:35 2022: Running Dispatch Server
Sun May  1 09:36:35 2022: Version 2.2.0
Sun May  1 09:36:44 2022: Dispatch Server: Accepted socket connection from client
Sun May  1 09:36:44 2022: Starting Socket connection
Sun May  1 09:36:44 2022: EXCHANGE_TOKEN received, server token: e53e19f1-e855-48b6-898e-e2e78f16e593, passed token: e53e19f1-e855-48b6-898e-e2e78f16e593
Sun May  1 09:36:46 2022: DISPATCH_HANDLER: Adding handler from function makeHandler in library libxv_system_diagram
Sun May  1 09:36:46 2022: SESSION_MGR: creating session with session uuid: '677176e6-2128-4da7-82d4-6d6300ae3ece' and name 'v++_link_krnl_colordetect'
Sun May  1 09:36:46 2022: KERNEL_SVC: creating session with uuid: '677176e6-2128-4da7-82d4-6d6300ae3ece' and name 'v++_link_krnl_colordetect'
Sun May  1 09:36:46 2022: GUIDANCE_SMGR: creating guidance session with uuid: '677176e6-2128-4da7-82d4-6d6300ae3ece' and name 'v++_link_krnl_colordetect'
Sun May  1 09:36:46 2022: SYSTEM_DIAGRAM: creating session with uuid: '677176e6-2128-4da7-82d4-6d6300ae3ece' and name 'v++_link_krnl_colordetect'
Sun May  1 09:36:57 2022: SESSION_MGR: closing session for UUID '677176e6-2128-4da7-82d4-6d6300ae3ece' with name 'v++_link_krnl_colordetect'
Sun May  1 09:36:57 2022: KERNEL_SVC: closing session for UUID '677176e6-2128-4da7-82d4-6d6300ae3ece' with name 'v++_link_krnl_colordetect'
Sun May  1 09:36:57 2022: GUIDANCE_SMGR: closing session for UUID '677176e6-2128-4da7-82d4-6d6300ae3ece' with name 'v++_link_krnl_colordetect'
Sun May  1 09:36:57 2022: SYSTEM_DIAGRAM: closing session for UUID '677176e6-2128-4da7-82d4-6d6300ae3ece' with name 'v++_link_krnl_colordetect'
Sun May  1 10:07:20 2022: Running xcd server. This server was built by gradle.
Sun May  1 10:07:20 2022: Server was asked to start on port: '40893'
Sun May  1 10:07:20 2022: Server is using token UUID: '64e86d61-5dd6-46c5-971b-880c922edd1c'
Sun May  1 10:07:20 2022: SESSION_MGR: creating session with session uuid: '6d04a3e9-ade5-4ab9-8d63-1f78fcd2ec76' and name 'default'
Sun May  1 10:07:20 2022: Attempting to start server on port '40893'
Sun May  1 10:07:20 2022: XCD main fifo: created main fifo '/tmp/xcdmain64e86d61-5dd6-46c5-971b-880c922edd1c', fd read = 13
Sun May  1 10:07:20 2022: Running Dispatch Server
Sun May  1 10:07:20 2022: Version 2.2.0
Sun May  1 10:07:29 2022: Dispatch Server: Accepted socket connection from client
Sun May  1 10:07:29 2022: Starting Socket connection
Sun May  1 10:07:29 2022: EXCHANGE_TOKEN received, server token: 64e86d61-5dd6-46c5-971b-880c922edd1c, passed token: 64e86d61-5dd6-46c5-971b-880c922edd1c
Sun May  1 10:07:31 2022: DISPATCH_HANDLER: Adding handler from function makeHandler in library libxv_system_diagram
Sun May  1 10:07:31 2022: SESSION_MGR: creating session with session uuid: 'e8e24720-a0d1-42d3-8bb6-384f320eff8e' and name 'v++_compile_color_detect'
Sun May  1 10:07:31 2022: KERNEL_SVC: creating session with uuid: 'e8e24720-a0d1-42d3-8bb6-384f320eff8e' and name 'v++_compile_color_detect'
Sun May  1 10:07:31 2022: GUIDANCE_SMGR: creating guidance session with uuid: 'e8e24720-a0d1-42d3-8bb6-384f320eff8e' and name 'v++_compile_color_detect'
Sun May  1 10:07:31 2022: SYSTEM_DIAGRAM: creating session with uuid: 'e8e24720-a0d1-42d3-8bb6-384f320eff8e' and name 'v++_compile_color_detect'
Sun May  1 10:09:50 2022: SESSION_MGR: closing session for UUID 'e8e24720-a0d1-42d3-8bb6-384f320eff8e' with name 'v++_compile_color_detect'
Sun May  1 10:09:50 2022: KERNEL_SVC: closing session for UUID 'e8e24720-a0d1-42d3-8bb6-384f320eff8e' with name 'v++_compile_color_detect'
Sun May  1 10:09:50 2022: GUIDANCE_SMGR: closing session for UUID 'e8e24720-a0d1-42d3-8bb6-384f320eff8e' with name 'v++_compile_color_detect'
Sun May  1 10:09:50 2022: SYSTEM_DIAGRAM: closing session for UUID 'e8e24720-a0d1-42d3-8bb6-384f320eff8e' with name 'v++_compile_color_detect'
Sun May  1 10:09:53 2022: Running xcd server. This server was built by gradle.
Sun May  1 10:09:53 2022: Server was asked to start on port: '45896'
Sun May  1 10:09:53 2022: Server is using token UUID: '475fd400-b195-4ffb-baf9-7e75880506bf'
Sun May  1 10:09:53 2022: SESSION_MGR: creating session with session uuid: '6d04a3e9-ade5-4ab9-8d63-1f78fcd2ec76' and name 'default'
Sun May  1 10:09:53 2022: Attempting to start server on port '45896'
Sun May  1 10:09:53 2022: XCD main fifo: created main fifo '/tmp/xcdmain475fd400-b195-4ffb-baf9-7e75880506bf', fd read = 13
Sun May  1 10:09:53 2022: Running Dispatch Server
Sun May  1 10:09:53 2022: Version 2.2.0
Sun May  1 10:10:02 2022: Dispatch Server: Accepted socket connection from client
Sun May  1 10:10:02 2022: Starting Socket connection
Sun May  1 10:10:02 2022: EXCHANGE_TOKEN received, server token: 475fd400-b195-4ffb-baf9-7e75880506bf, passed token: 475fd400-b195-4ffb-baf9-7e75880506bf
Sun May  1 10:10:04 2022: DISPATCH_HANDLER: Adding handler from function makeHandler in library libxv_system_diagram
Sun May  1 10:10:04 2022: SESSION_MGR: creating session with session uuid: '54c73300-9840-4b6d-9f53-92096e50c5c0' and name 'v++_link_krnl_colordetect'
Sun May  1 10:10:04 2022: KERNEL_SVC: creating session with uuid: '54c73300-9840-4b6d-9f53-92096e50c5c0' and name 'v++_link_krnl_colordetect'
Sun May  1 10:10:04 2022: GUIDANCE_SMGR: creating guidance session with uuid: '54c73300-9840-4b6d-9f53-92096e50c5c0' and name 'v++_link_krnl_colordetect'
Sun May  1 10:10:04 2022: SYSTEM_DIAGRAM: creating session with uuid: '54c73300-9840-4b6d-9f53-92096e50c5c0' and name 'v++_link_krnl_colordetect'
Sun May  1 10:10:33 2022: Dispatch Server: Accepted socket connection from client
Sun May  1 10:10:33 2022: Starting Socket connection
Sun May  1 10:11:07 2022: Dispatch Server: Accepted socket connection from client
Sun May  1 10:11:07 2022: Starting Socket connection
Sun May  1 10:16:57 2022: SESSION_MGR: closing session for UUID '54c73300-9840-4b6d-9f53-92096e50c5c0' with name 'v++_link_krnl_colordetect'
Sun May  1 10:16:57 2022: KERNEL_SVC: closing session for UUID '54c73300-9840-4b6d-9f53-92096e50c5c0' with name 'v++_link_krnl_colordetect'
Sun May  1 10:16:57 2022: GUIDANCE_SMGR: closing session for UUID '54c73300-9840-4b6d-9f53-92096e50c5c0' with name 'v++_link_krnl_colordetect'
Sun May  1 10:16:57 2022: SYSTEM_DIAGRAM: closing session for UUID '54c73300-9840-4b6d-9f53-92096e50c5c0' with name 'v++_link_krnl_colordetect'
